Converting SMILES to graph: 1/500
5iblF_antigen.pdb  5t80HL_antibody.pdb
Converting SMILES to graph: 2/500
5iesC_antigen.pdb  5y2lIJ_antibody.pdb
Converting SMILES to graph: 3/500
5iesC_antigen.pdb  7ytnHL_antibody.pdb
Converting SMILES to graph: 4/500
5iesC_antigen.pdb  5x8mBC_antibody.pdb
Converting SMILES to graph: 5/500
5iesC_antigen.pdb  8fe4HL_antibody.pdb
Converting SMILES to graph: 6/500
5iesC_antigen.pdb  2f58HL_antibody.pdb
Converting SMILES to graph: 7/500
5iesC_antigen.pdb  7xczDE_antibody.pdb
Converting SMILES to graph: 8/500
5if0I_antigen.pdb  2qqkHL_antibody.pdb
Converting SMILES to graph: 9/500
5if0I_antigen.pdb  7uzaHL_antibody.pdb
Converting SMILES to graph: 10/500
5if0I_antigen.pdb  8blqEC_antibody.pdb
Converting SMILES to graph: 11/500
5if0I_antigen.pdb  1c08BA_antibody.pdb
Converting SMILES to graph: 12/500
5if0I_antigen.pdb  7cz0G_antibody.pdb
Converting SMILES to graph: 13/500
5if0I_antigen.pdb  4dkfHL_antibody.pdb
Converting SMILES to graph: 14/500
5ifjL_antigen.pdb  5epmAB_antibody.pdb
Converting SMILES to graph: 15/500
5ifjL_antigen.pdb  6zdgBC_antibody.pdb
Converting SMILES to graph: 16/500
5ifjL_antigen.pdb  7jumIi_antibody.pdb
Converting SMILES to graph: 17/500
5ifjL_antigen.pdb  7orbEF_antibody.pdb
Converting SMILES to graph: 18/500
5ifjL_antigen.pdb  7e39CB_antibody.pdb
Converting SMILES to graph: 19/500
5ifjL_antigen.pdb  5ku27_antibody.pdb
Converting SMILES to graph: 20/500
5ig7I_antigen.pdb  8hdpN_antibody.pdb
Converting SMILES to graph: 21/500
5ig7I_antigen.pdb  7wphED_antibody.pdb
Converting SMILES to graph: 22/500
5ig7I_antigen.pdb  4nztHL_antibody.pdb
Converting SMILES to graph: 23/500
5ig7I_antigen.pdb  7x63HL_antibody.pdb
Converting SMILES to graph: 24/500
5ig7I_antigen.pdb  7o2zHL_antibody.pdb
Converting SMILES to graph: 25/500
5ig7I_antigen.pdb  7ey5BC_antibody.pdb
Converting SMILES to graph: 26/500
5igxG_antigen.pdb  8d8qHL_antibody.pdb
Converting SMILES to graph: 27/500
5igxG_antigen.pdb  7cwoHL_antibody.pdb
Converting SMILES to graph: 28/500
5igxG_antigen.pdb  3mlxIM_antibody.pdb
Converting SMILES to graph: 29/500
5igxG_antigen.pdb  7ufwHh_antibody.pdb
Converting SMILES to graph: 30/500
5igxG_antigen.pdb  7e7yCD_antibody.pdb
Converting SMILES to graph: 31/500
5igxG_antigen.pdb  3mugFE_antibody.pdb
Converting SMILES to graph: 32/500
5ihlD_antigen.pdb  7trpHh_antibody.pdb
Converting SMILES to graph: 33/500
5ihlD_antigen.pdb  7m3iHL_antibody.pdb
Converting SMILES to graph: 34/500
5ihlD_antigen.pdb  8t05CD_antibody.pdb
Converting SMILES to graph: 35/500
5ihlD_antigen.pdb  7enfPO_antibody.pdb
Converting SMILES to graph: 36/500
5ihlD_antigen.pdb  7xy8HL_antibody.pdb
Converting SMILES to graph: 37/500
5ihlD_antigen.pdb  7ws0GF_antibody.pdb
Converting SMILES to graph: 38/500
5ijkY_antigen.pdb  5w3oDE_antibody.pdb
Converting SMILES to graph: 39/500
5ijkY_antigen.pdb  7r8oMN_antibody.pdb
Converting SMILES to graph: 40/500
5ijkY_antigen.pdb  5hi5CD_antibody.pdb
Converting SMILES to graph: 41/500
5ijkY_antigen.pdb  8tp7DF_antibody.pdb
Converting SMILES to graph: 42/500
5ijkY_antigen.pdb  2f58HL_antibody.pdb
Converting SMILES to graph: 43/500
5ijkY_antigen.pdb  5f7kD_antibody.pdb
Converting SMILES to graph: 44/500
5ikcM_antigen.pdb  7cj2CD_antibody.pdb
Converting SMILES to graph: 45/500
5ikcM_antigen.pdb  8ilxC_antibody.pdb
Converting SMILES to graph: 46/500
5ikcM_antigen.pdb  6ldvHL_antibody.pdb
Converting SMILES to graph: 47/500
5ikcM_antigen.pdb  7tcoCD_antibody.pdb
Converting SMILES to graph: 48/500
5ikcM_antigen.pdb  7usvD_antibody.pdb
Converting SMILES to graph: 49/500
5ikcM_antigen.pdb  8hhxFG_antibody.pdb
Converting SMILES to graph: 50/500
5imkA_antigen.pdb  7fg3D_antibody.pdb
Converting SMILES to graph: 51/500
5imkA_antigen.pdb  7vvoN_antibody.pdb
Converting SMILES to graph: 52/500
5imkA_antigen.pdb  6b0aHL_antibody.pdb
Converting SMILES to graph: 53/500
5imkA_antigen.pdb  6d11CD_antibody.pdb
Converting SMILES to graph: 54/500
5imkA_antigen.pdb  5mi0BC_antibody.pdb
Converting SMILES to graph: 55/500
5imkA_antigen.pdb  7e6uB_antibody.pdb
Converting SMILES to graph: 56/500
5imlA_antigen.pdb  8g85HL_antibody.pdb
Converting SMILES to graph: 57/500
5imlA_antigen.pdb  6ralC_antibody.pdb
Converting SMILES to graph: 58/500
5imlA_antigen.pdb  4etqHL_antibody.pdb
Converting SMILES to graph: 59/500
5imlA_antigen.pdb  5th9JN_antibody.pdb
Converting SMILES to graph: 60/500
5imlA_antigen.pdb  6oelHL_antibody.pdb
Converting SMILES to graph: 61/500
5immA_antigen.pdb  8hscSs_antibody.pdb
Converting SMILES to graph: 62/500
5immA_antigen.pdb  8sauCD_antibody.pdb
Converting SMILES to graph: 63/500
5immA_antigen.pdb  4om0HL_antibody.pdb
Converting SMILES to graph: 64/500
5immA_antigen.pdb  7we7HL_antibody.pdb
Converting SMILES to graph: 65/500
5immA_antigen.pdb  4ywgIM_antibody.pdb
Converting SMILES to graph: 66/500
5immA_antigen.pdb  8p8aDC_antibody.pdb
Converting SMILES to graph: 67/500
5imoA_antigen.pdb  7v9lN_antibody.pdb
Converting SMILES to graph: 68/500
5imoA_antigen.pdb  7mn8DC_antibody.pdb
Converting SMILES to graph: 69/500
5imoA_antigen.pdb  5ikcBA_antibody.pdb
Converting SMILES to graph: 70/500
5imoA_antigen.pdb  8il3BA_antibody.pdb
Converting SMILES to graph: 71/500
5imoA_antigen.pdb  7xjlEe_antibody.pdb
Converting SMILES to graph: 72/500
5imoA_antigen.pdb  7k9hHL_antibody.pdb
Converting SMILES to graph: 73/500
5ip4E_antigen.pdb  6uteCD_antibody.pdb
Converting SMILES to graph: 74/500
5ip4E_antigen.pdb  6mlkHL_antibody.pdb
Converting SMILES to graph: 75/500
5ip4E_antigen.pdb  7sj0BL_antibody.pdb
Converting SMILES to graph: 76/500
5ip4E_antigen.pdb  6gkdG_antibody.pdb
Converting SMILES to graph: 77/500
5ip4E_antigen.pdb  2exwCD_antibody.pdb
Converting SMILES to graph: 78/500
5ip4E_antigen.pdb  7uraHL_antibody.pdb
Converting SMILES to graph: 79/500
5iq7P_antigen.pdb  8gpiAC_antibody.pdb
Converting SMILES to graph: 80/500
5iq7P_antigen.pdb  3g9aB_antibody.pdb
Converting SMILES to graph: 81/500
5iq7P_antigen.pdb  8dzqEe_antibody.pdb
Converting SMILES to graph: 82/500
5iq7P_antigen.pdb  8g4mDE_antibody.pdb
Converting SMILES to graph: 83/500
5iq7P_antigen.pdb  6pb1N_antibody.pdb
Converting SMILES to graph: 84/500
5iq7P_antigen.pdb  5wkoKL_antibody.pdb
Converting SMILES to graph: 85/500
5iq9P_antigen.pdb  3w13CD_antibody.pdb
Converting SMILES to graph: 86/500
5iq9P_antigen.pdb  2vxtHL_antibody.pdb
Converting SMILES to graph: 87/500
5iq9P_antigen.pdb  7vafHL_antibody.pdb
Converting SMILES to graph: 88/500
5iq9P_antigen.pdb  8saxCD_antibody.pdb
Converting SMILES to graph: 89/500
5iq9P_antigen.pdb  7uz5HL_antibody.pdb
Converting SMILES to graph: 90/500
5iq9P_antigen.pdb  4nm8HL_antibody.pdb
Converting SMILES to graph: 91/500
5ivnB_antigen.pdb  6wfxHL_antibody.pdb
Converting SMILES to graph: 92/500
5ivnB_antigen.pdb  4z7qHL_antibody.pdb
Converting SMILES to graph: 93/500
5ivnB_antigen.pdb  7ytnHL_antibody.pdb
Converting SMILES to graph: 94/500
5ivnB_antigen.pdb  6u0lIJ_antibody.pdb
Converting SMILES to graph: 95/500
5ivnB_antigen.pdb  3be1HL_antibody.pdb
Converting SMILES to graph: 96/500
5ivnB_antigen.pdb  7lucFG_antibody.pdb
Converting SMILES to graph: 97/500
5iwlD_antigen.pdb  5c0nCD_antibody.pdb
Converting SMILES to graph: 98/500
5iwlD_antigen.pdb  2fecIL_antibody.pdb
Converting SMILES to graph: 99/500
5iwlD_antigen.pdb  3vi4HL_antibody.pdb
Converting SMILES to graph: 100/500
5iwlD_antigen.pdb  5vn3MO_antibody.pdb
Converting SMILES to graph: 101/500
5iwlD_antigen.pdb  3lexHL_antibody.pdb
Converting SMILES to graph: 102/500
5j13A_antigen.pdb  1s78FE_antibody.pdb
Converting SMILES to graph: 103/500
5j13A_antigen.pdb  6zbvB_antibody.pdb
Converting SMILES to graph: 104/500
5j13A_antigen.pdb  8dadHL_antibody.pdb
Converting SMILES to graph: 105/500
5j13A_antigen.pdb  6j5gHL_antibody.pdb
Converting SMILES to graph: 106/500
5j13A_antigen.pdb  6m38HL_antibody.pdb
Converting SMILES to graph: 107/500
5j13A_antigen.pdb  7y27Dd_antibody.pdb
Converting SMILES to graph: 108/500
5j1sAB_antigen.pdb  7lkbBC_antibody.pdb
Converting SMILES to graph: 109/500
5j1sAB_antigen.pdb  1kcsHL_antibody.pdb
Converting SMILES to graph: 110/500
5j1sAB_antigen.pdb  7ly9BC_antibody.pdb
Converting SMILES to graph: 111/500
5j1sAB_antigen.pdb  6vo3IK_antibody.pdb
Converting SMILES to graph: 112/500
5j1sAB_antigen.pdb  8dtxHL_antibody.pdb
Converting SMILES to graph: 113/500
5j1tAB_antigen.pdb  7dk2DE_antibody.pdb
Converting SMILES to graph: 114/500
5j1tAB_antigen.pdb  6o9hAB_antibody.pdb
Converting SMILES to graph: 115/500
5j1tAB_antigen.pdb  7ctuDE_antibody.pdb
Converting SMILES to graph: 116/500
5j1tAB_antigen.pdb  7q1uB_antibody.pdb
Converting SMILES to graph: 117/500
5j1tAB_antigen.pdb  5gjtHL_antibody.pdb
Converting SMILES to graph: 118/500
5j1tAB_antigen.pdb  6dzmJL_antibody.pdb
Converting SMILES to graph: 119/500
5j3dKJ_antigen.pdb  6xobST_antibody.pdb
Converting SMILES to graph: 120/500
5j3dKJ_antigen.pdb  5fgcEB_antibody.pdb
Converting SMILES to graph: 121/500
5j3dKJ_antigen.pdb  5zxvCD_antibody.pdb
Converting SMILES to graph: 122/500
5j3dKJ_antigen.pdb  7li8BC_antibody.pdb
Converting SMILES to graph: 123/500
5j3dKJ_antigen.pdb  7ls9HL_antibody.pdb
Converting SMILES to graph: 124/500
5j3dKJ_antigen.pdb  2bocAB_antibody.pdb
Converting SMILES to graph: 125/500
5j3hE_antigen.pdb  7e8fCB_antibody.pdb
Converting SMILES to graph: 126/500
5j3hE_antigen.pdb  6xq2FE_antibody.pdb
Converting SMILES to graph: 127/500
5j3hE_antigen.pdb  7ymsFE_antibody.pdb
Converting SMILES to graph: 128/500
5j3hE_antigen.pdb  6iekBC_antibody.pdb
Converting SMILES to graph: 129/500
5j3hE_antigen.pdb  2r4sHL_antibody.pdb
Converting SMILES to graph: 130/500
5j3hE_antigen.pdb  5xbmED_antibody.pdb
Converting SMILES to graph: 131/500
5j56A_antigen.pdb  8g94Ee_antibody.pdb
Converting SMILES to graph: 132/500
5j56A_antigen.pdb  7kn3MN_antibody.pdb
Converting SMILES to graph: 133/500
5j56A_antigen.pdb  7r8oMN_antibody.pdb
Converting SMILES to graph: 134/500
5j56A_antigen.pdb  1tetHL_antibody.pdb
Converting SMILES to graph: 135/500
5j56A_antigen.pdb  4z7nEF_antibody.pdb
Converting SMILES to graph: 136/500
5j56A_antigen.pdb  2a6iBA_antibody.pdb
Converting SMILES to graph: 137/500
5j57A_antigen.pdb  4xvjHL_antibody.pdb
Converting SMILES to graph: 138/500
5j57A_antigen.pdb  5u7oHL_antibody.pdb
Converting SMILES to graph: 139/500
5j57A_antigen.pdb  7rtbN_antibody.pdb
Converting SMILES to graph: 140/500
5j57A_antigen.pdb  6bzyHL_antibody.pdb
Converting SMILES to graph: 141/500
5j57A_antigen.pdb  7vv5Ss_antibody.pdb
Converting SMILES to graph: 142/500
5j75b_antigen.pdb  5vk2DE_antibody.pdb
Converting SMILES to graph: 143/500
5j75b_antigen.pdb  7bxaHL_antibody.pdb
Converting SMILES to graph: 144/500
5j75b_antigen.pdb  7zf4F_antibody.pdb
Converting SMILES to graph: 145/500
5j75b_antigen.pdb  7fgjHL_antibody.pdb
Converting SMILES to graph: 146/500
5j75b_antigen.pdb  3v4pHL_antibody.pdb
Converting SMILES to graph: 147/500
5j75b_antigen.pdb  8hmpN_antibody.pdb
Converting SMILES to graph: 148/500
5j9pC_antigen.pdb  7laaHL_antibody.pdb
Converting SMILES to graph: 149/500
5j9pC_antigen.pdb  7nvoN_antibody.pdb
Converting SMILES to graph: 150/500
5j9pC_antigen.pdb  7przHL_antibody.pdb
Converting SMILES to graph: 151/500
5j9pC_antigen.pdb  7xa3Ee_antibody.pdb
Converting SMILES to graph: 152/500
5j9pC_antigen.pdb  4m8qAB_antibody.pdb
Converting SMILES to graph: 153/500
5j9pC_antigen.pdb  8dm0H_antibody.pdb
Converting SMILES to graph: 154/500
5ja8C_antigen.pdb  8dy1Cc_antibody.pdb
Converting SMILES to graph: 155/500
5ja8C_antigen.pdb  2nyyDC_antibody.pdb
Converting SMILES to graph: 156/500
5ja8C_antigen.pdb  1ggiHL_antibody.pdb
Converting SMILES to graph: 157/500
5ja8C_antigen.pdb  8t7hC_antibody.pdb
Converting SMILES to graph: 158/500
5ja8C_antigen.pdb  4dkeIM_antibody.pdb
Converting SMILES to graph: 159/500
5ja9D_antigen.pdb  7msqDE_antibody.pdb
Converting SMILES to graph: 160/500
5ja9D_antigen.pdb  5vxmB_antibody.pdb
Converting SMILES to graph: 161/500
5ja9D_antigen.pdb  6jjpDE_antibody.pdb
Converting SMILES to graph: 162/500
5ja9D_antigen.pdb  6e3hHL_antibody.pdb
Converting SMILES to graph: 163/500
5ja9D_antigen.pdb  7sobGI_antibody.pdb
Converting SMILES to graph: 164/500
5jdsA_antigen.pdb  7tlyAB_antibody.pdb
Converting SMILES to graph: 165/500
5jdsA_antigen.pdb  6vlwHL_antibody.pdb
Converting SMILES to graph: 166/500
5jdsA_antigen.pdb  7x2iHL_antibody.pdb
Converting SMILES to graph: 167/500
5jdsA_antigen.pdb  7xldB_antibody.pdb
Converting SMILES to graph: 168/500
5jdsA_antigen.pdb  3zlqC_antibody.pdb
Converting SMILES to graph: 169/500
5jdsA_antigen.pdb  7mmnDE_antibody.pdb
Converting SMILES to graph: 170/500
5jhlA_antigen.pdb  5vnwC_antibody.pdb
Converting SMILES to graph: 171/500
5jhlA_antigen.pdb  6x05K_antibody.pdb
Converting SMILES to graph: 172/500
5jhlA_antigen.pdb  6niyN_antibody.pdb
Converting SMILES to graph: 173/500
5jhlA_antigen.pdb  7cvsCD_antibody.pdb
Converting SMILES to graph: 174/500
5jhlA_antigen.pdb  4c2iHL_antibody.pdb
Converting SMILES to graph: 175/500
5jhlA_antigen.pdb  7kezHL_antibody.pdb
Converting SMILES to graph: 176/500
5jmoA_antigen.pdb  2ny0DC_antibody.pdb
Converting SMILES to graph: 177/500
5jmoA_antigen.pdb  7f12Bb_antibody.pdb
Converting SMILES to graph: 178/500
5jmoA_antigen.pdb  6uqrCc_antibody.pdb
Converting SMILES to graph: 179/500
5jmoA_antigen.pdb  7vbiN_antibody.pdb
Converting SMILES to graph: 180/500
5jmoA_antigen.pdb  8hesHL_antibody.pdb
Converting SMILES to graph: 181/500
5jq6A_antigen.pdb  7vagHL_antibody.pdb
Converting SMILES to graph: 182/500
5jq6A_antigen.pdb  2eh8HL_antibody.pdb
Converting SMILES to graph: 183/500
5jq6A_antigen.pdb  6n48B_antibody.pdb
Converting SMILES to graph: 184/500
5jq6A_antigen.pdb  8jipN_antibody.pdb
Converting SMILES to graph: 185/500
5jq6A_antigen.pdb  6xpyBC_antibody.pdb
Converting SMILES to graph: 186/500
5jq6A_antigen.pdb  7rknDd_antibody.pdb
Converting SMILES to graph: 187/500
5jqhB_antigen.pdb  5imkB_antibody.pdb
Converting SMILES to graph: 188/500
5jqhB_antigen.pdb  7q4qBA_antibody.pdb
Converting SMILES to graph: 189/500
5jqhB_antigen.pdb  6cf2AB_antibody.pdb
Converting SMILES to graph: 190/500
5jqhB_antigen.pdb  8dvdHL_antibody.pdb
Converting SMILES to graph: 191/500
5jqhB_antigen.pdb  7czxIM_antibody.pdb
Converting SMILES to graph: 192/500
5js9C_antigen.pdb  8g30EF_antibody.pdb
Converting SMILES to graph: 193/500
5js9C_antigen.pdb  5zudED_antibody.pdb
Converting SMILES to graph: 194/500
5js9C_antigen.pdb  5ijkBD_antibody.pdb
Converting SMILES to graph: 195/500
5js9C_antigen.pdb  6ldvHL_antibody.pdb
Converting SMILES to graph: 196/500
5js9C_antigen.pdb  8gp3HL_antibody.pdb
Converting SMILES to graph: 197/500
5js9C_antigen.pdb  8oxxBC_antibody.pdb
Converting SMILES to graph: 198/500
5jsaCD_antigen.pdb  6wwcDH_antibody.pdb
Converting SMILES to graph: 199/500
5jsaCD_antigen.pdb  6ztrHL_antibody.pdb
Converting SMILES to graph: 200/500
5jsaCD_antigen.pdb  5wnaHL_antibody.pdb
Converting SMILES to graph: 201/500
5jsaCD_antigen.pdb  2y36HL_antibody.pdb
Converting SMILES to graph: 202/500
5jsaCD_antigen.pdb  6b0nDE_antibody.pdb
Converting SMILES to graph: 203/500
5jsaCD_antigen.pdb  6pdsBA_antibody.pdb
Converting SMILES to graph: 204/500
5jw3BA_antigen.pdb  6lxjMN_antibody.pdb
Converting SMILES to graph: 205/500
5jw3BA_antigen.pdb  7kn4MN_antibody.pdb
Converting SMILES to graph: 206/500
5jw3BA_antigen.pdb  7sixHL_antibody.pdb
Converting SMILES to graph: 207/500
5jw3BA_antigen.pdb  6h16B_antibody.pdb
Converting SMILES to graph: 208/500
5jw3BA_antigen.pdb  8b1aB_antibody.pdb
Converting SMILES to graph: 209/500
5jw3BA_antigen.pdb  8ucdHL_antibody.pdb
Converting SMILES to graph: 210/500
5jw4LK_antigen.pdb  5vanB_antibody.pdb
Converting SMILES to graph: 211/500
5jw4LK_antigen.pdb  1qfuHL_antibody.pdb
Converting SMILES to graph: 212/500
5jw4LK_antigen.pdb  7raiIM_antibody.pdb
Converting SMILES to graph: 213/500
5jw4LK_antigen.pdb  8cwuB_antibody.pdb
Converting SMILES to graph: 214/500
5jw4LK_antigen.pdb  7tyfN_antibody.pdb
Converting SMILES to graph: 215/500
5jw4LK_antigen.pdb  7jvrEe_antibody.pdb
Converting SMILES to graph: 216/500
5jxeB_antigen.pdb  7tesHL_antibody.pdb
Converting SMILES to graph: 217/500
5jxeB_antigen.pdb  7zyiHL_antibody.pdb
Converting SMILES to graph: 218/500
5jxeB_antigen.pdb  5lwyHL_antibody.pdb
Converting SMILES to graph: 219/500
5jxeB_antigen.pdb  8becAa_antibody.pdb
Converting SMILES to graph: 220/500
5jxeB_antigen.pdb  7t87HL_antibody.pdb
Converting SMILES to graph: 221/500
5jxeB_antigen.pdb  3kr3HL_antibody.pdb
Converting SMILES to graph: 222/500
5jylC_antigen.pdb  5i8cAB_antibody.pdb
Converting SMILES to graph: 223/500
5jylC_antigen.pdb  6e56GI_antibody.pdb
Converting SMILES to graph: 224/500
5jylC_antigen.pdb  7k5xNn_antibody.pdb
Converting SMILES to graph: 225/500
5jylC_antigen.pdb  7x96HL_antibody.pdb
Converting SMILES to graph: 226/500
5jylC_antigen.pdb  7ew4Ss_antibody.pdb
Converting SMILES to graph: 227/500
5jylC_antigen.pdb  6azzFE_antibody.pdb
Converting SMILES to graph: 228/500
5jymC_antigen.pdb  3o6lHL_antibody.pdb
Converting SMILES to graph: 229/500
5jymC_antigen.pdb  7rtbN_antibody.pdb
Converting SMILES to graph: 230/500
5jymC_antigen.pdb  5vtaIG_antibody.pdb
Converting SMILES to graph: 231/500
5jymC_antigen.pdb  6xc4HL_antibody.pdb
Converting SMILES to graph: 232/500
5jymC_antigen.pdb  7um3IM_antibody.pdb
Converting SMILES to graph: 233/500
5jymC_antigen.pdb  7yj4Ss_antibody.pdb
Converting SMILES to graph: 234/500
5jz7B_antigen.pdb  6vlrDK_antibody.pdb
Converting SMILES to graph: 235/500
5jz7B_antigen.pdb  4jg0HL_antibody.pdb
Converting SMILES to graph: 236/500
5jz7B_antigen.pdb  6ru5C_antibody.pdb
Converting SMILES to graph: 237/500
5jz7B_antigen.pdb  1ri8A_antibody.pdb
Converting SMILES to graph: 238/500
5jz7B_antigen.pdb  6w2cBC_antibody.pdb
Converting SMILES to graph: 239/500
5jz7B_antigen.pdb  6b3sCD_antibody.pdb
Converting SMILES to graph: 240/500
5k59B_antigen.pdb  8gscHL_antibody.pdb
Converting SMILES to graph: 241/500
5k59B_antigen.pdb  3sgeJI_antibody.pdb
Converting SMILES to graph: 242/500
5k59B_antigen.pdb  4lsqHL_antibody.pdb
Converting SMILES to graph: 243/500
5k59B_antigen.pdb  7ejyHL_antibody.pdb
Converting SMILES to graph: 244/500
5k59B_antigen.pdb  3mlsJN_antibody.pdb
Converting SMILES to graph: 245/500
5k59B_antigen.pdb  8gocDE_antibody.pdb
Converting SMILES to graph: 246/500
5k9kF_antigen.pdb  8g59Ss_antibody.pdb
Converting SMILES to graph: 247/500
5k9kF_antigen.pdb  6oq6D_antibody.pdb
Converting SMILES to graph: 248/500
5k9kF_antigen.pdb  6oq5F_antibody.pdb
Converting SMILES to graph: 249/500
5k9kF_antigen.pdb  8hnlSs_antibody.pdb
Converting SMILES to graph: 250/500
5k9kF_antigen.pdb  7n0iK_antibody.pdb
Converting SMILES to graph: 251/500
5k9kF_antigen.pdb  6o3gEF_antibody.pdb
Converting SMILES to graph: 252/500
5k9oI_antigen.pdb  7bw0N_antibody.pdb
Converting SMILES to graph: 253/500
5k9oI_antigen.pdb  6dc8HL_antibody.pdb
Converting SMILES to graph: 254/500
5k9oI_antigen.pdb  4hs6BA_antibody.pdb
Converting SMILES to graph: 255/500
5k9oI_antigen.pdb  7y0wAB_antibody.pdb
Converting SMILES to graph: 256/500
5k9oI_antigen.pdb  8f6iFE_antibody.pdb
Converting SMILES to graph: 257/500
5k9oI_antigen.pdb  5ja9B_antibody.pdb
Converting SMILES to graph: 258/500
5k9qPQ_antigen.pdb  4xh2AB_antibody.pdb
Converting SMILES to graph: 259/500
5k9qPQ_antigen.pdb  6u12B_antibody.pdb
Converting SMILES to graph: 260/500
5k9qPQ_antigen.pdb  6eqiB_antibody.pdb
Converting SMILES to graph: 261/500
5k9qPQ_antigen.pdb  7xy4D_antibody.pdb
Converting SMILES to graph: 262/500
5k9qPQ_antigen.pdb  7qivC_antibody.pdb
Converting SMILES to graph: 263/500
5k9qPQ_antigen.pdb  5a7xHG_antibody.pdb
Converting SMILES to graph: 264/500
5kanBC_antigen.pdb  7vacBA_antibody.pdb
Converting SMILES to graph: 265/500
5kanBC_antigen.pdb  3ux9Bb_antibody.pdb
Converting SMILES to graph: 266/500
5kanBC_antigen.pdb  6wezHL_antibody.pdb
Converting SMILES to graph: 267/500
5kanBC_antigen.pdb  5n0aHL_antibody.pdb
Converting SMILES to graph: 268/500
5kanBC_antigen.pdb  8dnnBC_antibody.pdb
Converting SMILES to graph: 269/500
5kanBC_antigen.pdb  7s4gHL_antibody.pdb
Converting SMILES to graph: 270/500
5kaqC_antigen.pdb  8as0BC_antibody.pdb
Converting SMILES to graph: 271/500
5kaqC_antigen.pdb  8dlzH_antibody.pdb
Converting SMILES to graph: 272/500
5kaqC_antigen.pdb  8h8qHL_antibody.pdb
Converting SMILES to graph: 273/500
5kaqC_antigen.pdb  6ywdAB_antibody.pdb
Converting SMILES to graph: 274/500
5kaqC_antigen.pdb  6x3vJI_antibody.pdb
Converting SMILES to graph: 275/500
5kaqC_antigen.pdb  7zraE_antibody.pdb
Converting SMILES to graph: 276/500
5kelI_antigen.pdb  4xp6HL_antibody.pdb
Converting SMILES to graph: 277/500
5kelI_antigen.pdb  7ew0Ee_antibody.pdb
Converting SMILES to graph: 278/500
5kelI_antigen.pdb  7y0wAB_antibody.pdb
Converting SMILES to graph: 279/500
5kelI_antigen.pdb  6o1fHL_antibody.pdb
Converting SMILES to graph: 280/500
5kelI_antigen.pdb  3vrlHL_antibody.pdb
Converting SMILES to graph: 281/500
5kelI_antigen.pdb  7db6Ee_antibody.pdb
Converting SMILES to graph: 282/500
5kemF_antigen.pdb  3or7AB_antibody.pdb
Converting SMILES to graph: 283/500
5kemF_antigen.pdb  7qe5B_antibody.pdb
Converting SMILES to graph: 284/500
5kemF_antigen.pdb  7dx4HL_antibody.pdb
Converting SMILES to graph: 285/500
5kemF_antigen.pdb  6rqmB_antibody.pdb
Converting SMILES to graph: 286/500
5kemF_antigen.pdb  8fb7AB_antibody.pdb
Converting SMILES to graph: 287/500
5kemF_antigen.pdb  7f46HL_antibody.pdb
Converting SMILES to graph: 288/500
5kenK_antigen.pdb  8bvsB_antibody.pdb
Converting SMILES to graph: 289/500
5kenK_antigen.pdb  7wocAB_antibody.pdb
Converting SMILES to graph: 290/500
5kenK_antigen.pdb  7wtiHL_antibody.pdb
Converting SMILES to graph: 291/500
5kenK_antigen.pdb  5t78DC_antibody.pdb
Converting SMILES to graph: 292/500
5kenK_antigen.pdb  4krmF_antibody.pdb
Converting SMILES to graph: 293/500
5kenK_antigen.pdb  4yjzlL_antibody.pdb
Converting SMILES to graph: 294/500
5kjrG_antigen.pdb  5bopA_antibody.pdb
Converting SMILES to graph: 295/500
5kjrG_antigen.pdb  2r56IM_antibody.pdb
Converting SMILES to graph: 296/500
5kjrG_antigen.pdb  8ek1AB_antibody.pdb
Converting SMILES to graph: 297/500
5kjrG_antigen.pdb  8g4oHL_antibody.pdb
Converting SMILES to graph: 298/500
5kjrG_antigen.pdb  6mu7HL_antibody.pdb
Converting SMILES to graph: 299/500
5kjrG_antigen.pdb  7th2C_antibody.pdb
Converting SMILES to graph: 300/500
5kn5F_antigen.pdb  7pryCD_antibody.pdb
Converting SMILES to graph: 301/500
5kn5F_antigen.pdb  7kqbKJ_antibody.pdb
Converting SMILES to graph: 302/500
5kn5F_antigen.pdb  8oxvBC_antibody.pdb
Converting SMILES to graph: 303/500
5kn5F_antigen.pdb  3or6AB_antibody.pdb
Converting SMILES to graph: 304/500
5kn5F_antigen.pdb  6sc5C_antibody.pdb
Converting SMILES to graph: 305/500
5kn5F_antigen.pdb  6mg7HL_antibody.pdb
Converting SMILES to graph: 306/500
5kovA_antigen.pdb  3o6mHL_antibody.pdb
Converting SMILES to graph: 307/500
5kovA_antigen.pdb  7y0cAB_antibody.pdb
Converting SMILES to graph: 308/500
5kovA_antigen.pdb  7n3cHL_antibody.pdb
Converting SMILES to graph: 309/500
5kovA_antigen.pdb  6xc3HL_antibody.pdb
Converting SMILES to graph: 310/500
5kovA_antigen.pdb  7uopHL_antibody.pdb
Converting SMILES to graph: 311/500
5kovA_antigen.pdb  5b8cBA_antibody.pdb
Converting SMILES to graph: 312/500
5kqvF_antigen.pdb  7trqHh_antibody.pdb
Converting SMILES to graph: 313/500
5kqvF_antigen.pdb  7sbzAB_antibody.pdb
Converting SMILES to graph: 314/500
5kqvF_antigen.pdb  3s88HL_antibody.pdb
Converting SMILES to graph: 315/500
5kqvF_antigen.pdb  6xdgBD_antibody.pdb
Converting SMILES to graph: 316/500
5kqvF_antigen.pdb  3h42HL_antibody.pdb
Converting SMILES to graph: 317/500
5kqvF_antigen.pdb  4tujAB_antibody.pdb
Converting SMILES to graph: 318/500
5kteA_antigen.pdb  1lk3IM_antibody.pdb
Converting SMILES to graph: 319/500
5kteA_antigen.pdb  7eh5HL_antibody.pdb
Converting SMILES to graph: 320/500
5kteA_antigen.pdb  8bw7B_antibody.pdb
Converting SMILES to graph: 321/500
5kteA_antigen.pdb  4ncoLK_antibody.pdb
Converting SMILES to graph: 322/500
5kteA_antigen.pdb  7daaHL_antibody.pdb
Converting SMILES to graph: 323/500
5kteA_antigen.pdb  5f3hEF_antibody.pdb
Converting SMILES to graph: 324/500
5ktz3_antigen.pdb  4o02HL_antibody.pdb
Converting SMILES to graph: 325/500
5ktz3_antigen.pdb  8e9yEe_antibody.pdb
Converting SMILES to graph: 326/500
5ktz3_antigen.pdb  8dz5HL_antibody.pdb
Converting SMILES to graph: 327/500
5ktz3_antigen.pdb  2qadDC_antibody.pdb
Converting SMILES to graph: 328/500
5ktz3_antigen.pdb  6pi7CB_antibody.pdb
Converting SMILES to graph: 329/500
5ktz3_antigen.pdb  3fb7AB_antibody.pdb
Converting SMILES to graph: 330/500
5ku03_antigen.pdb  6ks0HL_antibody.pdb
Converting SMILES to graph: 331/500
5ku03_antigen.pdb  7k65B_antibody.pdb
Converting SMILES to graph: 332/500
5ku03_antigen.pdb  7u9eBb_antibody.pdb
Converting SMILES to graph: 333/500
5ku03_antigen.pdb  8e1pFI_antibody.pdb
Converting SMILES to graph: 334/500
5ku03_antigen.pdb  8becAa_antibody.pdb
Converting SMILES to graph: 335/500
5ku03_antigen.pdb  7m7wCD_antibody.pdb
Converting SMILES to graph: 336/500
5ku23_antigen.pdb  3j1sHL_antibody.pdb
Converting SMILES to graph: 337/500
5ku23_antigen.pdb  1oazHL_antibody.pdb
Converting SMILES to graph: 338/500
5ku23_antigen.pdb  5fhcAB_antibody.pdb
Converting SMILES to graph: 339/500
5ku23_antigen.pdb  6oyaN_antibody.pdb
Converting SMILES to graph: 340/500
5ku23_antigen.pdb  5bo1IM_antibody.pdb
Converting SMILES to graph: 341/500
5kvdE_antigen.pdb  6uftB_antibody.pdb
Converting SMILES to graph: 342/500
5kvdE_antigen.pdb  4hg4PQ_antibody.pdb
Converting SMILES to graph: 343/500
5kvdE_antigen.pdb  4hs8HL_antibody.pdb
Converting SMILES to graph: 344/500
5kvdE_antigen.pdb  7sx7HL_antibody.pdb
Converting SMILES to graph: 345/500
5kvdE_antigen.pdb  4olwHL_antibody.pdb
Converting SMILES to graph: 346/500
5kvdE_antigen.pdb  8dfgHL_antibody.pdb
Converting SMILES to graph: 347/500
5kveE_antigen.pdb  8flqN_antibody.pdb
Converting SMILES to graph: 348/500
5kveE_antigen.pdb  5xf1HL_antibody.pdb
Converting SMILES to graph: 349/500
5kveE_antigen.pdb  3j8wFJ_antibody.pdb
Converting SMILES to graph: 350/500
5kveE_antigen.pdb  7or9HL_antibody.pdb
Converting SMILES to graph: 351/500
5kveE_antigen.pdb  8iw7Ss_antibody.pdb
Converting SMILES to graph: 352/500
5kveE_antigen.pdb  8jlkSs_antibody.pdb
Converting SMILES to graph: 353/500
5kvfE_antigen.pdb  7a65CB_antibody.pdb
Converting SMILES to graph: 354/500
5kvfE_antigen.pdb  5w3lEG_antibody.pdb
Converting SMILES to graph: 355/500
5kvfE_antigen.pdb  7xv3N_antibody.pdb
Converting SMILES to graph: 356/500
5kvfE_antigen.pdb  3ck0HL_antibody.pdb
Converting SMILES to graph: 357/500
5kvfE_antigen.pdb  6ot0HL_antibody.pdb
Converting SMILES to graph: 358/500
5kvfE_antigen.pdb  7n0sF_antibody.pdb
Converting SMILES to graph: 359/500
5kvgE_antigen.pdb  8c9xF_antibody.pdb
Converting SMILES to graph: 360/500
5kvgE_antigen.pdb  7z1dF_antibody.pdb
Converting SMILES to graph: 361/500
5kvgE_antigen.pdb  6o28AB_antibody.pdb
Converting SMILES to graph: 362/500
5kvgE_antigen.pdb  6orqHL_antibody.pdb
Converting SMILES to graph: 363/500
5kvgE_antigen.pdb  1ncaHL_antibody.pdb
Converting SMILES to graph: 364/500
5kw9A_antigen.pdb  7z1xB_antibody.pdb
Converting SMILES to graph: 365/500
5kw9A_antigen.pdb  6sc9B_antibody.pdb
Converting SMILES to graph: 366/500
5kw9A_antigen.pdb  3r08HL_antibody.pdb
Converting SMILES to graph: 367/500
5kw9A_antigen.pdb  8df5AB_antibody.pdb
Converting SMILES to graph: 368/500
5kw9A_antigen.pdb  6nmuBA_antibody.pdb
Converting SMILES to graph: 369/500
5kw9A_antigen.pdb  8dimBC_antibody.pdb
Converting SMILES to graph: 370/500
5kwl3_antigen.pdb  7cr5HL_antibody.pdb
Converting SMILES to graph: 371/500
5kwl3_antigen.pdb  7d3kHL_antibody.pdb
Converting SMILES to graph: 372/500
5kwl3_antigen.pdb  7lbfFE_antibody.pdb
Converting SMILES to graph: 373/500
5kwl3_antigen.pdb  3jwoHL_antibody.pdb
Converting SMILES to graph: 374/500
5kwl3_antigen.pdb  8de4BC_antibody.pdb
Converting SMILES to graph: 375/500
5kwl3_antigen.pdb  4kk9EF_antibody.pdb
Converting SMILES to graph: 376/500
5kzcC_antigen.pdb  7f62HL_antibody.pdb
Converting SMILES to graph: 377/500
5kzcC_antigen.pdb  3o41HL_antibody.pdb
Converting SMILES to graph: 378/500
5kzcC_antigen.pdb  5sv3C_antibody.pdb
Converting SMILES to graph: 379/500
5kzcC_antigen.pdb  2visBA_antibody.pdb
Converting SMILES to graph: 380/500
5kzcC_antigen.pdb  8dzrEe_antibody.pdb
Converting SMILES to graph: 381/500
5kzcC_antigen.pdb  7eycAB_antibody.pdb
Converting SMILES to graph: 382/500
5kzpC_antigen.pdb  7udsDE_antibody.pdb
Converting SMILES to graph: 383/500
5kzpC_antigen.pdb  7vazDC_antibody.pdb
Converting SMILES to graph: 384/500
5kzpC_antigen.pdb  8k4nEe_antibody.pdb
Converting SMILES to graph: 385/500
5kzpC_antigen.pdb  7nivCB_antibody.pdb
Converting SMILES to graph: 386/500
5kzpC_antigen.pdb  6vy4CD_antibody.pdb
Converting SMILES to graph: 387/500
5l0qA_antigen.pdb  2aeqHL_antibody.pdb
Converting SMILES to graph: 388/500
5l0qA_antigen.pdb  7chsHL_antibody.pdb
Converting SMILES to graph: 389/500
5l0qA_antigen.pdb  7rdaHL_antibody.pdb
Converting SMILES to graph: 390/500
5l0qA_antigen.pdb  4zfoHL_antibody.pdb
Converting SMILES to graph: 391/500
5l0qA_antigen.pdb  5v8mSU_antibody.pdb
Converting SMILES to graph: 392/500
5l0qA_antigen.pdb  7ru3HL_antibody.pdb
Converting SMILES to graph: 393/500
5l21A_antigen.pdb  8euqCD_antibody.pdb
Converting SMILES to graph: 394/500
5l21A_antigen.pdb  4u6hAB_antibody.pdb
Converting SMILES to graph: 395/500
5l21A_antigen.pdb  3stlAB_antibody.pdb
Converting SMILES to graph: 396/500
5l21A_antigen.pdb  1fbiHL_antibody.pdb
Converting SMILES to graph: 397/500
5l21A_antigen.pdb  5erwAB_antibody.pdb
Converting SMILES to graph: 398/500
5l21A_antigen.pdb  7ul3C_antibody.pdb
Converting SMILES to graph: 399/500
5l6yC_antigen.pdb  7mw3HL_antibody.pdb
Converting SMILES to graph: 400/500
5l6yC_antigen.pdb  7bb7G_antibody.pdb
Converting SMILES to graph: 401/500
5l6yC_antigen.pdb  7xz6N_antibody.pdb
Converting SMILES to graph: 402/500
5l6yC_antigen.pdb  4leoAB_antibody.pdb
Converting SMILES to graph: 403/500
5l6yC_antigen.pdb  5e5mD_antibody.pdb
Converting SMILES to graph: 404/500
5lbsA_antigen.pdb  4zs7HL_antibody.pdb
Converting SMILES to graph: 405/500
5lbsA_antigen.pdb  7mw2FG_antibody.pdb
Converting SMILES to graph: 406/500
5lbsA_antigen.pdb  4ywgIM_antibody.pdb
Converting SMILES to graph: 407/500
5lbsA_antigen.pdb  6plkHL_antibody.pdb
Converting SMILES to graph: 408/500
5lbsA_antigen.pdb  5c0rHL_antibody.pdb
Converting SMILES to graph: 409/500
5lbsA_antigen.pdb  1kcrHL_antibody.pdb
Converting SMILES to graph: 410/500
5lcvAB_antigen.pdb  7xcoHL_antibody.pdb
Converting SMILES to graph: 411/500
5lcvAB_antigen.pdb  1ifhHL_antibody.pdb
Converting SMILES to graph: 412/500
5lcvAB_antigen.pdb  5eulV_antibody.pdb
Converting SMILES to graph: 413/500
5lcvAB_antigen.pdb  1zvhA_antibody.pdb
Converting SMILES to graph: 414/500
5lcvAB_antigen.pdb  4nghHL_antibody.pdb
Converting SMILES to graph: 415/500
5lcvAB_antigen.pdb  6n5eGF_antibody.pdb
Converting SMILES to graph: 416/500
5ldnA_antigen.pdb  7syyHL_antibody.pdb
Converting SMILES to graph: 417/500
5ldnA_antigen.pdb  1jp5aA_antibody.pdb
Converting SMILES to graph: 418/500
5ldnA_antigen.pdb  4hpyHL_antibody.pdb
Converting SMILES to graph: 419/500
5ldnA_antigen.pdb  7mxeHL_antibody.pdb
Converting SMILES to graph: 420/500
5ldnA_antigen.pdb  8j1vHK_antibody.pdb
Converting SMILES to graph: 421/500
5ldnA_antigen.pdb  6vx4HK_antibody.pdb
Converting SMILES to graph: 422/500
5lhnA_antigen.pdb  7qjjB_antibody.pdb
Converting SMILES to graph: 423/500
5lhnA_antigen.pdb  4rauBA_antibody.pdb
Converting SMILES to graph: 424/500
5lhnA_antigen.pdb  7shyCD_antibody.pdb
Converting SMILES to graph: 425/500
5lhnA_antigen.pdb  7dk5ab_antibody.pdb
Converting SMILES to graph: 426/500
5lhnA_antigen.pdb  7xegCD_antibody.pdb
Converting SMILES to graph: 427/500
5lhnA_antigen.pdb  8g4tHL_antibody.pdb
Converting SMILES to graph: 428/500
5lhpA_antigen.pdb  6d6uKL_antibody.pdb
Converting SMILES to graph: 429/500
5lhpA_antigen.pdb  3g6dHL_antibody.pdb
Converting SMILES to graph: 430/500
5lhpA_antigen.pdb  7lx2HL_antibody.pdb
Converting SMILES to graph: 431/500
5lhpA_antigen.pdb  5gjtHL_antibody.pdb
Converting SMILES to graph: 432/500
5lhpA_antigen.pdb  8gouIJ_antibody.pdb
Converting SMILES to graph: 433/500
5lhpA_antigen.pdb  6gjuB_antibody.pdb
Converting SMILES to graph: 434/500
5lhqA_antigen.pdb  4pouB_antibody.pdb
Converting SMILES to graph: 435/500
5lhqA_antigen.pdb  7ps7AB_antibody.pdb
Converting SMILES to graph: 436/500
5lhqA_antigen.pdb  6dc8HL_antibody.pdb
Converting SMILES to graph: 437/500
5lhqA_antigen.pdb  8id9Ss_antibody.pdb
Converting SMILES to graph: 438/500
5lhqA_antigen.pdb  7fcqHL_antibody.pdb
Converting SMILES to graph: 439/500
5lhqA_antigen.pdb  7v5kED_antibody.pdb
Converting SMILES to graph: 440/500
5lhrA_antigen.pdb  2qhrHL_antibody.pdb
Converting SMILES to graph: 441/500
5lhrA_antigen.pdb  3bszNM_antibody.pdb
Converting SMILES to graph: 442/500
5lhrA_antigen.pdb  3bkjHL_antibody.pdb
Converting SMILES to graph: 443/500
5lhrA_antigen.pdb  7q6eHL_antibody.pdb
Converting SMILES to graph: 444/500
5lhrA_antigen.pdb  7kejHK_antibody.pdb
Converting SMILES to graph: 445/500
5lhrA_antigen.pdb  7ys6Ee_antibody.pdb
Converting SMILES to graph: 446/500
5lqbA_antigen.pdb  6xlzHL_antibody.pdb
Converting SMILES to graph: 447/500
5lqbA_antigen.pdb  6w0dAB_antibody.pdb
Converting SMILES to graph: 448/500
5lqbA_antigen.pdb  6awoBC_antibody.pdb
Converting SMILES to graph: 449/500
5lqbA_antigen.pdb  7rlxAB_antibody.pdb
Converting SMILES to graph: 450/500
5lqbA_antigen.pdb  5kjrHL_antibody.pdb
Converting SMILES to graph: 451/500
5lqbA_antigen.pdb  7vlaSs_antibody.pdb
Converting SMILES to graph: 452/500
5lspA_antigen.pdb  7sfxCD_antibody.pdb
Converting SMILES to graph: 453/500
5lspA_antigen.pdb  8cimDE_antibody.pdb
Converting SMILES to graph: 454/500
5lspA_antigen.pdb  6ysqD_antibody.pdb
Converting SMILES to graph: 455/500
5lspA_antigen.pdb  6pxrHL_antibody.pdb
Converting SMILES to graph: 456/500
5lspA_antigen.pdb  6vo1GJ_antibody.pdb
Converting SMILES to graph: 457/500
5lspA_antigen.pdb  6knmA_antibody.pdb
Converting SMILES to graph: 458/500
5lwfB_antigen.pdb  5hdbEF_antibody.pdb
Converting SMILES to graph: 459/500
5lwfB_antigen.pdb  6bspAB_antibody.pdb
Converting SMILES to graph: 460/500
5lwfB_antigen.pdb  7vn9HL_antibody.pdb
Converting SMILES to graph: 461/500
5lwfB_antigen.pdb  6y97HL_antibody.pdb
Converting SMILES to graph: 462/500
5lwfB_antigen.pdb  8e9xEe_antibody.pdb
Converting SMILES to graph: 463/500
5lwyA_antigen.pdb  7uihD_antibody.pdb
Converting SMILES to graph: 464/500
5lwyA_antigen.pdb  5ngvHL_antibody.pdb
Converting SMILES to graph: 465/500
5lwyA_antigen.pdb  6j15HL_antibody.pdb
Converting SMILES to graph: 466/500
5lwyA_antigen.pdb  2x7lGI_antibody.pdb
Converting SMILES to graph: 467/500
5lwyA_antigen.pdb  7k8yGI_antibody.pdb
Converting SMILES to graph: 468/500
5lwyA_antigen.pdb  8f0kN_antibody.pdb
Converting SMILES to graph: 469/500
5lx9A_antigen.pdb  7kqiAC_antibody.pdb
Converting SMILES to graph: 470/500
5lx9A_antigen.pdb  7uapMN_antibody.pdb
Converting SMILES to graph: 471/500
5lx9A_antigen.pdb  5d8jHL_antibody.pdb
Converting SMILES to graph: 472/500
5lx9A_antigen.pdb  5kzcBD_antibody.pdb
Converting SMILES to graph: 473/500
5lx9A_antigen.pdb  7uslHL_antibody.pdb
Converting SMILES to graph: 474/500
5lx9A_antigen.pdb  7vngHL_antibody.pdb
Converting SMILES to graph: 475/500
5lxaA_antigen.pdb  7dhiN_antibody.pdb
Converting SMILES to graph: 476/500
5lxaA_antigen.pdb  8e99E_antibody.pdb
Converting SMILES to graph: 477/500
5lxaA_antigen.pdb  4x7dC_antibody.pdb
Converting SMILES to graph: 478/500
5lxaA_antigen.pdb  7mk6AB_antibody.pdb
Converting SMILES to graph: 479/500
5lxaA_antigen.pdb  7jtrHh_antibody.pdb
Converting SMILES to graph: 480/500
5lxaA_antigen.pdb  3vi3FE_antibody.pdb
Converting SMILES to graph: 481/500
5lxgA_antigen.pdb  3eyuHL_antibody.pdb
Converting SMILES to graph: 482/500
5lxgA_antigen.pdb  5kzcBD_antibody.pdb
Converting SMILES to graph: 483/500
5lxgA_antigen.pdb  6qxeM_antibody.pdb
Converting SMILES to graph: 484/500
5lxgA_antigen.pdb  7we7HL_antibody.pdb
Converting SMILES to graph: 485/500
5lxgA_antigen.pdb  2ih1AB_antibody.pdb
Converting SMILES to graph: 486/500
5lxgA_antigen.pdb  7v26ef_antibody.pdb
Converting SMILES to graph: 487/500
5m14A_antigen.pdb  8hbjE_antibody.pdb
Converting SMILES to graph: 488/500
5m14A_antigen.pdb  4dn4HL_antibody.pdb
Converting SMILES to graph: 489/500
5m14A_antigen.pdb  6wozEF_antibody.pdb
Converting SMILES to graph: 490/500
5m14A_antigen.pdb  7ru3HL_antibody.pdb
Converting SMILES to graph: 491/500
5m14A_antigen.pdb  2fjhBA_antibody.pdb
Converting SMILES to graph: 492/500
5m14A_antigen.pdb  8fa8HL_antibody.pdb
Converting SMILES to graph: 493/500
5m15A_antigen.pdb  8ez8HL_antibody.pdb
Converting SMILES to graph: 494/500
5m15A_antigen.pdb  3j3oHL_antibody.pdb
Converting SMILES to graph: 495/500
5m15A_antigen.pdb  5dmgEF_antibody.pdb
Converting SMILES to graph: 496/500
5m15A_antigen.pdb  6yx9HL_antibody.pdb
Converting SMILES to graph: 497/500
5m15A_antigen.pdb  2a6kHL_antibody.pdb
Converting SMILES to graph: 498/500
5m15A_antigen.pdb  7n8qHL_antibody.pdb
Converting SMILES to graph: 499/500
5m2iE_antigen.pdb  2fx8JN_antibody.pdb
Converting SMILES to graph: 500/500
5m2iE_antigen.pdb  2vdoHL_antibody.pdb
Graph construction done. Saving to file.
