Converting SMILES to graph: 1/500
8cwuA_antigen.pdb  6b5pHL_antibody.pdb
Converting SMILES to graph: 2/500
8cwuA_antigen.pdb  4uifKL_antibody.pdb
Converting SMILES to graph: 3/500
8cwuA_antigen.pdb  1zvhA_antibody.pdb
Converting SMILES to graph: 4/500
8cwuA_antigen.pdb  3uzqAa_antibody.pdb
Converting SMILES to graph: 5/500
8cwuA_antigen.pdb  6vpxPQ_antibody.pdb
Converting SMILES to graph: 6/500
8cwvA_antigen.pdb  7pbdF_antibody.pdb
Converting SMILES to graph: 7/500
8cwvA_antigen.pdb  8fdoAB_antibody.pdb
Converting SMILES to graph: 8/500
8cwvA_antigen.pdb  6u12B_antibody.pdb
Converting SMILES to graph: 9/500
8cwvA_antigen.pdb  7wicSs_antibody.pdb
Converting SMILES to graph: 10/500
8cwvA_antigen.pdb  7whbDE_antibody.pdb
Converting SMILES to graph: 11/500
8cwvA_antigen.pdb  8hgmCD_antibody.pdb
Converting SMILES to graph: 12/500
8cxcM_antigen.pdb  8en5E_antibody.pdb
Converting SMILES to graph: 13/500
8cxcM_antigen.pdb  6yxdHL_antibody.pdb
Converting SMILES to graph: 14/500
8cxcM_antigen.pdb  6ks1HL_antibody.pdb
Converting SMILES to graph: 15/500
8cxcM_antigen.pdb  8f5nHL_antibody.pdb
Converting SMILES to graph: 16/500
8cxcM_antigen.pdb  7jwbD_antibody.pdb
Converting SMILES to graph: 17/500
8cxcM_antigen.pdb  7lu9lk_antibody.pdb
Converting SMILES to graph: 18/500
8cxgA_antigen.pdb  8f60AB_antibody.pdb
Converting SMILES to graph: 19/500
8cxgA_antigen.pdb  8jljSs_antibody.pdb
Converting SMILES to graph: 20/500
8cxgA_antigen.pdb  8cy7D_antibody.pdb
Converting SMILES to graph: 21/500
8cxgA_antigen.pdb  6xrtHL_antibody.pdb
Converting SMILES to graph: 22/500
8cxgA_antigen.pdb  7m7bHL_antibody.pdb
Converting SMILES to graph: 23/500
8cxhA_antigen.pdb  4wfgGF_antibody.pdb
Converting SMILES to graph: 24/500
8cxhA_antigen.pdb  6x8sHL_antibody.pdb
Converting SMILES to graph: 25/500
8cxhA_antigen.pdb  5mwnN_antibody.pdb
Converting SMILES to graph: 26/500
8cxhA_antigen.pdb  4ncoLK_antibody.pdb
Converting SMILES to graph: 27/500
8cxhA_antigen.pdb  1acyHL_antibody.pdb
Converting SMILES to graph: 28/500
8cxhA_antigen.pdb  2dqhHL_antibody.pdb
Converting SMILES to graph: 29/500
8cxiA_antigen.pdb  7czzIM_antibody.pdb
Converting SMILES to graph: 30/500
8cxiA_antigen.pdb  3uzvBb_antibody.pdb
Converting SMILES to graph: 31/500
8cxiA_antigen.pdb  4qxtAB_antibody.pdb
Converting SMILES to graph: 32/500
8cxiA_antigen.pdb  4s1sHL_antibody.pdb
Converting SMILES to graph: 33/500
8cxiA_antigen.pdb  8skjA_antibody.pdb
Converting SMILES to graph: 34/500
8cxiA_antigen.pdb  7jieCD_antibody.pdb
Converting SMILES to graph: 35/500
8cxnA_antigen.pdb  7ej0Hh_antibody.pdb
Converting SMILES to graph: 36/500
8cxnA_antigen.pdb  7zmoK_antibody.pdb
Converting SMILES to graph: 37/500
8cxnA_antigen.pdb  1tqcBC_antibody.pdb
Converting SMILES to graph: 38/500
8cxnA_antigen.pdb  5aumAB_antibody.pdb
Converting SMILES to graph: 39/500
8cxnA_antigen.pdb  5xcvAB_antibody.pdb
Converting SMILES to graph: 40/500
8cxnA_antigen.pdb  7r58HL_antibody.pdb
Converting SMILES to graph: 41/500
8cxqA_antigen.pdb  6iuvCD_antibody.pdb
Converting SMILES to graph: 42/500
8cxqA_antigen.pdb  5cjxAC_antibody.pdb
Converting SMILES to graph: 43/500
8cxqA_antigen.pdb  7jvcHL_antibody.pdb
Converting SMILES to graph: 44/500
8cxqA_antigen.pdb  8gs9HK_antibody.pdb
Converting SMILES to graph: 45/500
8cxqA_antigen.pdb  6lraHL_antibody.pdb
Converting SMILES to graph: 46/500
8cxqA_antigen.pdb  2vdpHL_antibody.pdb
Converting SMILES to graph: 47/500
8cxrA_antigen.pdb  6bftAB_antibody.pdb
Converting SMILES to graph: 48/500
8cxrA_antigen.pdb  7ox2AL_antibody.pdb
Converting SMILES to graph: 49/500
8cxrA_antigen.pdb  4jg1HL_antibody.pdb
Converting SMILES to graph: 50/500
8cxrA_antigen.pdb  7zmvK_antibody.pdb
Converting SMILES to graph: 51/500
8cxrA_antigen.pdb  5vjoCD_antibody.pdb
Converting SMILES to graph: 52/500
8cxrA_antigen.pdb  6obgC_antibody.pdb
Converting SMILES to graph: 53/500
8cy6A_antigen.pdb  6ldxHL_antibody.pdb
Converting SMILES to graph: 54/500
8cy6A_antigen.pdb  7wouDd_antibody.pdb
Converting SMILES to graph: 55/500
8cy6A_antigen.pdb  7c80HL_antibody.pdb
Converting SMILES to graph: 56/500
8cy6A_antigen.pdb  7wovDd_antibody.pdb
Converting SMILES to graph: 57/500
8cy6A_antigen.pdb  7anqB_antibody.pdb
Converting SMILES to graph: 58/500
8cy6A_antigen.pdb  6vrlBC_antibody.pdb
Converting SMILES to graph: 59/500
8cy7A_antigen.pdb  6dcwHL_antibody.pdb
Converting SMILES to graph: 60/500
8cy7A_antigen.pdb  7jktHL_antibody.pdb
Converting SMILES to graph: 61/500
8cy7A_antigen.pdb  7u0pEF_antibody.pdb
Converting SMILES to graph: 62/500
8cy7A_antigen.pdb  7bb6B_antibody.pdb
Converting SMILES to graph: 63/500
8cy7A_antigen.pdb  1u8iBA_antibody.pdb
Converting SMILES to graph: 64/500
8cy7A_antigen.pdb  7vuxHL_antibody.pdb
Converting SMILES to graph: 65/500
8cy9A_antigen.pdb  6u52C_antibody.pdb
Converting SMILES to graph: 66/500
8cy9A_antigen.pdb  7ew4Ss_antibody.pdb
Converting SMILES to graph: 67/500
8cy9A_antigen.pdb  8gsbHK_antibody.pdb
Converting SMILES to graph: 68/500
8cy9A_antigen.pdb  8ee1BC_antibody.pdb
Converting SMILES to graph: 69/500
8cy9A_antigen.pdb  7m6hEG_antibody.pdb
Converting SMILES to graph: 70/500
8cy9A_antigen.pdb  7c8vA_antibody.pdb
Converting SMILES to graph: 71/500
8cyaC_antigen.pdb  2h9gHL_antibody.pdb
Converting SMILES to graph: 72/500
8cyaC_antigen.pdb  3cxhUV_antibody.pdb
Converting SMILES to graph: 73/500
8cyaC_antigen.pdb  6pecHL_antibody.pdb
Converting SMILES to graph: 74/500
8cyaC_antigen.pdb  7om4B_antibody.pdb
Converting SMILES to graph: 75/500
8cyaC_antigen.pdb  2b0sHL_antibody.pdb
Converting SMILES to graph: 76/500
8cyaC_antigen.pdb  7mzhBC_antibody.pdb
Converting SMILES to graph: 77/500
8cybA_antigen.pdb  5l21B_antibody.pdb
Converting SMILES to graph: 78/500
8cybA_antigen.pdb  3ztnHL_antibody.pdb
Converting SMILES to graph: 79/500
8cybA_antigen.pdb  2vdkHL_antibody.pdb
Converting SMILES to graph: 80/500
8cybA_antigen.pdb  6mtpHL_antibody.pdb
Converting SMILES to graph: 81/500
8cybA_antigen.pdb  6faxHL_antibody.pdb
Converting SMILES to graph: 82/500
8cybA_antigen.pdb  5lcvHL_antibody.pdb
Converting SMILES to graph: 83/500
8cycA_antigen.pdb  6ywcAB_antibody.pdb
Converting SMILES to graph: 84/500
8cycA_antigen.pdb  7sbgHL_antibody.pdb
Converting SMILES to graph: 85/500
8cycA_antigen.pdb  7xouN_antibody.pdb
Converting SMILES to graph: 86/500
8cycA_antigen.pdb  5i5kXY_antibody.pdb
Converting SMILES to graph: 87/500
8cycA_antigen.pdb  6rloCD_antibody.pdb
Converting SMILES to graph: 88/500
8cycA_antigen.pdb  7wosDd_antibody.pdb
Converting SMILES to graph: 89/500
8cydB_antigen.pdb  7fjoHL_antibody.pdb
Converting SMILES to graph: 90/500
8cydB_antigen.pdb  8h7lDG_antibody.pdb
Converting SMILES to graph: 91/500
8cydB_antigen.pdb  7zmoK_antibody.pdb
Converting SMILES to graph: 92/500
8cydB_antigen.pdb  6obdHL_antibody.pdb
Converting SMILES to graph: 93/500
8cydB_antigen.pdb  6z20D_antibody.pdb
Converting SMILES to graph: 94/500
8cydB_antigen.pdb  5vlpHL_antibody.pdb
Converting SMILES to graph: 95/500
8cyhM_antigen.pdb  6mejHL_antibody.pdb
Converting SMILES to graph: 96/500
8cyhM_antigen.pdb  6nhaHL_antibody.pdb
Converting SMILES to graph: 97/500
8cyhM_antigen.pdb  8faxAB_antibody.pdb
Converting SMILES to graph: 98/500
8cyhM_antigen.pdb  7qnwAB_antibody.pdb
Converting SMILES to graph: 99/500
8cyhM_antigen.pdb  6h7oD_antibody.pdb
Converting SMILES to graph: 100/500
8cyhM_antigen.pdb  1orsBA_antibody.pdb
Converting SMILES to graph: 101/500
8cyjR_antigen.pdb  5kaqFG_antibody.pdb
Converting SMILES to graph: 102/500
8cyjR_antigen.pdb  5te4HL_antibody.pdb
Converting SMILES to graph: 103/500
8cyjR_antigen.pdb  2ghwBb_antibody.pdb
Converting SMILES to graph: 104/500
8cyjR_antigen.pdb  6umgHL_antibody.pdb
Converting SMILES to graph: 105/500
8cyjR_antigen.pdb  7r4iD_antibody.pdb
Converting SMILES to graph: 106/500
8cyjR_antigen.pdb  7si2GF_antibody.pdb
Converting SMILES to graph: 107/500
8cz5A_antigen.pdb  6v4nCG_antibody.pdb
Converting SMILES to graph: 108/500
8cz5A_antigen.pdb  4pp1DC_antibody.pdb
Converting SMILES to graph: 109/500
8cz5A_antigen.pdb  8dzrEe_antibody.pdb
Converting SMILES to graph: 110/500
8cz5A_antigen.pdb  3fkuUu_antibody.pdb
Converting SMILES to graph: 111/500
8cz5A_antigen.pdb  7ezmHh_antibody.pdb
Converting SMILES to graph: 112/500
8cz5A_antigen.pdb  7n3cHL_antibody.pdb
Converting SMILES to graph: 113/500
8cz8E_antigen.pdb  7nvnN_antibody.pdb
Converting SMILES to graph: 114/500
8cz8E_antigen.pdb  2xxmB_antibody.pdb
Converting SMILES to graph: 115/500
8cz8E_antigen.pdb  7ys6Ee_antibody.pdb
Converting SMILES to graph: 116/500
8cz8E_antigen.pdb  4kjqEF_antibody.pdb
Converting SMILES to graph: 117/500
8cz8E_antigen.pdb  6w0bAB_antibody.pdb
Converting SMILES to graph: 118/500
8czzB_antigen.pdb  7x28CD_antibody.pdb
Converting SMILES to graph: 119/500
8czzB_antigen.pdb  8gy5AB_antibody.pdb
Converting SMILES to graph: 120/500
8czzB_antigen.pdb  7e9hDd_antibody.pdb
Converting SMILES to graph: 121/500
8czzB_antigen.pdb  8iw4Ss_antibody.pdb
Converting SMILES to graph: 122/500
8czzB_antigen.pdb  7zmoK_antibody.pdb
Converting SMILES to graph: 123/500
8czzB_antigen.pdb  8f0kN_antibody.pdb
Converting SMILES to graph: 124/500
8d0aA_antigen.pdb  6wo5CD_antibody.pdb
Converting SMILES to graph: 125/500
8d0aA_antigen.pdb  7cwuNG_antibody.pdb
Converting SMILES to graph: 126/500
8d0aA_antigen.pdb  5ihlE_antibody.pdb
Converting SMILES to graph: 127/500
8d0aA_antigen.pdb  7sbuHL_antibody.pdb
Converting SMILES to graph: 128/500
8d0aA_antigen.pdb  7mw4FG_antibody.pdb
Converting SMILES to graph: 129/500
8d0aA_antigen.pdb  7dc8BA_antibody.pdb
Converting SMILES to graph: 130/500
8d0yB_antigen.pdb  5aawKk_antibody.pdb
Converting SMILES to graph: 131/500
8d0yB_antigen.pdb  8fg0CD_antibody.pdb
Converting SMILES to graph: 132/500
8d0yB_antigen.pdb  2r4sHL_antibody.pdb
Converting SMILES to graph: 133/500
8d0yB_antigen.pdb  2r0kHL_antibody.pdb
Converting SMILES to graph: 134/500
8d0yB_antigen.pdb  3zkxB_antibody.pdb
Converting SMILES to graph: 135/500
8d0yB_antigen.pdb  5l21B_antibody.pdb
Converting SMILES to graph: 136/500
8d0zA_antigen.pdb  6cwtCD_antibody.pdb
Converting SMILES to graph: 137/500
8d0zA_antigen.pdb  7uh8EF_antibody.pdb
Converting SMILES to graph: 138/500
8d0zA_antigen.pdb  7fh0B_antibody.pdb
Converting SMILES to graph: 139/500
8d0zA_antigen.pdb  7qcqA_antibody.pdb
Converting SMILES to graph: 140/500
8d0zA_antigen.pdb  8tp2HL_antibody.pdb
Converting SMILES to graph: 141/500
8d0zA_antigen.pdb  7q6zB_antibody.pdb
Converting SMILES to graph: 142/500
8d1tA_antigen.pdb  1mlcBA_antibody.pdb
Converting SMILES to graph: 143/500
8d1tA_antigen.pdb  6ocdB_antibody.pdb
Converting SMILES to graph: 144/500
8d1tA_antigen.pdb  8gq5a_antibody.pdb
Converting SMILES to graph: 145/500
8d1tA_antigen.pdb  7pqgB_antibody.pdb
Converting SMILES to graph: 146/500
8d1tA_antigen.pdb  7llyN_antibody.pdb
Converting SMILES to graph: 147/500
8d1tA_antigen.pdb  7sjnDE_antibody.pdb
Converting SMILES to graph: 148/500
8d21BA_antigen.pdb  7sc1PQ_antibody.pdb
Converting SMILES to graph: 149/500
8d21BA_antigen.pdb  8irtEe_antibody.pdb
Converting SMILES to graph: 150/500
8d21BA_antigen.pdb  4wenB_antibody.pdb
Converting SMILES to graph: 151/500
8d21BA_antigen.pdb  7k93Kk_antibody.pdb
Converting SMILES to graph: 152/500
8d21BA_antigen.pdb  7vaeHL_antibody.pdb
Converting SMILES to graph: 153/500
8d21BA_antigen.pdb  7wgdHL_antibody.pdb
Converting SMILES to graph: 154/500
8d36F_antigen.pdb  7ndcHL_antibody.pdb
Converting SMILES to graph: 155/500
8d36F_antigen.pdb  7xtpC_antibody.pdb
Converting SMILES to graph: 156/500
8d36F_antigen.pdb  6me1AB_antibody.pdb
Converting SMILES to graph: 157/500
8d36F_antigen.pdb  4p3dAB_antibody.pdb
Converting SMILES to graph: 158/500
8d36F_antigen.pdb  3s36HL_antibody.pdb
Converting SMILES to graph: 159/500
8d36F_antigen.pdb  7y3gN_antibody.pdb
Converting SMILES to graph: 160/500
8d47C_antigen.pdb  5c1mB_antibody.pdb
Converting SMILES to graph: 161/500
8d47C_antigen.pdb  7ydiHL_antibody.pdb
Converting SMILES to graph: 162/500
8d47C_antigen.pdb  8i10DE_antibody.pdb
Converting SMILES to graph: 163/500
8d47C_antigen.pdb  5a2kHh_antibody.pdb
Converting SMILES to graph: 164/500
8d47C_antigen.pdb  4lgsB_antibody.pdb
Converting SMILES to graph: 165/500
8d47C_antigen.pdb  8dlsHL_antibody.pdb
Converting SMILES to graph: 166/500
8d48A_antigen.pdb  7e9oHL_antibody.pdb
Converting SMILES to graph: 167/500
8d48A_antigen.pdb  1fptHL_antibody.pdb
Converting SMILES to graph: 168/500
8d48A_antigen.pdb  6u0nHL_antibody.pdb
Converting SMILES to graph: 169/500
8d48A_antigen.pdb  6z7wDC_antibody.pdb
Converting SMILES to graph: 170/500
8d48A_antigen.pdb  6oknAB_antibody.pdb
Converting SMILES to graph: 171/500
8d48A_antigen.pdb  4tvsb_antibody.pdb
Converting SMILES to graph: 172/500
8d5cAD_antigen.pdb  3cfiL_antibody.pdb
Converting SMILES to graph: 173/500
8d5cAD_antigen.pdb  1deeFE_antibody.pdb
Converting SMILES to graph: 174/500
8d5cAD_antigen.pdb  7lwdHL_antibody.pdb
Converting SMILES to graph: 175/500
8d5cAD_antigen.pdb  7uvfHL_antibody.pdb
Converting SMILES to graph: 176/500
8d5cAD_antigen.pdb  4xnuHL_antibody.pdb
Converting SMILES to graph: 177/500
8d5cAD_antigen.pdb  8dkwAB_antibody.pdb
Converting SMILES to graph: 178/500
8d6zH_antigen.pdb  1xctDC_antibody.pdb
Converting SMILES to graph: 179/500
8d6zH_antigen.pdb  7ejaHh_antibody.pdb
Converting SMILES to graph: 180/500
8d6zH_antigen.pdb  7sfvMN_antibody.pdb
Converting SMILES to graph: 181/500
8d6zH_antigen.pdb  8bg2Aa_antibody.pdb
Converting SMILES to graph: 182/500
8d6zH_antigen.pdb  5f21B_antibody.pdb
Converting SMILES to graph: 183/500
8d6zH_antigen.pdb  6x07B_antibody.pdb
Converting SMILES to graph: 184/500
8d7eC_antigen.pdb  2hg5AB_antibody.pdb
Converting SMILES to graph: 185/500
8d7eC_antigen.pdb  8jljSs_antibody.pdb
Converting SMILES to graph: 186/500
8d7eC_antigen.pdb  8hlbBC_antibody.pdb
Converting SMILES to graph: 187/500
8d7eC_antigen.pdb  2x7lGI_antibody.pdb
Converting SMILES to graph: 188/500
8d7eC_antigen.pdb  6awnBC_antibody.pdb
Converting SMILES to graph: 189/500
8d7eC_antigen.pdb  4iofEF_antibody.pdb
Converting SMILES to graph: 190/500
8d8qA_antigen.pdb  7nj5F_antibody.pdb
Converting SMILES to graph: 191/500
8d8qA_antigen.pdb  6k5iEF_antibody.pdb
Converting SMILES to graph: 192/500
8d8qA_antigen.pdb  8j7wEC_antibody.pdb
Converting SMILES to graph: 193/500
8d8qA_antigen.pdb  6bkcHL_antibody.pdb
Converting SMILES to graph: 194/500
8d8qA_antigen.pdb  7f54N_antibody.pdb
Converting SMILES to graph: 195/500
8d8qA_antigen.pdb  7nxaAB_antibody.pdb
Converting SMILES to graph: 196/500
8d8rA_antigen.pdb  2nxzDC_antibody.pdb
Converting SMILES to graph: 197/500
8d8rA_antigen.pdb  6mugHL_antibody.pdb
Converting SMILES to graph: 198/500
8d8rA_antigen.pdb  6mqrHL_antibody.pdb
Converting SMILES to graph: 199/500
8d8rA_antigen.pdb  7vgxSs_antibody.pdb
Converting SMILES to graph: 200/500
8d8rA_antigen.pdb  6ze1B_antibody.pdb
Converting SMILES to graph: 201/500
8d8rA_antigen.pdb  1sm3HL_antibody.pdb
Converting SMILES to graph: 202/500
8d9yI_antigen.pdb  4pouB_antibody.pdb
Converting SMILES to graph: 203/500
8d9yI_antigen.pdb  7y71OP_antibody.pdb
Converting SMILES to graph: 204/500
8d9yI_antigen.pdb  7dhrN_antibody.pdb
Converting SMILES to graph: 205/500
8d9yI_antigen.pdb  6jhrED_antibody.pdb
Converting SMILES to graph: 206/500
8d9yI_antigen.pdb  8opiA_antibody.pdb
Converting SMILES to graph: 207/500
8d9yI_antigen.pdb  7s2rB_antibody.pdb
Converting SMILES to graph: 208/500
8d9zD_antigen.pdb  7y9vC_antibody.pdb
Converting SMILES to graph: 209/500
8d9zD_antigen.pdb  7z0yHL_antibody.pdb
Converting SMILES to graph: 210/500
8d9zD_antigen.pdb  8dg9HL_antibody.pdb
Converting SMILES to graph: 211/500
8d9zD_antigen.pdb  7q0gHL_antibody.pdb
Converting SMILES to graph: 212/500
8d9zD_antigen.pdb  7zcfEe_antibody.pdb
Converting SMILES to graph: 213/500
8d9zD_antigen.pdb  6hcoDC_antibody.pdb
Converting SMILES to graph: 214/500
8da0E_antigen.pdb  6r0xCD_antibody.pdb
Converting SMILES to graph: 215/500
8da0E_antigen.pdb  5f7kD_antibody.pdb
Converting SMILES to graph: 216/500
8da0E_antigen.pdb  7rd3HL_antibody.pdb
Converting SMILES to graph: 217/500
8da0E_antigen.pdb  5iq9HL_antibody.pdb
Converting SMILES to graph: 218/500
8da0E_antigen.pdb  7kn3MN_antibody.pdb
Converting SMILES to graph: 219/500
8da0E_antigen.pdb  8ejhHL_antibody.pdb
Converting SMILES to graph: 220/500
8da1I_antigen.pdb  6oyaN_antibody.pdb
Converting SMILES to graph: 221/500
8da1I_antigen.pdb  8dfiHL_antibody.pdb
Converting SMILES to graph: 222/500
8da1I_antigen.pdb  7mjhD_antibody.pdb
Converting SMILES to graph: 223/500
8da1I_antigen.pdb  3mltHL_antibody.pdb
Converting SMILES to graph: 224/500
8da1I_antigen.pdb  7s3iN_antibody.pdb
Converting SMILES to graph: 225/500
8da1I_antigen.pdb  7dhaCB_antibody.pdb
Converting SMILES to graph: 226/500
8dadB_antigen.pdb  1u95BA_antibody.pdb
Converting SMILES to graph: 227/500
8dadB_antigen.pdb  5o03C_antibody.pdb
Converting SMILES to graph: 228/500
8dadB_antigen.pdb  4g3yHL_antibody.pdb
Converting SMILES to graph: 229/500
8dadB_antigen.pdb  4p2cH_antibody.pdb
Converting SMILES to graph: 230/500
8dadB_antigen.pdb  5wobUV_antibody.pdb
Converting SMILES to graph: 231/500
8damA_antigen.pdb  6tggHh_antibody.pdb
Converting SMILES to graph: 232/500
8damA_antigen.pdb  7uvqCB_antibody.pdb
Converting SMILES to graph: 233/500
8damA_antigen.pdb  7lkiDE_antibody.pdb
Converting SMILES to graph: 234/500
8damA_antigen.pdb  8g3pCI_antibody.pdb
Converting SMILES to graph: 235/500
8damA_antigen.pdb  7jtiHL_antibody.pdb
Converting SMILES to graph: 236/500
8damA_antigen.pdb  6muiKL_antibody.pdb
Converting SMILES to graph: 237/500
8daoI_antigen.pdb  4x7eC_antibody.pdb
Converting SMILES to graph: 238/500
8daoI_antigen.pdb  2dqjHL_antibody.pdb
Converting SMILES to graph: 239/500
8daoI_antigen.pdb  8dkxAB_antibody.pdb
Converting SMILES to graph: 240/500
8daoI_antigen.pdb  8dzvAa_antibody.pdb
Converting SMILES to graph: 241/500
8daoI_antigen.pdb  8f9sHL_antibody.pdb
Converting SMILES to graph: 242/500
8daoI_antigen.pdb  4w6xB_antibody.pdb
Converting SMILES to graph: 243/500
8db4E_antigen.pdb  6z7zBA_antibody.pdb
Converting SMILES to graph: 244/500
8db4E_antigen.pdb  6z7yBA_antibody.pdb
Converting SMILES to graph: 245/500
8db4E_antigen.pdb  7u0xFG_antibody.pdb
Converting SMILES to graph: 246/500
8db4E_antigen.pdb  7bbjMN_antibody.pdb
Converting SMILES to graph: 247/500
8db4E_antigen.pdb  7ps7AB_antibody.pdb
Converting SMILES to graph: 248/500
8db4E_antigen.pdb  7td8EF_antibody.pdb
Converting SMILES to graph: 249/500
8dccE_antigen.pdb  2y07HL_antibody.pdb
Converting SMILES to graph: 250/500
8dccE_antigen.pdb  5occHL_antibody.pdb
Converting SMILES to graph: 251/500
8dccE_antigen.pdb  8fddAB_antibody.pdb
Converting SMILES to graph: 252/500
8dccE_antigen.pdb  4jfxHL_antibody.pdb
Converting SMILES to graph: 253/500
8dccE_antigen.pdb  8en0D_antibody.pdb
Converting SMILES to graph: 254/500
8dccE_antigen.pdb  8ee2C_antibody.pdb
Converting SMILES to graph: 255/500
8dceA_antigen.pdb  7xmxEF_antibody.pdb
Converting SMILES to graph: 256/500
8dceA_antigen.pdb  3bn9DC_antibody.pdb
Converting SMILES to graph: 257/500
8dceA_antigen.pdb  7wn8HL_antibody.pdb
Converting SMILES to graph: 258/500
8dceA_antigen.pdb  8flqN_antibody.pdb
Converting SMILES to graph: 259/500
8dceA_antigen.pdb  6al5HL_antibody.pdb
Converting SMILES to graph: 260/500
8dceA_antigen.pdb  6pe8HL_antibody.pdb
Converting SMILES to graph: 261/500
8dcmC_antigen.pdb  6q6zB_antibody.pdb
Converting SMILES to graph: 262/500
8dcmC_antigen.pdb  8fb8HL_antibody.pdb
Converting SMILES to graph: 263/500
8dcmC_antigen.pdb  5bozI_antibody.pdb
Converting SMILES to graph: 264/500
8dcmC_antigen.pdb  7ucgDE_antibody.pdb
Converting SMILES to graph: 265/500
8dcmC_antigen.pdb  4ydjAB_antibody.pdb
Converting SMILES to graph: 266/500
8dcmC_antigen.pdb  7rkyDd_antibody.pdb
Converting SMILES to graph: 267/500
8dcrAB_antigen.pdb  2fx8JN_antibody.pdb
Converting SMILES to graph: 268/500
8dcrAB_antigen.pdb  1r0aHL_antibody.pdb
Converting SMILES to graph: 269/500
8dcrAB_antigen.pdb  4kjwCD_antibody.pdb
Converting SMILES to graph: 270/500
8dcrAB_antigen.pdb  8hixN_antibody.pdb
Converting SMILES to graph: 271/500
8dcrAB_antigen.pdb  7xbdEe_antibody.pdb
Converting SMILES to graph: 272/500
8dcsAB_antigen.pdb  8f9eHL_antibody.pdb
Converting SMILES to graph: 273/500
8dcsAB_antigen.pdb  7k84B_antibody.pdb
Converting SMILES to graph: 274/500
8dcsAB_antigen.pdb  1ncdHL_antibody.pdb
Converting SMILES to graph: 275/500
8dcsAB_antigen.pdb  8gv5CD_antibody.pdb
Converting SMILES to graph: 276/500
8dcsAB_antigen.pdb  7lpnD_antibody.pdb
Converting SMILES to graph: 277/500
8dcyC_antigen.pdb  7zmsK_antibody.pdb
Converting SMILES to graph: 278/500
8dcyC_antigen.pdb  8wsqAB_antibody.pdb
Converting SMILES to graph: 279/500
8dcyC_antigen.pdb  7xdbDE_antibody.pdb
Converting SMILES to graph: 280/500
8dcyC_antigen.pdb  7ej0Hh_antibody.pdb
Converting SMILES to graph: 281/500
8dcyC_antigen.pdb  4i18HL_antibody.pdb
Converting SMILES to graph: 282/500
8dcyC_antigen.pdb  4f37HL_antibody.pdb
Converting SMILES to graph: 283/500
8dd2B_antigen.pdb  8hwtHL_antibody.pdb
Converting SMILES to graph: 284/500
8dd2B_antigen.pdb  6uc6C_antibody.pdb
Converting SMILES to graph: 285/500
8dd2B_antigen.pdb  4oiiIM_antibody.pdb
Converting SMILES to graph: 286/500
8dd2B_antigen.pdb  7upkHL_antibody.pdb
Converting SMILES to graph: 287/500
8dd2B_antigen.pdb  6xrtHL_antibody.pdb
Converting SMILES to graph: 288/500
8dd2B_antigen.pdb  7uviAB_antibody.pdb
Converting SMILES to graph: 289/500
8dd3B_antigen.pdb  5vlpHL_antibody.pdb
Converting SMILES to graph: 290/500
8dd3B_antigen.pdb  7dc8BA_antibody.pdb
Converting SMILES to graph: 291/500
8dd3B_antigen.pdb  7l57HL_antibody.pdb
Converting SMILES to graph: 292/500
8dd3B_antigen.pdb  7n8hED_antibody.pdb
Converting SMILES to graph: 293/500
8dd3B_antigen.pdb  7d4bB_antibody.pdb
Converting SMILES to graph: 294/500
8dd3B_antigen.pdb  2kh2Bb_antibody.pdb
Converting SMILES to graph: 295/500
8ddkC_antigen.pdb  7r8nMN_antibody.pdb
Converting SMILES to graph: 296/500
8ddkC_antigen.pdb  8f9sHL_antibody.pdb
Converting SMILES to graph: 297/500
8ddkC_antigen.pdb  8t03CD_antibody.pdb
Converting SMILES to graph: 298/500
8ddkC_antigen.pdb  8aiaD_antibody.pdb
Converting SMILES to graph: 299/500
8ddkC_antigen.pdb  7e9bHL_antibody.pdb
Converting SMILES to graph: 300/500
8ddkC_antigen.pdb  8epaHL_antibody.pdb
Converting SMILES to graph: 301/500
8de3A_antigen.pdb  7s0dHL_antibody.pdb
Converting SMILES to graph: 302/500
8de3A_antigen.pdb  6d01GH_antibody.pdb
Converting SMILES to graph: 303/500
8de3A_antigen.pdb  5dmjE_antibody.pdb
Converting SMILES to graph: 304/500
8de3A_antigen.pdb  8en6C_antibody.pdb
Converting SMILES to graph: 305/500
8de3A_antigen.pdb  6pe8HL_antibody.pdb
Converting SMILES to graph: 306/500
8de3A_antigen.pdb  6o9iDE_antibody.pdb
Converting SMILES to graph: 307/500
8de4A_antigen.pdb  8hk2Hh_antibody.pdb
Converting SMILES to graph: 308/500
8de4A_antigen.pdb  5vaiN_antibody.pdb
Converting SMILES to graph: 309/500
8de4A_antigen.pdb  7m1hD_antibody.pdb
Converting SMILES to graph: 310/500
8de4A_antigen.pdb  6nfvAB_antibody.pdb
Converting SMILES to graph: 311/500
8de4A_antigen.pdb  6wwzSs_antibody.pdb
Converting SMILES to graph: 312/500
8de4A_antigen.pdb  6ey6K_antibody.pdb
Converting SMILES to graph: 313/500
8de6AC_antigen.pdb  7lf7HL_antibody.pdb
Converting SMILES to graph: 314/500
8de6AC_antigen.pdb  6vy5HL_antibody.pdb
Converting SMILES to graph: 315/500
8de6AC_antigen.pdb  3lh2KO_antibody.pdb
Converting SMILES to graph: 316/500
8de6AC_antigen.pdb  7kd6OP_antibody.pdb
Converting SMILES to graph: 317/500
8de6AC_antigen.pdb  6vbpJI_antibody.pdb
Converting SMILES to graph: 318/500
8de6AC_antigen.pdb  3u30FE_antibody.pdb
Converting SMILES to graph: 319/500
8dedKJ_antigen.pdb  7r7nHL_antibody.pdb
Converting SMILES to graph: 320/500
8dedKJ_antigen.pdb  4g6mHL_antibody.pdb
Converting SMILES to graph: 321/500
8dedKJ_antigen.pdb  8euvGH_antibody.pdb
Converting SMILES to graph: 322/500
8dedKJ_antigen.pdb  7zljHL_antibody.pdb
Converting SMILES to graph: 323/500
8dedKJ_antigen.pdb  7q6zB_antibody.pdb
Converting SMILES to graph: 324/500
8dedKJ_antigen.pdb  7raqHL_antibody.pdb
Converting SMILES to graph: 325/500
8defGF_antigen.pdb  7eycAB_antibody.pdb
Converting SMILES to graph: 326/500
8defGF_antigen.pdb  7ucxHL_antibody.pdb
Converting SMILES to graph: 327/500
8defGF_antigen.pdb  7su1HL_antibody.pdb
Converting SMILES to graph: 328/500
8defGF_antigen.pdb  5mi0BC_antibody.pdb
Converting SMILES to graph: 329/500
8defGF_antigen.pdb  7lddKJ_antibody.pdb
Converting SMILES to graph: 330/500
8defGF_antigen.pdb  8e8xHL_antibody.pdb
Converting SMILES to graph: 331/500
8deqFD_antigen.pdb  7yvpLM_antibody.pdb
Converting SMILES to graph: 332/500
8deqFD_antigen.pdb  7qf1CB_antibody.pdb
Converting SMILES to graph: 333/500
8deqFD_antigen.pdb  8oxxBC_antibody.pdb
Converting SMILES to graph: 334/500
8deqFD_antigen.pdb  8hmvN_antibody.pdb
Converting SMILES to graph: 335/500
8deqFD_antigen.pdb  5fb8BA_antibody.pdb
Converting SMILES to graph: 336/500
8deqFD_antigen.pdb  2x7lGI_antibody.pdb
Converting SMILES to graph: 337/500
8derB_antigen.pdb  6n1whl_antibody.pdb
Converting SMILES to graph: 338/500
8derB_antigen.pdb  7duoHL_antibody.pdb
Converting SMILES to graph: 339/500
8derB_antigen.pdb  4ki5EF_antibody.pdb
Converting SMILES to graph: 340/500
8derB_antigen.pdb  6ru5C_antibody.pdb
Converting SMILES to graph: 341/500
8derB_antigen.pdb  7keoEF_antibody.pdb
Converting SMILES to graph: 342/500
8derB_antigen.pdb  7kxkIM_antibody.pdb
Converting SMILES to graph: 343/500
8df1B_antigen.pdb  5occHL_antibody.pdb
Converting SMILES to graph: 344/500
8df1B_antigen.pdb  7pnmIE_antibody.pdb
Converting SMILES to graph: 345/500
8df1B_antigen.pdb  5ommC_antibody.pdb
Converting SMILES to graph: 346/500
8df1B_antigen.pdb  6x06K_antibody.pdb
Converting SMILES to graph: 347/500
8df1B_antigen.pdb  5y7zD_antibody.pdb
Converting SMILES to graph: 348/500
8df1B_antigen.pdb  7f1oE_antibody.pdb
Converting SMILES to graph: 349/500
8df5R_antigen.pdb  8hnlSs_antibody.pdb
Converting SMILES to graph: 350/500
8df5R_antigen.pdb  5mp3AB_antibody.pdb
Converting SMILES to graph: 351/500
8df5R_antigen.pdb  7o0sA_antibody.pdb
Converting SMILES to graph: 352/500
8df5R_antigen.pdb  8dvdHL_antibody.pdb
Converting SMILES to graph: 353/500
8df5R_antigen.pdb  6xprBC_antibody.pdb
Converting SMILES to graph: 354/500
8df5R_antigen.pdb  8grrHL_antibody.pdb
Converting SMILES to graph: 355/500
8dfgA_antigen.pdb  1kcrHL_antibody.pdb
Converting SMILES to graph: 356/500
8dfgA_antigen.pdb  3modHL_antibody.pdb
Converting SMILES to graph: 357/500
8dfgA_antigen.pdb  6mpg34_antibody.pdb
Converting SMILES to graph: 358/500
8dfgA_antigen.pdb  7n0iK_antibody.pdb
Converting SMILES to graph: 359/500
8dfgA_antigen.pdb  7x6lGJ_antibody.pdb
Converting SMILES to graph: 360/500
8dfgA_antigen.pdb  8dlrHL_antibody.pdb
Converting SMILES to graph: 361/500
8dfhA_antigen.pdb  3a67HL_antibody.pdb
Converting SMILES to graph: 362/500
8dfhA_antigen.pdb  7um3IM_antibody.pdb
Converting SMILES to graph: 363/500
8dfhA_antigen.pdb  3tt1IM_antibody.pdb
Converting SMILES to graph: 364/500
8dfhA_antigen.pdb  1svzbB_antibody.pdb
Converting SMILES to graph: 365/500
8dfhA_antigen.pdb  6ejgDd_antibody.pdb
Converting SMILES to graph: 366/500
8dfhA_antigen.pdb  3eoaHL_antibody.pdb
Converting SMILES to graph: 367/500
8dfiA_antigen.pdb  5bopA_antibody.pdb
Converting SMILES to graph: 368/500
8dfiA_antigen.pdb  6h15D_antibody.pdb
Converting SMILES to graph: 369/500
8dfiA_antigen.pdb  5if0AB_antibody.pdb
Converting SMILES to graph: 370/500
8dfiA_antigen.pdb  6xlzHL_antibody.pdb
Converting SMILES to graph: 371/500
8dfiA_antigen.pdb  6w4mHL_antibody.pdb
Converting SMILES to graph: 372/500
8dflA_antigen.pdb  8w88N_antibody.pdb
Converting SMILES to graph: 373/500
8dflA_antigen.pdb  6kvahl_antibody.pdb
Converting SMILES to graph: 374/500
8dflA_antigen.pdb  3vi3FE_antibody.pdb
Converting SMILES to graph: 375/500
8dflA_antigen.pdb  2xxmB_antibody.pdb
Converting SMILES to graph: 376/500
8dflA_antigen.pdb  7lo8HL_antibody.pdb
Converting SMILES to graph: 377/500
8dflA_antigen.pdb  7budGI_antibody.pdb
Converting SMILES to graph: 378/500
8dg8B_antigen.pdb  8iv4HL_antibody.pdb
Converting SMILES to graph: 379/500
8dg8B_antigen.pdb  6w0cAB_antibody.pdb
Converting SMILES to graph: 380/500
8dg8B_antigen.pdb  6udkMN_antibody.pdb
Converting SMILES to graph: 381/500
8dg8B_antigen.pdb  4hepG_antibody.pdb
Converting SMILES to graph: 382/500
8dg8B_antigen.pdb  6cnjGF_antibody.pdb
Converting SMILES to graph: 383/500
8dg8B_antigen.pdb  5w1mDC_antibody.pdb
Converting SMILES to graph: 384/500
8dg9A_antigen.pdb  7qnaN_antibody.pdb
Converting SMILES to graph: 385/500
8dg9A_antigen.pdb  7trpHh_antibody.pdb
Converting SMILES to graph: 386/500
8dg9A_antigen.pdb  7yaiC_antibody.pdb
Converting SMILES to graph: 387/500
8dg9A_antigen.pdb  7r8lHL_antibody.pdb
Converting SMILES to graph: 388/500
8dg9A_antigen.pdb  4wfhGF_antibody.pdb
Converting SMILES to graph: 389/500
8dg9A_antigen.pdb  7oanF_antibody.pdb
Converting SMILES to graph: 390/500
8dguA_antigen.pdb  7kbiC_antibody.pdb
Converting SMILES to graph: 391/500
8dguA_antigen.pdb  8q6jBA_antibody.pdb
Converting SMILES to graph: 392/500
8dguA_antigen.pdb  4weuE_antibody.pdb
Converting SMILES to graph: 393/500
8dguA_antigen.pdb  2p47B_antibody.pdb
Converting SMILES to graph: 394/500
8dguA_antigen.pdb  6h7mD_antibody.pdb
Converting SMILES to graph: 395/500
8dguA_antigen.pdb  7yqyHF_antibody.pdb
Converting SMILES to graph: 396/500
8dgvA_antigen.pdb  7kylXY_antibody.pdb
Converting SMILES to graph: 397/500
8dgvA_antigen.pdb  8tp5EF_antibody.pdb
Converting SMILES to graph: 398/500
8dgvA_antigen.pdb  7zxuA_antibody.pdb
Converting SMILES to graph: 399/500
8dgvA_antigen.pdb  6ewbJK_antibody.pdb
Converting SMILES to graph: 400/500
8dgvA_antigen.pdb  8f0gXY_antibody.pdb
Converting SMILES to graph: 401/500
8dgvA_antigen.pdb  7o3bA_antibody.pdb
Converting SMILES to graph: 402/500
8dgwG_antigen.pdb  4lgpD_antibody.pdb
Converting SMILES to graph: 403/500
8dgwG_antigen.pdb  6mv5HL_antibody.pdb
Converting SMILES to graph: 404/500
8dgwG_antigen.pdb  4ubdST_antibody.pdb
Converting SMILES to graph: 405/500
8dgwG_antigen.pdb  7tl0DE_antibody.pdb
Converting SMILES to graph: 406/500
8dgwG_antigen.pdb  5mp1FG_antibody.pdb
Converting SMILES to graph: 407/500
8dgwG_antigen.pdb  8hj5Cc_antibody.pdb
Converting SMILES to graph: 408/500
8dgxC_antigen.pdb  8djmHL_antibody.pdb
Converting SMILES to graph: 409/500
8dgxC_antigen.pdb  7vigEe_antibody.pdb
Converting SMILES to graph: 410/500
8dgxC_antigen.pdb  3g5vBA_antibody.pdb
Converting SMILES to graph: 411/500
8dgxC_antigen.pdb  4xnzHL_antibody.pdb
Converting SMILES to graph: 412/500
8dgxC_antigen.pdb  7oxnHK_antibody.pdb
Converting SMILES to graph: 413/500
8dgxC_antigen.pdb  4x7eC_antibody.pdb
Converting SMILES to graph: 414/500
8di5C_antigen.pdb  7ue9HL_antibody.pdb
Converting SMILES to graph: 415/500
8di5C_antigen.pdb  6oshHL_antibody.pdb
Converting SMILES to graph: 416/500
8di5C_antigen.pdb  2hfgHL_antibody.pdb
Converting SMILES to graph: 417/500
8di5C_antigen.pdb  7qicB_antibody.pdb
Converting SMILES to graph: 418/500
8di5C_antigen.pdb  7a25D_antibody.pdb
Converting SMILES to graph: 419/500
8di5C_antigen.pdb  1e4wHL_antibody.pdb
Converting SMILES to graph: 420/500
8dimA_antigen.pdb  7ummHL_antibody.pdb
Converting SMILES to graph: 421/500
8dimA_antigen.pdb  6z43Y_antibody.pdb
Converting SMILES to graph: 422/500
8dimA_antigen.pdb  7r7nHL_antibody.pdb
Converting SMILES to graph: 423/500
8dimA_antigen.pdb  8iv5HL_antibody.pdb
Converting SMILES to graph: 424/500
8dimA_antigen.pdb  6niuIJ_antibody.pdb
Converting SMILES to graph: 425/500
8dimA_antigen.pdb  6lxjMN_antibody.pdb
Converting SMILES to graph: 426/500
8disdD_antigen.pdb  7s8oEe_antibody.pdb
Converting SMILES to graph: 427/500
8disdD_antigen.pdb  5bk0BA_antibody.pdb
Converting SMILES to graph: 428/500
8disdD_antigen.pdb  6iccHL_antibody.pdb
Converting SMILES to graph: 429/500
8disdD_antigen.pdb  6ko5HL_antibody.pdb
Converting SMILES to graph: 430/500
8disdD_antigen.pdb  8gb8HL_antibody.pdb
Converting SMILES to graph: 431/500
8disdD_antigen.pdb  8si9JI_antibody.pdb
Converting SMILES to graph: 432/500
8diuD_antigen.pdb  8b1cB_antibody.pdb
Converting SMILES to graph: 433/500
8diuD_antigen.pdb  8aiaD_antibody.pdb
Converting SMILES to graph: 434/500
8diuD_antigen.pdb  6wx2AB_antibody.pdb
Converting SMILES to graph: 435/500
8diuD_antigen.pdb  7finN_antibody.pdb
Converting SMILES to graph: 436/500
8diuD_antigen.pdb  1mhpHL_antibody.pdb
Converting SMILES to graph: 437/500
8diuD_antigen.pdb  6udjHI_antibody.pdb
Converting SMILES to graph: 438/500
8djgF_antigen.pdb  1rjlBA_antibody.pdb
Converting SMILES to graph: 439/500
8djgF_antigen.pdb  3idgBA_antibody.pdb
Converting SMILES to graph: 440/500
8djgF_antigen.pdb  8df5AB_antibody.pdb
Converting SMILES to graph: 441/500
8djgF_antigen.pdb  6didKE_antibody.pdb
Converting SMILES to graph: 442/500
8djgF_antigen.pdb  3n85HL_antibody.pdb
Converting SMILES to graph: 443/500
8djgF_antigen.pdb  4mqsB_antibody.pdb
Converting SMILES to graph: 444/500
8djkBA_antigen.pdb  7mjlHL_antibody.pdb
Converting SMILES to graph: 445/500
8djkBA_antigen.pdb  7n9cE_antibody.pdb
Converting SMILES to graph: 446/500
8djkBA_antigen.pdb  7ej0Hh_antibody.pdb
Converting SMILES to graph: 447/500
8djkBA_antigen.pdb  3zdyHL_antibody.pdb
Converting SMILES to graph: 448/500
8djkBA_antigen.pdb  7zlhHL_antibody.pdb
Converting SMILES to graph: 449/500
8djkBA_antigen.pdb  7eajFL_antibody.pdb
Converting SMILES to graph: 450/500
8djmBA_antigen.pdb  5tsj1_antibody.pdb
Converting SMILES to graph: 451/500
8djmBA_antigen.pdb  6phcAB_antibody.pdb
Converting SMILES to graph: 452/500
8djmBA_antigen.pdb  7a48A_antibody.pdb
Converting SMILES to graph: 453/500
8djmBA_antigen.pdb  7su0IM_antibody.pdb
Converting SMILES to graph: 454/500
8djmBA_antigen.pdb  6didKE_antibody.pdb
Converting SMILES to graph: 455/500
8djmBA_antigen.pdb  7aqxC_antibody.pdb
Converting SMILES to graph: 456/500
8dk6E_antigen.pdb  8i0qHL_antibody.pdb
Converting SMILES to graph: 457/500
8dk6E_antigen.pdb  7dssA_antibody.pdb
Converting SMILES to graph: 458/500
8dk6E_antigen.pdb  6wtuHI_antibody.pdb
Converting SMILES to graph: 459/500
8dk6E_antigen.pdb  6z3qHL_antibody.pdb
Converting SMILES to graph: 460/500
8dk6E_antigen.pdb  4f9ldD_antibody.pdb
Converting SMILES to graph: 461/500
8dk6E_antigen.pdb  7m2iAB_antibody.pdb
Converting SMILES to graph: 462/500
8dkeP_antigen.pdb  5imkB_antibody.pdb
Converting SMILES to graph: 463/500
8dkeP_antigen.pdb  7re7HL_antibody.pdb
Converting SMILES to graph: 464/500
8dkeP_antigen.pdb  6f2wB_antibody.pdb
Converting SMILES to graph: 465/500
8dkeP_antigen.pdb  2nxyDC_antibody.pdb
Converting SMILES to graph: 466/500
8dkeP_antigen.pdb  7v6nED_antibody.pdb
Converting SMILES to graph: 467/500
8dkeP_antigen.pdb  7w2zSs_antibody.pdb
Converting SMILES to graph: 468/500
8dkiP_antigen.pdb  7detDd_antibody.pdb
Converting SMILES to graph: 469/500
8dkiP_antigen.pdb  7k8tOP_antibody.pdb
Converting SMILES to graph: 470/500
8dkiP_antigen.pdb  7ul3C_antibody.pdb
Converting SMILES to graph: 471/500
8dkiP_antigen.pdb  5m2iJ_antibody.pdb
Converting SMILES to graph: 472/500
8dkiP_antigen.pdb  7cvtEF_antibody.pdb
Converting SMILES to graph: 473/500
8dkiP_antigen.pdb  5xhvHL_antibody.pdb
Converting SMILES to graph: 474/500
8dkmP_antigen.pdb  6nyqHL_antibody.pdb
Converting SMILES to graph: 475/500
8dkmP_antigen.pdb  5cjoHL_antibody.pdb
Converting SMILES to graph: 476/500
8dkmP_antigen.pdb  6nmrAB_antibody.pdb
Converting SMILES to graph: 477/500
8dkmP_antigen.pdb  7zraE_antibody.pdb
Converting SMILES to graph: 478/500
8dkmP_antigen.pdb  7xauEe_antibody.pdb
Converting SMILES to graph: 479/500
8dkmP_antigen.pdb  2vdlHL_antibody.pdb
Converting SMILES to graph: 480/500
8dkwP_antigen.pdb  7tpjHL_antibody.pdb
Converting SMILES to graph: 481/500
8dkwP_antigen.pdb  8jspEe_antibody.pdb
Converting SMILES to graph: 482/500
8dkwP_antigen.pdb  5mu0AB_antibody.pdb
Converting SMILES to graph: 483/500
8dkwP_antigen.pdb  5ovwI_antibody.pdb
Converting SMILES to graph: 484/500
8dkwP_antigen.pdb  8jirN_antibody.pdb
Converting SMILES to graph: 485/500
8dkwP_antigen.pdb  5vl7HL_antibody.pdb
Converting SMILES to graph: 486/500
8dkxP_antigen.pdb  5ktz7_antibody.pdb
Converting SMILES to graph: 487/500
8dkxP_antigen.pdb  7my2D_antibody.pdb
Converting SMILES to graph: 488/500
8dkxP_antigen.pdb  6o2aCD_antibody.pdb
Converting SMILES to graph: 489/500
8dkxP_antigen.pdb  4lcuAB_antibody.pdb
Converting SMILES to graph: 490/500
8dkxP_antigen.pdb  7s1bHL_antibody.pdb
Converting SMILES to graph: 491/500
8dkxP_antigen.pdb  5eocJM_antibody.pdb
Converting SMILES to graph: 492/500
8dl6A_antigen.pdb  7pc2GH_antibody.pdb
Converting SMILES to graph: 493/500
8dl6A_antigen.pdb  7wxwD_antibody.pdb
Converting SMILES to graph: 494/500
8dl6A_antigen.pdb  5ob5HL_antibody.pdb
Converting SMILES to graph: 495/500
8dl6A_antigen.pdb  7zliHL_antibody.pdb
Converting SMILES to graph: 496/500
8dl6A_antigen.pdb  5fb8BA_antibody.pdb
Converting SMILES to graph: 497/500
8dl6A_antigen.pdb  3lh2KO_antibody.pdb
Converting SMILES to graph: 498/500
8dl7A_antigen.pdb  7tdmHL_antibody.pdb
Converting SMILES to graph: 499/500
8dl7A_antigen.pdb  5cusJN_antibody.pdb
Converting SMILES to graph: 500/500
8dl7A_antigen.pdb  7dhaCB_antibody.pdb
Graph construction done. Saving to file.
