Converting SMILES to graph: 1/500
7y9vA_antigen.pdb  8f7qEe_antibody.pdb
Converting SMILES to graph: 2/500
7y9vA_antigen.pdb  6mph34_antibody.pdb
Converting SMILES to graph: 3/500
7y9vA_antigen.pdb  8h08DJ_antibody.pdb
Converting SMILES to graph: 4/500
7y9vA_antigen.pdb  7ahvAB_antibody.pdb
Converting SMILES to graph: 5/500
7y9vA_antigen.pdb  7mw6DE_antibody.pdb
Converting SMILES to graph: 6/500
7yacAB_antigen.pdb  7njzHL_antibody.pdb
Converting SMILES to graph: 7/500
7yacAB_antigen.pdb  3r1gHL_antibody.pdb
Converting SMILES to graph: 8/500
7yacAB_antigen.pdb  7yfdCc_antibody.pdb
Converting SMILES to graph: 9/500
7yacAB_antigen.pdb  6qupB_antibody.pdb
Converting SMILES to graph: 10/500
7yacAB_antigen.pdb  7s3mHL_antibody.pdb
Converting SMILES to graph: 11/500
7yacAB_antigen.pdb  5o7pBA_antibody.pdb
Converting SMILES to graph: 12/500
7yadM_antigen.pdb  7xp4N_antibody.pdb
Converting SMILES to graph: 13/500
7yadM_antigen.pdb  8h8qHL_antibody.pdb
Converting SMILES to graph: 14/500
7yadM_antigen.pdb  6pdsBA_antibody.pdb
Converting SMILES to graph: 15/500
7yadM_antigen.pdb  1ncaHL_antibody.pdb
Converting SMILES to graph: 16/500
7yadM_antigen.pdb  6hupG_antibody.pdb
Converting SMILES to graph: 17/500
7yadM_antigen.pdb  7wlcHL_antibody.pdb
Converting SMILES to graph: 18/500
7yaeACB_antigen.pdb  6wezHL_antibody.pdb
Converting SMILES to graph: 19/500
7yaeACB_antigen.pdb  7qn9L_antibody.pdb
Converting SMILES to graph: 20/500
7yaeACB_antigen.pdb  8ihbSs_antibody.pdb
Converting SMILES to graph: 21/500
7yaeACB_antigen.pdb  8go8HL_antibody.pdb
Converting SMILES to graph: 22/500
7yaeACB_antigen.pdb  5u3lHL_antibody.pdb
Converting SMILES to graph: 23/500
7yaeACB_antigen.pdb  8eh5HL_antibody.pdb
Converting SMILES to graph: 24/500
7yagA_antigen.pdb  7bbjMN_antibody.pdb
Converting SMILES to graph: 25/500
7yagA_antigen.pdb  8e8xHL_antibody.pdb
Converting SMILES to graph: 26/500
7yagA_antigen.pdb  7u9oHL_antibody.pdb
Converting SMILES to graph: 27/500
7yagA_antigen.pdb  6mzjHL_antibody.pdb
Converting SMILES to graph: 28/500
7yagA_antigen.pdb  7np1IM_antibody.pdb
Converting SMILES to graph: 29/500
7yahA_antigen.pdb  4xp6HL_antibody.pdb
Converting SMILES to graph: 30/500
7yahA_antigen.pdb  8hnkSs_antibody.pdb
Converting SMILES to graph: 31/500
7yahA_antigen.pdb  7upmB_antibody.pdb
Converting SMILES to graph: 32/500
7yahA_antigen.pdb  5x8mBC_antibody.pdb
Converting SMILES to graph: 33/500
7yahA_antigen.pdb  7choHL_antibody.pdb
Converting SMILES to graph: 34/500
7yahA_antigen.pdb  7bz5HL_antibody.pdb
Converting SMILES to graph: 35/500
7yaiA_antigen.pdb  4zxbCD_antibody.pdb
Converting SMILES to graph: 36/500
7yaiA_antigen.pdb  6ayzBD_antibody.pdb
Converting SMILES to graph: 37/500
7yaiA_antigen.pdb  8itlN_antibody.pdb
Converting SMILES to graph: 38/500
7yaiA_antigen.pdb  5tr1IM_antibody.pdb
Converting SMILES to graph: 39/500
7yaiA_antigen.pdb  2b1aHL_antibody.pdb
Converting SMILES to graph: 40/500
7yaiA_antigen.pdb  4r8wHL_antibody.pdb
Converting SMILES to graph: 41/500
7yajA_antigen.pdb  6e63HL_antibody.pdb
Converting SMILES to graph: 42/500
7yajA_antigen.pdb  3ujiHL_antibody.pdb
Converting SMILES to graph: 43/500
7yajA_antigen.pdb  7soaHL_antibody.pdb
Converting SMILES to graph: 44/500
7yajA_antigen.pdb  7m74HL_antibody.pdb
Converting SMILES to graph: 45/500
7yajA_antigen.pdb  7vihEe_antibody.pdb
Converting SMILES to graph: 46/500
7yajA_antigen.pdb  5tbdEF_antibody.pdb
Converting SMILES to graph: 47/500
7yarC_antigen.pdb  5cjxAC_antibody.pdb
Converting SMILES to graph: 48/500
7yarC_antigen.pdb  6gk7HL_antibody.pdb
Converting SMILES to graph: 49/500
7yarC_antigen.pdb  7tyhN_antibody.pdb
Converting SMILES to graph: 50/500
7yarC_antigen.pdb  2h32HA_antibody.pdb
Converting SMILES to graph: 51/500
7yarC_antigen.pdb  3mlsJN_antibody.pdb
Converting SMILES to graph: 52/500
7yarC_antigen.pdb  8hedGF_antibody.pdb
Converting SMILES to graph: 53/500
7yc5A_antigen.pdb  3hb3CD_antibody.pdb
Converting SMILES to graph: 54/500
7yc5A_antigen.pdb  7wryHL_antibody.pdb
Converting SMILES to graph: 55/500
7yc5A_antigen.pdb  8cydD_antibody.pdb
Converting SMILES to graph: 56/500
7yc5A_antigen.pdb  5f9dC_antibody.pdb
Converting SMILES to graph: 57/500
7yc5A_antigen.pdb  7engHL_antibody.pdb
Converting SMILES to graph: 58/500
7yc5A_antigen.pdb  7yagC_antibody.pdb
Converting SMILES to graph: 59/500
7yckA_antigen.pdb  7pg8IG_antibody.pdb
Converting SMILES to graph: 60/500
7yckA_antigen.pdb  7k8uHL_antibody.pdb
Converting SMILES to graph: 61/500
7yckA_antigen.pdb  7wjyBC_antibody.pdb
Converting SMILES to graph: 62/500
7yckA_antigen.pdb  4xh2AB_antibody.pdb
Converting SMILES to graph: 63/500
7yckA_antigen.pdb  7fg3D_antibody.pdb
Converting SMILES to graph: 64/500
7yckA_antigen.pdb  1ua6HL_antibody.pdb
Converting SMILES to graph: 65/500
7yclR_antigen.pdb  8cybD_antibody.pdb
Converting SMILES to graph: 66/500
7yclR_antigen.pdb  7mjtAB_antibody.pdb
Converting SMILES to graph: 67/500
7yclR_antigen.pdb  7rnnC_antibody.pdb
Converting SMILES to graph: 68/500
7yclR_antigen.pdb  5wk3WV_antibody.pdb
Converting SMILES to graph: 69/500
7yclR_antigen.pdb  7pqzHL_antibody.pdb
Converting SMILES to graph: 70/500
7yclR_antigen.pdb  7q9mEF_antibody.pdb
Converting SMILES to graph: 71/500
7ycnJ_antigen.pdb  3u0tDC_antibody.pdb
Converting SMILES to graph: 72/500
7ycnJ_antigen.pdb  7lf8HL_antibody.pdb
Converting SMILES to graph: 73/500
7ycnJ_antigen.pdb  8sgoJI_antibody.pdb
Converting SMILES to graph: 74/500
7ycnJ_antigen.pdb  7n9eD_antibody.pdb
Converting SMILES to graph: 75/500
7ycnJ_antigen.pdb  8iy5Ee_antibody.pdb
Converting SMILES to graph: 76/500
7ycnJ_antigen.pdb  8dn6CD_antibody.pdb
Converting SMILES to graph: 77/500
7yd1C_antigen.pdb  7vvlN_antibody.pdb
Converting SMILES to graph: 78/500
7yd1C_antigen.pdb  7canA_antibody.pdb
Converting SMILES to graph: 79/500
7yd1C_antigen.pdb  4j4pHL_antibody.pdb
Converting SMILES to graph: 80/500
7yd1C_antigen.pdb  4dkfHL_antibody.pdb
Converting SMILES to graph: 81/500
7yd1C_antigen.pdb  8q6jBA_antibody.pdb
Converting SMILES to graph: 82/500
7yd1C_antigen.pdb  7cqdIM_antibody.pdb
Converting SMILES to graph: 83/500
7ydhAB_antigen.pdb  8j1vHK_antibody.pdb
Converting SMILES to graph: 84/500
7ydhAB_antigen.pdb  7qtiGH_antibody.pdb
Converting SMILES to graph: 85/500
7ydhAB_antigen.pdb  7tyhN_antibody.pdb
Converting SMILES to graph: 86/500
7ydhAB_antigen.pdb  4jo1HL_antibody.pdb
Converting SMILES to graph: 87/500
7ydhAB_antigen.pdb  7vvjN_antibody.pdb
Converting SMILES to graph: 88/500
7ydhAB_antigen.pdb  7d77Ss_antibody.pdb
Converting SMILES to graph: 89/500
7ydiE_antigen.pdb  7s11KO_antibody.pdb
Converting SMILES to graph: 90/500
7ydiE_antigen.pdb  8dnnBC_antibody.pdb
Converting SMILES to graph: 91/500
7ydiE_antigen.pdb  6yxkAB_antibody.pdb
Converting SMILES to graph: 92/500
7ydiE_antigen.pdb  4rgmHL_antibody.pdb
Converting SMILES to graph: 93/500
7ydiE_antigen.pdb  6xlzHL_antibody.pdb
Converting SMILES to graph: 94/500
7ydjAB_antigen.pdb  6wtuHI_antibody.pdb
Converting SMILES to graph: 95/500
7ydjAB_antigen.pdb  8aonBC_antibody.pdb
Converting SMILES to graph: 96/500
7ydjAB_antigen.pdb  7zf4F_antibody.pdb
Converting SMILES to graph: 97/500
7ydjAB_antigen.pdb  4qciHL_antibody.pdb
Converting SMILES to graph: 98/500
7ydjAB_antigen.pdb  6ayzBD_antibody.pdb
Converting SMILES to graph: 99/500
7ydjAB_antigen.pdb  6s3dCD_antibody.pdb
Converting SMILES to graph: 100/500
7ydmAB_antigen.pdb  7ubyD_antibody.pdb
Converting SMILES to graph: 101/500
7ydmAB_antigen.pdb  6xkrHL_antibody.pdb
Converting SMILES to graph: 102/500
7ydmAB_antigen.pdb  7a65CB_antibody.pdb
Converting SMILES to graph: 103/500
7ydmAB_antigen.pdb  8dcmAB_antibody.pdb
Converting SMILES to graph: 104/500
7ydmAB_antigen.pdb  8c9xF_antibody.pdb
Converting SMILES to graph: 105/500
7ydpAB_antigen.pdb  6z43Y_antibody.pdb
Converting SMILES to graph: 106/500
7ydpAB_antigen.pdb  8g9yHL_antibody.pdb
Converting SMILES to graph: 107/500
7ydpAB_antigen.pdb  7sl9B_antibody.pdb
Converting SMILES to graph: 108/500
7ydpAB_antigen.pdb  8elnC_antibody.pdb
Converting SMILES to graph: 109/500
7ydpAB_antigen.pdb  6dfgHL_antibody.pdb
Converting SMILES to graph: 110/500
7ydpAB_antigen.pdb  1u8kBA_antibody.pdb
Converting SMILES to graph: 111/500
7ydsA_antigen.pdb  5m2mJ_antibody.pdb
Converting SMILES to graph: 112/500
7ydsA_antigen.pdb  7f4dN_antibody.pdb
Converting SMILES to graph: 113/500
7ydsA_antigen.pdb  7x2cE_antibody.pdb
Converting SMILES to graph: 114/500
7ydsA_antigen.pdb  8hc2HL_antibody.pdb
Converting SMILES to graph: 115/500
7ydsA_antigen.pdb  7wp2HL_antibody.pdb
Converting SMILES to graph: 116/500
7ydyAB_antigen.pdb  1ua6HL_antibody.pdb
Converting SMILES to graph: 117/500
7ydyAB_antigen.pdb  7bbgHL_antibody.pdb
Converting SMILES to graph: 118/500
7ydyAB_antigen.pdb  8ejcEe_antibody.pdb
Converting SMILES to graph: 119/500
7ydyAB_antigen.pdb  8opiA_antibody.pdb
Converting SMILES to graph: 120/500
7ydyAB_antigen.pdb  8dfgHL_antibody.pdb
Converting SMILES to graph: 121/500
7ydyAB_antigen.pdb  8ezkHh_antibody.pdb
Converting SMILES to graph: 122/500
7ye5AB_antigen.pdb  8omuB_antibody.pdb
Converting SMILES to graph: 123/500
7ye5AB_antigen.pdb  7mxlJK_antibody.pdb
Converting SMILES to graph: 124/500
7ye5AB_antigen.pdb  7t6bEe_antibody.pdb
Converting SMILES to graph: 125/500
7ye5AB_antigen.pdb  5vnwC_antibody.pdb
Converting SMILES to graph: 126/500
7ye5AB_antigen.pdb  5e1hB_antibody.pdb
Converting SMILES to graph: 127/500
7ye5AB_antigen.pdb  7ej5JN_antibody.pdb
Converting SMILES to graph: 128/500
7ye9A_antigen.pdb  7evwN_antibody.pdb
Converting SMILES to graph: 129/500
7ye9A_antigen.pdb  7p2dC_antibody.pdb
Converting SMILES to graph: 130/500
7ye9A_antigen.pdb  7ubyD_antibody.pdb
Converting SMILES to graph: 131/500
7ye9A_antigen.pdb  7sl9B_antibody.pdb
Converting SMILES to graph: 132/500
7ye9A_antigen.pdb  7vafHL_antibody.pdb
Converting SMILES to graph: 133/500
7ye9A_antigen.pdb  5kelQU_antibody.pdb
Converting SMILES to graph: 134/500
7yegA_antigen.pdb  7n64HL_antibody.pdb
Converting SMILES to graph: 135/500
7yegA_antigen.pdb  7n8hED_antibody.pdb
Converting SMILES to graph: 136/500
7yegA_antigen.pdb  8g3oEF_antibody.pdb
Converting SMILES to graph: 137/500
7yegA_antigen.pdb  6wwcDH_antibody.pdb
Converting SMILES to graph: 138/500
7yegA_antigen.pdb  6cnkKJ_antibody.pdb
Converting SMILES to graph: 139/500
7yegA_antigen.pdb  6c5wE_antibody.pdb
Converting SMILES to graph: 140/500
7yfcA_antigen.pdb  7n28SU_antibody.pdb
Converting SMILES to graph: 141/500
7yfcA_antigen.pdb  8gtoHL_antibody.pdb
Converting SMILES to graph: 142/500
7yfcA_antigen.pdb  7yh6HL_antibody.pdb
Converting SMILES to graph: 143/500
7yfcA_antigen.pdb  7scgEe_antibody.pdb
Converting SMILES to graph: 144/500
7yfcA_antigen.pdb  7q9jEF_antibody.pdb
Converting SMILES to graph: 145/500
7yfdA_antigen.pdb  8hitAB_antibody.pdb
Converting SMILES to graph: 146/500
7yfdA_antigen.pdb  6erxFG_antibody.pdb
Converting SMILES to graph: 147/500
7yfdA_antigen.pdb  4g3yHL_antibody.pdb
Converting SMILES to graph: 148/500
7yfdA_antigen.pdb  8hhyHL_antibody.pdb
Converting SMILES to graph: 149/500
7yfdA_antigen.pdb  5aamBb_antibody.pdb
Converting SMILES to graph: 150/500
7yh6A_antigen.pdb  7y12Ss_antibody.pdb
Converting SMILES to graph: 151/500
7yh6A_antigen.pdb  7lk4FE_antibody.pdb
Converting SMILES to graph: 152/500
7yh6A_antigen.pdb  7v3hGH_antibody.pdb
Converting SMILES to graph: 153/500
7yh6A_antigen.pdb  5xcsAB_antibody.pdb
Converting SMILES to graph: 154/500
7yh6A_antigen.pdb  7zk1B_antibody.pdb
Converting SMILES to graph: 155/500
7yh7B_antigen.pdb  7ch5HL_antibody.pdb
Converting SMILES to graph: 156/500
7yh7B_antigen.pdb  4q5zOP_antibody.pdb
Converting SMILES to graph: 157/500
7yh7B_antigen.pdb  5dd0HL_antibody.pdb
Converting SMILES to graph: 158/500
7yh7B_antigen.pdb  8c3lB_antibody.pdb
Converting SMILES to graph: 159/500
7yh7B_antigen.pdb  5myoBA_antibody.pdb
Converting SMILES to graph: 160/500
7yhkA_antigen.pdb  7d5zPO_antibody.pdb
Converting SMILES to graph: 161/500
7yhkA_antigen.pdb  6oz6H_antibody.pdb
Converting SMILES to graph: 162/500
7yhkA_antigen.pdb  8jiiSs_antibody.pdb
Converting SMILES to graph: 163/500
7yhkA_antigen.pdb  5j57B_antibody.pdb
Converting SMILES to graph: 164/500
7yhkA_antigen.pdb  4dtgHL_antibody.pdb
Converting SMILES to graph: 165/500
7yhkA_antigen.pdb  7u8gDE_antibody.pdb
Converting SMILES to graph: 166/500
7yi6A_antigen.pdb  6u12B_antibody.pdb
Converting SMILES to graph: 167/500
7yi6A_antigen.pdb  6xcnHL_antibody.pdb
Converting SMILES to graph: 168/500
7yi6A_antigen.pdb  6ch8DE_antibody.pdb
Converting SMILES to graph: 169/500
7yi6A_antigen.pdb  3wd5HL_antibody.pdb
Converting SMILES to graph: 170/500
7yi6A_antigen.pdb  8j1nB_antibody.pdb
Converting SMILES to graph: 171/500
7yi6A_antigen.pdb  4nikBb_antibody.pdb
Converting SMILES to graph: 172/500
7yitA_antigen.pdb  5fhxH_antibody.pdb
Converting SMILES to graph: 173/500
7yitA_antigen.pdb  4jo3IM_antibody.pdb
Converting SMILES to graph: 174/500
7yitA_antigen.pdb  7s8nEe_antibody.pdb
Converting SMILES to graph: 175/500
7yitA_antigen.pdb  4w6yB_antibody.pdb
Converting SMILES to graph: 176/500
7yitA_antigen.pdb  7zljHL_antibody.pdb
Converting SMILES to graph: 177/500
7yitA_antigen.pdb  3moaHL_antibody.pdb
Converting SMILES to graph: 178/500
7yixA_antigen.pdb  8iw7Ss_antibody.pdb
Converting SMILES to graph: 179/500
7yixA_antigen.pdb  6mw9OP_antibody.pdb
Converting SMILES to graph: 180/500
7yixA_antigen.pdb  8g3oEF_antibody.pdb
Converting SMILES to graph: 181/500
7yixA_antigen.pdb  7a3pHL_antibody.pdb
Converting SMILES to graph: 182/500
7yixA_antigen.pdb  5w9pDE_antibody.pdb
Converting SMILES to graph: 183/500
7yixA_antigen.pdb  1pkqBA_antibody.pdb
Converting SMILES to graph: 184/500
7yj4TI_antigen.pdb  6h02B_antibody.pdb
Converting SMILES to graph: 185/500
7yj4TI_antigen.pdb  7l7dHL_antibody.pdb
Converting SMILES to graph: 186/500
7yj4TI_antigen.pdb  2qqkHL_antibody.pdb
Converting SMILES to graph: 187/500
7yj4TI_antigen.pdb  5xs7HL_antibody.pdb
Converting SMILES to graph: 188/500
7yj4TI_antigen.pdb  8hqcHh_antibody.pdb
Converting SMILES to graph: 189/500
7yj4TI_antigen.pdb  7jvaHL_antibody.pdb
Converting SMILES to graph: 190/500
7yk4A_antigen.pdb  6x1wHL_antibody.pdb
Converting SMILES to graph: 191/500
7yk4A_antigen.pdb  5anmHL_antibody.pdb
Converting SMILES to graph: 192/500
7yk4A_antigen.pdb  6ot1JK_antibody.pdb
Converting SMILES to graph: 193/500
7yk4A_antigen.pdb  8c8tCD_antibody.pdb
Converting SMILES to graph: 194/500
7yk4A_antigen.pdb  5ja8D_antibody.pdb
Converting SMILES to graph: 195/500
7yk4A_antigen.pdb  3n85HL_antibody.pdb
Converting SMILES to graph: 196/500
7yk6IT_antigen.pdb  8jd6Dd_antibody.pdb
Converting SMILES to graph: 197/500
7yk6IT_antigen.pdb  7ki4HL_antibody.pdb
Converting SMILES to graph: 198/500
7yk6IT_antigen.pdb  5tfwHL_antibody.pdb
Converting SMILES to graph: 199/500
7yk6IT_antigen.pdb  6nipHL_antibody.pdb
Converting SMILES to graph: 200/500
7yk6IT_antigen.pdb  8tp5EF_antibody.pdb
Converting SMILES to graph: 201/500
7yk7ITG_antigen.pdb  3qskB_antibody.pdb
Converting SMILES to graph: 202/500
7yk7ITG_antigen.pdb  7mxdJK_antibody.pdb
Converting SMILES to graph: 203/500
7yk7ITG_antigen.pdb  2x6mA_antibody.pdb
Converting SMILES to graph: 204/500
7yk7ITG_antigen.pdb  4w6xB_antibody.pdb
Converting SMILES to graph: 205/500
7yk7ITG_antigen.pdb  5dyoHL_antibody.pdb
Converting SMILES to graph: 206/500
7yk7ITG_antigen.pdb  7pa6Kk_antibody.pdb
Converting SMILES to graph: 207/500
7ykdCB_antigen.pdb  7phgHL_antibody.pdb
Converting SMILES to graph: 208/500
7ykdCB_antigen.pdb  7q0gHL_antibody.pdb
Converting SMILES to graph: 209/500
7ykdCB_antigen.pdb  8dlrHL_antibody.pdb
Converting SMILES to graph: 210/500
7ykdCB_antigen.pdb  6nb4HL_antibody.pdb
Converting SMILES to graph: 211/500
7ykdCB_antigen.pdb  4ldlB_antibody.pdb
Converting SMILES to graph: 212/500
7ykdCB_antigen.pdb  4yk4CB_antibody.pdb
Converting SMILES to graph: 213/500
7ykjC_antigen.pdb  7l2fHL_antibody.pdb
Converting SMILES to graph: 214/500
7ykjC_antigen.pdb  8bg1AB_antibody.pdb
Converting SMILES to graph: 215/500
7ykjC_antigen.pdb  8apyC_antibody.pdb
Converting SMILES to graph: 216/500
7ykjC_antigen.pdb  8dphEe_antibody.pdb
Converting SMILES to graph: 217/500
7ykjC_antigen.pdb  7w9eDE_antibody.pdb
Converting SMILES to graph: 218/500
7ykjC_antigen.pdb  5y2lIJ_antibody.pdb
Converting SMILES to graph: 219/500
7ym8A_antigen.pdb  5dhxBb_antibody.pdb
Converting SMILES to graph: 220/500
7ym8A_antigen.pdb  7czyHK_antibody.pdb
Converting SMILES to graph: 221/500
7ym8A_antigen.pdb  7x3fHL_antibody.pdb
Converting SMILES to graph: 222/500
7ym8A_antigen.pdb  7bu8JK_antibody.pdb
Converting SMILES to graph: 223/500
7ym8A_antigen.pdb  3pnwBA_antibody.pdb
Converting SMILES to graph: 224/500
7ym8A_antigen.pdb  7zxkHL_antibody.pdb
Converting SMILES to graph: 225/500
7ymhA_antigen.pdb  8fn0Ee_antibody.pdb
Converting SMILES to graph: 226/500
7ymhA_antigen.pdb  5i8cAB_antibody.pdb
Converting SMILES to graph: 227/500
7ymhA_antigen.pdb  7rewAB_antibody.pdb
Converting SMILES to graph: 228/500
7ymhA_antigen.pdb  8efoEe_antibody.pdb
Converting SMILES to graph: 229/500
7ymhA_antigen.pdb  6suzHL_antibody.pdb
Converting SMILES to graph: 230/500
7ymhA_antigen.pdb  5g64IM_antibody.pdb
Converting SMILES to graph: 231/500
7ymjA_antigen.pdb  2a0lFE_antibody.pdb
Converting SMILES to graph: 232/500
7ymjA_antigen.pdb  8bg5Aa_antibody.pdb
Converting SMILES to graph: 233/500
7ymjA_antigen.pdb  8bczHL_antibody.pdb
Converting SMILES to graph: 234/500
7ymjA_antigen.pdb  8gf2CD_antibody.pdb
Converting SMILES to graph: 235/500
7ymjA_antigen.pdb  8smtAB_antibody.pdb
Converting SMILES to graph: 236/500
7ymjA_antigen.pdb  1sy6HL_antibody.pdb
Converting SMILES to graph: 237/500
7ymsA_antigen.pdb  4o51BA_antibody.pdb
Converting SMILES to graph: 238/500
7ymsA_antigen.pdb  6glwCD_antibody.pdb
Converting SMILES to graph: 239/500
7ymsA_antigen.pdb  5nbdC_antibody.pdb
Converting SMILES to graph: 240/500
7ymsA_antigen.pdb  5njgEF_antibody.pdb
Converting SMILES to graph: 241/500
7ymsA_antigen.pdb  3iu3AB_antibody.pdb
Converting SMILES to graph: 242/500
7ymsA_antigen.pdb  6pb0N_antibody.pdb
Converting SMILES to graph: 243/500
7yonAB_antigen.pdb  5aawKk_antibody.pdb
Converting SMILES to graph: 244/500
7yonAB_antigen.pdb  7f5hD_antibody.pdb
Converting SMILES to graph: 245/500
7yonAB_antigen.pdb  4xakDE_antibody.pdb
Converting SMILES to graph: 246/500
7yonAB_antigen.pdb  7cwtIJ_antibody.pdb
Converting SMILES to graph: 247/500
7yonAB_antigen.pdb  7rnnC_antibody.pdb
Converting SMILES to graph: 248/500
7yonAB_antigen.pdb  6txzJN_antibody.pdb
Converting SMILES to graph: 249/500
7yooAB_antigen.pdb  6wzlCD_antibody.pdb
Converting SMILES to graph: 250/500
7yooAB_antigen.pdb  7wvlHL_antibody.pdb
Converting SMILES to graph: 251/500
7yooAB_antigen.pdb  8cz5HL_antibody.pdb
Converting SMILES to graph: 252/500
7yooAB_antigen.pdb  6ye3DE_antibody.pdb
Converting SMILES to graph: 253/500
7yooAB_antigen.pdb  6v8zCF_antibody.pdb
Converting SMILES to graph: 254/500
7yooAB_antigen.pdb  7keoEF_antibody.pdb
Converting SMILES to graph: 255/500
7yowR_antigen.pdb  7tn0MN_antibody.pdb
Converting SMILES to graph: 256/500
7yowR_antigen.pdb  5ujzIi_antibody.pdb
Converting SMILES to graph: 257/500
7yowR_antigen.pdb  7cjfAB_antibody.pdb
Converting SMILES to graph: 258/500
7yowR_antigen.pdb  7s13IM_antibody.pdb
Converting SMILES to graph: 259/500
7yowR_antigen.pdb  6u52C_antibody.pdb
Converting SMILES to graph: 260/500
7yp7AB_antigen.pdb  3k2uHL_antibody.pdb
Converting SMILES to graph: 261/500
7yp7AB_antigen.pdb  7x26HK_antibody.pdb
Converting SMILES to graph: 262/500
7yp7AB_antigen.pdb  2f58HL_antibody.pdb
Converting SMILES to graph: 263/500
7yp7AB_antigen.pdb  4hepG_antibody.pdb
Converting SMILES to graph: 264/500
7yp7AB_antigen.pdb  8d5cHL_antibody.pdb
Converting SMILES to graph: 265/500
7yp7AB_antigen.pdb  4f3fBA_antibody.pdb
Converting SMILES to graph: 266/500
7yqxB_antigen.pdb  6uudHL_antibody.pdb
Converting SMILES to graph: 267/500
7yqxB_antigen.pdb  8w83AB_antibody.pdb
Converting SMILES to graph: 268/500
7yqxB_antigen.pdb  7rbtEe_antibody.pdb
Converting SMILES to graph: 269/500
7yqxB_antigen.pdb  7yveIH_antibody.pdb
Converting SMILES to graph: 270/500
7yqxB_antigen.pdb  5xcvAB_antibody.pdb
Converting SMILES to graph: 271/500
7yqxB_antigen.pdb  3x3fHL_antibody.pdb
Converting SMILES to graph: 272/500
7yqyB_antigen.pdb  4j4pHL_antibody.pdb
Converting SMILES to graph: 273/500
7yqyB_antigen.pdb  7lkbBC_antibody.pdb
Converting SMILES to graph: 274/500
7yqyB_antigen.pdb  8h0pEe_antibody.pdb
Converting SMILES to graph: 275/500
7yqyB_antigen.pdb  8h7lDG_antibody.pdb
Converting SMILES to graph: 276/500
7yqyB_antigen.pdb  6chbJK_antibody.pdb
Converting SMILES to graph: 277/500
7yqyB_antigen.pdb  4n1hD_antibody.pdb
Converting SMILES to graph: 278/500
7yqzA_antigen.pdb  2w65CD_antibody.pdb
Converting SMILES to graph: 279/500
7yqzA_antigen.pdb  4qo1A_antibody.pdb
Converting SMILES to graph: 280/500
7yqzA_antigen.pdb  6y6cCc_antibody.pdb
Converting SMILES to graph: 281/500
7yqzA_antigen.pdb  7yitD_antibody.pdb
Converting SMILES to graph: 282/500
7yqzA_antigen.pdb  7ew5QR_antibody.pdb
Converting SMILES to graph: 283/500
7yqzA_antigen.pdb  3bgfHL_antibody.pdb
Converting SMILES to graph: 284/500
7yr0A_antigen.pdb  6whkCB_antibody.pdb
Converting SMILES to graph: 285/500
7yr0A_antigen.pdb  7t3mDL_antibody.pdb
Converting SMILES to graph: 286/500
7yr0A_antigen.pdb  7ufwHh_antibody.pdb
Converting SMILES to graph: 287/500
7yr0A_antigen.pdb  6n1whl_antibody.pdb
Converting SMILES to graph: 288/500
7yr0A_antigen.pdb  8jitN_antibody.pdb
Converting SMILES to graph: 289/500
7yr0A_antigen.pdb  7k5yMm_antibody.pdb
Converting SMILES to graph: 290/500
7yr1A_antigen.pdb  7te1HL_antibody.pdb
Converting SMILES to graph: 291/500
7yr1A_antigen.pdb  8sk5B_antibody.pdb
Converting SMILES to graph: 292/500
7yr1A_antigen.pdb  5iq7HL_antibody.pdb
Converting SMILES to graph: 293/500
7yr1A_antigen.pdb  6azzFE_antibody.pdb
Converting SMILES to graph: 294/500
7yr1A_antigen.pdb  8afhD_antibody.pdb
Converting SMILES to graph: 295/500
7yrfC_antigen.pdb  6i04HL_antibody.pdb
Converting SMILES to graph: 296/500
7yrfC_antigen.pdb  5t3sDE_antibody.pdb
Converting SMILES to graph: 297/500
7yrfC_antigen.pdb  6vx4HK_antibody.pdb
Converting SMILES to graph: 298/500
7yrfC_antigen.pdb  6h02B_antibody.pdb
Converting SMILES to graph: 299/500
7yrfC_antigen.pdb  2wzpJ_antibody.pdb
Converting SMILES to graph: 300/500
7yrfC_antigen.pdb  5lwyHL_antibody.pdb
Converting SMILES to graph: 301/500
7yrhA_antigen.pdb  8sawCD_antibody.pdb
Converting SMILES to graph: 302/500
7yrhA_antigen.pdb  7m6iHL_antibody.pdb
Converting SMILES to graph: 303/500
7yrhA_antigen.pdb  7yv7FE_antibody.pdb
Converting SMILES to graph: 304/500
7yrhA_antigen.pdb  4y5yDE_antibody.pdb
Converting SMILES to graph: 305/500
7yrhA_antigen.pdb  1pkqBA_antibody.pdb
Converting SMILES to graph: 306/500
7yrhA_antigen.pdb  4lvoCB_antibody.pdb
Converting SMILES to graph: 307/500
7yrnA_antigen.pdb  8iruEe_antibody.pdb
Converting SMILES to graph: 308/500
7yrnA_antigen.pdb  8oxwBC_antibody.pdb
Converting SMILES to graph: 309/500
7yrnA_antigen.pdb  4aeiHL_antibody.pdb
Converting SMILES to graph: 310/500
7yrnA_antigen.pdb  4ypgHL_antibody.pdb
Converting SMILES to graph: 311/500
7yrnA_antigen.pdb  6jszD_antibody.pdb
Converting SMILES to graph: 312/500
7yrnA_antigen.pdb  5tlkFE_antibody.pdb
Converting SMILES to graph: 313/500
7yruA_antigen.pdb  7evzEe_antibody.pdb
Converting SMILES to graph: 314/500
7yruA_antigen.pdb  7qn6M_antibody.pdb
Converting SMILES to graph: 315/500
7yruA_antigen.pdb  6yaxIM_antibody.pdb
Converting SMILES to graph: 316/500
7yruA_antigen.pdb  2nz9FE_antibody.pdb
Converting SMILES to graph: 317/500
7yruA_antigen.pdb  6gk7HL_antibody.pdb
Converting SMILES to graph: 318/500
7yruA_antigen.pdb  7qnbN_antibody.pdb
Converting SMILES to graph: 319/500
7ys6BC_antigen.pdb  7ch5HL_antibody.pdb
Converting SMILES to graph: 320/500
7ys6BC_antigen.pdb  8hviHh_antibody.pdb
Converting SMILES to graph: 321/500
7ys6BC_antigen.pdb  7y89Ss_antibody.pdb
Converting SMILES to graph: 322/500
7ys6BC_antigen.pdb  7wedHL_antibody.pdb
Converting SMILES to graph: 323/500
7ys6BC_antigen.pdb  8iukEe_antibody.pdb
Converting SMILES to graph: 324/500
7ys6BC_antigen.pdb  7l7rBA_antibody.pdb
Converting SMILES to graph: 325/500
7ytnC_antigen.pdb  6a77HL_antibody.pdb
Converting SMILES to graph: 326/500
7ytnC_antigen.pdb  8ejhHL_antibody.pdb
Converting SMILES to graph: 327/500
7ytnC_antigen.pdb  4lgrB_antibody.pdb
Converting SMILES to graph: 328/500
7ytnC_antigen.pdb  6a0zHL_antibody.pdb
Converting SMILES to graph: 329/500
7ytnC_antigen.pdb  8f7qEe_antibody.pdb
Converting SMILES to graph: 330/500
7ytnC_antigen.pdb  7d77Ss_antibody.pdb
Converting SMILES to graph: 331/500
7yu3AB_antigen.pdb  6pxhCD_antibody.pdb
Converting SMILES to graph: 332/500
7yu3AB_antigen.pdb  6um6KL_antibody.pdb
Converting SMILES to graph: 333/500
7yu3AB_antigen.pdb  7e9gDd_antibody.pdb
Converting SMILES to graph: 334/500
7yu3AB_antigen.pdb  7ucyEF_antibody.pdb
Converting SMILES to graph: 335/500
7yu3AB_antigen.pdb  8dcyAB_antibody.pdb
Converting SMILES to graph: 336/500
7yu3AB_antigen.pdb  1orsBA_antibody.pdb
Converting SMILES to graph: 337/500
7yu5AB_antigen.pdb  3etbIi_antibody.pdb
Converting SMILES to graph: 338/500
7yu5AB_antigen.pdb  5mp5AB_antibody.pdb
Converting SMILES to graph: 339/500
7yu5AB_antigen.pdb  7wo4DE_antibody.pdb
Converting SMILES to graph: 340/500
7yu5AB_antigen.pdb  7q3qB_antibody.pdb
Converting SMILES to graph: 341/500
7yu5AB_antigen.pdb  8ibuEe_antibody.pdb
Converting SMILES to graph: 342/500
7yu5AB_antigen.pdb  7u9vEF_antibody.pdb
Converting SMILES to graph: 343/500
7yu6AB_antigen.pdb  8de6EF_antibody.pdb
Converting SMILES to graph: 344/500
7yu6AB_antigen.pdb  5lbsHL_antibody.pdb
Converting SMILES to graph: 345/500
7yu6AB_antigen.pdb  6huoG_antibody.pdb
Converting SMILES to graph: 346/500
7yu6AB_antigen.pdb  7l02MK_antibody.pdb
Converting SMILES to graph: 347/500
7yu6AB_antigen.pdb  5n0aHL_antibody.pdb
Converting SMILES to graph: 348/500
7yu6AB_antigen.pdb  6utaAB_antibody.pdb
Converting SMILES to graph: 349/500
7yu7AB_antigen.pdb  4u6hAB_antibody.pdb
Converting SMILES to graph: 350/500
7yu7AB_antigen.pdb  8dttAB_antibody.pdb
Converting SMILES to graph: 351/500
7yu7AB_antigen.pdb  3wihHL_antibody.pdb
Converting SMILES to graph: 352/500
7yu7AB_antigen.pdb  7unzC_antibody.pdb
Converting SMILES to graph: 353/500
7yu7AB_antigen.pdb  8g2yN_antibody.pdb
Converting SMILES to graph: 354/500
7yu7AB_antigen.pdb  5j3hCD_antibody.pdb
Converting SMILES to graph: 355/500
7yu8AB_antigen.pdb  8ol9BA_antibody.pdb
Converting SMILES to graph: 356/500
7yu8AB_antigen.pdb  1nakHL_antibody.pdb
Converting SMILES to graph: 357/500
7yu8AB_antigen.pdb  5hhxHL_antibody.pdb
Converting SMILES to graph: 358/500
7yu8AB_antigen.pdb  8hqcHh_antibody.pdb
Converting SMILES to graph: 359/500
7yu8AB_antigen.pdb  7lf0FH_antibody.pdb
Converting SMILES to graph: 360/500
7yu8AB_antigen.pdb  2nxyDC_antibody.pdb
Converting SMILES to graph: 361/500
7yubR_antigen.pdb  6xdgBD_antibody.pdb
Converting SMILES to graph: 362/500
7yubR_antigen.pdb  8j7yEC_antibody.pdb
Converting SMILES to graph: 363/500
7yubR_antigen.pdb  7ly2FC_antibody.pdb
Converting SMILES to graph: 364/500
7yubR_antigen.pdb  4jreHL_antibody.pdb
Converting SMILES to graph: 365/500
7yubR_antigen.pdb  1g6vK_antibody.pdb
Converting SMILES to graph: 366/500
7yubR_antigen.pdb  6w4sHL_antibody.pdb
Converting SMILES to graph: 367/500
7yueC_antigen.pdb  8dm0H_antibody.pdb
Converting SMILES to graph: 368/500
7yueC_antigen.pdb  7ru6L_antibody.pdb
Converting SMILES to graph: 369/500
7yueC_antigen.pdb  6uunN_antibody.pdb
Converting SMILES to graph: 370/500
7yueC_antigen.pdb  7ul4D_antibody.pdb
Converting SMILES to graph: 371/500
7yueC_antigen.pdb  6bkcHL_antibody.pdb
Converting SMILES to graph: 372/500
7yueC_antigen.pdb  7p5vG_antibody.pdb
Converting SMILES to graph: 373/500
7yv1A_antigen.pdb  6mjzHL_antibody.pdb
Converting SMILES to graph: 374/500
7yv1A_antigen.pdb  7vqxN_antibody.pdb
Converting SMILES to graph: 375/500
7yv1A_antigen.pdb  8hnmSs_antibody.pdb
Converting SMILES to graph: 376/500
7yv1A_antigen.pdb  8cimDE_antibody.pdb
Converting SMILES to graph: 377/500
7yv1A_antigen.pdb  6h7lD_antibody.pdb
Converting SMILES to graph: 378/500
7yv1A_antigen.pdb  5tztHL_antibody.pdb
Converting SMILES to graph: 379/500
7yv7A_antigen.pdb  6gv1HL_antibody.pdb
Converting SMILES to graph: 380/500
7yv7A_antigen.pdb  1bqlHL_antibody.pdb
Converting SMILES to graph: 381/500
7yv7A_antigen.pdb  7ph7C_antibody.pdb
Converting SMILES to graph: 382/500
7yv7A_antigen.pdb  6wzmCD_antibody.pdb
Converting SMILES to graph: 383/500
7yv7A_antigen.pdb  2hmiDC_antibody.pdb
Converting SMILES to graph: 384/500
7yv7A_antigen.pdb  7zozHL_antibody.pdb
Converting SMILES to graph: 385/500
7yveC_antigen.pdb  7daaHL_antibody.pdb
Converting SMILES to graph: 386/500
7yveC_antigen.pdb  7x6lGJ_antibody.pdb
Converting SMILES to graph: 387/500
7yveC_antigen.pdb  5kn5DE_antibody.pdb
Converting SMILES to graph: 388/500
7yveC_antigen.pdb  8hj5Cc_antibody.pdb
Converting SMILES to graph: 389/500
7yveC_antigen.pdb  7u2lEe_antibody.pdb
Converting SMILES to graph: 390/500
7yvfB_antigen.pdb  7wnbHL_antibody.pdb
Converting SMILES to graph: 391/500
7yvfB_antigen.pdb  7tr4LH_antibody.pdb
Converting SMILES to graph: 392/500
7yvfB_antigen.pdb  7e86AB_antibody.pdb
Converting SMILES to graph: 393/500
7yvfB_antigen.pdb  7dfpCB_antibody.pdb
Converting SMILES to graph: 394/500
7yvfB_antigen.pdb  7ll2IJ_antibody.pdb
Converting SMILES to graph: 395/500
7yvfB_antigen.pdb  7q9gHL_antibody.pdb
Converting SMILES to graph: 396/500
7yvgB_antigen.pdb  7u8eHL_antibody.pdb
Converting SMILES to graph: 397/500
7yvgB_antigen.pdb  8t9zHL_antibody.pdb
Converting SMILES to graph: 398/500
7yvgB_antigen.pdb  7wn1C_antibody.pdb
Converting SMILES to graph: 399/500
7yvgB_antigen.pdb  6p8mHL_antibody.pdb
Converting SMILES to graph: 400/500
7yvgB_antigen.pdb  8d8rHL_antibody.pdb
Converting SMILES to graph: 401/500
7yvhB_antigen.pdb  3macHL_antibody.pdb
Converting SMILES to graph: 402/500
7yvhB_antigen.pdb  8esvHL_antibody.pdb
Converting SMILES to graph: 403/500
7yvhB_antigen.pdb  8faxAB_antibody.pdb
Converting SMILES to graph: 404/500
7yvhB_antigen.pdb  8tp3HL_antibody.pdb
Converting SMILES to graph: 405/500
7yvhB_antigen.pdb  7vuiN_antibody.pdb
Converting SMILES to graph: 406/500
7yvhB_antigen.pdb  6meiHL_antibody.pdb
Converting SMILES to graph: 407/500
7yviA_antigen.pdb  1kcsHL_antibody.pdb
Converting SMILES to graph: 408/500
7yviA_antigen.pdb  4i13B_antibody.pdb
Converting SMILES to graph: 409/500
7yviA_antigen.pdb  8el2HL_antibody.pdb
Converting SMILES to graph: 410/500
7yviA_antigen.pdb  3jcbCB_antibody.pdb
Converting SMILES to graph: 411/500
7yviA_antigen.pdb  8gusSs_antibody.pdb
Converting SMILES to graph: 412/500
7yviA_antigen.pdb  7ezvMN_antibody.pdb
Converting SMILES to graph: 413/500
7yvjB_antigen.pdb  5mo9HL_antibody.pdb
Converting SMILES to graph: 414/500
7yvjB_antigen.pdb  7chyHL_antibody.pdb
Converting SMILES to graph: 415/500
7yvjB_antigen.pdb  6x7wAC_antibody.pdb
Converting SMILES to graph: 416/500
7yvjB_antigen.pdb  1g7jBA_antibody.pdb
Converting SMILES to graph: 417/500
7yvjB_antigen.pdb  6wf1HL_antibody.pdb
Converting SMILES to graph: 418/500
7yvjB_antigen.pdb  4oluHL_antibody.pdb
Converting SMILES to graph: 419/500
7yvkB_antigen.pdb  7df1HL_antibody.pdb
Converting SMILES to graph: 420/500
7yvkB_antigen.pdb  7z7xF_antibody.pdb
Converting SMILES to graph: 421/500
7yvkB_antigen.pdb  7k63Nn_antibody.pdb
Converting SMILES to graph: 422/500
7yvkB_antigen.pdb  7a5rIM_antibody.pdb
Converting SMILES to graph: 423/500
7yvkB_antigen.pdb  7ru4HL_antibody.pdb
Converting SMILES to graph: 424/500
7yvkB_antigen.pdb  3cfiL_antibody.pdb
Converting SMILES to graph: 425/500
7yvlB_antigen.pdb  6b9jAB_antibody.pdb
Converting SMILES to graph: 426/500
7yvlB_antigen.pdb  7lsgHL_antibody.pdb
Converting SMILES to graph: 427/500
7yvlB_antigen.pdb  7whkE_antibody.pdb
Converting SMILES to graph: 428/500
7yvlB_antigen.pdb  7q9fJK_antibody.pdb
Converting SMILES to graph: 429/500
7yvlB_antigen.pdb  6txzJN_antibody.pdb
Converting SMILES to graph: 430/500
7yvlB_antigen.pdb  3dvgBA_antibody.pdb
Converting SMILES to graph: 431/500
7yvmB_antigen.pdb  5wt9HL_antibody.pdb
Converting SMILES to graph: 432/500
7yvmB_antigen.pdb  8tb0Ff_antibody.pdb
Converting SMILES to graph: 433/500
7yvmB_antigen.pdb  7d68N_antibody.pdb
Converting SMILES to graph: 434/500
7yvmB_antigen.pdb  6sneHL_antibody.pdb
Converting SMILES to graph: 435/500
7yvmB_antigen.pdb  2xqbHL_antibody.pdb
Converting SMILES to graph: 436/500
7yvmB_antigen.pdb  3p0gB_antibody.pdb
Converting SMILES to graph: 437/500
7yvnA_antigen.pdb  8f6hDC_antibody.pdb
Converting SMILES to graph: 438/500
7yvnA_antigen.pdb  7yxuHL_antibody.pdb
Converting SMILES to graph: 439/500
7yvnA_antigen.pdb  7wrzHL_antibody.pdb
Converting SMILES to graph: 440/500
7yvnA_antigen.pdb  7t86HL_antibody.pdb
Converting SMILES to graph: 441/500
7yvnA_antigen.pdb  4xrcBA_antibody.pdb
Converting SMILES to graph: 442/500
7yvoA_antigen.pdb  7sbuHL_antibody.pdb
Converting SMILES to graph: 443/500
7yvoA_antigen.pdb  5d72MN_antibody.pdb
Converting SMILES to graph: 444/500
7yvoA_antigen.pdb  7s0xCD_antibody.pdb
Converting SMILES to graph: 445/500
7yvoA_antigen.pdb  7zkzB_antibody.pdb
Converting SMILES to graph: 446/500
7yvoA_antigen.pdb  7ckyN_antibody.pdb
Converting SMILES to graph: 447/500
7yvoA_antigen.pdb  8dd2JI_antibody.pdb
Converting SMILES to graph: 448/500
7yvpC_antigen.pdb  8f0gXY_antibody.pdb
Converting SMILES to graph: 449/500
7yvpC_antigen.pdb  4fqiHL_antibody.pdb
Converting SMILES to graph: 450/500
7yvpC_antigen.pdb  3u9pHL_antibody.pdb
Converting SMILES to graph: 451/500
7yvpC_antigen.pdb  3jcxHL_antibody.pdb
Converting SMILES to graph: 452/500
7yvpC_antigen.pdb  5f9wBC_antibody.pdb
Converting SMILES to graph: 453/500
7yvpC_antigen.pdb  7l2dHL_antibody.pdb
Converting SMILES to graph: 454/500
7yxuA_antigen.pdb  6ad0HL_antibody.pdb
Converting SMILES to graph: 455/500
7yxuA_antigen.pdb  6lgwCD_antibody.pdb
Converting SMILES to graph: 456/500
7yxuA_antigen.pdb  6gkdG_antibody.pdb
Converting SMILES to graph: 457/500
7yxuA_antigen.pdb  7xy3D_antibody.pdb
Converting SMILES to graph: 458/500
7yxuA_antigen.pdb  5m15C_antibody.pdb
Converting SMILES to graph: 459/500
7yxuA_antigen.pdb  5wthED_antibody.pdb
Converting SMILES to graph: 460/500
7yz9A_antigen.pdb  8tp2HL_antibody.pdb
Converting SMILES to graph: 461/500
7yz9A_antigen.pdb  7uiaB_antibody.pdb
Converting SMILES to graph: 462/500
7yz9A_antigen.pdb  7mw6DE_antibody.pdb
Converting SMILES to graph: 463/500
7yz9A_antigen.pdb  6zlrHL_antibody.pdb
Converting SMILES to graph: 464/500
7yz9A_antigen.pdb  5bvpHL_antibody.pdb
Converting SMILES to graph: 465/500
7yz9A_antigen.pdb  6qv0F_antibody.pdb
Converting SMILES to graph: 466/500
7yziB_antigen.pdb  7ey0AB_antibody.pdb
Converting SMILES to graph: 467/500
7yziB_antigen.pdb  5eorHL_antibody.pdb
Converting SMILES to graph: 468/500
7yziB_antigen.pdb  7x26HK_antibody.pdb
Converting SMILES to graph: 469/500
7yziB_antigen.pdb  8eedHL_antibody.pdb
Converting SMILES to graph: 470/500
7yziB_antigen.pdb  7qn6M_antibody.pdb
Converting SMILES to graph: 471/500
7yziB_antigen.pdb  8kh5E_antibody.pdb
Converting SMILES to graph: 472/500
7yzjE_antigen.pdb  7ly3FE_antibody.pdb
Converting SMILES to graph: 473/500
7yzjE_antigen.pdb  4edwHL_antibody.pdb
Converting SMILES to graph: 474/500
7yzjE_antigen.pdb  1mlcBA_antibody.pdb
Converting SMILES to graph: 475/500
7yzjE_antigen.pdb  5wduDE_antibody.pdb
Converting SMILES to graph: 476/500
7yzjE_antigen.pdb  6azzFE_antibody.pdb
Converting SMILES to graph: 477/500
7yzjE_antigen.pdb  8dp0B_antibody.pdb
Converting SMILES to graph: 478/500
7yzkB_antigen.pdb  8hptHh_antibody.pdb
Converting SMILES to graph: 479/500
7yzkB_antigen.pdb  6lbhCD_antibody.pdb
Converting SMILES to graph: 480/500
7yzkB_antigen.pdb  7v69Ss_antibody.pdb
Converting SMILES to graph: 481/500
7yzkB_antigen.pdb  7f8wDd_antibody.pdb
Converting SMILES to graph: 482/500
7yzkB_antigen.pdb  8ds5CB_antibody.pdb
Converting SMILES to graph: 483/500
7yzkB_antigen.pdb  4xnyHL_antibody.pdb
Converting SMILES to graph: 484/500
7z0xR_antigen.pdb  7jwqAB_antibody.pdb
Converting SMILES to graph: 485/500
7z0xR_antigen.pdb  7ws2ED_antibody.pdb
Converting SMILES to graph: 486/500
7z0xR_antigen.pdb  7thtHL_antibody.pdb
Converting SMILES to graph: 487/500
7z0xR_antigen.pdb  6b9jAB_antibody.pdb
Converting SMILES to graph: 488/500
7z0xR_antigen.pdb  7kyoHL_antibody.pdb
Converting SMILES to graph: 489/500
7z0xR_antigen.pdb  7wroHL_antibody.pdb
Converting SMILES to graph: 490/500
7z0yR_antigen.pdb  4gxuMN_antibody.pdb
Converting SMILES to graph: 491/500
7z0yR_antigen.pdb  7nwlDE_antibody.pdb
Converting SMILES to graph: 492/500
7z0yR_antigen.pdb  7kxkIM_antibody.pdb
Converting SMILES to graph: 493/500
7z0yR_antigen.pdb  3wxwHL_antibody.pdb
Converting SMILES to graph: 494/500
7z0yR_antigen.pdb  6mqeAB_antibody.pdb
Converting SMILES to graph: 495/500
7z0yR_antigen.pdb  7phuBC_antibody.pdb
Converting SMILES to graph: 496/500
7z12A_antigen.pdb  7t92HL_antibody.pdb
Converting SMILES to graph: 497/500
7z12A_antigen.pdb  7wslHL_antibody.pdb
Converting SMILES to graph: 498/500
7z12A_antigen.pdb  1yy9DC_antibody.pdb
Converting SMILES to graph: 499/500
7z12A_antigen.pdb  7t77HL_antibody.pdb
Converting SMILES to graph: 500/500
7z12A_antigen.pdb  6werEF_antibody.pdb
Graph construction done. Saving to file.
