Converting SMILES to graph: 1/500
8dl7A_antigen.pdb  1xfpA_antibody.pdb
Converting SMILES to graph: 2/500
8dl7A_antigen.pdb  7c01HL_antibody.pdb
Converting SMILES to graph: 3/500
8dl7A_antigen.pdb  1xgpBA_antibody.pdb
Converting SMILES to graph: 4/500
8dl8A_antigen.pdb  7urxHL_antibody.pdb
Converting SMILES to graph: 5/500
8dl8A_antigen.pdb  5vigHL_antibody.pdb
Converting SMILES to graph: 6/500
8dl8A_antigen.pdb  7mzhBC_antibody.pdb
Converting SMILES to graph: 7/500
8dl8A_antigen.pdb  6ocbHL_antibody.pdb
Converting SMILES to graph: 8/500
8dl8A_antigen.pdb  7vuySs_antibody.pdb
Converting SMILES to graph: 9/500
8dl8A_antigen.pdb  7lllN_antibody.pdb
Converting SMILES to graph: 10/500
8dlrA_antigen.pdb  6o3jHL_antibody.pdb
Converting SMILES to graph: 11/500
8dlrA_antigen.pdb  7v5jED_antibody.pdb
Converting SMILES to graph: 12/500
8dlrA_antigen.pdb  3drqBA_antibody.pdb
Converting SMILES to graph: 13/500
8dlrA_antigen.pdb  6nyqHL_antibody.pdb
Converting SMILES to graph: 14/500
8dlrA_antigen.pdb  5f1oB_antibody.pdb
Converting SMILES to graph: 15/500
8dlrA_antigen.pdb  8e9zEe_antibody.pdb
Converting SMILES to graph: 16/500
8dlsA_antigen.pdb  2feeJO_antibody.pdb
Converting SMILES to graph: 17/500
8dlsA_antigen.pdb  8hcbDE_antibody.pdb
Converting SMILES to graph: 18/500
8dlsA_antigen.pdb  6os1D_antibody.pdb
Converting SMILES to graph: 19/500
8dlsA_antigen.pdb  8oxvBC_antibody.pdb
Converting SMILES to graph: 20/500
8dlsA_antigen.pdb  5js9AB_antibody.pdb
Converting SMILES to graph: 21/500
8dlsA_antigen.pdb  6ln2CB_antibody.pdb
Converting SMILES to graph: 22/500
8dlwB_antigen.pdb  7fg2D_antibody.pdb
Converting SMILES to graph: 23/500
8dlwB_antigen.pdb  5fojA_antibody.pdb
Converting SMILES to graph: 24/500
8dlwB_antigen.pdb  5w3oDE_antibody.pdb
Converting SMILES to graph: 25/500
8dlwB_antigen.pdb  8b9vHL_antibody.pdb
Converting SMILES to graph: 26/500
8dlwB_antigen.pdb  7y36N_antibody.pdb
Converting SMILES to graph: 27/500
8dlwB_antigen.pdb  6h7nD_antibody.pdb
Converting SMILES to graph: 28/500
8dlxCA_antigen.pdb  2ibzXY_antibody.pdb
Converting SMILES to graph: 29/500
8dlxCA_antigen.pdb  3j1sHL_antibody.pdb
Converting SMILES to graph: 30/500
8dlxCA_antigen.pdb  7m6eDC_antibody.pdb
Converting SMILES to graph: 31/500
8dlxCA_antigen.pdb  4eizC_antibody.pdb
Converting SMILES to graph: 32/500
8dlxCA_antigen.pdb  5vnwC_antibody.pdb
Converting SMILES to graph: 33/500
8dlxCA_antigen.pdb  2bseF_antibody.pdb
Converting SMILES to graph: 34/500
8dlyC_antigen.pdb  7st3B_antibody.pdb
Converting SMILES to graph: 35/500
8dlyC_antigen.pdb  6i53G_antibody.pdb
Converting SMILES to graph: 36/500
8dlyC_antigen.pdb  8h91C_antibody.pdb
Converting SMILES to graph: 37/500
8dlyC_antigen.pdb  6x3sKL_antibody.pdb
Converting SMILES to graph: 38/500
8dlyC_antigen.pdb  7u8cHL_antibody.pdb
Converting SMILES to graph: 39/500
8dlyC_antigen.pdb  2exyEF_antibody.pdb
Converting SMILES to graph: 40/500
8dlzC_antigen.pdb  5utzFG_antibody.pdb
Converting SMILES to graph: 41/500
8dlzC_antigen.pdb  5omnC_antibody.pdb
Converting SMILES to graph: 42/500
8dlzC_antigen.pdb  3j3oHL_antibody.pdb
Converting SMILES to graph: 43/500
8dlzC_antigen.pdb  4kkbEF_antibody.pdb
Converting SMILES to graph: 44/500
8dlzC_antigen.pdb  7vafHL_antibody.pdb
Converting SMILES to graph: 45/500
8dlzC_antigen.pdb  7oxnHK_antibody.pdb
Converting SMILES to graph: 46/500
8dm0C_antigen.pdb  7f15Bb_antibody.pdb
Converting SMILES to graph: 47/500
8dm0C_antigen.pdb  7f9zEe_antibody.pdb
Converting SMILES to graph: 48/500
8dm0C_antigen.pdb  1g7mBA_antibody.pdb
Converting SMILES to graph: 49/500
8dm0C_antigen.pdb  3hb3CD_antibody.pdb
Converting SMILES to graph: 50/500
8dm0C_antigen.pdb  6u51A_antibody.pdb
Converting SMILES to graph: 51/500
8dm0C_antigen.pdb  6z06HL_antibody.pdb
Converting SMILES to graph: 52/500
8dm3A_antigen.pdb  8id4Ss_antibody.pdb
Converting SMILES to graph: 53/500
8dm3A_antigen.pdb  8ez8HL_antibody.pdb
Converting SMILES to graph: 54/500
8dm3A_antigen.pdb  5w9oHI_antibody.pdb
Converting SMILES to graph: 55/500
8dm3A_antigen.pdb  2ny7HL_antibody.pdb
Converting SMILES to graph: 56/500
8dm3A_antigen.pdb  7l0nMN_antibody.pdb
Converting SMILES to graph: 57/500
8dm3A_antigen.pdb  8duzAB_antibody.pdb
Converting SMILES to graph: 58/500
8dm4A_antigen.pdb  8eh5HL_antibody.pdb
Converting SMILES to graph: 59/500
8dm4A_antigen.pdb  4p9hHL_antibody.pdb
Converting SMILES to graph: 60/500
8dm4A_antigen.pdb  7nd5HL_antibody.pdb
Converting SMILES to graph: 61/500
8dm4A_antigen.pdb  4xp6HL_antibody.pdb
Converting SMILES to graph: 62/500
8dm4A_antigen.pdb  7dk7ab_antibody.pdb
Converting SMILES to graph: 63/500
8dm4A_antigen.pdb  4xbeHL_antibody.pdb
Converting SMILES to graph: 64/500
8dmhaA_antigen.pdb  6w0gAB_antibody.pdb
Converting SMILES to graph: 65/500
8dmhaA_antigen.pdb  7trqHh_antibody.pdb
Converting SMILES to graph: 66/500
8dmhaA_antigen.pdb  8cz8Cc_antibody.pdb
Converting SMILES to graph: 67/500
8dmhaA_antigen.pdb  4h0hBb_antibody.pdb
Converting SMILES to graph: 68/500
8dmhaA_antigen.pdb  8ee2C_antibody.pdb
Converting SMILES to graph: 69/500
8dmhaA_antigen.pdb  5vkdHL_antibody.pdb
Converting SMILES to graph: 70/500
8dmjC_antigen.pdb  2p42D_antibody.pdb
Converting SMILES to graph: 71/500
8dmjC_antigen.pdb  6iw0HL_antibody.pdb
Converting SMILES to graph: 72/500
8dmjC_antigen.pdb  4m1dIM_antibody.pdb
Converting SMILES to graph: 73/500
8dmjC_antigen.pdb  7e72AB_antibody.pdb
Converting SMILES to graph: 74/500
8dmjC_antigen.pdb  7wpeXY_antibody.pdb
Converting SMILES to graph: 75/500
8dmjC_antigen.pdb  8dlzH_antibody.pdb
Converting SMILES to graph: 76/500
8dn6A_antigen.pdb  6sc6B_antibody.pdb
Converting SMILES to graph: 77/500
8dn6A_antigen.pdb  7euoSs_antibody.pdb
Converting SMILES to graph: 78/500
8dn6A_antigen.pdb  8gnkHL_antibody.pdb
Converting SMILES to graph: 79/500
8dn6A_antigen.pdb  7yv1HL_antibody.pdb
Converting SMILES to graph: 80/500
8dn6A_antigen.pdb  3uc0IM_antibody.pdb
Converting SMILES to graph: 81/500
8dn6A_antigen.pdb  8e9xEe_antibody.pdb
Converting SMILES to graph: 82/500
8dn7E_antigen.pdb  8g85HL_antibody.pdb
Converting SMILES to graph: 83/500
8dn7E_antigen.pdb  3eyfBA_antibody.pdb
Converting SMILES to graph: 84/500
8dn7E_antigen.pdb  8id6Ss_antibody.pdb
Converting SMILES to graph: 85/500
8dn7E_antigen.pdb  8f9fHL_antibody.pdb
Converting SMILES to graph: 86/500
8dn7E_antigen.pdb  5x8mBC_antibody.pdb
Converting SMILES to graph: 87/500
8dn7E_antigen.pdb  5eiiHL_antibody.pdb
Converting SMILES to graph: 88/500
8dnnA_antigen.pdb  7lseHL_antibody.pdb
Converting SMILES to graph: 89/500
8dnnA_antigen.pdb  3r1gHL_antibody.pdb
Converting SMILES to graph: 90/500
8dnnA_antigen.pdb  7x38HL_antibody.pdb
Converting SMILES to graph: 91/500
8dnnA_antigen.pdb  7pnqDF_antibody.pdb
Converting SMILES to graph: 92/500
8dnnA_antigen.pdb  7zmvK_antibody.pdb
Converting SMILES to graph: 93/500
8dnnA_antigen.pdb  7jtiHL_antibody.pdb
Converting SMILES to graph: 94/500
8dokB_antigen.pdb  5y9cHL_antibody.pdb
Converting SMILES to graph: 95/500
8dokB_antigen.pdb  3vi4HL_antibody.pdb
Converting SMILES to graph: 96/500
8dokB_antigen.pdb  7ujeEF_antibody.pdb
Converting SMILES to graph: 97/500
8dokB_antigen.pdb  7ujdD_antibody.pdb
Converting SMILES to graph: 98/500
8dokB_antigen.pdb  5nuzHL_antibody.pdb
Converting SMILES to graph: 99/500
8dokB_antigen.pdb  3sm5IM_antibody.pdb
Converting SMILES to graph: 100/500
8dowA_antigen.pdb  4o58HL_antibody.pdb
Converting SMILES to graph: 101/500
8dowA_antigen.pdb  7ox1AB_antibody.pdb
Converting SMILES to graph: 102/500
8dowA_antigen.pdb  7sofHL_antibody.pdb
Converting SMILES to graph: 103/500
8dowA_antigen.pdb  7vuxHL_antibody.pdb
Converting SMILES to graph: 104/500
8dowA_antigen.pdb  7ahuBA_antibody.pdb
Converting SMILES to graph: 105/500
8dowA_antigen.pdb  7fahHL_antibody.pdb
Converting SMILES to graph: 106/500
8dp0A_antigen.pdb  7fafgf_antibody.pdb
Converting SMILES to graph: 107/500
8dp0A_antigen.pdb  6j5gHL_antibody.pdb
Converting SMILES to graph: 108/500
8dp0A_antigen.pdb  8gp5EF_antibody.pdb
Converting SMILES to graph: 109/500
8dp0A_antigen.pdb  2r69HL_antibody.pdb
Converting SMILES to graph: 110/500
8dp0A_antigen.pdb  4oqtHL_antibody.pdb
Converting SMILES to graph: 111/500
8dp0A_antigen.pdb  6cxcGJ_antibody.pdb
Converting SMILES to graph: 112/500
8dp1W_antigen.pdb  3fb7AB_antibody.pdb
Converting SMILES to graph: 113/500
8dp1W_antigen.pdb  4grwF_antibody.pdb
Converting SMILES to graph: 114/500
8dp1W_antigen.pdb  7v27BA_antibody.pdb
Converting SMILES to graph: 115/500
8dp1W_antigen.pdb  1s5hBA_antibody.pdb
Converting SMILES to graph: 116/500
8dp1W_antigen.pdb  6bkbHL_antibody.pdb
Converting SMILES to graph: 117/500
8dp1W_antigen.pdb  5vn8FJ_antibody.pdb
Converting SMILES to graph: 118/500
8dpfBC_antigen.pdb  4wfhGF_antibody.pdb
Converting SMILES to graph: 119/500
8dpfBC_antigen.pdb  2p48B_antibody.pdb
Converting SMILES to graph: 120/500
8dpfBC_antigen.pdb  5usiHL_antibody.pdb
Converting SMILES to graph: 121/500
8dpfBC_antigen.pdb  8jimSs_antibody.pdb
Converting SMILES to graph: 122/500
8dpfBC_antigen.pdb  7ru5HL_antibody.pdb
Converting SMILES to graph: 123/500
8dpfBC_antigen.pdb  6jb5A_antibody.pdb
Converting SMILES to graph: 124/500
8dpgBC_antigen.pdb  7kdeHL_antibody.pdb
Converting SMILES to graph: 125/500
8dpgBC_antigen.pdb  6uj9HL_antibody.pdb
Converting SMILES to graph: 126/500
8dpgBC_antigen.pdb  8fx5Hh_antibody.pdb
Converting SMILES to graph: 127/500
8dpgBC_antigen.pdb  8il3BA_antibody.pdb
Converting SMILES to graph: 128/500
8dpgBC_antigen.pdb  4ldlB_antibody.pdb
Converting SMILES to graph: 129/500
8dpgBC_antigen.pdb  5utfDE_antibody.pdb
Converting SMILES to graph: 130/500
8dphBC_antigen.pdb  2i9lFE_antibody.pdb
Converting SMILES to graph: 131/500
8dphBC_antigen.pdb  7wu3N_antibody.pdb
Converting SMILES to graph: 132/500
8dphBC_antigen.pdb  4w6xB_antibody.pdb
Converting SMILES to graph: 133/500
8dphBC_antigen.pdb  8csjHL_antibody.pdb
Converting SMILES to graph: 134/500
8dphBC_antigen.pdb  8ejkEe_antibody.pdb
Converting SMILES to graph: 135/500
8dphBC_antigen.pdb  6tnpBA_antibody.pdb
Converting SMILES to graph: 136/500
8dpiBC_antigen.pdb  7nd8HL_antibody.pdb
Converting SMILES to graph: 137/500
8dpiBC_antigen.pdb  8d47HL_antibody.pdb
Converting SMILES to graph: 138/500
8dpiBC_antigen.pdb  7zw1C_antibody.pdb
Converting SMILES to graph: 139/500
8dpiBC_antigen.pdb  8j1aSs_antibody.pdb
Converting SMILES to graph: 140/500
8dpiBC_antigen.pdb  4u6hAB_antibody.pdb
Converting SMILES to graph: 141/500
8dpiBC_antigen.pdb  7dwuHL_antibody.pdb
Converting SMILES to graph: 142/500
8dplN_antigen.pdb  6gk4E_antibody.pdb
Converting SMILES to graph: 143/500
8dplN_antigen.pdb  7lxmHL_antibody.pdb
Converting SMILES to graph: 144/500
8dplN_antigen.pdb  6kn9Ff_antibody.pdb
Converting SMILES to graph: 145/500
8dplN_antigen.pdb  8jspEe_antibody.pdb
Converting SMILES to graph: 146/500
8dplN_antigen.pdb  7ugnGJ_antibody.pdb
Converting SMILES to graph: 147/500
8dplN_antigen.pdb  4g6aCD_antibody.pdb
Converting SMILES to graph: 148/500
8dpmB_antigen.pdb  7rlvEF_antibody.pdb
Converting SMILES to graph: 149/500
8dpmB_antigen.pdb  5kzcBD_antibody.pdb
Converting SMILES to graph: 150/500
8dpmB_antigen.pdb  7mlvLM_antibody.pdb
Converting SMILES to graph: 151/500
8dpmB_antigen.pdb  7qn8K_antibody.pdb
Converting SMILES to graph: 152/500
8dpmB_antigen.pdb  8esvHL_antibody.pdb
Converting SMILES to graph: 153/500
8dpmB_antigen.pdb  6sspL_antibody.pdb
Converting SMILES to graph: 154/500
8dpzB_antigen.pdb  8t8mC_antibody.pdb
Converting SMILES to graph: 155/500
8dpzB_antigen.pdb  5bk2CD_antibody.pdb
Converting SMILES to graph: 156/500
8dpzB_antigen.pdb  5lhrB_antibody.pdb
Converting SMILES to graph: 157/500
8dpzB_antigen.pdb  7kylXY_antibody.pdb
Converting SMILES to graph: 158/500
8dpzB_antigen.pdb  7xsbHL_antibody.pdb
Converting SMILES to graph: 159/500
8dpzB_antigen.pdb  4nikBb_antibody.pdb
Converting SMILES to graph: 160/500
8dquC_antigen.pdb  6hjpIJ_antibody.pdb
Converting SMILES to graph: 161/500
8dquC_antigen.pdb  8dd3JI_antibody.pdb
Converting SMILES to graph: 162/500
8dquC_antigen.pdb  6rp8hl_antibody.pdb
Converting SMILES to graph: 163/500
8dquC_antigen.pdb  5ye4AB_antibody.pdb
Converting SMILES to graph: 164/500
8dquC_antigen.pdb  3rkdDC_antibody.pdb
Converting SMILES to graph: 165/500
8dquC_antigen.pdb  6fzqHh_antibody.pdb
Converting SMILES to graph: 166/500
8ds5A_antigen.pdb  4leoAB_antibody.pdb
Converting SMILES to graph: 167/500
8ds5A_antigen.pdb  4r4hHL_antibody.pdb
Converting SMILES to graph: 168/500
8ds5A_antigen.pdb  6p9hHL_antibody.pdb
Converting SMILES to graph: 169/500
8ds5A_antigen.pdb  7x46HL_antibody.pdb
Converting SMILES to graph: 170/500
8ds5A_antigen.pdb  7upxHL_antibody.pdb
Converting SMILES to graph: 171/500
8ds5A_antigen.pdb  6x9rHL_antibody.pdb
Converting SMILES to graph: 172/500
8dt3C_antigen.pdb  6ewbJK_antibody.pdb
Converting SMILES to graph: 173/500
8dt3C_antigen.pdb  4jm2DC_antibody.pdb
Converting SMILES to graph: 174/500
8dt3C_antigen.pdb  7kd2C_antibody.pdb
Converting SMILES to graph: 175/500
8dt3C_antigen.pdb  6i04HL_antibody.pdb
Converting SMILES to graph: 176/500
8dt3C_antigen.pdb  6rpsNM_antibody.pdb
Converting SMILES to graph: 177/500
8dt3C_antigen.pdb  5a7xHG_antibody.pdb
Converting SMILES to graph: 178/500
8dt8A_antigen.pdb  7wedHL_antibody.pdb
Converting SMILES to graph: 179/500
8dt8A_antigen.pdb  1ncdHL_antibody.pdb
Converting SMILES to graph: 180/500
8dt8A_antigen.pdb  7a6cCB_antibody.pdb
Converting SMILES to graph: 181/500
8dt8A_antigen.pdb  4xmnHL_antibody.pdb
Converting SMILES to graph: 182/500
8dt8A_antigen.pdb  5ywyHL_antibody.pdb
Converting SMILES to graph: 183/500
8dt8A_antigen.pdb  8fd1C_antibody.pdb
Converting SMILES to graph: 184/500
8dtkA_antigen.pdb  7vbhN_antibody.pdb
Converting SMILES to graph: 185/500
8dtkA_antigen.pdb  1xcqDC_antibody.pdb
Converting SMILES to graph: 186/500
8dtkA_antigen.pdb  7kduC_antibody.pdb
Converting SMILES to graph: 187/500
8dtkA_antigen.pdb  4s1rHL_antibody.pdb
Converting SMILES to graph: 188/500
8dtkA_antigen.pdb  5ebmAB_antibody.pdb
Converting SMILES to graph: 189/500
8dtkA_antigen.pdb  7vngHL_antibody.pdb
Converting SMILES to graph: 190/500
8dtnB_antigen.pdb  1xfpA_antibody.pdb
Converting SMILES to graph: 191/500
8dtnB_antigen.pdb  4lsvHL_antibody.pdb
Converting SMILES to graph: 192/500
8dtnB_antigen.pdb  7nfrB_antibody.pdb
Converting SMILES to graph: 193/500
8dtnB_antigen.pdb  7ch4HL_antibody.pdb
Converting SMILES to graph: 194/500
8dtnB_antigen.pdb  8bvrB_antibody.pdb
Converting SMILES to graph: 195/500
8dtoE_antigen.pdb  8b1dB_antibody.pdb
Converting SMILES to graph: 196/500
8dtoE_antigen.pdb  8hesHL_antibody.pdb
Converting SMILES to graph: 197/500
8dtoE_antigen.pdb  5mevHL_antibody.pdb
Converting SMILES to graph: 198/500
8dtoE_antigen.pdb  4kk9EF_antibody.pdb
Converting SMILES to graph: 199/500
8dtoE_antigen.pdb  5f6jHF_antibody.pdb
Converting SMILES to graph: 200/500
8dtoE_antigen.pdb  7wcuAB_antibody.pdb
Converting SMILES to graph: 201/500
8dtrG_antigen.pdb  6b5pHL_antibody.pdb
Converting SMILES to graph: 202/500
8dtrG_antigen.pdb  7qe5B_antibody.pdb
Converting SMILES to graph: 203/500
8dtrG_antigen.pdb  7xa3Ee_antibody.pdb
Converting SMILES to graph: 204/500
8dtrG_antigen.pdb  5npiAa_antibody.pdb
Converting SMILES to graph: 205/500
8dtrG_antigen.pdb  7ll1HL_antibody.pdb
Converting SMILES to graph: 206/500
8dtrG_antigen.pdb  8gouIJ_antibody.pdb
Converting SMILES to graph: 207/500
8dttG_antigen.pdb  1r0aHL_antibody.pdb
Converting SMILES to graph: 208/500
8dttG_antigen.pdb  2xv6D_antibody.pdb
Converting SMILES to graph: 209/500
8dttG_antigen.pdb  6dc5HI_antibody.pdb
Converting SMILES to graph: 210/500
8dttG_antigen.pdb  4z7qHL_antibody.pdb
Converting SMILES to graph: 211/500
8dttG_antigen.pdb  5k59EF_antibody.pdb
Converting SMILES to graph: 212/500
8dttG_antigen.pdb  4xnyHL_antibody.pdb
Converting SMILES to graph: 213/500
8dtuCB_antigen.pdb  6u2fHL_antibody.pdb
Converting SMILES to graph: 214/500
8dtuCB_antigen.pdb  5fucE_antibody.pdb
Converting SMILES to graph: 215/500
8dtuCB_antigen.pdb  7fg3D_antibody.pdb
Converting SMILES to graph: 216/500
8dtuCB_antigen.pdb  7n0aBA_antibody.pdb
Converting SMILES to graph: 217/500
8dtuCB_antigen.pdb  6fytI_antibody.pdb
Converting SMILES to graph: 218/500
8dtuCB_antigen.pdb  5mv4IJ_antibody.pdb
Converting SMILES to graph: 219/500
8dtxI_antigen.pdb  8b1hB_antibody.pdb
Converting SMILES to graph: 220/500
8dtxI_antigen.pdb  4o51BA_antibody.pdb
Converting SMILES to graph: 221/500
8dtxI_antigen.pdb  8i5hHL_antibody.pdb
Converting SMILES to graph: 222/500
8dtxI_antigen.pdb  6ey0F_antibody.pdb
Converting SMILES to graph: 223/500
8dtxI_antigen.pdb  5o6vHL_antibody.pdb
Converting SMILES to graph: 224/500
8dtxI_antigen.pdb  6warD_antibody.pdb
Converting SMILES to graph: 225/500
8duaBG_antigen.pdb  8athEF_antibody.pdb
Converting SMILES to graph: 226/500
8duaBG_antigen.pdb  1p4bHL_antibody.pdb
Converting SMILES to graph: 227/500
8duaBG_antigen.pdb  5kjrHL_antibody.pdb
Converting SMILES to graph: 228/500
8duaBG_antigen.pdb  7vq0D_antibody.pdb
Converting SMILES to graph: 229/500
8duaBG_antigen.pdb  4bz2HL_antibody.pdb
Converting SMILES to graph: 230/500
8duaBG_antigen.pdb  8b1bB_antibody.pdb
Converting SMILES to graph: 231/500
8dulAK_antigen.pdb  8h8jHh_antibody.pdb
Converting SMILES to graph: 232/500
8dulAK_antigen.pdb  3h0tBA_antibody.pdb
Converting SMILES to graph: 233/500
8dulAK_antigen.pdb  6s3tNM_antibody.pdb
Converting SMILES to graph: 234/500
8dulAK_antigen.pdb  7o52HL_antibody.pdb
Converting SMILES to graph: 235/500
8dulAK_antigen.pdb  6e0pMm_antibody.pdb
Converting SMILES to graph: 236/500
8dulAK_antigen.pdb  6herB_antibody.pdb
Converting SMILES to graph: 237/500
8dunG_antigen.pdb  6h2yHL_antibody.pdb
Converting SMILES to graph: 238/500
8dunG_antigen.pdb  5en2AB_antibody.pdb
Converting SMILES to graph: 239/500
8dunG_antigen.pdb  7n05HL_antibody.pdb
Converting SMILES to graph: 240/500
8dunG_antigen.pdb  7cvtEF_antibody.pdb
Converting SMILES to graph: 241/500
8dunG_antigen.pdb  4xcyEF_antibody.pdb
Converting SMILES to graph: 242/500
8duzF_antigen.pdb  7a5rIM_antibody.pdb
Converting SMILES to graph: 243/500
8duzF_antigen.pdb  8jiqN_antibody.pdb
Converting SMILES to graph: 244/500
8duzF_antigen.pdb  6z10B_antibody.pdb
Converting SMILES to graph: 245/500
8duzF_antigen.pdb  6bp2HL_antibody.pdb
Converting SMILES to graph: 246/500
8duzF_antigen.pdb  6p9hHL_antibody.pdb
Converting SMILES to graph: 247/500
8duzF_antigen.pdb  7pr0CB_antibody.pdb
Converting SMILES to graph: 248/500
8dv6B_antigen.pdb  8dzvAa_antibody.pdb
Converting SMILES to graph: 249/500
8dv6B_antigen.pdb  7y7jED_antibody.pdb
Converting SMILES to graph: 250/500
8dv6B_antigen.pdb  7tywN_antibody.pdb
Converting SMILES to graph: 251/500
8dv6B_antigen.pdb  2ih1AB_antibody.pdb
Converting SMILES to graph: 252/500
8dv6B_antigen.pdb  7v69Ss_antibody.pdb
Converting SMILES to graph: 253/500
8dv6B_antigen.pdb  6gk7HL_antibody.pdb
Converting SMILES to graph: 254/500
8dvdGEF_antigen.pdb  5y7zD_antibody.pdb
Converting SMILES to graph: 255/500
8dvdGEF_antigen.pdb  1q1jIM_antibody.pdb
Converting SMILES to graph: 256/500
8dvdGEF_antigen.pdb  4rrpLF_antibody.pdb
Converting SMILES to graph: 257/500
8dvdGEF_antigen.pdb  8dd2JI_antibody.pdb
Converting SMILES to graph: 258/500
8dvdGEF_antigen.pdb  3eysHL_antibody.pdb
Converting SMILES to graph: 259/500
8dvdGEF_antigen.pdb  4w2qG_antibody.pdb
Converting SMILES to graph: 260/500
8dw2B_antigen.pdb  6d9wHL_antibody.pdb
Converting SMILES to graph: 261/500
8dw2B_antigen.pdb  8j7tEC_antibody.pdb
Converting SMILES to graph: 262/500
8dw2B_antigen.pdb  7kyoHL_antibody.pdb
Converting SMILES to graph: 263/500
8dw2B_antigen.pdb  5ip4A_antibody.pdb
Converting SMILES to graph: 264/500
8dw2B_antigen.pdb  7t92HL_antibody.pdb
Converting SMILES to graph: 265/500
8dw2B_antigen.pdb  7k8uHL_antibody.pdb
Converting SMILES to graph: 266/500
8dw3B_antigen.pdb  7dd2EH_antibody.pdb
Converting SMILES to graph: 267/500
8dw3B_antigen.pdb  8fxcHL_antibody.pdb
Converting SMILES to graph: 268/500
8dw3B_antigen.pdb  3cxdHL_antibody.pdb
Converting SMILES to graph: 269/500
8dw3B_antigen.pdb  5m15C_antibody.pdb
Converting SMILES to graph: 270/500
8dw3B_antigen.pdb  4kv5Jj_antibody.pdb
Converting SMILES to graph: 271/500
8dw3B_antigen.pdb  8dv6CL_antibody.pdb
Converting SMILES to graph: 272/500
8dw9B_antigen.pdb  8disHL_antibody.pdb
Converting SMILES to graph: 273/500
8dw9B_antigen.pdb  6ye3DE_antibody.pdb
Converting SMILES to graph: 274/500
8dw9B_antigen.pdb  6v4oAB_antibody.pdb
Converting SMILES to graph: 275/500
8dw9B_antigen.pdb  6h3uIM_antibody.pdb
Converting SMILES to graph: 276/500
8dw9B_antigen.pdb  3ld8CB_antibody.pdb
Converting SMILES to graph: 277/500
8dw9B_antigen.pdb  5c0nCD_antibody.pdb
Converting SMILES to graph: 278/500
8dwaA_antigen.pdb  8dzrEe_antibody.pdb
Converting SMILES to graph: 279/500
8dwaA_antigen.pdb  8gx9HF_antibody.pdb
Converting SMILES to graph: 280/500
8dwaA_antigen.pdb  7x8zHL_antibody.pdb
Converting SMILES to graph: 281/500
8dwaA_antigen.pdb  6velHL_antibody.pdb
Converting SMILES to graph: 282/500
8dwaA_antigen.pdb  1cz8YX_antibody.pdb
Converting SMILES to graph: 283/500
8dwaA_antigen.pdb  7r8lHL_antibody.pdb
Converting SMILES to graph: 284/500
8dwcBC_antigen.pdb  7x2kHL_antibody.pdb
Converting SMILES to graph: 285/500
8dwcBC_antigen.pdb  8aixD_antibody.pdb
Converting SMILES to graph: 286/500
8dwcBC_antigen.pdb  5mo3HL_antibody.pdb
Converting SMILES to graph: 287/500
8dwcBC_antigen.pdb  5xcuDE_antibody.pdb
Converting SMILES to graph: 288/500
8dwcBC_antigen.pdb  3ru8HL_antibody.pdb
Converting SMILES to graph: 289/500
8dwcBC_antigen.pdb  7s0cHL_antibody.pdb
Converting SMILES to graph: 290/500
8dwgBC_antigen.pdb  7t5fF_antibody.pdb
Converting SMILES to graph: 291/500
8dwgBC_antigen.pdb  8eyhD_antibody.pdb
Converting SMILES to graph: 292/500
8dwgBC_antigen.pdb  5o7pBA_antibody.pdb
Converting SMILES to graph: 293/500
8dwgBC_antigen.pdb  6b5lHL_antibody.pdb
Converting SMILES to graph: 294/500
8dwgBC_antigen.pdb  1himLH_antibody.pdb
Converting SMILES to graph: 295/500
8dwgBC_antigen.pdb  7vuySs_antibody.pdb
Converting SMILES to graph: 296/500
8dwoBA_antigen.pdb  5xwdHD_antibody.pdb
Converting SMILES to graph: 297/500
8dwoBA_antigen.pdb  7ubyD_antibody.pdb
Converting SMILES to graph: 298/500
8dwoBA_antigen.pdb  7a29D_antibody.pdb
Converting SMILES to graph: 299/500
8dwoBA_antigen.pdb  4zypNO_antibody.pdb
Converting SMILES to graph: 300/500
8dwoBA_antigen.pdb  4jpvHL_antibody.pdb
Converting SMILES to graph: 301/500
8dwoBA_antigen.pdb  7unzC_antibody.pdb
Converting SMILES to graph: 302/500
8dwwN_antigen.pdb  8e3xN_antibody.pdb
Converting SMILES to graph: 303/500
8dwwN_antigen.pdb  5vodHL_antibody.pdb
Converting SMILES to graph: 304/500
8dwwN_antigen.pdb  8duaHL_antibody.pdb
Converting SMILES to graph: 305/500
8dwwN_antigen.pdb  4xvtHL_antibody.pdb
Converting SMILES to graph: 306/500
8dwwN_antigen.pdb  7ndaHL_antibody.pdb
Converting SMILES to graph: 307/500
8dwwN_antigen.pdb  7dzyOP_antibody.pdb
Converting SMILES to graph: 308/500
8dwxP_antigen.pdb  1ic5HL_antibody.pdb
Converting SMILES to graph: 309/500
8dwxP_antigen.pdb  6xeyJK_antibody.pdb
Converting SMILES to graph: 310/500
8dwxP_antigen.pdb  7ssvHL_antibody.pdb
Converting SMILES to graph: 311/500
8dwxP_antigen.pdb  7x10Ee_antibody.pdb
Converting SMILES to graph: 312/500
8dwxP_antigen.pdb  6ot0HL_antibody.pdb
Converting SMILES to graph: 313/500
8dwxP_antigen.pdb  3k7uA_antibody.pdb
Converting SMILES to graph: 314/500
8dwyP_antigen.pdb  7xz5N_antibody.pdb
Converting SMILES to graph: 315/500
8dwyP_antigen.pdb  8tp4HL_antibody.pdb
Converting SMILES to graph: 316/500
8dwyP_antigen.pdb  8hc5HL_antibody.pdb
Converting SMILES to graph: 317/500
8dwyP_antigen.pdb  6x3sKL_antibody.pdb
Converting SMILES to graph: 318/500
8dwyP_antigen.pdb  8ucdHL_antibody.pdb
Converting SMILES to graph: 319/500
8dwyP_antigen.pdb  5ja9B_antibody.pdb
Converting SMILES to graph: 320/500
8dxsA_antigen.pdb  7sp9C_antibody.pdb
Converting SMILES to graph: 321/500
8dxsA_antigen.pdb  7ykdSs_antibody.pdb
Converting SMILES to graph: 322/500
8dxsA_antigen.pdb  8op0A_antibody.pdb
Converting SMILES to graph: 323/500
8dxsA_antigen.pdb  7k7hHL_antibody.pdb
Converting SMILES to graph: 324/500
8dxsA_antigen.pdb  8en6C_antibody.pdb
Converting SMILES to graph: 325/500
8dxsA_antigen.pdb  6qigHL_antibody.pdb
Converting SMILES to graph: 326/500
8dxtR_antigen.pdb  1n8zBA_antibody.pdb
Converting SMILES to graph: 327/500
8dxtR_antigen.pdb  4plkHL_antibody.pdb
Converting SMILES to graph: 328/500
8dxtR_antigen.pdb  4yc2BC_antibody.pdb
Converting SMILES to graph: 329/500
8dxtR_antigen.pdb  8ezlHh_antibody.pdb
Converting SMILES to graph: 330/500
8dxtR_antigen.pdb  7v23OP_antibody.pdb
Converting SMILES to graph: 331/500
8dxuR_antigen.pdb  8dcyAB_antibody.pdb
Converting SMILES to graph: 332/500
8dxuR_antigen.pdb  7ckzN_antibody.pdb
Converting SMILES to graph: 333/500
8dxuR_antigen.pdb  6x08K_antibody.pdb
Converting SMILES to graph: 334/500
8dxuR_antigen.pdb  6w51OP_antibody.pdb
Converting SMILES to graph: 335/500
8dxuR_antigen.pdb  4plkHL_antibody.pdb
Converting SMILES to graph: 336/500
8dxuR_antigen.pdb  5f7kD_antibody.pdb
Converting SMILES to graph: 337/500
8dy1A_antigen.pdb  8fn0Ee_antibody.pdb
Converting SMILES to graph: 338/500
8dy1A_antigen.pdb  7a3tHL_antibody.pdb
Converting SMILES to graph: 339/500
8dy1A_antigen.pdb  7unzC_antibody.pdb
Converting SMILES to graph: 340/500
8dy1A_antigen.pdb  7chcHL_antibody.pdb
Converting SMILES to graph: 341/500
8dy1A_antigen.pdb  7t4rPQ_antibody.pdb
Converting SMILES to graph: 342/500
8dy1A_antigen.pdb  5dyoHL_antibody.pdb
Converting SMILES to graph: 343/500
8dy5C_antigen.pdb  6wikDC_antibody.pdb
Converting SMILES to graph: 344/500
8dy5C_antigen.pdb  2or9IM_antibody.pdb
Converting SMILES to graph: 345/500
8dy5C_antigen.pdb  8d8rHL_antibody.pdb
Converting SMILES to graph: 346/500
8dy5C_antigen.pdb  7ty0JN_antibody.pdb
Converting SMILES to graph: 347/500
8dy5C_antigen.pdb  2a0lFE_antibody.pdb
Converting SMILES to graph: 348/500
8dy5C_antigen.pdb  8tp9DF_antibody.pdb
Converting SMILES to graph: 349/500
8dy6A_antigen.pdb  4qciHL_antibody.pdb
Converting SMILES to graph: 350/500
8dy6A_antigen.pdb  8bggY_antibody.pdb
Converting SMILES to graph: 351/500
8dy6A_antigen.pdb  1sy6HL_antibody.pdb
Converting SMILES to graph: 352/500
8dy6A_antigen.pdb  4xgzCD_antibody.pdb
Converting SMILES to graph: 353/500
8dy6A_antigen.pdb  8p7wDG_antibody.pdb
Converting SMILES to graph: 354/500
8dy6A_antigen.pdb  8eqfHL_antibody.pdb
Converting SMILES to graph: 355/500
8dypA_antigen.pdb  7xckAB_antibody.pdb
Converting SMILES to graph: 356/500
8dypA_antigen.pdb  7u2dHL_antibody.pdb
Converting SMILES to graph: 357/500
8dypA_antigen.pdb  7m42DC_antibody.pdb
Converting SMILES to graph: 358/500
8dypA_antigen.pdb  8c3vHL_antibody.pdb
Converting SMILES to graph: 359/500
8dypA_antigen.pdb  7lxnHL_antibody.pdb
Converting SMILES to graph: 360/500
8dypA_antigen.pdb  7x8yHL_antibody.pdb
Converting SMILES to graph: 361/500
8dytI_antigen.pdb  4xawHL_antibody.pdb
Converting SMILES to graph: 362/500
8dytI_antigen.pdb  6oz4HL_antibody.pdb
Converting SMILES to graph: 363/500
8dytI_antigen.pdb  7cdjHL_antibody.pdb
Converting SMILES to graph: 364/500
8dytI_antigen.pdb  6x05K_antibody.pdb
Converting SMILES to graph: 365/500
8dytI_antigen.pdb  7sr0B_antibody.pdb
Converting SMILES to graph: 366/500
8dytI_antigen.pdb  7kd0C_antibody.pdb
Converting SMILES to graph: 367/500
8dywI_antigen.pdb  8fb8HL_antibody.pdb
Converting SMILES to graph: 368/500
8dywI_antigen.pdb  7tyvHL_antibody.pdb
Converting SMILES to graph: 369/500
8dywI_antigen.pdb  7leyDE_antibody.pdb
Converting SMILES to graph: 370/500
8dywI_antigen.pdb  8g05Ee_antibody.pdb
Converting SMILES to graph: 371/500
8dywI_antigen.pdb  2w0fAB_antibody.pdb
Converting SMILES to graph: 372/500
8dywI_antigen.pdb  7qn5F_antibody.pdb
Converting SMILES to graph: 373/500
8dyxI_antigen.pdb  2vdoHL_antibody.pdb
Converting SMILES to graph: 374/500
8dyxI_antigen.pdb  6axlDC_antibody.pdb
Converting SMILES to graph: 375/500
8dyxI_antigen.pdb  3j6a7_antibody.pdb
Converting SMILES to graph: 376/500
8dyxI_antigen.pdb  7sp6B_antibody.pdb
Converting SMILES to graph: 377/500
8dyxI_antigen.pdb  2hfgHL_antibody.pdb
Converting SMILES to graph: 378/500
8dyxI_antigen.pdb  8gb7HL_antibody.pdb
Converting SMILES to graph: 379/500
8dyyI_antigen.pdb  4xnzHL_antibody.pdb
Converting SMILES to graph: 380/500
8dyyI_antigen.pdb  7ecyEF_antibody.pdb
Converting SMILES to graph: 381/500
8dyyI_antigen.pdb  3wxwHL_antibody.pdb
Converting SMILES to graph: 382/500
8dyyI_antigen.pdb  7wvmAB_antibody.pdb
Converting SMILES to graph: 383/500
8dyyI_antigen.pdb  7kpgHL_antibody.pdb
Converting SMILES to graph: 384/500
8dyyI_antigen.pdb  1rzkHL_antibody.pdb
Converting SMILES to graph: 385/500
8dz3I_antigen.pdb  3mlyHL_antibody.pdb
Converting SMILES to graph: 386/500
8dz3I_antigen.pdb  8g3qCB_antibody.pdb
Converting SMILES to graph: 387/500
8dz3I_antigen.pdb  7u8gDE_antibody.pdb
Converting SMILES to graph: 388/500
8dz3I_antigen.pdb  8slbHL_antibody.pdb
Converting SMILES to graph: 389/500
8dz3I_antigen.pdb  4o58HL_antibody.pdb
Converting SMILES to graph: 390/500
8dz3I_antigen.pdb  7xa3Ee_antibody.pdb
Converting SMILES to graph: 391/500
8dz4I_antigen.pdb  7x3yHL_antibody.pdb
Converting SMILES to graph: 392/500
8dz4I_antigen.pdb  4xmkHL_antibody.pdb
Converting SMILES to graph: 393/500
8dz4I_antigen.pdb  2ih3AB_antibody.pdb
Converting SMILES to graph: 394/500
8dz4I_antigen.pdb  5f6jHF_antibody.pdb
Converting SMILES to graph: 395/500
8dz4I_antigen.pdb  6q0oZB_antibody.pdb
Converting SMILES to graph: 396/500
8dz4I_antigen.pdb  4wfgGF_antibody.pdb
Converting SMILES to graph: 397/500
8dz5I_antigen.pdb  1oazHL_antibody.pdb
Converting SMILES to graph: 398/500
8dz5I_antigen.pdb  8scxHL_antibody.pdb
Converting SMILES to graph: 399/500
8dz5I_antigen.pdb  6qb4Xx_antibody.pdb
Converting SMILES to graph: 400/500
8dz5I_antigen.pdb  5kelQU_antibody.pdb
Converting SMILES to graph: 401/500
8dz5I_antigen.pdb  8hc6HL_antibody.pdb
Converting SMILES to graph: 402/500
8dz5I_antigen.pdb  6w52HL_antibody.pdb
Converting SMILES to graph: 403/500
8dzhA_antigen.pdb  7z2mBA_antibody.pdb
Converting SMILES to graph: 404/500
8dzhA_antigen.pdb  4am0CD_antibody.pdb
Converting SMILES to graph: 405/500
8dzhA_antigen.pdb  7v68Ss_antibody.pdb
Converting SMILES to graph: 406/500
8dzhA_antigen.pdb  7bu8JK_antibody.pdb
Converting SMILES to graph: 407/500
8dzhA_antigen.pdb  4xphHL_antibody.pdb
Converting SMILES to graph: 408/500
8dzhA_antigen.pdb  4mqxEF_antibody.pdb
Converting SMILES to graph: 409/500
8dziC_antigen.pdb  6phdHL_antibody.pdb
Converting SMILES to graph: 410/500
8dziC_antigen.pdb  5my6B_antibody.pdb
Converting SMILES to graph: 411/500
8dziC_antigen.pdb  3sdyHL_antibody.pdb
Converting SMILES to graph: 412/500
8dziC_antigen.pdb  7xicKL_antibody.pdb
Converting SMILES to graph: 413/500
8dziC_antigen.pdb  7mf1HL_antibody.pdb
Converting SMILES to graph: 414/500
8dziC_antigen.pdb  7tp4HL_antibody.pdb
Converting SMILES to graph: 415/500
8dzpBC_antigen.pdb  7e5yCB_antibody.pdb
Converting SMILES to graph: 416/500
8dzpBC_antigen.pdb  6b0sHL_antibody.pdb
Converting SMILES to graph: 417/500
8dzpBC_antigen.pdb  7ul2D_antibody.pdb
Converting SMILES to graph: 418/500
8dzpBC_antigen.pdb  3l5wBA_antibody.pdb
Converting SMILES to graph: 419/500
8dzpBC_antigen.pdb  2ht4EF_antibody.pdb
Converting SMILES to graph: 420/500
8dzpBC_antigen.pdb  7ecyEF_antibody.pdb
Converting SMILES to graph: 421/500
8dzqBC_antigen.pdb  5bjzDH_antibody.pdb
Converting SMILES to graph: 422/500
8dzqBC_antigen.pdb  6n4rLK_antibody.pdb
Converting SMILES to graph: 423/500
8dzqBC_antigen.pdb  6oejBC_antibody.pdb
Converting SMILES to graph: 424/500
8dzqBC_antigen.pdb  8itmN_antibody.pdb
Converting SMILES to graph: 425/500
8dzqBC_antigen.pdb  7upyHL_antibody.pdb
Converting SMILES to graph: 426/500
8dzqBC_antigen.pdb  8hbwB_antibody.pdb
Converting SMILES to graph: 427/500
8dzrBC_antigen.pdb  7r23C_antibody.pdb
Converting SMILES to graph: 428/500
8dzrBC_antigen.pdb  8slbHL_antibody.pdb
Converting SMILES to graph: 429/500
8dzrBC_antigen.pdb  7rnnC_antibody.pdb
Converting SMILES to graph: 430/500
8dzrBC_antigen.pdb  4ht1HL_antibody.pdb
Converting SMILES to graph: 431/500
8dzrBC_antigen.pdb  8hnnN_antibody.pdb
Converting SMILES to graph: 432/500
8dzrBC_antigen.pdb  8bbnMN_antibody.pdb
Converting SMILES to graph: 433/500
8dzsBC_antigen.pdb  6x19N_antibody.pdb
Converting SMILES to graph: 434/500
8dzsBC_antigen.pdb  2nyyDC_antibody.pdb
Converting SMILES to graph: 435/500
8dzsBC_antigen.pdb  7fbiHL_antibody.pdb
Converting SMILES to graph: 436/500
8dzsBC_antigen.pdb  4nikBb_antibody.pdb
Converting SMILES to graph: 437/500
8dzsBC_antigen.pdb  7k9iHL_antibody.pdb
Converting SMILES to graph: 438/500
8dzsBC_antigen.pdb  7dv4H_antibody.pdb
Converting SMILES to graph: 439/500
8dzvC_antigen.pdb  7spaB_antibody.pdb
Converting SMILES to graph: 440/500
8dzvC_antigen.pdb  8ihbSs_antibody.pdb
Converting SMILES to graph: 441/500
8dzvC_antigen.pdb  3cx5UV_antibody.pdb
Converting SMILES to graph: 442/500
8dzvC_antigen.pdb  6x3wJI_antibody.pdb
Converting SMILES to graph: 443/500
8dzvC_antigen.pdb  7ufwHh_antibody.pdb
Converting SMILES to graph: 444/500
8dzvC_antigen.pdb  7oraHL_antibody.pdb
Converting SMILES to graph: 445/500
8dzwC_antigen.pdb  3stzAB_antibody.pdb
Converting SMILES to graph: 446/500
8dzwC_antigen.pdb  4rwyHL_antibody.pdb
Converting SMILES to graph: 447/500
8dzwC_antigen.pdb  6x1wHL_antibody.pdb
Converting SMILES to graph: 448/500
8dzwC_antigen.pdb  5e8eBA_antibody.pdb
Converting SMILES to graph: 449/500
8dzwC_antigen.pdb  5t1dHL_antibody.pdb
Converting SMILES to graph: 450/500
8dzwC_antigen.pdb  7mm0HL_antibody.pdb
Converting SMILES to graph: 451/500
8e0eA_antigen.pdb  6h7oD_antibody.pdb
Converting SMILES to graph: 452/500
8e0eA_antigen.pdb  2w65CD_antibody.pdb
Converting SMILES to graph: 453/500
8e0eA_antigen.pdb  4mxwHL_antibody.pdb
Converting SMILES to graph: 454/500
8e0eA_antigen.pdb  7sk3DC_antibody.pdb
Converting SMILES to graph: 455/500
8e0eA_antigen.pdb  7dhrN_antibody.pdb
Converting SMILES to graph: 456/500
8e0eA_antigen.pdb  6nyqHL_antibody.pdb
Converting SMILES to graph: 457/500
8e1gA_antigen.pdb  4qciHL_antibody.pdb
Converting SMILES to graph: 458/500
8e1gA_antigen.pdb  5sx4HL_antibody.pdb
Converting SMILES to graph: 459/500
8e1gA_antigen.pdb  6os0D_antibody.pdb
Converting SMILES to graph: 460/500
8e1gA_antigen.pdb  6c6zHL_antibody.pdb
Converting SMILES to graph: 461/500
8e1gA_antigen.pdb  7uraHL_antibody.pdb
Converting SMILES to graph: 462/500
8e1gA_antigen.pdb  2hh0HL_antibody.pdb
Converting SMILES to graph: 463/500
8e1mC_antigen.pdb  6lfoSs_antibody.pdb
Converting SMILES to graph: 464/500
8e1mC_antigen.pdb  7jtgAB_antibody.pdb
Converting SMILES to graph: 465/500
8e1mC_antigen.pdb  7l7rBA_antibody.pdb
Converting SMILES to graph: 466/500
8e1mC_antigen.pdb  5vjoCD_antibody.pdb
Converting SMILES to graph: 467/500
8e1mC_antigen.pdb  5cbaAB_antibody.pdb
Converting SMILES to graph: 468/500
8e1mC_antigen.pdb  7f4dN_antibody.pdb
Converting SMILES to graph: 469/500
8e1pE_antigen.pdb  7cakIH_antibody.pdb
Converting SMILES to graph: 470/500
8e1pE_antigen.pdb  4r3sAB_antibody.pdb
Converting SMILES to graph: 471/500
8e1pE_antigen.pdb  7c8wA_antibody.pdb
Converting SMILES to graph: 472/500
8e1pE_antigen.pdb  7dk6ab_antibody.pdb
Converting SMILES to graph: 473/500
8e1pE_antigen.pdb  4uaoCB_antibody.pdb
Converting SMILES to graph: 474/500
8e1pE_antigen.pdb  7choHL_antibody.pdb
Converting SMILES to graph: 475/500
8e2uA_antigen.pdb  3u9pHL_antibody.pdb
Converting SMILES to graph: 476/500
8e2uA_antigen.pdb  5eu7FD_antibody.pdb
Converting SMILES to graph: 477/500
8e2uA_antigen.pdb  7nd6HL_antibody.pdb
Converting SMILES to graph: 478/500
8e2uA_antigen.pdb  7t7bHL_antibody.pdb
Converting SMILES to graph: 479/500
8e2uA_antigen.pdb  5w3lEG_antibody.pdb
Converting SMILES to graph: 480/500
8e2uA_antigen.pdb  7r6xHL_antibody.pdb
Converting SMILES to graph: 481/500
8e3xABG_antigen.pdb  3eyuHL_antibody.pdb
Converting SMILES to graph: 482/500
8e3xABG_antigen.pdb  6o24AB_antibody.pdb
Converting SMILES to graph: 483/500
8e3xABG_antigen.pdb  6j5fHL_antibody.pdb
Converting SMILES to graph: 484/500
8e3xABG_antigen.pdb  4l5fHL_antibody.pdb
Converting SMILES to graph: 485/500
8e3xABG_antigen.pdb  7xtpC_antibody.pdb
Converting SMILES to graph: 486/500
8e3xABG_antigen.pdb  8tb0Ff_antibody.pdb
Converting SMILES to graph: 487/500
8e3yAB_antigen.pdb  3lqaHL_antibody.pdb
Converting SMILES to graph: 488/500
8e3yAB_antigen.pdb  7t75HL_antibody.pdb
Converting SMILES to graph: 489/500
8e3yAB_antigen.pdb  4yo0CD_antibody.pdb
Converting SMILES to graph: 490/500
8e3yAB_antigen.pdb  1gc1HL_antibody.pdb
Converting SMILES to graph: 491/500
8e3yAB_antigen.pdb  4k94HL_antibody.pdb
Converting SMILES to graph: 492/500
8e3yAB_antigen.pdb  4k24HL_antibody.pdb
Converting SMILES to graph: 493/500
8e3zAB_antigen.pdb  4odxHB_antibody.pdb
Converting SMILES to graph: 494/500
8e3zAB_antigen.pdb  6oelHL_antibody.pdb
Converting SMILES to graph: 495/500
8e3zAB_antigen.pdb  7t4sHI_antibody.pdb
Converting SMILES to graph: 496/500
8e3zAB_antigen.pdb  6qv2F_antibody.pdb
Converting SMILES to graph: 497/500
8e3zAB_antigen.pdb  8dlxH_antibody.pdb
Converting SMILES to graph: 498/500
8e3zAB_antigen.pdb  7tyfN_antibody.pdb
Converting SMILES to graph: 499/500
8e6jA_antigen.pdb  7y35N_antibody.pdb
Converting SMILES to graph: 500/500
8e6jA_antigen.pdb  7swoHL_antibody.pdb
Graph construction done. Saving to file.
