Converting SMILES to graph: 1/500
1a14N_antigen.pdb  5ujzIi_antibody.pdb
Converting SMILES to graph: 2/500
1a14N_antigen.pdb  8ftgA_antibody.pdb
Converting SMILES to graph: 3/500
1a14N_antigen.pdb  8aokB_antibody.pdb
Converting SMILES to graph: 4/500
1a14N_antigen.pdb  6marMN_antibody.pdb
Converting SMILES to graph: 5/500
1a14N_antigen.pdb  7jwpKL_antibody.pdb
Converting SMILES to graph: 6/500
1a2yC_antigen.pdb  7ujkEF_antibody.pdb
Converting SMILES to graph: 7/500
1a2yC_antigen.pdb  8dfhHL_antibody.pdb
Converting SMILES to graph: 8/500
1a2yC_antigen.pdb  5i8cAB_antibody.pdb
Converting SMILES to graph: 9/500
1a2yC_antigen.pdb  4u3xA_antibody.pdb
Converting SMILES to graph: 10/500
1a2yC_antigen.pdb  8f2aN_antibody.pdb
Converting SMILES to graph: 11/500
1a2yC_antigen.pdb  7ew7Ee_antibody.pdb
Converting SMILES to graph: 12/500
1a3rP_antigen.pdb  8afhD_antibody.pdb
Converting SMILES to graph: 13/500
1a3rP_antigen.pdb  3pnwBA_antibody.pdb
Converting SMILES to graph: 14/500
1a3rP_antigen.pdb  7jmpHL_antibody.pdb
Converting SMILES to graph: 15/500
1a3rP_antigen.pdb  7xk9B_antibody.pdb
Converting SMILES to graph: 16/500
1a3rP_antigen.pdb  6h3tIM_antibody.pdb
Converting SMILES to graph: 17/500
1a3rP_antigen.pdb  2jelHL_antibody.pdb
Converting SMILES to graph: 18/500
1acyP_antigen.pdb  8j7tEC_antibody.pdb
Converting SMILES to graph: 19/500
1acyP_antigen.pdb  4uv7HL_antibody.pdb
Converting SMILES to graph: 20/500
1acyP_antigen.pdb  4s1qHL_antibody.pdb
Converting SMILES to graph: 21/500
1acyP_antigen.pdb  7nx0D_antibody.pdb
Converting SMILES to graph: 22/500
1acyP_antigen.pdb  2h1pHL_antibody.pdb
Converting SMILES to graph: 23/500
1acyP_antigen.pdb  7apjB_antibody.pdb
Converting SMILES to graph: 24/500
1adqA_antigen.pdb  6e63HL_antibody.pdb
Converting SMILES to graph: 25/500
1adqA_antigen.pdb  7e6pHL_antibody.pdb
Converting SMILES to graph: 26/500
1adqA_antigen.pdb  4uaoCB_antibody.pdb
Converting SMILES to graph: 27/500
1adqA_antigen.pdb  6fn4CB_antibody.pdb
Converting SMILES to graph: 28/500
1adqA_antigen.pdb  7f62HL_antibody.pdb
Converting SMILES to graph: 29/500
1adqA_antigen.pdb  7lueJN_antibody.pdb
Converting SMILES to graph: 30/500
1afvA_antigen.pdb  6hjyJ_antibody.pdb
Converting SMILES to graph: 31/500
1afvA_antigen.pdb  6h7nD_antibody.pdb
Converting SMILES to graph: 32/500
1afvA_antigen.pdb  6etiFE_antibody.pdb
Converting SMILES to graph: 33/500
1afvA_antigen.pdb  7kezHL_antibody.pdb
Converting SMILES to graph: 34/500
1afvA_antigen.pdb  6p91HL_antibody.pdb
Converting SMILES to graph: 35/500
1afvA_antigen.pdb  4qyoAB_antibody.pdb
Converting SMILES to graph: 36/500
1ahwF_antigen.pdb  8f6lAB_antibody.pdb
Converting SMILES to graph: 37/500
1ahwF_antigen.pdb  7po5HL_antibody.pdb
Converting SMILES to graph: 38/500
1ahwF_antigen.pdb  2atkAB_antibody.pdb
Converting SMILES to graph: 39/500
1ahwF_antigen.pdb  6al1HL_antibody.pdb
Converting SMILES to graph: 40/500
1ahwF_antigen.pdb  4ldoB_antibody.pdb
Converting SMILES to graph: 41/500
1ahwF_antigen.pdb  8gsdHL_antibody.pdb
Converting SMILES to graph: 42/500
1ai1P_antigen.pdb  5ojmM_antibody.pdb
Converting SMILES to graph: 43/500
1ai1P_antigen.pdb  6vugDC_antibody.pdb
Converting SMILES to graph: 44/500
1ai1P_antigen.pdb  7xk2Ss_antibody.pdb
Converting SMILES to graph: 45/500
1ai1P_antigen.pdb  7x4iE_antibody.pdb
Converting SMILES to graph: 46/500
1ai1P_antigen.pdb  2ez0EF_antibody.pdb
Converting SMILES to graph: 47/500
1ai1P_antigen.pdb  7e5yCB_antibody.pdb
Converting SMILES to graph: 48/500
1ar1B_antigen.pdb  8en4C_antibody.pdb
Converting SMILES to graph: 49/500
1ar1B_antigen.pdb  7vfxSs_antibody.pdb
Converting SMILES to graph: 50/500
1ar1B_antigen.pdb  6ragC_antibody.pdb
Converting SMILES to graph: 51/500
1ar1B_antigen.pdb  7s3iN_antibody.pdb
Converting SMILES to graph: 52/500
1ar1B_antigen.pdb  8hhyHL_antibody.pdb
Converting SMILES to graph: 53/500
1ar1B_antigen.pdb  8fluN_antibody.pdb
Converting SMILES to graph: 54/500
1bgxT_antigen.pdb  7mf1HL_antibody.pdb
Converting SMILES to graph: 55/500
1bgxT_antigen.pdb  7s6cEG_antibody.pdb
Converting SMILES to graph: 56/500
1bgxT_antigen.pdb  4x7dC_antibody.pdb
Converting SMILES to graph: 57/500
1bgxT_antigen.pdb  6jepHL_antibody.pdb
Converting SMILES to graph: 58/500
1bgxT_antigen.pdb  1dzbAa_antibody.pdb
Converting SMILES to graph: 59/500
1bgxT_antigen.pdb  7dhiN_antibody.pdb
Converting SMILES to graph: 60/500
1bj1W_antigen.pdb  5wobUV_antibody.pdb
Converting SMILES to graph: 61/500
1bj1W_antigen.pdb  7oztA_antibody.pdb
Converting SMILES to graph: 62/500
1bj1W_antigen.pdb  7wwiED_antibody.pdb
Converting SMILES to graph: 63/500
1bj1W_antigen.pdb  7vtjHL_antibody.pdb
Converting SMILES to graph: 64/500
1bj1W_antigen.pdb  6zwkF_antibody.pdb
Converting SMILES to graph: 65/500
1bj1W_antigen.pdb  7f8wDd_antibody.pdb
Converting SMILES to graph: 66/500
1bogC_antigen.pdb  7mkmHL_antibody.pdb
Converting SMILES to graph: 67/500
1bogC_antigen.pdb  8cxcHL_antibody.pdb
Converting SMILES to graph: 68/500
1bogC_antigen.pdb  7mnnKM_antibody.pdb
Converting SMILES to graph: 69/500
1bogC_antigen.pdb  7cahED_antibody.pdb
Converting SMILES to graph: 70/500
1bogC_antigen.pdb  7ljcN_antibody.pdb
Converting SMILES to graph: 71/500
1bogC_antigen.pdb  4ut6IM_antibody.pdb
Converting SMILES to graph: 72/500
1bqlY_antigen.pdb  4ydlBC_antibody.pdb
Converting SMILES to graph: 73/500
1bqlY_antigen.pdb  7wwkGF_antibody.pdb
Converting SMILES to graph: 74/500
1bqlY_antigen.pdb  4jkpHL_antibody.pdb
Converting SMILES to graph: 75/500
1bqlY_antigen.pdb  7sd5HL_antibody.pdb
Converting SMILES to graph: 76/500
1bqlY_antigen.pdb  7cakIH_antibody.pdb
Converting SMILES to graph: 77/500
1bqlY_antigen.pdb  5w9kHI_antibody.pdb
Converting SMILES to graph: 78/500
1bvkC_antigen.pdb  7m7eCD_antibody.pdb
Converting SMILES to graph: 79/500
1bvkC_antigen.pdb  4jb9HL_antibody.pdb
Converting SMILES to graph: 80/500
1bvkC_antigen.pdb  8bg1AB_antibody.pdb
Converting SMILES to graph: 81/500
1bvkC_antigen.pdb  7nqaC_antibody.pdb
Converting SMILES to graph: 82/500
1bvkC_antigen.pdb  8gsfHL_antibody.pdb
Converting SMILES to graph: 83/500
1bvkC_antigen.pdb  6hhuG_antibody.pdb
Converting SMILES to graph: 84/500
1bzqD_antigen.pdb  2p8lBA_antibody.pdb
Converting SMILES to graph: 85/500
1bzqD_antigen.pdb  3uzeAa_antibody.pdb
Converting SMILES to graph: 86/500
1bzqD_antigen.pdb  7rkmDd_antibody.pdb
Converting SMILES to graph: 87/500
1bzqD_antigen.pdb  7ketAB_antibody.pdb
Converting SMILES to graph: 88/500
1bzqD_antigen.pdb  6nfuAB_antibody.pdb
Converting SMILES to graph: 89/500
1bzqD_antigen.pdb  7ox1AB_antibody.pdb
Converting SMILES to graph: 90/500
1c08C_antigen.pdb  3wfeHL_antibody.pdb
Converting SMILES to graph: 91/500
1c08C_antigen.pdb  3rvwDC_antibody.pdb
Converting SMILES to graph: 92/500
1c08C_antigen.pdb  8d7eFG_antibody.pdb
Converting SMILES to graph: 93/500
1c08C_antigen.pdb  8e3yN_antibody.pdb
Converting SMILES to graph: 94/500
1c08C_antigen.pdb  8hpkHL_antibody.pdb
Converting SMILES to graph: 95/500
1c08C_antigen.pdb  7yj4Ss_antibody.pdb
Converting SMILES to graph: 96/500
1ce1P_antigen.pdb  7r73A_antibody.pdb
Converting SMILES to graph: 97/500
1ce1P_antigen.pdb  6c5vHL_antibody.pdb
Converting SMILES to graph: 98/500
1ce1P_antigen.pdb  7me7B_antibody.pdb
Converting SMILES to graph: 99/500
1ce1P_antigen.pdb  7lbgFE_antibody.pdb
Converting SMILES to graph: 100/500
1ce1P_antigen.pdb  6xc4HL_antibody.pdb
Converting SMILES to graph: 101/500
1ce1P_antigen.pdb  6ws6CD_antibody.pdb
Converting SMILES to graph: 102/500
1cfnC_antigen.pdb  7nksCD_antibody.pdb
Converting SMILES to graph: 103/500
1cfnC_antigen.pdb  7tpjHL_antibody.pdb
Converting SMILES to graph: 104/500
1cfnC_antigen.pdb  7t74KG_antibody.pdb
Converting SMILES to graph: 105/500
1cfnC_antigen.pdb  7kddDE_antibody.pdb
Converting SMILES to graph: 106/500
1cfnC_antigen.pdb  4u0rBC_antibody.pdb
Converting SMILES to graph: 107/500
1cfnC_antigen.pdb  6h70C_antibody.pdb
Converting SMILES to graph: 108/500
1cfsC_antigen.pdb  5xj4HL_antibody.pdb
Converting SMILES to graph: 109/500
1cfsC_antigen.pdb  7rxcHL_antibody.pdb
Converting SMILES to graph: 110/500
1cfsC_antigen.pdb  8gtqHL_antibody.pdb
Converting SMILES to graph: 111/500
1cfsC_antigen.pdb  1ejoHL_antibody.pdb
Converting SMILES to graph: 112/500
1cfsC_antigen.pdb  1deeFE_antibody.pdb
Converting SMILES to graph: 113/500
1cfsC_antigen.pdb  8dy5Aa_antibody.pdb
Converting SMILES to graph: 114/500
1cftC_antigen.pdb  6mb3HL_antibody.pdb
Converting SMILES to graph: 115/500
1cftC_antigen.pdb  8fatAB_antibody.pdb
Converting SMILES to graph: 116/500
1cftC_antigen.pdb  7vnbA_antibody.pdb
Converting SMILES to graph: 117/500
1cftC_antigen.pdb  5fb8BA_antibody.pdb
Converting SMILES to graph: 118/500
1cftC_antigen.pdb  4p3dAB_antibody.pdb
Converting SMILES to graph: 119/500
1cftC_antigen.pdb  4olxHL_antibody.pdb
Converting SMILES to graph: 120/500
1ct8D_antigen.pdb  7zlhHL_antibody.pdb
Converting SMILES to graph: 121/500
1ct8D_antigen.pdb  6lfmSs_antibody.pdb
Converting SMILES to graph: 122/500
1ct8D_antigen.pdb  5m30D_antibody.pdb
Converting SMILES to graph: 123/500
1ct8D_antigen.pdb  7trpHh_antibody.pdb
Converting SMILES to graph: 124/500
1ct8D_antigen.pdb  6wnoEF_antibody.pdb
Converting SMILES to graph: 125/500
1ct8D_antigen.pdb  5d72MN_antibody.pdb
Converting SMILES to graph: 126/500
1cu4P_antigen.pdb  3droBA_antibody.pdb
Converting SMILES to graph: 127/500
1cu4P_antigen.pdb  7n0uHL_antibody.pdb
Converting SMILES to graph: 128/500
1cu4P_antigen.pdb  5w3lEG_antibody.pdb
Converting SMILES to graph: 129/500
1cu4P_antigen.pdb  7x4mHL_antibody.pdb
Converting SMILES to graph: 130/500
1cu4P_antigen.pdb  7k8xDF_antibody.pdb
Converting SMILES to graph: 131/500
1cz8V_antigen.pdb  6utaAB_antibody.pdb
Converting SMILES to graph: 132/500
1cz8V_antigen.pdb  2zjsHL_antibody.pdb
Converting SMILES to graph: 133/500
1cz8V_antigen.pdb  4rfoHL_antibody.pdb
Converting SMILES to graph: 134/500
1cz8V_antigen.pdb  7benGI_antibody.pdb
Converting SMILES to graph: 135/500
1cz8V_antigen.pdb  7e3kFG_antibody.pdb
Converting SMILES to graph: 136/500
1cz8V_antigen.pdb  6awoBC_antibody.pdb
Converting SMILES to graph: 137/500
1deeH_antigen.pdb  5m15C_antibody.pdb
Converting SMILES to graph: 138/500
1deeH_antigen.pdb  8j1tHK_antibody.pdb
Converting SMILES to graph: 139/500
1deeH_antigen.pdb  2ny6DC_antibody.pdb
Converting SMILES to graph: 140/500
1deeH_antigen.pdb  6db5HL_antibody.pdb
Converting SMILES to graph: 141/500
1deeH_antigen.pdb  7su1HL_antibody.pdb
Converting SMILES to graph: 142/500
1deeH_antigen.pdb  8dywHL_antibody.pdb
Converting SMILES to graph: 143/500
1dqjC_antigen.pdb  4qwwDC_antibody.pdb
Converting SMILES to graph: 144/500
1dqjC_antigen.pdb  4plkHL_antibody.pdb
Converting SMILES to graph: 145/500
1dqjC_antigen.pdb  3gjfHL_antibody.pdb
Converting SMILES to graph: 146/500
1dqjC_antigen.pdb  7xegCD_antibody.pdb
Converting SMILES to graph: 147/500
1dqjC_antigen.pdb  3dvgBA_antibody.pdb
Converting SMILES to graph: 148/500
1dqjC_antigen.pdb  7wy8D_antibody.pdb
Converting SMILES to graph: 149/500
1dzbX_antigen.pdb  7w0oSs_antibody.pdb
Converting SMILES to graph: 150/500
1dzbX_antigen.pdb  7o9wCB_antibody.pdb
Converting SMILES to graph: 151/500
1dzbX_antigen.pdb  6feqDC_antibody.pdb
Converting SMILES to graph: 152/500
1dzbX_antigen.pdb  4hemF_antibody.pdb
Converting SMILES to graph: 153/500
1dzbX_antigen.pdb  1e6jHL_antibody.pdb
Converting SMILES to graph: 154/500
1dzbX_antigen.pdb  2r0zHL_antibody.pdb
Converting SMILES to graph: 155/500
1e4wP_antigen.pdb  6fytI_antibody.pdb
Converting SMILES to graph: 156/500
1e4wP_antigen.pdb  7cfmN_antibody.pdb
Converting SMILES to graph: 157/500
1e4wP_antigen.pdb  7re7HL_antibody.pdb
Converting SMILES to graph: 158/500
1e4wP_antigen.pdb  6uqrCc_antibody.pdb
Converting SMILES to graph: 159/500
1e4wP_antigen.pdb  7u0pEF_antibody.pdb
Converting SMILES to graph: 160/500
1e4xP_antigen.pdb  3nidHL_antibody.pdb
Converting SMILES to graph: 161/500
1e4xP_antigen.pdb  6qb4Xx_antibody.pdb
Converting SMILES to graph: 162/500
1e4xP_antigen.pdb  4edxHL_antibody.pdb
Converting SMILES to graph: 163/500
1e4xP_antigen.pdb  8h4iD_antibody.pdb
Converting SMILES to graph: 164/500
1e4xP_antigen.pdb  6ru5C_antibody.pdb
Converting SMILES to graph: 165/500
1e4xP_antigen.pdb  8gpuHL_antibody.pdb
Converting SMILES to graph: 166/500
1e6jP_antigen.pdb  6ss4HL_antibody.pdb
Converting SMILES to graph: 167/500
1e6jP_antigen.pdb  2h2pEF_antibody.pdb
Converting SMILES to graph: 168/500
1e6jP_antigen.pdb  7yrhFE_antibody.pdb
Converting SMILES to graph: 169/500
1e6jP_antigen.pdb  7dm2HL_antibody.pdb
Converting SMILES to graph: 170/500
1e6jP_antigen.pdb  6lynAB_antibody.pdb
Converting SMILES to graph: 171/500
1e6jP_antigen.pdb  4nbyB_antibody.pdb
Converting SMILES to graph: 172/500
1egjA_antigen.pdb  8hbwB_antibody.pdb
Converting SMILES to graph: 173/500
1egjA_antigen.pdb  4xnyHL_antibody.pdb
Converting SMILES to graph: 174/500
1egjA_antigen.pdb  8e0eB_antibody.pdb
Converting SMILES to graph: 175/500
1egjA_antigen.pdb  4bh7BA_antibody.pdb
Converting SMILES to graph: 176/500
1egjA_antigen.pdb  7r7nHL_antibody.pdb
Converting SMILES to graph: 177/500
1egjA_antigen.pdb  5wdfAB_antibody.pdb
Converting SMILES to graph: 178/500
1ejoP_antigen.pdb  6cueHL_antibody.pdb
Converting SMILES to graph: 179/500
1ejoP_antigen.pdb  7vq0D_antibody.pdb
Converting SMILES to graph: 180/500
1ejoP_antigen.pdb  7exdEe_antibody.pdb
Converting SMILES to graph: 181/500
1ejoP_antigen.pdb  6ba5FE_antibody.pdb
Converting SMILES to graph: 182/500
1ejoP_antigen.pdb  5kvdHL_antibody.pdb
Converting SMILES to graph: 183/500
1eo8A_antigen.pdb  6pzfHL_antibody.pdb
Converting SMILES to graph: 184/500
1eo8A_antigen.pdb  7m42DC_antibody.pdb
Converting SMILES to graph: 185/500
1eo8A_antigen.pdb  6v7yF_antibody.pdb
Converting SMILES to graph: 186/500
1eo8A_antigen.pdb  1nsnHL_antibody.pdb
Converting SMILES to graph: 187/500
1eo8A_antigen.pdb  8j1qBA_antibody.pdb
Converting SMILES to graph: 188/500
1eo8A_antigen.pdb  4pp1DC_antibody.pdb
Converting SMILES to graph: 189/500
1ezvE_antigen.pdb  6cbpAa_antibody.pdb
Converting SMILES to graph: 190/500
1ezvE_antigen.pdb  6veqIJ_antibody.pdb
Converting SMILES to graph: 191/500
1ezvE_antigen.pdb  4kfzD_antibody.pdb
Converting SMILES to graph: 192/500
1ezvE_antigen.pdb  8d36HL_antibody.pdb
Converting SMILES to graph: 193/500
1ezvE_antigen.pdb  6wdsHL_antibody.pdb
Converting SMILES to graph: 194/500
1ezvE_antigen.pdb  6dfiHL_antibody.pdb
Converting SMILES to graph: 195/500
1f3rA_antigen.pdb  7vtjHL_antibody.pdb
Converting SMILES to graph: 196/500
1f3rA_antigen.pdb  8f6lAB_antibody.pdb
Converting SMILES to graph: 197/500
1f3rA_antigen.pdb  1u8kBA_antibody.pdb
Converting SMILES to graph: 198/500
1f3rA_antigen.pdb  6wmwHL_antibody.pdb
Converting SMILES to graph: 199/500
1f3rA_antigen.pdb  8hhxFG_antibody.pdb
Converting SMILES to graph: 200/500
1f3rA_antigen.pdb  7whzBD_antibody.pdb
Converting SMILES to graph: 201/500
1f58P_antigen.pdb  7labYX_antibody.pdb
Converting SMILES to graph: 202/500
1f58P_antigen.pdb  4jzoGH_antibody.pdb
Converting SMILES to graph: 203/500
1f58P_antigen.pdb  6i2gA_antibody.pdb
Converting SMILES to graph: 204/500
1f58P_antigen.pdb  7xrzHL_antibody.pdb
Converting SMILES to graph: 205/500
1f58P_antigen.pdb  5fuuHL_antibody.pdb
Converting SMILES to graph: 206/500
1f58P_antigen.pdb  5w6gHL_antibody.pdb
Converting SMILES to graph: 207/500
1f90E_antigen.pdb  8pq2HL_antibody.pdb
Converting SMILES to graph: 208/500
1f90E_antigen.pdb  6dfiHL_antibody.pdb
Converting SMILES to graph: 209/500
1f90E_antigen.pdb  7zraE_antibody.pdb
Converting SMILES to graph: 210/500
1f90E_antigen.pdb  7sodHL_antibody.pdb
Converting SMILES to graph: 211/500
1f90E_antigen.pdb  8fa8HL_antibody.pdb
Converting SMILES to graph: 212/500
1f90E_antigen.pdb  6yx9HL_antibody.pdb
Converting SMILES to graph: 213/500
1fbiX_antigen.pdb  6wf1HL_antibody.pdb
Converting SMILES to graph: 214/500
1fbiX_antigen.pdb  6pbwDC_antibody.pdb
Converting SMILES to graph: 215/500
1fbiX_antigen.pdb  1melA_antibody.pdb
Converting SMILES to graph: 216/500
1fbiX_antigen.pdb  7sszE_antibody.pdb
Converting SMILES to graph: 217/500
1fbiX_antigen.pdb  3ve0AB_antibody.pdb
Converting SMILES to graph: 218/500
1fbiX_antigen.pdb  8hr2B_antibody.pdb
Converting SMILES to graph: 219/500
1fdlY_antigen.pdb  5ukrHL_antibody.pdb
Converting SMILES to graph: 220/500
1fdlY_antigen.pdb  7p79D_antibody.pdb
Converting SMILES to graph: 221/500
1fdlY_antigen.pdb  5ku27_antibody.pdb
Converting SMILES to graph: 222/500
1fdlY_antigen.pdb  4xpaHL_antibody.pdb
Converting SMILES to graph: 223/500
1fdlY_antigen.pdb  1kirBA_antibody.pdb
Converting SMILES to graph: 224/500
1fe8A_antigen.pdb  8df1MN_antibody.pdb
Converting SMILES to graph: 225/500
1fe8A_antigen.pdb  8elnC_antibody.pdb
Converting SMILES to graph: 226/500
1fe8A_antigen.pdb  6wg0HL_antibody.pdb
Converting SMILES to graph: 227/500
1fe8A_antigen.pdb  7t9mHL_antibody.pdb
Converting SMILES to graph: 228/500
1fe8A_antigen.pdb  8d0yDE_antibody.pdb
Converting SMILES to graph: 229/500
1fe8A_antigen.pdb  7a5rIM_antibody.pdb
Converting SMILES to graph: 230/500
1fj1F_antigen.pdb  7r89CD_antibody.pdb
Converting SMILES to graph: 231/500
1fj1F_antigen.pdb  6fzqHh_antibody.pdb
Converting SMILES to graph: 232/500
1fj1F_antigen.pdb  5f8qC_antibody.pdb
Converting SMILES to graph: 233/500
1fj1F_antigen.pdb  6n8dDB_antibody.pdb
Converting SMILES to graph: 234/500
1fj1F_antigen.pdb  8i9sHh_antibody.pdb
Converting SMILES to graph: 235/500
1fj1F_antigen.pdb  7qn5F_antibody.pdb
Converting SMILES to graph: 236/500
1fnsA_antigen.pdb  8wpuEe_antibody.pdb
Converting SMILES to graph: 237/500
1fnsA_antigen.pdb  7kd2C_antibody.pdb
Converting SMILES to graph: 238/500
1fnsA_antigen.pdb  6o9iDE_antibody.pdb
Converting SMILES to graph: 239/500
1fnsA_antigen.pdb  8de3BC_antibody.pdb
Converting SMILES to graph: 240/500
1fnsA_antigen.pdb  8ekfHL_antibody.pdb
Converting SMILES to graph: 241/500
1fnsA_antigen.pdb  4ocmF_antibody.pdb
Converting SMILES to graph: 242/500
1fptP_antigen.pdb  7vgrDC_antibody.pdb
Converting SMILES to graph: 243/500
1fptP_antigen.pdb  5hj3MN_antibody.pdb
Converting SMILES to graph: 244/500
1fptP_antigen.pdb  5nblE_antibody.pdb
Converting SMILES to graph: 245/500
1fptP_antigen.pdb  8hn6AB_antibody.pdb
Converting SMILES to graph: 246/500
1fptP_antigen.pdb  4xtrEF_antibody.pdb
Converting SMILES to graph: 247/500
1fptP_antigen.pdb  6iutHL_antibody.pdb
Converting SMILES to graph: 248/500
1frgP_antigen.pdb  4kk5EF_antibody.pdb
Converting SMILES to graph: 249/500
1frgP_antigen.pdb  7e3lHL_antibody.pdb
Converting SMILES to graph: 250/500
1frgP_antigen.pdb  5nh3IM_antibody.pdb
Converting SMILES to graph: 251/500
1frgP_antigen.pdb  5w1kLK_antibody.pdb
Converting SMILES to graph: 252/500
1frgP_antigen.pdb  6j5gHL_antibody.pdb
Converting SMILES to graph: 253/500
1frgP_antigen.pdb  7yrnDE_antibody.pdb
Converting SMILES to graph: 254/500
1fskG_antigen.pdb  5kemIJ_antibody.pdb
Converting SMILES to graph: 255/500
1fskG_antigen.pdb  8pnlB_antibody.pdb
Converting SMILES to graph: 256/500
1fskG_antigen.pdb  7a5sHL_antibody.pdb
Converting SMILES to graph: 257/500
1fskG_antigen.pdb  4ffwDC_antibody.pdb
Converting SMILES to graph: 258/500
1fskG_antigen.pdb  8oxyBC_antibody.pdb
Converting SMILES to graph: 259/500
1fskG_antigen.pdb  6pisIM_antibody.pdb
Converting SMILES to graph: 260/500
1g6vA_antigen.pdb  6m1hC_antibody.pdb
Converting SMILES to graph: 261/500
1g6vA_antigen.pdb  7kpjAB_antibody.pdb
Converting SMILES to graph: 262/500
1g6vA_antigen.pdb  5jqhD_antibody.pdb
Converting SMILES to graph: 263/500
1g6vA_antigen.pdb  7ukmXY_antibody.pdb
Converting SMILES to graph: 264/500
1g6vA_antigen.pdb  4xrcBA_antibody.pdb
Converting SMILES to graph: 265/500
1g6vA_antigen.pdb  4np4HL_antibody.pdb
Converting SMILES to graph: 266/500
1g7hC_antigen.pdb  4jfzHL_antibody.pdb
Converting SMILES to graph: 267/500
1g7hC_antigen.pdb  6pxrHL_antibody.pdb
Converting SMILES to graph: 268/500
1g7hC_antigen.pdb  7sjpHL_antibody.pdb
Converting SMILES to graph: 269/500
1g7hC_antigen.pdb  7jx3HL_antibody.pdb
Converting SMILES to graph: 270/500
1g7hC_antigen.pdb  6tylH_antibody.pdb
Converting SMILES to graph: 271/500
1g7hC_antigen.pdb  5bjzDH_antibody.pdb
Converting SMILES to graph: 272/500
1g7iC_antigen.pdb  8sazCD_antibody.pdb
Converting SMILES to graph: 273/500
1g7iC_antigen.pdb  4f9pDd_antibody.pdb
Converting SMILES to graph: 274/500
1g7iC_antigen.pdb  5mp1FG_antibody.pdb
Converting SMILES to graph: 275/500
1g7iC_antigen.pdb  6e1kDC_antibody.pdb
Converting SMILES to graph: 276/500
1g7iC_antigen.pdb  7tdnHL_antibody.pdb
Converting SMILES to graph: 277/500
1g7iC_antigen.pdb  4i3sHL_antibody.pdb
Converting SMILES to graph: 278/500
1g7jC_antigen.pdb  7ny5IH_antibody.pdb
Converting SMILES to graph: 279/500
1g7jC_antigen.pdb  7wjzAC_antibody.pdb
Converting SMILES to graph: 280/500
1g7jC_antigen.pdb  7uxlFE_antibody.pdb
Converting SMILES to graph: 281/500
1g7jC_antigen.pdb  6mnsAB_antibody.pdb
Converting SMILES to graph: 282/500
1g7jC_antigen.pdb  7nx3ED_antibody.pdb
Converting SMILES to graph: 283/500
1g7jC_antigen.pdb  6s5aHL_antibody.pdb
Converting SMILES to graph: 284/500
1g7lC_antigen.pdb  6knmA_antibody.pdb
Converting SMILES to graph: 285/500
1g7lC_antigen.pdb  5f7wD_antibody.pdb
Converting SMILES to graph: 286/500
1g7lC_antigen.pdb  6oijHh_antibody.pdb
Converting SMILES to graph: 287/500
1g7lC_antigen.pdb  4jlrHL_antibody.pdb
Converting SMILES to graph: 288/500
1g7lC_antigen.pdb  7jvaHL_antibody.pdb
Converting SMILES to graph: 289/500
1g7lC_antigen.pdb  7uklXY_antibody.pdb
Converting SMILES to graph: 290/500
1g7mC_antigen.pdb  2bobAB_antibody.pdb
Converting SMILES to graph: 291/500
1g7mC_antigen.pdb  2hjfAB_antibody.pdb
Converting SMILES to graph: 292/500
1g7mC_antigen.pdb  7bz2N_antibody.pdb
Converting SMILES to graph: 293/500
1g7mC_antigen.pdb  6s0yA_antibody.pdb
Converting SMILES to graph: 294/500
1g7mC_antigen.pdb  6vcbN_antibody.pdb
Converting SMILES to graph: 295/500
1g7mC_antigen.pdb  6ubiDE_antibody.pdb
Converting SMILES to graph: 296/500
1g9mG_antigen.pdb  8fr6DE_antibody.pdb
Converting SMILES to graph: 297/500
1g9mG_antigen.pdb  8ihiSs_antibody.pdb
Converting SMILES to graph: 298/500
1g9mG_antigen.pdb  6r7tA_antibody.pdb
Converting SMILES to graph: 299/500
1g9mG_antigen.pdb  6w00HL_antibody.pdb
Converting SMILES to graph: 300/500
1g9mG_antigen.pdb  7o52HL_antibody.pdb
Converting SMILES to graph: 301/500
1g9mG_antigen.pdb  7rlvEF_antibody.pdb
Converting SMILES to graph: 302/500
1g9nG_antigen.pdb  7sj0BL_antibody.pdb
Converting SMILES to graph: 303/500
1g9nG_antigen.pdb  6k5dEF_antibody.pdb
Converting SMILES to graph: 304/500
1g9nG_antigen.pdb  4qo1A_antibody.pdb
Converting SMILES to graph: 305/500
1g9nG_antigen.pdb  6jhtED_antibody.pdb
Converting SMILES to graph: 306/500
1g9nG_antigen.pdb  5dmjE_antibody.pdb
Converting SMILES to graph: 307/500
1g9nG_antigen.pdb  7p7aA_antibody.pdb
Converting SMILES to graph: 308/500
1gc1G_antigen.pdb  5dfwHh_antibody.pdb
Converting SMILES to graph: 309/500
1gc1G_antigen.pdb  5e2vHL_antibody.pdb
Converting SMILES to graph: 310/500
1gc1G_antigen.pdb  7ubrEF_antibody.pdb
Converting SMILES to graph: 311/500
1gc1G_antigen.pdb  6pb0N_antibody.pdb
Converting SMILES to graph: 312/500
1gc1G_antigen.pdb  8dkwAB_antibody.pdb
Converting SMILES to graph: 313/500
1gc1G_antigen.pdb  7lq7HL_antibody.pdb
Converting SMILES to graph: 314/500
1ggiP_antigen.pdb  8gy5AB_antibody.pdb
Converting SMILES to graph: 315/500
1ggiP_antigen.pdb  3j8wFJ_antibody.pdb
Converting SMILES to graph: 316/500
1ggiP_antigen.pdb  7m6iHL_antibody.pdb
Converting SMILES to graph: 317/500
1ggiP_antigen.pdb  8dn7DH_antibody.pdb
Converting SMILES to graph: 318/500
1ggiP_antigen.pdb  5ec2AB_antibody.pdb
Converting SMILES to graph: 319/500
1h0dC_antigen.pdb  5wt9HL_antibody.pdb
Converting SMILES to graph: 320/500
1h0dC_antigen.pdb  8ci2F_antibody.pdb
Converting SMILES to graph: 321/500
1h0dC_antigen.pdb  4jr9HL_antibody.pdb
Converting SMILES to graph: 322/500
1h0dC_antigen.pdb  8e8sHL_antibody.pdb
Converting SMILES to graph: 323/500
1h0dC_antigen.pdb  6uleAB_antibody.pdb
Converting SMILES to graph: 324/500
1h0dC_antigen.pdb  5lhpB_antibody.pdb
Converting SMILES to graph: 325/500
1hezE_antigen.pdb  2pw2BA_antibody.pdb
Converting SMILES to graph: 326/500
1hezE_antigen.pdb  8tb0Ff_antibody.pdb
Converting SMILES to graph: 327/500
1hezE_antigen.pdb  6phdHL_antibody.pdb
Converting SMILES to graph: 328/500
1hezE_antigen.pdb  8ihjSs_antibody.pdb
Converting SMILES to graph: 329/500
1hezE_antigen.pdb  5vkdHL_antibody.pdb
Converting SMILES to graph: 330/500
1hezE_antigen.pdb  8piiA_antibody.pdb
Converting SMILES to graph: 331/500
1hh6C_antigen.pdb  4webHL_antibody.pdb
Converting SMILES to graph: 332/500
1hh6C_antigen.pdb  6u6uHL_antibody.pdb
Converting SMILES to graph: 333/500
1hh6C_antigen.pdb  8jiiSs_antibody.pdb
Converting SMILES to graph: 334/500
1hh6C_antigen.pdb  1i8kBA_antibody.pdb
Converting SMILES to graph: 335/500
1hh6C_antigen.pdb  8k4nEe_antibody.pdb
Converting SMILES to graph: 336/500
1hh6C_antigen.pdb  8fa6HL_antibody.pdb
Converting SMILES to graph: 337/500
1hh9C_antigen.pdb  7yv1HL_antibody.pdb
Converting SMILES to graph: 338/500
1hh9C_antigen.pdb  7wlcHL_antibody.pdb
Converting SMILES to graph: 339/500
1hh9C_antigen.pdb  5xwdHD_antibody.pdb
Converting SMILES to graph: 340/500
1hh9C_antigen.pdb  7ew7Ee_antibody.pdb
Converting SMILES to graph: 341/500
1hh9C_antigen.pdb  3csyEF_antibody.pdb
Converting SMILES to graph: 342/500
1hh9C_antigen.pdb  7x8zHL_antibody.pdb
Converting SMILES to graph: 343/500
1hi6C_antigen.pdb  7v9mN_antibody.pdb
Converting SMILES to graph: 344/500
1hi6C_antigen.pdb  6lz2D_antibody.pdb
Converting SMILES to graph: 345/500
1hi6C_antigen.pdb  5bvpHL_antibody.pdb
Converting SMILES to graph: 346/500
1hi6C_antigen.pdb  4c58B_antibody.pdb
Converting SMILES to graph: 347/500
1hi6C_antigen.pdb  1ar1CD_antibody.pdb
Converting SMILES to graph: 348/500
1hi6C_antigen.pdb  7p14B_antibody.pdb
Converting SMILES to graph: 349/500
1himP_antigen.pdb  7nx0D_antibody.pdb
Converting SMILES to graph: 350/500
1himP_antigen.pdb  8g4nHL_antibody.pdb
Converting SMILES to graph: 351/500
1himP_antigen.pdb  7k7rED_antibody.pdb
Converting SMILES to graph: 352/500
1himP_antigen.pdb  7ch5HL_antibody.pdb
Converting SMILES to graph: 353/500
1himP_antigen.pdb  6wasHL_antibody.pdb
Converting SMILES to graph: 354/500
1himP_antigen.pdb  6mjzHL_antibody.pdb
Converting SMILES to graph: 355/500
1hinP_antigen.pdb  4rqsDC_antibody.pdb
Converting SMILES to graph: 356/500
1hinP_antigen.pdb  2eh8HL_antibody.pdb
Converting SMILES to graph: 357/500
1hinP_antigen.pdb  7dnlHL_antibody.pdb
Converting SMILES to graph: 358/500
1hinP_antigen.pdb  7r88CD_antibody.pdb
Converting SMILES to graph: 359/500
1hinP_antigen.pdb  5aumAB_antibody.pdb
Converting SMILES to graph: 360/500
1hinP_antigen.pdb  6x9rHL_antibody.pdb
Converting SMILES to graph: 361/500
1hysB_antigen.pdb  5v7jDE_antibody.pdb
Converting SMILES to graph: 362/500
1hysB_antigen.pdb  5td8E_antibody.pdb
Converting SMILES to graph: 363/500
1hysB_antigen.pdb  6mnsAB_antibody.pdb
Converting SMILES to graph: 364/500
1hysB_antigen.pdb  8elqHL_antibody.pdb
Converting SMILES to graph: 365/500
1hysB_antigen.pdb  7ckwN_antibody.pdb
Converting SMILES to graph: 366/500
1hysB_antigen.pdb  7cvyNO_antibody.pdb
Converting SMILES to graph: 367/500
1i8iC_antigen.pdb  7t74KG_antibody.pdb
Converting SMILES to graph: 368/500
1i8iC_antigen.pdb  6hukG_antibody.pdb
Converting SMILES to graph: 369/500
1i8iC_antigen.pdb  4n1hD_antibody.pdb
Converting SMILES to graph: 370/500
1i8iC_antigen.pdb  7n4jHL_antibody.pdb
Converting SMILES to graph: 371/500
1i8iC_antigen.pdb  7m6eDC_antibody.pdb
Converting SMILES to graph: 372/500
1i8iC_antigen.pdb  7ufnBC_antibody.pdb
Converting SMILES to graph: 373/500
1i8kC_antigen.pdb  7f6zHL_antibody.pdb
Converting SMILES to graph: 374/500
1i8kC_antigen.pdb  7whdDE_antibody.pdb
Converting SMILES to graph: 375/500
1i8kC_antigen.pdb  7y26Dd_antibody.pdb
Converting SMILES to graph: 376/500
1i8kC_antigen.pdb  6ieqDE_antibody.pdb
Converting SMILES to graph: 377/500
1i8kC_antigen.pdb  7lsgHL_antibody.pdb
Converting SMILES to graph: 378/500
1i8kC_antigen.pdb  7ks9HL_antibody.pdb
Converting SMILES to graph: 379/500
1i9rB_antigen.pdb  2eh8HL_antibody.pdb
Converting SMILES to graph: 380/500
1i9rB_antigen.pdb  4zfgHL_antibody.pdb
Converting SMILES to graph: 381/500
1i9rB_antigen.pdb  5dhyHL_antibody.pdb
Converting SMILES to graph: 382/500
1i9rB_antigen.pdb  2otwBA_antibody.pdb
Converting SMILES to graph: 383/500
1i9rB_antigen.pdb  8h91C_antibody.pdb
Converting SMILES to graph: 384/500
1i9rB_antigen.pdb  3droBA_antibody.pdb
Converting SMILES to graph: 385/500
1ic4Y_antigen.pdb  8b18B_antibody.pdb
Converting SMILES to graph: 386/500
1ic4Y_antigen.pdb  8hijHL_antibody.pdb
Converting SMILES to graph: 387/500
1ic4Y_antigen.pdb  6t9dAB_antibody.pdb
Converting SMILES to graph: 388/500
1ic4Y_antigen.pdb  7wopBb_antibody.pdb
Converting SMILES to graph: 389/500
1ic4Y_antigen.pdb  8g05Ee_antibody.pdb
Converting SMILES to graph: 390/500
1ic4Y_antigen.pdb  6z7zBA_antibody.pdb
Converting SMILES to graph: 391/500
1ic5Y_antigen.pdb  7wuhDF_antibody.pdb
Converting SMILES to graph: 392/500
1ic5Y_antigen.pdb  7yarIM_antibody.pdb
Converting SMILES to graph: 393/500
1ic5Y_antigen.pdb  7sg6HL_antibody.pdb
Converting SMILES to graph: 394/500
1ic5Y_antigen.pdb  8gniC_antibody.pdb
Converting SMILES to graph: 395/500
1ic5Y_antigen.pdb  8iumEe_antibody.pdb
Converting SMILES to graph: 396/500
1ic5Y_antigen.pdb  3zkqD_antibody.pdb
Converting SMILES to graph: 397/500
1ic7Y_antigen.pdb  7r8lHL_antibody.pdb
Converting SMILES to graph: 398/500
1ic7Y_antigen.pdb  5xcuDE_antibody.pdb
Converting SMILES to graph: 399/500
1ic7Y_antigen.pdb  6li3N_antibody.pdb
Converting SMILES to graph: 400/500
1ic7Y_antigen.pdb  6ejgDd_antibody.pdb
Converting SMILES to graph: 401/500
1ic7Y_antigen.pdb  7r58HL_antibody.pdb
Converting SMILES to graph: 402/500
1ic7Y_antigen.pdb  7zmtK_antibody.pdb
Converting SMILES to graph: 403/500
1ifhP_antigen.pdb  3ks0KJ_antibody.pdb
Converting SMILES to graph: 404/500
1ifhP_antigen.pdb  7wckAB_antibody.pdb
Converting SMILES to graph: 405/500
1ifhP_antigen.pdb  7xbdEe_antibody.pdb
Converting SMILES to graph: 406/500
1ifhP_antigen.pdb  6wzjCD_antibody.pdb
Converting SMILES to graph: 407/500
1ifhP_antigen.pdb  2qhrHL_antibody.pdb
Converting SMILES to graph: 408/500
1ifhP_antigen.pdb  3fkuUu_antibody.pdb
Converting SMILES to graph: 409/500
1iqdC_antigen.pdb  8sawCD_antibody.pdb
Converting SMILES to graph: 410/500
1iqdC_antigen.pdb  3ze2EF_antibody.pdb
Converting SMILES to graph: 411/500
1iqdC_antigen.pdb  5vakB_antibody.pdb
Converting SMILES to graph: 412/500
1iqdC_antigen.pdb  8ce4F_antibody.pdb
Converting SMILES to graph: 413/500
1iqdC_antigen.pdb  8faxAB_antibody.pdb
Converting SMILES to graph: 414/500
1iqdC_antigen.pdb  7urvDd_antibody.pdb
Converting SMILES to graph: 415/500
1j1oY_antigen.pdb  7wtkHL_antibody.pdb
Converting SMILES to graph: 416/500
1j1oY_antigen.pdb  7jktHL_antibody.pdb
Converting SMILES to graph: 417/500
1j1oY_antigen.pdb  8w87N_antibody.pdb
Converting SMILES to graph: 418/500
1j1oY_antigen.pdb  4fqiHL_antibody.pdb
Converting SMILES to graph: 419/500
1j1oY_antigen.pdb  1hh6BA_antibody.pdb
Converting SMILES to graph: 420/500
1j1pY_antigen.pdb  7exdEe_antibody.pdb
Converting SMILES to graph: 421/500
1j1pY_antigen.pdb  3fkuUu_antibody.pdb
Converting SMILES to graph: 422/500
1j1pY_antigen.pdb  6v7zE_antibody.pdb
Converting SMILES to graph: 423/500
1j1pY_antigen.pdb  5tihHL_antibody.pdb
Converting SMILES to graph: 424/500
1j1pY_antigen.pdb  8oxwBC_antibody.pdb
Converting SMILES to graph: 425/500
1j1pY_antigen.pdb  3ze1EF_antibody.pdb
Converting SMILES to graph: 426/500
1j1xY_antigen.pdb  5o4oBA_antibody.pdb
Converting SMILES to graph: 427/500
1j1xY_antigen.pdb  7sp6B_antibody.pdb
Converting SMILES to graph: 428/500
1j1xY_antigen.pdb  7d3rHL_antibody.pdb
Converting SMILES to graph: 429/500
1j1xY_antigen.pdb  5o05C_antibody.pdb
Converting SMILES to graph: 430/500
1j1xY_antigen.pdb  6pxhCD_antibody.pdb
Converting SMILES to graph: 431/500
1j1xY_antigen.pdb  6kyzBC_antibody.pdb
Converting SMILES to graph: 432/500
1j5oB_antigen.pdb  7z12BC_antibody.pdb
Converting SMILES to graph: 433/500
1j5oB_antigen.pdb  3r1gHL_antibody.pdb
Converting SMILES to graph: 434/500
1j5oB_antigen.pdb  6b0aHL_antibody.pdb
Converting SMILES to graph: 435/500
1j5oB_antigen.pdb  7f7hCD_antibody.pdb
Converting SMILES to graph: 436/500
1j5oB_antigen.pdb  4qxtAB_antibody.pdb
Converting SMILES to graph: 437/500
1j5oB_antigen.pdb  7tyhN_antibody.pdb
Converting SMILES to graph: 438/500
1jhlA_antigen.pdb  7su1HL_antibody.pdb
Converting SMILES to graph: 439/500
1jhlA_antigen.pdb  8f0jN_antibody.pdb
Converting SMILES to graph: 440/500
1jhlA_antigen.pdb  6cwdBb_antibody.pdb
Converting SMILES to graph: 441/500
1jhlA_antigen.pdb  6oshHL_antibody.pdb
Converting SMILES to graph: 442/500
1jhlA_antigen.pdb  7nxaAB_antibody.pdb
Converting SMILES to graph: 443/500
1jhlA_antigen.pdb  6nyqHL_antibody.pdb
Converting SMILES to graph: 444/500
1jnhH_antigen.pdb  7s07XY_antibody.pdb
Converting SMILES to graph: 445/500
1jnhH_antigen.pdb  6lmlDd_antibody.pdb
Converting SMILES to graph: 446/500
1jnhH_antigen.pdb  7wd8EF_antibody.pdb
Converting SMILES to graph: 447/500
1jnhH_antigen.pdb  8djkHL_antibody.pdb
Converting SMILES to graph: 448/500
1jnhH_antigen.pdb  1bogBA_antibody.pdb
Converting SMILES to graph: 449/500
1jnhH_antigen.pdb  4gagHL_antibody.pdb
Converting SMILES to graph: 450/500
1jp5C_antigen.pdb  7oaqA_antibody.pdb
Converting SMILES to graph: 451/500
1jp5C_antigen.pdb  7lkhHL_antibody.pdb
Converting SMILES to graph: 452/500
1jp5C_antigen.pdb  8ghvSs_antibody.pdb
Converting SMILES to graph: 453/500
1jp5C_antigen.pdb  8bbnMN_antibody.pdb
Converting SMILES to graph: 454/500
1jp5C_antigen.pdb  7r87CD_antibody.pdb
Converting SMILES to graph: 455/500
1jp5C_antigen.pdb  7b17B_antibody.pdb
Converting SMILES to graph: 456/500
1jpsT_antigen.pdb  6os0D_antibody.pdb
Converting SMILES to graph: 457/500
1jpsT_antigen.pdb  5lx9Hh_antibody.pdb
Converting SMILES to graph: 458/500
1jpsT_antigen.pdb  1adqHL_antibody.pdb
Converting SMILES to graph: 459/500
1jpsT_antigen.pdb  5o05C_antibody.pdb
Converting SMILES to graph: 460/500
1jpsT_antigen.pdb  7yvjCA_antibody.pdb
Converting SMILES to graph: 461/500
1jpsT_antigen.pdb  7oapF_antibody.pdb
Converting SMILES to graph: 462/500
1jrhI_antigen.pdb  4d9qED_antibody.pdb
Converting SMILES to graph: 463/500
1jrhI_antigen.pdb  8a44CD_antibody.pdb
Converting SMILES to graph: 464/500
1jrhI_antigen.pdb  4gagHL_antibody.pdb
Converting SMILES to graph: 465/500
1jrhI_antigen.pdb  5usiHL_antibody.pdb
Converting SMILES to graph: 466/500
1jrhI_antigen.pdb  7m53HL_antibody.pdb
Converting SMILES to graph: 467/500
1jrhI_antigen.pdb  7rahBA_antibody.pdb
Converting SMILES to graph: 468/500
1jtoM_antigen.pdb  6svlOP_antibody.pdb
Converting SMILES to graph: 469/500
1jtoM_antigen.pdb  7m7jCD_antibody.pdb
Converting SMILES to graph: 470/500
1jtoM_antigen.pdb  6xc4HL_antibody.pdb
Converting SMILES to graph: 471/500
1jtoM_antigen.pdb  7n3iHL_antibody.pdb
Converting SMILES to graph: 472/500
1jtoM_antigen.pdb  3p0gB_antibody.pdb
Converting SMILES to graph: 473/500
1jtoM_antigen.pdb  7figN_antibody.pdb
Converting SMILES to graph: 474/500
1jtpM_antigen.pdb  7jwpKL_antibody.pdb
Converting SMILES to graph: 475/500
1jtpM_antigen.pdb  6rcvJI_antibody.pdb
Converting SMILES to graph: 476/500
1jtpM_antigen.pdb  7cqcHL_antibody.pdb
Converting SMILES to graph: 477/500
1jtpM_antigen.pdb  8d47HL_antibody.pdb
Converting SMILES to graph: 478/500
1jtpM_antigen.pdb  7wd7ab_antibody.pdb
Converting SMILES to graph: 479/500
1jtpM_antigen.pdb  7lo6LK_antibody.pdb
Converting SMILES to graph: 480/500
1jttL_antigen.pdb  7udhEF_antibody.pdb
Converting SMILES to graph: 481/500
1jttL_antigen.pdb  7a4tA_antibody.pdb
Converting SMILES to graph: 482/500
1jttL_antigen.pdb  6cmoHL_antibody.pdb
Converting SMILES to graph: 483/500
1jttL_antigen.pdb  3r08HL_antibody.pdb
Converting SMILES to graph: 484/500
1jttL_antigen.pdb  6oaoLl_antibody.pdb
Converting SMILES to graph: 485/500
1jttL_antigen.pdb  7sl5AB_antibody.pdb
Converting SMILES to graph: 486/500
1k4cC_antigen.pdb  8hegD_antibody.pdb
Converting SMILES to graph: 487/500
1k4cC_antigen.pdb  8en0D_antibody.pdb
Converting SMILES to graph: 488/500
1k4cC_antigen.pdb  2oqjED_antibody.pdb
Converting SMILES to graph: 489/500
1k4cC_antigen.pdb  4kfzD_antibody.pdb
Converting SMILES to graph: 490/500
1k4cC_antigen.pdb  7kgkB_antibody.pdb
Converting SMILES to graph: 491/500
1k4cC_antigen.pdb  8ezmHh_antibody.pdb
Converting SMILES to graph: 492/500
1k4dC_antigen.pdb  7d5pC_antibody.pdb
Converting SMILES to graph: 493/500
1k4dC_antigen.pdb  7yu3Ss_antibody.pdb
Converting SMILES to graph: 494/500
1k4dC_antigen.pdb  4ki5EF_antibody.pdb
Converting SMILES to graph: 495/500
1k4dC_antigen.pdb  6rp8hl_antibody.pdb
Converting SMILES to graph: 496/500
1k4dC_antigen.pdb  5w9kHI_antibody.pdb
Converting SMILES to graph: 497/500
1k4dC_antigen.pdb  7tgfB_antibody.pdb
Converting SMILES to graph: 498/500
1kb5AB_antigen.pdb  7n9cE_antibody.pdb
Converting SMILES to graph: 499/500
1kb5AB_antigen.pdb  6xliAB_antibody.pdb
Converting SMILES to graph: 500/500
1kb5AB_antigen.pdb  3qumBA_antibody.pdb
Graph construction done. Saving to file.
