Converting SMILES to graph: 1/500
7rpuP_antigen.pdb  8hdoN_antibody.pdb
Converting SMILES to graph: 2/500
7rpuP_antigen.pdb  6sndHL_antibody.pdb
Converting SMILES to graph: 3/500
7rq6C_antigen.pdb  7a3oHL_antibody.pdb
Converting SMILES to graph: 4/500
7rq6C_antigen.pdb  7r88CD_antibody.pdb
Converting SMILES to graph: 5/500
7rq6C_antigen.pdb  6yioHL_antibody.pdb
Converting SMILES to graph: 6/500
7rq6C_antigen.pdb  1kc5HL_antibody.pdb
Converting SMILES to graph: 7/500
7rq6C_antigen.pdb  4dk3A_antibody.pdb
Converting SMILES to graph: 8/500
7rq6C_antigen.pdb  7e9qHL_antibody.pdb
Converting SMILES to graph: 9/500
7rqqP_antigen.pdb  7kbtEF_antibody.pdb
Converting SMILES to graph: 10/500
7rqqP_antigen.pdb  3zdyHL_antibody.pdb
Converting SMILES to graph: 11/500
7rqqP_antigen.pdb  4jpkHL_antibody.pdb
Converting SMILES to graph: 12/500
7rqqP_antigen.pdb  7s11KO_antibody.pdb
Converting SMILES to graph: 13/500
7rqqP_antigen.pdb  5dmgEF_antibody.pdb
Converting SMILES to graph: 14/500
7rqqP_antigen.pdb  3ck0HL_antibody.pdb
Converting SMILES to graph: 15/500
7rqrC_antigen.pdb  7a17B_antibody.pdb
Converting SMILES to graph: 16/500
7rqrC_antigen.pdb  5dumHL_antibody.pdb
Converting SMILES to graph: 17/500
7rqrC_antigen.pdb  6gv4HL_antibody.pdb
Converting SMILES to graph: 18/500
7rqrC_antigen.pdb  8hn7BA_antibody.pdb
Converting SMILES to graph: 19/500
7rqrC_antigen.pdb  5vjqCD_antibody.pdb
Converting SMILES to graph: 20/500
7rqrC_antigen.pdb  4tsaHL_antibody.pdb
Converting SMILES to graph: 21/500
7rr0A_antigen.pdb  7r4qE_antibody.pdb
Converting SMILES to graph: 22/500
7rr0A_antigen.pdb  7uqcBA_antibody.pdb
Converting SMILES to graph: 23/500
7rr0A_antigen.pdb  8gtqHL_antibody.pdb
Converting SMILES to graph: 24/500
7rr0A_antigen.pdb  7ljcN_antibody.pdb
Converting SMILES to graph: 25/500
7rr0A_antigen.pdb  6ws6CD_antibody.pdb
Converting SMILES to graph: 26/500
7rr0A_antigen.pdb  6w4mHL_antibody.pdb
Converting SMILES to graph: 27/500
7rsnA_antigen.pdb  6suzHL_antibody.pdb
Converting SMILES to graph: 28/500
7rsnA_antigen.pdb  5e8eBA_antibody.pdb
Converting SMILES to graph: 29/500
7rsnA_antigen.pdb  4m8qAB_antibody.pdb
Converting SMILES to graph: 30/500
7rsnA_antigen.pdb  6cxcGJ_antibody.pdb
Converting SMILES to graph: 31/500
7rsnA_antigen.pdb  7wgtHL_antibody.pdb
Converting SMILES to graph: 32/500
7rsnA_antigen.pdb  7l57HL_antibody.pdb
Converting SMILES to graph: 33/500
7rsoD_antigen.pdb  2vdqHL_antibody.pdb
Converting SMILES to graph: 34/500
7rsoD_antigen.pdb  4r3sAB_antibody.pdb
Converting SMILES to graph: 35/500
7rsoD_antigen.pdb  7nehHL_antibody.pdb
Converting SMILES to graph: 36/500
7rsoD_antigen.pdb  5yhlHL_antibody.pdb
Converting SMILES to graph: 37/500
7rsoD_antigen.pdb  7z0xHL_antibody.pdb
Converting SMILES to graph: 38/500
7rsoD_antigen.pdb  3moaHL_antibody.pdb
Converting SMILES to graph: 39/500
7rt9Z_antigen.pdb  8sakHL_antibody.pdb
Converting SMILES to graph: 40/500
7rt9Z_antigen.pdb  7yqxHF_antibody.pdb
Converting SMILES to graph: 41/500
7rt9Z_antigen.pdb  7xtaEe_antibody.pdb
Converting SMILES to graph: 42/500
7rt9Z_antigen.pdb  5wthED_antibody.pdb
Converting SMILES to graph: 43/500
7rt9Z_antigen.pdb  3wxwHL_antibody.pdb
Converting SMILES to graph: 44/500
7rt9Z_antigen.pdb  6lmkN_antibody.pdb
Converting SMILES to graph: 45/500
7rtaN_antigen.pdb  7m1hD_antibody.pdb
Converting SMILES to graph: 46/500
7rtaN_antigen.pdb  6ionHL_antibody.pdb
Converting SMILES to graph: 47/500
7rtaN_antigen.pdb  8dlsHL_antibody.pdb
Converting SMILES to graph: 48/500
7rtaN_antigen.pdb  7t92HL_antibody.pdb
Converting SMILES to graph: 49/500
7rtaN_antigen.pdb  3ifpEF_antibody.pdb
Converting SMILES to graph: 50/500
7rtaN_antigen.pdb  8ez8HL_antibody.pdb
Converting SMILES to graph: 51/500
7rtbAB_antigen.pdb  2hrpHL_antibody.pdb
Converting SMILES to graph: 52/500
7rtbAB_antigen.pdb  7li7BC_antibody.pdb
Converting SMILES to graph: 53/500
7rtbAB_antigen.pdb  7xw9Ss_antibody.pdb
Converting SMILES to graph: 54/500
7rtbAB_antigen.pdb  6w52HL_antibody.pdb
Converting SMILES to graph: 55/500
7rtbAB_antigen.pdb  6n5eGF_antibody.pdb
Converting SMILES to graph: 56/500
7rtbAB_antigen.pdb  7s8nEe_antibody.pdb
Converting SMILES to graph: 57/500
7ru3A_antigen.pdb  5whkHL_antibody.pdb
Converting SMILES to graph: 58/500
7ru3A_antigen.pdb  4rqsDC_antibody.pdb
Converting SMILES to graph: 59/500
7ru3A_antigen.pdb  7jwqAB_antibody.pdb
Converting SMILES to graph: 60/500
7ru3A_antigen.pdb  7cfnN_antibody.pdb
Converting SMILES to graph: 61/500
7ru3A_antigen.pdb  4jm2DC_antibody.pdb
Converting SMILES to graph: 62/500
7ru3A_antigen.pdb  6ocdB_antibody.pdb
Converting SMILES to graph: 63/500
7ru4A_antigen.pdb  5nmvHL_antibody.pdb
Converting SMILES to graph: 64/500
7ru4A_antigen.pdb  6njnIi_antibody.pdb
Converting SMILES to graph: 65/500
7ru4A_antigen.pdb  7engHL_antibody.pdb
Converting SMILES to graph: 66/500
7ru4A_antigen.pdb  8dwaHL_antibody.pdb
Converting SMILES to graph: 67/500
7ru4A_antigen.pdb  8w84AB_antibody.pdb
Converting SMILES to graph: 68/500
7ru5A_antigen.pdb  8h3yD_antibody.pdb
Converting SMILES to graph: 69/500
7ru5A_antigen.pdb  4xtrEF_antibody.pdb
Converting SMILES to graph: 70/500
7ru5A_antigen.pdb  8hnnN_antibody.pdb
Converting SMILES to graph: 71/500
7ru5A_antigen.pdb  7fjcHL_antibody.pdb
Converting SMILES to graph: 72/500
7ru5A_antigen.pdb  6o39BA_antibody.pdb
Converting SMILES to graph: 73/500
7ru5A_antigen.pdb  3tygHL_antibody.pdb
Converting SMILES to graph: 74/500
7ru6A_antigen.pdb  4dk6B_antibody.pdb
Converting SMILES to graph: 75/500
7ru6A_antigen.pdb  8pvbO_antibody.pdb
Converting SMILES to graph: 76/500
7ru6A_antigen.pdb  6xpyBC_antibody.pdb
Converting SMILES to graph: 77/500
7ru6A_antigen.pdb  6xzfB_antibody.pdb
Converting SMILES to graph: 78/500
7ru6A_antigen.pdb  2vdpHL_antibody.pdb
Converting SMILES to graph: 79/500
7ru6A_antigen.pdb  1yy9DC_antibody.pdb
Converting SMILES to graph: 80/500
7ru8C_antigen.pdb  8thlFf_antibody.pdb
Converting SMILES to graph: 81/500
7ru8C_antigen.pdb  7mjhD_antibody.pdb
Converting SMILES to graph: 82/500
7ru8C_antigen.pdb  7jmoHL_antibody.pdb
Converting SMILES to graph: 83/500
7ru8C_antigen.pdb  8iv8HL_antibody.pdb
Converting SMILES to graph: 84/500
7ru8C_antigen.pdb  6x9vHL_antibody.pdb
Converting SMILES to graph: 85/500
7ru8C_antigen.pdb  5ea0HL_antibody.pdb
Converting SMILES to graph: 86/500
7rugA_antigen.pdb  5m14C_antibody.pdb
Converting SMILES to graph: 87/500
7rugA_antigen.pdb  8f9tAB_antibody.pdb
Converting SMILES to graph: 88/500
7rugA_antigen.pdb  7xkfN_antibody.pdb
Converting SMILES to graph: 89/500
7rugA_antigen.pdb  7czpJN_antibody.pdb
Converting SMILES to graph: 90/500
7rugA_antigen.pdb  7kezHL_antibody.pdb
Converting SMILES to graph: 91/500
7rugA_antigen.pdb  5j3dHL_antibody.pdb
Converting SMILES to graph: 92/500
7rw2C_antigen.pdb  4xmmHL_antibody.pdb
Converting SMILES to graph: 93/500
7rw2C_antigen.pdb  7e3cBC_antibody.pdb
Converting SMILES to graph: 94/500
7rw2C_antigen.pdb  7xwoEe_antibody.pdb
Converting SMILES to graph: 95/500
7rw2C_antigen.pdb  7rbyB_antibody.pdb
Converting SMILES to graph: 96/500
7rw2C_antigen.pdb  4idjHL_antibody.pdb
Converting SMILES to graph: 97/500
7rxcB_antigen.pdb  6wirAB_antibody.pdb
Converting SMILES to graph: 98/500
7rxcB_antigen.pdb  1rjlBA_antibody.pdb
Converting SMILES to graph: 99/500
7rxcB_antigen.pdb  7r24E_antibody.pdb
Converting SMILES to graph: 100/500
7rxcB_antigen.pdb  8f4pD_antibody.pdb
Converting SMILES to graph: 101/500
7rxcB_antigen.pdb  6ldwHL_antibody.pdb
Converting SMILES to graph: 102/500
7rxcB_antigen.pdb  7e14N_antibody.pdb
Converting SMILES to graph: 103/500
7rxdB_antigen.pdb  3s37HL_antibody.pdb
Converting SMILES to graph: 104/500
7rxdB_antigen.pdb  6xc4HL_antibody.pdb
Converting SMILES to graph: 105/500
7rxdB_antigen.pdb  1r3lBA_antibody.pdb
Converting SMILES to graph: 106/500
7rxdB_antigen.pdb  6vrhBC_antibody.pdb
Converting SMILES to graph: 107/500
7rxdB_antigen.pdb  7l5bHL_antibody.pdb
Converting SMILES to graph: 108/500
7rxdB_antigen.pdb  7ureHL_antibody.pdb
Converting SMILES to graph: 109/500
7rxiA_antigen.pdb  1ahwED_antibody.pdb
Converting SMILES to graph: 110/500
7rxiA_antigen.pdb  8de6EF_antibody.pdb
Converting SMILES to graph: 111/500
7rxiA_antigen.pdb  7ej4JN_antibody.pdb
Converting SMILES to graph: 112/500
7rxiA_antigen.pdb  7spaB_antibody.pdb
Converting SMILES to graph: 113/500
7rxiA_antigen.pdb  7qezEF_antibody.pdb
Converting SMILES to graph: 114/500
7rxiA_antigen.pdb  4nrxHL_antibody.pdb
Converting SMILES to graph: 115/500
7rxjG_antigen.pdb  7sbuHL_antibody.pdb
Converting SMILES to graph: 116/500
7rxjG_antigen.pdb  7yk6Ss_antibody.pdb
Converting SMILES to graph: 117/500
7rxjG_antigen.pdb  7vdlSs_antibody.pdb
Converting SMILES to graph: 118/500
7rxjG_antigen.pdb  3c09HL_antibody.pdb
Converting SMILES to graph: 119/500
7rxjG_antigen.pdb  3u9uAB_antibody.pdb
Converting SMILES to graph: 120/500
7rxjG_antigen.pdb  7c01HL_antibody.pdb
Converting SMILES to graph: 121/500
7rxlE_antigen.pdb  7y12Ss_antibody.pdb
Converting SMILES to graph: 122/500
7rxlE_antigen.pdb  7jv6FG_antibody.pdb
Converting SMILES to graph: 123/500
7rxlE_antigen.pdb  5t3sDE_antibody.pdb
Converting SMILES to graph: 124/500
7rxlE_antigen.pdb  7yvpLM_antibody.pdb
Converting SMILES to graph: 125/500
7rxlE_antigen.pdb  5f1kD_antibody.pdb
Converting SMILES to graph: 126/500
7rxpA_antigen.pdb  6uktF_antibody.pdb
Converting SMILES to graph: 127/500
7rxpA_antigen.pdb  7n64HL_antibody.pdb
Converting SMILES to graph: 128/500
7rxpA_antigen.pdb  3jwoHL_antibody.pdb
Converting SMILES to graph: 129/500
7rxpA_antigen.pdb  7ugoMP_antibody.pdb
Converting SMILES to graph: 130/500
7rxpA_antigen.pdb  7n4iHL_antibody.pdb
Converting SMILES to graph: 131/500
7rxpA_antigen.pdb  8dmjDE_antibody.pdb
Converting SMILES to graph: 132/500
7rycDC_antigen.pdb  7m6iHL_antibody.pdb
Converting SMILES to graph: 133/500
7rycDC_antigen.pdb  8sg1Ee_antibody.pdb
Converting SMILES to graph: 134/500
7rycDC_antigen.pdb  8w83AB_antibody.pdb
Converting SMILES to graph: 135/500
7rycDC_antigen.pdb  6utkDE_antibody.pdb
Converting SMILES to graph: 136/500
7rycDC_antigen.pdb  6n8dDB_antibody.pdb
Converting SMILES to graph: 137/500
7rycDC_antigen.pdb  8sayCD_antibody.pdb
Converting SMILES to graph: 138/500
7s07AB_antigen.pdb  7tfoHL_antibody.pdb
Converting SMILES to graph: 139/500
7s07AB_antigen.pdb  7cj2CD_antibody.pdb
Converting SMILES to graph: 140/500
7s07AB_antigen.pdb  7tjqAB_antibody.pdb
Converting SMILES to graph: 141/500
7s07AB_antigen.pdb  7yr0CB_antibody.pdb
Converting SMILES to graph: 142/500
7s07AB_antigen.pdb  1fskIH_antibody.pdb
Converting SMILES to graph: 143/500
7s07AB_antigen.pdb  8jljSs_antibody.pdb
Converting SMILES to graph: 144/500
7s0bE_antigen.pdb  7kpgHL_antibody.pdb
Converting SMILES to graph: 145/500
7s0bE_antigen.pdb  7uotST_antibody.pdb
Converting SMILES to graph: 146/500
7s0bE_antigen.pdb  7t5oHL_antibody.pdb
Converting SMILES to graph: 147/500
7s0bE_antigen.pdb  8g9wHL_antibody.pdb
Converting SMILES to graph: 148/500
7s0bE_antigen.pdb  8ivwBC_antibody.pdb
Converting SMILES to graph: 149/500
7s0bE_antigen.pdb  7sk7DC_antibody.pdb
Converting SMILES to graph: 150/500
7s0cA_antigen.pdb  2x7lGI_antibody.pdb
Converting SMILES to graph: 151/500
7s0cA_antigen.pdb  7coeHL_antibody.pdb
Converting SMILES to graph: 152/500
7s0cA_antigen.pdb  8sgoJI_antibody.pdb
Converting SMILES to graph: 153/500
7s0cA_antigen.pdb  7zmoK_antibody.pdb
Converting SMILES to graph: 154/500
7s0cA_antigen.pdb  4n9oB_antibody.pdb
Converting SMILES to graph: 155/500
7s0dC_antigen.pdb  6x19N_antibody.pdb
Converting SMILES to graph: 156/500
7s0dC_antigen.pdb  7nfdDC_antibody.pdb
Converting SMILES to graph: 157/500
7s0dC_antigen.pdb  6fzrHh_antibody.pdb
Converting SMILES to graph: 158/500
7s0dC_antigen.pdb  4y7mB_antibody.pdb
Converting SMILES to graph: 159/500
7s0dC_antigen.pdb  6mv5HL_antibody.pdb
Converting SMILES to graph: 160/500
7s0dC_antigen.pdb  6ch8DE_antibody.pdb
Converting SMILES to graph: 161/500
7s0eA_antigen.pdb  5u4mB_antibody.pdb
Converting SMILES to graph: 162/500
7s0eA_antigen.pdb  7wrlAB_antibody.pdb
Converting SMILES to graph: 163/500
7s0eA_antigen.pdb  4f9pDd_antibody.pdb
Converting SMILES to graph: 164/500
7s0eA_antigen.pdb  7nikF_antibody.pdb
Converting SMILES to graph: 165/500
7s0eA_antigen.pdb  3bgfHL_antibody.pdb
Converting SMILES to graph: 166/500
7s0eA_antigen.pdb  8da0BA_antibody.pdb
Converting SMILES to graph: 167/500
7s0xF_antigen.pdb  8g4tHL_antibody.pdb
Converting SMILES to graph: 168/500
7s0xF_antigen.pdb  7m6gHL_antibody.pdb
Converting SMILES to graph: 169/500
7s0xF_antigen.pdb  7jv4FG_antibody.pdb
Converting SMILES to graph: 170/500
7s0xF_antigen.pdb  7x63HL_antibody.pdb
Converting SMILES to graph: 171/500
7s0xF_antigen.pdb  8wrbEe_antibody.pdb
Converting SMILES to graph: 172/500
7s0xF_antigen.pdb  4ydjAB_antibody.pdb
Converting SMILES to graph: 173/500
7s11F_antigen.pdb  7wxwD_antibody.pdb
Converting SMILES to graph: 174/500
7s11F_antigen.pdb  8gpiAC_antibody.pdb
Converting SMILES to graph: 175/500
7s11F_antigen.pdb  6oshHL_antibody.pdb
Converting SMILES to graph: 176/500
7s11F_antigen.pdb  6n4bSs_antibody.pdb
Converting SMILES to graph: 177/500
7s11F_antigen.pdb  7ebzEF_antibody.pdb
Converting SMILES to graph: 178/500
7s11F_antigen.pdb  6x3tJI_antibody.pdb
Converting SMILES to graph: 179/500
7s13C_antigen.pdb  6ldxHL_antibody.pdb
Converting SMILES to graph: 180/500
7s13C_antigen.pdb  7sg5HL_antibody.pdb
Converting SMILES to graph: 181/500
7s13C_antigen.pdb  6xc2XY_antibody.pdb
Converting SMILES to graph: 182/500
7s13C_antigen.pdb  3hmxHL_antibody.pdb
Converting SMILES to graph: 183/500
7s13C_antigen.pdb  7a29D_antibody.pdb
Converting SMILES to graph: 184/500
7s13C_antigen.pdb  7r8lHL_antibody.pdb
Converting SMILES to graph: 185/500
7s1bA_antigen.pdb  5mp3AB_antibody.pdb
Converting SMILES to graph: 186/500
7s1bA_antigen.pdb  3effBA_antibody.pdb
Converting SMILES to graph: 187/500
7s1bA_antigen.pdb  7n9eD_antibody.pdb
Converting SMILES to graph: 188/500
7s1bA_antigen.pdb  8iv5HL_antibody.pdb
Converting SMILES to graph: 189/500
7s1bA_antigen.pdb  5jq6HL_antibody.pdb
Converting SMILES to graph: 190/500
7s1bA_antigen.pdb  7s8lEe_antibody.pdb
Converting SMILES to graph: 191/500
7s1mABG_antigen.pdb  4qnpHL_antibody.pdb
Converting SMILES to graph: 192/500
7s1mABG_antigen.pdb  2xqbHL_antibody.pdb
Converting SMILES to graph: 193/500
7s1mABG_antigen.pdb  8ghvSs_antibody.pdb
Converting SMILES to graph: 194/500
7s1mABG_antigen.pdb  2hh0HL_antibody.pdb
Converting SMILES to graph: 195/500
7s1mABG_antigen.pdb  3ve0AB_antibody.pdb
Converting SMILES to graph: 196/500
7s1mABG_antigen.pdb  7xt8N_antibody.pdb
Converting SMILES to graph: 197/500
7s2rA_antigen.pdb  8aokB_antibody.pdb
Converting SMILES to graph: 198/500
7s2rA_antigen.pdb  2znwBb_antibody.pdb
Converting SMILES to graph: 199/500
7s2rA_antigen.pdb  7dtyN_antibody.pdb
Converting SMILES to graph: 200/500
7s2rA_antigen.pdb  7kn3MN_antibody.pdb
Converting SMILES to graph: 201/500
7s2rA_antigen.pdb  8eygE_antibody.pdb
Converting SMILES to graph: 202/500
7s2rA_antigen.pdb  7uopHL_antibody.pdb
Converting SMILES to graph: 203/500
7s2sB_antigen.pdb  6ot1JK_antibody.pdb
Converting SMILES to graph: 204/500
7s2sB_antigen.pdb  6b0sHL_antibody.pdb
Converting SMILES to graph: 205/500
7s2sB_antigen.pdb  8f76N_antibody.pdb
Converting SMILES to graph: 206/500
7s2sB_antigen.pdb  5wttAB_antibody.pdb
Converting SMILES to graph: 207/500
7s2sB_antigen.pdb  2b4cHL_antibody.pdb
Converting SMILES to graph: 208/500
7s2sB_antigen.pdb  5e5mD_antibody.pdb
Converting SMILES to graph: 209/500
7s3iABG_antigen.pdb  6b0nDE_antibody.pdb
Converting SMILES to graph: 210/500
7s3iABG_antigen.pdb  3j8ddD_antibody.pdb
Converting SMILES to graph: 211/500
7s3iABG_antigen.pdb  7uz5HL_antibody.pdb
Converting SMILES to graph: 212/500
7s3iABG_antigen.pdb  8gy5AB_antibody.pdb
Converting SMILES to graph: 213/500
7s3iABG_antigen.pdb  5d1zDC_antibody.pdb
Converting SMILES to graph: 214/500
7s3iABG_antigen.pdb  7ustB_antibody.pdb
Converting SMILES to graph: 215/500
7s3mA_antigen.pdb  5f8qC_antibody.pdb
Converting SMILES to graph: 216/500
7s3mA_antigen.pdb  7o31HL_antibody.pdb
Converting SMILES to graph: 217/500
7s3mA_antigen.pdb  7raqHL_antibody.pdb
Converting SMILES to graph: 218/500
7s3mA_antigen.pdb  6yxmHL_antibody.pdb
Converting SMILES to graph: 219/500
7s3mA_antigen.pdb  8k2wN_antibody.pdb
Converting SMILES to graph: 220/500
7s3mA_antigen.pdb  5u3jHL_antibody.pdb
Converting SMILES to graph: 221/500
7s3nA_antigen.pdb  7n8qHL_antibody.pdb
Converting SMILES to graph: 222/500
7s3nA_antigen.pdb  5vxjD_antibody.pdb
Converting SMILES to graph: 223/500
7s3nA_antigen.pdb  5tl5HL_antibody.pdb
Converting SMILES to graph: 224/500
7s3nA_antigen.pdb  7xliB_antibody.pdb
Converting SMILES to graph: 225/500
7s3nA_antigen.pdb  5nmvHL_antibody.pdb
Converting SMILES to graph: 226/500
7s3nA_antigen.pdb  2aeqHL_antibody.pdb
Converting SMILES to graph: 227/500
7s4gJ_antigen.pdb  7s7iHL_antibody.pdb
Converting SMILES to graph: 228/500
7s4gJ_antigen.pdb  2p44B_antibody.pdb
Converting SMILES to graph: 229/500
7s4gJ_antigen.pdb  6b3sCD_antibody.pdb
Converting SMILES to graph: 230/500
7s4gJ_antigen.pdb  6marMN_antibody.pdb
Converting SMILES to graph: 231/500
7s4gJ_antigen.pdb  8t06CD_antibody.pdb
Converting SMILES to graph: 232/500
7s4gJ_antigen.pdb  6jfiHL_antibody.pdb
Converting SMILES to graph: 233/500
7s4sA_antigen.pdb  1bvkBA_antibody.pdb
Converting SMILES to graph: 234/500
7s4sA_antigen.pdb  7kcrHL_antibody.pdb
Converting SMILES to graph: 235/500
7s4sA_antigen.pdb  5zudED_antibody.pdb
Converting SMILES to graph: 236/500
7s4sA_antigen.pdb  6tnpBA_antibody.pdb
Converting SMILES to graph: 237/500
7s4sA_antigen.pdb  8gnhHL_antibody.pdb
Converting SMILES to graph: 238/500
7s4sA_antigen.pdb  7uopHL_antibody.pdb
Converting SMILES to graph: 239/500
7s5pA_antigen.pdb  7sp9C_antibody.pdb
Converting SMILES to graph: 240/500
7s5pA_antigen.pdb  7wu3N_antibody.pdb
Converting SMILES to graph: 241/500
7s5pA_antigen.pdb  7wujN_antibody.pdb
Converting SMILES to graph: 242/500
7s5pA_antigen.pdb  7sd3GH_antibody.pdb
Converting SMILES to graph: 243/500
7s5pA_antigen.pdb  3vgaCB_antibody.pdb
Converting SMILES to graph: 244/500
7s5pA_antigen.pdb  7deuBb_antibody.pdb
Converting SMILES to graph: 245/500
7s5qA_antigen.pdb  5u5mBA_antibody.pdb
Converting SMILES to graph: 246/500
7s5qA_antigen.pdb  7m6eDC_antibody.pdb
Converting SMILES to graph: 247/500
7s5qA_antigen.pdb  5aumAB_antibody.pdb
Converting SMILES to graph: 248/500
7s5qA_antigen.pdb  6h72D_antibody.pdb
Converting SMILES to graph: 249/500
7s5qA_antigen.pdb  7tb8JK_antibody.pdb
Converting SMILES to graph: 250/500
7s5qA_antigen.pdb  5o2uD_antibody.pdb
Converting SMILES to graph: 251/500
7s5rA_antigen.pdb  8dpgEe_antibody.pdb
Converting SMILES to graph: 252/500
7s5rA_antigen.pdb  7n9aA_antibody.pdb
Converting SMILES to graph: 253/500
7s5rA_antigen.pdb  6bckHL_antibody.pdb
Converting SMILES to graph: 254/500
7s5rA_antigen.pdb  7wn8HL_antibody.pdb
Converting SMILES to graph: 255/500
7s5rA_antigen.pdb  4i13B_antibody.pdb
Converting SMILES to graph: 256/500
7s5rA_antigen.pdb  7stfHL_antibody.pdb
Converting SMILES to graph: 257/500
7s6cA_antigen.pdb  7vvkN_antibody.pdb
Converting SMILES to graph: 258/500
7s6cA_antigen.pdb  4ojfHL_antibody.pdb
Converting SMILES to graph: 259/500
7s6cA_antigen.pdb  5tl5HL_antibody.pdb
Converting SMILES to graph: 260/500
7s6cA_antigen.pdb  6gciB_antibody.pdb
Converting SMILES to graph: 261/500
7s6cA_antigen.pdb  5b8cBA_antibody.pdb
Converting SMILES to graph: 262/500
7s6cA_antigen.pdb  7x3eHL_antibody.pdb
Converting SMILES to graph: 263/500
7s6dA_antigen.pdb  7f53N_antibody.pdb
Converting SMILES to graph: 264/500
7s6dA_antigen.pdb  6jfiHL_antibody.pdb
Converting SMILES to graph: 265/500
7s6dA_antigen.pdb  4hcrMN_antibody.pdb
Converting SMILES to graph: 266/500
7s6dA_antigen.pdb  6j11FG_antibody.pdb
Converting SMILES to graph: 267/500
7s6dA_antigen.pdb  7mbxN_antibody.pdb
Converting SMILES to graph: 268/500
7s6dA_antigen.pdb  1q1jIM_antibody.pdb
Converting SMILES to graph: 269/500
7s6jB_antigen.pdb  7xatEe_antibody.pdb
Converting SMILES to graph: 270/500
7s6jB_antigen.pdb  5vjoCD_antibody.pdb
Converting SMILES to graph: 271/500
7s6jB_antigen.pdb  6o41BA_antibody.pdb
Converting SMILES to graph: 272/500
7s6jB_antigen.pdb  6ejmIi_antibody.pdb
Converting SMILES to graph: 273/500
7s6jB_antigen.pdb  8kh4E_antibody.pdb
Converting SMILES to graph: 274/500
7s6jB_antigen.pdb  7crhN_antibody.pdb
Converting SMILES to graph: 275/500
7s6kE_antigen.pdb  7x2oHL_antibody.pdb
Converting SMILES to graph: 276/500
7s6kE_antigen.pdb  4gmsJN_antibody.pdb
Converting SMILES to graph: 277/500
7s6kE_antigen.pdb  8b1kB_antibody.pdb
Converting SMILES to graph: 278/500
7s6kE_antigen.pdb  5u3kAB_antibody.pdb
Converting SMILES to graph: 279/500
7s6kE_antigen.pdb  3ezjB_antibody.pdb
Converting SMILES to graph: 280/500
7s6kE_antigen.pdb  7mf1HL_antibody.pdb
Converting SMILES to graph: 281/500
7s6lA_antigen.pdb  1p2cBA_antibody.pdb
Converting SMILES to graph: 282/500
7s6lA_antigen.pdb  7ejzHL_antibody.pdb
Converting SMILES to graph: 283/500
7s6lA_antigen.pdb  7wtgHL_antibody.pdb
Converting SMILES to graph: 284/500
7s6lA_antigen.pdb  7q0hHL_antibody.pdb
Converting SMILES to graph: 285/500
7s6lA_antigen.pdb  7uz4HL_antibody.pdb
Converting SMILES to graph: 286/500
7s6lA_antigen.pdb  5w1kLK_antibody.pdb
Converting SMILES to graph: 287/500
7s7iA_antigen.pdb  7q0gHL_antibody.pdb
Converting SMILES to graph: 288/500
7s7iA_antigen.pdb  7wd9EF_antibody.pdb
Converting SMILES to graph: 289/500
7s7iA_antigen.pdb  7uymHL_antibody.pdb
Converting SMILES to graph: 290/500
7s7iA_antigen.pdb  5n88A_antibody.pdb
Converting SMILES to graph: 291/500
7s7iA_antigen.pdb  3hi6HL_antibody.pdb
Converting SMILES to graph: 292/500
7s7iA_antigen.pdb  8so3HL_antibody.pdb
Converting SMILES to graph: 293/500
7s7rA_antigen.pdb  4ffzZY_antibody.pdb
Converting SMILES to graph: 294/500
7s7rA_antigen.pdb  7ws5IH_antibody.pdb
Converting SMILES to graph: 295/500
7s7rA_antigen.pdb  4uv7HL_antibody.pdb
Converting SMILES to graph: 296/500
7s7rA_antigen.pdb  6qx3O_antibody.pdb
Converting SMILES to graph: 297/500
7s7rA_antigen.pdb  7vvoN_antibody.pdb
Converting SMILES to graph: 298/500
7s7rA_antigen.pdb  7vuhN_antibody.pdb
Converting SMILES to graph: 299/500
7s8ha_antigen.pdb  1ic7HL_antibody.pdb
Converting SMILES to graph: 300/500
7s8ha_antigen.pdb  5w6dHL_antibody.pdb
Converting SMILES to graph: 301/500
7s8ha_antigen.pdb  7y35N_antibody.pdb
Converting SMILES to graph: 302/500
7s8ha_antigen.pdb  7lo8HL_antibody.pdb
Converting SMILES to graph: 303/500
7s8ha_antigen.pdb  2dqeHL_antibody.pdb
Converting SMILES to graph: 304/500
7s8ha_antigen.pdb  5kemIJ_antibody.pdb
Converting SMILES to graph: 305/500
7s8lBC_antigen.pdb  6fgbHL_antibody.pdb
Converting SMILES to graph: 306/500
7s8lBC_antigen.pdb  7lxxHL_antibody.pdb
Converting SMILES to graph: 307/500
7s8lBC_antigen.pdb  6hugG_antibody.pdb
Converting SMILES to graph: 308/500
7s8lBC_antigen.pdb  7wvmAB_antibody.pdb
Converting SMILES to graph: 309/500
7s8lBC_antigen.pdb  6ubiDE_antibody.pdb
Converting SMILES to graph: 310/500
7s8lBC_antigen.pdb  7tp4HL_antibody.pdb
Converting SMILES to graph: 311/500
7s8mBC_antigen.pdb  5lhrB_antibody.pdb
Converting SMILES to graph: 312/500
7s8mBC_antigen.pdb  6ss2HL_antibody.pdb
Converting SMILES to graph: 313/500
7s8mBC_antigen.pdb  2h9gHL_antibody.pdb
Converting SMILES to graph: 314/500
7s8mBC_antigen.pdb  7trkHh_antibody.pdb
Converting SMILES to graph: 315/500
7s8mBC_antigen.pdb  8eitEe_antibody.pdb
Converting SMILES to graph: 316/500
7s8mBC_antigen.pdb  6osvHL_antibody.pdb
Converting SMILES to graph: 317/500
7s8nBC_antigen.pdb  7u9wHh_antibody.pdb
Converting SMILES to graph: 318/500
7s8nBC_antigen.pdb  3ffdAB_antibody.pdb
Converting SMILES to graph: 319/500
7s8nBC_antigen.pdb  6i3zHL_antibody.pdb
Converting SMILES to graph: 320/500
7s8nBC_antigen.pdb  4xzuEF_antibody.pdb
Converting SMILES to graph: 321/500
7s8nBC_antigen.pdb  7vn9HL_antibody.pdb
Converting SMILES to graph: 322/500
7s8oBC_antigen.pdb  6o9hAB_antibody.pdb
Converting SMILES to graph: 323/500
7s8oBC_antigen.pdb  7ri1B_antibody.pdb
Converting SMILES to graph: 324/500
7s8oBC_antigen.pdb  6qupB_antibody.pdb
Converting SMILES to graph: 325/500
7s8oBC_antigen.pdb  7zxuA_antibody.pdb
Converting SMILES to graph: 326/500
7s8oBC_antigen.pdb  6urhHL_antibody.pdb
Converting SMILES to graph: 327/500
7s8oBC_antigen.pdb  5eulV_antibody.pdb
Converting SMILES to graph: 328/500
7s8pBC_antigen.pdb  5m95B_antibody.pdb
Converting SMILES to graph: 329/500
7s8pBC_antigen.pdb  4m8qAB_antibody.pdb
Converting SMILES to graph: 330/500
7s8pBC_antigen.pdb  7m2hAB_antibody.pdb
Converting SMILES to graph: 331/500
7s8pBC_antigen.pdb  7nilF_antibody.pdb
Converting SMILES to graph: 332/500
7s8pBC_antigen.pdb  7kjhB_antibody.pdb
Converting SMILES to graph: 333/500
7s8pBC_antigen.pdb  6a78IM_antibody.pdb
Converting SMILES to graph: 334/500
7sa6A_antigen.pdb  7r87CD_antibody.pdb
Converting SMILES to graph: 335/500
7sa6A_antigen.pdb  8dcrN_antibody.pdb
Converting SMILES to graph: 336/500
7sa6A_antigen.pdb  6o3uBA_antibody.pdb
Converting SMILES to graph: 337/500
7sa6A_antigen.pdb  8hj2N_antibody.pdb
Converting SMILES to graph: 338/500
7sa6A_antigen.pdb  8i97Hh_antibody.pdb
Converting SMILES to graph: 339/500
7sa6A_antigen.pdb  6cbvHL_antibody.pdb
Converting SMILES to graph: 340/500
7saiA_antigen.pdb  7f0xBb_antibody.pdb
Converting SMILES to graph: 341/500
7saiA_antigen.pdb  6x06K_antibody.pdb
Converting SMILES to graph: 342/500
7saiA_antigen.pdb  3mnwBA_antibody.pdb
Converting SMILES to graph: 343/500
7saiA_antigen.pdb  7t0lGK_antibody.pdb
Converting SMILES to graph: 344/500
7saiA_antigen.pdb  7x10Ee_antibody.pdb
Converting SMILES to graph: 345/500
7saiA_antigen.pdb  6w0cAB_antibody.pdb
Converting SMILES to graph: 346/500
7sajA_antigen.pdb  7mjkHI_antibody.pdb
Converting SMILES to graph: 347/500
7sajA_antigen.pdb  8sk5B_antibody.pdb
Converting SMILES to graph: 348/500
7sajA_antigen.pdb  6gk7HL_antibody.pdb
Converting SMILES to graph: 349/500
7sajA_antigen.pdb  4xpaHL_antibody.pdb
Converting SMILES to graph: 350/500
7sajA_antigen.pdb  7u0eAB_antibody.pdb
Converting SMILES to graph: 351/500
7sajA_antigen.pdb  7a3qHL_antibody.pdb
Converting SMILES to graph: 352/500
7sakA_antigen.pdb  6p62CD_antibody.pdb
Converting SMILES to graph: 353/500
7sakA_antigen.pdb  1nmaHL_antibody.pdb
Converting SMILES to graph: 354/500
7sakA_antigen.pdb  7tr4LH_antibody.pdb
Converting SMILES to graph: 355/500
7sakA_antigen.pdb  8gp3HL_antibody.pdb
Converting SMILES to graph: 356/500
7sakA_antigen.pdb  8djkHL_antibody.pdb
Converting SMILES to graph: 357/500
7sakA_antigen.pdb  6vpxPQ_antibody.pdb
Converting SMILES to graph: 358/500
7sbdC_antigen.pdb  1u8pBA_antibody.pdb
Converting SMILES to graph: 359/500
7sbdC_antigen.pdb  7x08HL_antibody.pdb
Converting SMILES to graph: 360/500
7sbdC_antigen.pdb  5gs0DC_antibody.pdb
Converting SMILES to graph: 361/500
7sbdC_antigen.pdb  8d0yDE_antibody.pdb
Converting SMILES to graph: 362/500
7sbdC_antigen.pdb  7t73HL_antibody.pdb
Converting SMILES to graph: 363/500
7sbdC_antigen.pdb  3ietDC_antibody.pdb
Converting SMILES to graph: 364/500
7sbfAB_antigen.pdb  8hixN_antibody.pdb
Converting SMILES to graph: 365/500
7sbfAB_antigen.pdb  6uunN_antibody.pdb
Converting SMILES to graph: 366/500
7sbfAB_antigen.pdb  7y9uC_antibody.pdb
Converting SMILES to graph: 367/500
7sbfAB_antigen.pdb  7w56Ee_antibody.pdb
Converting SMILES to graph: 368/500
7sbfAB_antigen.pdb  3uzeAa_antibody.pdb
Converting SMILES to graph: 369/500
7sbfAB_antigen.pdb  3ogoG_antibody.pdb
Converting SMILES to graph: 370/500
7sbgC_antigen.pdb  7ew3Ss_antibody.pdb
Converting SMILES to graph: 371/500
7sbgC_antigen.pdb  7wpeXY_antibody.pdb
Converting SMILES to graph: 372/500
7sbgC_antigen.pdb  7rkuJK_antibody.pdb
Converting SMILES to graph: 373/500
7sbgC_antigen.pdb  3jbf7_antibody.pdb
Converting SMILES to graph: 374/500
7sbgC_antigen.pdb  6oe4EF_antibody.pdb
Converting SMILES to graph: 375/500
7sbgC_antigen.pdb  2aeqHL_antibody.pdb
Converting SMILES to graph: 376/500
7sbuA_antigen.pdb  7vadHL_antibody.pdb
Converting SMILES to graph: 377/500
7sbuA_antigen.pdb  6vmklk_antibody.pdb
Converting SMILES to graph: 378/500
7sbuA_antigen.pdb  1dzbAa_antibody.pdb
Converting SMILES to graph: 379/500
7sbuA_antigen.pdb  8hiiHL_antibody.pdb
Converting SMILES to graph: 380/500
7sbuA_antigen.pdb  7vabN_antibody.pdb
Converting SMILES to graph: 381/500
7sbuA_antigen.pdb  7mnlHL_antibody.pdb
Converting SMILES to graph: 382/500
7sbzD_antigen.pdb  4c58B_antibody.pdb
Converting SMILES to graph: 383/500
7sbzD_antigen.pdb  7tl0DE_antibody.pdb
Converting SMILES to graph: 384/500
7sbzD_antigen.pdb  5lhpB_antibody.pdb
Converting SMILES to graph: 385/500
7sbzD_antigen.pdb  8g3mEF_antibody.pdb
Converting SMILES to graph: 386/500
7sbzD_antigen.pdb  7n0aBA_antibody.pdb
Converting SMILES to graph: 387/500
7sbzD_antigen.pdb  3uzeAa_antibody.pdb
Converting SMILES to graph: 388/500
7sc1C_antigen.pdb  5en2AB_antibody.pdb
Converting SMILES to graph: 389/500
7sc1C_antigen.pdb  7tp3HL_antibody.pdb
Converting SMILES to graph: 390/500
7sc1C_antigen.pdb  6w0bAB_antibody.pdb
Converting SMILES to graph: 391/500
7sc1C_antigen.pdb  6xlqEF_antibody.pdb
Converting SMILES to graph: 392/500
7sc1C_antigen.pdb  7mbxN_antibody.pdb
Converting SMILES to graph: 393/500
7sc1C_antigen.pdb  4yx2HL_antibody.pdb
Converting SMILES to graph: 394/500
7scgAB_antigen.pdb  8dyyHL_antibody.pdb
Converting SMILES to graph: 395/500
7scgAB_antigen.pdb  6adaCD_antibody.pdb
Converting SMILES to graph: 396/500
7scgAB_antigen.pdb  7ttmHL_antibody.pdb
Converting SMILES to graph: 397/500
7scgAB_antigen.pdb  5f21B_antibody.pdb
Converting SMILES to graph: 398/500
7scgAB_antigen.pdb  7jieCD_antibody.pdb
Converting SMILES to graph: 399/500
7scgAB_antigen.pdb  4jqiHL_antibody.pdb
Converting SMILES to graph: 400/500
7sd3FE_antigen.pdb  7sbuHL_antibody.pdb
Converting SMILES to graph: 401/500
7sd3FE_antigen.pdb  1xgqBA_antibody.pdb
Converting SMILES to graph: 402/500
7sd3FE_antigen.pdb  8gzzED_antibody.pdb
Converting SMILES to graph: 403/500
7sd3FE_antigen.pdb  6h7jC_antibody.pdb
Converting SMILES to graph: 404/500
7sd3FE_antigen.pdb  8gouIJ_antibody.pdb
Converting SMILES to graph: 405/500
7sd3FE_antigen.pdb  6wzgN_antibody.pdb
Converting SMILES to graph: 406/500
7sd5A_antigen.pdb  7r8mHL_antibody.pdb
Converting SMILES to graph: 407/500
7sd5A_antigen.pdb  6iebHL_antibody.pdb
Converting SMILES to graph: 408/500
7sd5A_antigen.pdb  7a4tA_antibody.pdb
Converting SMILES to graph: 409/500
7sd5A_antigen.pdb  8i9sHh_antibody.pdb
Converting SMILES to graph: 410/500
7sd5A_antigen.pdb  1f58HL_antibody.pdb
Converting SMILES to graph: 411/500
7sd5A_antigen.pdb  7cecHI_antibody.pdb
Converting SMILES to graph: 412/500
7segC_antigen.pdb  6n5eGF_antibody.pdb
Converting SMILES to graph: 413/500
7segC_antigen.pdb  5dwuHL_antibody.pdb
Converting SMILES to graph: 414/500
7segC_antigen.pdb  4xawHL_antibody.pdb
Converting SMILES to graph: 415/500
7segC_antigen.pdb  3v4pHL_antibody.pdb
Converting SMILES to graph: 416/500
7segC_antigen.pdb  7ymjD_antibody.pdb
Converting SMILES to graph: 417/500
7segC_antigen.pdb  7yahC_antibody.pdb
Converting SMILES to graph: 418/500
7semF_antigen.pdb  2vitBA_antibody.pdb
Converting SMILES to graph: 419/500
7semF_antigen.pdb  1a3rHL_antibody.pdb
Converting SMILES to graph: 420/500
7semF_antigen.pdb  4uv7HL_antibody.pdb
Converting SMILES to graph: 421/500
7semF_antigen.pdb  5lspHL_antibody.pdb
Converting SMILES to graph: 422/500
7semF_antigen.pdb  8e8yHL_antibody.pdb
Converting SMILES to graph: 423/500
7semF_antigen.pdb  4olvHL_antibody.pdb
Converting SMILES to graph: 424/500
7sfvB_antigen.pdb  6os2D_antibody.pdb
Converting SMILES to graph: 425/500
7sfvB_antigen.pdb  6x78HL_antibody.pdb
Converting SMILES to graph: 426/500
7sfvB_antigen.pdb  8cxcHL_antibody.pdb
Converting SMILES to graph: 427/500
7sfvB_antigen.pdb  6bzvCD_antibody.pdb
Converting SMILES to graph: 428/500
7sfvB_antigen.pdb  5durHL_antibody.pdb
Converting SMILES to graph: 429/500
7sfvB_antigen.pdb  8g3zHL_antibody.pdb
Converting SMILES to graph: 430/500
7sfwH_antigen.pdb  8d0yDE_antibody.pdb
Converting SMILES to graph: 431/500
7sfwH_antigen.pdb  4o4yHL_antibody.pdb
Converting SMILES to graph: 432/500
7sfwH_antigen.pdb  6b5rHL_antibody.pdb
Converting SMILES to graph: 433/500
7sfwH_antigen.pdb  7a4tA_antibody.pdb
Converting SMILES to graph: 434/500
7sfwH_antigen.pdb  6al5HL_antibody.pdb
Converting SMILES to graph: 435/500
7sfwH_antigen.pdb  7np1IM_antibody.pdb
Converting SMILES to graph: 436/500
7sfxF_antigen.pdb  5utyDE_antibody.pdb
Converting SMILES to graph: 437/500
7sfxF_antigen.pdb  7theBC_antibody.pdb
Converting SMILES to graph: 438/500
7sfxF_antigen.pdb  5f1oB_antibody.pdb
Converting SMILES to graph: 439/500
7sfxF_antigen.pdb  6me1AB_antibody.pdb
Converting SMILES to graph: 440/500
7sfxF_antigen.pdb  1qleHL_antibody.pdb
Converting SMILES to graph: 441/500
7sfxF_antigen.pdb  4ravAB_antibody.pdb
Converting SMILES to graph: 442/500
7sg4A_antigen.pdb  7k8yGI_antibody.pdb
Converting SMILES to graph: 443/500
7sg4A_antigen.pdb  5dyoHL_antibody.pdb
Converting SMILES to graph: 444/500
7sg4A_antigen.pdb  2ck0HL_antibody.pdb
Converting SMILES to graph: 445/500
7sg4A_antigen.pdb  7ym8D_antibody.pdb
Converting SMILES to graph: 446/500
7sg4A_antigen.pdb  8id6Ss_antibody.pdb
Converting SMILES to graph: 447/500
7sg5A_antigen.pdb  5myxBA_antibody.pdb
Converting SMILES to graph: 448/500
7sg5A_antigen.pdb  8hwsHL_antibody.pdb
Converting SMILES to graph: 449/500
7sg5A_antigen.pdb  8udgHL_antibody.pdb
Converting SMILES to graph: 450/500
7sg5A_antigen.pdb  4dw2HL_antibody.pdb
Converting SMILES to graph: 451/500
7sg5A_antigen.pdb  6wixDE_antibody.pdb
Converting SMILES to graph: 452/500
7sg5A_antigen.pdb  6qfcBb_antibody.pdb
Converting SMILES to graph: 453/500
7sg6A_antigen.pdb  6mwcCD_antibody.pdb
Converting SMILES to graph: 454/500
7sg6A_antigen.pdb  7c2lJN_antibody.pdb
Converting SMILES to graph: 455/500
7sg6A_antigen.pdb  6wbvHL_antibody.pdb
Converting SMILES to graph: 456/500
7sg6A_antigen.pdb  7s07XY_antibody.pdb
Converting SMILES to graph: 457/500
7sg6A_antigen.pdb  5umiAB_antibody.pdb
Converting SMILES to graph: 458/500
7sg6A_antigen.pdb  6wvzHL_antibody.pdb
Converting SMILES to graph: 459/500
7sgfAa_antigen.pdb  8hebED_antibody.pdb
Converting SMILES to graph: 460/500
7sgfAa_antigen.pdb  8h3cBb_antibody.pdb
Converting SMILES to graph: 461/500
7sgfAa_antigen.pdb  3zdxHL_antibody.pdb
Converting SMILES to graph: 462/500
7sgfAa_antigen.pdb  7ey5BC_antibody.pdb
Converting SMILES to graph: 463/500
7sgfAa_antigen.pdb  7nx6HL_antibody.pdb
Converting SMILES to graph: 464/500
7sgfAa_antigen.pdb  2r0wHL_antibody.pdb
Converting SMILES to graph: 465/500
7shtB_antigen.pdb  8ihjSs_antibody.pdb
Converting SMILES to graph: 466/500
7shtB_antigen.pdb  5jmoC_antibody.pdb
Converting SMILES to graph: 467/500
7shtB_antigen.pdb  4yjzlL_antibody.pdb
Converting SMILES to graph: 468/500
7shtB_antigen.pdb  7rewAB_antibody.pdb
Converting SMILES to graph: 469/500
7shtB_antigen.pdb  7o9wCB_antibody.pdb
Converting SMILES to graph: 470/500
7shtB_antigen.pdb  5t29HL_antibody.pdb
Converting SMILES to graph: 471/500
7shuB_antigen.pdb  7uzcEF_antibody.pdb
Converting SMILES to graph: 472/500
7shuB_antigen.pdb  4fqjHL_antibody.pdb
Converting SMILES to graph: 473/500
7shuB_antigen.pdb  7tlzBA_antibody.pdb
Converting SMILES to graph: 474/500
7shuB_antigen.pdb  8u26N_antibody.pdb
Converting SMILES to graph: 475/500
7shuB_antigen.pdb  7k4nCD_antibody.pdb
Converting SMILES to graph: 476/500
7shuB_antigen.pdb  7tywN_antibody.pdb
Converting SMILES to graph: 477/500
7shyA_antigen.pdb  5my6B_antibody.pdb
Converting SMILES to graph: 478/500
7shyA_antigen.pdb  7p40FB_antibody.pdb
Converting SMILES to graph: 479/500
7shyA_antigen.pdb  5wthED_antibody.pdb
Converting SMILES to graph: 480/500
7shyA_antigen.pdb  1g7hBA_antibody.pdb
Converting SMILES to graph: 481/500
7shyA_antigen.pdb  7lfdHL_antibody.pdb
Converting SMILES to graph: 482/500
7shyA_antigen.pdb  6nc3HL_antibody.pdb
Converting SMILES to graph: 483/500
7shzB_antigen.pdb  8e8rHL_antibody.pdb
Converting SMILES to graph: 484/500
7shzB_antigen.pdb  7qbdE_antibody.pdb
Converting SMILES to graph: 485/500
7shzB_antigen.pdb  5gmqBC_antibody.pdb
Converting SMILES to graph: 486/500
7shzB_antigen.pdb  6ir1B_antibody.pdb
Converting SMILES to graph: 487/500
7shzB_antigen.pdb  8g9xHL_antibody.pdb
Converting SMILES to graph: 488/500
7shzB_antigen.pdb  7zfdAB_antibody.pdb
Converting SMILES to graph: 489/500
7si0G_antigen.pdb  5x8mBC_antibody.pdb
Converting SMILES to graph: 490/500
7si0G_antigen.pdb  8ejkEe_antibody.pdb
Converting SMILES to graph: 491/500
7si0G_antigen.pdb  5njgEF_antibody.pdb
Converting SMILES to graph: 492/500
7si0G_antigen.pdb  8czzCD_antibody.pdb
Converting SMILES to graph: 493/500
7si0G_antigen.pdb  6c5vHL_antibody.pdb
Converting SMILES to graph: 494/500
7si0G_antigen.pdb  7nx8HL_antibody.pdb
Converting SMILES to graph: 495/500
7si2C_antigen.pdb  7e23BC_antibody.pdb
Converting SMILES to graph: 496/500
7si2C_antigen.pdb  7uz6HL_antibody.pdb
Converting SMILES to graph: 497/500
7si2C_antigen.pdb  3pp4HL_antibody.pdb
Converting SMILES to graph: 498/500
7si2C_antigen.pdb  7lfdHL_antibody.pdb
Converting SMILES to graph: 499/500
7si2C_antigen.pdb  7sfvMN_antibody.pdb
Converting SMILES to graph: 500/500
7si2C_antigen.pdb  7yahC_antibody.pdb
Graph construction done. Saving to file.
