Converting SMILES to graph: 1/500
5f45A_antigen.pdb  6u36HL_antibody.pdb
Converting SMILES to graph: 2/500
5f6jE_antigen.pdb  5wduDE_antibody.pdb
Converting SMILES to graph: 3/500
5f6jE_antigen.pdb  6yxkAB_antibody.pdb
Converting SMILES to graph: 4/500
5f6jE_antigen.pdb  3r08HL_antibody.pdb
Converting SMILES to graph: 5/500
5f6jE_antigen.pdb  4ocmF_antibody.pdb
Converting SMILES to graph: 6/500
5f6jE_antigen.pdb  7sn2HL_antibody.pdb
Converting SMILES to graph: 7/500
5f6jE_antigen.pdb  7zlgHL_antibody.pdb
Converting SMILES to graph: 8/500
5f72C_antigen.pdb  4jlrHL_antibody.pdb
Converting SMILES to graph: 9/500
5f72C_antigen.pdb  7wtgHL_antibody.pdb
Converting SMILES to graph: 10/500
5f72C_antigen.pdb  2ipuGK_antibody.pdb
Converting SMILES to graph: 11/500
5f72C_antigen.pdb  4kroB_antibody.pdb
Converting SMILES to graph: 12/500
5f72C_antigen.pdb  8jspEe_antibody.pdb
Converting SMILES to graph: 13/500
5f72C_antigen.pdb  7wcdEF_antibody.pdb
Converting SMILES to graph: 14/500
5f7kB_antigen.pdb  4k24HL_antibody.pdb
Converting SMILES to graph: 15/500
5f7kB_antigen.pdb  5fhxH_antibody.pdb
Converting SMILES to graph: 16/500
5f7kB_antigen.pdb  7rd9HL_antibody.pdb
Converting SMILES to graph: 17/500
5f7kB_antigen.pdb  5gxbB_antibody.pdb
Converting SMILES to graph: 18/500
5f7kB_antigen.pdb  5kteHL_antibody.pdb
Converting SMILES to graph: 19/500
5f7kB_antigen.pdb  5yd4Aa_antibody.pdb
Converting SMILES to graph: 20/500
5f7lA_antigen.pdb  6xprBC_antibody.pdb
Converting SMILES to graph: 21/500
5f7lA_antigen.pdb  8hk3Hh_antibody.pdb
Converting SMILES to graph: 22/500
5f7lA_antigen.pdb  6faxHL_antibody.pdb
Converting SMILES to graph: 23/500
5f7lA_antigen.pdb  6yz5F_antibody.pdb
Converting SMILES to graph: 24/500
5f7lA_antigen.pdb  7dk7ab_antibody.pdb
Converting SMILES to graph: 25/500
5f7lA_antigen.pdb  7orbEF_antibody.pdb
Converting SMILES to graph: 26/500
5f7mA_antigen.pdb  7f5hD_antibody.pdb
Converting SMILES to graph: 27/500
5f7mA_antigen.pdb  8fatAB_antibody.pdb
Converting SMILES to graph: 28/500
5f7mA_antigen.pdb  1c08BA_antibody.pdb
Converting SMILES to graph: 29/500
5f7mA_antigen.pdb  8sgoJI_antibody.pdb
Converting SMILES to graph: 30/500
5f7mA_antigen.pdb  7nd4HL_antibody.pdb
Converting SMILES to graph: 31/500
5f7mA_antigen.pdb  8wrbEe_antibody.pdb
Converting SMILES to graph: 32/500
5f7nB_antigen.pdb  7wz7Cc_antibody.pdb
Converting SMILES to graph: 33/500
5f7nB_antigen.pdb  7zf5DF_antibody.pdb
Converting SMILES to graph: 34/500
5f7nB_antigen.pdb  7kewGJ_antibody.pdb
Converting SMILES to graph: 35/500
5f7nB_antigen.pdb  7rbtEe_antibody.pdb
Converting SMILES to graph: 36/500
5f7nB_antigen.pdb  7bemHL_antibody.pdb
Converting SMILES to graph: 37/500
5f7nB_antigen.pdb  6xcnHL_antibody.pdb
Converting SMILES to graph: 38/500
5f7wB_antigen.pdb  8iodN_antibody.pdb
Converting SMILES to graph: 39/500
5f7wB_antigen.pdb  5lcvHL_antibody.pdb
Converting SMILES to graph: 40/500
5f7wB_antigen.pdb  7jtrHh_antibody.pdb
Converting SMILES to graph: 41/500
5f7wB_antigen.pdb  5nj3CD_antibody.pdb
Converting SMILES to graph: 42/500
5f7wB_antigen.pdb  8cimDE_antibody.pdb
Converting SMILES to graph: 43/500
5f7wB_antigen.pdb  8dd3JI_antibody.pdb
Converting SMILES to graph: 44/500
5f7yB_antigen.pdb  7l0nMN_antibody.pdb
Converting SMILES to graph: 45/500
5f7yB_antigen.pdb  7kexGJ_antibody.pdb
Converting SMILES to graph: 46/500
5f7yB_antigen.pdb  6azzFE_antibody.pdb
Converting SMILES to graph: 47/500
5f7yB_antigen.pdb  8ebpHL_antibody.pdb
Converting SMILES to graph: 48/500
5f7yB_antigen.pdb  6zvfHL_antibody.pdb
Converting SMILES to graph: 49/500
5f7yB_antigen.pdb  7yvgIH_antibody.pdb
Converting SMILES to graph: 50/500
5f8qA_antigen.pdb  7cqdIM_antibody.pdb
Converting SMILES to graph: 51/500
5f8qA_antigen.pdb  2r9hEF_antibody.pdb
Converting SMILES to graph: 52/500
5f8qA_antigen.pdb  4w6wB_antibody.pdb
Converting SMILES to graph: 53/500
5f8qA_antigen.pdb  7mzmHL_antibody.pdb
Converting SMILES to graph: 54/500
5f8qA_antigen.pdb  5ec2AB_antibody.pdb
Converting SMILES to graph: 55/500
5f8qA_antigen.pdb  7tmwN_antibody.pdb
Converting SMILES to graph: 56/500
5f8rA_antigen.pdb  8sgtHL_antibody.pdb
Converting SMILES to graph: 57/500
5f8rA_antigen.pdb  4olwHL_antibody.pdb
Converting SMILES to graph: 58/500
5f8rA_antigen.pdb  7lcnBD_antibody.pdb
Converting SMILES to graph: 59/500
5f8rA_antigen.pdb  6tylH_antibody.pdb
Converting SMILES to graph: 60/500
5f8rA_antigen.pdb  8efoEe_antibody.pdb
Converting SMILES to graph: 61/500
5f8rA_antigen.pdb  8gx9HF_antibody.pdb
Converting SMILES to graph: 62/500
5f93G_antigen.pdb  5wnaHL_antibody.pdb
Converting SMILES to graph: 63/500
5f93G_antigen.pdb  6vn1JN_antibody.pdb
Converting SMILES to graph: 64/500
5f93G_antigen.pdb  6jhrED_antibody.pdb
Converting SMILES to graph: 65/500
5f93G_antigen.pdb  4wemB_antibody.pdb
Converting SMILES to graph: 66/500
5f93G_antigen.pdb  6plhBA_antibody.pdb
Converting SMILES to graph: 67/500
5f93G_antigen.pdb  1uj3BA_antibody.pdb
Converting SMILES to graph: 68/500
5f96G_antigen.pdb  4rwyHL_antibody.pdb
Converting SMILES to graph: 69/500
5f96G_antigen.pdb  4krmF_antibody.pdb
Converting SMILES to graph: 70/500
5f96G_antigen.pdb  7vn9HL_antibody.pdb
Converting SMILES to graph: 71/500
5f96G_antigen.pdb  7jtrHh_antibody.pdb
Converting SMILES to graph: 72/500
5f96G_antigen.pdb  7tpgHL_antibody.pdb
Converting SMILES to graph: 73/500
5f96G_antigen.pdb  6u36HL_antibody.pdb
Converting SMILES to graph: 74/500
5f97B_antigen.pdb  6uteCD_antibody.pdb
Converting SMILES to graph: 75/500
5f97B_antigen.pdb  5u3nHL_antibody.pdb
Converting SMILES to graph: 76/500
5f97B_antigen.pdb  1jhlHL_antibody.pdb
Converting SMILES to graph: 77/500
5f97B_antigen.pdb  3v6zCD_antibody.pdb
Converting SMILES to graph: 78/500
5f97B_antigen.pdb  8c02B_antibody.pdb
Converting SMILES to graph: 79/500
5f97B_antigen.pdb  7przHL_antibody.pdb
Converting SMILES to graph: 80/500
5f9aA_antigen.pdb  7t82DC_antibody.pdb
Converting SMILES to graph: 81/500
5f9aA_antigen.pdb  1mvfB_antibody.pdb
Converting SMILES to graph: 82/500
5f9aA_antigen.pdb  6uceHL_antibody.pdb
Converting SMILES to graph: 83/500
5f9aA_antigen.pdb  2ck0HL_antibody.pdb
Converting SMILES to graph: 84/500
5f9aA_antigen.pdb  5x8mBC_antibody.pdb
Converting SMILES to graph: 85/500
5f9aA_antigen.pdb  4jr9HL_antibody.pdb
Converting SMILES to graph: 86/500
5f9dA_antigen.pdb  4xzuEF_antibody.pdb
Converting SMILES to graph: 87/500
5f9dA_antigen.pdb  1i8iBA_antibody.pdb
Converting SMILES to graph: 88/500
5f9dA_antigen.pdb  4pgjA_antibody.pdb
Converting SMILES to graph: 89/500
5f9dA_antigen.pdb  7phpN_antibody.pdb
Converting SMILES to graph: 90/500
5f9dA_antigen.pdb  4khxHL_antibody.pdb
Converting SMILES to graph: 91/500
5f9dA_antigen.pdb  5v6lIM_antibody.pdb
Converting SMILES to graph: 92/500
5f9oG_antigen.pdb  7uzcEF_antibody.pdb
Converting SMILES to graph: 93/500
5f9oG_antigen.pdb  4leoAB_antibody.pdb
Converting SMILES to graph: 94/500
5f9oG_antigen.pdb  7nfrB_antibody.pdb
Converting SMILES to graph: 95/500
5f9oG_antigen.pdb  7k7rED_antibody.pdb
Converting SMILES to graph: 96/500
5f9oG_antigen.pdb  6myyGF_antibody.pdb
Converting SMILES to graph: 97/500
5f9oG_antigen.pdb  6w00HL_antibody.pdb
Converting SMILES to graph: 98/500
5f9wA_antigen.pdb  5ku27_antibody.pdb
Converting SMILES to graph: 99/500
5f9wA_antigen.pdb  7e32Ee_antibody.pdb
Converting SMILES to graph: 100/500
5f9wA_antigen.pdb  1yntDC_antibody.pdb
Converting SMILES to graph: 101/500
5f9wA_antigen.pdb  7ey4HL_antibody.pdb
Converting SMILES to graph: 102/500
5f9wA_antigen.pdb  4xmmHL_antibody.pdb
Converting SMILES to graph: 103/500
5f9wA_antigen.pdb  7te1HL_antibody.pdb
Converting SMILES to graph: 104/500
5fb8C_antigen.pdb  4gftB_antibody.pdb
Converting SMILES to graph: 105/500
5fb8C_antigen.pdb  8h08DJ_antibody.pdb
Converting SMILES to graph: 106/500
5fb8C_antigen.pdb  7nvoN_antibody.pdb
Converting SMILES to graph: 107/500
5fb8C_antigen.pdb  4n8cHL_antibody.pdb
Converting SMILES to graph: 108/500
5fb8C_antigen.pdb  5n88A_antibody.pdb
Converting SMILES to graph: 109/500
5fb8C_antigen.pdb  7btsB_antibody.pdb
Converting SMILES to graph: 110/500
5fcuG_antigen.pdb  4jpkHL_antibody.pdb
Converting SMILES to graph: 111/500
5fcuG_antigen.pdb  7wybEe_antibody.pdb
Converting SMILES to graph: 112/500
5fcuG_antigen.pdb  6phbDC_antibody.pdb
Converting SMILES to graph: 113/500
5fcuG_antigen.pdb  7ezmHh_antibody.pdb
Converting SMILES to graph: 114/500
5fcuG_antigen.pdb  6xliAB_antibody.pdb
Converting SMILES to graph: 115/500
5fcuG_antigen.pdb  7feiHL_antibody.pdb
Converting SMILES to graph: 116/500
5fecI_antigen.pdb  7f4dN_antibody.pdb
Converting SMILES to graph: 117/500
5fecI_antigen.pdb  5fylDE_antibody.pdb
Converting SMILES to graph: 118/500
5fecI_antigen.pdb  7s6kFG_antibody.pdb
Converting SMILES to graph: 119/500
5fecI_antigen.pdb  6q0eHL_antibody.pdb
Converting SMILES to graph: 120/500
5fecI_antigen.pdb  6pdsBA_antibody.pdb
Converting SMILES to graph: 121/500
5fecI_antigen.pdb  5cbaAB_antibody.pdb
Converting SMILES to graph: 122/500
5fgbG_antigen.pdb  7vndD_antibody.pdb
Converting SMILES to graph: 123/500
5fgbG_antigen.pdb  5kanHL_antibody.pdb
Converting SMILES to graph: 124/500
5fgbG_antigen.pdb  7w56Ee_antibody.pdb
Converting SMILES to graph: 125/500
5fgbG_antigen.pdb  7xs8AL_antibody.pdb
Converting SMILES to graph: 126/500
5fgbG_antigen.pdb  7n8qHL_antibody.pdb
Converting SMILES to graph: 127/500
5fgbG_antigen.pdb  8afeD_antibody.pdb
Converting SMILES to graph: 128/500
5fgcA_antigen.pdb  8c3lB_antibody.pdb
Converting SMILES to graph: 129/500
5fgcA_antigen.pdb  8ce4F_antibody.pdb
Converting SMILES to graph: 130/500
5fgcA_antigen.pdb  5zufED_antibody.pdb
Converting SMILES to graph: 131/500
5fgcA_antigen.pdb  8ghrC_antibody.pdb
Converting SMILES to graph: 132/500
5fgcA_antigen.pdb  3u4eHL_antibody.pdb
Converting SMILES to graph: 133/500
5fgcA_antigen.pdb  7mw3HL_antibody.pdb
Converting SMILES to graph: 134/500
5fhcJ_antigen.pdb  4pirH_antibody.pdb
Converting SMILES to graph: 135/500
5fhcJ_antigen.pdb  8dgvHL_antibody.pdb
Converting SMILES to graph: 136/500
5fhcJ_antigen.pdb  4hkzBA_antibody.pdb
Converting SMILES to graph: 137/500
5fhcJ_antigen.pdb  7qvkB_antibody.pdb
Converting SMILES to graph: 138/500
5fhcJ_antigen.pdb  7mn8DC_antibody.pdb
Converting SMILES to graph: 139/500
5fhcJ_antigen.pdb  5hi5CD_antibody.pdb
Converting SMILES to graph: 140/500
5fhxA_antigen.pdb  7kddDE_antibody.pdb
Converting SMILES to graph: 141/500
5fhxA_antigen.pdb  6e1kDC_antibody.pdb
Converting SMILES to graph: 142/500
5fhxA_antigen.pdb  6ywdAB_antibody.pdb
Converting SMILES to graph: 143/500
5fhxA_antigen.pdb  5mp1FG_antibody.pdb
Converting SMILES to graph: 144/500
5fhxA_antigen.pdb  6hjxH_antibody.pdb
Converting SMILES to graph: 145/500
5fhxA_antigen.pdb  1u8pBA_antibody.pdb
Converting SMILES to graph: 146/500
5fojB_antigen.pdb  4irzHL_antibody.pdb
Converting SMILES to graph: 147/500
5fojB_antigen.pdb  3g5yBA_antibody.pdb
Converting SMILES to graph: 148/500
5fojB_antigen.pdb  4eneCD_antibody.pdb
Converting SMILES to graph: 149/500
5fojB_antigen.pdb  6ch8DE_antibody.pdb
Converting SMILES to graph: 150/500
5fojB_antigen.pdb  6mu8DE_antibody.pdb
Converting SMILES to graph: 151/500
5fojB_antigen.pdb  1qkzHL_antibody.pdb
Converting SMILES to graph: 152/500
5fucCB_antigen.pdb  7t4qJK_antibody.pdb
Converting SMILES to graph: 153/500
5fucCB_antigen.pdb  6mqeAB_antibody.pdb
Converting SMILES to graph: 154/500
5fucCB_antigen.pdb  4yxlHL_antibody.pdb
Converting SMILES to graph: 155/500
5fucCB_antigen.pdb  6vepOP_antibody.pdb
Converting SMILES to graph: 156/500
5fucCB_antigen.pdb  7l2cHL_antibody.pdb
Converting SMILES to graph: 157/500
5fucCB_antigen.pdb  7jktHL_antibody.pdb
Converting SMILES to graph: 158/500
5fuuDC_antigen.pdb  4zptHL_antibody.pdb
Converting SMILES to graph: 159/500
5fuuDC_antigen.pdb  7kmkHL_antibody.pdb
Converting SMILES to graph: 160/500
5fuuDC_antigen.pdb  6xpzBC_antibody.pdb
Converting SMILES to graph: 161/500
5fuuDC_antigen.pdb  6wn1EF_antibody.pdb
Converting SMILES to graph: 162/500
5fuuDC_antigen.pdb  6bgtBA_antibody.pdb
Converting SMILES to graph: 163/500
5fuuDC_antigen.pdb  8dulHL_antibody.pdb
Converting SMILES to graph: 164/500
5fv2X_antigen.pdb  3j3oHL_antibody.pdb
Converting SMILES to graph: 165/500
5fv2X_antigen.pdb  8oxwBC_antibody.pdb
Converting SMILES to graph: 166/500
5fv2X_antigen.pdb  1mhpHL_antibody.pdb
Converting SMILES to graph: 167/500
5fv2X_antigen.pdb  8g4mDE_antibody.pdb
Converting SMILES to graph: 168/500
5fv2X_antigen.pdb  7db6Ee_antibody.pdb
Converting SMILES to graph: 169/500
5fv2X_antigen.pdb  6n1whl_antibody.pdb
Converting SMILES to graph: 170/500
5fxcP_antigen.pdb  7w0pSs_antibody.pdb
Converting SMILES to graph: 171/500
5fxcP_antigen.pdb  7v6nED_antibody.pdb
Converting SMILES to graph: 172/500
5fxcP_antigen.pdb  5t3zHL_antibody.pdb
Converting SMILES to graph: 173/500
5fxcP_antigen.pdb  6gk7HL_antibody.pdb
Converting SMILES to graph: 174/500
5fxcP_antigen.pdb  7ydpD_antibody.pdb
Converting SMILES to graph: 175/500
5fxcP_antigen.pdb  2zjsHL_antibody.pdb
Converting SMILES to graph: 176/500
5fylB_antigen.pdb  5v6lIM_antibody.pdb
Converting SMILES to graph: 177/500
5fylB_antigen.pdb  7q9fJK_antibody.pdb
Converting SMILES to graph: 178/500
5fylB_antigen.pdb  2qqlHL_antibody.pdb
Converting SMILES to graph: 179/500
5fylB_antigen.pdb  6x78HL_antibody.pdb
Converting SMILES to graph: 180/500
5fylB_antigen.pdb  6oq6D_antibody.pdb
Converting SMILES to graph: 181/500
5fylB_antigen.pdb  7zkwC_antibody.pdb
Converting SMILES to graph: 182/500
5g5rA_antigen.pdb  3eoaHL_antibody.pdb
Converting SMILES to graph: 183/500
5g5rA_antigen.pdb  6yu8B_antibody.pdb
Converting SMILES to graph: 184/500
5g5rA_antigen.pdb  1g7mBA_antibody.pdb
Converting SMILES to graph: 185/500
5g5rA_antigen.pdb  6e4yHL_antibody.pdb
Converting SMILES to graph: 186/500
5g5rA_antigen.pdb  4z7nEF_antibody.pdb
Converting SMILES to graph: 187/500
5g5rA_antigen.pdb  6mqcAB_antibody.pdb
Converting SMILES to graph: 188/500
5g5xA_antigen.pdb  6vy4CD_antibody.pdb
Converting SMILES to graph: 189/500
5g5xA_antigen.pdb  6a79HL_antibody.pdb
Converting SMILES to graph: 190/500
5g5xA_antigen.pdb  6orqHL_antibody.pdb
Converting SMILES to graph: 191/500
5g5xA_antigen.pdb  7t01HL_antibody.pdb
Converting SMILES to graph: 192/500
5g5xA_antigen.pdb  7ahvAB_antibody.pdb
Converting SMILES to graph: 193/500
5g5xA_antigen.pdb  6chbJK_antibody.pdb
Converting SMILES to graph: 194/500
5g64B_antigen.pdb  7wu3N_antibody.pdb
Converting SMILES to graph: 195/500
5g64B_antigen.pdb  6xcjHL_antibody.pdb
Converting SMILES to graph: 196/500
5g64B_antigen.pdb  7wosDd_antibody.pdb
Converting SMILES to graph: 197/500
5g64B_antigen.pdb  7ll2IJ_antibody.pdb
Converting SMILES to graph: 198/500
5g64B_antigen.pdb  6os0D_antibody.pdb
Converting SMILES to graph: 199/500
5g64B_antigen.pdb  8hitAB_antibody.pdb
Converting SMILES to graph: 200/500
5ggrZ_antigen.pdb  6mg7HL_antibody.pdb
Converting SMILES to graph: 201/500
5ggrZ_antigen.pdb  7jgjHL_antibody.pdb
Converting SMILES to graph: 202/500
5ggrZ_antigen.pdb  7uklXY_antibody.pdb
Converting SMILES to graph: 203/500
5ggrZ_antigen.pdb  8c8pH_antibody.pdb
Converting SMILES to graph: 204/500
5ggrZ_antigen.pdb  6crqJL_antibody.pdb
Converting SMILES to graph: 205/500
5ggrZ_antigen.pdb  7b09HL_antibody.pdb
Converting SMILES to graph: 206/500
5ggsY_antigen.pdb  1ezvXY_antibody.pdb
Converting SMILES to graph: 207/500
5ggsY_antigen.pdb  7pryCD_antibody.pdb
Converting SMILES to graph: 208/500
5ggsY_antigen.pdb  5mp3AB_antibody.pdb
Converting SMILES to graph: 209/500
5ggsY_antigen.pdb  7bq5HL_antibody.pdb
Converting SMILES to graph: 210/500
5ggsY_antigen.pdb  8b1jB_antibody.pdb
Converting SMILES to graph: 211/500
5ggsY_antigen.pdb  6gjsC_antibody.pdb
Converting SMILES to graph: 212/500
5ggtA_antigen.pdb  5cezHL_antibody.pdb
Converting SMILES to graph: 213/500
5ggtA_antigen.pdb  4x7dC_antibody.pdb
Converting SMILES to graph: 214/500
5ggtA_antigen.pdb  7u8lHL_antibody.pdb
Converting SMILES to graph: 215/500
5ggtA_antigen.pdb  1zvhA_antibody.pdb
Converting SMILES to graph: 216/500
5ggtA_antigen.pdb  7xtbN_antibody.pdb
Converting SMILES to graph: 217/500
5ggtA_antigen.pdb  8cz8Cc_antibody.pdb
Converting SMILES to graph: 218/500
5ggvY_antigen.pdb  7wu9Ss_antibody.pdb
Converting SMILES to graph: 219/500
5ggvY_antigen.pdb  4h0hBb_antibody.pdb
Converting SMILES to graph: 220/500
5ggvY_antigen.pdb  8en0D_antibody.pdb
Converting SMILES to graph: 221/500
5ggvY_antigen.pdb  6q0hHL_antibody.pdb
Converting SMILES to graph: 222/500
5ggvY_antigen.pdb  7zoxB_antibody.pdb
Converting SMILES to graph: 223/500
5ggvY_antigen.pdb  6mf7HL_antibody.pdb
Converting SMILES to graph: 224/500
5ghwP_antigen.pdb  7unyB_antibody.pdb
Converting SMILES to graph: 225/500
5ghwP_antigen.pdb  7shzEF_antibody.pdb
Converting SMILES to graph: 226/500
5ghwP_antigen.pdb  7bw0N_antibody.pdb
Converting SMILES to graph: 227/500
5ghwP_antigen.pdb  4x7fD_antibody.pdb
Converting SMILES to graph: 228/500
5ghwP_antigen.pdb  1k4dAB_antibody.pdb
Converting SMILES to graph: 229/500
5ghwP_antigen.pdb  4g6fHL_antibody.pdb
Converting SMILES to graph: 230/500
5girD_antigen.pdb  8dyyHL_antibody.pdb
Converting SMILES to graph: 231/500
5girD_antigen.pdb  6oaoLl_antibody.pdb
Converting SMILES to graph: 232/500
5girD_antigen.pdb  4xp4HL_antibody.pdb
Converting SMILES to graph: 233/500
5girD_antigen.pdb  8ci1F_antibody.pdb
Converting SMILES to graph: 234/500
5girD_antigen.pdb  6i8sGK_antibody.pdb
Converting SMILES to graph: 235/500
5girD_antigen.pdb  8ha0N_antibody.pdb
Converting SMILES to graph: 236/500
5gisC_antigen.pdb  7xy8HL_antibody.pdb
Converting SMILES to graph: 237/500
5gisC_antigen.pdb  7w7eHh_antibody.pdb
Converting SMILES to graph: 238/500
5gisC_antigen.pdb  6wdsHL_antibody.pdb
Converting SMILES to graph: 239/500
5gisC_antigen.pdb  7k8sHL_antibody.pdb
Converting SMILES to graph: 240/500
5gisC_antigen.pdb  4lgsB_antibody.pdb
Converting SMILES to graph: 241/500
5gisC_antigen.pdb  7zauB_antibody.pdb
Converting SMILES to graph: 242/500
5gjsBA_antigen.pdb  7apjB_antibody.pdb
Converting SMILES to graph: 243/500
5gjsBA_antigen.pdb  5imlB_antibody.pdb
Converting SMILES to graph: 244/500
5gjsBA_antigen.pdb  7o9sHL_antibody.pdb
Converting SMILES to graph: 245/500
5gjsBA_antigen.pdb  2i9lFE_antibody.pdb
Converting SMILES to graph: 246/500
5gjsBA_antigen.pdb  7wcrab_antibody.pdb
Converting SMILES to graph: 247/500
5gjsBA_antigen.pdb  7zraE_antibody.pdb
Converting SMILES to graph: 248/500
5gjtBA_antigen.pdb  8dg9HL_antibody.pdb
Converting SMILES to graph: 249/500
5gjtBA_antigen.pdb  2exyEF_antibody.pdb
Converting SMILES to graph: 250/500
5gjtBA_antigen.pdb  8t03CD_antibody.pdb
Converting SMILES to graph: 251/500
5gjtBA_antigen.pdb  7fjsCA_antibody.pdb
Converting SMILES to graph: 252/500
5gjtBA_antigen.pdb  4p2cH_antibody.pdb
Converting SMILES to graph: 253/500
5gjtBA_antigen.pdb  7eanHL_antibody.pdb
Converting SMILES to graph: 254/500
5gmqA_antigen.pdb  2znwBb_antibody.pdb
Converting SMILES to graph: 255/500
5gmqA_antigen.pdb  7kqeJM_antibody.pdb
Converting SMILES to graph: 256/500
5gmqA_antigen.pdb  7uraHL_antibody.pdb
Converting SMILES to graph: 257/500
5gmqA_antigen.pdb  7ukpEF_antibody.pdb
Converting SMILES to graph: 258/500
5gmqA_antigen.pdb  8c3vHL_antibody.pdb
Converting SMILES to graph: 259/500
5gmqA_antigen.pdb  7x8pCB_antibody.pdb
Converting SMILES to graph: 260/500
5grjA_antigen.pdb  5w5xHL_antibody.pdb
Converting SMILES to graph: 261/500
5grjA_antigen.pdb  7s5pHL_antibody.pdb
Converting SMILES to graph: 262/500
5grjA_antigen.pdb  7vtjHL_antibody.pdb
Converting SMILES to graph: 263/500
5grjA_antigen.pdb  6x19N_antibody.pdb
Converting SMILES to graph: 264/500
5grjA_antigen.pdb  8go8HL_antibody.pdb
Converting SMILES to graph: 265/500
5grjA_antigen.pdb  6vmsEe_antibody.pdb
Converting SMILES to graph: 266/500
5gruA_antigen.pdb  6ddrBA_antibody.pdb
Converting SMILES to graph: 267/500
5gruA_antigen.pdb  5ommC_antibody.pdb
Converting SMILES to graph: 268/500
5gruA_antigen.pdb  5o05C_antibody.pdb
Converting SMILES to graph: 269/500
5gruA_antigen.pdb  7pqgB_antibody.pdb
Converting SMILES to graph: 270/500
5gruA_antigen.pdb  7thoEF_antibody.pdb
Converting SMILES to graph: 271/500
5gruA_antigen.pdb  5vigHL_antibody.pdb
Converting SMILES to graph: 272/500
5gs0A_antigen.pdb  7a5rIM_antibody.pdb
Converting SMILES to graph: 273/500
5gs0A_antigen.pdb  8g0wC_antibody.pdb
Converting SMILES to graph: 274/500
5gs0A_antigen.pdb  8cyjA_antibody.pdb
Converting SMILES to graph: 275/500
5gs0A_antigen.pdb  7k9zHL_antibody.pdb
Converting SMILES to graph: 276/500
5gs0A_antigen.pdb  6zdhHL_antibody.pdb
Converting SMILES to graph: 277/500
5gs0A_antigen.pdb  7ommC_antibody.pdb
Converting SMILES to graph: 278/500
5gs2A_antigen.pdb  7txwHL_antibody.pdb
Converting SMILES to graph: 279/500
5gs2A_antigen.pdb  7vfbB_antibody.pdb
Converting SMILES to graph: 280/500
5gs2A_antigen.pdb  7yonSs_antibody.pdb
Converting SMILES to graph: 281/500
5gs2A_antigen.pdb  3vrlHL_antibody.pdb
Converting SMILES to graph: 282/500
5gs2A_antigen.pdb  7cx2N_antibody.pdb
Converting SMILES to graph: 283/500
5gs2A_antigen.pdb  3t3mEF_antibody.pdb
Converting SMILES to graph: 284/500
5guxBC_antigen.pdb  5f7kD_antibody.pdb
Converting SMILES to graph: 285/500
5guxBC_antigen.pdb  7ps6HL_antibody.pdb
Converting SMILES to graph: 286/500
5guxBC_antigen.pdb  6x8uHL_antibody.pdb
Converting SMILES to graph: 287/500
5guxBC_antigen.pdb  5u3lHL_antibody.pdb
Converting SMILES to graph: 288/500
5guxBC_antigen.pdb  7lezRP_antibody.pdb
Converting SMILES to graph: 289/500
5guxBC_antigen.pdb  7df9HL_antibody.pdb
Converting SMILES to graph: 290/500
5gxbA_antigen.pdb  6x07B_antibody.pdb
Converting SMILES to graph: 291/500
5gxbA_antigen.pdb  5a2kHh_antibody.pdb
Converting SMILES to graph: 292/500
5gxbA_antigen.pdb  6x1vHL_antibody.pdb
Converting SMILES to graph: 293/500
5gxbA_antigen.pdb  6co3HL_antibody.pdb
Converting SMILES to graph: 294/500
5gxbA_antigen.pdb  3k80B_antibody.pdb
Converting SMILES to graph: 295/500
5gxbA_antigen.pdb  2ap2DC_antibody.pdb
Converting SMILES to graph: 296/500
5gznBG_antigen.pdb  6pdrHL_antibody.pdb
Converting SMILES to graph: 297/500
5gznBG_antigen.pdb  7n0hZ_antibody.pdb
Converting SMILES to graph: 298/500
5gznBG_antigen.pdb  7cyvHh_antibody.pdb
Converting SMILES to graph: 299/500
5gznBG_antigen.pdb  3tt3HL_antibody.pdb
Converting SMILES to graph: 300/500
5gznBG_antigen.pdb  4y8dC_antibody.pdb
Converting SMILES to graph: 301/500
5gznBG_antigen.pdb  4yzfGH_antibody.pdb
Converting SMILES to graph: 302/500
5gzoB_antigen.pdb  1nccHL_antibody.pdb
Converting SMILES to graph: 303/500
5gzoB_antigen.pdb  8as3HL_antibody.pdb
Converting SMILES to graph: 304/500
5gzoB_antigen.pdb  8gh4HL_antibody.pdb
Converting SMILES to graph: 305/500
5gzoB_antigen.pdb  7x95HL_antibody.pdb
Converting SMILES to graph: 306/500
5gzoB_antigen.pdb  7segHL_antibody.pdb
Converting SMILES to graph: 307/500
5gzoB_antigen.pdb  7bemHL_antibody.pdb
Converting SMILES to graph: 308/500
5h30C_antigen.pdb  7teqHL_antibody.pdb
Converting SMILES to graph: 309/500
5h30C_antigen.pdb  6ww2HL_antibody.pdb
Converting SMILES to graph: 310/500
5h30C_antigen.pdb  7jwpKL_antibody.pdb
Converting SMILES to graph: 311/500
5h30C_antigen.pdb  6yorBC_antibody.pdb
Converting SMILES to graph: 312/500
5h30C_antigen.pdb  1bvkBA_antibody.pdb
Converting SMILES to graph: 313/500
5h30C_antigen.pdb  5t1dHL_antibody.pdb
Converting SMILES to graph: 314/500
5h32C_antigen.pdb  1n5yHL_antibody.pdb
Converting SMILES to graph: 315/500
5h32C_antigen.pdb  8dplHh_antibody.pdb
Converting SMILES to graph: 316/500
5h32C_antigen.pdb  5czvHL_antibody.pdb
Converting SMILES to graph: 317/500
5h32C_antigen.pdb  3lohAB_antibody.pdb
Converting SMILES to graph: 318/500
5h32C_antigen.pdb  4tsaHL_antibody.pdb
Converting SMILES to graph: 319/500
5h32C_antigen.pdb  5j57B_antibody.pdb
Converting SMILES to graph: 320/500
5h35D_antigen.pdb  3zlqC_antibody.pdb
Converting SMILES to graph: 321/500
5h35D_antigen.pdb  7d3sN_antibody.pdb
Converting SMILES to graph: 322/500
5h35D_antigen.pdb  8id8Ss_antibody.pdb
Converting SMILES to graph: 323/500
5h35D_antigen.pdb  7s11KO_antibody.pdb
Converting SMILES to graph: 324/500
5h35D_antigen.pdb  6jhsED_antibody.pdb
Converting SMILES to graph: 325/500
5h35D_antigen.pdb  7mzlHL_antibody.pdb
Converting SMILES to graph: 326/500
5h37B_antigen.pdb  6i2gA_antibody.pdb
Converting SMILES to graph: 327/500
5h37B_antigen.pdb  4lgpD_antibody.pdb
Converting SMILES to graph: 328/500
5h37B_antigen.pdb  7k61Mm_antibody.pdb
Converting SMILES to graph: 329/500
5h37B_antigen.pdb  7f9wBC_antibody.pdb
Converting SMILES to graph: 330/500
5h37B_antigen.pdb  4ogxHL_antibody.pdb
Converting SMILES to graph: 331/500
5h37B_antigen.pdb  8bg4Aa_antibody.pdb
Converting SMILES to graph: 332/500
5h8oB_antigen.pdb  8d9yBA_antibody.pdb
Converting SMILES to graph: 333/500
5h8oB_antigen.pdb  6co3HL_antibody.pdb
Converting SMILES to graph: 334/500
5h8oB_antigen.pdb  7wlyPO_antibody.pdb
Converting SMILES to graph: 335/500
5h8oB_antigen.pdb  8gw8N_antibody.pdb
Converting SMILES to graph: 336/500
5h8oB_antigen.pdb  6ujcEF_antibody.pdb
Converting SMILES to graph: 337/500
5h8oB_antigen.pdb  6m38HL_antibody.pdb
Converting SMILES to graph: 338/500
5hbtB_antigen.pdb  8g3pCI_antibody.pdb
Converting SMILES to graph: 339/500
5hbtB_antigen.pdb  7uz9HL_antibody.pdb
Converting SMILES to graph: 340/500
5hbtB_antigen.pdb  4jm2DC_antibody.pdb
Converting SMILES to graph: 341/500
5hbtB_antigen.pdb  7x2dE_antibody.pdb
Converting SMILES to graph: 342/500
5hbtB_antigen.pdb  7nkiF_antibody.pdb
Converting SMILES to graph: 343/500
5hbvB_antigen.pdb  8dw9CD_antibody.pdb
Converting SMILES to graph: 344/500
5hbvB_antigen.pdb  3d9aHL_antibody.pdb
Converting SMILES to graph: 345/500
5hbvB_antigen.pdb  7epbC_antibody.pdb
Converting SMILES to graph: 346/500
5hbvB_antigen.pdb  4kfzD_antibody.pdb
Converting SMILES to graph: 347/500
5hbvB_antigen.pdb  6fy1HL_antibody.pdb
Converting SMILES to graph: 348/500
5hbvB_antigen.pdb  4nx3BA_antibody.pdb
Converting SMILES to graph: 349/500
5hd8A_antigen.pdb  7a6cCB_antibody.pdb
Converting SMILES to graph: 350/500
5hd8A_antigen.pdb  5cusJN_antibody.pdb
Converting SMILES to graph: 351/500
5hd8A_antigen.pdb  7f1oE_antibody.pdb
Converting SMILES to graph: 352/500
5hd8A_antigen.pdb  7ue0EF_antibody.pdb
Converting SMILES to graph: 353/500
5hd8A_antigen.pdb  5o1rHL_antibody.pdb
Converting SMILES to graph: 354/500
5hd8A_antigen.pdb  7lxnHL_antibody.pdb
Converting SMILES to graph: 355/500
5hdbC_antigen.pdb  7kzbAB_antibody.pdb
Converting SMILES to graph: 356/500
5hdbC_antigen.pdb  8j7tEC_antibody.pdb
Converting SMILES to graph: 357/500
5hdbC_antigen.pdb  5x0tAB_antibody.pdb
Converting SMILES to graph: 358/500
5hdbC_antigen.pdb  7qtiGH_antibody.pdb
Converting SMILES to graph: 359/500
5hdbC_antigen.pdb  1jtpB_antibody.pdb
Converting SMILES to graph: 360/500
5hdqA_antigen.pdb  6txzJN_antibody.pdb
Converting SMILES to graph: 361/500
5hdqA_antigen.pdb  8oxwBC_antibody.pdb
Converting SMILES to graph: 362/500
5hdqA_antigen.pdb  7wd8EF_antibody.pdb
Converting SMILES to graph: 363/500
5hdqA_antigen.pdb  6gs7H_antibody.pdb
Converting SMILES to graph: 364/500
5hdqA_antigen.pdb  4bfbE_antibody.pdb
Converting SMILES to graph: 365/500
5hdqA_antigen.pdb  7skzHL_antibody.pdb
Converting SMILES to graph: 366/500
5hggA_antigen.pdb  2htkCD_antibody.pdb
Converting SMILES to graph: 367/500
5hggA_antigen.pdb  6oq6D_antibody.pdb
Converting SMILES to graph: 368/500
5hggA_antigen.pdb  7wrjAB_antibody.pdb
Converting SMILES to graph: 369/500
5hggA_antigen.pdb  7cvzQR_antibody.pdb
Converting SMILES to graph: 370/500
5hggA_antigen.pdb  7oauB_antibody.pdb
Converting SMILES to graph: 371/500
5hggA_antigen.pdb  7kn6C_antibody.pdb
Converting SMILES to graph: 372/500
5hhvA_antigen.pdb  8e9yEe_antibody.pdb
Converting SMILES to graph: 373/500
5hhvA_antigen.pdb  7pi3TU_antibody.pdb
Converting SMILES to graph: 374/500
5hhvA_antigen.pdb  6cvkAa_antibody.pdb
Converting SMILES to graph: 375/500
5hhvA_antigen.pdb  1ndgBA_antibody.pdb
Converting SMILES to graph: 376/500
5hhvA_antigen.pdb  4am0CD_antibody.pdb
Converting SMILES to graph: 377/500
5hhvA_antigen.pdb  8ek1AB_antibody.pdb
Converting SMILES to graph: 378/500
5hhxA_antigen.pdb  6banBA_antibody.pdb
Converting SMILES to graph: 379/500
5hhxA_antigen.pdb  6sncBA_antibody.pdb
Converting SMILES to graph: 380/500
5hhxA_antigen.pdb  8de3BC_antibody.pdb
Converting SMILES to graph: 381/500
5hhxA_antigen.pdb  5c1mB_antibody.pdb
Converting SMILES to graph: 382/500
5hhxA_antigen.pdb  6mugHL_antibody.pdb
Converting SMILES to graph: 383/500
5hi3A_antigen.pdb  6dbfB_antibody.pdb
Converting SMILES to graph: 384/500
5hi3A_antigen.pdb  6y90CD_antibody.pdb
Converting SMILES to graph: 385/500
5hi3A_antigen.pdb  8g30EF_antibody.pdb
Converting SMILES to graph: 386/500
5hi3A_antigen.pdb  7ugnGJ_antibody.pdb
Converting SMILES to graph: 387/500
5hi3A_antigen.pdb  4dkfHL_antibody.pdb
Converting SMILES to graph: 388/500
5hi3A_antigen.pdb  7kbiC_antibody.pdb
Converting SMILES to graph: 389/500
5hi4B_antigen.pdb  5bk0BA_antibody.pdb
Converting SMILES to graph: 390/500
5hi4B_antigen.pdb  7sakB_antibody.pdb
Converting SMILES to graph: 391/500
5hi4B_antigen.pdb  6dcaJN_antibody.pdb
Converting SMILES to graph: 392/500
5hi4B_antigen.pdb  3a6bHL_antibody.pdb
Converting SMILES to graph: 393/500
5hi4B_antigen.pdb  5vl7HL_antibody.pdb
Converting SMILES to graph: 394/500
5hi4B_antigen.pdb  8jtdJN_antibody.pdb
Converting SMILES to graph: 395/500
5hi5A_antigen.pdb  3lzfHL_antibody.pdb
Converting SMILES to graph: 396/500
5hi5A_antigen.pdb  1jrhHL_antibody.pdb
Converting SMILES to graph: 397/500
5hi5A_antigen.pdb  6cxyHL_antibody.pdb
Converting SMILES to graph: 398/500
5hi5A_antigen.pdb  8gpjAC_antibody.pdb
Converting SMILES to graph: 399/500
5hi5A_antigen.pdb  8fxcHL_antibody.pdb
Converting SMILES to graph: 400/500
5hi5A_antigen.pdb  6d2pHL_antibody.pdb
Converting SMILES to graph: 401/500
5hj3LK_antigen.pdb  7updBE_antibody.pdb
Converting SMILES to graph: 402/500
5hj3LK_antigen.pdb  7zw1C_antibody.pdb
Converting SMILES to graph: 403/500
5hj3LK_antigen.pdb  5u5fBA_antibody.pdb
Converting SMILES to graph: 404/500
5hj3LK_antigen.pdb  8dgvHL_antibody.pdb
Converting SMILES to graph: 405/500
5hj3LK_antigen.pdb  7kddDE_antibody.pdb
Converting SMILES to graph: 406/500
5hj3LK_antigen.pdb  8eqfHL_antibody.pdb
Converting SMILES to graph: 407/500
5hm1D_antigen.pdb  7rw2IK_antibody.pdb
Converting SMILES to graph: 408/500
5hm1D_antigen.pdb  7k9jHL_antibody.pdb
Converting SMILES to graph: 409/500
5hm1D_antigen.pdb  6c08DE_antibody.pdb
Converting SMILES to graph: 410/500
5hm1D_antigen.pdb  7buaHL_antibody.pdb
Converting SMILES to graph: 411/500
5hm1D_antigen.pdb  5hd8CD_antibody.pdb
Converting SMILES to graph: 412/500
5hm1D_antigen.pdb  6x9uHL_antibody.pdb
Converting SMILES to graph: 413/500
5hvfA_antigen.pdb  7wwmIM_antibody.pdb
Converting SMILES to graph: 414/500
5hvfA_antigen.pdb  6vepOP_antibody.pdb
Converting SMILES to graph: 415/500
5hvfA_antigen.pdb  2znwBb_antibody.pdb
Converting SMILES to graph: 416/500
5hvfA_antigen.pdb  6mnsAB_antibody.pdb
Converting SMILES to graph: 417/500
5hvfA_antigen.pdb  7kfxHL_antibody.pdb
Converting SMILES to graph: 418/500
5hvfA_antigen.pdb  8hcqEe_antibody.pdb
Converting SMILES to graph: 419/500
5hvgA_antigen.pdb  6xmiED_antibody.pdb
Converting SMILES to graph: 420/500
5hvgA_antigen.pdb  6e62HL_antibody.pdb
Converting SMILES to graph: 421/500
5hvgA_antigen.pdb  5i6xBC_antibody.pdb
Converting SMILES to graph: 422/500
5hvgA_antigen.pdb  8gscHL_antibody.pdb
Converting SMILES to graph: 423/500
5hvgA_antigen.pdb  8kgkE_antibody.pdb
Converting SMILES to graph: 424/500
5hvgA_antigen.pdb  8g59Ss_antibody.pdb
Converting SMILES to graph: 425/500
5hvhA_antigen.pdb  8b1aB_antibody.pdb
Converting SMILES to graph: 426/500
5hvhA_antigen.pdb  7zg0G_antibody.pdb
Converting SMILES to graph: 427/500
5hvhA_antigen.pdb  7d6iBC_antibody.pdb
Converting SMILES to graph: 428/500
5hvhA_antigen.pdb  6oelHL_antibody.pdb
Converting SMILES to graph: 429/500
5hvhA_antigen.pdb  8tp2HL_antibody.pdb
Converting SMILES to graph: 430/500
5hvhA_antigen.pdb  6e4yHL_antibody.pdb
Converting SMILES to graph: 431/500
5hysG_antigen.pdb  7qnyHL_antibody.pdb
Converting SMILES to graph: 432/500
5hysG_antigen.pdb  6o3uBA_antibody.pdb
Converting SMILES to graph: 433/500
5hysG_antigen.pdb  6x1wHL_antibody.pdb
Converting SMILES to graph: 434/500
5hysG_antigen.pdb  4nc1D_antibody.pdb
Converting SMILES to graph: 435/500
5hysG_antigen.pdb  2ap2DC_antibody.pdb
Converting SMILES to graph: 436/500
5hysG_antigen.pdb  6uktF_antibody.pdb
Converting SMILES to graph: 437/500
5i5kA_antigen.pdb  8w88N_antibody.pdb
Converting SMILES to graph: 438/500
5i5kA_antigen.pdb  7x5hEe_antibody.pdb
Converting SMILES to graph: 439/500
5i5kA_antigen.pdb  7pc0F_antibody.pdb
Converting SMILES to graph: 440/500
5i5kA_antigen.pdb  5m2jD_antibody.pdb
Converting SMILES to graph: 441/500
5i5kA_antigen.pdb  7deoAa_antibody.pdb
Converting SMILES to graph: 442/500
5i6xA_antigen.pdb  2ih3AB_antibody.pdb
Converting SMILES to graph: 443/500
5i6xA_antigen.pdb  4g6fHL_antibody.pdb
Converting SMILES to graph: 444/500
5i6xA_antigen.pdb  3k81B_antibody.pdb
Converting SMILES to graph: 445/500
5i6xA_antigen.pdb  8f60AB_antibody.pdb
Converting SMILES to graph: 446/500
5i6xA_antigen.pdb  1tzgIM_antibody.pdb
Converting SMILES to graph: 447/500
5i6xA_antigen.pdb  3kr3HL_antibody.pdb
Converting SMILES to graph: 448/500
5i6zA_antigen.pdb  8skjA_antibody.pdb
Converting SMILES to graph: 449/500
5i6zA_antigen.pdb  6vyhDC_antibody.pdb
Converting SMILES to graph: 450/500
5i6zA_antigen.pdb  7jr7CD_antibody.pdb
Converting SMILES to graph: 451/500
5i6zA_antigen.pdb  4nbyB_antibody.pdb
Converting SMILES to graph: 452/500
5i6zA_antigen.pdb  7kbbAB_antibody.pdb
Converting SMILES to graph: 453/500
5i6zA_antigen.pdb  7wtiHL_antibody.pdb
Converting SMILES to graph: 454/500
5i71A_antigen.pdb  7mjiE_antibody.pdb
Converting SMILES to graph: 455/500
5i71A_antigen.pdb  2brrHL_antibody.pdb
Converting SMILES to graph: 456/500
5i71A_antigen.pdb  7zmlF_antibody.pdb
Converting SMILES to graph: 457/500
5i71A_antigen.pdb  7cx4N_antibody.pdb
Converting SMILES to graph: 458/500
5i71A_antigen.pdb  1f3rbB_antibody.pdb
Converting SMILES to graph: 459/500
5i71A_antigen.pdb  7ul0HL_antibody.pdb
Converting SMILES to graph: 460/500
5i73A_antigen.pdb  7wh8BA_antibody.pdb
Converting SMILES to graph: 461/500
5i73A_antigen.pdb  4lgpD_antibody.pdb
Converting SMILES to graph: 462/500
5i73A_antigen.pdb  1cz8YX_antibody.pdb
Converting SMILES to graph: 463/500
5i73A_antigen.pdb  5j9pAB_antibody.pdb
Converting SMILES to graph: 464/500
5i73A_antigen.pdb  1hinHL_antibody.pdb
Converting SMILES to graph: 465/500
5i73A_antigen.pdb  7b17B_antibody.pdb
Converting SMILES to graph: 466/500
5i74A_antigen.pdb  1kb9JK_antibody.pdb
Converting SMILES to graph: 467/500
5i74A_antigen.pdb  5vxkB_antibody.pdb
Converting SMILES to graph: 468/500
5i74A_antigen.pdb  7b14D_antibody.pdb
Converting SMILES to graph: 469/500
5i74A_antigen.pdb  8gjeHL_antibody.pdb
Converting SMILES to graph: 470/500
5i74A_antigen.pdb  7a6cCB_antibody.pdb
Converting SMILES to graph: 471/500
5i74A_antigen.pdb  7tccMN_antibody.pdb
Converting SMILES to graph: 472/500
5i75A_antigen.pdb  7vgsDC_antibody.pdb
Converting SMILES to graph: 473/500
5i75A_antigen.pdb  7s3nHL_antibody.pdb
Converting SMILES to graph: 474/500
5i75A_antigen.pdb  7um5Ee_antibody.pdb
Converting SMILES to graph: 475/500
5i75A_antigen.pdb  7yd1AB_antibody.pdb
Converting SMILES to graph: 476/500
5i75A_antigen.pdb  3b2vHL_antibody.pdb
Converting SMILES to graph: 477/500
5i75A_antigen.pdb  8tp2HL_antibody.pdb
Converting SMILES to graph: 478/500
5i8cC_antigen.pdb  3g6dHL_antibody.pdb
Converting SMILES to graph: 479/500
5i8cC_antigen.pdb  7tzgAa_antibody.pdb
Converting SMILES to graph: 480/500
5i8cC_antigen.pdb  7w7eHh_antibody.pdb
Converting SMILES to graph: 481/500
5i8cC_antigen.pdb  6etiFE_antibody.pdb
Converting SMILES to graph: 482/500
5i8cC_antigen.pdb  5aamBb_antibody.pdb
Converting SMILES to graph: 483/500
5i8cC_antigen.pdb  6yorBC_antibody.pdb
Converting SMILES to graph: 484/500
5i8hD_antigen.pdb  7y72OP_antibody.pdb
Converting SMILES to graph: 485/500
5i8hD_antigen.pdb  7s3nHL_antibody.pdb
Converting SMILES to graph: 486/500
5i8hD_antigen.pdb  7ufoHL_antibody.pdb
Converting SMILES to graph: 487/500
5i8hD_antigen.pdb  4d9qED_antibody.pdb
Converting SMILES to graph: 488/500
5i8hD_antigen.pdb  7scgEe_antibody.pdb
Converting SMILES to graph: 489/500
5i8hD_antigen.pdb  3mlwHL_antibody.pdb
Converting SMILES to graph: 490/500
5i9qA_antigen.pdb  7dnhHL_antibody.pdb
Converting SMILES to graph: 491/500
5i9qA_antigen.pdb  2vweEC_antibody.pdb
Converting SMILES to graph: 492/500
5i9qA_antigen.pdb  8dg9HL_antibody.pdb
Converting SMILES to graph: 493/500
5i9qA_antigen.pdb  7xk2Ss_antibody.pdb
Converting SMILES to graph: 494/500
5i9qA_antigen.pdb  8j1tHK_antibody.pdb
Converting SMILES to graph: 495/500
5i9qA_antigen.pdb  6obdHL_antibody.pdb
Converting SMILES to graph: 496/500
5iblF_antigen.pdb  5x0tAB_antibody.pdb
Converting SMILES to graph: 497/500
5iblF_antigen.pdb  7t17JK_antibody.pdb
Converting SMILES to graph: 498/500
5iblF_antigen.pdb  8pg0HL_antibody.pdb
Converting SMILES to graph: 499/500
5iblF_antigen.pdb  7klgIM_antibody.pdb
Converting SMILES to graph: 500/500
5iblF_antigen.pdb  8gpjAC_antibody.pdb
Graph construction done. Saving to file.
