Converting SMILES to graph: 1/500
6u9sC_antigen.pdb  5d1zDC_antibody.pdb
Converting SMILES to graph: 2/500
6u9sC_antigen.pdb  7e53B_antibody.pdb
Converting SMILES to graph: 3/500
6u9sC_antigen.pdb  5f7yD_antibody.pdb
Converting SMILES to graph: 4/500
6u9sC_antigen.pdb  5aamBb_antibody.pdb
Converting SMILES to graph: 5/500
6u9sC_antigen.pdb  5iq7HL_antibody.pdb
Converting SMILES to graph: 6/500
6u9sC_antigen.pdb  3eoaHL_antibody.pdb
Converting SMILES to graph: 7/500
6ubiF_antigen.pdb  7tfnIJ_antibody.pdb
Converting SMILES to graph: 8/500
6ubiF_antigen.pdb  6m1iC_antibody.pdb
Converting SMILES to graph: 9/500
6ubiF_antigen.pdb  4ht1HL_antibody.pdb
Converting SMILES to graph: 10/500
6ubiF_antigen.pdb  4xphHL_antibody.pdb
Converting SMILES to graph: 11/500
6ubiF_antigen.pdb  7mjsHL_antibody.pdb
Converting SMILES to graph: 12/500
6ubiF_antigen.pdb  6dfiHL_antibody.pdb
Converting SMILES to graph: 13/500
6uc6A_antigen.pdb  4fqiHL_antibody.pdb
Converting SMILES to graph: 14/500
6uc6A_antigen.pdb  6b70EF_antibody.pdb
Converting SMILES to graph: 15/500
6uc6A_antigen.pdb  7lq7HL_antibody.pdb
Converting SMILES to graph: 16/500
6uc6A_antigen.pdb  7pgbRS_antibody.pdb
Converting SMILES to graph: 17/500
6uc6A_antigen.pdb  5v2aHL_antibody.pdb
Converting SMILES to graph: 18/500
6uc6A_antigen.pdb  7sshB_antibody.pdb
Converting SMILES to graph: 19/500
6uceC_antigen.pdb  7swoHL_antibody.pdb
Converting SMILES to graph: 20/500
6uceC_antigen.pdb  5fojA_antibody.pdb
Converting SMILES to graph: 21/500
6uceC_antigen.pdb  2ypvHL_antibody.pdb
Converting SMILES to graph: 22/500
6uceC_antigen.pdb  6ocbHL_antibody.pdb
Converting SMILES to graph: 23/500
6uceC_antigen.pdb  4jr9HL_antibody.pdb
Converting SMILES to graph: 24/500
6uceC_antigen.pdb  7vyrHL_antibody.pdb
Converting SMILES to graph: 25/500
6ucfA_antigen.pdb  7nd8HL_antibody.pdb
Converting SMILES to graph: 26/500
6ucfA_antigen.pdb  8sb1CD_antibody.pdb
Converting SMILES to graph: 27/500
6ucfA_antigen.pdb  7wjzAC_antibody.pdb
Converting SMILES to graph: 28/500
6ucfA_antigen.pdb  7tfnIJ_antibody.pdb
Converting SMILES to graph: 29/500
6ucfA_antigen.pdb  7z1cD_antibody.pdb
Converting SMILES to graph: 30/500
6ucfA_antigen.pdb  3lizHL_antibody.pdb
Converting SMILES to graph: 31/500
6udaI_antigen.pdb  7cdjHL_antibody.pdb
Converting SMILES to graph: 32/500
6udaI_antigen.pdb  8bg1AB_antibody.pdb
Converting SMILES to graph: 33/500
6udaI_antigen.pdb  7cw2UT_antibody.pdb
Converting SMILES to graph: 34/500
6udaI_antigen.pdb  7ufnBC_antibody.pdb
Converting SMILES to graph: 35/500
6udaI_antigen.pdb  3grwHL_antibody.pdb
Converting SMILES to graph: 36/500
6udaI_antigen.pdb  8hc4DE_antibody.pdb
Converting SMILES to graph: 37/500
6udjJ_antigen.pdb  8h07EJ_antibody.pdb
Converting SMILES to graph: 38/500
6udjJ_antigen.pdb  5dmgEF_antibody.pdb
Converting SMILES to graph: 39/500
6udjJ_antigen.pdb  8w8aN_antibody.pdb
Converting SMILES to graph: 40/500
6udjJ_antigen.pdb  7e7xHL_antibody.pdb
Converting SMILES to graph: 41/500
6udjJ_antigen.pdb  8dtxHL_antibody.pdb
Converting SMILES to graph: 42/500
6udjJ_antigen.pdb  6jjpDE_antibody.pdb
Converting SMILES to graph: 43/500
6udkR_antigen.pdb  4ffzZY_antibody.pdb
Converting SMILES to graph: 44/500
6udkR_antigen.pdb  2iffHL_antibody.pdb
Converting SMILES to graph: 45/500
6udkR_antigen.pdb  6mzjHL_antibody.pdb
Converting SMILES to graph: 46/500
6udkR_antigen.pdb  8wrbEe_antibody.pdb
Converting SMILES to graph: 47/500
6udkR_antigen.pdb  7q3rF_antibody.pdb
Converting SMILES to graph: 48/500
6udkR_antigen.pdb  2qqnHL_antibody.pdb
Converting SMILES to graph: 49/500
6uftA_antigen.pdb  8dlxH_antibody.pdb
Converting SMILES to graph: 50/500
6uftA_antigen.pdb  6qgyB_antibody.pdb
Converting SMILES to graph: 51/500
6uftA_antigen.pdb  8hiiHL_antibody.pdb
Converting SMILES to graph: 52/500
6uftA_antigen.pdb  7s2rB_antibody.pdb
Converting SMILES to graph: 53/500
6uftA_antigen.pdb  7detDd_antibody.pdb
Converting SMILES to graph: 54/500
6uftA_antigen.pdb  1ggiHL_antibody.pdb
Converting SMILES to graph: 55/500
6uhtB_antigen.pdb  7vvnN_antibody.pdb
Converting SMILES to graph: 56/500
6uhtB_antigen.pdb  6nb3DE_antibody.pdb
Converting SMILES to graph: 57/500
6uhtB_antigen.pdb  7x94HL_antibody.pdb
Converting SMILES to graph: 58/500
6uhtB_antigen.pdb  5w3oDE_antibody.pdb
Converting SMILES to graph: 59/500
6uhtB_antigen.pdb  7dzxHL_antibody.pdb
Converting SMILES to graph: 60/500
6uhtB_antigen.pdb  6axkAB_antibody.pdb
Converting SMILES to graph: 61/500
6ui1A_antigen.pdb  6mf7HL_antibody.pdb
Converting SMILES to graph: 62/500
6ui1A_antigen.pdb  7y1fEe_antibody.pdb
Converting SMILES to graph: 63/500
6ui1A_antigen.pdb  3u4eHL_antibody.pdb
Converting SMILES to graph: 64/500
6ui1A_antigen.pdb  5vyfBA_antibody.pdb
Converting SMILES to graph: 65/500
6ui1A_antigen.pdb  6fn1CB_antibody.pdb
Converting SMILES to graph: 66/500
6ui1A_antigen.pdb  7d7mE_antibody.pdb
Converting SMILES to graph: 67/500
6uigA_antigen.pdb  5da0B_antibody.pdb
Converting SMILES to graph: 68/500
6uigA_antigen.pdb  6glwCD_antibody.pdb
Converting SMILES to graph: 69/500
6uigA_antigen.pdb  6vlwHL_antibody.pdb
Converting SMILES to graph: 70/500
6uigA_antigen.pdb  6os1D_antibody.pdb
Converting SMILES to graph: 71/500
6uigA_antigen.pdb  6x7wAC_antibody.pdb
Converting SMILES to graph: 72/500
6uigA_antigen.pdb  4pouB_antibody.pdb
Converting SMILES to graph: 73/500
6uj9AC_antigen.pdb  8j5jE_antibody.pdb
Converting SMILES to graph: 74/500
6uj9AC_antigen.pdb  7q9fJK_antibody.pdb
Converting SMILES to graph: 75/500
6uj9AC_antigen.pdb  7m8jHL_antibody.pdb
Converting SMILES to graph: 76/500
6uj9AC_antigen.pdb  8jlzN_antibody.pdb
Converting SMILES to graph: 77/500
6uj9AC_antigen.pdb  7ui0HL_antibody.pdb
Converting SMILES to graph: 78/500
6uj9AC_antigen.pdb  2aeqHL_antibody.pdb
Converting SMILES to graph: 79/500
6ujbBA_antigen.pdb  6nbiN_antibody.pdb
Converting SMILES to graph: 80/500
6ujbBA_antigen.pdb  7ksgD_antibody.pdb
Converting SMILES to graph: 81/500
6ujbBA_antigen.pdb  8f9tAB_antibody.pdb
Converting SMILES to graph: 82/500
6ujbBA_antigen.pdb  2adfHL_antibody.pdb
Converting SMILES to graph: 83/500
6ujbBA_antigen.pdb  8gspHL_antibody.pdb
Converting SMILES to graph: 84/500
6ujbBA_antigen.pdb  7lx5C_antibody.pdb
Converting SMILES to graph: 85/500
6ujcBA_antigen.pdb  4jlrHL_antibody.pdb
Converting SMILES to graph: 86/500
6ujcBA_antigen.pdb  7s07XY_antibody.pdb
Converting SMILES to graph: 87/500
6ujcBA_antigen.pdb  7beiHL_antibody.pdb
Converting SMILES to graph: 88/500
6ujcBA_antigen.pdb  6x3vJI_antibody.pdb
Converting SMILES to graph: 89/500
6ujcBA_antigen.pdb  8fddAB_antibody.pdb
Converting SMILES to graph: 90/500
6ujcBA_antigen.pdb  5ku07_antibody.pdb
Converting SMILES to graph: 91/500
6ukjA_antigen.pdb  7ralHL_antibody.pdb
Converting SMILES to graph: 92/500
6ukjA_antigen.pdb  4xakDE_antibody.pdb
Converting SMILES to graph: 93/500
6ukjA_antigen.pdb  6fuzN_antibody.pdb
Converting SMILES to graph: 94/500
6ukjA_antigen.pdb  7dgeC_antibody.pdb
Converting SMILES to graph: 95/500
6ukjA_antigen.pdb  8emzB_antibody.pdb
Converting SMILES to graph: 96/500
6ukjA_antigen.pdb  2b0sHL_antibody.pdb
Converting SMILES to graph: 97/500
6uktB_antigen.pdb  7lbgFE_antibody.pdb
Converting SMILES to graph: 98/500
6uktB_antigen.pdb  8dcyAB_antibody.pdb
Converting SMILES to graph: 99/500
6uktB_antigen.pdb  6nmvHL_antibody.pdb
Converting SMILES to graph: 100/500
6uktB_antigen.pdb  7sr3B_antibody.pdb
Converting SMILES to graph: 101/500
6uktB_antigen.pdb  7xdbDE_antibody.pdb
Converting SMILES to graph: 102/500
6uktB_antigen.pdb  5vn8FJ_antibody.pdb
Converting SMILES to graph: 103/500
6ul4A_antigen.pdb  8p8jFE_antibody.pdb
Converting SMILES to graph: 104/500
6ul4A_antigen.pdb  7z0yHL_antibody.pdb
Converting SMILES to graph: 105/500
6ul4A_antigen.pdb  6hukG_antibody.pdb
Converting SMILES to graph: 106/500
6ul4A_antigen.pdb  4od2BA_antibody.pdb
Converting SMILES to graph: 107/500
6ul4A_antigen.pdb  3mlwHL_antibody.pdb
Converting SMILES to graph: 108/500
6ul4A_antigen.pdb  4yxhHL_antibody.pdb
Converting SMILES to graph: 109/500
6ul6A_antigen.pdb  1hi6BA_antibody.pdb
Converting SMILES to graph: 110/500
6ul6A_antigen.pdb  8iw1Ss_antibody.pdb
Converting SMILES to graph: 111/500
6ul6A_antigen.pdb  6fn4CB_antibody.pdb
Converting SMILES to graph: 112/500
6ul6A_antigen.pdb  4k2uIM_antibody.pdb
Converting SMILES to graph: 113/500
6ul6A_antigen.pdb  8h0qEe_antibody.pdb
Converting SMILES to graph: 114/500
6ul6A_antigen.pdb  7v69Ss_antibody.pdb
Converting SMILES to graph: 115/500
6ulcAE_antigen.pdb  7tcqHL_antibody.pdb
Converting SMILES to graph: 116/500
6ulcAE_antigen.pdb  2y36HL_antibody.pdb
Converting SMILES to graph: 117/500
6ulcAE_antigen.pdb  7qf1CB_antibody.pdb
Converting SMILES to graph: 118/500
6ulcAE_antigen.pdb  7s8lEe_antibody.pdb
Converting SMILES to graph: 119/500
6ulcAE_antigen.pdb  8w8bEe_antibody.pdb
Converting SMILES to graph: 120/500
6ulcAE_antigen.pdb  7wjyBC_antibody.pdb
Converting SMILES to graph: 121/500
6uleI_antigen.pdb  7dhrN_antibody.pdb
Converting SMILES to graph: 122/500
6uleI_antigen.pdb  4r0lHL_antibody.pdb
Converting SMILES to graph: 123/500
6uleI_antigen.pdb  7kqiAC_antibody.pdb
Converting SMILES to graph: 124/500
6uleI_antigen.pdb  7dpmAB_antibody.pdb
Converting SMILES to graph: 125/500
6uleI_antigen.pdb  7tpdEF_antibody.pdb
Converting SMILES to graph: 126/500
6uleI_antigen.pdb  7b2qD_antibody.pdb
Converting SMILES to graph: 127/500
6ulfPK_antigen.pdb  4ogaCD_antibody.pdb
Converting SMILES to graph: 128/500
6ulfPK_antigen.pdb  2r0zHL_antibody.pdb
Converting SMILES to graph: 129/500
6ulfPK_antigen.pdb  4m1gHL_antibody.pdb
Converting SMILES to graph: 130/500
6ulfPK_antigen.pdb  6u1nHL_antibody.pdb
Converting SMILES to graph: 131/500
6ulfPK_antigen.pdb  7p60H_antibody.pdb
Converting SMILES to graph: 132/500
6ulfPK_antigen.pdb  1ic4HL_antibody.pdb
Converting SMILES to graph: 133/500
6um5A_antigen.pdb  2qqkHL_antibody.pdb
Converting SMILES to graph: 134/500
6um5A_antigen.pdb  3wfdHL_antibody.pdb
Converting SMILES to graph: 135/500
6um5A_antigen.pdb  4kjqEF_antibody.pdb
Converting SMILES to graph: 136/500
6um5A_antigen.pdb  6nnjUV_antibody.pdb
Converting SMILES to graph: 137/500
6um5A_antigen.pdb  4kk5EF_antibody.pdb
Converting SMILES to graph: 138/500
6um6I_antigen.pdb  5dupHL_antibody.pdb
Converting SMILES to graph: 139/500
6um6I_antigen.pdb  5hd8CD_antibody.pdb
Converting SMILES to graph: 140/500
6um6I_antigen.pdb  7u0xFG_antibody.pdb
Converting SMILES to graph: 141/500
6um6I_antigen.pdb  7sl9B_antibody.pdb
Converting SMILES to graph: 142/500
6um6I_antigen.pdb  7we8HL_antibody.pdb
Converting SMILES to graph: 143/500
6um6I_antigen.pdb  7ocjG_antibody.pdb
Converting SMILES to graph: 144/500
6um7A_antigen.pdb  3d0lBA_antibody.pdb
Converting SMILES to graph: 145/500
6um7A_antigen.pdb  8j7eAB_antibody.pdb
Converting SMILES to graph: 146/500
6um7A_antigen.pdb  8pvbO_antibody.pdb
Converting SMILES to graph: 147/500
6um7A_antigen.pdb  6dztMm_antibody.pdb
Converting SMILES to graph: 148/500
6um7A_antigen.pdb  7aqzD_antibody.pdb
Converting SMILES to graph: 149/500
6um7A_antigen.pdb  5lwyHL_antibody.pdb
Converting SMILES to graph: 150/500
6umgCR_antigen.pdb  7srrEe_antibody.pdb
Converting SMILES to graph: 151/500
6umgCR_antigen.pdb  7t01HL_antibody.pdb
Converting SMILES to graph: 152/500
6umgCR_antigen.pdb  8ilxC_antibody.pdb
Converting SMILES to graph: 153/500
6umgCR_antigen.pdb  8hj2N_antibody.pdb
Converting SMILES to graph: 154/500
6umgCR_antigen.pdb  7c61HL_antibody.pdb
Converting SMILES to graph: 155/500
6umgCR_antigen.pdb  7q3rF_antibody.pdb
Converting SMILES to graph: 156/500
6umxA_antigen.pdb  8c3lB_antibody.pdb
Converting SMILES to graph: 157/500
6umxA_antigen.pdb  7yi6DB_antibody.pdb
Converting SMILES to graph: 158/500
6umxA_antigen.pdb  8pnlB_antibody.pdb
Converting SMILES to graph: 159/500
6umxA_antigen.pdb  8i10DE_antibody.pdb
Converting SMILES to graph: 160/500
6umxA_antigen.pdb  5w1kLK_antibody.pdb
Converting SMILES to graph: 161/500
6umxA_antigen.pdb  7u5bAB_antibody.pdb
Converting SMILES to graph: 162/500
6uoeP_antigen.pdb  6bf7EF_antibody.pdb
Converting SMILES to graph: 163/500
6uoeP_antigen.pdb  3igaAB_antibody.pdb
Converting SMILES to graph: 164/500
6uoeP_antigen.pdb  2y07HL_antibody.pdb
Converting SMILES to graph: 165/500
6uoeP_antigen.pdb  7q9jEF_antibody.pdb
Converting SMILES to graph: 166/500
6uoeP_antigen.pdb  7wo4DE_antibody.pdb
Converting SMILES to graph: 167/500
6uoeP_antigen.pdb  4jo3IM_antibody.pdb
Converting SMILES to graph: 168/500
6uqrD_antigen.pdb  7kbkC_antibody.pdb
Converting SMILES to graph: 169/500
6uqrD_antigen.pdb  1j5oHL_antibody.pdb
Converting SMILES to graph: 170/500
6uqrD_antigen.pdb  2p8mBA_antibody.pdb
Converting SMILES to graph: 171/500
6uqrD_antigen.pdb  6udaKL_antibody.pdb
Converting SMILES to graph: 172/500
6uqrD_antigen.pdb  8p7wDG_antibody.pdb
Converting SMILES to graph: 173/500
6uqrD_antigen.pdb  6phcAB_antibody.pdb
Converting SMILES to graph: 174/500
6ur5C_antigen.pdb  7ckwN_antibody.pdb
Converting SMILES to graph: 175/500
6ur5C_antigen.pdb  7dfcHL_antibody.pdb
Converting SMILES to graph: 176/500
6ur5C_antigen.pdb  8ib1BA_antibody.pdb
Converting SMILES to graph: 177/500
6ur5C_antigen.pdb  5occHL_antibody.pdb
Converting SMILES to graph: 178/500
6ur5C_antigen.pdb  7nfrB_antibody.pdb
Converting SMILES to graph: 179/500
6ur5C_antigen.pdb  5j57B_antibody.pdb
Converting SMILES to graph: 180/500
6urhC_antigen.pdb  1ic4HL_antibody.pdb
Converting SMILES to graph: 181/500
6urhC_antigen.pdb  8dtoGH_antibody.pdb
Converting SMILES to graph: 182/500
6urhC_antigen.pdb  7vazDC_antibody.pdb
Converting SMILES to graph: 183/500
6urhC_antigen.pdb  6me1AB_antibody.pdb
Converting SMILES to graph: 184/500
6urhC_antigen.pdb  7jw0DC_antibody.pdb
Converting SMILES to graph: 185/500
6urmF_antigen.pdb  7x9eAB_antibody.pdb
Converting SMILES to graph: 186/500
6urmF_antigen.pdb  6x9sHL_antibody.pdb
Converting SMILES to graph: 187/500
6urmF_antigen.pdb  4xx1HL_antibody.pdb
Converting SMILES to graph: 188/500
6urmF_antigen.pdb  7kezHL_antibody.pdb
Converting SMILES to graph: 189/500
6urmF_antigen.pdb  7k7iXY_antibody.pdb
Converting SMILES to graph: 190/500
6urmF_antigen.pdb  6nc2PU_antibody.pdb
Converting SMILES to graph: 191/500
6usfD_antigen.pdb  7dk0AB_antibody.pdb
Converting SMILES to graph: 192/500
6usfD_antigen.pdb  7kbbAB_antibody.pdb
Converting SMILES to graph: 193/500
6usfD_antigen.pdb  6mlkHL_antibody.pdb
Converting SMILES to graph: 194/500
6usfD_antigen.pdb  7kf9GJ_antibody.pdb
Converting SMILES to graph: 195/500
6usfD_antigen.pdb  8hn6AB_antibody.pdb
Converting SMILES to graph: 196/500
6usfD_antigen.pdb  6lhtHL_antibody.pdb
Converting SMILES to graph: 197/500
6utaC_antigen.pdb  6a4kIM_antibody.pdb
Converting SMILES to graph: 198/500
6utaC_antigen.pdb  7y35N_antibody.pdb
Converting SMILES to graph: 199/500
6utaC_antigen.pdb  7urfOP_antibody.pdb
Converting SMILES to graph: 200/500
6utaC_antigen.pdb  7lzpH_antibody.pdb
Converting SMILES to graph: 201/500
6utaC_antigen.pdb  5hbvDC_antibody.pdb
Converting SMILES to graph: 202/500
6utaC_antigen.pdb  7sr8Ee_antibody.pdb
Converting SMILES to graph: 203/500
6uteS_antigen.pdb  3zknHL_antibody.pdb
Converting SMILES to graph: 204/500
6uteS_antigen.pdb  7d2zA_antibody.pdb
Converting SMILES to graph: 205/500
6uteS_antigen.pdb  7tprH_antibody.pdb
Converting SMILES to graph: 206/500
6uteS_antigen.pdb  4leoAB_antibody.pdb
Converting SMILES to graph: 207/500
6uteS_antigen.pdb  8iw4Ss_antibody.pdb
Converting SMILES to graph: 208/500
6uteS_antigen.pdb  4tsaHL_antibody.pdb
Converting SMILES to graph: 209/500
6utkT_antigen.pdb  6axkAB_antibody.pdb
Converting SMILES to graph: 210/500
6utkT_antigen.pdb  5wobUV_antibody.pdb
Converting SMILES to graph: 211/500
6utkT_antigen.pdb  7ttyHL_antibody.pdb
Converting SMILES to graph: 212/500
6utkT_antigen.pdb  7njzHL_antibody.pdb
Converting SMILES to graph: 213/500
6utkT_antigen.pdb  8dfhHL_antibody.pdb
Converting SMILES to graph: 214/500
6utkT_antigen.pdb  7a3oHL_antibody.pdb
Converting SMILES to graph: 215/500
6uudA_antigen.pdb  7lf8HL_antibody.pdb
Converting SMILES to graph: 216/500
6uudA_antigen.pdb  6xoxEe_antibody.pdb
Converting SMILES to graph: 217/500
6uudA_antigen.pdb  6n48B_antibody.pdb
Converting SMILES to graph: 218/500
6uudA_antigen.pdb  8jlqSs_antibody.pdb
Converting SMILES to graph: 219/500
6uudA_antigen.pdb  6ulcHL_antibody.pdb
Converting SMILES to graph: 220/500
6uudA_antigen.pdb  7vkeB_antibody.pdb
Converting SMILES to graph: 221/500
6uunAB_antigen.pdb  4hg4PQ_antibody.pdb
Converting SMILES to graph: 222/500
6uunAB_antigen.pdb  7p77H_antibody.pdb
Converting SMILES to graph: 223/500
6uunAB_antigen.pdb  5f3hEF_antibody.pdb
Converting SMILES to graph: 224/500
6uunAB_antigen.pdb  7lezRP_antibody.pdb
Converting SMILES to graph: 225/500
6uunAB_antigen.pdb  4iofEF_antibody.pdb
Converting SMILES to graph: 226/500
6uunAB_antigen.pdb  3g6dHL_antibody.pdb
Converting SMILES to graph: 227/500
6uusAB_antigen.pdb  6sv2HL_antibody.pdb
Converting SMILES to graph: 228/500
6uusAB_antigen.pdb  8k2xSs_antibody.pdb
Converting SMILES to graph: 229/500
6uusAB_antigen.pdb  6faxHL_antibody.pdb
Converting SMILES to graph: 230/500
6uusAB_antigen.pdb  5otjHL_antibody.pdb
Converting SMILES to graph: 231/500
6uusAB_antigen.pdb  7cwmHL_antibody.pdb
Converting SMILES to graph: 232/500
6uusAB_antigen.pdb  7tn0MN_antibody.pdb
Converting SMILES to graph: 233/500
6uvaAB_antigen.pdb  2or9IM_antibody.pdb
Converting SMILES to graph: 234/500
6uvaAB_antigen.pdb  7n4lHL_antibody.pdb
Converting SMILES to graph: 235/500
6uvaAB_antigen.pdb  3t2nHL_antibody.pdb
Converting SMILES to graph: 236/500
6uvaAB_antigen.pdb  6oz2HL_antibody.pdb
Converting SMILES to graph: 237/500
6uvaAB_antigen.pdb  7zcfEe_antibody.pdb
Converting SMILES to graph: 238/500
6uvaAB_antigen.pdb  7zfeJK_antibody.pdb
Converting SMILES to graph: 239/500
6uvoD_antigen.pdb  5i73BC_antibody.pdb
Converting SMILES to graph: 240/500
6uvoD_antigen.pdb  7mzhBC_antibody.pdb
Converting SMILES to graph: 241/500
6uvoD_antigen.pdb  5vagCB_antibody.pdb
Converting SMILES to graph: 242/500
6uvoD_antigen.pdb  7pi3TU_antibody.pdb
Converting SMILES to graph: 243/500
6uvoD_antigen.pdb  4ldeB_antibody.pdb
Converting SMILES to graph: 244/500
6uvoD_antigen.pdb  6gk7HL_antibody.pdb
Converting SMILES to graph: 245/500
6uydE_antigen.pdb  7b3oHL_antibody.pdb
Converting SMILES to graph: 246/500
6uydE_antigen.pdb  5durHL_antibody.pdb
Converting SMILES to graph: 247/500
6uydE_antigen.pdb  5tz2HL_antibody.pdb
Converting SMILES to graph: 248/500
6uydE_antigen.pdb  7usvD_antibody.pdb
Converting SMILES to graph: 249/500
6uydE_antigen.pdb  7tjqAB_antibody.pdb
Converting SMILES to graph: 250/500
6uydE_antigen.pdb  7m2hAB_antibody.pdb
Converting SMILES to graph: 251/500
6uyeA_antigen.pdb  8ghpHL_antibody.pdb
Converting SMILES to graph: 252/500
6uyeA_antigen.pdb  4rdqGF_antibody.pdb
Converting SMILES to graph: 253/500
6uyeA_antigen.pdb  3qskB_antibody.pdb
Converting SMILES to graph: 254/500
6uyeA_antigen.pdb  7rm1CD_antibody.pdb
Converting SMILES to graph: 255/500
6uyeA_antigen.pdb  6bspAB_antibody.pdb
Converting SMILES to graph: 256/500
6uyfE_antigen.pdb  5cjsHL_antibody.pdb
Converting SMILES to graph: 257/500
6uyfE_antigen.pdb  7wurEF_antibody.pdb
Converting SMILES to graph: 258/500
6uyfE_antigen.pdb  6wpwN_antibody.pdb
Converting SMILES to graph: 259/500
6uyfE_antigen.pdb  7fjoHL_antibody.pdb
Converting SMILES to graph: 260/500
6uyfE_antigen.pdb  7ujeEF_antibody.pdb
Converting SMILES to graph: 261/500
6uyfE_antigen.pdb  6b9yBA_antibody.pdb
Converting SMILES to graph: 262/500
6uygE_antigen.pdb  7li7BC_antibody.pdb
Converting SMILES to graph: 263/500
6uygE_antigen.pdb  4hj0CD_antibody.pdb
Converting SMILES to graph: 264/500
6uygE_antigen.pdb  6jb2A_antibody.pdb
Converting SMILES to graph: 265/500
6uygE_antigen.pdb  3a6cHL_antibody.pdb
Converting SMILES to graph: 266/500
6uygE_antigen.pdb  7teeHL_antibody.pdb
Converting SMILES to graph: 267/500
6uygE_antigen.pdb  3p9wF_antibody.pdb
Converting SMILES to graph: 268/500
6uymE_antigen.pdb  6z3pHL_antibody.pdb
Converting SMILES to graph: 269/500
6uymE_antigen.pdb  5kn5DE_antibody.pdb
Converting SMILES to graph: 270/500
6uymE_antigen.pdb  7v6nED_antibody.pdb
Converting SMILES to graph: 271/500
6uymE_antigen.pdb  3ffdAB_antibody.pdb
Converting SMILES to graph: 272/500
6uymE_antigen.pdb  4qkxB_antibody.pdb
Converting SMILES to graph: 273/500
6uymE_antigen.pdb  7n0xHL_antibody.pdb
Converting SMILES to graph: 274/500
6uynBA_antigen.pdb  6pefAB_antibody.pdb
Converting SMILES to graph: 275/500
6uynBA_antigen.pdb  7umnHL_antibody.pdb
Converting SMILES to graph: 276/500
6uynBA_antigen.pdb  7m6fCD_antibody.pdb
Converting SMILES to graph: 277/500
6uynBA_antigen.pdb  6i53G_antibody.pdb
Converting SMILES to graph: 278/500
6uynBA_antigen.pdb  1melA_antibody.pdb
Converting SMILES to graph: 279/500
6uynBA_antigen.pdb  6mqcAB_antibody.pdb
Converting SMILES to graph: 280/500
6v4nM_antigen.pdb  7zf8HL_antibody.pdb
Converting SMILES to graph: 281/500
6v4nM_antigen.pdb  8gy5AB_antibody.pdb
Converting SMILES to graph: 282/500
6v4nM_antigen.pdb  5sy8HL_antibody.pdb
Converting SMILES to graph: 283/500
6v4nM_antigen.pdb  3k7uA_antibody.pdb
Converting SMILES to graph: 284/500
6v4nM_antigen.pdb  8ha0N_antibody.pdb
Converting SMILES to graph: 285/500
6v4nM_antigen.pdb  8db4AB_antibody.pdb
Converting SMILES to graph: 286/500
6v4oI_antigen.pdb  5lx9Hh_antibody.pdb
Converting SMILES to graph: 287/500
6v4oI_antigen.pdb  6h3uIM_antibody.pdb
Converting SMILES to graph: 288/500
6v4oI_antigen.pdb  4m1cEF_antibody.pdb
Converting SMILES to graph: 289/500
6v4oI_antigen.pdb  6jfhKI_antibody.pdb
Converting SMILES to graph: 290/500
6v4oI_antigen.pdb  8ee8HL_antibody.pdb
Converting SMILES to graph: 291/500
6v4oI_antigen.pdb  5otjHL_antibody.pdb
Converting SMILES to graph: 292/500
6v4pBA_antigen.pdb  6x3zJI_antibody.pdb
Converting SMILES to graph: 293/500
6v4pBA_antigen.pdb  7m8jHL_antibody.pdb
Converting SMILES to graph: 294/500
6v4pBA_antigen.pdb  5n09IM_antibody.pdb
Converting SMILES to graph: 295/500
6v4pBA_antigen.pdb  7nwlDE_antibody.pdb
Converting SMILES to graph: 296/500
6v4pBA_antigen.pdb  7qvmSs_antibody.pdb
Converting SMILES to graph: 297/500
6v4pBA_antigen.pdb  6wxlKJ_antibody.pdb
Converting SMILES to graph: 298/500
6v6wT_antigen.pdb  7dq7HL_antibody.pdb
Converting SMILES to graph: 299/500
6v6wT_antigen.pdb  7o06A_antibody.pdb
Converting SMILES to graph: 300/500
6v6wT_antigen.pdb  7slaB_antibody.pdb
Converting SMILES to graph: 301/500
6v6wT_antigen.pdb  8ilxC_antibody.pdb
Converting SMILES to graph: 302/500
6v6wT_antigen.pdb  7ps6HL_antibody.pdb
Converting SMILES to graph: 303/500
6v6wT_antigen.pdb  8e6kHL_antibody.pdb
Converting SMILES to graph: 304/500
6v7yA_antigen.pdb  8oxwBC_antibody.pdb
Converting SMILES to graph: 305/500
6v7yA_antigen.pdb  7qn9L_antibody.pdb
Converting SMILES to graph: 306/500
6v7yA_antigen.pdb  7ej8Hh_antibody.pdb
Converting SMILES to graph: 307/500
6v7yA_antigen.pdb  7vqxN_antibody.pdb
Converting SMILES to graph: 308/500
6v7yA_antigen.pdb  5d8jHL_antibody.pdb
Converting SMILES to graph: 309/500
6v7yA_antigen.pdb  5d72MN_antibody.pdb
Converting SMILES to graph: 310/500
6v7zCD_antigen.pdb  7d85BC_antibody.pdb
Converting SMILES to graph: 311/500
6v7zCD_antigen.pdb  6apdJL_antibody.pdb
Converting SMILES to graph: 312/500
6v7zCD_antigen.pdb  7yvpLM_antibody.pdb
Converting SMILES to graph: 313/500
6v7zCD_antigen.pdb  7u0dOP_antibody.pdb
Converting SMILES to graph: 314/500
6v7zCD_antigen.pdb  7r0jDd_antibody.pdb
Converting SMILES to graph: 315/500
6v7zCD_antigen.pdb  8fbaAB_antibody.pdb
Converting SMILES to graph: 316/500
6v80AC_antigen.pdb  5o04C_antibody.pdb
Converting SMILES to graph: 317/500
6v80AC_antigen.pdb  8jirN_antibody.pdb
Converting SMILES to graph: 318/500
6v80AC_antigen.pdb  7zxkHL_antibody.pdb
Converting SMILES to graph: 319/500
6v80AC_antigen.pdb  7x5hEe_antibody.pdb
Converting SMILES to graph: 320/500
6v80AC_antigen.pdb  6um6KL_antibody.pdb
Converting SMILES to graph: 321/500
6v80AC_antigen.pdb  3g5yBA_antibody.pdb
Converting SMILES to graph: 322/500
6v8xE_antigen.pdb  6jhrED_antibody.pdb
Converting SMILES to graph: 323/500
6v8xE_antigen.pdb  6vpxPQ_antibody.pdb
Converting SMILES to graph: 324/500
6v8xE_antigen.pdb  1jnhDC_antibody.pdb
Converting SMILES to graph: 325/500
6v8xE_antigen.pdb  3jauHL_antibody.pdb
Converting SMILES to graph: 326/500
6v8xE_antigen.pdb  3tt1IM_antibody.pdb
Converting SMILES to graph: 327/500
6v8zA_antigen.pdb  4f9ldD_antibody.pdb
Converting SMILES to graph: 328/500
6v8zA_antigen.pdb  7ykjAD_antibody.pdb
Converting SMILES to graph: 329/500
6v8zA_antigen.pdb  7ydjEe_antibody.pdb
Converting SMILES to graph: 330/500
6v8zA_antigen.pdb  8fbwCD_antibody.pdb
Converting SMILES to graph: 331/500
6v8zA_antigen.pdb  5v6lIM_antibody.pdb
Converting SMILES to graph: 332/500
6v8zA_antigen.pdb  7rw2IK_antibody.pdb
Converting SMILES to graph: 333/500
6vbgA_antigen.pdb  7yr0CB_antibody.pdb
Converting SMILES to graph: 334/500
6vbgA_antigen.pdb  7kgvCE_antibody.pdb
Converting SMILES to graph: 335/500
6vbgA_antigen.pdb  1v7mIM_antibody.pdb
Converting SMILES to graph: 336/500
6vbgA_antigen.pdb  8i9aHh_antibody.pdb
Converting SMILES to graph: 337/500
6vbgA_antigen.pdb  6ddvBA_antibody.pdb
Converting SMILES to graph: 338/500
6vbgA_antigen.pdb  7nxbAB_antibody.pdb
Converting SMILES to graph: 339/500
6vboC_antigen.pdb  3o41HL_antibody.pdb
Converting SMILES to graph: 340/500
6vboC_antigen.pdb  5kvdHL_antibody.pdb
Converting SMILES to graph: 341/500
6vboC_antigen.pdb  3kr3HL_antibody.pdb
Converting SMILES to graph: 342/500
6vboC_antigen.pdb  7ndaHL_antibody.pdb
Converting SMILES to graph: 343/500
6vboC_antigen.pdb  7yagC_antibody.pdb
Converting SMILES to graph: 344/500
6vboC_antigen.pdb  7t86HL_antibody.pdb
Converting SMILES to graph: 345/500
6vbpK_antigen.pdb  8jiuN_antibody.pdb
Converting SMILES to graph: 346/500
6vbpK_antigen.pdb  7t77HL_antibody.pdb
Converting SMILES to graph: 347/500
6vbpK_antigen.pdb  7sfwQR_antibody.pdb
Converting SMILES to graph: 348/500
6vbpK_antigen.pdb  7yonSs_antibody.pdb
Converting SMILES to graph: 349/500
6vbpK_antigen.pdb  2r29HL_antibody.pdb
Converting SMILES to graph: 350/500
6vbpK_antigen.pdb  7b0bHL_antibody.pdb
Converting SMILES to graph: 351/500
6vbqJ_antigen.pdb  7udgEF_antibody.pdb
Converting SMILES to graph: 352/500
6vbqJ_antigen.pdb  3mlrHL_antibody.pdb
Converting SMILES to graph: 353/500
6vbqJ_antigen.pdb  7v23OP_antibody.pdb
Converting SMILES to graph: 354/500
6vbqJ_antigen.pdb  8elqHL_antibody.pdb
Converting SMILES to graph: 355/500
6vbqJ_antigen.pdb  7x2tHL_antibody.pdb
Converting SMILES to graph: 356/500
6vbqJ_antigen.pdb  4wgwD_antibody.pdb
Converting SMILES to graph: 357/500
6vc9A_antigen.pdb  7vgsDC_antibody.pdb
Converting SMILES to graph: 358/500
6vc9A_antigen.pdb  5h30IM_antibody.pdb
Converting SMILES to graph: 359/500
6vc9A_antigen.pdb  3r1gHL_antibody.pdb
Converting SMILES to graph: 360/500
6vc9A_antigen.pdb  6uvoHL_antibody.pdb
Converting SMILES to graph: 361/500
6vc9A_antigen.pdb  4ztoHL_antibody.pdb
Converting SMILES to graph: 362/500
6vc9A_antigen.pdb  5u7oHL_antibody.pdb
Converting SMILES to graph: 363/500
6vcaA_antigen.pdb  7y9tD_antibody.pdb
Converting SMILES to graph: 364/500
6vcaA_antigen.pdb  7thoEF_antibody.pdb
Converting SMILES to graph: 365/500
6vcaA_antigen.pdb  5ec2AB_antibody.pdb
Converting SMILES to graph: 366/500
6vcaA_antigen.pdb  7ymhD_antibody.pdb
Converting SMILES to graph: 367/500
6vcaA_antigen.pdb  6jfhKI_antibody.pdb
Converting SMILES to graph: 368/500
6vcaA_antigen.pdb  4i1nB_antibody.pdb
Converting SMILES to graph: 369/500
6vcbAB_antigen.pdb  5u3dBA_antibody.pdb
Converting SMILES to graph: 370/500
6vcbAB_antigen.pdb  3p11HL_antibody.pdb
Converting SMILES to graph: 371/500
6vcbAB_antigen.pdb  3mugFE_antibody.pdb
Converting SMILES to graph: 372/500
6vcbAB_antigen.pdb  3egsBA_antibody.pdb
Converting SMILES to graph: 373/500
6vcbAB_antigen.pdb  8ha0N_antibody.pdb
Converting SMILES to graph: 374/500
6vcbAB_antigen.pdb  7mhyOP_antibody.pdb
Converting SMILES to graph: 375/500
6velC_antigen.pdb  6oq7C_antibody.pdb
Converting SMILES to graph: 376/500
6velC_antigen.pdb  4yqxHL_antibody.pdb
Converting SMILES to graph: 377/500
6velC_antigen.pdb  7l02MK_antibody.pdb
Converting SMILES to graph: 378/500
6velC_antigen.pdb  7ejkHh_antibody.pdb
Converting SMILES to graph: 379/500
6velC_antigen.pdb  8dwoHL_antibody.pdb
Converting SMILES to graph: 380/500
6vepQ_antigen.pdb  5i8hGH_antibody.pdb
Converting SMILES to graph: 381/500
6vepQ_antigen.pdb  1g6vK_antibody.pdb
Converting SMILES to graph: 382/500
6vepQ_antigen.pdb  7yckCD_antibody.pdb
Converting SMILES to graph: 383/500
6vepQ_antigen.pdb  6vboHL_antibody.pdb
Converting SMILES to graph: 384/500
6vepQ_antigen.pdb  7vieEe_antibody.pdb
Converting SMILES to graph: 385/500
6vepQ_antigen.pdb  6c08DE_antibody.pdb
Converting SMILES to graph: 386/500
6veqK_antigen.pdb  3bkyHL_antibody.pdb
Converting SMILES to graph: 387/500
6veqK_antigen.pdb  3iywHL_antibody.pdb
Converting SMILES to graph: 388/500
6veqK_antigen.pdb  5tljDC_antibody.pdb
Converting SMILES to graph: 389/500
6veqK_antigen.pdb  8hhzEF_antibody.pdb
Converting SMILES to graph: 390/500
6veqK_antigen.pdb  8dkiAB_antibody.pdb
Converting SMILES to graph: 391/500
6veqK_antigen.pdb  8d9yBA_antibody.pdb
Converting SMILES to graph: 392/500
6vgrA_antigen.pdb  7y24Ss_antibody.pdb
Converting SMILES to graph: 393/500
6vgrA_antigen.pdb  8j7yEC_antibody.pdb
Converting SMILES to graph: 394/500
6vgrA_antigen.pdb  4hg4PQ_antibody.pdb
Converting SMILES to graph: 395/500
6vgrA_antigen.pdb  8oxyBC_antibody.pdb
Converting SMILES to graph: 396/500
6vgrA_antigen.pdb  6b5lHL_antibody.pdb
Converting SMILES to graph: 397/500
6vgrA_antigen.pdb  1hh6BA_antibody.pdb
Converting SMILES to graph: 398/500
6vi0G_antigen.pdb  8hwsHL_antibody.pdb
Converting SMILES to graph: 399/500
6vi0G_antigen.pdb  8duzAB_antibody.pdb
Converting SMILES to graph: 400/500
6vi0G_antigen.pdb  7sr4B_antibody.pdb
Converting SMILES to graph: 401/500
6vi0G_antigen.pdb  7zmvK_antibody.pdb
Converting SMILES to graph: 402/500
6vi0G_antigen.pdb  8ejjHL_antibody.pdb
Converting SMILES to graph: 403/500
6vi0G_antigen.pdb  3u7yHL_antibody.pdb
Converting SMILES to graph: 404/500
6vi1N_antigen.pdb  6uktF_antibody.pdb
Converting SMILES to graph: 405/500
6vi1N_antigen.pdb  6vn7N_antibody.pdb
Converting SMILES to graph: 406/500
6vi1N_antigen.pdb  4r8wHL_antibody.pdb
Converting SMILES to graph: 407/500
6vi1N_antigen.pdb  1yymHL_antibody.pdb
Converting SMILES to graph: 408/500
6vi1N_antigen.pdb  7slaB_antibody.pdb
Converting SMILES to graph: 409/500
6vi1N_antigen.pdb  6fn4CB_antibody.pdb
Converting SMILES to graph: 410/500
6vi4B_antigen.pdb  7k8uHL_antibody.pdb
Converting SMILES to graph: 411/500
6vi4B_antigen.pdb  7jv6FG_antibody.pdb
Converting SMILES to graph: 412/500
6vi4B_antigen.pdb  8f6xDd_antibody.pdb
Converting SMILES to graph: 413/500
6vi4B_antigen.pdb  6dzmJL_antibody.pdb
Converting SMILES to graph: 414/500
6vi4B_antigen.pdb  8oxvBC_antibody.pdb
Converting SMILES to graph: 415/500
6vi4B_antigen.pdb  7um6Ee_antibody.pdb
Converting SMILES to graph: 416/500
6vjaC_antigen.pdb  7xy4D_antibody.pdb
Converting SMILES to graph: 417/500
6vjaC_antigen.pdb  3levHL_antibody.pdb
Converting SMILES to graph: 418/500
6vjaC_antigen.pdb  2igfHL_antibody.pdb
Converting SMILES to graph: 419/500
6vjaC_antigen.pdb  7wr9AB_antibody.pdb
Converting SMILES to graph: 420/500
6vjaC_antigen.pdb  2ih1AB_antibody.pdb
Converting SMILES to graph: 421/500
6vjaC_antigen.pdb  8fb5AB_antibody.pdb
Converting SMILES to graph: 422/500
6vjnGF_antigen.pdb  7dhiN_antibody.pdb
Converting SMILES to graph: 423/500
6vjnGF_antigen.pdb  5js9AB_antibody.pdb
Converting SMILES to graph: 424/500
6vjnGF_antigen.pdb  4xawHL_antibody.pdb
Converting SMILES to graph: 425/500
6vjnGF_antigen.pdb  7uklXY_antibody.pdb
Converting SMILES to graph: 426/500
6vjnGF_antigen.pdb  5f7lB_antibody.pdb
Converting SMILES to graph: 427/500
6vjnGF_antigen.pdb  6qtlB_antibody.pdb
Converting SMILES to graph: 428/500
6vjtP_antigen.pdb  4m62IM_antibody.pdb
Converting SMILES to graph: 429/500
6vjtP_antigen.pdb  1eo8HL_antibody.pdb
Converting SMILES to graph: 430/500
6vjtP_antigen.pdb  8d0aHL_antibody.pdb
Converting SMILES to graph: 431/500
6vjtP_antigen.pdb  4yxkHL_antibody.pdb
Converting SMILES to graph: 432/500
6vjtP_antigen.pdb  7rqqHL_antibody.pdb
Converting SMILES to graph: 433/500
6vjtP_antigen.pdb  6mdtDE_antibody.pdb
Converting SMILES to graph: 434/500
6vknDB_antigen.pdb  7faeHL_antibody.pdb
Converting SMILES to graph: 435/500
6vknDB_antigen.pdb  6mufHL_antibody.pdb
Converting SMILES to graph: 436/500
6vknDB_antigen.pdb  6nb3DE_antibody.pdb
Converting SMILES to graph: 437/500
6vknDB_antigen.pdb  8e8lHL_antibody.pdb
Converting SMILES to graph: 438/500
6vknDB_antigen.pdb  6uleAB_antibody.pdb
Converting SMILES to graph: 439/500
6vknDB_antigen.pdb  3rifHL_antibody.pdb
Converting SMILES to graph: 440/500
6vl8C_antigen.pdb  6hujG_antibody.pdb
Converting SMILES to graph: 441/500
6vl8C_antigen.pdb  7ljrST_antibody.pdb
Converting SMILES to graph: 442/500
6vl8C_antigen.pdb  4wv1BA_antibody.pdb
Converting SMILES to graph: 443/500
6vl8C_antigen.pdb  4fhbD_antibody.pdb
Converting SMILES to graph: 444/500
6vl8C_antigen.pdb  1e4wHL_antibody.pdb
Converting SMILES to graph: 445/500
6vl8C_antigen.pdb  6j5fHL_antibody.pdb
Converting SMILES to graph: 446/500
6vlnPK_antigen.pdb  5lxgHL_antibody.pdb
Converting SMILES to graph: 447/500
6vlnPK_antigen.pdb  7duoHL_antibody.pdb
Converting SMILES to graph: 448/500
6vlnPK_antigen.pdb  7fcpHL_antibody.pdb
Converting SMILES to graph: 449/500
6vlnPK_antigen.pdb  6xq2FE_antibody.pdb
Converting SMILES to graph: 450/500
6vlnPK_antigen.pdb  8spuNn_antibody.pdb
Converting SMILES to graph: 451/500
6vlnPK_antigen.pdb  6x78HL_antibody.pdb
Converting SMILES to graph: 452/500
6vlrH_antigen.pdb  6vo1GJ_antibody.pdb
Converting SMILES to graph: 453/500
6vlrH_antigen.pdb  5xxyHL_antibody.pdb
Converting SMILES to graph: 454/500
6vlrH_antigen.pdb  7db6Ee_antibody.pdb
Converting SMILES to graph: 455/500
6vlrH_antigen.pdb  7ykjAD_antibody.pdb
Converting SMILES to graph: 456/500
6vlrH_antigen.pdb  1deeFE_antibody.pdb
Converting SMILES to graph: 457/500
6vlwG_antigen.pdb  8ek5Ee_antibody.pdb
Converting SMILES to graph: 458/500
6vlwG_antigen.pdb  6p62CD_antibody.pdb
Converting SMILES to graph: 459/500
6vlwG_antigen.pdb  7xikHL_antibody.pdb
Converting SMILES to graph: 460/500
6vlwG_antigen.pdb  7aueSs_antibody.pdb
Converting SMILES to graph: 461/500
6vlwG_antigen.pdb  7t4sHI_antibody.pdb
Converting SMILES to graph: 462/500
6vmjY_antigen.pdb  6bpaEF_antibody.pdb
Converting SMILES to graph: 463/500
6vmjY_antigen.pdb  6ym0HL_antibody.pdb
Converting SMILES to graph: 464/500
6vmjY_antigen.pdb  5xjmHL_antibody.pdb
Converting SMILES to graph: 465/500
6vmjY_antigen.pdb  5ezoHL_antibody.pdb
Converting SMILES to graph: 466/500
6vmjY_antigen.pdb  7vmuAa_antibody.pdb
Converting SMILES to graph: 467/500
6vmjY_antigen.pdb  7cztIM_antibody.pdb
Converting SMILES to graph: 468/500
6vmkm_antigen.pdb  6wdsHL_antibody.pdb
Converting SMILES to graph: 469/500
6vmkm_antigen.pdb  8iy5Ee_antibody.pdb
Converting SMILES to graph: 470/500
6vmkm_antigen.pdb  6b5lHL_antibody.pdb
Converting SMILES to graph: 471/500
6vmkm_antigen.pdb  4tnvWf_antibody.pdb
Converting SMILES to graph: 472/500
6vmkm_antigen.pdb  5uweHL_antibody.pdb
Converting SMILES to graph: 473/500
6vmkm_antigen.pdb  6oyzH_antibody.pdb
Converting SMILES to graph: 474/500
6vmsAB_antigen.pdb  3gbnHL_antibody.pdb
Converting SMILES to graph: 475/500
6vmsAB_antigen.pdb  6m38HL_antibody.pdb
Converting SMILES to graph: 476/500
6vmsAB_antigen.pdb  7zxuA_antibody.pdb
Converting SMILES to graph: 477/500
6vmsAB_antigen.pdb  4lsuHL_antibody.pdb
Converting SMILES to graph: 478/500
6vmsAB_antigen.pdb  7amrHL_antibody.pdb
Converting SMILES to graph: 479/500
6vmsAB_antigen.pdb  7m42DC_antibody.pdb
Converting SMILES to graph: 480/500
6vn0FD_antigen.pdb  4xp5HL_antibody.pdb
Converting SMILES to graph: 481/500
6vn0FD_antigen.pdb  5a3iGH_antibody.pdb
Converting SMILES to graph: 482/500
6vn0FD_antigen.pdb  7wlzPO_antibody.pdb
Converting SMILES to graph: 483/500
6vn0FD_antigen.pdb  2xzqHL_antibody.pdb
Converting SMILES to graph: 484/500
6vn0FD_antigen.pdb  7pbdF_antibody.pdb
Converting SMILES to graph: 485/500
6vn0FD_antigen.pdb  6d9wHL_antibody.pdb
Converting SMILES to graph: 486/500
6vn1C_antigen.pdb  4lspHL_antibody.pdb
Converting SMILES to graph: 487/500
6vn1C_antigen.pdb  7y0nCL_antibody.pdb
Converting SMILES to graph: 488/500
6vn1C_antigen.pdb  2ez0EF_antibody.pdb
Converting SMILES to graph: 489/500
6vn1C_antigen.pdb  7st3B_antibody.pdb
Converting SMILES to graph: 490/500
6vn1C_antigen.pdb  6rcvJI_antibody.pdb
Converting SMILES to graph: 491/500
6vn1C_antigen.pdb  4rwyHL_antibody.pdb
Converting SMILES to graph: 492/500
6vn7AB_antigen.pdb  7cvsCD_antibody.pdb
Converting SMILES to graph: 493/500
6vn7AB_antigen.pdb  6banBA_antibody.pdb
Converting SMILES to graph: 494/500
6vn7AB_antigen.pdb  5w9lEF_antibody.pdb
Converting SMILES to graph: 495/500
6vn7AB_antigen.pdb  4alaHL_antibody.pdb
Converting SMILES to graph: 496/500
6vn7AB_antigen.pdb  7lddKJ_antibody.pdb
Converting SMILES to graph: 497/500
6vn7AB_antigen.pdb  7tbfHL_antibody.pdb
Converting SMILES to graph: 498/500
6vo0A_antigen.pdb  7f55N_antibody.pdb
Converting SMILES to graph: 499/500
6vo0A_antigen.pdb  7tatDE_antibody.pdb
Converting SMILES to graph: 500/500
6vo0A_antigen.pdb  6y92CD_antibody.pdb
Graph construction done. Saving to file.
