Converting SMILES to graph: 1/500
7nllD_antigen.pdb  6oy4DC_antibody.pdb
Converting SMILES to graph: 2/500
7nmuA_antigen.pdb  2hkfHL_antibody.pdb
Converting SMILES to graph: 3/500
7nmuA_antigen.pdb  7wdfDE_antibody.pdb
Converting SMILES to graph: 4/500
7nmuA_antigen.pdb  7nddFG_antibody.pdb
Converting SMILES to graph: 5/500
7nmuA_antigen.pdb  8en5E_antibody.pdb
Converting SMILES to graph: 6/500
7nmuA_antigen.pdb  7s6jCD_antibody.pdb
Converting SMILES to graph: 7/500
7nmuA_antigen.pdb  6ywdAB_antibody.pdb
Converting SMILES to graph: 8/500
7nowB_antigen.pdb  5owpHh_antibody.pdb
Converting SMILES to graph: 9/500
7nowB_antigen.pdb  7ul0HL_antibody.pdb
Converting SMILES to graph: 10/500
7nowB_antigen.pdb  6dfgHL_antibody.pdb
Converting SMILES to graph: 11/500
7nowB_antigen.pdb  8j1nB_antibody.pdb
Converting SMILES to graph: 12/500
7nowB_antigen.pdb  7xk9B_antibody.pdb
Converting SMILES to graph: 13/500
7nozDC_antigen.pdb  7xckAB_antibody.pdb
Converting SMILES to graph: 14/500
7nozDC_antigen.pdb  6axkAB_antibody.pdb
Converting SMILES to graph: 15/500
7nozDC_antigen.pdb  4krlB_antibody.pdb
Converting SMILES to graph: 16/500
7nozDC_antigen.pdb  7yc5D_antibody.pdb
Converting SMILES to graph: 17/500
7nozDC_antigen.pdb  1xgrBA_antibody.pdb
Converting SMILES to graph: 18/500
7nozDC_antigen.pdb  7aqyD_antibody.pdb
Converting SMILES to graph: 19/500
7np1B_antigen.pdb  8e99E_antibody.pdb
Converting SMILES to graph: 20/500
7np1B_antigen.pdb  4nzrHL_antibody.pdb
Converting SMILES to graph: 21/500
7np1B_antigen.pdb  6kz0HI_antibody.pdb
Converting SMILES to graph: 22/500
7np1B_antigen.pdb  7z9qD_antibody.pdb
Converting SMILES to graph: 23/500
7np1B_antigen.pdb  8ag1HL_antibody.pdb
Converting SMILES to graph: 24/500
7np1B_antigen.pdb  7ew7Ee_antibody.pdb
Converting SMILES to graph: 25/500
7nqaB_antigen.pdb  7kzzDC_antibody.pdb
Converting SMILES to graph: 26/500
7nqaB_antigen.pdb  7kjiA_antibody.pdb
Converting SMILES to graph: 27/500
7nqaB_antigen.pdb  7vujN_antibody.pdb
Converting SMILES to graph: 28/500
7nqaB_antigen.pdb  6p4bBA_antibody.pdb
Converting SMILES to graph: 29/500
7nqaB_antigen.pdb  8fmzEe_antibody.pdb
Converting SMILES to graph: 30/500
7nqaB_antigen.pdb  6udkMN_antibody.pdb
Converting SMILES to graph: 31/500
7nqkA_antigen.pdb  6wg1HL_antibody.pdb
Converting SMILES to graph: 32/500
7nqkA_antigen.pdb  1g7jBA_antibody.pdb
Converting SMILES to graph: 33/500
7nqkA_antigen.pdb  6azmBA_antibody.pdb
Converting SMILES to graph: 34/500
7nqkA_antigen.pdb  4w6xB_antibody.pdb
Converting SMILES to graph: 35/500
7nqkA_antigen.pdb  4tsaHL_antibody.pdb
Converting SMILES to graph: 36/500
7nqkA_antigen.pdb  6kpgSs_antibody.pdb
Converting SMILES to graph: 37/500
7nrhA_antigen.pdb  7tyoN_antibody.pdb
Converting SMILES to graph: 38/500
7nrhA_antigen.pdb  8i9lHh_antibody.pdb
Converting SMILES to graph: 39/500
7nrhA_antigen.pdb  7w9fAB_antibody.pdb
Converting SMILES to graph: 40/500
7nrhA_antigen.pdb  6frjHh_antibody.pdb
Converting SMILES to graph: 41/500
7nrhA_antigen.pdb  6bzvCD_antibody.pdb
Converting SMILES to graph: 42/500
7nrhA_antigen.pdb  3wheOP_antibody.pdb
Converting SMILES to graph: 43/500
7ns6J_antigen.pdb  7st5HL_antibody.pdb
Converting SMILES to graph: 44/500
7ns6J_antigen.pdb  6zdgBC_antibody.pdb
Converting SMILES to graph: 45/500
7ns6J_antigen.pdb  6x8pHL_antibody.pdb
Converting SMILES to graph: 46/500
7ns6J_antigen.pdb  8itlN_antibody.pdb
Converting SMILES to graph: 47/500
7ns6J_antigen.pdb  7x7eB_antibody.pdb
Converting SMILES to graph: 48/500
7ntcC_antigen.pdb  6xdgBD_antibody.pdb
Converting SMILES to graph: 49/500
7ntcC_antigen.pdb  5xhvHL_antibody.pdb
Converting SMILES to graph: 50/500
7ntcC_antigen.pdb  6do1E_antibody.pdb
Converting SMILES to graph: 51/500
7ntcC_antigen.pdb  6iuvCD_antibody.pdb
Converting SMILES to graph: 52/500
7ntcC_antigen.pdb  8cwvHL_antibody.pdb
Converting SMILES to graph: 53/500
7ntcC_antigen.pdb  1k4cAB_antibody.pdb
Converting SMILES to graph: 54/500
7nvle_antigen.pdb  4xnyHL_antibody.pdb
Converting SMILES to graph: 55/500
7nvle_antigen.pdb  7vgrDC_antibody.pdb
Converting SMILES to graph: 56/500
7nvle_antigen.pdb  6qv2F_antibody.pdb
Converting SMILES to graph: 57/500
7nvle_antigen.pdb  4jpwHL_antibody.pdb
Converting SMILES to graph: 58/500
7nvle_antigen.pdb  1fptHL_antibody.pdb
Converting SMILES to graph: 59/500
7nvle_antigen.pdb  5t1dHL_antibody.pdb
Converting SMILES to graph: 60/500
7nvmE_antigen.pdb  5f7lB_antibody.pdb
Converting SMILES to graph: 61/500
7nvmE_antigen.pdb  7czzIM_antibody.pdb
Converting SMILES to graph: 62/500
7nvmE_antigen.pdb  7yhkFH_antibody.pdb
Converting SMILES to graph: 63/500
7nvmE_antigen.pdb  7mzfHL_antibody.pdb
Converting SMILES to graph: 64/500
7nvmE_antigen.pdb  8u4vHL_antibody.pdb
Converting SMILES to graph: 65/500
7nvmE_antigen.pdb  5fhxH_antibody.pdb
Converting SMILES to graph: 66/500
7nvnE_antigen.pdb  1rvfHL_antibody.pdb
Converting SMILES to graph: 67/500
7nvnE_antigen.pdb  7uzdHL_antibody.pdb
Converting SMILES to graph: 68/500
7nvnE_antigen.pdb  6dc8HL_antibody.pdb
Converting SMILES to graph: 69/500
7nvnE_antigen.pdb  7nvoN_antibody.pdb
Converting SMILES to graph: 70/500
7nvnE_antigen.pdb  8fsjHL_antibody.pdb
Converting SMILES to graph: 71/500
7nvnE_antigen.pdb  7jieCD_antibody.pdb
Converting SMILES to graph: 72/500
7nvoE_antigen.pdb  6s5aHL_antibody.pdb
Converting SMILES to graph: 73/500
7nvoE_antigen.pdb  4m1dIM_antibody.pdb
Converting SMILES to graph: 74/500
7nvoE_antigen.pdb  6h6yH_antibody.pdb
Converting SMILES to graph: 75/500
7nvoE_antigen.pdb  7y58B_antibody.pdb
Converting SMILES to graph: 76/500
7nvoE_antigen.pdb  4ag4HL_antibody.pdb
Converting SMILES to graph: 77/500
7nw3A_antigen.pdb  8tp3HL_antibody.pdb
Converting SMILES to graph: 78/500
7nw3A_antigen.pdb  7mdpHI_antibody.pdb
Converting SMILES to graph: 79/500
7nw3A_antigen.pdb  7wb5HL_antibody.pdb
Converting SMILES to graph: 80/500
7nw3A_antigen.pdb  6z2lCB_antibody.pdb
Converting SMILES to graph: 81/500
7nw3A_antigen.pdb  5eoqHL_antibody.pdb
Converting SMILES to graph: 82/500
7nwlB_antigen.pdb  7k60Mm_antibody.pdb
Converting SMILES to graph: 83/500
7nwlB_antigen.pdb  6oz9HL_antibody.pdb
Converting SMILES to graph: 84/500
7nwlB_antigen.pdb  1jhlHL_antibody.pdb
Converting SMILES to graph: 85/500
7nwlB_antigen.pdb  8d8qHL_antibody.pdb
Converting SMILES to graph: 86/500
7nwlB_antigen.pdb  6xzfB_antibody.pdb
Converting SMILES to graph: 87/500
7nwlB_antigen.pdb  5vjqCD_antibody.pdb
Converting SMILES to graph: 88/500
7nx0C_antigen.pdb  7t25HL_antibody.pdb
Converting SMILES to graph: 89/500
7nx0C_antigen.pdb  7dzxHL_antibody.pdb
Converting SMILES to graph: 90/500
7nx0C_antigen.pdb  7mm0HL_antibody.pdb
Converting SMILES to graph: 91/500
7nx0C_antigen.pdb  1s78FE_antibody.pdb
Converting SMILES to graph: 92/500
7nx0C_antigen.pdb  6attHL_antibody.pdb
Converting SMILES to graph: 93/500
7nx0C_antigen.pdb  5lcvHL_antibody.pdb
Converting SMILES to graph: 94/500
7nx3A_antigen.pdb  7kyoHL_antibody.pdb
Converting SMILES to graph: 95/500
7nx3A_antigen.pdb  5ogiBb_antibody.pdb
Converting SMILES to graph: 96/500
7nx3A_antigen.pdb  7s3nHL_antibody.pdb
Converting SMILES to graph: 97/500
7nx3A_antigen.pdb  6n5dCD_antibody.pdb
Converting SMILES to graph: 98/500
7nx3A_antigen.pdb  1ct8BA_antibody.pdb
Converting SMILES to graph: 99/500
7nx3A_antigen.pdb  8fluN_antibody.pdb
Converting SMILES to graph: 100/500
7nx6E_antigen.pdb  6cw2AB_antibody.pdb
Converting SMILES to graph: 101/500
7nx6E_antigen.pdb  8jitN_antibody.pdb
Converting SMILES to graph: 102/500
7nx6E_antigen.pdb  6sndHL_antibody.pdb
Converting SMILES to graph: 103/500
7nx6E_antigen.pdb  7swnHL_antibody.pdb
Converting SMILES to graph: 104/500
7nx6E_antigen.pdb  6okmHL_antibody.pdb
Converting SMILES to graph: 105/500
7nx6E_antigen.pdb  7l0lGJ_antibody.pdb
Converting SMILES to graph: 106/500
7nx7E_antigen.pdb  6ruvR_antibody.pdb
Converting SMILES to graph: 107/500
7nx7E_antigen.pdb  7fg2D_antibody.pdb
Converting SMILES to graph: 108/500
7nx7E_antigen.pdb  6oe4EF_antibody.pdb
Converting SMILES to graph: 109/500
7nx7E_antigen.pdb  7buaHL_antibody.pdb
Converting SMILES to graph: 110/500
7nx7E_antigen.pdb  5zxvCD_antibody.pdb
Converting SMILES to graph: 111/500
7nx7E_antigen.pdb  2vdrHL_antibody.pdb
Converting SMILES to graph: 112/500
7nx8E_antigen.pdb  1hh6BA_antibody.pdb
Converting SMILES to graph: 113/500
7nx8E_antigen.pdb  7wp0HL_antibody.pdb
Converting SMILES to graph: 114/500
7nx8E_antigen.pdb  4lsrHL_antibody.pdb
Converting SMILES to graph: 115/500
7nx8E_antigen.pdb  5ggvHL_antibody.pdb
Converting SMILES to graph: 116/500
7nx8E_antigen.pdb  7l57HL_antibody.pdb
Converting SMILES to graph: 117/500
7nx8E_antigen.pdb  5u3nHL_antibody.pdb
Converting SMILES to graph: 118/500
7nx9E_antigen.pdb  4hc1MN_antibody.pdb
Converting SMILES to graph: 119/500
7nx9E_antigen.pdb  8duzAB_antibody.pdb
Converting SMILES to graph: 120/500
7nx9E_antigen.pdb  6rafC_antibody.pdb
Converting SMILES to graph: 121/500
7nx9E_antigen.pdb  7xp6N_antibody.pdb
Converting SMILES to graph: 122/500
7nx9E_antigen.pdb  7y58B_antibody.pdb
Converting SMILES to graph: 123/500
7nx9E_antigen.pdb  4ldeB_antibody.pdb
Converting SMILES to graph: 124/500
7nxaE_antigen.pdb  7bu8JK_antibody.pdb
Converting SMILES to graph: 125/500
7nxaE_antigen.pdb  4tulHL_antibody.pdb
Converting SMILES to graph: 126/500
7nxaE_antigen.pdb  6wizHL_antibody.pdb
Converting SMILES to graph: 127/500
7nxaE_antigen.pdb  4g6mHL_antibody.pdb
Converting SMILES to graph: 128/500
7nxaE_antigen.pdb  7phwEF_antibody.pdb
Converting SMILES to graph: 129/500
7nxaE_antigen.pdb  4bh7BA_antibody.pdb
Converting SMILES to graph: 130/500
7nxbE_antigen.pdb  8gnhHL_antibody.pdb
Converting SMILES to graph: 131/500
7nxbE_antigen.pdb  7evzEe_antibody.pdb
Converting SMILES to graph: 132/500
7nxbE_antigen.pdb  7cdiHL_antibody.pdb
Converting SMILES to graph: 133/500
7nxbE_antigen.pdb  6tysCD_antibody.pdb
Converting SMILES to graph: 134/500
7nxbE_antigen.pdb  7wqvBb_antibody.pdb
Converting SMILES to graph: 135/500
7nxbE_antigen.pdb  7q0hHL_antibody.pdb
Converting SMILES to graph: 136/500
7nxxA_antigen.pdb  1deeFE_antibody.pdb
Converting SMILES to graph: 137/500
7nxxA_antigen.pdb  1yqvHL_antibody.pdb
Converting SMILES to graph: 138/500
7nxxA_antigen.pdb  8iv8HL_antibody.pdb
Converting SMILES to graph: 139/500
7nxxA_antigen.pdb  7tyvHL_antibody.pdb
Converting SMILES to graph: 140/500
7nxxA_antigen.pdb  5g64IM_antibody.pdb
Converting SMILES to graph: 141/500
7nxxA_antigen.pdb  7kn7HL_antibody.pdb
Converting SMILES to graph: 142/500
7ny5G_antigen.pdb  7o52HL_antibody.pdb
Converting SMILES to graph: 143/500
7ny5G_antigen.pdb  7lm8HL_antibody.pdb
Converting SMILES to graph: 144/500
7ny5G_antigen.pdb  3ulvHL_antibody.pdb
Converting SMILES to graph: 145/500
7ny5G_antigen.pdb  8b1dB_antibody.pdb
Converting SMILES to graph: 146/500
7ny5G_antigen.pdb  7qndM_antibody.pdb
Converting SMILES to graph: 147/500
7ny5G_antigen.pdb  7daaHL_antibody.pdb
Converting SMILES to graph: 148/500
7o06C_antigen.pdb  2p49B_antibody.pdb
Converting SMILES to graph: 149/500
7o06C_antigen.pdb  7wr9AB_antibody.pdb
Converting SMILES to graph: 150/500
7o06C_antigen.pdb  6mamAB_antibody.pdb
Converting SMILES to graph: 151/500
7o06C_antigen.pdb  7om4B_antibody.pdb
Converting SMILES to graph: 152/500
7o06C_antigen.pdb  6d6tJI_antibody.pdb
Converting SMILES to graph: 153/500
7o06C_antigen.pdb  7cx3N_antibody.pdb
Converting SMILES to graph: 154/500
7o0sB_antigen.pdb  7kzzDC_antibody.pdb
Converting SMILES to graph: 155/500
7o0sB_antigen.pdb  7ri1B_antibody.pdb
Converting SMILES to graph: 156/500
7o0sB_antigen.pdb  6wn4AB_antibody.pdb
Converting SMILES to graph: 157/500
7o0sB_antigen.pdb  8bw7B_antibody.pdb
Converting SMILES to graph: 158/500
7o0sB_antigen.pdb  7sfxCD_antibody.pdb
Converting SMILES to graph: 159/500
7o0sB_antigen.pdb  2qscHL_antibody.pdb
Converting SMILES to graph: 160/500
7o2zP_antigen.pdb  3ru8HL_antibody.pdb
Converting SMILES to graph: 161/500
7o2zP_antigen.pdb  8dw3DC_antibody.pdb
Converting SMILES to graph: 162/500
7o2zP_antigen.pdb  6m58CD_antibody.pdb
Converting SMILES to graph: 163/500
7o2zP_antigen.pdb  6gs4H_antibody.pdb
Converting SMILES to graph: 164/500
7o2zP_antigen.pdb  5zs0BA_antibody.pdb
Converting SMILES to graph: 165/500
7o2zP_antigen.pdb  7mklHL_antibody.pdb
Converting SMILES to graph: 166/500
7o30Q_antigen.pdb  6o3cB_antibody.pdb
Converting SMILES to graph: 167/500
7o30Q_antigen.pdb  7bc7B_antibody.pdb
Converting SMILES to graph: 168/500
7o30Q_antigen.pdb  6xkqHL_antibody.pdb
Converting SMILES to graph: 169/500
7o30Q_antigen.pdb  6pe8HL_antibody.pdb
Converting SMILES to graph: 170/500
7o30Q_antigen.pdb  7ydmN_antibody.pdb
Converting SMILES to graph: 171/500
7o30Q_antigen.pdb  7vvjN_antibody.pdb
Converting SMILES to graph: 172/500
7o31P_antigen.pdb  6c9uHL_antibody.pdb
Converting SMILES to graph: 173/500
7o31P_antigen.pdb  4ztoHL_antibody.pdb
Converting SMILES to graph: 174/500
7o31P_antigen.pdb  7ew3Ss_antibody.pdb
Converting SMILES to graph: 175/500
7o31P_antigen.pdb  5f9dC_antibody.pdb
Converting SMILES to graph: 176/500
7o31P_antigen.pdb  7tctEF_antibody.pdb
Converting SMILES to graph: 177/500
7o31P_antigen.pdb  3egsBA_antibody.pdb
Converting SMILES to graph: 178/500
7o33P_antigen.pdb  5mjeB_antibody.pdb
Converting SMILES to graph: 179/500
7o33P_antigen.pdb  4kfzD_antibody.pdb
Converting SMILES to graph: 180/500
7o33P_antigen.pdb  5dhxBb_antibody.pdb
Converting SMILES to graph: 181/500
7o33P_antigen.pdb  7vuhN_antibody.pdb
Converting SMILES to graph: 182/500
7o33P_antigen.pdb  4uifKL_antibody.pdb
Converting SMILES to graph: 183/500
7o33P_antigen.pdb  5czvHL_antibody.pdb
Converting SMILES to graph: 184/500
7o3bG_antigen.pdb  6w2bBC_antibody.pdb
Converting SMILES to graph: 185/500
7o3bG_antigen.pdb  4r8wHL_antibody.pdb
Converting SMILES to graph: 186/500
7o3bG_antigen.pdb  7t4qJK_antibody.pdb
Converting SMILES to graph: 187/500
7o3bG_antigen.pdb  8sgjHL_antibody.pdb
Converting SMILES to graph: 188/500
7o3bG_antigen.pdb  7pa9KL_antibody.pdb
Converting SMILES to graph: 189/500
7o3bG_antigen.pdb  4u6gAB_antibody.pdb
Converting SMILES to graph: 190/500
7o52U_antigen.pdb  7zf9HL_antibody.pdb
Converting SMILES to graph: 191/500
7o52U_antigen.pdb  7wckAB_antibody.pdb
Converting SMILES to graph: 192/500
7o52U_antigen.pdb  8gnkHL_antibody.pdb
Converting SMILES to graph: 193/500
7o52U_antigen.pdb  7kduC_antibody.pdb
Converting SMILES to graph: 194/500
7o52U_antigen.pdb  8erqHL_antibody.pdb
Converting SMILES to graph: 195/500
7o52U_antigen.pdb  7n28SU_antibody.pdb
Converting SMILES to graph: 196/500
7o7fAB_antigen.pdb  7phwEF_antibody.pdb
Converting SMILES to graph: 197/500
7o7fAB_antigen.pdb  7q9fJK_antibody.pdb
Converting SMILES to graph: 198/500
7o7fAB_antigen.pdb  7jwgAB_antibody.pdb
Converting SMILES to graph: 199/500
7o7fAB_antigen.pdb  6vo3IK_antibody.pdb
Converting SMILES to graph: 200/500
7o7fAB_antigen.pdb  5nhrAB_antibody.pdb
Converting SMILES to graph: 201/500
7o7fAB_antigen.pdb  7t9bJK_antibody.pdb
Converting SMILES to graph: 202/500
7o9sA_antigen.pdb  7kqkHL_antibody.pdb
Converting SMILES to graph: 203/500
7o9sA_antigen.pdb  4r3sAB_antibody.pdb
Converting SMILES to graph: 204/500
7o9sA_antigen.pdb  6zlrHL_antibody.pdb
Converting SMILES to graph: 205/500
7o9sA_antigen.pdb  8jtdJN_antibody.pdb
Converting SMILES to graph: 206/500
7o9sA_antigen.pdb  7eh5HL_antibody.pdb
Converting SMILES to graph: 207/500
7o9sA_antigen.pdb  7e7eCD_antibody.pdb
Converting SMILES to graph: 208/500
7o9wA_antigen.pdb  8ic0Ee_antibody.pdb
Converting SMILES to graph: 209/500
7o9wA_antigen.pdb  7f46HL_antibody.pdb
Converting SMILES to graph: 210/500
7o9wA_antigen.pdb  7liaBC_antibody.pdb
Converting SMILES to graph: 211/500
7o9wA_antigen.pdb  7lsgHL_antibody.pdb
Converting SMILES to graph: 212/500
7o9wA_antigen.pdb  7wobDB_antibody.pdb
Converting SMILES to graph: 213/500
7o9wA_antigen.pdb  7ymsFE_antibody.pdb
Converting SMILES to graph: 214/500
7oanA_antigen.pdb  1mlcBA_antibody.pdb
Converting SMILES to graph: 215/500
7oanA_antigen.pdb  8dfiHL_antibody.pdb
Converting SMILES to graph: 216/500
7oanA_antigen.pdb  8hn7BA_antibody.pdb
Converting SMILES to graph: 217/500
7oanA_antigen.pdb  7x37HL_antibody.pdb
Converting SMILES to graph: 218/500
7oanA_antigen.pdb  5mu2KL_antibody.pdb
Converting SMILES to graph: 219/500
7oaoE_antigen.pdb  7xbdEe_antibody.pdb
Converting SMILES to graph: 220/500
7oaoE_antigen.pdb  2ny4DC_antibody.pdb
Converting SMILES to graph: 221/500
7oaoE_antigen.pdb  8g3qCB_antibody.pdb
Converting SMILES to graph: 222/500
7oaoE_antigen.pdb  8athEF_antibody.pdb
Converting SMILES to graph: 223/500
7oaoE_antigen.pdb  7kmkHL_antibody.pdb
Converting SMILES to graph: 224/500
7oaoE_antigen.pdb  7rxdHL_antibody.pdb
Converting SMILES to graph: 225/500
7oapE_antigen.pdb  7eo4Ee_antibody.pdb
Converting SMILES to graph: 226/500
7oapE_antigen.pdb  5i74BC_antibody.pdb
Converting SMILES to graph: 227/500
7oapE_antigen.pdb  3o45AB_antibody.pdb
Converting SMILES to graph: 228/500
7oapE_antigen.pdb  7k76HL_antibody.pdb
Converting SMILES to graph: 229/500
7oapE_antigen.pdb  2jk5AB_antibody.pdb
Converting SMILES to graph: 230/500
7oaqE_antigen.pdb  7fejHL_antibody.pdb
Converting SMILES to graph: 231/500
7oaqE_antigen.pdb  6u0lIJ_antibody.pdb
Converting SMILES to graph: 232/500
7oaqE_antigen.pdb  5f8qC_antibody.pdb
Converting SMILES to graph: 233/500
7oaqE_antigen.pdb  6txzJN_antibody.pdb
Converting SMILES to graph: 234/500
7oaqE_antigen.pdb  7kn4MN_antibody.pdb
Converting SMILES to graph: 235/500
7oaqE_antigen.pdb  6sc9B_antibody.pdb
Converting SMILES to graph: 236/500
7oauA_antigen.pdb  7m6dAB_antibody.pdb
Converting SMILES to graph: 237/500
7oauA_antigen.pdb  1jnhDC_antibody.pdb
Converting SMILES to graph: 238/500
7oauA_antigen.pdb  5kaqFG_antibody.pdb
Converting SMILES to graph: 239/500
7oauA_antigen.pdb  7d0cGF_antibody.pdb
Converting SMILES to graph: 240/500
7oauA_antigen.pdb  6b3jN_antibody.pdb
Converting SMILES to graph: 241/500
7oauA_antigen.pdb  7z3aGI_antibody.pdb
Converting SMILES to graph: 242/500
7oayK_antigen.pdb  6udaKL_antibody.pdb
Converting SMILES to graph: 243/500
7oayK_antigen.pdb  5eblAB_antibody.pdb
Converting SMILES to graph: 244/500
7oayK_antigen.pdb  7v24HL_antibody.pdb
Converting SMILES to graph: 245/500
7oayK_antigen.pdb  3jwoHL_antibody.pdb
Converting SMILES to graph: 246/500
7oayK_antigen.pdb  7kn4MN_antibody.pdb
Converting SMILES to graph: 247/500
7oayK_antigen.pdb  4belD_antibody.pdb
Converting SMILES to graph: 248/500
7ocjA_antigen.pdb  8i0qHL_antibody.pdb
Converting SMILES to graph: 249/500
7ocjA_antigen.pdb  5lhqB_antibody.pdb
Converting SMILES to graph: 250/500
7ocjA_antigen.pdb  4ztoHL_antibody.pdb
Converting SMILES to graph: 251/500
7ocjA_antigen.pdb  8gb5BC_antibody.pdb
Converting SMILES to graph: 252/500
7ocjA_antigen.pdb  5m2iJ_antibody.pdb
Converting SMILES to graph: 253/500
7ocjA_antigen.pdb  6os0D_antibody.pdb
Converting SMILES to graph: 254/500
7ocyAB_antigen.pdb  7w6pHh_antibody.pdb
Converting SMILES to graph: 255/500
7ocyAB_antigen.pdb  6fe4F_antibody.pdb
Converting SMILES to graph: 256/500
7ocyAB_antigen.pdb  7vaeHL_antibody.pdb
Converting SMILES to graph: 257/500
7ocyAB_antigen.pdb  6bkdHL_antibody.pdb
Converting SMILES to graph: 258/500
7ocyAB_antigen.pdb  7ws0GF_antibody.pdb
Converting SMILES to graph: 259/500
7ocyAB_antigen.pdb  8hr2B_antibody.pdb
Converting SMILES to graph: 260/500
7oh0A_antigen.pdb  6sv2HL_antibody.pdb
Converting SMILES to graph: 261/500
7oh0A_antigen.pdb  6xy2HL_antibody.pdb
Converting SMILES to graph: 262/500
7oh0A_antigen.pdb  7spaB_antibody.pdb
Converting SMILES to graph: 263/500
7oh0A_antigen.pdb  4oiiIM_antibody.pdb
Converting SMILES to graph: 264/500
7oh0A_antigen.pdb  1dqjBA_antibody.pdb
Converting SMILES to graph: 265/500
7oh1A_antigen.pdb  5e1hB_antibody.pdb
Converting SMILES to graph: 266/500
7oh1A_antigen.pdb  8dceHh_antibody.pdb
Converting SMILES to graph: 267/500
7oh1A_antigen.pdb  4ma8HL_antibody.pdb
Converting SMILES to graph: 268/500
7oh1A_antigen.pdb  7b09HL_antibody.pdb
Converting SMILES to graph: 269/500
7oh1A_antigen.pdb  8dwoHL_antibody.pdb
Converting SMILES to graph: 270/500
7oh1A_antigen.pdb  7wd0cd_antibody.pdb
Converting SMILES to graph: 271/500
7olyC_antigen.pdb  6pxrHL_antibody.pdb
Converting SMILES to graph: 272/500
7olyC_antigen.pdb  7t9mHL_antibody.pdb
Converting SMILES to graph: 273/500
7olyC_antigen.pdb  3o0rHL_antibody.pdb
Converting SMILES to graph: 274/500
7olyC_antigen.pdb  7u0pEF_antibody.pdb
Converting SMILES to graph: 275/500
7olyC_antigen.pdb  5f7wD_antibody.pdb
Converting SMILES to graph: 276/500
7olyC_antigen.pdb  1w72IM_antibody.pdb
Converting SMILES to graph: 277/500
7olzA_antigen.pdb  6w2bBC_antibody.pdb
Converting SMILES to graph: 278/500
7olzA_antigen.pdb  8gf2CD_antibody.pdb
Converting SMILES to graph: 279/500
7olzA_antigen.pdb  8ghvSs_antibody.pdb
Converting SMILES to graph: 280/500
7olzA_antigen.pdb  6d9wHL_antibody.pdb
Converting SMILES to graph: 281/500
7olzA_antigen.pdb  7dnhHL_antibody.pdb
Converting SMILES to graph: 282/500
7olzA_antigen.pdb  5d72MN_antibody.pdb
Converting SMILES to graph: 283/500
7om4A_antigen.pdb  8f6oAB_antibody.pdb
Converting SMILES to graph: 284/500
7om4A_antigen.pdb  7vbhN_antibody.pdb
Converting SMILES to graph: 285/500
7om4A_antigen.pdb  7quhHL_antibody.pdb
Converting SMILES to graph: 286/500
7om4A_antigen.pdb  4pp2BA_antibody.pdb
Converting SMILES to graph: 287/500
7om4A_antigen.pdb  4uifKL_antibody.pdb
Converting SMILES to graph: 288/500
7om4A_antigen.pdb  7vfbB_antibody.pdb
Converting SMILES to graph: 289/500
7ommAB_antigen.pdb  8bb7D_antibody.pdb
Converting SMILES to graph: 290/500
7ommAB_antigen.pdb  7sbuHL_antibody.pdb
Converting SMILES to graph: 291/500
7ommAB_antigen.pdb  7rgpEe_antibody.pdb
Converting SMILES to graph: 292/500
7ommAB_antigen.pdb  4xp1HL_antibody.pdb
Converting SMILES to graph: 293/500
7ommAB_antigen.pdb  8cwkHL_antibody.pdb
Converting SMILES to graph: 294/500
7ommAB_antigen.pdb  7raqHL_antibody.pdb
Converting SMILES to graph: 295/500
7or9E_antigen.pdb  7czpJN_antibody.pdb
Converting SMILES to graph: 296/500
7or9E_antigen.pdb  8hpkHL_antibody.pdb
Converting SMILES to graph: 297/500
7or9E_antigen.pdb  7d2zA_antibody.pdb
Converting SMILES to graph: 298/500
7or9E_antigen.pdb  3efdHL_antibody.pdb
Converting SMILES to graph: 299/500
7or9E_antigen.pdb  8gjeHL_antibody.pdb
Converting SMILES to graph: 300/500
7or9E_antigen.pdb  5tokF_antibody.pdb
Converting SMILES to graph: 301/500
7oraC_antigen.pdb  8e6kHL_antibody.pdb
Converting SMILES to graph: 302/500
7oraC_antigen.pdb  7vvnN_antibody.pdb
Converting SMILES to graph: 303/500
7oraC_antigen.pdb  6wizHL_antibody.pdb
Converting SMILES to graph: 304/500
7oraC_antigen.pdb  6b5mHL_antibody.pdb
Converting SMILES to graph: 305/500
7oraC_antigen.pdb  5vcoDC_antibody.pdb
Converting SMILES to graph: 306/500
7oraC_antigen.pdb  7ktxIJ_antibody.pdb
Converting SMILES to graph: 307/500
7orbX_antigen.pdb  7ejkHh_antibody.pdb
Converting SMILES to graph: 308/500
7orbX_antigen.pdb  6cdmAB_antibody.pdb
Converting SMILES to graph: 309/500
7orbX_antigen.pdb  7behHL_antibody.pdb
Converting SMILES to graph: 310/500
7orbX_antigen.pdb  8g6iCB_antibody.pdb
Converting SMILES to graph: 311/500
7orbX_antigen.pdb  7ny5IH_antibody.pdb
Converting SMILES to graph: 312/500
7orbX_antigen.pdb  7tcqHL_antibody.pdb
Converting SMILES to graph: 313/500
7ow1A_antigen.pdb  7tuyHL_antibody.pdb
Converting SMILES to graph: 314/500
7ow1A_antigen.pdb  1jttA_antibody.pdb
Converting SMILES to graph: 315/500
7ow1A_antigen.pdb  5vicHL_antibody.pdb
Converting SMILES to graph: 316/500
7ow1A_antigen.pdb  2dqhHL_antibody.pdb
Converting SMILES to graph: 317/500
7ow1A_antigen.pdb  5vtaIG_antibody.pdb
Converting SMILES to graph: 318/500
7ow1A_antigen.pdb  8ttwCD_antibody.pdb
Converting SMILES to graph: 319/500
7ox1G_antigen.pdb  8emzB_antibody.pdb
Converting SMILES to graph: 320/500
7ox1G_antigen.pdb  6urhHL_antibody.pdb
Converting SMILES to graph: 321/500
7ox1G_antigen.pdb  8e8xHL_antibody.pdb
Converting SMILES to graph: 322/500
7ox1G_antigen.pdb  7e5rLH_antibody.pdb
Converting SMILES to graph: 323/500
7ox1G_antigen.pdb  8fegFf_antibody.pdb
Converting SMILES to graph: 324/500
7ox1G_antigen.pdb  4r4hHL_antibody.pdb
Converting SMILES to graph: 325/500
7ox2T_antigen.pdb  6mtjDE_antibody.pdb
Converting SMILES to graph: 326/500
7ox2T_antigen.pdb  8spsKk_antibody.pdb
Converting SMILES to graph: 327/500
7ox2T_antigen.pdb  6csyN_antibody.pdb
Converting SMILES to graph: 328/500
7ox2T_antigen.pdb  1oazHL_antibody.pdb
Converting SMILES to graph: 329/500
7ox2T_antigen.pdb  3wxvHL_antibody.pdb
Converting SMILES to graph: 330/500
7ox2T_antigen.pdb  8hafN_antibody.pdb
Converting SMILES to graph: 331/500
7ox3C_antigen.pdb  8bvrB_antibody.pdb
Converting SMILES to graph: 332/500
7ox3C_antigen.pdb  7vihEe_antibody.pdb
Converting SMILES to graph: 333/500
7ox3C_antigen.pdb  6f7tBA_antibody.pdb
Converting SMILES to graph: 334/500
7ox3C_antigen.pdb  7xstLM_antibody.pdb
Converting SMILES to graph: 335/500
7ox3C_antigen.pdb  6nmsBA_antibody.pdb
Converting SMILES to graph: 336/500
7ox3C_antigen.pdb  4rgmHL_antibody.pdb
Converting SMILES to graph: 337/500
7ox4C_antigen.pdb  7dtyN_antibody.pdb
Converting SMILES to graph: 338/500
7ox4C_antigen.pdb  4oqtHL_antibody.pdb
Converting SMILES to graph: 339/500
7ox4C_antigen.pdb  1p2cBA_antibody.pdb
Converting SMILES to graph: 340/500
7ox4C_antigen.pdb  7dzxHL_antibody.pdb
Converting SMILES to graph: 341/500
7ox4C_antigen.pdb  7cgwAB_antibody.pdb
Converting SMILES to graph: 342/500
7ox4C_antigen.pdb  5w9iCD_antibody.pdb
Converting SMILES to graph: 343/500
7oxnA_antigen.pdb  7wu9Ss_antibody.pdb
Converting SMILES to graph: 344/500
7oxnA_antigen.pdb  6li3N_antibody.pdb
Converting SMILES to graph: 345/500
7oxnA_antigen.pdb  1kxvC_antibody.pdb
Converting SMILES to graph: 346/500
7oxnA_antigen.pdb  7xjiN_antibody.pdb
Converting SMILES to graph: 347/500
7oxnA_antigen.pdb  4lbeAB_antibody.pdb
Converting SMILES to graph: 348/500
7oxnA_antigen.pdb  5eblAB_antibody.pdb
Converting SMILES to graph: 349/500
7oztB_antigen.pdb  1n8zBA_antibody.pdb
Converting SMILES to graph: 350/500
7oztB_antigen.pdb  7na9D_antibody.pdb
Converting SMILES to graph: 351/500
7oztB_antigen.pdb  8e6kHL_antibody.pdb
Converting SMILES to graph: 352/500
7oztB_antigen.pdb  7y3jHL_antibody.pdb
Converting SMILES to graph: 353/500
7oztB_antigen.pdb  7nowA_antibody.pdb
Converting SMILES to graph: 354/500
7oztB_antigen.pdb  2h32HA_antibody.pdb
Converting SMILES to graph: 355/500
7p00ABG_antigen.pdb  7xilHL_antibody.pdb
Converting SMILES to graph: 356/500
7p00ABG_antigen.pdb  7trqHh_antibody.pdb
Converting SMILES to graph: 357/500
7p00ABG_antigen.pdb  4v1dDE_antibody.pdb
Converting SMILES to graph: 358/500
7p00ABG_antigen.pdb  7q1uB_antibody.pdb
Converting SMILES to graph: 359/500
7p00ABG_antigen.pdb  8fr6DE_antibody.pdb
Converting SMILES to graph: 360/500
7p00ABG_antigen.pdb  7cu4DE_antibody.pdb
Converting SMILES to graph: 361/500
7p02ABG_antigen.pdb  2itdAB_antibody.pdb
Converting SMILES to graph: 362/500
7p02ABG_antigen.pdb  3e8uHL_antibody.pdb
Converting SMILES to graph: 363/500
7p02ABG_antigen.pdb  5vakB_antibody.pdb
Converting SMILES to graph: 364/500
7p02ABG_antigen.pdb  4fqvJN_antibody.pdb
Converting SMILES to graph: 365/500
7p02ABG_antigen.pdb  8dg9HL_antibody.pdb
Converting SMILES to graph: 366/500
7p02ABG_antigen.pdb  8hbgE_antibody.pdb
Converting SMILES to graph: 367/500
7p14A_antigen.pdb  3ld8CB_antibody.pdb
Converting SMILES to graph: 368/500
7p14A_antigen.pdb  5gmqBC_antibody.pdb
Converting SMILES to graph: 369/500
7p14A_antigen.pdb  3v4uHL_antibody.pdb
Converting SMILES to graph: 370/500
7p14A_antigen.pdb  6knmA_antibody.pdb
Converting SMILES to graph: 371/500
7p14A_antigen.pdb  7ew4Ss_antibody.pdb
Converting SMILES to graph: 372/500
7p16A_antigen.pdb  2fecIL_antibody.pdb
Converting SMILES to graph: 373/500
7p16A_antigen.pdb  5uweHL_antibody.pdb
Converting SMILES to graph: 374/500
7p16A_antigen.pdb  8eevHL_antibody.pdb
Converting SMILES to graph: 375/500
7p16A_antigen.pdb  5o05C_antibody.pdb
Converting SMILES to graph: 376/500
7p16A_antigen.pdb  6sc6B_antibody.pdb
Converting SMILES to graph: 377/500
7p16A_antigen.pdb  6dbfB_antibody.pdb
Converting SMILES to graph: 378/500
7p2dA_antigen.pdb  7ue0EF_antibody.pdb
Converting SMILES to graph: 379/500
7p2dA_antigen.pdb  8dlyH_antibody.pdb
Converting SMILES to graph: 380/500
7p2dA_antigen.pdb  7x28CD_antibody.pdb
Converting SMILES to graph: 381/500
7p2dA_antigen.pdb  6pv8HI_antibody.pdb
Converting SMILES to graph: 382/500
7p2dA_antigen.pdb  8flqN_antibody.pdb
Converting SMILES to graph: 383/500
7p2dA_antigen.pdb  6m38HL_antibody.pdb
Converting SMILES to graph: 384/500
7p40A_antigen.pdb  7zbuHL_antibody.pdb
Converting SMILES to graph: 385/500
7p40A_antigen.pdb  7aqxC_antibody.pdb
Converting SMILES to graph: 386/500
7p40A_antigen.pdb  5wnbHL_antibody.pdb
Converting SMILES to graph: 387/500
7p40A_antigen.pdb  6p4aHL_antibody.pdb
Converting SMILES to graph: 388/500
7p40A_antigen.pdb  6mlmEI_antibody.pdb
Converting SMILES to graph: 389/500
7p40A_antigen.pdb  6i53G_antibody.pdb
Converting SMILES to graph: 390/500
7p5vA_antigen.pdb  3fb6AB_antibody.pdb
Converting SMILES to graph: 391/500
7p5vA_antigen.pdb  3mj9HL_antibody.pdb
Converting SMILES to graph: 392/500
7p5vA_antigen.pdb  6whkCB_antibody.pdb
Converting SMILES to graph: 393/500
7p5vA_antigen.pdb  7kgkB_antibody.pdb
Converting SMILES to graph: 394/500
7p5vA_antigen.pdb  7we7HL_antibody.pdb
Converting SMILES to graph: 395/500
7p5vA_antigen.pdb  7k9zHL_antibody.pdb
Converting SMILES to graph: 396/500
7p5wF_antigen.pdb  8en2C_antibody.pdb
Converting SMILES to graph: 397/500
7p5wF_antigen.pdb  7y36N_antibody.pdb
Converting SMILES to graph: 398/500
7p5wF_antigen.pdb  7xtaEe_antibody.pdb
Converting SMILES to graph: 399/500
7p5wF_antigen.pdb  5l21B_antibody.pdb
Converting SMILES to graph: 400/500
7p5wF_antigen.pdb  4bh8BA_antibody.pdb
Converting SMILES to graph: 401/500
7p5wF_antigen.pdb  7sfvMN_antibody.pdb
Converting SMILES to graph: 402/500
7p5yD_antigen.pdb  8bpkB_antibody.pdb
Converting SMILES to graph: 403/500
7p5yD_antigen.pdb  7n0hZ_antibody.pdb
Converting SMILES to graph: 404/500
7p5yD_antigen.pdb  7tyiN_antibody.pdb
Converting SMILES to graph: 405/500
7p5yD_antigen.pdb  7tm0ED_antibody.pdb
Converting SMILES to graph: 406/500
7p5yD_antigen.pdb  7upyHL_antibody.pdb
Converting SMILES to graph: 407/500
7p5yD_antigen.pdb  4xvuCD_antibody.pdb
Converting SMILES to graph: 408/500
7p60D_antigen.pdb  8sb2CD_antibody.pdb
Converting SMILES to graph: 409/500
7p60D_antigen.pdb  1op9A_antibody.pdb
Converting SMILES to graph: 410/500
7p60D_antigen.pdb  5j57B_antibody.pdb
Converting SMILES to graph: 411/500
7p60D_antigen.pdb  7mw5FG_antibody.pdb
Converting SMILES to graph: 412/500
7p60D_antigen.pdb  3l5wBA_antibody.pdb
Converting SMILES to graph: 413/500
7p60D_antigen.pdb  5n0aHL_antibody.pdb
Converting SMILES to graph: 414/500
7p6kB_antigen.pdb  6mugHL_antibody.pdb
Converting SMILES to graph: 415/500
7p6kB_antigen.pdb  7kc1HL_antibody.pdb
Converting SMILES to graph: 416/500
7p6kB_antigen.pdb  7lwdHL_antibody.pdb
Converting SMILES to graph: 417/500
7p6kB_antigen.pdb  6wf1HL_antibody.pdb
Converting SMILES to graph: 418/500
7p6kB_antigen.pdb  8jilSs_antibody.pdb
Converting SMILES to graph: 419/500
7p6kB_antigen.pdb  6ylaHL_antibody.pdb
Converting SMILES to graph: 420/500
7p77E_antigen.pdb  5b3jHL_antibody.pdb
Converting SMILES to graph: 421/500
7p77E_antigen.pdb  7l5jYX_antibody.pdb
Converting SMILES to graph: 422/500
7p77E_antigen.pdb  3zdzEF_antibody.pdb
Converting SMILES to graph: 423/500
7p77E_antigen.pdb  7zmoK_antibody.pdb
Converting SMILES to graph: 424/500
7p77E_antigen.pdb  3s35HL_antibody.pdb
Converting SMILES to graph: 425/500
7p77E_antigen.pdb  7u8mHL_antibody.pdb
Converting SMILES to graph: 426/500
7p78E_antigen.pdb  5f96HL_antibody.pdb
Converting SMILES to graph: 427/500
7p78E_antigen.pdb  6apdJL_antibody.pdb
Converting SMILES to graph: 428/500
7p78E_antigen.pdb  3v52HL_antibody.pdb
Converting SMILES to graph: 429/500
7p78E_antigen.pdb  6ztrHL_antibody.pdb
Converting SMILES to graph: 430/500
7p78E_antigen.pdb  8hk2Hh_antibody.pdb
Converting SMILES to graph: 431/500
7p78E_antigen.pdb  7pa9KL_antibody.pdb
Converting SMILES to graph: 432/500
7p79E_antigen.pdb  7x7oHL_antibody.pdb
Converting SMILES to graph: 433/500
7p79E_antigen.pdb  4liqHL_antibody.pdb
Converting SMILES to graph: 434/500
7p79E_antigen.pdb  7phpN_antibody.pdb
Converting SMILES to graph: 435/500
7p79E_antigen.pdb  8e3xN_antibody.pdb
Converting SMILES to graph: 436/500
7p79E_antigen.pdb  6nc3HL_antibody.pdb
Converting SMILES to graph: 437/500
7p7aB_antigen.pdb  7xscAB_antibody.pdb
Converting SMILES to graph: 438/500
7p7aB_antigen.pdb  1ri8A_antibody.pdb
Converting SMILES to graph: 439/500
7p7aB_antigen.pdb  7jwpKL_antibody.pdb
Converting SMILES to graph: 440/500
7p7aB_antigen.pdb  6wn1EF_antibody.pdb
Converting SMILES to graph: 441/500
7p7aB_antigen.pdb  7m1hD_antibody.pdb
Converting SMILES to graph: 442/500
7pa5A_antigen.pdb  7wr8AB_antibody.pdb
Converting SMILES to graph: 443/500
7pa5A_antigen.pdb  6h6yH_antibody.pdb
Converting SMILES to graph: 444/500
7pa5A_antigen.pdb  4x7fD_antibody.pdb
Converting SMILES to graph: 445/500
7pa5A_antigen.pdb  5c0nCD_antibody.pdb
Converting SMILES to graph: 446/500
7pa5A_antigen.pdb  8jisN_antibody.pdb
Converting SMILES to graph: 447/500
7pa5A_antigen.pdb  5fylDE_antibody.pdb
Converting SMILES to graph: 448/500
7pa6A_antigen.pdb  4lajM_antibody.pdb
Converting SMILES to graph: 449/500
7pa6A_antigen.pdb  6s0yA_antibody.pdb
Converting SMILES to graph: 450/500
7pa6A_antigen.pdb  5xs7HL_antibody.pdb
Converting SMILES to graph: 451/500
7pa6A_antigen.pdb  5a2iHh_antibody.pdb
Converting SMILES to graph: 452/500
7pa6A_antigen.pdb  6mugHL_antibody.pdb
Converting SMILES to graph: 453/500
7pa6A_antigen.pdb  6n5dCD_antibody.pdb
Converting SMILES to graph: 454/500
7pa8E_antigen.pdb  2h1pHL_antibody.pdb
Converting SMILES to graph: 455/500
7pa8E_antigen.pdb  8crbAB_antibody.pdb
Converting SMILES to graph: 456/500
7pa8E_antigen.pdb  7bejHL_antibody.pdb
Converting SMILES to graph: 457/500
7pa8E_antigen.pdb  5j57B_antibody.pdb
Converting SMILES to graph: 458/500
7pa8E_antigen.pdb  5bo1IM_antibody.pdb
Converting SMILES to graph: 459/500
7pa8E_antigen.pdb  6nyqHL_antibody.pdb
Converting SMILES to graph: 460/500
7pa9D_antigen.pdb  6de7DE_antibody.pdb
Converting SMILES to graph: 461/500
7pa9D_antigen.pdb  7v61IM_antibody.pdb
Converting SMILES to graph: 462/500
7pa9D_antigen.pdb  4n9gMN_antibody.pdb
Converting SMILES to graph: 463/500
7pa9D_antigen.pdb  2nljBA_antibody.pdb
Converting SMILES to graph: 464/500
7pa9D_antigen.pdb  6mjzHL_antibody.pdb
Converting SMILES to graph: 465/500
7pa9D_antigen.pdb  8cybD_antibody.pdb
Converting SMILES to graph: 466/500
7paaF_antigen.pdb  2aeqHL_antibody.pdb
Converting SMILES to graph: 467/500
7paaF_antigen.pdb  7k76HL_antibody.pdb
Converting SMILES to graph: 468/500
7paaF_antigen.pdb  7sszE_antibody.pdb
Converting SMILES to graph: 469/500
7paaF_antigen.pdb  7q0hHL_antibody.pdb
Converting SMILES to graph: 470/500
7paaF_antigen.pdb  7r8uHL_antibody.pdb
Converting SMILES to graph: 471/500
7paaF_antigen.pdb  8evhMm_antibody.pdb
Converting SMILES to graph: 472/500
7pafD_antigen.pdb  7t3dOQ_antibody.pdb
Converting SMILES to graph: 473/500
7pafD_antigen.pdb  4hpyHL_antibody.pdb
Converting SMILES to graph: 474/500
7pafD_antigen.pdb  4r4nFG_antibody.pdb
Converting SMILES to graph: 475/500
7pafD_antigen.pdb  1kcrHL_antibody.pdb
Converting SMILES to graph: 476/500
7pafD_antigen.pdb  6o9hAB_antibody.pdb
Converting SMILES to graph: 477/500
7pafD_antigen.pdb  4oqtHL_antibody.pdb
Converting SMILES to graph: 478/500
7pbdCB_antigen.pdb  6sndHL_antibody.pdb
Converting SMILES to graph: 479/500
7pbdCB_antigen.pdb  7nk8F_antibody.pdb
Converting SMILES to graph: 480/500
7pbdCB_antigen.pdb  7v05Aa_antibody.pdb
Converting SMILES to graph: 481/500
7pbdCB_antigen.pdb  7qbfB_antibody.pdb
Converting SMILES to graph: 482/500
7pbdCB_antigen.pdb  4u6vHL_antibody.pdb
Converting SMILES to graph: 483/500
7pbdCB_antigen.pdb  7yonSs_antibody.pdb
Converting SMILES to graph: 484/500
7pbzCB_antigen.pdb  1n8zBA_antibody.pdb
Converting SMILES to graph: 485/500
7pbzCB_antigen.pdb  6ir2B_antibody.pdb
Converting SMILES to graph: 486/500
7pbzCB_antigen.pdb  3t2nHL_antibody.pdb
Converting SMILES to graph: 487/500
7pbzCB_antigen.pdb  4bh8BA_antibody.pdb
Converting SMILES to graph: 488/500
7pbzCB_antigen.pdb  6mcoDE_antibody.pdb
Converting SMILES to graph: 489/500
7pbzCB_antigen.pdb  4tscHL_antibody.pdb
Converting SMILES to graph: 490/500
7pc0CB_antigen.pdb  4am0CD_antibody.pdb
Converting SMILES to graph: 491/500
7pc0CB_antigen.pdb  8wsqAB_antibody.pdb
Converting SMILES to graph: 492/500
7pc0CB_antigen.pdb  5i74BC_antibody.pdb
Converting SMILES to graph: 493/500
7pc0CB_antigen.pdb  7semBC_antibody.pdb
Converting SMILES to graph: 494/500
7pc0CB_antigen.pdb  3qumBA_antibody.pdb
Converting SMILES to graph: 495/500
7pc0CB_antigen.pdb  7yzjHL_antibody.pdb
Converting SMILES to graph: 496/500
7pc2C_antigen.pdb  7dzyOP_antibody.pdb
Converting SMILES to graph: 497/500
7pc2C_antigen.pdb  7xdlED_antibody.pdb
Converting SMILES to graph: 498/500
7pc2C_antigen.pdb  7xh8BC_antibody.pdb
Converting SMILES to graph: 499/500
7pc2C_antigen.pdb  7s6lHL_antibody.pdb
Converting SMILES to graph: 500/500
7pc2C_antigen.pdb  7f55N_antibody.pdb
Graph construction done. Saving to file.
