Converting SMILES to graph: 1/108
8u26AB_antigen.pdb  1cftBA_antibody.pdb
Converting SMILES to graph: 2/108
8u26AB_antigen.pdb  7kjhB_antibody.pdb
Converting SMILES to graph: 3/108
8u2cB_antigen.pdb  6ujcEF_antibody.pdb
Converting SMILES to graph: 4/108
8u2cB_antigen.pdb  7pqyHL_antibody.pdb
Converting SMILES to graph: 5/108
8u2cB_antigen.pdb  8j18Ss_antibody.pdb
Converting SMILES to graph: 6/108
8u2cB_antigen.pdb  7rlxAB_antibody.pdb
Converting SMILES to graph: 7/108
8u2cB_antigen.pdb  6ayzBD_antibody.pdb
Converting SMILES to graph: 8/108
8u2cB_antigen.pdb  7sd5HL_antibody.pdb
Converting SMILES to graph: 9/108
8u4vAB_antigen.pdb  5v6mHL_antibody.pdb
Converting SMILES to graph: 10/108
8u4vAB_antigen.pdb  2fedCD_antibody.pdb
Converting SMILES to graph: 11/108
8u4vAB_antigen.pdb  1fe8HL_antibody.pdb
Converting SMILES to graph: 12/108
8u4vAB_antigen.pdb  7zwmBC_antibody.pdb
Converting SMILES to graph: 13/108
8u4vAB_antigen.pdb  8dphEe_antibody.pdb
Converting SMILES to graph: 14/108
8u4vAB_antigen.pdb  2hlfEF_antibody.pdb
Converting SMILES to graph: 15/108
8u5bAB_antigen.pdb  7ndaHL_antibody.pdb
Converting SMILES to graph: 16/108
8u5bAB_antigen.pdb  7wjzAC_antibody.pdb
Converting SMILES to graph: 17/108
8u5bAB_antigen.pdb  3b2uFG_antibody.pdb
Converting SMILES to graph: 18/108
8u5bAB_antigen.pdb  2fecIL_antibody.pdb
Converting SMILES to graph: 19/108
8u5bAB_antigen.pdb  7kewGJ_antibody.pdb
Converting SMILES to graph: 20/108
8ucdCAB_antigen.pdb  7ljcN_antibody.pdb
Converting SMILES to graph: 21/108
8ucdCAB_antigen.pdb  2r0zHL_antibody.pdb
Converting SMILES to graph: 22/108
8ucdCAB_antigen.pdb  8emzB_antibody.pdb
Converting SMILES to graph: 23/108
8ucdCAB_antigen.pdb  1ncaHL_antibody.pdb
Converting SMILES to graph: 24/108
8ucdCAB_antigen.pdb  7semBC_antibody.pdb
Converting SMILES to graph: 25/108
8ucdCAB_antigen.pdb  6mqsCD_antibody.pdb
Converting SMILES to graph: 26/108
8udgA_antigen.pdb  7lr3AB_antibody.pdb
Converting SMILES to graph: 27/108
8udgA_antigen.pdb  2igfHL_antibody.pdb
Converting SMILES to graph: 28/108
8udgA_antigen.pdb  7mfuB_antibody.pdb
Converting SMILES to graph: 29/108
8udgA_antigen.pdb  8euqCD_antibody.pdb
Converting SMILES to graph: 30/108
8udgA_antigen.pdb  7my3E_antibody.pdb
Converting SMILES to graph: 31/108
8udgA_antigen.pdb  8k2wN_antibody.pdb
Converting SMILES to graph: 32/108
8w83DC_antigen.pdb  1r3jBA_antibody.pdb
Converting SMILES to graph: 33/108
8w83DC_antigen.pdb  8p8jFE_antibody.pdb
Converting SMILES to graph: 34/108
8w83DC_antigen.pdb  8tp2HL_antibody.pdb
Converting SMILES to graph: 35/108
8w83DC_antigen.pdb  7woqDd_antibody.pdb
Converting SMILES to graph: 36/108
8w83DC_antigen.pdb  7yadAB_antibody.pdb
Converting SMILES to graph: 37/108
8w83DC_antigen.pdb  7wi0CE_antibody.pdb
Converting SMILES to graph: 38/108
8w84DC_antigen.pdb  3baeHL_antibody.pdb
Converting SMILES to graph: 39/108
8w84DC_antigen.pdb  4jb9HL_antibody.pdb
Converting SMILES to graph: 40/108
8w84DC_antigen.pdb  2b4cHL_antibody.pdb
Converting SMILES to graph: 41/108
8w84DC_antigen.pdb  5npjAa_antibody.pdb
Converting SMILES to graph: 42/108
8w84DC_antigen.pdb  7a65CB_antibody.pdb
Converting SMILES to graph: 43/108
8w84DC_antigen.pdb  5hvfB_antibody.pdb
Converting SMILES to graph: 44/108
8w85CD_antigen.pdb  6txzJN_antibody.pdb
Converting SMILES to graph: 45/108
8w85CD_antigen.pdb  7mxpHL_antibody.pdb
Converting SMILES to graph: 46/108
8w85CD_antigen.pdb  7ew7Ee_antibody.pdb
Converting SMILES to graph: 47/108
8w85CD_antigen.pdb  6lfoSs_antibody.pdb
Converting SMILES to graph: 48/108
8w85CD_antigen.pdb  6rqmB_antibody.pdb
Converting SMILES to graph: 49/108
8w85CD_antigen.pdb  7t6bEe_antibody.pdb
Converting SMILES to graph: 50/108
8w86CD_antigen.pdb  7o06A_antibody.pdb
Converting SMILES to graph: 51/108
8w86CD_antigen.pdb  4xwgHL_antibody.pdb
Converting SMILES to graph: 52/108
8w86CD_antigen.pdb  5nj6HL_antibody.pdb
Converting SMILES to graph: 53/108
8w86CD_antigen.pdb  5f9dC_antibody.pdb
Converting SMILES to graph: 54/108
8w86CD_antigen.pdb  4w6wB_antibody.pdb
Converting SMILES to graph: 55/108
8w87AB_antigen.pdb  4jqiHL_antibody.pdb
Converting SMILES to graph: 56/108
8w87AB_antigen.pdb  7wp0HL_antibody.pdb
Converting SMILES to graph: 57/108
8w87AB_antigen.pdb  7d5qD_antibody.pdb
Converting SMILES to graph: 58/108
8w87AB_antigen.pdb  6nb4HL_antibody.pdb
Converting SMILES to graph: 59/108
8w87AB_antigen.pdb  7teqHL_antibody.pdb
Converting SMILES to graph: 60/108
8w87AB_antigen.pdb  7y71OP_antibody.pdb
Converting SMILES to graph: 61/108
8w88AB_antigen.pdb  2oqjED_antibody.pdb
Converting SMILES to graph: 62/108
8w88AB_antigen.pdb  8jiqN_antibody.pdb
Converting SMILES to graph: 63/108
8w88AB_antigen.pdb  7b09HL_antibody.pdb
Converting SMILES to graph: 64/108
8w88AB_antigen.pdb  2p7tAB_antibody.pdb
Converting SMILES to graph: 65/108
8w88AB_antigen.pdb  7lfaHL_antibody.pdb
Converting SMILES to graph: 66/108
8w88AB_antigen.pdb  7jixHL_antibody.pdb
Converting SMILES to graph: 67/108
8w89AB_antigen.pdb  6ni2HL_antibody.pdb
Converting SMILES to graph: 68/108
8w89AB_antigen.pdb  6ch9QR_antibody.pdb
Converting SMILES to graph: 69/108
8w89AB_antigen.pdb  7lezRP_antibody.pdb
Converting SMILES to graph: 70/108
8w89AB_antigen.pdb  6icfHL_antibody.pdb
Converting SMILES to graph: 71/108
8w89AB_antigen.pdb  5kvdHL_antibody.pdb
Converting SMILES to graph: 72/108
8w89AB_antigen.pdb  7lm9HL_antibody.pdb
Converting SMILES to graph: 73/108
8w8aAB_antigen.pdb  5t33HL_antibody.pdb
Converting SMILES to graph: 74/108
8w8aAB_antigen.pdb  1u8mBA_antibody.pdb
Converting SMILES to graph: 75/108
8w8aAB_antigen.pdb  7c6aHL_antibody.pdb
Converting SMILES to graph: 76/108
8w8aAB_antigen.pdb  7v64BA_antibody.pdb
Converting SMILES to graph: 77/108
8w8aAB_antigen.pdb  7sobGI_antibody.pdb
Converting SMILES to graph: 78/108
8w8aAB_antigen.pdb  5ja8D_antibody.pdb
Converting SMILES to graph: 79/108
8w8bAB_antigen.pdb  7wbzHL_antibody.pdb
Converting SMILES to graph: 80/108
8w8bAB_antigen.pdb  6oz4HL_antibody.pdb
Converting SMILES to graph: 81/108
8w8bAB_antigen.pdb  7kfxHL_antibody.pdb
Converting SMILES to graph: 82/108
8w8bAB_antigen.pdb  6q20HL_antibody.pdb
Converting SMILES to graph: 83/108
8w8bAB_antigen.pdb  6bpeEF_antibody.pdb
Converting SMILES to graph: 84/108
8w8bAB_antigen.pdb  3v7aEH_antibody.pdb
Converting SMILES to graph: 85/108
8wpuGC_antigen.pdb  7sbzAB_antibody.pdb
Converting SMILES to graph: 86/108
8wpuGC_antigen.pdb  7a5vO_antibody.pdb
Converting SMILES to graph: 87/108
8wpuGC_antigen.pdb  3ezjB_antibody.pdb
Converting SMILES to graph: 88/108
8wpuGC_antigen.pdb  5wt9HL_antibody.pdb
Converting SMILES to graph: 89/108
8wpuGC_antigen.pdb  6wdsHL_antibody.pdb
Converting SMILES to graph: 90/108
8wpuGC_antigen.pdb  8en5E_antibody.pdb
Converting SMILES to graph: 91/108
8wrbAB_antigen.pdb  4kvnHL_antibody.pdb
Converting SMILES to graph: 92/108
8wrbAB_antigen.pdb  4mxvHL_antibody.pdb
Converting SMILES to graph: 93/108
8wrbAB_antigen.pdb  7czyHK_antibody.pdb
Converting SMILES to graph: 94/108
8wrbAB_antigen.pdb  4lsvHL_antibody.pdb
Converting SMILES to graph: 95/108
8wrbAB_antigen.pdb  6ii9PQ_antibody.pdb
Converting SMILES to graph: 96/108
8wrbAB_antigen.pdb  8g3rCB_antibody.pdb
Converting SMILES to graph: 97/108
8wsqF_antigen.pdb  7zfaMN_antibody.pdb
Converting SMILES to graph: 98/108
8wsqF_antigen.pdb  7x28CD_antibody.pdb
Converting SMILES to graph: 99/108
8wsqF_antigen.pdb  7u9wHh_antibody.pdb
Converting SMILES to graph: 100/108
8wsqF_antigen.pdb  7n9tD_antibody.pdb
Converting SMILES to graph: 101/108
8wsqF_antigen.pdb  5myxBA_antibody.pdb
Converting SMILES to graph: 102/108
8wsqF_antigen.pdb  5c0rHL_antibody.pdb
Converting SMILES to graph: 103/108
8x0tA_antigen.pdb  6u51A_antibody.pdb
Converting SMILES to graph: 104/108
8x0tA_antigen.pdb  8av9HL_antibody.pdb
Converting SMILES to graph: 105/108
8x0tA_antigen.pdb  7umnHL_antibody.pdb
Converting SMILES to graph: 106/108
8x0tA_antigen.pdb  6x8qHL_antibody.pdb
Converting SMILES to graph: 107/108
8x0tA_antigen.pdb  8w86AB_antibody.pdb
Converting SMILES to graph: 108/108
8x0tA_antigen.pdb  7o30BA_antibody.pdb
Graph construction done. Saving to file.
