Converting SMILES to graph: 1/500
6wozD_antigen.pdb  6nmrAB_antibody.pdb
Converting SMILES to graph: 2/500
6wozD_antigen.pdb  7phpN_antibody.pdb
Converting SMILES to graph: 3/500
6wozD_antigen.pdb  1u8qBA_antibody.pdb
Converting SMILES to graph: 4/500
6wozD_antigen.pdb  4rwyHL_antibody.pdb
Converting SMILES to graph: 5/500
6wozD_antigen.pdb  8cy9D_antibody.pdb
Converting SMILES to graph: 6/500
6wozD_antigen.pdb  7wslHL_antibody.pdb
Converting SMILES to graph: 7/500
6wpsE_antigen.pdb  7r40DF_antibody.pdb
Converting SMILES to graph: 8/500
6wpsE_antigen.pdb  8ct6HL_antibody.pdb
Converting SMILES to graph: 9/500
6wpsE_antigen.pdb  4z7qHL_antibody.pdb
Converting SMILES to graph: 10/500
6wpsE_antigen.pdb  8ihfSs_antibody.pdb
Converting SMILES to graph: 11/500
6wpsE_antigen.pdb  8f9vAB_antibody.pdb
Converting SMILES to graph: 12/500
6wptC_antigen.pdb  7mlzHL_antibody.pdb
Converting SMILES to graph: 13/500
6wptC_antigen.pdb  5vphDC_antibody.pdb
Converting SMILES to graph: 14/500
6wptC_antigen.pdb  7tpdEF_antibody.pdb
Converting SMILES to graph: 15/500
6wptC_antigen.pdb  1nbyBA_antibody.pdb
Converting SMILES to graph: 16/500
6wptC_antigen.pdb  7k39JI_antibody.pdb
Converting SMILES to graph: 17/500
6wptC_antigen.pdb  7o3bA_antibody.pdb
Converting SMILES to graph: 18/500
6wpwCDG_antigen.pdb  7woqDd_antibody.pdb
Converting SMILES to graph: 19/500
6wpwCDG_antigen.pdb  8hnkSs_antibody.pdb
Converting SMILES to graph: 20/500
6wpwCDG_antigen.pdb  6mamAB_antibody.pdb
Converting SMILES to graph: 21/500
6wpwCDG_antigen.pdb  5gzoCD_antibody.pdb
Converting SMILES to graph: 22/500
6wpwCDG_antigen.pdb  6t9eAB_antibody.pdb
Converting SMILES to graph: 23/500
6wpwCDG_antigen.pdb  5cjqHL_antibody.pdb
Converting SMILES to graph: 24/500
6wqoA_antigen.pdb  6h7jC_antibody.pdb
Converting SMILES to graph: 25/500
6wqoA_antigen.pdb  2ybrAB_antibody.pdb
Converting SMILES to graph: 26/500
6wqoA_antigen.pdb  6vmsEe_antibody.pdb
Converting SMILES to graph: 27/500
6wqoA_antigen.pdb  6cwtCD_antibody.pdb
Converting SMILES to graph: 28/500
6wqoA_antigen.pdb  8dtrAB_antibody.pdb
Converting SMILES to graph: 29/500
6wqoA_antigen.pdb  7uaqHL_antibody.pdb
Converting SMILES to graph: 30/500
6ws6A_antigen.pdb  7ykjAD_antibody.pdb
Converting SMILES to graph: 31/500
6ws6A_antigen.pdb  4aeiHL_antibody.pdb
Converting SMILES to graph: 32/500
6ws6A_antigen.pdb  7m52HL_antibody.pdb
Converting SMILES to graph: 33/500
6ws6A_antigen.pdb  6b3mCD_antibody.pdb
Converting SMILES to graph: 34/500
6ws6A_antigen.pdb  2vxqHL_antibody.pdb
Converting SMILES to graph: 35/500
6ws6A_antigen.pdb  6vlwHL_antibody.pdb
Converting SMILES to graph: 36/500
6wtuG_antigen.pdb  6n5bHL_antibody.pdb
Converting SMILES to graph: 37/500
6wtuG_antigen.pdb  7sajB_antibody.pdb
Converting SMILES to graph: 38/500
6wtuG_antigen.pdb  4qkxB_antibody.pdb
Converting SMILES to graph: 39/500
6wtuG_antigen.pdb  5tsj1_antibody.pdb
Converting SMILES to graph: 40/500
6wtuG_antigen.pdb  7dk6ab_antibody.pdb
Converting SMILES to graph: 41/500
6wtuG_antigen.pdb  7d00JN_antibody.pdb
Converting SMILES to graph: 42/500
6wtvG_antigen.pdb  1i9rKM_antibody.pdb
Converting SMILES to graph: 43/500
6wtvG_antigen.pdb  7cjfAB_antibody.pdb
Converting SMILES to graph: 44/500
6wtvG_antigen.pdb  5vakB_antibody.pdb
Converting SMILES to graph: 45/500
6wtvG_antigen.pdb  1ri8A_antibody.pdb
Converting SMILES to graph: 46/500
6wtvG_antigen.pdb  7l7eTU_antibody.pdb
Converting SMILES to graph: 47/500
6wtvG_antigen.pdb  8p8jFE_antibody.pdb
Converting SMILES to graph: 48/500
6wtyG_antigen.pdb  6p95DE_antibody.pdb
Converting SMILES to graph: 49/500
6wtyG_antigen.pdb  6ii4HL_antibody.pdb
Converting SMILES to graph: 50/500
6wtyG_antigen.pdb  7x49HL_antibody.pdb
Converting SMILES to graph: 51/500
6wtyG_antigen.pdb  5vicHL_antibody.pdb
Converting SMILES to graph: 52/500
6wtyG_antigen.pdb  3etbIi_antibody.pdb
Converting SMILES to graph: 53/500
6wtyG_antigen.pdb  8dzpEe_antibody.pdb
Converting SMILES to graph: 54/500
6wvzM_antigen.pdb  6wh9EF_antibody.pdb
Converting SMILES to graph: 55/500
6wvzM_antigen.pdb  7n8qHL_antibody.pdb
Converting SMILES to graph: 56/500
6wvzM_antigen.pdb  5b8cBA_antibody.pdb
Converting SMILES to graph: 57/500
6wvzM_antigen.pdb  1u8hBA_antibody.pdb
Converting SMILES to graph: 58/500
6wvzM_antigen.pdb  4jr9HL_antibody.pdb
Converting SMILES to graph: 59/500
6wvzM_antigen.pdb  8e9yEe_antibody.pdb
Converting SMILES to graph: 60/500
6ww2R_antigen.pdb  7mw6DE_antibody.pdb
Converting SMILES to graph: 61/500
6ww2R_antigen.pdb  6uunN_antibody.pdb
Converting SMILES to graph: 62/500
6ww2R_antigen.pdb  3lohAB_antibody.pdb
Converting SMILES to graph: 63/500
6ww2R_antigen.pdb  1tqbBC_antibody.pdb
Converting SMILES to graph: 64/500
6ww2R_antigen.pdb  8kh4E_antibody.pdb
Converting SMILES to graph: 65/500
6ww2R_antigen.pdb  5mjeB_antibody.pdb
Converting SMILES to graph: 66/500
6ww5A_antigen.pdb  6x3xJI_antibody.pdb
Converting SMILES to graph: 67/500
6ww5A_antigen.pdb  8dz3HL_antibody.pdb
Converting SMILES to graph: 68/500
6ww5A_antigen.pdb  6baeBA_antibody.pdb
Converting SMILES to graph: 69/500
6ww5A_antigen.pdb  8e8zHL_antibody.pdb
Converting SMILES to graph: 70/500
6ww5A_antigen.pdb  7mjtAB_antibody.pdb
Converting SMILES to graph: 71/500
6ww5A_antigen.pdb  8fx5Hh_antibody.pdb
Converting SMILES to graph: 72/500
6wwcF_antigen.pdb  6o2bOP_antibody.pdb
Converting SMILES to graph: 73/500
6wwcF_antigen.pdb  8eflEe_antibody.pdb
Converting SMILES to graph: 74/500
6wwcF_antigen.pdb  6nb6IM_antibody.pdb
Converting SMILES to graph: 75/500
6wwcF_antigen.pdb  8fa9HL_antibody.pdb
Converting SMILES to graph: 76/500
6wwcF_antigen.pdb  8ef6Ee_antibody.pdb
Converting SMILES to graph: 77/500
6wwcF_antigen.pdb  8aflD_antibody.pdb
Converting SMILES to graph: 78/500
6wwzAB_antigen.pdb  7t90Ee_antibody.pdb
Converting SMILES to graph: 79/500
6wwzAB_antigen.pdb  7up9HL_antibody.pdb
Converting SMILES to graph: 80/500
6wwzAB_antigen.pdb  7ws4IH_antibody.pdb
Converting SMILES to graph: 81/500
6wwzAB_antigen.pdb  7klcHL_antibody.pdb
Converting SMILES to graph: 82/500
6wwzAB_antigen.pdb  7c2tKL_antibody.pdb
Converting SMILES to graph: 83/500
6wwzAB_antigen.pdb  7nvoN_antibody.pdb
Converting SMILES to graph: 84/500
6wx2C_antigen.pdb  3eobHL_antibody.pdb
Converting SMILES to graph: 85/500
6wx2C_antigen.pdb  8hj0N_antibody.pdb
Converting SMILES to graph: 86/500
6wx2C_antigen.pdb  7mw4FG_antibody.pdb
Converting SMILES to graph: 87/500
6wx2C_antigen.pdb  7ecyEF_antibody.pdb
Converting SMILES to graph: 88/500
6wx2C_antigen.pdb  7kraIJ_antibody.pdb
Converting SMILES to graph: 89/500
6wx2C_antigen.pdb  8hhxFG_antibody.pdb
Converting SMILES to graph: 90/500
6wxlIG_antigen.pdb  7sjsHL_antibody.pdb
Converting SMILES to graph: 91/500
6wxlIG_antigen.pdb  5j9pAB_antibody.pdb
Converting SMILES to graph: 92/500
6wxlIG_antigen.pdb  8fasAB_antibody.pdb
Converting SMILES to graph: 93/500
6wxlIG_antigen.pdb  3idjBA_antibody.pdb
Converting SMILES to graph: 94/500
6wxlIG_antigen.pdb  4g7vHL_antibody.pdb
Converting SMILES to graph: 95/500
6wxlIG_antigen.pdb  6mvlHL_antibody.pdb
Converting SMILES to graph: 96/500
6wzgABG_antigen.pdb  6a0zHL_antibody.pdb
Converting SMILES to graph: 97/500
6wzgABG_antigen.pdb  6ru5C_antibody.pdb
Converting SMILES to graph: 98/500
6wzgABG_antigen.pdb  8h00ED_antibody.pdb
Converting SMILES to graph: 99/500
6wzgABG_antigen.pdb  8j19Ss_antibody.pdb
Converting SMILES to graph: 100/500
6wzgABG_antigen.pdb  8iumEe_antibody.pdb
Converting SMILES to graph: 101/500
6wzjF_antigen.pdb  6de7DE_antibody.pdb
Converting SMILES to graph: 102/500
6wzjF_antigen.pdb  5y80B_antibody.pdb
Converting SMILES to graph: 103/500
6wzjF_antigen.pdb  7ul1HL_antibody.pdb
Converting SMILES to graph: 104/500
6wzjF_antigen.pdb  5guxHL_antibody.pdb
Converting SMILES to graph: 105/500
6wzjF_antigen.pdb  8dm3HL_antibody.pdb
Converting SMILES to graph: 106/500
6wzjF_antigen.pdb  6b5sHL_antibody.pdb
Converting SMILES to graph: 107/500
6wzkE_antigen.pdb  4d9qED_antibody.pdb
Converting SMILES to graph: 108/500
6wzkE_antigen.pdb  6dkjHL_antibody.pdb
Converting SMILES to graph: 109/500
6wzkE_antigen.pdb  8j7tEC_antibody.pdb
Converting SMILES to graph: 110/500
6wzkE_antigen.pdb  3jwdPO_antibody.pdb
Converting SMILES to graph: 111/500
6wzkE_antigen.pdb  3wfcHL_antibody.pdb
Converting SMILES to graph: 112/500
6wzkE_antigen.pdb  8dxtHL_antibody.pdb
Converting SMILES to graph: 113/500
6wzlF_antigen.pdb  7cfnN_antibody.pdb
Converting SMILES to graph: 114/500
6wzlF_antigen.pdb  4ojfHL_antibody.pdb
Converting SMILES to graph: 115/500
6wzlF_antigen.pdb  7pbzF_antibody.pdb
Converting SMILES to graph: 116/500
6wzlF_antigen.pdb  7t8wHL_antibody.pdb
Converting SMILES to graph: 117/500
6wzlF_antigen.pdb  1mvuBA_antibody.pdb
Converting SMILES to graph: 118/500
6wzlF_antigen.pdb  7q3rF_antibody.pdb
Converting SMILES to graph: 119/500
6wzmF_antigen.pdb  2i5yRQ_antibody.pdb
Converting SMILES to graph: 120/500
6wzmF_antigen.pdb  6qtlB_antibody.pdb
Converting SMILES to graph: 121/500
6wzmF_antigen.pdb  7d30A_antibody.pdb
Converting SMILES to graph: 122/500
6wzmF_antigen.pdb  7dkjCD_antibody.pdb
Converting SMILES to graph: 123/500
6wzmF_antigen.pdb  4i0cD_antibody.pdb
Converting SMILES to graph: 124/500
6wzmF_antigen.pdb  4mqsB_antibody.pdb
Converting SMILES to graph: 125/500
6wztA_antigen.pdb  7x6aHL_antibody.pdb
Converting SMILES to graph: 126/500
6wztA_antigen.pdb  7oztA_antibody.pdb
Converting SMILES to graph: 127/500
6wztA_antigen.pdb  7k7rED_antibody.pdb
Converting SMILES to graph: 128/500
6wztA_antigen.pdb  7sd3GH_antibody.pdb
Converting SMILES to graph: 129/500
6wztA_antigen.pdb  5m95B_antibody.pdb
Converting SMILES to graph: 130/500
6wztA_antigen.pdb  8ahlE_antibody.pdb
Converting SMILES to graph: 131/500
6x04I_antigen.pdb  5jdsB_antibody.pdb
Converting SMILES to graph: 132/500
6x04I_antigen.pdb  6gk4E_antibody.pdb
Converting SMILES to graph: 133/500
6x04I_antigen.pdb  3u9pHL_antibody.pdb
Converting SMILES to graph: 134/500
6x04I_antigen.pdb  6qgyB_antibody.pdb
Converting SMILES to graph: 135/500
6x04I_antigen.pdb  5eblAB_antibody.pdb
Converting SMILES to graph: 136/500
6x04I_antigen.pdb  7s2sC_antibody.pdb
Converting SMILES to graph: 137/500
6x05A_antigen.pdb  3g6jHG_antibody.pdb
Converting SMILES to graph: 138/500
6x05A_antigen.pdb  4lsuHL_antibody.pdb
Converting SMILES to graph: 139/500
6x05A_antigen.pdb  6ye3DE_antibody.pdb
Converting SMILES to graph: 140/500
6x05A_antigen.pdb  8fr6DE_antibody.pdb
Converting SMILES to graph: 141/500
6x05A_antigen.pdb  7xs8AL_antibody.pdb
Converting SMILES to graph: 142/500
6x05A_antigen.pdb  1jnhDC_antibody.pdb
Converting SMILES to graph: 143/500
6x06A_antigen.pdb  7mxlJK_antibody.pdb
Converting SMILES to graph: 144/500
6x06A_antigen.pdb  7behHL_antibody.pdb
Converting SMILES to graph: 145/500
6x06A_antigen.pdb  7dh5N_antibody.pdb
Converting SMILES to graph: 146/500
6x06A_antigen.pdb  4nbzD_antibody.pdb
Converting SMILES to graph: 147/500
6x06A_antigen.pdb  6ogxCD_antibody.pdb
Converting SMILES to graph: 148/500
6x06A_antigen.pdb  6fuzN_antibody.pdb
Converting SMILES to graph: 149/500
6x07A_antigen.pdb  5ujzIi_antibody.pdb
Converting SMILES to graph: 150/500
6x07A_antigen.pdb  8w8aN_antibody.pdb
Converting SMILES to graph: 151/500
6x07A_antigen.pdb  5fb8BA_antibody.pdb
Converting SMILES to graph: 152/500
6x07A_antigen.pdb  3eobHL_antibody.pdb
Converting SMILES to graph: 153/500
6x07A_antigen.pdb  7dstE_antibody.pdb
Converting SMILES to graph: 154/500
6x07A_antigen.pdb  7n0iK_antibody.pdb
Converting SMILES to graph: 155/500
6x08B_antigen.pdb  4xmmHL_antibody.pdb
Converting SMILES to graph: 156/500
6x08B_antigen.pdb  6ws6CD_antibody.pdb
Converting SMILES to graph: 157/500
6x08B_antigen.pdb  6t9eAB_antibody.pdb
Converting SMILES to graph: 158/500
6x08B_antigen.pdb  5f97F_antibody.pdb
Converting SMILES to graph: 159/500
6x08B_antigen.pdb  1fnsHL_antibody.pdb
Converting SMILES to graph: 160/500
6x08B_antigen.pdb  1a2yBA_antibody.pdb
Converting SMILES to graph: 161/500
6x18ABG_antigen.pdb  4xnyHL_antibody.pdb
Converting SMILES to graph: 162/500
6x18ABG_antigen.pdb  3d9aHL_antibody.pdb
Converting SMILES to graph: 163/500
6x18ABG_antigen.pdb  8d5cHL_antibody.pdb
Converting SMILES to graph: 164/500
6x18ABG_antigen.pdb  6bf4BC_antibody.pdb
Converting SMILES to graph: 165/500
6x18ABG_antigen.pdb  8tp3HL_antibody.pdb
Converting SMILES to graph: 166/500
6x18ABG_antigen.pdb  7a0yEF_antibody.pdb
Converting SMILES to graph: 167/500
6x19AB_antigen.pdb  7ndaHL_antibody.pdb
Converting SMILES to graph: 168/500
6x19AB_antigen.pdb  5i6xBC_antibody.pdb
Converting SMILES to graph: 169/500
6x19AB_antigen.pdb  7st5HL_antibody.pdb
Converting SMILES to graph: 170/500
6x19AB_antigen.pdb  7k93Kk_antibody.pdb
Converting SMILES to graph: 171/500
6x19AB_antigen.pdb  6mqcAB_antibody.pdb
Converting SMILES to graph: 172/500
6x19AB_antigen.pdb  6o23CD_antibody.pdb
Converting SMILES to graph: 173/500
6x1aAB_antigen.pdb  7v5kED_antibody.pdb
Converting SMILES to graph: 174/500
6x1aAB_antigen.pdb  5m15C_antibody.pdb
Converting SMILES to graph: 175/500
6x1aAB_antigen.pdb  5mi0BC_antibody.pdb
Converting SMILES to graph: 176/500
6x1aAB_antigen.pdb  6jjpDE_antibody.pdb
Converting SMILES to graph: 177/500
6x1aAB_antigen.pdb  6ad7CD_antibody.pdb
Converting SMILES to graph: 178/500
6x1aAB_antigen.pdb  7ly2FC_antibody.pdb
Converting SMILES to graph: 179/500
6x1tM_antigen.pdb  7tl0DE_antibody.pdb
Converting SMILES to graph: 180/500
6x1tM_antigen.pdb  7mnoHL_antibody.pdb
Converting SMILES to graph: 181/500
6x1tM_antigen.pdb  6sc9B_antibody.pdb
Converting SMILES to graph: 182/500
6x1tM_antigen.pdb  8diuGC_antibody.pdb
Converting SMILES to graph: 183/500
6x1tM_antigen.pdb  6weqGH_antibody.pdb
Converting SMILES to graph: 184/500
6x1tM_antigen.pdb  5hysAB_antibody.pdb
Converting SMILES to graph: 185/500
6x1vD_antigen.pdb  2b0sHL_antibody.pdb
Converting SMILES to graph: 186/500
6x1vD_antigen.pdb  7y36N_antibody.pdb
Converting SMILES to graph: 187/500
6x1vD_antigen.pdb  7um5Ee_antibody.pdb
Converting SMILES to graph: 188/500
6x1vD_antigen.pdb  8i0nHL_antibody.pdb
Converting SMILES to graph: 189/500
6x1vD_antigen.pdb  6cmgCB_antibody.pdb
Converting SMILES to graph: 190/500
6x1vD_antigen.pdb  8c02B_antibody.pdb
Converting SMILES to graph: 191/500
6x1wA_antigen.pdb  8d9yBA_antibody.pdb
Converting SMILES to graph: 192/500
6x1wA_antigen.pdb  6y6cCc_antibody.pdb
Converting SMILES to graph: 193/500
6x1wA_antigen.pdb  5cinHL_antibody.pdb
Converting SMILES to graph: 194/500
6x1wA_antigen.pdb  3mluHL_antibody.pdb
Converting SMILES to graph: 195/500
6x1wA_antigen.pdb  7byrHL_antibody.pdb
Converting SMILES to graph: 196/500
6x1wA_antigen.pdb  7tzhCc_antibody.pdb
Converting SMILES to graph: 197/500
6x3sD_antigen.pdb  7ru8HL_antibody.pdb
Converting SMILES to graph: 198/500
6x3sD_antigen.pdb  8cdeDC_antibody.pdb
Converting SMILES to graph: 199/500
6x3sD_antigen.pdb  7lxwHL_antibody.pdb
Converting SMILES to graph: 200/500
6x3sD_antigen.pdb  7wtjHL_antibody.pdb
Converting SMILES to graph: 201/500
6x3sD_antigen.pdb  6pcuIH_antibody.pdb
Converting SMILES to graph: 202/500
6x3sD_antigen.pdb  6j11FG_antibody.pdb
Converting SMILES to graph: 203/500
6x3tB_antigen.pdb  8f0jN_antibody.pdb
Converting SMILES to graph: 204/500
6x3tB_antigen.pdb  5njgEF_antibody.pdb
Converting SMILES to graph: 205/500
6x3tB_antigen.pdb  3ejzCD_antibody.pdb
Converting SMILES to graph: 206/500
6x3tB_antigen.pdb  7qbgE_antibody.pdb
Converting SMILES to graph: 207/500
6x3tB_antigen.pdb  5ezoHL_antibody.pdb
Converting SMILES to graph: 208/500
6x3tB_antigen.pdb  5k9qUV_antibody.pdb
Converting SMILES to graph: 209/500
6x3uB_antigen.pdb  7jmoHL_antibody.pdb
Converting SMILES to graph: 210/500
6x3uB_antigen.pdb  8dd2JI_antibody.pdb
Converting SMILES to graph: 211/500
6x3uB_antigen.pdb  7s6lHL_antibody.pdb
Converting SMILES to graph: 212/500
6x3uB_antigen.pdb  6zjgHL_antibody.pdb
Converting SMILES to graph: 213/500
6x3uB_antigen.pdb  8opiA_antibody.pdb
Converting SMILES to graph: 214/500
6x3uB_antigen.pdb  8av9HL_antibody.pdb
Converting SMILES to graph: 215/500
6x3vB_antigen.pdb  7eajFL_antibody.pdb
Converting SMILES to graph: 216/500
6x3vB_antigen.pdb  6v7yF_antibody.pdb
Converting SMILES to graph: 217/500
6x3vB_antigen.pdb  8aomV_antibody.pdb
Converting SMILES to graph: 218/500
6x3vB_antigen.pdb  7orbEF_antibody.pdb
Converting SMILES to graph: 219/500
6x3vB_antigen.pdb  4ocnC_antibody.pdb
Converting SMILES to graph: 220/500
6x3wB_antigen.pdb  7ndaHL_antibody.pdb
Converting SMILES to graph: 221/500
6x3wB_antigen.pdb  1fptHL_antibody.pdb
Converting SMILES to graph: 222/500
6x3wB_antigen.pdb  8pnlB_antibody.pdb
Converting SMILES to graph: 223/500
6x3wB_antigen.pdb  8fb5AB_antibody.pdb
Converting SMILES to graph: 224/500
6x3wB_antigen.pdb  4mxvHL_antibody.pdb
Converting SMILES to graph: 225/500
6x3wB_antigen.pdb  4oiiIM_antibody.pdb
Converting SMILES to graph: 226/500
6x3xB_antigen.pdb  1nmaHL_antibody.pdb
Converting SMILES to graph: 227/500
6x3xB_antigen.pdb  7tyiN_antibody.pdb
Converting SMILES to graph: 228/500
6x3xB_antigen.pdb  6jbtHL_antibody.pdb
Converting SMILES to graph: 229/500
6x3xB_antigen.pdb  7wbhUV_antibody.pdb
Converting SMILES to graph: 230/500
6x3xB_antigen.pdb  7finN_antibody.pdb
Converting SMILES to graph: 231/500
6x3xB_antigen.pdb  8cxhHL_antibody.pdb
Converting SMILES to graph: 232/500
6x3zB_antigen.pdb  3j8ddD_antibody.pdb
Converting SMILES to graph: 233/500
6x3zB_antigen.pdb  8dlsHL_antibody.pdb
Converting SMILES to graph: 234/500
6x3zB_antigen.pdb  7dx4HL_antibody.pdb
Converting SMILES to graph: 235/500
6x3zB_antigen.pdb  7cm4HL_antibody.pdb
Converting SMILES to graph: 236/500
6x3zB_antigen.pdb  6p62CD_antibody.pdb
Converting SMILES to graph: 237/500
6x3zB_antigen.pdb  5ja8D_antibody.pdb
Converting SMILES to graph: 238/500
6x40B_antigen.pdb  6eyoHL_antibody.pdb
Converting SMILES to graph: 239/500
6x40B_antigen.pdb  2dqeHL_antibody.pdb
Converting SMILES to graph: 240/500
6x40B_antigen.pdb  6i9iHL_antibody.pdb
Converting SMILES to graph: 241/500
6x40B_antigen.pdb  7o7fHF_antibody.pdb
Converting SMILES to graph: 242/500
6x40B_antigen.pdb  6kvahl_antibody.pdb
Converting SMILES to graph: 243/500
6x40B_antigen.pdb  7u9wHh_antibody.pdb
Converting SMILES to graph: 244/500
6x4tA_antigen.pdb  6h5nCB_antibody.pdb
Converting SMILES to graph: 245/500
6x4tA_antigen.pdb  7uaqHL_antibody.pdb
Converting SMILES to graph: 246/500
6x4tA_antigen.pdb  8g30EF_antibody.pdb
Converting SMILES to graph: 247/500
6x4tA_antigen.pdb  5fgcEB_antibody.pdb
Converting SMILES to graph: 248/500
6x4tA_antigen.pdb  7d3rHL_antibody.pdb
Converting SMILES to graph: 249/500
6x4tA_antigen.pdb  5lxgHL_antibody.pdb
Converting SMILES to graph: 250/500
6x58F_antigen.pdb  7bepDF_antibody.pdb
Converting SMILES to graph: 251/500
6x58F_antigen.pdb  8i9sHh_antibody.pdb
Converting SMILES to graph: 252/500
6x58F_antigen.pdb  7sg6HL_antibody.pdb
Converting SMILES to graph: 253/500
6x58F_antigen.pdb  4jzjHL_antibody.pdb
Converting SMILES to graph: 254/500
6x58F_antigen.pdb  8bggY_antibody.pdb
Converting SMILES to graph: 255/500
6x58F_antigen.pdb  5nj3CD_antibody.pdb
Converting SMILES to graph: 256/500
6x5bD_antigen.pdb  6cdmAB_antibody.pdb
Converting SMILES to graph: 257/500
6x5bD_antigen.pdb  7mepIG_antibody.pdb
Converting SMILES to graph: 258/500
6x5bD_antigen.pdb  3u9uAB_antibody.pdb
Converting SMILES to graph: 259/500
6x5bD_antigen.pdb  7uraHL_antibody.pdb
Converting SMILES to graph: 260/500
6x5bD_antigen.pdb  6w0eAB_antibody.pdb
Converting SMILES to graph: 261/500
6x5bD_antigen.pdb  6h6zD_antibody.pdb
Converting SMILES to graph: 262/500
6x78G_antigen.pdb  7lopWV_antibody.pdb
Converting SMILES to graph: 263/500
6x78G_antigen.pdb  6b0nDE_antibody.pdb
Converting SMILES to graph: 264/500
6x78G_antigen.pdb  8j1vHK_antibody.pdb
Converting SMILES to graph: 265/500
6x78G_antigen.pdb  4olyHL_antibody.pdb
Converting SMILES to graph: 266/500
6x78G_antigen.pdb  7e32Ee_antibody.pdb
Converting SMILES to graph: 267/500
6x78G_antigen.pdb  8gutSs_antibody.pdb
Converting SMILES to graph: 268/500
6x7wD_antigen.pdb  5vagCB_antibody.pdb
Converting SMILES to graph: 269/500
6x7wD_antigen.pdb  6v7zE_antibody.pdb
Converting SMILES to graph: 270/500
6x7wD_antigen.pdb  8cxiHL_antibody.pdb
Converting SMILES to graph: 271/500
6x7wD_antigen.pdb  7r24E_antibody.pdb
Converting SMILES to graph: 272/500
6x7wD_antigen.pdb  7mtaHL_antibody.pdb
Converting SMILES to graph: 273/500
6x7wD_antigen.pdb  4bh8BA_antibody.pdb
Converting SMILES to graph: 274/500
6x87X_antigen.pdb  6gk8HL_antibody.pdb
Converting SMILES to graph: 275/500
6x87X_antigen.pdb  8dpfEe_antibody.pdb
Converting SMILES to graph: 276/500
6x87X_antigen.pdb  6wglAB_antibody.pdb
Converting SMILES to graph: 277/500
6x87X_antigen.pdb  7k7yC_antibody.pdb
Converting SMILES to graph: 278/500
6x87X_antigen.pdb  4hzlHL_antibody.pdb
Converting SMILES to graph: 279/500
6x87X_antigen.pdb  7kd2C_antibody.pdb
Converting SMILES to graph: 280/500
6x8pP_antigen.pdb  7soeBL_antibody.pdb
Converting SMILES to graph: 281/500
6x8pP_antigen.pdb  2otwBA_antibody.pdb
Converting SMILES to graph: 282/500
6x8pP_antigen.pdb  7jwpKL_antibody.pdb
Converting SMILES to graph: 283/500
6x8pP_antigen.pdb  7q3rF_antibody.pdb
Converting SMILES to graph: 284/500
6x8pP_antigen.pdb  7rd9HL_antibody.pdb
Converting SMILES to graph: 285/500
6x8pP_antigen.pdb  8f9wAB_antibody.pdb
Converting SMILES to graph: 286/500
6x8qP_antigen.pdb  5y11AB_antibody.pdb
Converting SMILES to graph: 287/500
6x8qP_antigen.pdb  7t72HL_antibody.pdb
Converting SMILES to graph: 288/500
6x8qP_antigen.pdb  6rpjB_antibody.pdb
Converting SMILES to graph: 289/500
6x8qP_antigen.pdb  6o26AB_antibody.pdb
Converting SMILES to graph: 290/500
6x8qP_antigen.pdb  7wrvUV_antibody.pdb
Converting SMILES to graph: 291/500
6x8qP_antigen.pdb  3skjHL_antibody.pdb
Converting SMILES to graph: 292/500
6x8sP_antigen.pdb  8id4Ss_antibody.pdb
Converting SMILES to graph: 293/500
6x8sP_antigen.pdb  6n4yF_antibody.pdb
Converting SMILES to graph: 294/500
6x8sP_antigen.pdb  3ab0BC_antibody.pdb
Converting SMILES to graph: 295/500
6x8sP_antigen.pdb  5vyfBA_antibody.pdb
Converting SMILES to graph: 296/500
6x8sP_antigen.pdb  7nw3HL_antibody.pdb
Converting SMILES to graph: 297/500
6x8sP_antigen.pdb  6vyvKO_antibody.pdb
Converting SMILES to graph: 298/500
6x8uP_antigen.pdb  7e9oHL_antibody.pdb
Converting SMILES to graph: 299/500
6x8uP_antigen.pdb  1rjlBA_antibody.pdb
Converting SMILES to graph: 300/500
6x8uP_antigen.pdb  3jbqHL_antibody.pdb
Converting SMILES to graph: 301/500
6x8uP_antigen.pdb  7scgEe_antibody.pdb
Converting SMILES to graph: 302/500
6x8uP_antigen.pdb  4iosE_antibody.pdb
Converting SMILES to graph: 303/500
6x8uP_antigen.pdb  4bklAB_antibody.pdb
Converting SMILES to graph: 304/500
6x96G_antigen.pdb  1bgxHL_antibody.pdb
Converting SMILES to graph: 305/500
6x96G_antigen.pdb  7vktEe_antibody.pdb
Converting SMILES to graph: 306/500
6x96G_antigen.pdb  4i18HL_antibody.pdb
Converting SMILES to graph: 307/500
6x96G_antigen.pdb  7p16B_antibody.pdb
Converting SMILES to graph: 308/500
6x96G_antigen.pdb  7zlgHL_antibody.pdb
Converting SMILES to graph: 309/500
6x96G_antigen.pdb  7yrnDE_antibody.pdb
Converting SMILES to graph: 310/500
6x97G_antigen.pdb  5w3mEG_antibody.pdb
Converting SMILES to graph: 311/500
6x97G_antigen.pdb  7e53B_antibody.pdb
Converting SMILES to graph: 312/500
6x97G_antigen.pdb  2y5tAB_antibody.pdb
Converting SMILES to graph: 313/500
6x97G_antigen.pdb  2ht2CD_antibody.pdb
Converting SMILES to graph: 314/500
6x97G_antigen.pdb  7yveIH_antibody.pdb
Converting SMILES to graph: 315/500
6x97G_antigen.pdb  4jreHL_antibody.pdb
Converting SMILES to graph: 316/500
6x98C_antigen.pdb  3gbnHL_antibody.pdb
Converting SMILES to graph: 317/500
6x98C_antigen.pdb  7c2tKL_antibody.pdb
Converting SMILES to graph: 318/500
6x98C_antigen.pdb  5gs2Hh_antibody.pdb
Converting SMILES to graph: 319/500
6x98C_antigen.pdb  7trsHh_antibody.pdb
Converting SMILES to graph: 320/500
6x98C_antigen.pdb  8h00ED_antibody.pdb
Converting SMILES to graph: 321/500
6x98C_antigen.pdb  8e3xN_antibody.pdb
Converting SMILES to graph: 322/500
6x9rAB_antigen.pdb  3j42KL_antibody.pdb
Converting SMILES to graph: 323/500
6x9rAB_antigen.pdb  7xjiN_antibody.pdb
Converting SMILES to graph: 324/500
6x9rAB_antigen.pdb  4wgvB_antibody.pdb
Converting SMILES to graph: 325/500
6x9rAB_antigen.pdb  4x7cC_antibody.pdb
Converting SMILES to graph: 326/500
6x9rAB_antigen.pdb  6vn0IK_antibody.pdb
Converting SMILES to graph: 327/500
6x9rAB_antigen.pdb  6i8hB_antibody.pdb
Converting SMILES to graph: 328/500
6x9sAB_antigen.pdb  8spuNn_antibody.pdb
Converting SMILES to graph: 329/500
6x9sAB_antigen.pdb  8f8wC_antibody.pdb
Converting SMILES to graph: 330/500
6x9sAB_antigen.pdb  5tpnHL_antibody.pdb
Converting SMILES to graph: 331/500
6x9sAB_antigen.pdb  7lfbHL_antibody.pdb
Converting SMILES to graph: 332/500
6x9sAB_antigen.pdb  2b1hHL_antibody.pdb
Converting SMILES to graph: 333/500
6x9sAB_antigen.pdb  4hpoHL_antibody.pdb
Converting SMILES to graph: 334/500
6x9tAB_antigen.pdb  7cvsCD_antibody.pdb
Converting SMILES to graph: 335/500
6x9tAB_antigen.pdb  7lo6LK_antibody.pdb
Converting SMILES to graph: 336/500
6x9tAB_antigen.pdb  5mhsED_antibody.pdb
Converting SMILES to graph: 337/500
6x9tAB_antigen.pdb  6lhtHL_antibody.pdb
Converting SMILES to graph: 338/500
6x9tAB_antigen.pdb  6wn4AB_antibody.pdb
Converting SMILES to graph: 339/500
6x9tAB_antigen.pdb  3wfbHL_antibody.pdb
Converting SMILES to graph: 340/500
6x9uAB_antigen.pdb  3k80B_antibody.pdb
Converting SMILES to graph: 341/500
6x9uAB_antigen.pdb  5iq9HL_antibody.pdb
Converting SMILES to graph: 342/500
6x9uAB_antigen.pdb  7sc1PQ_antibody.pdb
Converting SMILES to graph: 343/500
6x9uAB_antigen.pdb  6ohgCB_antibody.pdb
Converting SMILES to graph: 344/500
6x9uAB_antigen.pdb  7kmkHL_antibody.pdb
Converting SMILES to graph: 345/500
6x9uAB_antigen.pdb  5eiiHL_antibody.pdb
Converting SMILES to graph: 346/500
6x9vBA_antigen.pdb  7mznHL_antibody.pdb
Converting SMILES to graph: 347/500
6x9vBA_antigen.pdb  4yueHL_antibody.pdb
Converting SMILES to graph: 348/500
6x9vBA_antigen.pdb  6bfsHL_antibody.pdb
Converting SMILES to graph: 349/500
6x9vBA_antigen.pdb  7q4qBA_antibody.pdb
Converting SMILES to graph: 350/500
6x9vBA_antigen.pdb  8jd6Dd_antibody.pdb
Converting SMILES to graph: 351/500
6x9vBA_antigen.pdb  7lj5ED_antibody.pdb
Converting SMILES to graph: 352/500
6xbjAB_antigen.pdb  7trkHh_antibody.pdb
Converting SMILES to graph: 353/500
6xbjAB_antigen.pdb  8hmpN_antibody.pdb
Converting SMILES to graph: 354/500
6xbjAB_antigen.pdb  1fj1BA_antibody.pdb
Converting SMILES to graph: 355/500
6xbjAB_antigen.pdb  1ic5HL_antibody.pdb
Converting SMILES to graph: 356/500
6xbjAB_antigen.pdb  8ezmHh_antibody.pdb
Converting SMILES to graph: 357/500
6xbjAB_antigen.pdb  8gb7HL_antibody.pdb
Converting SMILES to graph: 358/500
6xbkAB_antigen.pdb  6n4qJI_antibody.pdb
Converting SMILES to graph: 359/500
6xbkAB_antigen.pdb  5utfDE_antibody.pdb
Converting SMILES to graph: 360/500
6xbkAB_antigen.pdb  7yvnLK_antibody.pdb
Converting SMILES to graph: 361/500
6xbkAB_antigen.pdb  6mnsAB_antibody.pdb
Converting SMILES to graph: 362/500
6xbkAB_antigen.pdb  7vihEe_antibody.pdb
Converting SMILES to graph: 363/500
6xbkAB_antigen.pdb  6mu7HL_antibody.pdb
Converting SMILES to graph: 364/500
6xblAB_antigen.pdb  5te7HL_antibody.pdb
Converting SMILES to graph: 365/500
6xblAB_antigen.pdb  7pa9KL_antibody.pdb
Converting SMILES to graph: 366/500
6xblAB_antigen.pdb  6n48B_antibody.pdb
Converting SMILES to graph: 367/500
6xblAB_antigen.pdb  6sniHL_antibody.pdb
Converting SMILES to graph: 368/500
6xblAB_antigen.pdb  4olzHL_antibody.pdb
Converting SMILES to graph: 369/500
6xblAB_antigen.pdb  4c58B_antibody.pdb
Converting SMILES to graph: 370/500
6xbmAB_antigen.pdb  3u9pHL_antibody.pdb
Converting SMILES to graph: 371/500
6xbmAB_antigen.pdb  7kc9F_antibody.pdb
Converting SMILES to graph: 372/500
6xbmAB_antigen.pdb  8ucdHL_antibody.pdb
Converting SMILES to graph: 373/500
6xbmAB_antigen.pdb  6n8dDB_antibody.pdb
Converting SMILES to graph: 374/500
6xbmAB_antigen.pdb  7syzHL_antibody.pdb
Converting SMILES to graph: 375/500
6xbmAB_antigen.pdb  7rfpHL_antibody.pdb
Converting SMILES to graph: 376/500
6xc2Z_antigen.pdb  7rcsAB_antibody.pdb
Converting SMILES to graph: 377/500
6xc2Z_antigen.pdb  7r0jDd_antibody.pdb
Converting SMILES to graph: 378/500
6xc2Z_antigen.pdb  5esvHL_antibody.pdb
Converting SMILES to graph: 379/500
6xc2Z_antigen.pdb  7wqvBb_antibody.pdb
Converting SMILES to graph: 380/500
6xc2Z_antigen.pdb  7d4bB_antibody.pdb
Converting SMILES to graph: 381/500
6xc2Z_antigen.pdb  3gbmHL_antibody.pdb
Converting SMILES to graph: 382/500
6xc3C_antigen.pdb  8dn6CD_antibody.pdb
Converting SMILES to graph: 383/500
6xc3C_antigen.pdb  7nd4HL_antibody.pdb
Converting SMILES to graph: 384/500
6xc3C_antigen.pdb  6cxcGJ_antibody.pdb
Converting SMILES to graph: 385/500
6xc3C_antigen.pdb  7zqtCD_antibody.pdb
Converting SMILES to graph: 386/500
6xc3C_antigen.pdb  7tzfN_antibody.pdb
Converting SMILES to graph: 387/500
6xc3C_antigen.pdb  7ljcN_antibody.pdb
Converting SMILES to graph: 388/500
6xc4A_antigen.pdb  7kmhAB_antibody.pdb
Converting SMILES to graph: 389/500
6xc4A_antigen.pdb  8jtdJN_antibody.pdb
Converting SMILES to graph: 390/500
6xc4A_antigen.pdb  4qxuHL_antibody.pdb
Converting SMILES to graph: 391/500
6xc4A_antigen.pdb  3haeHL_antibody.pdb
Converting SMILES to graph: 392/500
6xc4A_antigen.pdb  7q1uB_antibody.pdb
Converting SMILES to graph: 393/500
6xc4A_antigen.pdb  6t9eAB_antibody.pdb
Converting SMILES to graph: 394/500
6xc7A_antigen.pdb  6b0nDE_antibody.pdb
Converting SMILES to graph: 395/500
6xc7A_antigen.pdb  4lmqEI_antibody.pdb
Converting SMILES to graph: 396/500
6xc7A_antigen.pdb  6p95DE_antibody.pdb
Converting SMILES to graph: 397/500
6xc7A_antigen.pdb  6n81HL_antibody.pdb
Converting SMILES to graph: 398/500
6xc7A_antigen.pdb  3g6jHG_antibody.pdb
Converting SMILES to graph: 399/500
6xcjG_antigen.pdb  8aomV_antibody.pdb
Converting SMILES to graph: 400/500
6xcjG_antigen.pdb  7t2hEe_antibody.pdb
Converting SMILES to graph: 401/500
6xcjG_antigen.pdb  7mmnDE_antibody.pdb
Converting SMILES to graph: 402/500
6xcjG_antigen.pdb  7d0bHL_antibody.pdb
Converting SMILES to graph: 403/500
6xcjG_antigen.pdb  8u2cDC_antibody.pdb
Converting SMILES to graph: 404/500
6xcjG_antigen.pdb  6apbHL_antibody.pdb
Converting SMILES to graph: 405/500
6xcmC_antigen.pdb  7dstE_antibody.pdb
Converting SMILES to graph: 406/500
6xcmC_antigen.pdb  6uygHL_antibody.pdb
Converting SMILES to graph: 407/500
6xcmC_antigen.pdb  8dlxH_antibody.pdb
Converting SMILES to graph: 408/500
6xcmC_antigen.pdb  5erwAB_antibody.pdb
Converting SMILES to graph: 409/500
6xcmC_antigen.pdb  8t04CD_antibody.pdb
Converting SMILES to graph: 410/500
6xcmC_antigen.pdb  1g9mHL_antibody.pdb
Converting SMILES to graph: 411/500
6xcnC_antigen.pdb  1r3kBA_antibody.pdb
Converting SMILES to graph: 412/500
6xcnC_antigen.pdb  6vbpJI_antibody.pdb
Converting SMILES to graph: 413/500
6xcnC_antigen.pdb  2y06HL_antibody.pdb
Converting SMILES to graph: 414/500
6xcnC_antigen.pdb  7ki1N_antibody.pdb
Converting SMILES to graph: 415/500
6xcnC_antigen.pdb  8djgAB_antibody.pdb
Converting SMILES to graph: 416/500
6xcnC_antigen.pdb  2q8bHL_antibody.pdb
Converting SMILES to graph: 417/500
6xdgE_antigen.pdb  6nnjUV_antibody.pdb
Converting SMILES to graph: 418/500
6xdgE_antigen.pdb  8dwwHL_antibody.pdb
Converting SMILES to graph: 419/500
6xdgE_antigen.pdb  6ncpCD_antibody.pdb
Converting SMILES to graph: 420/500
6xdgE_antigen.pdb  7x63HL_antibody.pdb
Converting SMILES to graph: 421/500
6xdgE_antigen.pdb  6opoHL_antibody.pdb
Converting SMILES to graph: 422/500
6xdgE_antigen.pdb  7mubAB_antibody.pdb
Converting SMILES to graph: 423/500
6xe1E_antigen.pdb  5fhcAB_antibody.pdb
Converting SMILES to graph: 424/500
6xe1E_antigen.pdb  3k7uA_antibody.pdb
Converting SMILES to graph: 425/500
6xe1E_antigen.pdb  7s5pHL_antibody.pdb
Converting SMILES to graph: 426/500
6xe1E_antigen.pdb  7nxxB_antibody.pdb
Converting SMILES to graph: 427/500
6xe1E_antigen.pdb  7r88CD_antibody.pdb
Converting SMILES to graph: 428/500
6xe1E_antigen.pdb  7l1vHh_antibody.pdb
Converting SMILES to graph: 429/500
6xeyC_antigen.pdb  7vytBC_antibody.pdb
Converting SMILES to graph: 430/500
6xeyC_antigen.pdb  7w0nSs_antibody.pdb
Converting SMILES to graph: 431/500
6xeyC_antigen.pdb  4kmlB_antibody.pdb
Converting SMILES to graph: 432/500
6xeyC_antigen.pdb  7m71HL_antibody.pdb
Converting SMILES to graph: 433/500
6xeyC_antigen.pdb  7xqvB_antibody.pdb
Converting SMILES to graph: 434/500
6xeyC_antigen.pdb  6vmjFE_antibody.pdb
Converting SMILES to graph: 435/500
6xgcFE_antigen.pdb  5d8jHL_antibody.pdb
Converting SMILES to graph: 436/500
6xgcFE_antigen.pdb  6lxkJK_antibody.pdb
Converting SMILES to graph: 437/500
6xgcFE_antigen.pdb  8gtqHL_antibody.pdb
Converting SMILES to graph: 438/500
6xgcFE_antigen.pdb  8sanCD_antibody.pdb
Converting SMILES to graph: 439/500
6xgcFE_antigen.pdb  6zhdD_antibody.pdb
Converting SMILES to graph: 440/500
6xgcFE_antigen.pdb  3stlAB_antibody.pdb
Converting SMILES to graph: 441/500
6xkpB_antigen.pdb  7t9tCD_antibody.pdb
Converting SMILES to graph: 442/500
6xkpB_antigen.pdb  6z20D_antibody.pdb
Converting SMILES to graph: 443/500
6xkpB_antigen.pdb  7vv3Ss_antibody.pdb
Converting SMILES to graph: 444/500
6xkpB_antigen.pdb  7m30FG_antibody.pdb
Converting SMILES to graph: 445/500
6xkqA_antigen.pdb  2yssBA_antibody.pdb
Converting SMILES to graph: 446/500
6xkqA_antigen.pdb  8jd6Dd_antibody.pdb
Converting SMILES to graph: 447/500
6xkqA_antigen.pdb  4kkcCD_antibody.pdb
Converting SMILES to graph: 448/500
6xkqA_antigen.pdb  6pisIM_antibody.pdb
Converting SMILES to graph: 449/500
6xkqA_antigen.pdb  6m38HL_antibody.pdb
Converting SMILES to graph: 450/500
6xkqA_antigen.pdb  8dd3JI_antibody.pdb
Converting SMILES to graph: 451/500
6xkrP_antigen.pdb  6uceHL_antibody.pdb
Converting SMILES to graph: 452/500
6xkrP_antigen.pdb  8aokB_antibody.pdb
Converting SMILES to graph: 453/500
6xkrP_antigen.pdb  7xxlAC_antibody.pdb
Converting SMILES to graph: 454/500
6xkrP_antigen.pdb  8iw9Ss_antibody.pdb
Converting SMILES to graph: 455/500
6xkrP_antigen.pdb  6whkCB_antibody.pdb
Converting SMILES to graph: 456/500
6xkrP_antigen.pdb  4nrxHL_antibody.pdb
Converting SMILES to graph: 457/500
6xliE_antigen.pdb  7uvfHL_antibody.pdb
Converting SMILES to graph: 458/500
6xliE_antigen.pdb  7jwbD_antibody.pdb
Converting SMILES to graph: 459/500
6xliE_antigen.pdb  8sakHL_antibody.pdb
Converting SMILES to graph: 460/500
6xliE_antigen.pdb  6xy2HL_antibody.pdb
Converting SMILES to graph: 461/500
6xliE_antigen.pdb  8dkiAB_antibody.pdb
Converting SMILES to graph: 462/500
6xlqD_antigen.pdb  7yr0CB_antibody.pdb
Converting SMILES to graph: 463/500
6xlqD_antigen.pdb  8sayCD_antibody.pdb
Converting SMILES to graph: 464/500
6xlqD_antigen.pdb  7sakB_antibody.pdb
Converting SMILES to graph: 465/500
6xlqD_antigen.pdb  7zfbN_antibody.pdb
Converting SMILES to graph: 466/500
6xlqD_antigen.pdb  4hfuHL_antibody.pdb
Converting SMILES to graph: 467/500
6xlqD_antigen.pdb  8cycD_antibody.pdb
Converting SMILES to graph: 468/500
6xlzPA_antigen.pdb  7k5yMm_antibody.pdb
Converting SMILES to graph: 469/500
6xlzPA_antigen.pdb  8cxhHL_antibody.pdb
Converting SMILES to graph: 470/500
6xlzPA_antigen.pdb  7s7iHL_antibody.pdb
Converting SMILES to graph: 471/500
6xlzPA_antigen.pdb  6vbqEF_antibody.pdb
Converting SMILES to graph: 472/500
6xlzPA_antigen.pdb  8tp6HL_antibody.pdb
Converting SMILES to graph: 473/500
6xlzPA_antigen.pdb  7tywN_antibody.pdb
Converting SMILES to graph: 474/500
6xm2I_antigen.pdb  8eviMm_antibody.pdb
Converting SMILES to graph: 475/500
6xm2I_antigen.pdb  4o58HL_antibody.pdb
Converting SMILES to graph: 476/500
6xm2I_antigen.pdb  6p9hHL_antibody.pdb
Converting SMILES to graph: 477/500
6xm2I_antigen.pdb  6banBA_antibody.pdb
Converting SMILES to graph: 478/500
6xm2I_antigen.pdb  8il3BA_antibody.pdb
Converting SMILES to graph: 479/500
6xm2I_antigen.pdb  6x78HL_antibody.pdb
Converting SMILES to graph: 480/500
6xmiF_antigen.pdb  8aixD_antibody.pdb
Converting SMILES to graph: 481/500
6xmiF_antigen.pdb  8hcqEe_antibody.pdb
Converting SMILES to graph: 482/500
6xmiF_antigen.pdb  7mkmHL_antibody.pdb
Converting SMILES to graph: 483/500
6xmiF_antigen.pdb  8h3xA_antibody.pdb
Converting SMILES to graph: 484/500
6xmiF_antigen.pdb  7qicB_antibody.pdb
Converting SMILES to graph: 485/500
6xmiF_antigen.pdb  4g6jHL_antibody.pdb
Converting SMILES to graph: 486/500
6xobK_antigen.pdb  1ncaHL_antibody.pdb
Converting SMILES to graph: 487/500
6xobK_antigen.pdb  5wthED_antibody.pdb
Converting SMILES to graph: 488/500
6xobK_antigen.pdb  8hr2B_antibody.pdb
Converting SMILES to graph: 489/500
6xobK_antigen.pdb  3v52HL_antibody.pdb
Converting SMILES to graph: 490/500
6xobK_antigen.pdb  7ydhEe_antibody.pdb
Converting SMILES to graph: 491/500
6xobK_antigen.pdb  7sl5AB_antibody.pdb
Converting SMILES to graph: 492/500
6xoxA_antigen.pdb  6uygHL_antibody.pdb
Converting SMILES to graph: 493/500
6xoxA_antigen.pdb  6dzlHK_antibody.pdb
Converting SMILES to graph: 494/500
6xoxA_antigen.pdb  7ly3FE_antibody.pdb
Converting SMILES to graph: 495/500
6xoxA_antigen.pdb  7q9gHL_antibody.pdb
Converting SMILES to graph: 496/500
6xoxA_antigen.pdb  7mnmKM_antibody.pdb
Converting SMILES to graph: 497/500
6xoxA_antigen.pdb  6s3dCD_antibody.pdb
Converting SMILES to graph: 498/500
6xp6ACB_antigen.pdb  6b73D_antibody.pdb
Converting SMILES to graph: 499/500
6xp6ACB_antigen.pdb  7w57Ee_antibody.pdb
Converting SMILES to graph: 500/500
6xp6ACB_antigen.pdb  7mxeHL_antibody.pdb
Graph construction done. Saving to file.
