Converting SMILES to graph: 1/500
6vo0A_antigen.pdb  3jbc7_antibody.pdb
Converting SMILES to graph: 2/500
6vo0A_antigen.pdb  6nbiN_antibody.pdb
Converting SMILES to graph: 3/500
6vo0A_antigen.pdb  7rgpEe_antibody.pdb
Converting SMILES to graph: 4/500
6vo1C_antigen.pdb  8dt3HL_antibody.pdb
Converting SMILES to graph: 5/500
6vo1C_antigen.pdb  6xw4D_antibody.pdb
Converting SMILES to graph: 6/500
6vo1C_antigen.pdb  5kw9HL_antibody.pdb
Converting SMILES to graph: 7/500
6vo1C_antigen.pdb  7lxmHL_antibody.pdb
Converting SMILES to graph: 8/500
6vo1C_antigen.pdb  7yxuHL_antibody.pdb
Converting SMILES to graph: 9/500
6vo1C_antigen.pdb  7q9kHL_antibody.pdb
Converting SMILES to graph: 10/500
6vo3D_antigen.pdb  3h0tBA_antibody.pdb
Converting SMILES to graph: 11/500
6vo3D_antigen.pdb  8fb8HL_antibody.pdb
Converting SMILES to graph: 12/500
6vo3D_antigen.pdb  7liaBC_antibody.pdb
Converting SMILES to graph: 13/500
6vo3D_antigen.pdb  8g5fJK_antibody.pdb
Converting SMILES to graph: 14/500
6vo3D_antigen.pdb  5yd5Cc_antibody.pdb
Converting SMILES to graph: 15/500
6vo3D_antigen.pdb  7l02MK_antibody.pdb
Converting SMILES to graph: 16/500
6vpxDCB_antigen.pdb  5dhxBb_antibody.pdb
Converting SMILES to graph: 17/500
6vpxDCB_antigen.pdb  6jszD_antibody.pdb
Converting SMILES to graph: 18/500
6vpxDCB_antigen.pdb  7rahBA_antibody.pdb
Converting SMILES to graph: 19/500
6vpxDCB_antigen.pdb  8guqSs_antibody.pdb
Converting SMILES to graph: 20/500
6vpxDCB_antigen.pdb  7t0rHL_antibody.pdb
Converting SMILES to graph: 21/500
6vpxDCB_antigen.pdb  4yxlHL_antibody.pdb
Converting SMILES to graph: 22/500
6vrhA_antigen.pdb  6ad7CD_antibody.pdb
Converting SMILES to graph: 23/500
6vrhA_antigen.pdb  5cszHL_antibody.pdb
Converting SMILES to graph: 24/500
6vrhA_antigen.pdb  6i53G_antibody.pdb
Converting SMILES to graph: 25/500
6vrhA_antigen.pdb  7p78H_antibody.pdb
Converting SMILES to graph: 26/500
6vrhA_antigen.pdb  7lucFG_antibody.pdb
Converting SMILES to graph: 27/500
6vrhA_antigen.pdb  7yvlAC_antibody.pdb
Converting SMILES to graph: 28/500
6vrkA_antigen.pdb  8dwxHL_antibody.pdb
Converting SMILES to graph: 29/500
6vrkA_antigen.pdb  6cnvHL_antibody.pdb
Converting SMILES to graph: 30/500
6vrkA_antigen.pdb  5fgcEB_antibody.pdb
Converting SMILES to graph: 31/500
6vrkA_antigen.pdb  5u5mBA_antibody.pdb
Converting SMILES to graph: 32/500
6vrkA_antigen.pdb  8iw4Ss_antibody.pdb
Converting SMILES to graph: 33/500
6vrkA_antigen.pdb  1g7mBA_antibody.pdb
Converting SMILES to graph: 34/500
6vrlA_antigen.pdb  4lf3BA_antibody.pdb
Converting SMILES to graph: 35/500
6vrlA_antigen.pdb  4jdtHL_antibody.pdb
Converting SMILES to graph: 36/500
6vrlA_antigen.pdb  5owpHh_antibody.pdb
Converting SMILES to graph: 37/500
6vrlA_antigen.pdb  5i74BC_antibody.pdb
Converting SMILES to graph: 38/500
6vrlA_antigen.pdb  7swoHL_antibody.pdb
Converting SMILES to graph: 39/500
6vrlA_antigen.pdb  6nijHL_antibody.pdb
Converting SMILES to graph: 40/500
6vryG_antigen.pdb  1hh6BA_antibody.pdb
Converting SMILES to graph: 41/500
6vryG_antigen.pdb  5vxkB_antibody.pdb
Converting SMILES to graph: 42/500
6vryG_antigen.pdb  7l2dHL_antibody.pdb
Converting SMILES to graph: 43/500
6vryG_antigen.pdb  7wkdEe_antibody.pdb
Converting SMILES to graph: 44/500
6vryG_antigen.pdb  6uygHL_antibody.pdb
Converting SMILES to graph: 45/500
6vryG_antigen.pdb  7nirF_antibody.pdb
Converting SMILES to graph: 46/500
6vttGFE_antigen.pdb  2ltqFE_antibody.pdb
Converting SMILES to graph: 47/500
6vttGFE_antigen.pdb  8df1MN_antibody.pdb
Converting SMILES to graph: 48/500
6vttGFE_antigen.pdb  7t2hEe_antibody.pdb
Converting SMILES to graph: 49/500
6vttGFE_antigen.pdb  7mzjFE_antibody.pdb
Converting SMILES to graph: 50/500
6vttGFE_antigen.pdb  7nirF_antibody.pdb
Converting SMILES to graph: 51/500
6vttGFE_antigen.pdb  1orsBA_antibody.pdb
Converting SMILES to graph: 52/500
6vtwA_antigen.pdb  7eo0HL_antibody.pdb
Converting SMILES to graph: 53/500
6vtwA_antigen.pdb  4bz2HL_antibody.pdb
Converting SMILES to graph: 54/500
6vtwA_antigen.pdb  7so7HL_antibody.pdb
Converting SMILES to graph: 55/500
6vtwA_antigen.pdb  1hi6BA_antibody.pdb
Converting SMILES to graph: 56/500
6vtwA_antigen.pdb  6vryHL_antibody.pdb
Converting SMILES to graph: 57/500
6vtwA_antigen.pdb  3qa3BA_antibody.pdb
Converting SMILES to graph: 58/500
6vugB_antigen.pdb  5m2mJ_antibody.pdb
Converting SMILES to graph: 59/500
6vugB_antigen.pdb  4yxkHL_antibody.pdb
Converting SMILES to graph: 60/500
6vugB_antigen.pdb  7k3bLK_antibody.pdb
Converting SMILES to graph: 61/500
6vugB_antigen.pdb  8iulEe_antibody.pdb
Converting SMILES to graph: 62/500
6vugB_antigen.pdb  2feeJO_antibody.pdb
Converting SMILES to graph: 63/500
6vugB_antigen.pdb  7v8qBA_antibody.pdb
Converting SMILES to graph: 64/500
6vvuB_antigen.pdb  3wheOP_antibody.pdb
Converting SMILES to graph: 65/500
6vvuB_antigen.pdb  7mlhCA_antibody.pdb
Converting SMILES to graph: 66/500
6vvuB_antigen.pdb  6c6yAB_antibody.pdb
Converting SMILES to graph: 67/500
6vvuB_antigen.pdb  7tfnIJ_antibody.pdb
Converting SMILES to graph: 68/500
6vvuB_antigen.pdb  8p7wDG_antibody.pdb
Converting SMILES to graph: 69/500
6vvuB_antigen.pdb  7ksgD_antibody.pdb
Converting SMILES to graph: 70/500
6vx4FG_antigen.pdb  4jg0HL_antibody.pdb
Converting SMILES to graph: 71/500
6vx4FG_antigen.pdb  2i60HL_antibody.pdb
Converting SMILES to graph: 72/500
6vx4FG_antigen.pdb  8jlkSs_antibody.pdb
Converting SMILES to graph: 73/500
6vx4FG_antigen.pdb  1kirBA_antibody.pdb
Converting SMILES to graph: 74/500
6vx4FG_antigen.pdb  8j6qSs_antibody.pdb
Converting SMILES to graph: 75/500
6vx4FG_antigen.pdb  8fltN_antibody.pdb
Converting SMILES to graph: 76/500
6vy2A_antigen.pdb  7rlxAB_antibody.pdb
Converting SMILES to graph: 77/500
6vy2A_antigen.pdb  6cmoHL_antibody.pdb
Converting SMILES to graph: 78/500
6vy2A_antigen.pdb  4liqHL_antibody.pdb
Converting SMILES to graph: 79/500
6vy2A_antigen.pdb  7wphED_antibody.pdb
Converting SMILES to graph: 80/500
6vy2A_antigen.pdb  5td8E_antibody.pdb
Converting SMILES to graph: 81/500
6vy2A_antigen.pdb  5ig7GH_antibody.pdb
Converting SMILES to graph: 82/500
6vy4B_antigen.pdb  6n4bSs_antibody.pdb
Converting SMILES to graph: 83/500
6vy4B_antigen.pdb  3f5wAB_antibody.pdb
Converting SMILES to graph: 84/500
6vy4B_antigen.pdb  4jreHL_antibody.pdb
Converting SMILES to graph: 85/500
6vy4B_antigen.pdb  1mvfB_antibody.pdb
Converting SMILES to graph: 86/500
6vy4B_antigen.pdb  7towHL_antibody.pdb
Converting SMILES to graph: 87/500
6vy4B_antigen.pdb  5mu0AB_antibody.pdb
Converting SMILES to graph: 88/500
6vy5A_antigen.pdb  5f7wD_antibody.pdb
Converting SMILES to graph: 89/500
6vy5A_antigen.pdb  8gscHL_antibody.pdb
Converting SMILES to graph: 90/500
6vy5A_antigen.pdb  5eszAB_antibody.pdb
Converting SMILES to graph: 91/500
6vy5A_antigen.pdb  5l0qCB_antibody.pdb
Converting SMILES to graph: 92/500
6vy5A_antigen.pdb  4jpvHL_antibody.pdb
Converting SMILES to graph: 93/500
6vy5A_antigen.pdb  3k81B_antibody.pdb
Converting SMILES to graph: 94/500
6vy6A_antigen.pdb  4xx1HL_antibody.pdb
Converting SMILES to graph: 95/500
6vy6A_antigen.pdb  3drtBA_antibody.pdb
Converting SMILES to graph: 96/500
6vy6A_antigen.pdb  7ey5BC_antibody.pdb
Converting SMILES to graph: 97/500
6vy6A_antigen.pdb  5o03C_antibody.pdb
Converting SMILES to graph: 98/500
6vy6A_antigen.pdb  7ugoMP_antibody.pdb
Converting SMILES to graph: 99/500
6vy6A_antigen.pdb  8ibuEe_antibody.pdb
Converting SMILES to graph: 100/500
6vyhA_antigen.pdb  1mvfB_antibody.pdb
Converting SMILES to graph: 101/500
6vyhA_antigen.pdb  8h3cBb_antibody.pdb
Converting SMILES to graph: 102/500
6vyhA_antigen.pdb  8dkxAB_antibody.pdb
Converting SMILES to graph: 103/500
6vyhA_antigen.pdb  7f4dN_antibody.pdb
Converting SMILES to graph: 104/500
6vyhA_antigen.pdb  6lmkN_antibody.pdb
Converting SMILES to graph: 105/500
6vyhA_antigen.pdb  7ui1Hh_antibody.pdb
Converting SMILES to graph: 106/500
6vyvE_antigen.pdb  3pp4HL_antibody.pdb
Converting SMILES to graph: 107/500
6vyvE_antigen.pdb  3hb3CD_antibody.pdb
Converting SMILES to graph: 108/500
6vyvE_antigen.pdb  6z7yBA_antibody.pdb
Converting SMILES to graph: 109/500
6vyvE_antigen.pdb  7lexRP_antibody.pdb
Converting SMILES to graph: 110/500
6vyvE_antigen.pdb  7s0dHL_antibody.pdb
Converting SMILES to graph: 111/500
6vyvE_antigen.pdb  7m55HL_antibody.pdb
Converting SMILES to graph: 112/500
6vziB_antigen.pdb  4kmlB_antibody.pdb
Converting SMILES to graph: 113/500
6vziB_antigen.pdb  7q4qBA_antibody.pdb
Converting SMILES to graph: 114/500
6vziB_antigen.pdb  8jlzN_antibody.pdb
Converting SMILES to graph: 115/500
6vziB_antigen.pdb  5f7wD_antibody.pdb
Converting SMILES to graph: 116/500
6vziB_antigen.pdb  7a4dA_antibody.pdb
Converting SMILES to graph: 117/500
6vziB_antigen.pdb  4s1qHL_antibody.pdb
Converting SMILES to graph: 118/500
6w00P_antigen.pdb  7d8bB_antibody.pdb
Converting SMILES to graph: 119/500
6w00P_antigen.pdb  4cauEe_antibody.pdb
Converting SMILES to graph: 120/500
6w00P_antigen.pdb  5igxHL_antibody.pdb
Converting SMILES to graph: 121/500
6w00P_antigen.pdb  4i0cD_antibody.pdb
Converting SMILES to graph: 122/500
6w00P_antigen.pdb  5vqmDC_antibody.pdb
Converting SMILES to graph: 123/500
6w00P_antigen.pdb  4mqtB_antibody.pdb
Converting SMILES to graph: 124/500
6w03G_antigen.pdb  7ydyHL_antibody.pdb
Converting SMILES to graph: 125/500
6w03G_antigen.pdb  7wbjN_antibody.pdb
Converting SMILES to graph: 126/500
6w03G_antigen.pdb  7phwEF_antibody.pdb
Converting SMILES to graph: 127/500
6w03G_antigen.pdb  6r7tA_antibody.pdb
Converting SMILES to graph: 128/500
6w03G_antigen.pdb  3riaIO_antibody.pdb
Converting SMILES to graph: 129/500
6w03G_antigen.pdb  8hscSs_antibody.pdb
Converting SMILES to graph: 130/500
6w05P_antigen.pdb  1g9mHL_antibody.pdb
Converting SMILES to graph: 131/500
6w05P_antigen.pdb  6qfcBb_antibody.pdb
Converting SMILES to graph: 132/500
6w05P_antigen.pdb  6y9aHL_antibody.pdb
Converting SMILES to graph: 133/500
6w05P_antigen.pdb  6njmLK_antibody.pdb
Converting SMILES to graph: 134/500
6w05P_antigen.pdb  7wobDB_antibody.pdb
Converting SMILES to graph: 135/500
6w05P_antigen.pdb  4yo0CD_antibody.pdb
Converting SMILES to graph: 136/500
6w09G_antigen.pdb  7k66BC_antibody.pdb
Converting SMILES to graph: 137/500
6w09G_antigen.pdb  4dvrHL_antibody.pdb
Converting SMILES to graph: 138/500
6w09G_antigen.pdb  5uk0Ii_antibody.pdb
Converting SMILES to graph: 139/500
6w09G_antigen.pdb  4bklAB_antibody.pdb
Converting SMILES to graph: 140/500
6w09G_antigen.pdb  7oxnHK_antibody.pdb
Converting SMILES to graph: 141/500
6w09G_antigen.pdb  7f4fSs_antibody.pdb
Converting SMILES to graph: 142/500
6w0aC_antigen.pdb  1hezDC_antibody.pdb
Converting SMILES to graph: 143/500
6w0aC_antigen.pdb  7utzN_antibody.pdb
Converting SMILES to graph: 144/500
6w0aC_antigen.pdb  8bbhHL_antibody.pdb
Converting SMILES to graph: 145/500
6w0aC_antigen.pdb  7m3nHL_antibody.pdb
Converting SMILES to graph: 146/500
6w0aC_antigen.pdb  7ubsHh_antibody.pdb
Converting SMILES to graph: 147/500
6w0aC_antigen.pdb  5otjHL_antibody.pdb
Converting SMILES to graph: 148/500
6w0bC_antigen.pdb  6yxmHL_antibody.pdb
Converting SMILES to graph: 149/500
6w0bC_antigen.pdb  7wkdEe_antibody.pdb
Converting SMILES to graph: 150/500
6w0bC_antigen.pdb  5w3pHL_antibody.pdb
Converting SMILES to graph: 151/500
6w0bC_antigen.pdb  6njmLK_antibody.pdb
Converting SMILES to graph: 152/500
6w0bC_antigen.pdb  5wthED_antibody.pdb
Converting SMILES to graph: 153/500
6w0bC_antigen.pdb  6nc2PU_antibody.pdb
Converting SMILES to graph: 154/500
6w0cC_antigen.pdb  5dfvCD_antibody.pdb
Converting SMILES to graph: 155/500
6w0cC_antigen.pdb  7u0gNn_antibody.pdb
Converting SMILES to graph: 156/500
6w0cC_antigen.pdb  7enfPO_antibody.pdb
Converting SMILES to graph: 157/500
6w0cC_antigen.pdb  5c8jAB_antibody.pdb
Converting SMILES to graph: 158/500
6w0cC_antigen.pdb  7p77H_antibody.pdb
Converting SMILES to graph: 159/500
6w0cC_antigen.pdb  4risHL_antibody.pdb
Converting SMILES to graph: 160/500
6w0dC_antigen.pdb  3fb6AB_antibody.pdb
Converting SMILES to graph: 161/500
6w0dC_antigen.pdb  5a7xHG_antibody.pdb
Converting SMILES to graph: 162/500
6w0dC_antigen.pdb  5dlmHL_antibody.pdb
Converting SMILES to graph: 163/500
6w0dC_antigen.pdb  6fuzN_antibody.pdb
Converting SMILES to graph: 164/500
6w0dC_antigen.pdb  6uymHL_antibody.pdb
Converting SMILES to graph: 165/500
6w0dC_antigen.pdb  7uymHL_antibody.pdb
Converting SMILES to graph: 166/500
6w0eC_antigen.pdb  7te8B_antibody.pdb
Converting SMILES to graph: 167/500
6w0eC_antigen.pdb  4xpaHL_antibody.pdb
Converting SMILES to graph: 168/500
6w0eC_antigen.pdb  7r8uHL_antibody.pdb
Converting SMILES to graph: 169/500
6w0eC_antigen.pdb  8dkwAB_antibody.pdb
Converting SMILES to graph: 170/500
6w0eC_antigen.pdb  6e56GI_antibody.pdb
Converting SMILES to graph: 171/500
6w0fC_antigen.pdb  8sb2CD_antibody.pdb
Converting SMILES to graph: 172/500
6w0fC_antigen.pdb  7sd5HL_antibody.pdb
Converting SMILES to graph: 173/500
6w0fC_antigen.pdb  8q6jBA_antibody.pdb
Converting SMILES to graph: 174/500
6w0fC_antigen.pdb  6jszD_antibody.pdb
Converting SMILES to graph: 175/500
6w0fC_antigen.pdb  7cgwAB_antibody.pdb
Converting SMILES to graph: 176/500
6w0fC_antigen.pdb  8jz7Ss_antibody.pdb
Converting SMILES to graph: 177/500
6w0gC_antigen.pdb  7fjnIJ_antibody.pdb
Converting SMILES to graph: 178/500
6w0gC_antigen.pdb  4zs7HL_antibody.pdb
Converting SMILES to graph: 179/500
6w0gC_antigen.pdb  7upwDE_antibody.pdb
Converting SMILES to graph: 180/500
6w0gC_antigen.pdb  8flwHL_antibody.pdb
Converting SMILES to graph: 181/500
6w0gC_antigen.pdb  8ibvEe_antibody.pdb
Converting SMILES to graph: 182/500
6w0gC_antigen.pdb  7xdlED_antibody.pdb
Converting SMILES to graph: 183/500
6w0hC_antigen.pdb  7lj5ED_antibody.pdb
Converting SMILES to graph: 184/500
6w0hC_antigen.pdb  5w9kHI_antibody.pdb
Converting SMILES to graph: 185/500
6w0hC_antigen.pdb  8eqfHL_antibody.pdb
Converting SMILES to graph: 186/500
6w0hC_antigen.pdb  7td8EF_antibody.pdb
Converting SMILES to graph: 187/500
6w0hC_antigen.pdb  7kf0AB_antibody.pdb
Converting SMILES to graph: 188/500
6w0hC_antigen.pdb  1a2yBA_antibody.pdb
Converting SMILES to graph: 189/500
6w0iC_antigen.pdb  7kgvCE_antibody.pdb
Converting SMILES to graph: 190/500
6w0iC_antigen.pdb  2vdkHL_antibody.pdb
Converting SMILES to graph: 191/500
6w0iC_antigen.pdb  7f3qHL_antibody.pdb
Converting SMILES to graph: 192/500
6w0iC_antigen.pdb  6ey0F_antibody.pdb
Converting SMILES to graph: 193/500
6w0iC_antigen.pdb  8oxwBC_antibody.pdb
Converting SMILES to graph: 194/500
6w0iC_antigen.pdb  7crhN_antibody.pdb
Converting SMILES to graph: 195/500
6w0jC_antigen.pdb  6bf9CD_antibody.pdb
Converting SMILES to graph: 196/500
6w0jC_antigen.pdb  7ncsHL_antibody.pdb
Converting SMILES to graph: 197/500
6w0jC_antigen.pdb  7wlwHL_antibody.pdb
Converting SMILES to graph: 198/500
6w0jC_antigen.pdb  6sniHL_antibody.pdb
Converting SMILES to graph: 199/500
6w0jC_antigen.pdb  7m7wCD_antibody.pdb
Converting SMILES to graph: 200/500
6w0jC_antigen.pdb  1ndgBA_antibody.pdb
Converting SMILES to graph: 201/500
6w16F_antigen.pdb  6mdtDE_antibody.pdb
Converting SMILES to graph: 202/500
6w16F_antigen.pdb  2itdAB_antibody.pdb
Converting SMILES to graph: 203/500
6w16F_antigen.pdb  7u0pEF_antibody.pdb
Converting SMILES to graph: 204/500
6w16F_antigen.pdb  7x2kHL_antibody.pdb
Converting SMILES to graph: 205/500
6w16F_antigen.pdb  5dfwHh_antibody.pdb
Converting SMILES to graph: 206/500
6w16F_antigen.pdb  4aeiHL_antibody.pdb
Converting SMILES to graph: 207/500
6w1cG_antigen.pdb  8de4BC_antibody.pdb
Converting SMILES to graph: 208/500
6w1cG_antigen.pdb  8dcmAB_antibody.pdb
Converting SMILES to graph: 209/500
6w1cG_antigen.pdb  8jlkSs_antibody.pdb
Converting SMILES to graph: 210/500
6w1cG_antigen.pdb  7u5bAB_antibody.pdb
Converting SMILES to graph: 211/500
6w1cG_antigen.pdb  6xblSs_antibody.pdb
Converting SMILES to graph: 212/500
6w1cG_antigen.pdb  4ut9JN_antibody.pdb
Converting SMILES to graph: 213/500
6w2bA_antigen.pdb  3sqoHL_antibody.pdb
Converting SMILES to graph: 214/500
6w2bA_antigen.pdb  7vifEe_antibody.pdb
Converting SMILES to graph: 215/500
6w2bA_antigen.pdb  8gx9HF_antibody.pdb
Converting SMILES to graph: 216/500
6w2bA_antigen.pdb  8w88N_antibody.pdb
Converting SMILES to graph: 217/500
6w2bA_antigen.pdb  7v4wBA_antibody.pdb
Converting SMILES to graph: 218/500
6w2bA_antigen.pdb  4hkzBA_antibody.pdb
Converting SMILES to graph: 219/500
6w2cA_antigen.pdb  4lgrB_antibody.pdb
Converting SMILES to graph: 220/500
6w2cA_antigen.pdb  8f5iHL_antibody.pdb
Converting SMILES to graph: 221/500
6w2cA_antigen.pdb  8jisN_antibody.pdb
Converting SMILES to graph: 222/500
6w2cA_antigen.pdb  8f9sHL_antibody.pdb
Converting SMILES to graph: 223/500
6w2cA_antigen.pdb  7p6kG_antibody.pdb
Converting SMILES to graph: 224/500
6w2cA_antigen.pdb  7dh5N_antibody.pdb
Converting SMILES to graph: 225/500
6w41C_antigen.pdb  6jb8A_antibody.pdb
Converting SMILES to graph: 226/500
6w41C_antigen.pdb  8tp5EF_antibody.pdb
Converting SMILES to graph: 227/500
6w41C_antigen.pdb  7vbiN_antibody.pdb
Converting SMILES to graph: 228/500
6w41C_antigen.pdb  8fmzEe_antibody.pdb
Converting SMILES to graph: 229/500
6w41C_antigen.pdb  7fciHL_antibody.pdb
Converting SMILES to graph: 230/500
6w4mGN_antigen.pdb  1ri8A_antibody.pdb
Converting SMILES to graph: 231/500
6w4mGN_antigen.pdb  6uqrCc_antibody.pdb
Converting SMILES to graph: 232/500
6w4mGN_antigen.pdb  7bw0N_antibody.pdb
Converting SMILES to graph: 233/500
6w4mGN_antigen.pdb  7txwHL_antibody.pdb
Converting SMILES to graph: 234/500
6w4mGN_antigen.pdb  7l7eTU_antibody.pdb
Converting SMILES to graph: 235/500
6w4mGN_antigen.pdb  6jhsED_antibody.pdb
Converting SMILES to graph: 236/500
6w4sF_antigen.pdb  8eqbA_antibody.pdb
Converting SMILES to graph: 237/500
6w4sF_antigen.pdb  7nktB_antibody.pdb
Converting SMILES to graph: 238/500
6w4sF_antigen.pdb  6ddmBA_antibody.pdb
Converting SMILES to graph: 239/500
6w4sF_antigen.pdb  7sr8Ee_antibody.pdb
Converting SMILES to graph: 240/500
6w4sF_antigen.pdb  4dagHL_antibody.pdb
Converting SMILES to graph: 241/500
6w4sF_antigen.pdb  1ic7HL_antibody.pdb
Converting SMILES to graph: 242/500
6w51DF_antigen.pdb  7jvbC_antibody.pdb
Converting SMILES to graph: 243/500
6w51DF_antigen.pdb  6tnpBA_antibody.pdb
Converting SMILES to graph: 244/500
6w51DF_antigen.pdb  6ubiDE_antibody.pdb
Converting SMILES to graph: 245/500
6w51DF_antigen.pdb  8tp7DF_antibody.pdb
Converting SMILES to graph: 246/500
6w51DF_antigen.pdb  7azbB_antibody.pdb
Converting SMILES to graph: 247/500
6w51DF_antigen.pdb  6wo5CD_antibody.pdb
Converting SMILES to graph: 248/500
6w52BA_antigen.pdb  7yvpLM_antibody.pdb
Converting SMILES to graph: 249/500
6w52BA_antigen.pdb  5f9aC_antibody.pdb
Converting SMILES to graph: 250/500
6w52BA_antigen.pdb  5dd0HL_antibody.pdb
Converting SMILES to graph: 251/500
6w52BA_antigen.pdb  5mhsED_antibody.pdb
Converting SMILES to graph: 252/500
6w52BA_antigen.pdb  7c4sJK_antibody.pdb
Converting SMILES to graph: 253/500
6w52BA_antigen.pdb  8emyG_antibody.pdb
Converting SMILES to graph: 254/500
6w7sA_antigen.pdb  7st8HL_antibody.pdb
Converting SMILES to graph: 255/500
6w7sA_antigen.pdb  8fbwCD_antibody.pdb
Converting SMILES to graph: 256/500
6w7sA_antigen.pdb  5eoqHL_antibody.pdb
Converting SMILES to graph: 257/500
6w7sA_antigen.pdb  5m2iJ_antibody.pdb
Converting SMILES to graph: 258/500
6w7sA_antigen.pdb  7y0wAB_antibody.pdb
Converting SMILES to graph: 259/500
6w7sA_antigen.pdb  8hcbDE_antibody.pdb
Converting SMILES to graph: 260/500
6waqD_antigen.pdb  8hviHh_antibody.pdb
Converting SMILES to graph: 261/500
6waqD_antigen.pdb  5hm1A_antibody.pdb
Converting SMILES to graph: 262/500
6waqD_antigen.pdb  2aeqHL_antibody.pdb
Converting SMILES to graph: 263/500
6waqD_antigen.pdb  7qndM_antibody.pdb
Converting SMILES to graph: 264/500
6waqD_antigen.pdb  7r98E_antibody.pdb
Converting SMILES to graph: 265/500
6waqD_antigen.pdb  8ivxHL_antibody.pdb
Converting SMILES to graph: 266/500
6warC_antigen.pdb  7c80HL_antibody.pdb
Converting SMILES to graph: 267/500
6warC_antigen.pdb  7lexRP_antibody.pdb
Converting SMILES to graph: 268/500
6warC_antigen.pdb  7xovN_antibody.pdb
Converting SMILES to graph: 269/500
6warC_antigen.pdb  3u9pHL_antibody.pdb
Converting SMILES to graph: 270/500
6warC_antigen.pdb  7wlwHL_antibody.pdb
Converting SMILES to graph: 271/500
6warC_antigen.pdb  1g9mHL_antibody.pdb
Converting SMILES to graph: 272/500
6wasJ_antigen.pdb  7wuiSs_antibody.pdb
Converting SMILES to graph: 273/500
6wasJ_antigen.pdb  7e72AB_antibody.pdb
Converting SMILES to graph: 274/500
6wasJ_antigen.pdb  4ygaB_antibody.pdb
Converting SMILES to graph: 275/500
6wasJ_antigen.pdb  6n7jHL_antibody.pdb
Converting SMILES to graph: 276/500
6wasJ_antigen.pdb  6p8nBD_antibody.pdb
Converting SMILES to graph: 277/500
6wasJ_antigen.pdb  1uacHL_antibody.pdb
Converting SMILES to graph: 278/500
6wbvA_antigen.pdb  7l7rBA_antibody.pdb
Converting SMILES to graph: 279/500
6wbvA_antigen.pdb  6pb0N_antibody.pdb
Converting SMILES to graph: 280/500
6wbvA_antigen.pdb  8dkeAB_antibody.pdb
Converting SMILES to graph: 281/500
6wbvA_antigen.pdb  5ggvHL_antibody.pdb
Converting SMILES to graph: 282/500
6wbvA_antigen.pdb  7zr9FG_antibody.pdb
Converting SMILES to graph: 283/500
6wbvA_antigen.pdb  2ht4EF_antibody.pdb
Converting SMILES to graph: 284/500
6wdsCAB_antigen.pdb  6x05K_antibody.pdb
Converting SMILES to graph: 285/500
6wdsCAB_antigen.pdb  6bzwCD_antibody.pdb
Converting SMILES to graph: 286/500
6wdsCAB_antigen.pdb  6cbpAa_antibody.pdb
Converting SMILES to graph: 287/500
6wdsCAB_antigen.pdb  5y2lIJ_antibody.pdb
Converting SMILES to graph: 288/500
6wdsCAB_antigen.pdb  4yhzHL_antibody.pdb
Converting SMILES to graph: 289/500
6wdsCAB_antigen.pdb  7x8tCB_antibody.pdb
Converting SMILES to graph: 290/500
6wdtACB_antigen.pdb  5czxHL_antibody.pdb
Converting SMILES to graph: 291/500
6wdtACB_antigen.pdb  3r08HL_antibody.pdb
Converting SMILES to graph: 292/500
6wdtACB_antigen.pdb  6qb4Xx_antibody.pdb
Converting SMILES to graph: 293/500
6wdtACB_antigen.pdb  7dfaHL_antibody.pdb
Converting SMILES to graph: 294/500
6wdtACB_antigen.pdb  7n9aA_antibody.pdb
Converting SMILES to graph: 295/500
6wdtACB_antigen.pdb  5viyHG_antibody.pdb
Converting SMILES to graph: 296/500
6weqB_antigen.pdb  3baeHL_antibody.pdb
Converting SMILES to graph: 297/500
6weqB_antigen.pdb  5n09IM_antibody.pdb
Converting SMILES to graph: 298/500
6weqB_antigen.pdb  7wpfUV_antibody.pdb
Converting SMILES to graph: 299/500
6weqB_antigen.pdb  6wg1HL_antibody.pdb
Converting SMILES to graph: 300/500
6weqB_antigen.pdb  7k84B_antibody.pdb
Converting SMILES to graph: 301/500
6weqB_antigen.pdb  7qbfB_antibody.pdb
Converting SMILES to graph: 302/500
6werB_antigen.pdb  7sodHL_antibody.pdb
Converting SMILES to graph: 303/500
6werB_antigen.pdb  7wvdGH_antibody.pdb
Converting SMILES to graph: 304/500
6werB_antigen.pdb  7b2pD_antibody.pdb
Converting SMILES to graph: 305/500
6werB_antigen.pdb  5cjsHL_antibody.pdb
Converting SMILES to graph: 306/500
6werB_antigen.pdb  6nfvAB_antibody.pdb
Converting SMILES to graph: 307/500
6werB_antigen.pdb  3r08HL_antibody.pdb
Converting SMILES to graph: 308/500
6wexFE_antigen.pdb  7a4yB_antibody.pdb
Converting SMILES to graph: 309/500
6wexFE_antigen.pdb  7fjoHL_antibody.pdb
Converting SMILES to graph: 310/500
6wexFE_antigen.pdb  7tasHL_antibody.pdb
Converting SMILES to graph: 311/500
6wexFE_antigen.pdb  7wn2HL_antibody.pdb
Converting SMILES to graph: 312/500
6wexFE_antigen.pdb  8ib1BA_antibody.pdb
Converting SMILES to graph: 313/500
6wexFE_antigen.pdb  7xmxEF_antibody.pdb
Converting SMILES to graph: 314/500
6wezBA_antigen.pdb  6fy0IM_antibody.pdb
Converting SMILES to graph: 315/500
6wezBA_antigen.pdb  7t2hEe_antibody.pdb
Converting SMILES to graph: 316/500
6wezBA_antigen.pdb  7jooHL_antibody.pdb
Converting SMILES to graph: 317/500
6wezBA_antigen.pdb  7kfeGI_antibody.pdb
Converting SMILES to graph: 318/500
6wezBA_antigen.pdb  7n0uHL_antibody.pdb
Converting SMILES to graph: 319/500
6wezBA_antigen.pdb  8cddED_antibody.pdb
Converting SMILES to graph: 320/500
6wf0BA_antigen.pdb  6phfAB_antibody.pdb
Converting SMILES to graph: 321/500
6wf0BA_antigen.pdb  7wtjHL_antibody.pdb
Converting SMILES to graph: 322/500
6wf0BA_antigen.pdb  6yo6C_antibody.pdb
Converting SMILES to graph: 323/500
6wf0BA_antigen.pdb  7v8qBA_antibody.pdb
Converting SMILES to graph: 324/500
6wf0BA_antigen.pdb  5xcsAB_antibody.pdb
Converting SMILES to graph: 325/500
6wf1BA_antigen.pdb  8dtuA_antibody.pdb
Converting SMILES to graph: 326/500
6wf1BA_antigen.pdb  7v23OP_antibody.pdb
Converting SMILES to graph: 327/500
6wf1BA_antigen.pdb  7sk9FE_antibody.pdb
Converting SMILES to graph: 328/500
6wf1BA_antigen.pdb  1jtoB_antibody.pdb
Converting SMILES to graph: 329/500
6wf1BA_antigen.pdb  6b5rHL_antibody.pdb
Converting SMILES to graph: 330/500
6wf1BA_antigen.pdb  4lsrHL_antibody.pdb
Converting SMILES to graph: 331/500
6wfxP_antigen.pdb  7eb2Nn_antibody.pdb
Converting SMILES to graph: 332/500
6wfxP_antigen.pdb  2nyyDC_antibody.pdb
Converting SMILES to graph: 333/500
6wfxP_antigen.pdb  7cqdIM_antibody.pdb
Converting SMILES to graph: 334/500
6wfxP_antigen.pdb  7k78Kk_antibody.pdb
Converting SMILES to graph: 335/500
6wfxP_antigen.pdb  4cniHL_antibody.pdb
Converting SMILES to graph: 336/500
6wfyP_antigen.pdb  7pijN_antibody.pdb
Converting SMILES to graph: 337/500
6wfyP_antigen.pdb  7tcaHL_antibody.pdb
Converting SMILES to graph: 338/500
6wfyP_antigen.pdb  3cxhUV_antibody.pdb
Converting SMILES to graph: 339/500
6wfyP_antigen.pdb  4xxdBA_antibody.pdb
Converting SMILES to graph: 340/500
6wfyP_antigen.pdb  4np4HL_antibody.pdb
Converting SMILES to graph: 341/500
6wfyP_antigen.pdb  7rsnHL_antibody.pdb
Converting SMILES to graph: 342/500
6wfzP_antigen.pdb  6x9sHL_antibody.pdb
Converting SMILES to graph: 343/500
6wfzP_antigen.pdb  2fedCD_antibody.pdb
Converting SMILES to graph: 344/500
6wfzP_antigen.pdb  7a3pHL_antibody.pdb
Converting SMILES to graph: 345/500
6wfzP_antigen.pdb  7tesHL_antibody.pdb
Converting SMILES to graph: 346/500
6wfzP_antigen.pdb  6yu8B_antibody.pdb
Converting SMILES to graph: 347/500
6wfzP_antigen.pdb  2vdrHL_antibody.pdb
Converting SMILES to graph: 348/500
6wg0P_antigen.pdb  5fuuHL_antibody.pdb
Converting SMILES to graph: 349/500
6wg0P_antigen.pdb  5esvHL_antibody.pdb
Converting SMILES to graph: 350/500
6wg0P_antigen.pdb  4kjpCD_antibody.pdb
Converting SMILES to graph: 351/500
6wg0P_antigen.pdb  7zozHL_antibody.pdb
Converting SMILES to graph: 352/500
6wg0P_antigen.pdb  5xj4HL_antibody.pdb
Converting SMILES to graph: 353/500
6wg0P_antigen.pdb  7ebrEF_antibody.pdb
Converting SMILES to graph: 354/500
6wg1C_antigen.pdb  4u1gEF_antibody.pdb
Converting SMILES to graph: 355/500
6wg1C_antigen.pdb  1g7jBA_antibody.pdb
Converting SMILES to graph: 356/500
6wg1C_antigen.pdb  8f6eDC_antibody.pdb
Converting SMILES to graph: 357/500
6wg1C_antigen.pdb  6z20D_antibody.pdb
Converting SMILES to graph: 358/500
6wg1C_antigen.pdb  7lu9lk_antibody.pdb
Converting SMILES to graph: 359/500
6wg1C_antigen.pdb  7nvoN_antibody.pdb
Converting SMILES to graph: 360/500
6wg2P_antigen.pdb  6b5nHL_antibody.pdb
Converting SMILES to graph: 361/500
6wg2P_antigen.pdb  8djgAB_antibody.pdb
Converting SMILES to graph: 362/500
6wg2P_antigen.pdb  6frjHh_antibody.pdb
Converting SMILES to graph: 363/500
6wg2P_antigen.pdb  7x7eB_antibody.pdb
Converting SMILES to graph: 364/500
6wg2P_antigen.pdb  6mufHL_antibody.pdb
Converting SMILES to graph: 365/500
6wg2P_antigen.pdb  5hbvDC_antibody.pdb
Converting SMILES to graph: 366/500
6wglC_antigen.pdb  8saqCD_antibody.pdb
Converting SMILES to graph: 367/500
6wglC_antigen.pdb  7pnqDF_antibody.pdb
Converting SMILES to graph: 368/500
6wglC_antigen.pdb  2p47B_antibody.pdb
Converting SMILES to graph: 369/500
6wglC_antigen.pdb  4xnzHL_antibody.pdb
Converting SMILES to graph: 370/500
6wglC_antigen.pdb  4f3fBA_antibody.pdb
Converting SMILES to graph: 371/500
6wglC_antigen.pdb  7v8qBA_antibody.pdb
Converting SMILES to graph: 372/500
6wh9D_antigen.pdb  7amqHL_antibody.pdb
Converting SMILES to graph: 373/500
6wh9D_antigen.pdb  7zlgHL_antibody.pdb
Converting SMILES to graph: 374/500
6wh9D_antigen.pdb  6x9sHL_antibody.pdb
Converting SMILES to graph: 375/500
6wh9D_antigen.pdb  7yowHL_antibody.pdb
Converting SMILES to graph: 376/500
6wh9D_antigen.pdb  5ja8D_antibody.pdb
Converting SMILES to graph: 377/500
6wh9D_antigen.pdb  7r0jDd_antibody.pdb
Converting SMILES to graph: 378/500
6whaBC_antigen.pdb  7tlzBA_antibody.pdb
Converting SMILES to graph: 379/500
6whaBC_antigen.pdb  8hebED_antibody.pdb
Converting SMILES to graph: 380/500
6whaBC_antigen.pdb  8gniC_antibody.pdb
Converting SMILES to graph: 381/500
6whaBC_antigen.pdb  6rtyB_antibody.pdb
Converting SMILES to graph: 382/500
6whaBC_antigen.pdb  8dfhHL_antibody.pdb
Converting SMILES to graph: 383/500
6whaBC_antigen.pdb  6ww5EF_antibody.pdb
Converting SMILES to graph: 384/500
6whcAB_antigen.pdb  8sb4CD_antibody.pdb
Converting SMILES to graph: 385/500
6whcAB_antigen.pdb  7wwiED_antibody.pdb
Converting SMILES to graph: 386/500
6whcAB_antigen.pdb  7u2lEe_antibody.pdb
Converting SMILES to graph: 387/500
6whcAB_antigen.pdb  6ogeED_antibody.pdb
Converting SMILES to graph: 388/500
6whcAB_antigen.pdb  7ljcN_antibody.pdb
Converting SMILES to graph: 389/500
6whcAB_antigen.pdb  8ib1BA_antibody.pdb
Converting SMILES to graph: 390/500
6whkA_antigen.pdb  6pv8HI_antibody.pdb
Converting SMILES to graph: 391/500
6whkA_antigen.pdb  4kfzD_antibody.pdb
Converting SMILES to graph: 392/500
6whkA_antigen.pdb  8h00ED_antibody.pdb
Converting SMILES to graph: 393/500
6whkA_antigen.pdb  7zkzB_antibody.pdb
Converting SMILES to graph: 394/500
6whkA_antigen.pdb  3ztnHL_antibody.pdb
Converting SMILES to graph: 395/500
6whkA_antigen.pdb  8haoF_antibody.pdb
Converting SMILES to graph: 396/500
6wi9AB_antigen.pdb  6tggHh_antibody.pdb
Converting SMILES to graph: 397/500
6wi9AB_antigen.pdb  7n0vHL_antibody.pdb
Converting SMILES to graph: 398/500
6wi9AB_antigen.pdb  6c5vHL_antibody.pdb
Converting SMILES to graph: 399/500
6wi9AB_antigen.pdb  7ctuDE_antibody.pdb
Converting SMILES to graph: 400/500
6wi9AB_antigen.pdb  7ydjEe_antibody.pdb
Converting SMILES to graph: 401/500
6wi9AB_antigen.pdb  7bbjMN_antibody.pdb
Converting SMILES to graph: 402/500
6wikA_antigen.pdb  8eitEe_antibody.pdb
Converting SMILES to graph: 403/500
6wikA_antigen.pdb  6k5dEF_antibody.pdb
Converting SMILES to graph: 404/500
6wikA_antigen.pdb  7s8oEe_antibody.pdb
Converting SMILES to graph: 405/500
6wikA_antigen.pdb  8ee8HL_antibody.pdb
Converting SMILES to graph: 406/500
6wikA_antigen.pdb  6m1iC_antibody.pdb
Converting SMILES to graph: 407/500
6wikA_antigen.pdb  7z1xB_antibody.pdb
Converting SMILES to graph: 408/500
6wioC_antigen.pdb  4g7yHL_antibody.pdb
Converting SMILES to graph: 409/500
6wioC_antigen.pdb  4xrcBA_antibody.pdb
Converting SMILES to graph: 410/500
6wioC_antigen.pdb  8pvbO_antibody.pdb
Converting SMILES to graph: 411/500
6wioC_antigen.pdb  8bvrB_antibody.pdb
Converting SMILES to graph: 412/500
6wioC_antigen.pdb  6b5oHL_antibody.pdb
Converting SMILES to graph: 413/500
6wioC_antigen.pdb  7u9pHL_antibody.pdb
Converting SMILES to graph: 414/500
6wirC_antigen.pdb  7s4sHL_antibody.pdb
Converting SMILES to graph: 415/500
6wirC_antigen.pdb  8fxvB_antibody.pdb
Converting SMILES to graph: 416/500
6wirC_antigen.pdb  7vacBA_antibody.pdb
Converting SMILES to graph: 417/500
6wirC_antigen.pdb  6yz5F_antibody.pdb
Converting SMILES to graph: 418/500
6wirC_antigen.pdb  8jirN_antibody.pdb
Converting SMILES to graph: 419/500
6witI_antigen.pdb  7ph7C_antibody.pdb
Converting SMILES to graph: 420/500
6witI_antigen.pdb  7m30FG_antibody.pdb
Converting SMILES to graph: 421/500
6witI_antigen.pdb  1nbyBA_antibody.pdb
Converting SMILES to graph: 422/500
6witI_antigen.pdb  7xa3Ee_antibody.pdb
Converting SMILES to graph: 423/500
6witI_antigen.pdb  1tzgIM_antibody.pdb
Converting SMILES to graph: 424/500
6witI_antigen.pdb  7w2zSs_antibody.pdb
Converting SMILES to graph: 425/500
6wixB_antigen.pdb  7uvhAB_antibody.pdb
Converting SMILES to graph: 426/500
6wixB_antigen.pdb  7kylXY_antibody.pdb
Converting SMILES to graph: 427/500
6wixB_antigen.pdb  3haeHL_antibody.pdb
Converting SMILES to graph: 428/500
6wixB_antigen.pdb  2p42D_antibody.pdb
Converting SMILES to graph: 429/500
6wixB_antigen.pdb  6nb7HL_antibody.pdb
Converting SMILES to graph: 430/500
6wixB_antigen.pdb  3ve0AB_antibody.pdb
Converting SMILES to graph: 431/500
6wizBA_antigen.pdb  5whkHL_antibody.pdb
Converting SMILES to graph: 432/500
6wizBA_antigen.pdb  7nj3F_antibody.pdb
Converting SMILES to graph: 433/500
6wizBA_antigen.pdb  4xmmHL_antibody.pdb
Converting SMILES to graph: 434/500
6wizBA_antigen.pdb  1xiwHG_antibody.pdb
Converting SMILES to graph: 435/500
6wizBA_antigen.pdb  7zfbN_antibody.pdb
Converting SMILES to graph: 436/500
6wizBA_antigen.pdb  7ckwN_antibody.pdb
Converting SMILES to graph: 437/500
6wj1DC_antigen.pdb  7wz4Ss_antibody.pdb
Converting SMILES to graph: 438/500
6wj1DC_antigen.pdb  5u8rHL_antibody.pdb
Converting SMILES to graph: 439/500
6wj1DC_antigen.pdb  2dqdHL_antibody.pdb
Converting SMILES to graph: 440/500
6wj1DC_antigen.pdb  7b0bHL_antibody.pdb
Converting SMILES to graph: 441/500
6wj1DC_antigen.pdb  4jb9HL_antibody.pdb
Converting SMILES to graph: 442/500
6wj1DC_antigen.pdb  7trpHh_antibody.pdb
Converting SMILES to graph: 443/500
6wjlG_antigen.pdb  1qkzHL_antibody.pdb
Converting SMILES to graph: 444/500
6wjlG_antigen.pdb  7syyHL_antibody.pdb
Converting SMILES to graph: 445/500
6wjlG_antigen.pdb  6ss4HL_antibody.pdb
Converting SMILES to graph: 446/500
6wjlG_antigen.pdb  8h0pEe_antibody.pdb
Converting SMILES to graph: 447/500
6wjlG_antigen.pdb  7e3kFG_antibody.pdb
Converting SMILES to graph: 448/500
6wjlG_antigen.pdb  7tyyN_antibody.pdb
Converting SMILES to graph: 449/500
6wm9A_antigen.pdb  6qx3O_antibody.pdb
Converting SMILES to graph: 450/500
6wm9A_antigen.pdb  7xkfN_antibody.pdb
Converting SMILES to graph: 451/500
6wm9A_antigen.pdb  8j19Ss_antibody.pdb
Converting SMILES to graph: 452/500
6wm9A_antigen.pdb  6pe9HL_antibody.pdb
Converting SMILES to graph: 453/500
6wm9A_antigen.pdb  7cvsCD_antibody.pdb
Converting SMILES to graph: 454/500
6wmwB_antigen.pdb  8t8mC_antibody.pdb
Converting SMILES to graph: 455/500
6wmwB_antigen.pdb  2itdAB_antibody.pdb
Converting SMILES to graph: 456/500
6wmwB_antigen.pdb  7mdtHL_antibody.pdb
Converting SMILES to graph: 457/500
6wmwB_antigen.pdb  6u36HL_antibody.pdb
Converting SMILES to graph: 458/500
6wmwB_antigen.pdb  3u9uAB_antibody.pdb
Converting SMILES to graph: 459/500
6wmwB_antigen.pdb  7z2mBA_antibody.pdb
Converting SMILES to graph: 460/500
6wn1D_antigen.pdb  7z1bF_antibody.pdb
Converting SMILES to graph: 461/500
6wn1D_antigen.pdb  7tgiB_antibody.pdb
Converting SMILES to graph: 462/500
6wn1D_antigen.pdb  7voaA_antibody.pdb
Converting SMILES to graph: 463/500
6wn1D_antigen.pdb  8sr0YZ_antibody.pdb
Converting SMILES to graph: 464/500
6wn1D_antigen.pdb  7a65CB_antibody.pdb
Converting SMILES to graph: 465/500
6wn1D_antigen.pdb  8j1tHK_antibody.pdb
Converting SMILES to graph: 466/500
6wn4C_antigen.pdb  7nwlDE_antibody.pdb
Converting SMILES to graph: 467/500
6wn4C_antigen.pdb  7wbzHL_antibody.pdb
Converting SMILES to graph: 468/500
6wn4C_antigen.pdb  7cfnN_antibody.pdb
Converting SMILES to graph: 469/500
6wn4C_antigen.pdb  8hqeHh_antibody.pdb
Converting SMILES to graph: 470/500
6wn4C_antigen.pdb  7detDd_antibody.pdb
Converting SMILES to graph: 471/500
6wn4C_antigen.pdb  4xphHL_antibody.pdb
Converting SMILES to graph: 472/500
6wnoD_antigen.pdb  7xtqN_antibody.pdb
Converting SMILES to graph: 473/500
6wnoD_antigen.pdb  7d5uD_antibody.pdb
Converting SMILES to graph: 474/500
6wnoD_antigen.pdb  8d9yBA_antibody.pdb
Converting SMILES to graph: 475/500
6wnoD_antigen.pdb  4ydlBC_antibody.pdb
Converting SMILES to graph: 476/500
6wnoD_antigen.pdb  5utfDE_antibody.pdb
Converting SMILES to graph: 477/500
6wnoD_antigen.pdb  8dzvAa_antibody.pdb
Converting SMILES to graph: 478/500
6wo3E_antigen.pdb  4rgnBC_antibody.pdb
Converting SMILES to graph: 479/500
6wo3E_antigen.pdb  7woqDd_antibody.pdb
Converting SMILES to graph: 480/500
6wo3E_antigen.pdb  8c7hLK_antibody.pdb
Converting SMILES to graph: 481/500
6wo3E_antigen.pdb  7t90Ee_antibody.pdb
Converting SMILES to graph: 482/500
6wo3E_antigen.pdb  5njgEF_antibody.pdb
Converting SMILES to graph: 483/500
6wo4E_antigen.pdb  8gusSs_antibody.pdb
Converting SMILES to graph: 484/500
6wo4E_antigen.pdb  8c7hLK_antibody.pdb
Converting SMILES to graph: 485/500
6wo4E_antigen.pdb  2mpaHL_antibody.pdb
Converting SMILES to graph: 486/500
6wo4E_antigen.pdb  7w0nSs_antibody.pdb
Converting SMILES to graph: 487/500
6wo4E_antigen.pdb  7rt9CD_antibody.pdb
Converting SMILES to graph: 488/500
6wo4E_antigen.pdb  8en6C_antibody.pdb
Converting SMILES to graph: 489/500
6wo5F_antigen.pdb  7sl5AB_antibody.pdb
Converting SMILES to graph: 490/500
6wo5F_antigen.pdb  7srkB_antibody.pdb
Converting SMILES to graph: 491/500
6wo5F_antigen.pdb  7um5Ee_antibody.pdb
Converting SMILES to graph: 492/500
6wo5F_antigen.pdb  6e56GI_antibody.pdb
Converting SMILES to graph: 493/500
6wo5F_antigen.pdb  5lhqB_antibody.pdb
Converting SMILES to graph: 494/500
6wo5F_antigen.pdb  7eajFL_antibody.pdb
Converting SMILES to graph: 495/500
6woqF_antigen.pdb  7upwDE_antibody.pdb
Converting SMILES to graph: 496/500
6woqF_antigen.pdb  4lvhKL_antibody.pdb
Converting SMILES to graph: 497/500
6woqF_antigen.pdb  6iuvCD_antibody.pdb
Converting SMILES to graph: 498/500
6woqF_antigen.pdb  6mnsAB_antibody.pdb
Converting SMILES to graph: 499/500
6woqF_antigen.pdb  8flsN_antibody.pdb
Converting SMILES to graph: 500/500
6woqF_antigen.pdb  7r8mHL_antibody.pdb
Graph construction done. Saving to file.
