Converting SMILES to graph: 1/500
7w0oAB_antigen.pdb  7azbB_antibody.pdb
Converting SMILES to graph: 2/500
7w0pAB_antigen.pdb  7tprH_antibody.pdb
Converting SMILES to graph: 3/500
7w0pAB_antigen.pdb  7wr8AB_antibody.pdb
Converting SMILES to graph: 4/500
7w0pAB_antigen.pdb  6cdeHL_antibody.pdb
Converting SMILES to graph: 5/500
7w0pAB_antigen.pdb  5y9jHL_antibody.pdb
Converting SMILES to graph: 6/500
7w0pAB_antigen.pdb  1q1jIM_antibody.pdb
Converting SMILES to graph: 7/500
7w0pAB_antigen.pdb  7fh0B_antibody.pdb
Converting SMILES to graph: 8/500
7w1sA_antigen.pdb  5y0aDE_antibody.pdb
Converting SMILES to graph: 9/500
7w1sA_antigen.pdb  6uusN_antibody.pdb
Converting SMILES to graph: 10/500
7w1sA_antigen.pdb  4nx3BA_antibody.pdb
Converting SMILES to graph: 11/500
7w1sA_antigen.pdb  8fegFf_antibody.pdb
Converting SMILES to graph: 12/500
7w1sA_antigen.pdb  6mftAB_antibody.pdb
Converting SMILES to graph: 13/500
7w1sA_antigen.pdb  5lhqB_antibody.pdb
Converting SMILES to graph: 14/500
7w2zAB_antigen.pdb  6mi2DE_antibody.pdb
Converting SMILES to graph: 15/500
7w2zAB_antigen.pdb  4xh2AB_antibody.pdb
Converting SMILES to graph: 16/500
7w2zAB_antigen.pdb  7epxHL_antibody.pdb
Converting SMILES to graph: 17/500
7w2zAB_antigen.pdb  7sk8DC_antibody.pdb
Converting SMILES to graph: 18/500
7w2zAB_antigen.pdb  7dceHL_antibody.pdb
Converting SMILES to graph: 19/500
7w3zBC_antigen.pdb  3ffdAB_antibody.pdb
Converting SMILES to graph: 20/500
7w3zBC_antigen.pdb  3f5wAB_antibody.pdb
Converting SMILES to graph: 21/500
7w3zBC_antigen.pdb  7tyoN_antibody.pdb
Converting SMILES to graph: 22/500
7w3zBC_antigen.pdb  7e9oHL_antibody.pdb
Converting SMILES to graph: 23/500
7w3zBC_antigen.pdb  5x0tAB_antibody.pdb
Converting SMILES to graph: 24/500
7w3zBC_antigen.pdb  8dxuHL_antibody.pdb
Converting SMILES to graph: 25/500
7w40BCD_antigen.pdb  6mtqHL_antibody.pdb
Converting SMILES to graph: 26/500
7w40BCD_antigen.pdb  6zvfHL_antibody.pdb
Converting SMILES to graph: 27/500
7w40BCD_antigen.pdb  7ydmN_antibody.pdb
Converting SMILES to graph: 28/500
7w40BCD_antigen.pdb  1za3HL_antibody.pdb
Converting SMILES to graph: 29/500
7w40BCD_antigen.pdb  7y26Dd_antibody.pdb
Converting SMILES to graph: 30/500
7w40BCD_antigen.pdb  7y8jHL_antibody.pdb
Converting SMILES to graph: 31/500
7w53AB_antigen.pdb  6pxrHL_antibody.pdb
Converting SMILES to graph: 32/500
7w53AB_antigen.pdb  7pqzHL_antibody.pdb
Converting SMILES to graph: 33/500
7w53AB_antigen.pdb  8cyjA_antibody.pdb
Converting SMILES to graph: 34/500
7w53AB_antigen.pdb  1g7jBA_antibody.pdb
Converting SMILES to graph: 35/500
7w53AB_antigen.pdb  6vc9HL_antibody.pdb
Converting SMILES to graph: 36/500
7w53AB_antigen.pdb  8de3BC_antibody.pdb
Converting SMILES to graph: 37/500
7w55AB_antigen.pdb  6o3lAB_antibody.pdb
Converting SMILES to graph: 38/500
7w55AB_antigen.pdb  7kmgAB_antibody.pdb
Converting SMILES to graph: 39/500
7w55AB_antigen.pdb  8sakHL_antibody.pdb
Converting SMILES to graph: 40/500
7w55AB_antigen.pdb  7yckCD_antibody.pdb
Converting SMILES to graph: 41/500
7w55AB_antigen.pdb  6jhqDE_antibody.pdb
Converting SMILES to graph: 42/500
7w55AB_antigen.pdb  3ejzCD_antibody.pdb
Converting SMILES to graph: 43/500
7w56AB_antigen.pdb  7tcaHL_antibody.pdb
Converting SMILES to graph: 44/500
7w56AB_antigen.pdb  6n1vXZ_antibody.pdb
Converting SMILES to graph: 45/500
7w56AB_antigen.pdb  7yp7N_antibody.pdb
Converting SMILES to graph: 46/500
7w56AB_antigen.pdb  7a0yEF_antibody.pdb
Converting SMILES to graph: 47/500
7w56AB_antigen.pdb  7xczDE_antibody.pdb
Converting SMILES to graph: 48/500
7w57AB_antigen.pdb  8h63B_antibody.pdb
Converting SMILES to graph: 49/500
7w57AB_antigen.pdb  5nbdC_antibody.pdb
Converting SMILES to graph: 50/500
7w57AB_antigen.pdb  7wbzHL_antibody.pdb
Converting SMILES to graph: 51/500
7w57AB_antigen.pdb  7wh8BA_antibody.pdb
Converting SMILES to graph: 52/500
7w57AB_antigen.pdb  8ilxC_antibody.pdb
Converting SMILES to graph: 53/500
7w57AB_antigen.pdb  7bz5HL_antibody.pdb
Converting SMILES to graph: 54/500
7w6pAB_antigen.pdb  4zxbCD_antibody.pdb
Converting SMILES to graph: 55/500
7w6pAB_antigen.pdb  4i9wED_antibody.pdb
Converting SMILES to graph: 56/500
7w6pAB_antigen.pdb  6nc3HL_antibody.pdb
Converting SMILES to graph: 57/500
7w6pAB_antigen.pdb  7kc9F_antibody.pdb
Converting SMILES to graph: 58/500
7w6pAB_antigen.pdb  7t76HL_antibody.pdb
Converting SMILES to graph: 59/500
7w6pAB_antigen.pdb  7ymsFE_antibody.pdb
Converting SMILES to graph: 60/500
7w71A_antigen.pdb  7zxgBC_antibody.pdb
Converting SMILES to graph: 61/500
7w71A_antigen.pdb  7qnwAB_antibody.pdb
Converting SMILES to graph: 62/500
7w71A_antigen.pdb  8ejcEe_antibody.pdb
Converting SMILES to graph: 63/500
7w71A_antigen.pdb  6n51D_antibody.pdb
Converting SMILES to graph: 64/500
7w71A_antigen.pdb  7xauEe_antibody.pdb
Converting SMILES to graph: 65/500
7w71A_antigen.pdb  7amqHL_antibody.pdb
Converting SMILES to graph: 66/500
7w7eAB_antigen.pdb  8hmvN_antibody.pdb
Converting SMILES to graph: 67/500
7w7eAB_antigen.pdb  6ogeED_antibody.pdb
Converting SMILES to graph: 68/500
7w7eAB_antigen.pdb  6yaxIM_antibody.pdb
Converting SMILES to graph: 69/500
7w7eAB_antigen.pdb  7c2lJN_antibody.pdb
Converting SMILES to graph: 70/500
7w7eAB_antigen.pdb  7xowEe_antibody.pdb
Converting SMILES to graph: 71/500
7w7eAB_antigen.pdb  4nbyB_antibody.pdb
Converting SMILES to graph: 72/500
7w9eC_antigen.pdb  5lwyHL_antibody.pdb
Converting SMILES to graph: 73/500
7w9eC_antigen.pdb  8cycD_antibody.pdb
Converting SMILES to graph: 74/500
7w9eC_antigen.pdb  3stlAB_antibody.pdb
Converting SMILES to graph: 75/500
7w9eC_antigen.pdb  8euwGH_antibody.pdb
Converting SMILES to graph: 76/500
7w9eC_antigen.pdb  1za3HL_antibody.pdb
Converting SMILES to graph: 77/500
7w9fE_antigen.pdb  5fgcEB_antibody.pdb
Converting SMILES to graph: 78/500
7w9fE_antigen.pdb  7urfOP_antibody.pdb
Converting SMILES to graph: 79/500
7w9fE_antigen.pdb  5th9JN_antibody.pdb
Converting SMILES to graph: 80/500
7w9fE_antigen.pdb  8c5hN_antibody.pdb
Converting SMILES to graph: 81/500
7w9fE_antigen.pdb  6xkqHL_antibody.pdb
Converting SMILES to graph: 82/500
7w9fE_antigen.pdb  7u0iKk_antibody.pdb
Converting SMILES to graph: 83/500
7wb5R_antigen.pdb  7xegCD_antibody.pdb
Converting SMILES to graph: 84/500
7wb5R_antigen.pdb  3grwHL_antibody.pdb
Converting SMILES to graph: 85/500
7wb5R_antigen.pdb  8gniC_antibody.pdb
Converting SMILES to graph: 86/500
7wb5R_antigen.pdb  7wk0AB_antibody.pdb
Converting SMILES to graph: 87/500
7wb5R_antigen.pdb  6usfHL_antibody.pdb
Converting SMILES to graph: 88/500
7wb5R_antigen.pdb  1melA_antibody.pdb
Converting SMILES to graph: 89/500
7wbhA_antigen.pdb  1r3jBA_antibody.pdb
Converting SMILES to graph: 90/500
7wbhA_antigen.pdb  7nowA_antibody.pdb
Converting SMILES to graph: 91/500
7wbhA_antigen.pdb  1c08BA_antibody.pdb
Converting SMILES to graph: 92/500
7wbhA_antigen.pdb  8flrN_antibody.pdb
Converting SMILES to graph: 93/500
7wbhA_antigen.pdb  5i71BC_antibody.pdb
Converting SMILES to graph: 94/500
7wbjAB_antigen.pdb  8f0kN_antibody.pdb
Converting SMILES to graph: 95/500
7wbjAB_antigen.pdb  7kmgAB_antibody.pdb
Converting SMILES to graph: 96/500
7wbjAB_antigen.pdb  7l2dHL_antibody.pdb
Converting SMILES to graph: 97/500
7wbjAB_antigen.pdb  7e9nHL_antibody.pdb
Converting SMILES to graph: 98/500
7wbjAB_antigen.pdb  7wt9HA_antibody.pdb
Converting SMILES to graph: 99/500
7wbjAB_antigen.pdb  7daaHL_antibody.pdb
Converting SMILES to graph: 100/500
7wbzA_antigen.pdb  7uotST_antibody.pdb
Converting SMILES to graph: 101/500
7wbzA_antigen.pdb  1hh9BA_antibody.pdb
Converting SMILES to graph: 102/500
7wbzA_antigen.pdb  6bt3BA_antibody.pdb
Converting SMILES to graph: 103/500
7wbzA_antigen.pdb  5tjwK_antibody.pdb
Converting SMILES to graph: 104/500
7wbzA_antigen.pdb  7f0tE_antibody.pdb
Converting SMILES to graph: 105/500
7wbzA_antigen.pdb  4c2iHL_antibody.pdb
Converting SMILES to graph: 106/500
7wcdH_antigen.pdb  4f9pDd_antibody.pdb
Converting SMILES to graph: 107/500
7wcdH_antigen.pdb  4ut9JN_antibody.pdb
Converting SMILES to graph: 108/500
7wcdH_antigen.pdb  5zv3HL_antibody.pdb
Converting SMILES to graph: 109/500
7wcdH_antigen.pdb  2oqjED_antibody.pdb
Converting SMILES to graph: 110/500
7wcdH_antigen.pdb  6i8sGK_antibody.pdb
Converting SMILES to graph: 111/500
7wcdH_antigen.pdb  1g7lBA_antibody.pdb
Converting SMILES to graph: 112/500
7wchA_antigen.pdb  2nxzDC_antibody.pdb
Converting SMILES to graph: 113/500
7wchA_antigen.pdb  3v0aC_antibody.pdb
Converting SMILES to graph: 114/500
7wchA_antigen.pdb  5m14C_antibody.pdb
Converting SMILES to graph: 115/500
7wchA_antigen.pdb  5lwyHL_antibody.pdb
Converting SMILES to graph: 116/500
7wchA_antigen.pdb  7ejaHh_antibody.pdb
Converting SMILES to graph: 117/500
7wchA_antigen.pdb  6c6zHL_antibody.pdb
Converting SMILES to graph: 118/500
7wckR_antigen.pdb  8dwwHL_antibody.pdb
Converting SMILES to graph: 119/500
7wckR_antigen.pdb  3f58HL_antibody.pdb
Converting SMILES to graph: 120/500
7wckR_antigen.pdb  5umnEF_antibody.pdb
Converting SMILES to graph: 121/500
7wckR_antigen.pdb  7dfpCB_antibody.pdb
Converting SMILES to graph: 122/500
7wckR_antigen.pdb  8gb8HL_antibody.pdb
Converting SMILES to graph: 123/500
7wckR_antigen.pdb  5mp3AB_antibody.pdb
Converting SMILES to graph: 124/500
7wcmACB_antigen.pdb  8fu6N_antibody.pdb
Converting SMILES to graph: 125/500
7wcmACB_antigen.pdb  6mwxOP_antibody.pdb
Converting SMILES to graph: 126/500
7wcmACB_antigen.pdb  5iwlAa_antibody.pdb
Converting SMILES to graph: 127/500
7wcmACB_antigen.pdb  7chcHL_antibody.pdb
Converting SMILES to graph: 128/500
7wcmACB_antigen.pdb  7r8oMN_antibody.pdb
Converting SMILES to graph: 129/500
7wcnAB_antigen.pdb  3hi1HL_antibody.pdb
Converting SMILES to graph: 130/500
7wcnAB_antigen.pdb  3bt2HL_antibody.pdb
Converting SMILES to graph: 131/500
7wcnAB_antigen.pdb  6cmiDC_antibody.pdb
Converting SMILES to graph: 132/500
7wcnAB_antigen.pdb  4kjwCD_antibody.pdb
Converting SMILES to graph: 133/500
7wcnAB_antigen.pdb  8hlbBC_antibody.pdb
Converting SMILES to graph: 134/500
7wcpB_antigen.pdb  8fb5AB_antibody.pdb
Converting SMILES to graph: 135/500
7wcpB_antigen.pdb  5cinHL_antibody.pdb
Converting SMILES to graph: 136/500
7wcpB_antigen.pdb  2fjhBA_antibody.pdb
Converting SMILES to graph: 137/500
7wcpB_antigen.pdb  7eptN_antibody.pdb
Converting SMILES to graph: 138/500
7wcpB_antigen.pdb  4hjgBA_antibody.pdb
Converting SMILES to graph: 139/500
7wcpB_antigen.pdb  5vkdHL_antibody.pdb
Converting SMILES to graph: 140/500
7wcrA_antigen.pdb  4khxHL_antibody.pdb
Converting SMILES to graph: 141/500
7wcrA_antigen.pdb  6xxvAB_antibody.pdb
Converting SMILES to graph: 142/500
7wcrA_antigen.pdb  7tcoCD_antibody.pdb
Converting SMILES to graph: 143/500
7wcrA_antigen.pdb  8hc5HL_antibody.pdb
Converting SMILES to graph: 144/500
7wcrA_antigen.pdb  5tq2HL_antibody.pdb
Converting SMILES to graph: 145/500
7wcrA_antigen.pdb  5uddMS_antibody.pdb
Converting SMILES to graph: 146/500
7wcuR_antigen.pdb  7v24HL_antibody.pdb
Converting SMILES to graph: 147/500
7wcuR_antigen.pdb  7lo7HL_antibody.pdb
Converting SMILES to graph: 148/500
7wcuR_antigen.pdb  7mnoHL_antibody.pdb
Converting SMILES to graph: 149/500
7wcuR_antigen.pdb  7n65CD_antibody.pdb
Converting SMILES to graph: 150/500
7wcuR_antigen.pdb  8bseHL_antibody.pdb
Converting SMILES to graph: 151/500
7wcuR_antigen.pdb  7kexGJ_antibody.pdb
Converting SMILES to graph: 152/500
7wczA_antigen.pdb  6kpgSs_antibody.pdb
Converting SMILES to graph: 153/500
7wczA_antigen.pdb  1zvyA_antibody.pdb
Converting SMILES to graph: 154/500
7wczA_antigen.pdb  7ra3Ee_antibody.pdb
Converting SMILES to graph: 155/500
7wczA_antigen.pdb  7x26HK_antibody.pdb
Converting SMILES to graph: 156/500
7wczA_antigen.pdb  2p44B_antibody.pdb
Converting SMILES to graph: 157/500
7wczA_antigen.pdb  2eizBA_antibody.pdb
Converting SMILES to graph: 158/500
7wd0B_antigen.pdb  4yzfGH_antibody.pdb
Converting SMILES to graph: 159/500
7wd0B_antigen.pdb  7zrcHL_antibody.pdb
Converting SMILES to graph: 160/500
7wd0B_antigen.pdb  8ekaHL_antibody.pdb
Converting SMILES to graph: 161/500
7wd0B_antigen.pdb  6mzjHL_antibody.pdb
Converting SMILES to graph: 162/500
7wd0B_antigen.pdb  7x90EF_antibody.pdb
Converting SMILES to graph: 163/500
7wd0B_antigen.pdb  8fd0C_antibody.pdb
Converting SMILES to graph: 164/500
7wd1B_antigen.pdb  8t06CD_antibody.pdb
Converting SMILES to graph: 165/500
7wd1B_antigen.pdb  6ubiDE_antibody.pdb
Converting SMILES to graph: 166/500
7wd1B_antigen.pdb  7zcfEe_antibody.pdb
Converting SMILES to graph: 167/500
7wd1B_antigen.pdb  5lcvHL_antibody.pdb
Converting SMILES to graph: 168/500
7wd1B_antigen.pdb  3fb8AB_antibody.pdb
Converting SMILES to graph: 169/500
7wd1B_antigen.pdb  7cz0G_antibody.pdb
Converting SMILES to graph: 170/500
7wd2A_antigen.pdb  8ituED_antibody.pdb
Converting SMILES to graph: 171/500
7wd2A_antigen.pdb  5gjsHL_antibody.pdb
Converting SMILES to graph: 172/500
7wd2A_antigen.pdb  8k2xSs_antibody.pdb
Converting SMILES to graph: 173/500
7wd2A_antigen.pdb  6x9tHL_antibody.pdb
Converting SMILES to graph: 174/500
7wd2A_antigen.pdb  6mn7Gg_antibody.pdb
Converting SMILES to graph: 175/500
7wd2A_antigen.pdb  8ol9BA_antibody.pdb
Converting SMILES to graph: 176/500
7wd7A_antigen.pdb  2vdnHL_antibody.pdb
Converting SMILES to graph: 177/500
7wd7A_antigen.pdb  4onfHL_antibody.pdb
Converting SMILES to graph: 178/500
7wd7A_antigen.pdb  8oxxBC_antibody.pdb
Converting SMILES to graph: 179/500
7wd7A_antigen.pdb  7wlwHL_antibody.pdb
Converting SMILES to graph: 180/500
7wd7A_antigen.pdb  3cfiL_antibody.pdb
Converting SMILES to graph: 181/500
7wd7A_antigen.pdb  7kqhHL_antibody.pdb
Converting SMILES to graph: 182/500
7wd8BA_antigen.pdb  6lpbN_antibody.pdb
Converting SMILES to graph: 183/500
7wd8BA_antigen.pdb  6cwtCD_antibody.pdb
Converting SMILES to graph: 184/500
7wd8BA_antigen.pdb  6um5CD_antibody.pdb
Converting SMILES to graph: 185/500
7wd8BA_antigen.pdb  7zg0G_antibody.pdb
Converting SMILES to graph: 186/500
7wd8BA_antigen.pdb  7fjnIJ_antibody.pdb
Converting SMILES to graph: 187/500
7wd8BA_antigen.pdb  7wslHL_antibody.pdb
Converting SMILES to graph: 188/500
7wd9B_antigen.pdb  6djpCD_antibody.pdb
Converting SMILES to graph: 189/500
7wd9B_antigen.pdb  7k8yGI_antibody.pdb
Converting SMILES to graph: 190/500
7wd9B_antigen.pdb  6uygHL_antibody.pdb
Converting SMILES to graph: 191/500
7wd9B_antigen.pdb  5t29HL_antibody.pdb
Converting SMILES to graph: 192/500
7wd9B_antigen.pdb  6s5aHL_antibody.pdb
Converting SMILES to graph: 193/500
7wd9B_antigen.pdb  3d0vBA_antibody.pdb
Converting SMILES to graph: 194/500
7wdfC_antigen.pdb  6o39BA_antibody.pdb
Converting SMILES to graph: 195/500
7wdfC_antigen.pdb  7jw0DC_antibody.pdb
Converting SMILES to graph: 196/500
7wdfC_antigen.pdb  5kvfHL_antibody.pdb
Converting SMILES to graph: 197/500
7wdfC_antigen.pdb  7s7rB_antibody.pdb
Converting SMILES to graph: 198/500
7wdfC_antigen.pdb  6oz3HL_antibody.pdb
Converting SMILES to graph: 199/500
7wdfC_antigen.pdb  4ogaCD_antibody.pdb
Converting SMILES to graph: 200/500
7we7D_antigen.pdb  5y9cHL_antibody.pdb
Converting SMILES to graph: 201/500
7we7D_antigen.pdb  7shzEF_antibody.pdb
Converting SMILES to graph: 202/500
7we7D_antigen.pdb  7wphED_antibody.pdb
Converting SMILES to graph: 203/500
7we7D_antigen.pdb  7xegCD_antibody.pdb
Converting SMILES to graph: 204/500
7we7D_antigen.pdb  7cvyNO_antibody.pdb
Converting SMILES to graph: 205/500
7we7D_antigen.pdb  8gf2CD_antibody.pdb
Converting SMILES to graph: 206/500
7we8ACB_antigen.pdb  3s35HL_antibody.pdb
Converting SMILES to graph: 207/500
7we8ACB_antigen.pdb  8g59Ss_antibody.pdb
Converting SMILES to graph: 208/500
7we8ACB_antigen.pdb  7ey5BC_antibody.pdb
Converting SMILES to graph: 209/500
7we8ACB_antigen.pdb  8b1hB_antibody.pdb
Converting SMILES to graph: 210/500
7we8ACB_antigen.pdb  7wnbHL_antibody.pdb
Converting SMILES to graph: 211/500
7we8ACB_antigen.pdb  2znxAa_antibody.pdb
Converting SMILES to graph: 212/500
7we9A_antigen.pdb  7ur6HL_antibody.pdb
Converting SMILES to graph: 213/500
7we9A_antigen.pdb  8i2gN_antibody.pdb
Converting SMILES to graph: 214/500
7we9A_antigen.pdb  6x1aN_antibody.pdb
Converting SMILES to graph: 215/500
7we9A_antigen.pdb  7wkdEe_antibody.pdb
Converting SMILES to graph: 216/500
7we9A_antigen.pdb  5v8mSU_antibody.pdb
Converting SMILES to graph: 217/500
7we9A_antigen.pdb  4r2gNM_antibody.pdb
Converting SMILES to graph: 218/500
7weaAC_antigen.pdb  7yvkHI_antibody.pdb
Converting SMILES to graph: 219/500
7weaAC_antigen.pdb  3h3bdD_antibody.pdb
Converting SMILES to graph: 220/500
7weaAC_antigen.pdb  7um3IM_antibody.pdb
Converting SMILES to graph: 221/500
7weaAC_antigen.pdb  5lbsHL_antibody.pdb
Converting SMILES to graph: 222/500
7weaAC_antigen.pdb  6w0hAB_antibody.pdb
Converting SMILES to graph: 223/500
7webD_antigen.pdb  6z06HL_antibody.pdb
Converting SMILES to graph: 224/500
7webD_antigen.pdb  5ueaHL_antibody.pdb
Converting SMILES to graph: 225/500
7webD_antigen.pdb  7x42HL_antibody.pdb
Converting SMILES to graph: 226/500
7webD_antigen.pdb  8i95Hh_antibody.pdb
Converting SMILES to graph: 227/500
7webD_antigen.pdb  8i97Hh_antibody.pdb
Converting SMILES to graph: 228/500
7webD_antigen.pdb  3skjHL_antibody.pdb
Converting SMILES to graph: 229/500
7wecC_antigen.pdb  6yorBC_antibody.pdb
Converting SMILES to graph: 230/500
7wecC_antigen.pdb  7lkiDE_antibody.pdb
Converting SMILES to graph: 231/500
7wecC_antigen.pdb  6pi7CB_antibody.pdb
Converting SMILES to graph: 232/500
7wecC_antigen.pdb  7b18H_antibody.pdb
Converting SMILES to graph: 233/500
7wecC_antigen.pdb  7x49HL_antibody.pdb
Converting SMILES to graph: 234/500
7wecC_antigen.pdb  8bbhHL_antibody.pdb
Converting SMILES to graph: 235/500
7wedE_antigen.pdb  6x8sHL_antibody.pdb
Converting SMILES to graph: 236/500
7wedE_antigen.pdb  6mb3HL_antibody.pdb
Converting SMILES to graph: 237/500
7wedE_antigen.pdb  7u0eAB_antibody.pdb
Converting SMILES to graph: 238/500
7wedE_antigen.pdb  4hixHL_antibody.pdb
Converting SMILES to graph: 239/500
7wedE_antigen.pdb  3ixyIJ_antibody.pdb
Converting SMILES to graph: 240/500
7wedE_antigen.pdb  8djkHL_antibody.pdb
Converting SMILES to graph: 241/500
7weeE_antigen.pdb  7ummHL_antibody.pdb
Converting SMILES to graph: 242/500
7weeE_antigen.pdb  1kirBA_antibody.pdb
Converting SMILES to graph: 243/500
7weeE_antigen.pdb  7kklE_antibody.pdb
Converting SMILES to graph: 244/500
7weeE_antigen.pdb  7tyyN_antibody.pdb
Converting SMILES to graph: 245/500
7weeE_antigen.pdb  4yo0CD_antibody.pdb
Converting SMILES to graph: 246/500
7weeE_antigen.pdb  7rqrAB_antibody.pdb
Converting SMILES to graph: 247/500
7wefE_antigen.pdb  4jg0HL_antibody.pdb
Converting SMILES to graph: 248/500
7wefE_antigen.pdb  7v9mN_antibody.pdb
Converting SMILES to graph: 249/500
7wefE_antigen.pdb  7t9iN_antibody.pdb
Converting SMILES to graph: 250/500
7wefE_antigen.pdb  7x2dE_antibody.pdb
Converting SMILES to graph: 251/500
7wefE_antigen.pdb  6niyN_antibody.pdb
Converting SMILES to graph: 252/500
7wefE_antigen.pdb  4kjwCD_antibody.pdb
Converting SMILES to graph: 253/500
7wf7BC_antigen.pdb  6o8dH_antibody.pdb
Converting SMILES to graph: 254/500
7wf7BC_antigen.pdb  3jwoHL_antibody.pdb
Converting SMILES to graph: 255/500
7wf7BC_antigen.pdb  7si0IJ_antibody.pdb
Converting SMILES to graph: 256/500
7wf7BC_antigen.pdb  6uynHL_antibody.pdb
Converting SMILES to graph: 257/500
7wf7BC_antigen.pdb  1ai1HL_antibody.pdb
Converting SMILES to graph: 258/500
7wf7BC_antigen.pdb  7kgkB_antibody.pdb
Converting SMILES to graph: 259/500
7wg3I_antigen.pdb  7jtfAB_antibody.pdb
Converting SMILES to graph: 260/500
7wg3I_antigen.pdb  6fzrHh_antibody.pdb
Converting SMILES to graph: 261/500
7wg3I_antigen.pdb  7n62HL_antibody.pdb
Converting SMILES to graph: 262/500
7wg3I_antigen.pdb  7ny5IH_antibody.pdb
Converting SMILES to graph: 263/500
7wg3I_antigen.pdb  5ngvHL_antibody.pdb
Converting SMILES to graph: 264/500
7wg3I_antigen.pdb  8f60AB_antibody.pdb
Converting SMILES to graph: 265/500
7wgdA_antigen.pdb  1kipBA_antibody.pdb
Converting SMILES to graph: 266/500
7wgdA_antigen.pdb  7nvoN_antibody.pdb
Converting SMILES to graph: 267/500
7wgdA_antigen.pdb  8ia8Ss_antibody.pdb
Converting SMILES to graph: 268/500
7wgdA_antigen.pdb  7kn6C_antibody.pdb
Converting SMILES to graph: 269/500
7wgdA_antigen.pdb  7aueSs_antibody.pdb
Converting SMILES to graph: 270/500
7wgdA_antigen.pdb  6p95DE_antibody.pdb
Converting SMILES to graph: 271/500
7wgtA_antigen.pdb  1n6qHL_antibody.pdb
Converting SMILES to graph: 272/500
7wgtA_antigen.pdb  4qyoAB_antibody.pdb
Converting SMILES to graph: 273/500
7wgtA_antigen.pdb  7pc0F_antibody.pdb
Converting SMILES to graph: 274/500
7wgtA_antigen.pdb  7rp3HI_antibody.pdb
Converting SMILES to graph: 275/500
7wgtA_antigen.pdb  6nbhN_antibody.pdb
Converting SMILES to graph: 276/500
7wgtA_antigen.pdb  4gajHL_antibody.pdb
Converting SMILES to graph: 277/500
7wh8C_antigen.pdb  7udgEF_antibody.pdb
Converting SMILES to graph: 278/500
7wh8C_antigen.pdb  7m52HL_antibody.pdb
Converting SMILES to graph: 279/500
7wh8C_antigen.pdb  5t3zHL_antibody.pdb
Converting SMILES to graph: 280/500
7wh8C_antigen.pdb  2xraHL_antibody.pdb
Converting SMILES to graph: 281/500
7wh8C_antigen.pdb  6cwtCD_antibody.pdb
Converting SMILES to graph: 282/500
7wh8C_antigen.pdb  6zhdD_antibody.pdb
Converting SMILES to graph: 283/500
7whbA_antigen.pdb  3se8HL_antibody.pdb
Converting SMILES to graph: 284/500
7whbA_antigen.pdb  7nkiF_antibody.pdb
Converting SMILES to graph: 285/500
7whbA_antigen.pdb  5mubIJ_antibody.pdb
Converting SMILES to graph: 286/500
7whbA_antigen.pdb  7x4iE_antibody.pdb
Converting SMILES to graph: 287/500
7whbA_antigen.pdb  6i8sGK_antibody.pdb
Converting SMILES to graph: 288/500
7whdC_antigen.pdb  8pg0HL_antibody.pdb
Converting SMILES to graph: 289/500
7whdC_antigen.pdb  5w42HL_antibody.pdb
Converting SMILES to graph: 290/500
7whdC_antigen.pdb  4pgjA_antibody.pdb
Converting SMILES to graph: 291/500
7whdC_antigen.pdb  7mhxAB_antibody.pdb
Converting SMILES to graph: 292/500
7whdC_antigen.pdb  4xwoIJ_antibody.pdb
Converting SMILES to graph: 293/500
7whdC_antigen.pdb  6b5nHL_antibody.pdb
Converting SMILES to graph: 294/500
7whiB_antigen.pdb  7v5kED_antibody.pdb
Converting SMILES to graph: 295/500
7whiB_antigen.pdb  3zkqD_antibody.pdb
Converting SMILES to graph: 296/500
7whiB_antigen.pdb  5nbdC_antibody.pdb
Converting SMILES to graph: 297/500
7whiB_antigen.pdb  7ua8Hh_antibody.pdb
Converting SMILES to graph: 298/500
7whiB_antigen.pdb  6eqcFf_antibody.pdb
Converting SMILES to graph: 299/500
7whjB_antigen.pdb  2ltqFE_antibody.pdb
Converting SMILES to graph: 300/500
7whjB_antigen.pdb  2p42D_antibody.pdb
Converting SMILES to graph: 301/500
7whjB_antigen.pdb  8gq1HL_antibody.pdb
Converting SMILES to graph: 302/500
7whjB_antigen.pdb  2oslHL_antibody.pdb
Converting SMILES to graph: 303/500
7whjB_antigen.pdb  6mnrHL_antibody.pdb
Converting SMILES to graph: 304/500
7whjB_antigen.pdb  7z0yHL_antibody.pdb
Converting SMILES to graph: 305/500
7whkB_antigen.pdb  6xw7C_antibody.pdb
Converting SMILES to graph: 306/500
7whkB_antigen.pdb  6ayzBD_antibody.pdb
Converting SMILES to graph: 307/500
7whkB_antigen.pdb  7x8wHL_antibody.pdb
Converting SMILES to graph: 308/500
7whkB_antigen.pdb  3j42KL_antibody.pdb
Converting SMILES to graph: 309/500
7whkB_antigen.pdb  8eeeHL_antibody.pdb
Converting SMILES to graph: 310/500
7whkB_antigen.pdb  6ocdB_antibody.pdb
Converting SMILES to graph: 311/500
7whzA_antigen.pdb  3eysHL_antibody.pdb
Converting SMILES to graph: 312/500
7whzA_antigen.pdb  8hlbBC_antibody.pdb
Converting SMILES to graph: 313/500
7whzA_antigen.pdb  7oaoF_antibody.pdb
Converting SMILES to graph: 314/500
7whzA_antigen.pdb  6nijHL_antibody.pdb
Converting SMILES to graph: 315/500
7whzA_antigen.pdb  3idxHL_antibody.pdb
Converting SMILES to graph: 316/500
7whzA_antigen.pdb  7ws5IH_antibody.pdb
Converting SMILES to graph: 317/500
7wi0A_antigen.pdb  7stfHL_antibody.pdb
Converting SMILES to graph: 318/500
7wi0A_antigen.pdb  4hs6BA_antibody.pdb
Converting SMILES to graph: 319/500
7wi0A_antigen.pdb  6fytI_antibody.pdb
Converting SMILES to graph: 320/500
7wi0A_antigen.pdb  4f15KL_antibody.pdb
Converting SMILES to graph: 321/500
7wi0A_antigen.pdb  8c02B_antibody.pdb
Converting SMILES to graph: 322/500
7wicAB_antigen.pdb  4jzjHL_antibody.pdb
Converting SMILES to graph: 323/500
7wicAB_antigen.pdb  7rlxAB_antibody.pdb
Converting SMILES to graph: 324/500
7wicAB_antigen.pdb  8id9Ss_antibody.pdb
Converting SMILES to graph: 325/500
7wicAB_antigen.pdb  7n0hZ_antibody.pdb
Converting SMILES to graph: 326/500
7wicAB_antigen.pdb  3wihHL_antibody.pdb
Converting SMILES to graph: 327/500
7wicAB_antigen.pdb  4zypNO_antibody.pdb
Converting SMILES to graph: 328/500
7wigAB_antigen.pdb  6uygHL_antibody.pdb
Converting SMILES to graph: 329/500
7wigAB_antigen.pdb  6kx1AB_antibody.pdb
Converting SMILES to graph: 330/500
7wigAB_antigen.pdb  7y0cAB_antibody.pdb
Converting SMILES to graph: 331/500
7wigAB_antigen.pdb  2ghwBb_antibody.pdb
Converting SMILES to graph: 332/500
7wigAB_antigen.pdb  6mnsAB_antibody.pdb
Converting SMILES to graph: 333/500
7wigAB_antigen.pdb  8emzB_antibody.pdb
Converting SMILES to graph: 334/500
7wj5AB_antigen.pdb  7ru8HL_antibody.pdb
Converting SMILES to graph: 335/500
7wj5AB_antigen.pdb  7xilHL_antibody.pdb
Converting SMILES to graph: 336/500
7wj5AB_antigen.pdb  5nphHL_antibody.pdb
Converting SMILES to graph: 337/500
7wj5AB_antigen.pdb  8hmvN_antibody.pdb
Converting SMILES to graph: 338/500
7wj5AB_antigen.pdb  8axhHh_antibody.pdb
Converting SMILES to graph: 339/500
7wj5AB_antigen.pdb  7whbDE_antibody.pdb
Converting SMILES to graph: 340/500
7wjyAG_antigen.pdb  6hukG_antibody.pdb
Converting SMILES to graph: 341/500
7wjyAG_antigen.pdb  7qnaN_antibody.pdb
Converting SMILES to graph: 342/500
7wjyAG_antigen.pdb  8g9xHL_antibody.pdb
Converting SMILES to graph: 343/500
7wjyAG_antigen.pdb  3rvwDC_antibody.pdb
Converting SMILES to graph: 344/500
7wjyAG_antigen.pdb  7cu5Aa_antibody.pdb
Converting SMILES to graph: 345/500
7wjyAG_antigen.pdb  3pjsDC_antibody.pdb
Converting SMILES to graph: 346/500
7wjzB_antigen.pdb  1k4dAB_antibody.pdb
Converting SMILES to graph: 347/500
7wjzB_antigen.pdb  7cthHL_antibody.pdb
Converting SMILES to graph: 348/500
7wjzB_antigen.pdb  7sodHL_antibody.pdb
Converting SMILES to graph: 349/500
7wjzB_antigen.pdb  6ddmBA_antibody.pdb
Converting SMILES to graph: 350/500
7wjzB_antigen.pdb  6vmklk_antibody.pdb
Converting SMILES to graph: 351/500
7wjzB_antigen.pdb  6x58CD_antibody.pdb
Converting SMILES to graph: 352/500
7wk0C_antigen.pdb  6sgeD_antibody.pdb
Converting SMILES to graph: 353/500
7wk0C_antigen.pdb  4g6mHL_antibody.pdb
Converting SMILES to graph: 354/500
7wk0C_antigen.pdb  7w57Ee_antibody.pdb
Converting SMILES to graph: 355/500
7wk0C_antigen.pdb  6i6jC_antibody.pdb
Converting SMILES to graph: 356/500
7wk0C_antigen.pdb  7kfbIL_antibody.pdb
Converting SMILES to graph: 357/500
7wk0C_antigen.pdb  8df1MN_antibody.pdb
Converting SMILES to graph: 358/500
7wk8AB_antigen.pdb  7jksHL_antibody.pdb
Converting SMILES to graph: 359/500
7wk8AB_antigen.pdb  8i0nHL_antibody.pdb
Converting SMILES to graph: 360/500
7wk8AB_antigen.pdb  2p8pBA_antibody.pdb
Converting SMILES to graph: 361/500
7wk8AB_antigen.pdb  7l2fHL_antibody.pdb
Converting SMILES to graph: 362/500
7wk8AB_antigen.pdb  7pgbRS_antibody.pdb
Converting SMILES to graph: 363/500
7wk9B_antigen.pdb  5d72MN_antibody.pdb
Converting SMILES to graph: 364/500
7wk9B_antigen.pdb  5ktz7_antibody.pdb
Converting SMILES to graph: 365/500
7wk9B_antigen.pdb  3mlxIM_antibody.pdb
Converting SMILES to graph: 366/500
7wk9B_antigen.pdb  7ki4HL_antibody.pdb
Converting SMILES to graph: 367/500
7wk9B_antigen.pdb  8dw2DC_antibody.pdb
Converting SMILES to graph: 368/500
7wk9B_antigen.pdb  4olxHL_antibody.pdb
Converting SMILES to graph: 369/500
7wkaC_antigen.pdb  8h3xA_antibody.pdb
Converting SMILES to graph: 370/500
7wkaC_antigen.pdb  1kxvC_antibody.pdb
Converting SMILES to graph: 371/500
7wkaC_antigen.pdb  3ffdAB_antibody.pdb
Converting SMILES to graph: 372/500
7wkaC_antigen.pdb  8efbEe_antibody.pdb
Converting SMILES to graph: 373/500
7wkaC_antigen.pdb  3rifHL_antibody.pdb
Converting SMILES to graph: 374/500
7wkdAB_antigen.pdb  3bkyHL_antibody.pdb
Converting SMILES to graph: 375/500
7wkdAB_antigen.pdb  7bz5HL_antibody.pdb
Converting SMILES to graph: 376/500
7wkdAB_antigen.pdb  4xgzCD_antibody.pdb
Converting SMILES to graph: 377/500
7wkdAB_antigen.pdb  5thrTU_antibody.pdb
Converting SMILES to graph: 378/500
7wkdAB_antigen.pdb  2j88HL_antibody.pdb
Converting SMILES to graph: 379/500
7wkdAB_antigen.pdb  8e8sHL_antibody.pdb
Converting SMILES to graph: 380/500
7wkiA_antigen.pdb  4xmmHL_antibody.pdb
Converting SMILES to graph: 381/500
7wkiA_antigen.pdb  7jv2HL_antibody.pdb
Converting SMILES to graph: 382/500
7wkiA_antigen.pdb  3u0tDC_antibody.pdb
Converting SMILES to graph: 383/500
7wkiA_antigen.pdb  6d2pHL_antibody.pdb
Converting SMILES to graph: 384/500
7wkiA_antigen.pdb  8b1dB_antibody.pdb
Converting SMILES to graph: 385/500
7wkiA_antigen.pdb  7zmmG_antibody.pdb
Converting SMILES to graph: 386/500
7wkxF_antigen.pdb  4z7oHL_antibody.pdb
Converting SMILES to graph: 387/500
7wkxF_antigen.pdb  7y65Ss_antibody.pdb
Converting SMILES to graph: 388/500
7wkxF_antigen.pdb  7ul0HL_antibody.pdb
Converting SMILES to graph: 389/500
7wkxF_antigen.pdb  7a6oB_antibody.pdb
Converting SMILES to graph: 390/500
7wkxF_antigen.pdb  5nj3CD_antibody.pdb
Converting SMILES to graph: 391/500
7wkxF_antigen.pdb  4zpvHL_antibody.pdb
Converting SMILES to graph: 392/500
7wlcE_antigen.pdb  6h0eCD_antibody.pdb
Converting SMILES to graph: 393/500
7wlcE_antigen.pdb  7t01HL_antibody.pdb
Converting SMILES to graph: 394/500
7wlcE_antigen.pdb  1g9nHL_antibody.pdb
Converting SMILES to graph: 395/500
7wlcE_antigen.pdb  8cniA_antibody.pdb
Converting SMILES to graph: 396/500
7wlcE_antigen.pdb  7om4B_antibody.pdb
Converting SMILES to graph: 397/500
7wlwA_antigen.pdb  5ldnHL_antibody.pdb
Converting SMILES to graph: 398/500
7wlwA_antigen.pdb  6b9zBA_antibody.pdb
Converting SMILES to graph: 399/500
7wlwA_antigen.pdb  6e4xZY_antibody.pdb
Converting SMILES to graph: 400/500
7wlwA_antigen.pdb  7up9HL_antibody.pdb
Converting SMILES to graph: 401/500
7wlwA_antigen.pdb  7wo7AB_antibody.pdb
Converting SMILES to graph: 402/500
7wlwA_antigen.pdb  6o39BA_antibody.pdb
Converting SMILES to graph: 403/500
7wlyB_antigen.pdb  8ez8HL_antibody.pdb
Converting SMILES to graph: 404/500
7wlyB_antigen.pdb  7jktHL_antibody.pdb
Converting SMILES to graph: 405/500
7wlyB_antigen.pdb  7qtiGH_antibody.pdb
Converting SMILES to graph: 406/500
7wlyB_antigen.pdb  7vadHL_antibody.pdb
Converting SMILES to graph: 407/500
7wlyB_antigen.pdb  4ffwDC_antibody.pdb
Converting SMILES to graph: 408/500
7wlyB_antigen.pdb  7rmgN_antibody.pdb
Converting SMILES to graph: 409/500
7wlzBA_antigen.pdb  6w0iAB_antibody.pdb
Converting SMILES to graph: 410/500
7wlzBA_antigen.pdb  4rwyHL_antibody.pdb
Converting SMILES to graph: 411/500
7wlzBA_antigen.pdb  8d36HL_antibody.pdb
Converting SMILES to graph: 412/500
7wlzBA_antigen.pdb  7oh0CB_antibody.pdb
Converting SMILES to graph: 413/500
7wlzBA_antigen.pdb  6jb2A_antibody.pdb
Converting SMILES to graph: 414/500
7wlzBA_antigen.pdb  7u0qGF_antibody.pdb
Converting SMILES to graph: 415/500
7wm0B_antigen.pdb  7sa6HL_antibody.pdb
Converting SMILES to graph: 416/500
7wm0B_antigen.pdb  6iutHL_antibody.pdb
Converting SMILES to graph: 417/500
7wm0B_antigen.pdb  4u6vHL_antibody.pdb
Converting SMILES to graph: 418/500
7wm0B_antigen.pdb  4uv7HL_antibody.pdb
Converting SMILES to graph: 419/500
7wm0B_antigen.pdb  7y7jED_antibody.pdb
Converting SMILES to graph: 420/500
7wm0B_antigen.pdb  1jrhHL_antibody.pdb
Converting SMILES to graph: 421/500
7wn0A_antigen.pdb  1xguBA_antibody.pdb
Converting SMILES to graph: 422/500
7wn0A_antigen.pdb  6w09KO_antibody.pdb
Converting SMILES to graph: 423/500
7wn0A_antigen.pdb  6ss4HL_antibody.pdb
Converting SMILES to graph: 424/500
7wn0A_antigen.pdb  6nb4HL_antibody.pdb
Converting SMILES to graph: 425/500
7wn0A_antigen.pdb  6rqmB_antibody.pdb
Converting SMILES to graph: 426/500
7wn0A_antigen.pdb  7bekHL_antibody.pdb
Converting SMILES to graph: 427/500
7wn1A_antigen.pdb  6x06K_antibody.pdb
Converting SMILES to graph: 428/500
7wn1A_antigen.pdb  1r3kBA_antibody.pdb
Converting SMILES to graph: 429/500
7wn1A_antigen.pdb  7sbzAB_antibody.pdb
Converting SMILES to graph: 430/500
7wn1A_antigen.pdb  7dfcHL_antibody.pdb
Converting SMILES to graph: 431/500
7wn1A_antigen.pdb  5ywpRQ_antibody.pdb
Converting SMILES to graph: 432/500
7wn1A_antigen.pdb  7y27Dd_antibody.pdb
Converting SMILES to graph: 433/500
7wn2R_antigen.pdb  4m3kB_antibody.pdb
Converting SMILES to graph: 434/500
7wn2R_antigen.pdb  5vgjHL_antibody.pdb
Converting SMILES to graph: 435/500
7wn2R_antigen.pdb  8iw1Ss_antibody.pdb
Converting SMILES to graph: 436/500
7wn2R_antigen.pdb  6f7tBA_antibody.pdb
Converting SMILES to graph: 437/500
7wn2R_antigen.pdb  2ny2DC_antibody.pdb
Converting SMILES to graph: 438/500
7wn2R_antigen.pdb  7sk5FE_antibody.pdb
Converting SMILES to graph: 439/500
7wn8A_antigen.pdb  7th3B_antibody.pdb
Converting SMILES to graph: 440/500
7wn8A_antigen.pdb  6w0hAB_antibody.pdb
Converting SMILES to graph: 441/500
7wn8A_antigen.pdb  7tmwN_antibody.pdb
Converting SMILES to graph: 442/500
7wn8A_antigen.pdb  1u8iBA_antibody.pdb
Converting SMILES to graph: 443/500
7wn8A_antigen.pdb  7ws3IH_antibody.pdb
Converting SMILES to graph: 444/500
7wn8A_antigen.pdb  7l2fHL_antibody.pdb
Converting SMILES to graph: 445/500
7wnbR_antigen.pdb  7xoxEe_antibody.pdb
Converting SMILES to graph: 446/500
7wnbR_antigen.pdb  7oaoF_antibody.pdb
Converting SMILES to graph: 447/500
7wnbR_antigen.pdb  5wuxCD_antibody.pdb
Converting SMILES to graph: 448/500
7wnbR_antigen.pdb  3riaIO_antibody.pdb
Converting SMILES to graph: 449/500
7wnbR_antigen.pdb  7yk4HL_antibody.pdb
Converting SMILES to graph: 450/500
7wnbR_antigen.pdb  6oppGI_antibody.pdb
Converting SMILES to graph: 451/500
7wo4B_antigen.pdb  7epxHL_antibody.pdb
Converting SMILES to graph: 452/500
7wo4B_antigen.pdb  5m15C_antibody.pdb
Converting SMILES to graph: 453/500
7wo4B_antigen.pdb  7mxpHL_antibody.pdb
Converting SMILES to graph: 454/500
7wo4B_antigen.pdb  7pg8IG_antibody.pdb
Converting SMILES to graph: 455/500
7wo4B_antigen.pdb  5x2pJK_antibody.pdb
Converting SMILES to graph: 456/500
7wo4B_antigen.pdb  6m47HL_antibody.pdb
Converting SMILES to graph: 457/500
7wo5B_antigen.pdb  7cfnN_antibody.pdb
Converting SMILES to graph: 458/500
7wo5B_antigen.pdb  7cwuNG_antibody.pdb
Converting SMILES to graph: 459/500
7wo5B_antigen.pdb  7wxwD_antibody.pdb
Converting SMILES to graph: 460/500
7wo5B_antigen.pdb  2h2pEF_antibody.pdb
Converting SMILES to graph: 461/500
7wo5B_antigen.pdb  8u4vHL_antibody.pdb
Converting SMILES to graph: 462/500
7wo5B_antigen.pdb  6nyqHL_antibody.pdb
Converting SMILES to graph: 463/500
7wo7C_antigen.pdb  7l2dHL_antibody.pdb
Converting SMILES to graph: 464/500
7wo7C_antigen.pdb  6qfaK_antibody.pdb
Converting SMILES to graph: 465/500
7wo7C_antigen.pdb  6idkHL_antibody.pdb
Converting SMILES to graph: 466/500
7wo7C_antigen.pdb  7ejkHh_antibody.pdb
Converting SMILES to graph: 467/500
7wo7C_antigen.pdb  1v7nKO_antibody.pdb
Converting SMILES to graph: 468/500
7wo7C_antigen.pdb  5lbsHL_antibody.pdb
Converting SMILES to graph: 469/500
7woaA_antigen.pdb  6eduLM_antibody.pdb
Converting SMILES to graph: 470/500
7woaA_antigen.pdb  7m30FG_antibody.pdb
Converting SMILES to graph: 471/500
7woaA_antigen.pdb  7e53B_antibody.pdb
Converting SMILES to graph: 472/500
7woaA_antigen.pdb  3vrlHL_antibody.pdb
Converting SMILES to graph: 473/500
7woaA_antigen.pdb  7m8lNQ_antibody.pdb
Converting SMILES to graph: 474/500
7woaA_antigen.pdb  7ur4FG_antibody.pdb
Converting SMILES to graph: 475/500
7wobA_antigen.pdb  2f5bHL_antibody.pdb
Converting SMILES to graph: 476/500
7wobA_antigen.pdb  4mhhHL_antibody.pdb
Converting SMILES to graph: 477/500
7wobA_antigen.pdb  4g7yHL_antibody.pdb
Converting SMILES to graph: 478/500
7wobA_antigen.pdb  7zw1C_antibody.pdb
Converting SMILES to graph: 479/500
7wobA_antigen.pdb  5ikcBA_antibody.pdb
Converting SMILES to graph: 480/500
7wocC_antigen.pdb  7vgrDC_antibody.pdb
Converting SMILES to graph: 481/500
7wocC_antigen.pdb  8f5nHL_antibody.pdb
Converting SMILES to graph: 482/500
7wocC_antigen.pdb  5h35HI_antibody.pdb
Converting SMILES to graph: 483/500
7wocC_antigen.pdb  8gx9HF_antibody.pdb
Converting SMILES to graph: 484/500
7wocC_antigen.pdb  6oaoLl_antibody.pdb
Converting SMILES to graph: 485/500
7wocC_antigen.pdb  7r8oMN_antibody.pdb
Converting SMILES to graph: 486/500
7wogC_antigen.pdb  6ranC_antibody.pdb
Converting SMILES to graph: 487/500
7wogC_antigen.pdb  7xmtSs_antibody.pdb
Converting SMILES to graph: 488/500
7wogC_antigen.pdb  6lbhCD_antibody.pdb
Converting SMILES to graph: 489/500
7wogC_antigen.pdb  8dzqEe_antibody.pdb
Converting SMILES to graph: 490/500
7wogC_antigen.pdb  4jpkHL_antibody.pdb
Converting SMILES to graph: 491/500
7wogC_antigen.pdb  6ldwHL_antibody.pdb
Converting SMILES to graph: 492/500
7wonF_antigen.pdb  7yajC_antibody.pdb
Converting SMILES to graph: 493/500
7wonF_antigen.pdb  2hjfAB_antibody.pdb
Converting SMILES to graph: 494/500
7wonF_antigen.pdb  7o9sHL_antibody.pdb
Converting SMILES to graph: 495/500
7wonF_antigen.pdb  7bc6B_antibody.pdb
Converting SMILES to graph: 496/500
7wonF_antigen.pdb  5uweHL_antibody.pdb
Converting SMILES to graph: 497/500
7wonF_antigen.pdb  7ks9HL_antibody.pdb
Converting SMILES to graph: 498/500
7wopA_antigen.pdb  5kjrHL_antibody.pdb
Converting SMILES to graph: 499/500
7wopA_antigen.pdb  8w83AB_antibody.pdb
Converting SMILES to graph: 500/500
7wopA_antigen.pdb  8foiHL_antibody.pdb
Graph construction done. Saving to file.
