Converting SMILES to graph: 1/500
4tsaA_antigen.pdb  3p0gB_antibody.pdb
Converting SMILES to graph: 2/500
4tsaA_antigen.pdb  7sj0BL_antibody.pdb
Converting SMILES to graph: 3/500
4tsbA_antigen.pdb  4xmnHL_antibody.pdb
Converting SMILES to graph: 4/500
4tsbA_antigen.pdb  5njgEF_antibody.pdb
Converting SMILES to graph: 5/500
4tsbA_antigen.pdb  7bu8JK_antibody.pdb
Converting SMILES to graph: 6/500
4tsbA_antigen.pdb  4dgyHL_antibody.pdb
Converting SMILES to graph: 7/500
4tsbA_antigen.pdb  7my3E_antibody.pdb
Converting SMILES to graph: 8/500
4tsbA_antigen.pdb  7rsnHL_antibody.pdb
Converting SMILES to graph: 9/500
4tscA_antigen.pdb  6s8iPO_antibody.pdb
Converting SMILES to graph: 10/500
4tscA_antigen.pdb  3sdyHL_antibody.pdb
Converting SMILES to graph: 11/500
4tscA_antigen.pdb  4r4nFG_antibody.pdb
Converting SMILES to graph: 12/500
4tscA_antigen.pdb  7n9bF_antibody.pdb
Converting SMILES to graph: 13/500
4tscA_antigen.pdb  4jfzHL_antibody.pdb
Converting SMILES to graph: 14/500
4tscA_antigen.pdb  1xf5DC_antibody.pdb
Converting SMILES to graph: 15/500
4ttdB_antigen.pdb  6obgC_antibody.pdb
Converting SMILES to graph: 16/500
4ttdB_antigen.pdb  6xw6D_antibody.pdb
Converting SMILES to graph: 17/500
4ttdB_antigen.pdb  3zdyHL_antibody.pdb
Converting SMILES to graph: 18/500
4ttdB_antigen.pdb  6dfjHL_antibody.pdb
Converting SMILES to graph: 19/500
4ttdB_antigen.pdb  8j7eAB_antibody.pdb
Converting SMILES to graph: 20/500
4ttdB_antigen.pdb  7elxHL_antibody.pdb
Converting SMILES to graph: 21/500
4tujE_antigen.pdb  7xkeN_antibody.pdb
Converting SMILES to graph: 22/500
4tujE_antigen.pdb  7m7fCD_antibody.pdb
Converting SMILES to graph: 23/500
4tujE_antigen.pdb  4ztoHL_antibody.pdb
Converting SMILES to graph: 24/500
4tujE_antigen.pdb  5tz2HL_antibody.pdb
Converting SMILES to graph: 25/500
4tujE_antigen.pdb  1bogBA_antibody.pdb
Converting SMILES to graph: 26/500
4tujE_antigen.pdb  7trkHh_antibody.pdb
Converting SMILES to graph: 27/500
4tukI_antigen.pdb  2brrHL_antibody.pdb
Converting SMILES to graph: 28/500
4tukI_antigen.pdb  2fd6HL_antibody.pdb
Converting SMILES to graph: 29/500
4tukI_antigen.pdb  8g5fJK_antibody.pdb
Converting SMILES to graph: 30/500
4tukI_antigen.pdb  7chfAB_antibody.pdb
Converting SMILES to graph: 31/500
4tukI_antigen.pdb  2jelHL_antibody.pdb
Converting SMILES to graph: 32/500
4tukI_antigen.pdb  7lsfHL_antibody.pdb
Converting SMILES to graph: 33/500
4tulI_antigen.pdb  7slaB_antibody.pdb
Converting SMILES to graph: 34/500
4tulI_antigen.pdb  3idjBA_antibody.pdb
Converting SMILES to graph: 35/500
4tulI_antigen.pdb  7wtjHL_antibody.pdb
Converting SMILES to graph: 36/500
4tulI_antigen.pdb  6li3N_antibody.pdb
Converting SMILES to graph: 37/500
4tulI_antigen.pdb  3o6lHL_antibody.pdb
Converting SMILES to graph: 38/500
4tulI_antigen.pdb  7nd0HL_antibody.pdb
Converting SMILES to graph: 39/500
4tvpG_antigen.pdb  5dhzHL_antibody.pdb
Converting SMILES to graph: 40/500
4tvpG_antigen.pdb  2f5bHL_antibody.pdb
Converting SMILES to graph: 41/500
4tvpG_antigen.pdb  4hhaBA_antibody.pdb
Converting SMILES to graph: 42/500
4tvpG_antigen.pdb  7z7xF_antibody.pdb
Converting SMILES to graph: 43/500
4tvpG_antigen.pdb  3bt2HL_antibody.pdb
Converting SMILES to graph: 44/500
4tvpG_antigen.pdb  7lfbHL_antibody.pdb
Converting SMILES to graph: 45/500
4tvsB_antigen.pdb  6ztrHL_antibody.pdb
Converting SMILES to graph: 46/500
4tvsB_antigen.pdb  8hscSs_antibody.pdb
Converting SMILES to graph: 47/500
4tvsB_antigen.pdb  8aiaD_antibody.pdb
Converting SMILES to graph: 48/500
4tvsB_antigen.pdb  6q0oZB_antibody.pdb
Converting SMILES to graph: 49/500
4tvsB_antigen.pdb  8gpgAB_antibody.pdb
Converting SMILES to graph: 50/500
4tvsB_antigen.pdb  5wk3WV_antibody.pdb
Converting SMILES to graph: 51/500
4u0rA_antigen.pdb  6qx3O_antibody.pdb
Converting SMILES to graph: 52/500
4u0rA_antigen.pdb  4ubdST_antibody.pdb
Converting SMILES to graph: 53/500
4u0rA_antigen.pdb  6jhqDE_antibody.pdb
Converting SMILES to graph: 54/500
4u0rA_antigen.pdb  7yk4HL_antibody.pdb
Converting SMILES to graph: 55/500
4u0rA_antigen.pdb  5eiiHL_antibody.pdb
Converting SMILES to graph: 56/500
4u0rA_antigen.pdb  6pwuHL_antibody.pdb
Converting SMILES to graph: 57/500
4u1gD_antigen.pdb  8dt8H_antibody.pdb
Converting SMILES to graph: 58/500
4u1gD_antigen.pdb  5j9pAB_antibody.pdb
Converting SMILES to graph: 59/500
4u1gD_antigen.pdb  2fedCD_antibody.pdb
Converting SMILES to graph: 60/500
4u1gD_antigen.pdb  6feqDC_antibody.pdb
Converting SMILES to graph: 61/500
4u1gD_antigen.pdb  8afmD_antibody.pdb
Converting SMILES to graph: 62/500
4u1gD_antigen.pdb  6xpzBC_antibody.pdb
Converting SMILES to graph: 63/500
4u3xB_antigen.pdb  7jwqAB_antibody.pdb
Converting SMILES to graph: 64/500
4u3xB_antigen.pdb  6uunN_antibody.pdb
Converting SMILES to graph: 65/500
4u3xB_antigen.pdb  7ocjG_antibody.pdb
Converting SMILES to graph: 66/500
4u3xB_antigen.pdb  7jtgAB_antibody.pdb
Converting SMILES to graph: 67/500
4u3xB_antigen.pdb  7f0tE_antibody.pdb
Converting SMILES to graph: 68/500
4u3xB_antigen.pdb  7mznHL_antibody.pdb
Converting SMILES to graph: 69/500
4u6gC_antigen.pdb  5mu0AB_antibody.pdb
Converting SMILES to graph: 70/500
4u6gC_antigen.pdb  7sn2HL_antibody.pdb
Converting SMILES to graph: 71/500
4u6gC_antigen.pdb  6mekFE_antibody.pdb
Converting SMILES to graph: 72/500
4u6gC_antigen.pdb  7kmkHL_antibody.pdb
Converting SMILES to graph: 73/500
4u6gC_antigen.pdb  7a6cCB_antibody.pdb
Converting SMILES to graph: 74/500
4u6gC_antigen.pdb  5j13CB_antibody.pdb
Converting SMILES to graph: 75/500
4u6hE_antigen.pdb  6vy6HL_antibody.pdb
Converting SMILES to graph: 76/500
4u6hE_antigen.pdb  7ts0Hh_antibody.pdb
Converting SMILES to graph: 77/500
4u6hE_antigen.pdb  4np4HL_antibody.pdb
Converting SMILES to graph: 78/500
4u6hE_antigen.pdb  5wuxCD_antibody.pdb
Converting SMILES to graph: 79/500
4u6hE_antigen.pdb  8sypMm_antibody.pdb
Converting SMILES to graph: 80/500
4u6hE_antigen.pdb  7epxHL_antibody.pdb
Converting SMILES to graph: 81/500
4u6vA_antigen.pdb  4ut9JN_antibody.pdb
Converting SMILES to graph: 82/500
4u6vA_antigen.pdb  7y35N_antibody.pdb
Converting SMILES to graph: 83/500
4u6vA_antigen.pdb  7wg3EA_antibody.pdb
Converting SMILES to graph: 84/500
4u6vA_antigen.pdb  7sl5AB_antibody.pdb
Converting SMILES to graph: 85/500
4u6vA_antigen.pdb  4xrcBA_antibody.pdb
Converting SMILES to graph: 86/500
4u6vA_antigen.pdb  4mswAB_antibody.pdb
Converting SMILES to graph: 87/500
4uaoA_antigen.pdb  4tscHL_antibody.pdb
Converting SMILES to graph: 88/500
4uaoA_antigen.pdb  7ul1HL_antibody.pdb
Converting SMILES to graph: 89/500
4uaoA_antigen.pdb  7k4nCD_antibody.pdb
Converting SMILES to graph: 90/500
4uaoA_antigen.pdb  8faxAB_antibody.pdb
Converting SMILES to graph: 91/500
4uaoA_antigen.pdb  7n65CD_antibody.pdb
Converting SMILES to graph: 92/500
4uaoA_antigen.pdb  7k75AB_antibody.pdb
Converting SMILES to graph: 93/500
4ubdRU_antigen.pdb  7x8rN_antibody.pdb
Converting SMILES to graph: 94/500
4ubdRU_antigen.pdb  5en2AB_antibody.pdb
Converting SMILES to graph: 95/500
4ubdRU_antigen.pdb  7xscAB_antibody.pdb
Converting SMILES to graph: 96/500
4ubdRU_antigen.pdb  8s9gHL_antibody.pdb
Converting SMILES to graph: 97/500
4ubdRU_antigen.pdb  7ej4JN_antibody.pdb
Converting SMILES to graph: 98/500
4ubdRU_antigen.pdb  7lm9HL_antibody.pdb
Converting SMILES to graph: 99/500
4uifC_antigen.pdb  7eo2Ee_antibody.pdb
Converting SMILES to graph: 100/500
4uifC_antigen.pdb  7c2tKL_antibody.pdb
Converting SMILES to graph: 101/500
4uifC_antigen.pdb  7txzEF_antibody.pdb
Converting SMILES to graph: 102/500
4uifC_antigen.pdb  7r74D_antibody.pdb
Converting SMILES to graph: 103/500
4uifC_antigen.pdb  2a6iBA_antibody.pdb
Converting SMILES to graph: 104/500
4uihC_antigen.pdb  5k9qUV_antibody.pdb
Converting SMILES to graph: 105/500
4uihC_antigen.pdb  8b17B_antibody.pdb
Converting SMILES to graph: 106/500
4uihC_antigen.pdb  7oayL_antibody.pdb
Converting SMILES to graph: 107/500
4uihC_antigen.pdb  3jbaHL_antibody.pdb
Converting SMILES to graph: 108/500
4uihC_antigen.pdb  1v7nKO_antibody.pdb
Converting SMILES to graph: 109/500
4uihC_antigen.pdb  6e1kDC_antibody.pdb
Converting SMILES to graph: 110/500
4ut6B_antigen.pdb  7yqyHF_antibody.pdb
Converting SMILES to graph: 111/500
4ut6B_antigen.pdb  6wjlHL_antibody.pdb
Converting SMILES to graph: 112/500
4ut6B_antigen.pdb  7xtqN_antibody.pdb
Converting SMILES to graph: 113/500
4ut6B_antigen.pdb  1yqvHL_antibody.pdb
Converting SMILES to graph: 114/500
4ut6B_antigen.pdb  5kjrHL_antibody.pdb
Converting SMILES to graph: 115/500
4ut6B_antigen.pdb  7si2GF_antibody.pdb
Converting SMILES to graph: 116/500
4ut9D_antigen.pdb  2eizBA_antibody.pdb
Converting SMILES to graph: 117/500
4ut9D_antigen.pdb  7lokKJ_antibody.pdb
Converting SMILES to graph: 118/500
4ut9D_antigen.pdb  2exwCD_antibody.pdb
Converting SMILES to graph: 119/500
4ut9D_antigen.pdb  4xnxHL_antibody.pdb
Converting SMILES to graph: 120/500
4ut9D_antigen.pdb  7utzN_antibody.pdb
Converting SMILES to graph: 121/500
4ut9D_antigen.pdb  5j1sC_antibody.pdb
Converting SMILES to graph: 122/500
4utaB_antigen.pdb  7lopWV_antibody.pdb
Converting SMILES to graph: 123/500
4utaB_antigen.pdb  3bt2HL_antibody.pdb
Converting SMILES to graph: 124/500
4utaB_antigen.pdb  8guqSs_antibody.pdb
Converting SMILES to graph: 125/500
4utaB_antigen.pdb  6x3xJI_antibody.pdb
Converting SMILES to graph: 126/500
4utaB_antigen.pdb  6uyeGJ_antibody.pdb
Converting SMILES to graph: 127/500
4utaB_antigen.pdb  6aj9DE_antibody.pdb
Converting SMILES to graph: 128/500
4utbB_antigen.pdb  7s8nEe_antibody.pdb
Converting SMILES to graph: 129/500
4utbB_antigen.pdb  6do1E_antibody.pdb
Converting SMILES to graph: 130/500
4utbB_antigen.pdb  7tprH_antibody.pdb
Converting SMILES to graph: 131/500
4utbB_antigen.pdb  7nqaC_antibody.pdb
Converting SMILES to graph: 132/500
4utbB_antigen.pdb  5m15C_antibody.pdb
Converting SMILES to graph: 133/500
4utbB_antigen.pdb  3jwdPO_antibody.pdb
Converting SMILES to graph: 134/500
4uu9D_antigen.pdb  5ommC_antibody.pdb
Converting SMILES to graph: 135/500
4uu9D_antigen.pdb  4yhpHL_antibody.pdb
Converting SMILES to graph: 136/500
4uu9D_antigen.pdb  7wi0CE_antibody.pdb
Converting SMILES to graph: 137/500
4uu9D_antigen.pdb  7mnnKM_antibody.pdb
Converting SMILES to graph: 138/500
4uu9D_antigen.pdb  7u0gNn_antibody.pdb
Converting SMILES to graph: 139/500
4uu9D_antigen.pdb  7rt9CD_antibody.pdb
Converting SMILES to graph: 140/500
4uujC_antigen.pdb  8ejhHL_antibody.pdb
Converting SMILES to graph: 141/500
4uujC_antigen.pdb  7wckAB_antibody.pdb
Converting SMILES to graph: 142/500
4uujC_antigen.pdb  2hrpHL_antibody.pdb
Converting SMILES to graph: 143/500
4uujC_antigen.pdb  7w0lSs_antibody.pdb
Converting SMILES to graph: 144/500
4uujC_antigen.pdb  7yckCD_antibody.pdb
Converting SMILES to graph: 145/500
4uujC_antigen.pdb  7pqgB_antibody.pdb
Converting SMILES to graph: 146/500
4uv7A_antigen.pdb  5nbmE_antibody.pdb
Converting SMILES to graph: 147/500
4uv7A_antigen.pdb  7ps6HL_antibody.pdb
Converting SMILES to graph: 148/500
4uv7A_antigen.pdb  6krzHI_antibody.pdb
Converting SMILES to graph: 149/500
4uv7A_antigen.pdb  7dstE_antibody.pdb
Converting SMILES to graph: 150/500
4uv7A_antigen.pdb  7socHL_antibody.pdb
Converting SMILES to graph: 151/500
4uv7A_antigen.pdb  3g6jHG_antibody.pdb
Converting SMILES to graph: 152/500
4v1dC_antigen.pdb  6vi1BA_antibody.pdb
Converting SMILES to graph: 153/500
4v1dC_antigen.pdb  1dzbAa_antibody.pdb
Converting SMILES to graph: 154/500
4v1dC_antigen.pdb  8gtpHL_antibody.pdb
Converting SMILES to graph: 155/500
4v1dC_antigen.pdb  7zkwC_antibody.pdb
Converting SMILES to graph: 156/500
4v1dC_antigen.pdb  5w9jBC_antibody.pdb
Converting SMILES to graph: 157/500
4v1dC_antigen.pdb  6yxfHh_antibody.pdb
Converting SMILES to graph: 158/500
4w2oB_antigen.pdb  8gocDE_antibody.pdb
Converting SMILES to graph: 159/500
4w2oB_antigen.pdb  8gf2CD_antibody.pdb
Converting SMILES to graph: 160/500
4w2oB_antigen.pdb  7uvhAB_antibody.pdb
Converting SMILES to graph: 161/500
4w2oB_antigen.pdb  8j7yEC_antibody.pdb
Converting SMILES to graph: 162/500
4w2oB_antigen.pdb  8j1tHK_antibody.pdb
Converting SMILES to graph: 163/500
4w2oB_antigen.pdb  8djkHL_antibody.pdb
Converting SMILES to graph: 164/500
4w2qH_antigen.pdb  1qleHL_antibody.pdb
Converting SMILES to graph: 165/500
4w2qH_antigen.pdb  7dw9Ss_antibody.pdb
Converting SMILES to graph: 166/500
4w2qH_antigen.pdb  8hc6HL_antibody.pdb
Converting SMILES to graph: 167/500
4w2qH_antigen.pdb  3jwdPO_antibody.pdb
Converting SMILES to graph: 168/500
4w2qH_antigen.pdb  7s0dHL_antibody.pdb
Converting SMILES to graph: 169/500
4w2qH_antigen.pdb  7ttmHL_antibody.pdb
Converting SMILES to graph: 170/500
4w6wA_antigen.pdb  7l0nMN_antibody.pdb
Converting SMILES to graph: 171/500
4w6wA_antigen.pdb  6ni2HL_antibody.pdb
Converting SMILES to graph: 172/500
4w6wA_antigen.pdb  2b0sHL_antibody.pdb
Converting SMILES to graph: 173/500
4w6wA_antigen.pdb  7mf1HL_antibody.pdb
Converting SMILES to graph: 174/500
4w6wA_antigen.pdb  7qvmSs_antibody.pdb
Converting SMILES to graph: 175/500
4w6wA_antigen.pdb  7zfeJK_antibody.pdb
Converting SMILES to graph: 176/500
4w6xA_antigen.pdb  7m6iHL_antibody.pdb
Converting SMILES to graph: 177/500
4w6xA_antigen.pdb  7l3nDE_antibody.pdb
Converting SMILES to graph: 178/500
4w6xA_antigen.pdb  7zf3AB_antibody.pdb
Converting SMILES to graph: 179/500
4w6xA_antigen.pdb  1nmcHL_antibody.pdb
Converting SMILES to graph: 180/500
4w6xA_antigen.pdb  7zliHL_antibody.pdb
Converting SMILES to graph: 181/500
4w6xA_antigen.pdb  8fczC_antibody.pdb
Converting SMILES to graph: 182/500
4w6yA_antigen.pdb  7x37HL_antibody.pdb
Converting SMILES to graph: 183/500
4w6yA_antigen.pdb  4jdtHL_antibody.pdb
Converting SMILES to graph: 184/500
4w6yA_antigen.pdb  6ldyAB_antibody.pdb
Converting SMILES to graph: 185/500
4w6yA_antigen.pdb  5v8mSU_antibody.pdb
Converting SMILES to graph: 186/500
4w6yA_antigen.pdb  5w3eEG_antibody.pdb
Converting SMILES to graph: 187/500
4w6yA_antigen.pdb  7ws0GF_antibody.pdb
Converting SMILES to graph: 188/500
4webE_antigen.pdb  5i8hGH_antibody.pdb
Converting SMILES to graph: 189/500
4webE_antigen.pdb  3mnzBA_antibody.pdb
Converting SMILES to graph: 190/500
4webE_antigen.pdb  8kh4E_antibody.pdb
Converting SMILES to graph: 191/500
4webE_antigen.pdb  7q9gHL_antibody.pdb
Converting SMILES to graph: 192/500
4webE_antigen.pdb  3mj9HL_antibody.pdb
Converting SMILES to graph: 193/500
4webE_antigen.pdb  7ly3FE_antibody.pdb
Converting SMILES to graph: 194/500
4wemA_antigen.pdb  7km5D_antibody.pdb
Converting SMILES to graph: 195/500
4wemA_antigen.pdb  4rgoHL_antibody.pdb
Converting SMILES to graph: 196/500
4wemA_antigen.pdb  7lo6LK_antibody.pdb
Converting SMILES to graph: 197/500
4wemA_antigen.pdb  6oq8D_antibody.pdb
Converting SMILES to graph: 198/500
4wemA_antigen.pdb  7y12Ss_antibody.pdb
Converting SMILES to graph: 199/500
4wemA_antigen.pdb  7ks9HL_antibody.pdb
Converting SMILES to graph: 200/500
4wenA_antigen.pdb  8faxAB_antibody.pdb
Converting SMILES to graph: 201/500
4wenA_antigen.pdb  6ssiH_antibody.pdb
Converting SMILES to graph: 202/500
4wenA_antigen.pdb  7u0qGF_antibody.pdb
Converting SMILES to graph: 203/500
4wenA_antigen.pdb  8g85HL_antibody.pdb
Converting SMILES to graph: 204/500
4wenA_antigen.pdb  2itcAB_antibody.pdb
Converting SMILES to graph: 205/500
4wenA_antigen.pdb  6i6jC_antibody.pdb
Converting SMILES to graph: 206/500
4weuA_antigen.pdb  4lgsB_antibody.pdb
Converting SMILES to graph: 207/500
4weuA_antigen.pdb  5d1zDC_antibody.pdb
Converting SMILES to graph: 208/500
4weuA_antigen.pdb  4dw2HL_antibody.pdb
Converting SMILES to graph: 209/500
4weuA_antigen.pdb  7xdbDE_antibody.pdb
Converting SMILES to graph: 210/500
4weuA_antigen.pdb  6p7hAB_antibody.pdb
Converting SMILES to graph: 211/500
4weuA_antigen.pdb  8dn7DH_antibody.pdb
Converting SMILES to graph: 212/500
4wfeB_antigen.pdb  5jymDd_antibody.pdb
Converting SMILES to graph: 213/500
4wfeB_antigen.pdb  8as0BC_antibody.pdb
Converting SMILES to graph: 214/500
4wfeB_antigen.pdb  5uslHL_antibody.pdb
Converting SMILES to graph: 215/500
4wfeB_antigen.pdb  6xeyJK_antibody.pdb
Converting SMILES to graph: 216/500
4wfeB_antigen.pdb  3detCD_antibody.pdb
Converting SMILES to graph: 217/500
4wfeB_antigen.pdb  7yowHL_antibody.pdb
Converting SMILES to graph: 218/500
4wffA_antigen.pdb  4hepG_antibody.pdb
Converting SMILES to graph: 219/500
4wffA_antigen.pdb  5kvfHL_antibody.pdb
Converting SMILES to graph: 220/500
4wffA_antigen.pdb  4m5zHL_antibody.pdb
Converting SMILES to graph: 221/500
4wffA_antigen.pdb  6bkcHL_antibody.pdb
Converting SMILES to graph: 222/500
4wffA_antigen.pdb  6i8hB_antibody.pdb
Converting SMILES to graph: 223/500
4wffA_antigen.pdb  7u9oHL_antibody.pdb
Converting SMILES to graph: 224/500
4wfgB_antigen.pdb  4xxdBA_antibody.pdb
Converting SMILES to graph: 225/500
4wfgB_antigen.pdb  8h5uB_antibody.pdb
Converting SMILES to graph: 226/500
4wfgB_antigen.pdb  7a4dA_antibody.pdb
Converting SMILES to graph: 227/500
4wfgB_antigen.pdb  6y6cCc_antibody.pdb
Converting SMILES to graph: 228/500
4wfgB_antigen.pdb  7t4sHI_antibody.pdb
Converting SMILES to graph: 229/500
4wfhB_antigen.pdb  7x29FG_antibody.pdb
Converting SMILES to graph: 230/500
4wfhB_antigen.pdb  7zmmG_antibody.pdb
Converting SMILES to graph: 231/500
4wfhB_antigen.pdb  2vitBA_antibody.pdb
Converting SMILES to graph: 232/500
4wfhB_antigen.pdb  7wczab_antibody.pdb
Converting SMILES to graph: 233/500
4wfhB_antigen.pdb  8cxnD_antibody.pdb
Converting SMILES to graph: 234/500
4wgvA_antigen.pdb  4q6iHL_antibody.pdb
Converting SMILES to graph: 235/500
4wgvA_antigen.pdb  2ny7HL_antibody.pdb
Converting SMILES to graph: 236/500
4wgvA_antigen.pdb  5truHL_antibody.pdb
Converting SMILES to graph: 237/500
4wgvA_antigen.pdb  4qkxB_antibody.pdb
Converting SMILES to graph: 238/500
4wgvA_antigen.pdb  8eqbA_antibody.pdb
Converting SMILES to graph: 239/500
4wgwC_antigen.pdb  7z7xF_antibody.pdb
Converting SMILES to graph: 240/500
4wgwC_antigen.pdb  4jg1HL_antibody.pdb
Converting SMILES to graph: 241/500
4wgwC_antigen.pdb  7wd7ab_antibody.pdb
Converting SMILES to graph: 242/500
4wgwC_antigen.pdb  7xw7AB_antibody.pdb
Converting SMILES to graph: 243/500
4wgwC_antigen.pdb  4m5zHL_antibody.pdb
Converting SMILES to graph: 244/500
4whta_antigen.pdb  4dw2HL_antibody.pdb
Converting SMILES to graph: 245/500
4whta_antigen.pdb  7a0yEF_antibody.pdb
Converting SMILES to graph: 246/500
4whta_antigen.pdb  8iw9Ss_antibody.pdb
Converting SMILES to graph: 247/500
4whta_antigen.pdb  7mzgHL_antibody.pdb
Converting SMILES to graph: 248/500
4whta_antigen.pdb  4jzoGH_antibody.pdb
Converting SMILES to graph: 249/500
4whta_antigen.pdb  6blhHL_antibody.pdb
Converting SMILES to graph: 250/500
4whyB_antigen.pdb  6eqiB_antibody.pdb
Converting SMILES to graph: 251/500
4whyB_antigen.pdb  6tybHL_antibody.pdb
Converting SMILES to graph: 252/500
4whyB_antigen.pdb  8cafBA_antibody.pdb
Converting SMILES to graph: 253/500
4whyB_antigen.pdb  7xp5N_antibody.pdb
Converting SMILES to graph: 254/500
4whyB_antigen.pdb  1hysDC_antibody.pdb
Converting SMILES to graph: 255/500
4whyB_antigen.pdb  6muiKL_antibody.pdb
Converting SMILES to graph: 256/500
4wuuAC_antigen.pdb  7c80HL_antibody.pdb
Converting SMILES to graph: 257/500
4wuuAC_antigen.pdb  6udkMN_antibody.pdb
Converting SMILES to graph: 258/500
4wuuAC_antigen.pdb  8ekfHL_antibody.pdb
Converting SMILES to graph: 259/500
4wuuAC_antigen.pdb  6c5wE_antibody.pdb
Converting SMILES to graph: 260/500
4wuuAC_antigen.pdb  7wckAB_antibody.pdb
Converting SMILES to graph: 261/500
4wuuAC_antigen.pdb  7kfyHL_antibody.pdb
Converting SMILES to graph: 262/500
4wv1C_antigen.pdb  3jbe7_antibody.pdb
Converting SMILES to graph: 263/500
4wv1C_antigen.pdb  7a3tHL_antibody.pdb
Converting SMILES to graph: 264/500
4wv1C_antigen.pdb  6u0lIJ_antibody.pdb
Converting SMILES to graph: 265/500
4wv1C_antigen.pdb  6iecJK_antibody.pdb
Converting SMILES to graph: 266/500
4wv1C_antigen.pdb  2vdpHL_antibody.pdb
Converting SMILES to graph: 267/500
4wv1C_antigen.pdb  7xxhHh_antibody.pdb
Converting SMILES to graph: 268/500
4wy7P_antigen.pdb  4gajHL_antibody.pdb
Converting SMILES to graph: 269/500
4wy7P_antigen.pdb  3zlqC_antibody.pdb
Converting SMILES to graph: 270/500
4wy7P_antigen.pdb  6x3wJI_antibody.pdb
Converting SMILES to graph: 271/500
4wy7P_antigen.pdb  8en4C_antibody.pdb
Converting SMILES to graph: 272/500
4wy7P_antigen.pdb  8ivaCE_antibody.pdb
Converting SMILES to graph: 273/500
4wy7P_antigen.pdb  6w2cBC_antibody.pdb
Converting SMILES to graph: 274/500
4x7cA_antigen.pdb  7finN_antibody.pdb
Converting SMILES to graph: 275/500
4x7cA_antigen.pdb  7vvkN_antibody.pdb
Converting SMILES to graph: 276/500
4x7cA_antigen.pdb  7wrvUV_antibody.pdb
Converting SMILES to graph: 277/500
4x7cA_antigen.pdb  7vlaSs_antibody.pdb
Converting SMILES to graph: 278/500
4x7cA_antigen.pdb  7lg6JM_antibody.pdb
Converting SMILES to graph: 279/500
4x7cA_antigen.pdb  7wi0CE_antibody.pdb
Converting SMILES to graph: 280/500
4x7dB_antigen.pdb  3o45AB_antibody.pdb
Converting SMILES to graph: 281/500
4x7dB_antigen.pdb  7ki4HL_antibody.pdb
Converting SMILES to graph: 282/500
4x7dB_antigen.pdb  5i74BC_antibody.pdb
Converting SMILES to graph: 283/500
4x7dB_antigen.pdb  1pz5BA_antibody.pdb
Converting SMILES to graph: 284/500
4x7dB_antigen.pdb  3v0aC_antibody.pdb
Converting SMILES to graph: 285/500
4x7dB_antigen.pdb  3ezjB_antibody.pdb
Converting SMILES to graph: 286/500
4x7eA_antigen.pdb  6dcqHL_antibody.pdb
Converting SMILES to graph: 287/500
4x7eA_antigen.pdb  3eysHL_antibody.pdb
Converting SMILES to graph: 288/500
4x7eA_antigen.pdb  6r2sBA_antibody.pdb
Converting SMILES to graph: 289/500
4x7eA_antigen.pdb  7c81HL_antibody.pdb
Converting SMILES to graph: 290/500
4x7eA_antigen.pdb  2ht2CD_antibody.pdb
Converting SMILES to graph: 291/500
4x7eA_antigen.pdb  6awpBC_antibody.pdb
Converting SMILES to graph: 292/500
4x7fB_antigen.pdb  7sl5AB_antibody.pdb
Converting SMILES to graph: 293/500
4x7fB_antigen.pdb  4oiiIM_antibody.pdb
Converting SMILES to graph: 294/500
4x7fB_antigen.pdb  7uapMN_antibody.pdb
Converting SMILES to graph: 295/500
4x7fB_antigen.pdb  7ymhD_antibody.pdb
Converting SMILES to graph: 296/500
4x7fB_antigen.pdb  6n51D_antibody.pdb
Converting SMILES to graph: 297/500
4x7fB_antigen.pdb  7phgHL_antibody.pdb
Converting SMILES to graph: 298/500
4xakB_antigen.pdb  5ec2AB_antibody.pdb
Converting SMILES to graph: 299/500
4xakB_antigen.pdb  8jitN_antibody.pdb
Converting SMILES to graph: 300/500
4xakB_antigen.pdb  7byrHL_antibody.pdb
Converting SMILES to graph: 301/500
4xakB_antigen.pdb  7r6xHL_antibody.pdb
Converting SMILES to graph: 302/500
4xakB_antigen.pdb  4hj0CD_antibody.pdb
Converting SMILES to graph: 303/500
4xakB_antigen.pdb  4xp1HL_antibody.pdb
Converting SMILES to graph: 304/500
4xawP_antigen.pdb  6bgtBA_antibody.pdb
Converting SMILES to graph: 305/500
4xawP_antigen.pdb  2yssBA_antibody.pdb
Converting SMILES to graph: 306/500
4xawP_antigen.pdb  4hixHL_antibody.pdb
Converting SMILES to graph: 307/500
4xawP_antigen.pdb  6uydHL_antibody.pdb
Converting SMILES to graph: 308/500
4xawP_antigen.pdb  7lf2GI_antibody.pdb
Converting SMILES to graph: 309/500
4xbeP_antigen.pdb  2p42D_antibody.pdb
Converting SMILES to graph: 310/500
4xbeP_antigen.pdb  7x3fHL_antibody.pdb
Converting SMILES to graph: 311/500
4xbeP_antigen.pdb  6mxtN_antibody.pdb
Converting SMILES to graph: 312/500
4xbeP_antigen.pdb  3efdHL_antibody.pdb
Converting SMILES to graph: 313/500
4xbeP_antigen.pdb  7cz0G_antibody.pdb
Converting SMILES to graph: 314/500
4xbeP_antigen.pdb  1ndgBA_antibody.pdb
Converting SMILES to graph: 315/500
4xc1P_antigen.pdb  1kenTU_antibody.pdb
Converting SMILES to graph: 316/500
4xc1P_antigen.pdb  8dtoGH_antibody.pdb
Converting SMILES to graph: 317/500
4xc1P_antigen.pdb  6gkdG_antibody.pdb
Converting SMILES to graph: 318/500
4xc1P_antigen.pdb  7d00JN_antibody.pdb
Converting SMILES to graph: 319/500
4xc1P_antigen.pdb  7jtrHh_antibody.pdb
Converting SMILES to graph: 320/500
4xc1P_antigen.pdb  7x92HL_antibody.pdb
Converting SMILES to graph: 321/500
4xc3P_antigen.pdb  7bnvHL_antibody.pdb
Converting SMILES to graph: 322/500
4xc3P_antigen.pdb  3p30HL_antibody.pdb
Converting SMILES to graph: 323/500
4xc3P_antigen.pdb  6b0eBA_antibody.pdb
Converting SMILES to graph: 324/500
4xc3P_antigen.pdb  6x3zJI_antibody.pdb
Converting SMILES to graph: 325/500
4xc3P_antigen.pdb  5kzpFJ_antibody.pdb
Converting SMILES to graph: 326/500
4xc3P_antigen.pdb  4xnuHL_antibody.pdb
Converting SMILES to graph: 327/500
4xcfP_antigen.pdb  2y06HL_antibody.pdb
Converting SMILES to graph: 328/500
4xcfP_antigen.pdb  6b20F_antibody.pdb
Converting SMILES to graph: 329/500
4xcfP_antigen.pdb  7vazDC_antibody.pdb
Converting SMILES to graph: 330/500
4xcfP_antigen.pdb  6u55A_antibody.pdb
Converting SMILES to graph: 331/500
4xcfP_antigen.pdb  7vbiN_antibody.pdb
Converting SMILES to graph: 332/500
4xcfP_antigen.pdb  7mf1HL_antibody.pdb
Converting SMILES to graph: 333/500
4xcyA_antigen.pdb  6cvkAa_antibody.pdb
Converting SMILES to graph: 334/500
4xcyA_antigen.pdb  1hh9BA_antibody.pdb
Converting SMILES to graph: 335/500
4xcyA_antigen.pdb  8j1nB_antibody.pdb
Converting SMILES to graph: 336/500
4xcyA_antigen.pdb  7n0hZ_antibody.pdb
Converting SMILES to graph: 337/500
4xcyA_antigen.pdb  7rbuHL_antibody.pdb
Converting SMILES to graph: 338/500
4xcyA_antigen.pdb  6me1AB_antibody.pdb
Converting SMILES to graph: 339/500
4xgzc_antigen.pdb  3uzvBb_antibody.pdb
Converting SMILES to graph: 340/500
4xgzc_antigen.pdb  5vyfBA_antibody.pdb
Converting SMILES to graph: 341/500
4xgzc_antigen.pdb  4ojfHL_antibody.pdb
Converting SMILES to graph: 342/500
4xgzc_antigen.pdb  7zmsK_antibody.pdb
Converting SMILES to graph: 343/500
4xgzc_antigen.pdb  8dkmAB_antibody.pdb
Converting SMILES to graph: 344/500
4xgzc_antigen.pdb  7sbdHL_antibody.pdb
Converting SMILES to graph: 345/500
4xh2a_antigen.pdb  6e4yHL_antibody.pdb
Converting SMILES to graph: 346/500
4xh2a_antigen.pdb  5x8lGL_antibody.pdb
Converting SMILES to graph: 347/500
4xh2a_antigen.pdb  5vebHL_antibody.pdb
Converting SMILES to graph: 348/500
4xh2a_antigen.pdb  5wkoKL_antibody.pdb
Converting SMILES to graph: 349/500
4xh2a_antigen.pdb  7cyvHh_antibody.pdb
Converting SMILES to graph: 350/500
4xh2a_antigen.pdb  7rlyCD_antibody.pdb
Converting SMILES to graph: 351/500
4xi5BA_antigen.pdb  3p0yHL_antibody.pdb
Converting SMILES to graph: 352/500
4xi5BA_antigen.pdb  7rm3CD_antibody.pdb
Converting SMILES to graph: 353/500
4xi5BA_antigen.pdb  8f5iHL_antibody.pdb
Converting SMILES to graph: 354/500
4xi5BA_antigen.pdb  8dwwHL_antibody.pdb
Converting SMILES to graph: 355/500
4xi5BA_antigen.pdb  1r3kBA_antibody.pdb
Converting SMILES to graph: 356/500
4xi5BA_antigen.pdb  8a94RO_antibody.pdb
Converting SMILES to graph: 357/500
4xmkP_antigen.pdb  6e1kDC_antibody.pdb
Converting SMILES to graph: 358/500
4xmkP_antigen.pdb  5f3bEF_antibody.pdb
Converting SMILES to graph: 359/500
4xmkP_antigen.pdb  7yfdCc_antibody.pdb
Converting SMILES to graph: 360/500
4xmkP_antigen.pdb  7klhHL_antibody.pdb
Converting SMILES to graph: 361/500
4xmkP_antigen.pdb  8ivxHL_antibody.pdb
Converting SMILES to graph: 362/500
4xmkP_antigen.pdb  5w9mBC_antibody.pdb
Converting SMILES to graph: 363/500
4xmmDC_antigen.pdb  1u8oBA_antibody.pdb
Converting SMILES to graph: 364/500
4xmmDC_antigen.pdb  4grwF_antibody.pdb
Converting SMILES to graph: 365/500
4xmmDC_antigen.pdb  4ps4HL_antibody.pdb
Converting SMILES to graph: 366/500
4xmmDC_antigen.pdb  7dh5N_antibody.pdb
Converting SMILES to graph: 367/500
4xmmDC_antigen.pdb  8fl1HL_antibody.pdb
Converting SMILES to graph: 368/500
4xmmDC_antigen.pdb  7rtbN_antibody.pdb
Converting SMILES to graph: 369/500
4xmnE_antigen.pdb  7rw2IK_antibody.pdb
Converting SMILES to graph: 370/500
4xmnE_antigen.pdb  5ywoNM_antibody.pdb
Converting SMILES to graph: 371/500
4xmnE_antigen.pdb  5j56B_antibody.pdb
Converting SMILES to graph: 372/500
4xmnE_antigen.pdb  7rcoFE_antibody.pdb
Converting SMILES to graph: 373/500
4xmnE_antigen.pdb  8dyxHL_antibody.pdb
Converting SMILES to graph: 374/500
4xmnE_antigen.pdb  7x2hAB_antibody.pdb
Converting SMILES to graph: 375/500
4xmpG_antigen.pdb  6c9uHL_antibody.pdb
Converting SMILES to graph: 376/500
4xmpG_antigen.pdb  2vdkHL_antibody.pdb
Converting SMILES to graph: 377/500
4xmpG_antigen.pdb  4oclF_antibody.pdb
Converting SMILES to graph: 378/500
4xmpG_antigen.pdb  8e8lHL_antibody.pdb
Converting SMILES to graph: 379/500
4xmpG_antigen.pdb  2h2pEF_antibody.pdb
Converting SMILES to graph: 380/500
4xmpG_antigen.pdb  7zr9FG_antibody.pdb
Converting SMILES to graph: 381/500
4xnmD_antigen.pdb  7nx9AB_antibody.pdb
Converting SMILES to graph: 382/500
4xnmD_antigen.pdb  6by2AB_antibody.pdb
Converting SMILES to graph: 383/500
4xnmD_antigen.pdb  7ly9BC_antibody.pdb
Converting SMILES to graph: 384/500
4xnmD_antigen.pdb  7cmvEe_antibody.pdb
Converting SMILES to graph: 385/500
4xnmD_antigen.pdb  7st3B_antibody.pdb
Converting SMILES to graph: 386/500
4xnmD_antigen.pdb  7xowEe_antibody.pdb
Converting SMILES to graph: 387/500
4xnqC_antigen.pdb  4bh8BA_antibody.pdb
Converting SMILES to graph: 388/500
4xnqC_antigen.pdb  6z7zBA_antibody.pdb
Converting SMILES to graph: 389/500
4xnqC_antigen.pdb  7kn4MN_antibody.pdb
Converting SMILES to graph: 390/500
4xnqC_antigen.pdb  3b9kHL_antibody.pdb
Converting SMILES to graph: 391/500
4xnqC_antigen.pdb  3o2dHL_antibody.pdb
Converting SMILES to graph: 392/500
4xnqC_antigen.pdb  6vtwHL_antibody.pdb
Converting SMILES to graph: 393/500
4xnuA_antigen.pdb  7wobDB_antibody.pdb
Converting SMILES to graph: 394/500
4xnuA_antigen.pdb  6ko5HL_antibody.pdb
Converting SMILES to graph: 395/500
4xnuA_antigen.pdb  5te6HL_antibody.pdb
Converting SMILES to graph: 396/500
4xnuA_antigen.pdb  7cebCD_antibody.pdb
Converting SMILES to graph: 397/500
4xnuA_antigen.pdb  6hf1CB_antibody.pdb
Converting SMILES to graph: 398/500
4xnuA_antigen.pdb  6qfcBb_antibody.pdb
Converting SMILES to graph: 399/500
4xnxA_antigen.pdb  6z1vB_antibody.pdb
Converting SMILES to graph: 400/500
4xnxA_antigen.pdb  8hk3Hh_antibody.pdb
Converting SMILES to graph: 401/500
4xnxA_antigen.pdb  6o3bGE_antibody.pdb
Converting SMILES to graph: 402/500
4xnxA_antigen.pdb  7xj6ED_antibody.pdb
Converting SMILES to graph: 403/500
4xnxA_antigen.pdb  3j6a7_antibody.pdb
Converting SMILES to graph: 404/500
4xnxA_antigen.pdb  7nowA_antibody.pdb
Converting SMILES to graph: 405/500
4xnyG_antigen.pdb  7swnHL_antibody.pdb
Converting SMILES to graph: 406/500
4xnyG_antigen.pdb  7kqeJM_antibody.pdb
Converting SMILES to graph: 407/500
4xnyG_antigen.pdb  7dd2EH_antibody.pdb
Converting SMILES to graph: 408/500
4xnyG_antigen.pdb  7x92HL_antibody.pdb
Converting SMILES to graph: 409/500
4xnyG_antigen.pdb  4oclF_antibody.pdb
Converting SMILES to graph: 410/500
4xnyG_antigen.pdb  7ts0Hh_antibody.pdb
Converting SMILES to graph: 411/500
4xnzG_antigen.pdb  6q6zB_antibody.pdb
Converting SMILES to graph: 412/500
4xnzG_antigen.pdb  3kj6HL_antibody.pdb
Converting SMILES to graph: 413/500
4xnzG_antigen.pdb  7fejHL_antibody.pdb
Converting SMILES to graph: 414/500
4xnzG_antigen.pdb  7e9qHL_antibody.pdb
Converting SMILES to graph: 415/500
4xnzG_antigen.pdb  4s1qHL_antibody.pdb
Converting SMILES to graph: 416/500
4xnzG_antigen.pdb  6oikHh_antibody.pdb
Converting SMILES to graph: 417/500
4xp1A_antigen.pdb  6j11FG_antibody.pdb
Converting SMILES to graph: 418/500
4xp1A_antigen.pdb  5vxlB_antibody.pdb
Converting SMILES to graph: 419/500
4xp1A_antigen.pdb  7ws2ED_antibody.pdb
Converting SMILES to graph: 420/500
4xp1A_antigen.pdb  7cgwAB_antibody.pdb
Converting SMILES to graph: 421/500
4xp1A_antigen.pdb  7nx7HL_antibody.pdb
Converting SMILES to graph: 422/500
4xp1A_antigen.pdb  7wwjGF_antibody.pdb
Converting SMILES to graph: 423/500
4xp4A_antigen.pdb  7zliHL_antibody.pdb
Converting SMILES to graph: 424/500
4xp4A_antigen.pdb  8av9HL_antibody.pdb
Converting SMILES to graph: 425/500
4xp4A_antigen.pdb  6yo6C_antibody.pdb
Converting SMILES to graph: 426/500
4xp4A_antigen.pdb  7lg6JM_antibody.pdb
Converting SMILES to graph: 427/500
4xp4A_antigen.pdb  7tatDE_antibody.pdb
Converting SMILES to graph: 428/500
4xp4A_antigen.pdb  7dm2HL_antibody.pdb
Converting SMILES to graph: 429/500
4xp5A_antigen.pdb  5kqvPQ_antibody.pdb
Converting SMILES to graph: 430/500
4xp5A_antigen.pdb  5f7mC_antibody.pdb
Converting SMILES to graph: 431/500
4xp5A_antigen.pdb  5wduDE_antibody.pdb
Converting SMILES to graph: 432/500
4xp5A_antigen.pdb  4olxHL_antibody.pdb
Converting SMILES to graph: 433/500
4xp5A_antigen.pdb  3uc0IM_antibody.pdb
Converting SMILES to graph: 434/500
4xp5A_antigen.pdb  5f9oHL_antibody.pdb
Converting SMILES to graph: 435/500
4xp6A_antigen.pdb  7n3dHL_antibody.pdb
Converting SMILES to graph: 436/500
4xp6A_antigen.pdb  7r6wAB_antibody.pdb
Converting SMILES to graph: 437/500
4xp6A_antigen.pdb  6aj9DE_antibody.pdb
Converting SMILES to graph: 438/500
4xp6A_antigen.pdb  7n0uHL_antibody.pdb
Converting SMILES to graph: 439/500
4xp6A_antigen.pdb  7pnmIE_antibody.pdb
Converting SMILES to graph: 440/500
4xp6A_antigen.pdb  8jlzN_antibody.pdb
Converting SMILES to graph: 441/500
4xp9C_antigen.pdb  6a4kIM_antibody.pdb
Converting SMILES to graph: 442/500
4xp9C_antigen.pdb  4i1nB_antibody.pdb
Converting SMILES to graph: 443/500
4xp9C_antigen.pdb  5e8dHL_antibody.pdb
Converting SMILES to graph: 444/500
4xp9C_antigen.pdb  5m14C_antibody.pdb
Converting SMILES to graph: 445/500
4xp9C_antigen.pdb  3q3gKJ_antibody.pdb
Converting SMILES to graph: 446/500
4xp9C_antigen.pdb  8bg5Aa_antibody.pdb
Converting SMILES to graph: 447/500
4xpaA_antigen.pdb  6xzwHL_antibody.pdb
Converting SMILES to graph: 448/500
4xpaA_antigen.pdb  7y58B_antibody.pdb
Converting SMILES to graph: 449/500
4xpaA_antigen.pdb  7ru6L_antibody.pdb
Converting SMILES to graph: 450/500
4xpaA_antigen.pdb  5vakB_antibody.pdb
Converting SMILES to graph: 451/500
4xpaA_antigen.pdb  6icfHL_antibody.pdb
Converting SMILES to graph: 452/500
4xpaA_antigen.pdb  6vboHL_antibody.pdb
Converting SMILES to graph: 453/500
4xpfA_antigen.pdb  3ze1EF_antibody.pdb
Converting SMILES to graph: 454/500
4xpfA_antigen.pdb  8j7eAB_antibody.pdb
Converting SMILES to graph: 455/500
4xpfA_antigen.pdb  7n9bF_antibody.pdb
Converting SMILES to graph: 456/500
4xpfA_antigen.pdb  7ua8Hh_antibody.pdb
Converting SMILES to graph: 457/500
4xpfA_antigen.pdb  7nd7HL_antibody.pdb
Converting SMILES to graph: 458/500
4xpfA_antigen.pdb  2hrpHL_antibody.pdb
Converting SMILES to graph: 459/500
4xphA_antigen.pdb  7fbiHL_antibody.pdb
Converting SMILES to graph: 460/500
4xphA_antigen.pdb  7rm0AB_antibody.pdb
Converting SMILES to graph: 461/500
4xphA_antigen.pdb  8tb0Ff_antibody.pdb
Converting SMILES to graph: 462/500
4xphA_antigen.pdb  3ixyIJ_antibody.pdb
Converting SMILES to graph: 463/500
4xphA_antigen.pdb  3lexHL_antibody.pdb
Converting SMILES to graph: 464/500
4xphA_antigen.pdb  1t03HL_antibody.pdb
Converting SMILES to graph: 465/500
4xrcD_antigen.pdb  6bitJL_antibody.pdb
Converting SMILES to graph: 466/500
4xrcD_antigen.pdb  7lkiDE_antibody.pdb
Converting SMILES to graph: 467/500
4xrcD_antigen.pdb  2ht3CD_antibody.pdb
Converting SMILES to graph: 468/500
4xrcD_antigen.pdb  6bliDE_antibody.pdb
Converting SMILES to graph: 469/500
4xrcD_antigen.pdb  7cqcHL_antibody.pdb
Converting SMILES to graph: 470/500
4xrcD_antigen.pdb  6wo4HL_antibody.pdb
Converting SMILES to graph: 471/500
4xt1A_antigen.pdb  7mjhD_antibody.pdb
Converting SMILES to graph: 472/500
4xt1A_antigen.pdb  8hcaDE_antibody.pdb
Converting SMILES to graph: 473/500
4xt1A_antigen.pdb  8g59Ss_antibody.pdb
Converting SMILES to graph: 474/500
4xt1A_antigen.pdb  6flcBA_antibody.pdb
Converting SMILES to graph: 475/500
4xt1A_antigen.pdb  6bahBA_antibody.pdb
Converting SMILES to graph: 476/500
4xt1A_antigen.pdb  7ttmHL_antibody.pdb
Converting SMILES to graph: 477/500
4xtrA_antigen.pdb  3jbqHL_antibody.pdb
Converting SMILES to graph: 478/500
4xtrA_antigen.pdb  7lsgHL_antibody.pdb
Converting SMILES to graph: 479/500
4xtrA_antigen.pdb  7xd2DJ_antibody.pdb
Converting SMILES to graph: 480/500
4xtrA_antigen.pdb  7lxmHL_antibody.pdb
Converting SMILES to graph: 481/500
4xtrA_antigen.pdb  6nfcCD_antibody.pdb
Converting SMILES to graph: 482/500
4xvjA_antigen.pdb  5t3zHL_antibody.pdb
Converting SMILES to graph: 483/500
4xvjA_antigen.pdb  5d93CB_antibody.pdb
Converting SMILES to graph: 484/500
4xvjA_antigen.pdb  6ww2HL_antibody.pdb
Converting SMILES to graph: 485/500
4xvjA_antigen.pdb  6bzuGH_antibody.pdb
Converting SMILES to graph: 486/500
4xvjA_antigen.pdb  7ejaHh_antibody.pdb
Converting SMILES to graph: 487/500
4xvjA_antigen.pdb  7d5uD_antibody.pdb
Converting SMILES to graph: 488/500
4xvsG_antigen.pdb  6mjzHL_antibody.pdb
Converting SMILES to graph: 489/500
4xvsG_antigen.pdb  7mlzHL_antibody.pdb
Converting SMILES to graph: 490/500
4xvsG_antigen.pdb  8tp7DF_antibody.pdb
Converting SMILES to graph: 491/500
4xvsG_antigen.pdb  7a3uHL_antibody.pdb
Converting SMILES to graph: 492/500
4xvsG_antigen.pdb  4wy7HL_antibody.pdb
Converting SMILES to graph: 493/500
4xvsG_antigen.pdb  7z12BC_antibody.pdb
Converting SMILES to graph: 494/500
4xvtG_antigen.pdb  6b5pHL_antibody.pdb
Converting SMILES to graph: 495/500
4xvtG_antigen.pdb  7czvHK_antibody.pdb
Converting SMILES to graph: 496/500
4xvtG_antigen.pdb  8aonBC_antibody.pdb
Converting SMILES to graph: 497/500
4xvtG_antigen.pdb  6o3uBA_antibody.pdb
Converting SMILES to graph: 498/500
4xvtG_antigen.pdb  7x2tHL_antibody.pdb
Converting SMILES to graph: 499/500
4xvtG_antigen.pdb  5xcqAB_antibody.pdb
Converting SMILES to graph: 500/500
4xvuB_antigen.pdb  7wqvBb_antibody.pdb
Graph construction done. Saving to file.
