Converting SMILES to graph: 1/500
1tpxA_antigen.pdb  5fucE_antibody.pdb
Converting SMILES to graph: 2/500
1tpxA_antigen.pdb  6gg0HL_antibody.pdb
Converting SMILES to graph: 3/500
1tpxA_antigen.pdb  7wb5HL_antibody.pdb
Converting SMILES to graph: 4/500
1tqbA_antigen.pdb  4jreHL_antibody.pdb
Converting SMILES to graph: 5/500
1tqbA_antigen.pdb  6wg1HL_antibody.pdb
Converting SMILES to graph: 6/500
1tqbA_antigen.pdb  7sp9C_antibody.pdb
Converting SMILES to graph: 7/500
1tqbA_antigen.pdb  2v17HL_antibody.pdb
Converting SMILES to graph: 8/500
1tqbA_antigen.pdb  4ravAB_antibody.pdb
Converting SMILES to graph: 9/500
1tqbA_antigen.pdb  6vmjFE_antibody.pdb
Converting SMILES to graph: 10/500
1tqcA_antigen.pdb  5vaqB_antibody.pdb
Converting SMILES to graph: 11/500
1tqcA_antigen.pdb  6lmlDd_antibody.pdb
Converting SMILES to graph: 12/500
1tqcA_antigen.pdb  8becAa_antibody.pdb
Converting SMILES to graph: 13/500
1tqcA_antigen.pdb  7wbzHL_antibody.pdb
Converting SMILES to graph: 14/500
1tqcA_antigen.pdb  4xwoIJ_antibody.pdb
Converting SMILES to graph: 15/500
1tqcA_antigen.pdb  5en2AB_antibody.pdb
Converting SMILES to graph: 16/500
1tzgQ_antigen.pdb  7xp6N_antibody.pdb
Converting SMILES to graph: 17/500
1tzgQ_antigen.pdb  5kn5DE_antibody.pdb
Converting SMILES to graph: 18/500
1tzgQ_antigen.pdb  6uceHL_antibody.pdb
Converting SMILES to graph: 19/500
1tzgQ_antigen.pdb  6nfvAB_antibody.pdb
Converting SMILES to graph: 20/500
1tzgQ_antigen.pdb  5a1zKL_antibody.pdb
Converting SMILES to graph: 21/500
1tzgQ_antigen.pdb  4w2qG_antibody.pdb
Converting SMILES to graph: 22/500
1tzhW_antigen.pdb  5vaiN_antibody.pdb
Converting SMILES to graph: 23/500
1tzhW_antigen.pdb  7coeHL_antibody.pdb
Converting SMILES to graph: 24/500
1tzhW_antigen.pdb  1u93BA_antibody.pdb
Converting SMILES to graph: 25/500
1tzhW_antigen.pdb  1yntDC_antibody.pdb
Converting SMILES to graph: 26/500
1tzhW_antigen.pdb  6jb2A_antibody.pdb
Converting SMILES to graph: 27/500
1tzhW_antigen.pdb  7w57Ee_antibody.pdb
Converting SMILES to graph: 28/500
1tziV_antigen.pdb  6o1fHL_antibody.pdb
Converting SMILES to graph: 29/500
1tziV_antigen.pdb  2qqkHL_antibody.pdb
Converting SMILES to graph: 30/500
1tziV_antigen.pdb  6usfHL_antibody.pdb
Converting SMILES to graph: 31/500
1tziV_antigen.pdb  3tjeHL_antibody.pdb
Converting SMILES to graph: 32/500
1tziV_antigen.pdb  6x4tDF_antibody.pdb
Converting SMILES to graph: 33/500
1tziV_antigen.pdb  1hysDC_antibody.pdb
Converting SMILES to graph: 34/500
1u8hC_antigen.pdb  2a6kHL_antibody.pdb
Converting SMILES to graph: 35/500
1u8hC_antigen.pdb  8fd0C_antibody.pdb
Converting SMILES to graph: 36/500
1u8hC_antigen.pdb  7swnHL_antibody.pdb
Converting SMILES to graph: 37/500
1u8hC_antigen.pdb  1ncdHL_antibody.pdb
Converting SMILES to graph: 38/500
1u8hC_antigen.pdb  7czsIM_antibody.pdb
Converting SMILES to graph: 39/500
1u8hC_antigen.pdb  7w40Hh_antibody.pdb
Converting SMILES to graph: 40/500
1u8iC_antigen.pdb  7th3B_antibody.pdb
Converting SMILES to graph: 41/500
1u8iC_antigen.pdb  7n0xHL_antibody.pdb
Converting SMILES to graph: 42/500
1u8iC_antigen.pdb  7qn5F_antibody.pdb
Converting SMILES to graph: 43/500
1u8iC_antigen.pdb  7nfrB_antibody.pdb
Converting SMILES to graph: 44/500
1u8iC_antigen.pdb  7canA_antibody.pdb
Converting SMILES to graph: 45/500
1u8iC_antigen.pdb  8ix3HL_antibody.pdb
Converting SMILES to graph: 46/500
1u8jC_antigen.pdb  7u8gDE_antibody.pdb
Converting SMILES to graph: 47/500
1u8jC_antigen.pdb  7p02Hh_antibody.pdb
Converting SMILES to graph: 48/500
1u8jC_antigen.pdb  3lhpHL_antibody.pdb
Converting SMILES to graph: 49/500
1u8jC_antigen.pdb  7mlhCA_antibody.pdb
Converting SMILES to graph: 50/500
1u8jC_antigen.pdb  5x8lGL_antibody.pdb
Converting SMILES to graph: 51/500
1u8jC_antigen.pdb  6e0pMm_antibody.pdb
Converting SMILES to graph: 52/500
1u8kC_antigen.pdb  7f0xBb_antibody.pdb
Converting SMILES to graph: 53/500
1u8kC_antigen.pdb  7ocjG_antibody.pdb
Converting SMILES to graph: 54/500
1u8kC_antigen.pdb  6lhtHL_antibody.pdb
Converting SMILES to graph: 55/500
1u8kC_antigen.pdb  6njmLK_antibody.pdb
Converting SMILES to graph: 56/500
1u8kC_antigen.pdb  7n8iHL_antibody.pdb
Converting SMILES to graph: 57/500
1u8kC_antigen.pdb  2zchHL_antibody.pdb
Converting SMILES to graph: 58/500
1u8lC_antigen.pdb  7cx3N_antibody.pdb
Converting SMILES to graph: 59/500
1u8lC_antigen.pdb  5kteHL_antibody.pdb
Converting SMILES to graph: 60/500
1u8lC_antigen.pdb  6zh9HL_antibody.pdb
Converting SMILES to graph: 61/500
1u8lC_antigen.pdb  7um7Ee_antibody.pdb
Converting SMILES to graph: 62/500
1u8lC_antigen.pdb  7o52HL_antibody.pdb
Converting SMILES to graph: 63/500
1u8lC_antigen.pdb  7o9wCB_antibody.pdb
Converting SMILES to graph: 64/500
1u8mC_antigen.pdb  8fddAB_antibody.pdb
Converting SMILES to graph: 65/500
1u8mC_antigen.pdb  7xmxEF_antibody.pdb
Converting SMILES to graph: 66/500
1u8mC_antigen.pdb  7webGI_antibody.pdb
Converting SMILES to graph: 67/500
1u8mC_antigen.pdb  4uujAB_antibody.pdb
Converting SMILES to graph: 68/500
1u8mC_antigen.pdb  6sc6B_antibody.pdb
Converting SMILES to graph: 69/500
1u8mC_antigen.pdb  7wcrab_antibody.pdb
Converting SMILES to graph: 70/500
1u8nC_antigen.pdb  3jbqHL_antibody.pdb
Converting SMILES to graph: 71/500
1u8nC_antigen.pdb  8sazCD_antibody.pdb
Converting SMILES to graph: 72/500
1u8nC_antigen.pdb  5vkeAB_antibody.pdb
Converting SMILES to graph: 73/500
1u8nC_antigen.pdb  8hc4DE_antibody.pdb
Converting SMILES to graph: 74/500
1u8nC_antigen.pdb  8fasAB_antibody.pdb
Converting SMILES to graph: 75/500
1u8oC_antigen.pdb  8fxsD_antibody.pdb
Converting SMILES to graph: 76/500
1u8oC_antigen.pdb  6w0dAB_antibody.pdb
Converting SMILES to graph: 77/500
1u8oC_antigen.pdb  8i0nHL_antibody.pdb
Converting SMILES to graph: 78/500
1u8oC_antigen.pdb  3drqBA_antibody.pdb
Converting SMILES to graph: 79/500
1u8oC_antigen.pdb  8g0wC_antibody.pdb
Converting SMILES to graph: 80/500
1u8oC_antigen.pdb  7aqyD_antibody.pdb
Converting SMILES to graph: 81/500
1u8pC_antigen.pdb  7fafgf_antibody.pdb
Converting SMILES to graph: 82/500
1u8pC_antigen.pdb  5o03C_antibody.pdb
Converting SMILES to graph: 83/500
1u8pC_antigen.pdb  7sp8B_antibody.pdb
Converting SMILES to graph: 84/500
1u8pC_antigen.pdb  6ni2HL_antibody.pdb
Converting SMILES to graph: 85/500
1u8pC_antigen.pdb  7v6aSs_antibody.pdb
Converting SMILES to graph: 86/500
1u8pC_antigen.pdb  1fbiHL_antibody.pdb
Converting SMILES to graph: 87/500
1u8qC_antigen.pdb  7sshB_antibody.pdb
Converting SMILES to graph: 88/500
1u8qC_antigen.pdb  4nbxB_antibody.pdb
Converting SMILES to graph: 89/500
1u8qC_antigen.pdb  3uyrHL_antibody.pdb
Converting SMILES to graph: 90/500
1u8qC_antigen.pdb  8tcoED_antibody.pdb
Converting SMILES to graph: 91/500
1u8qC_antigen.pdb  2b2xHL_antibody.pdb
Converting SMILES to graph: 92/500
1u8qC_antigen.pdb  7a6oB_antibody.pdb
Converting SMILES to graph: 93/500
1u91C_antigen.pdb  7qbdE_antibody.pdb
Converting SMILES to graph: 94/500
1u91C_antigen.pdb  8hiiHL_antibody.pdb
Converting SMILES to graph: 95/500
1u91C_antigen.pdb  7kezHL_antibody.pdb
Converting SMILES to graph: 96/500
1u91C_antigen.pdb  8cxnD_antibody.pdb
Converting SMILES to graph: 97/500
1u91C_antigen.pdb  7sl9B_antibody.pdb
Converting SMILES to graph: 98/500
1u91C_antigen.pdb  7e6uB_antibody.pdb
Converting SMILES to graph: 99/500
1u92C_antigen.pdb  7wy0Cc_antibody.pdb
Converting SMILES to graph: 100/500
1u92C_antigen.pdb  7d4bB_antibody.pdb
Converting SMILES to graph: 101/500
1u92C_antigen.pdb  7sueHL_antibody.pdb
Converting SMILES to graph: 102/500
1u92C_antigen.pdb  3levHL_antibody.pdb
Converting SMILES to graph: 103/500
1u92C_antigen.pdb  2xt1B_antibody.pdb
Converting SMILES to graph: 104/500
1u92C_antigen.pdb  4xnqHL_antibody.pdb
Converting SMILES to graph: 105/500
1u93C_antigen.pdb  3or6AB_antibody.pdb
Converting SMILES to graph: 106/500
1u93C_antigen.pdb  4y5yDE_antibody.pdb
Converting SMILES to graph: 107/500
1u93C_antigen.pdb  5mo9HL_antibody.pdb
Converting SMILES to graph: 108/500
1u93C_antigen.pdb  5vaqB_antibody.pdb
Converting SMILES to graph: 109/500
1u93C_antigen.pdb  7mk6AB_antibody.pdb
Converting SMILES to graph: 110/500
1u93C_antigen.pdb  6xbmSs_antibody.pdb
Converting SMILES to graph: 111/500
1u95C_antigen.pdb  6njmLK_antibody.pdb
Converting SMILES to graph: 112/500
1u95C_antigen.pdb  4jm2DC_antibody.pdb
Converting SMILES to graph: 113/500
1u95C_antigen.pdb  8oxxBC_antibody.pdb
Converting SMILES to graph: 114/500
1u95C_antigen.pdb  7umnHL_antibody.pdb
Converting SMILES to graph: 115/500
1u95C_antigen.pdb  1gc1HL_antibody.pdb
Converting SMILES to graph: 116/500
1u95C_antigen.pdb  8e1mHL_antibody.pdb
Converting SMILES to graph: 117/500
1ua6Y_antigen.pdb  6k5fCD_antibody.pdb
Converting SMILES to graph: 118/500
1ua6Y_antigen.pdb  1ar1CD_antibody.pdb
Converting SMILES to graph: 119/500
1ua6Y_antigen.pdb  6iuvCD_antibody.pdb
Converting SMILES to graph: 120/500
1ua6Y_antigen.pdb  7qbfB_antibody.pdb
Converting SMILES to graph: 121/500
1ua6Y_antigen.pdb  6xe1HL_antibody.pdb
Converting SMILES to graph: 122/500
1ua6Y_antigen.pdb  3d0lBA_antibody.pdb
Converting SMILES to graph: 123/500
1uacY_antigen.pdb  8cr9AB_antibody.pdb
Converting SMILES to graph: 124/500
1uacY_antigen.pdb  8skjA_antibody.pdb
Converting SMILES to graph: 125/500
1uacY_antigen.pdb  6u02HL_antibody.pdb
Converting SMILES to graph: 126/500
1uacY_antigen.pdb  8hc7HL_antibody.pdb
Converting SMILES to graph: 127/500
1uacY_antigen.pdb  6wtuHI_antibody.pdb
Converting SMILES to graph: 128/500
1uacY_antigen.pdb  7upwDE_antibody.pdb
Converting SMILES to graph: 129/500
1uj3C_antigen.pdb  4lsvHL_antibody.pdb
Converting SMILES to graph: 130/500
1uj3C_antigen.pdb  8bk2HL_antibody.pdb
Converting SMILES to graph: 131/500
1uj3C_antigen.pdb  3mltHL_antibody.pdb
Converting SMILES to graph: 132/500
1uj3C_antigen.pdb  7f15Bb_antibody.pdb
Converting SMILES to graph: 133/500
1uj3C_antigen.pdb  7a3nHL_antibody.pdb
Converting SMILES to graph: 134/500
1uj3C_antigen.pdb  6pisIM_antibody.pdb
Converting SMILES to graph: 135/500
1uwxP_antigen.pdb  8dxuHL_antibody.pdb
Converting SMILES to graph: 136/500
1uwxP_antigen.pdb  7feiHL_antibody.pdb
Converting SMILES to graph: 137/500
1uwxP_antigen.pdb  7wt8HD_antibody.pdb
Converting SMILES to graph: 138/500
1uwxP_antigen.pdb  7uapMN_antibody.pdb
Converting SMILES to graph: 139/500
1uwxP_antigen.pdb  7mluNO_antibody.pdb
Converting SMILES to graph: 140/500
1uwxP_antigen.pdb  3mlvNM_antibody.pdb
Converting SMILES to graph: 141/500
1uz8H_antigen.pdb  7vn9HL_antibody.pdb
Converting SMILES to graph: 142/500
1uz8H_antigen.pdb  8ib1BA_antibody.pdb
Converting SMILES to graph: 143/500
1uz8H_antigen.pdb  5wk3WV_antibody.pdb
Converting SMILES to graph: 144/500
1uz8H_antigen.pdb  2b1hHL_antibody.pdb
Converting SMILES to graph: 145/500
1uz8H_antigen.pdb  7lfaHL_antibody.pdb
Converting SMILES to graph: 146/500
1uz8H_antigen.pdb  6wg1HL_antibody.pdb
Converting SMILES to graph: 147/500
1v7mX_antigen.pdb  7x40HL_antibody.pdb
Converting SMILES to graph: 148/500
1v7mX_antigen.pdb  4hc1MN_antibody.pdb
Converting SMILES to graph: 149/500
1v7mX_antigen.pdb  4r0lHL_antibody.pdb
Converting SMILES to graph: 150/500
1v7mX_antigen.pdb  8ivaCE_antibody.pdb
Converting SMILES to graph: 151/500
1v7mX_antigen.pdb  7b17B_antibody.pdb
Converting SMILES to graph: 152/500
1v7mX_antigen.pdb  8ez3HL_antibody.pdb
Converting SMILES to graph: 153/500
1v7nZ_antigen.pdb  5x2pJK_antibody.pdb
Converting SMILES to graph: 154/500
1v7nZ_antigen.pdb  7xa3Ee_antibody.pdb
Converting SMILES to graph: 155/500
1v7nZ_antigen.pdb  6w0dAB_antibody.pdb
Converting SMILES to graph: 156/500
1v7nZ_antigen.pdb  4f9pDd_antibody.pdb
Converting SMILES to graph: 157/500
1v7nZ_antigen.pdb  7upaHL_antibody.pdb
Converting SMILES to graph: 158/500
1vfbC_antigen.pdb  8da0BA_antibody.pdb
Converting SMILES to graph: 159/500
1vfbC_antigen.pdb  7kfyHL_antibody.pdb
Converting SMILES to graph: 160/500
1vfbC_antigen.pdb  2xv6D_antibody.pdb
Converting SMILES to graph: 161/500
1vfbC_antigen.pdb  7lo8HL_antibody.pdb
Converting SMILES to graph: 162/500
1vfbC_antigen.pdb  8bvtB_antibody.pdb
Converting SMILES to graph: 163/500
1vfbC_antigen.pdb  7xmxEF_antibody.pdb
Converting SMILES to graph: 164/500
1w72DF_antigen.pdb  6b9yBA_antibody.pdb
Converting SMILES to graph: 165/500
1w72DF_antigen.pdb  7fciHL_antibody.pdb
Converting SMILES to graph: 166/500
1w72DF_antigen.pdb  7nx8HL_antibody.pdb
Converting SMILES to graph: 167/500
1w72DF_antigen.pdb  7r8mHL_antibody.pdb
Converting SMILES to graph: 168/500
1w72DF_antigen.pdb  1qleHL_antibody.pdb
Converting SMILES to graph: 169/500
1w72DF_antigen.pdb  8f9fHL_antibody.pdb
Converting SMILES to graph: 170/500
1wejF_antigen.pdb  3idnBA_antibody.pdb
Converting SMILES to graph: 171/500
1wejF_antigen.pdb  7a29D_antibody.pdb
Converting SMILES to graph: 172/500
1wejF_antigen.pdb  5m2iJ_antibody.pdb
Converting SMILES to graph: 173/500
1wejF_antigen.pdb  4tqeHL_antibody.pdb
Converting SMILES to graph: 174/500
1wejF_antigen.pdb  5e0qA_antibody.pdb
Converting SMILES to graph: 175/500
1wejF_antigen.pdb  5zxvCD_antibody.pdb
Converting SMILES to graph: 176/500
1xcqQM_antigen.pdb  8b19B_antibody.pdb
Converting SMILES to graph: 177/500
1xcqQM_antigen.pdb  7v6oED_antibody.pdb
Converting SMILES to graph: 178/500
1xcqQM_antigen.pdb  1e6jHL_antibody.pdb
Converting SMILES to graph: 179/500
1xcqQM_antigen.pdb  6p60AB_antibody.pdb
Converting SMILES to graph: 180/500
1xcqQM_antigen.pdb  3jbf7_antibody.pdb
Converting SMILES to graph: 181/500
1xcqQM_antigen.pdb  4fqyHL_antibody.pdb
Converting SMILES to graph: 182/500
1xctQM_antigen.pdb  8eh5HL_antibody.pdb
Converting SMILES to graph: 183/500
1xctQM_antigen.pdb  3sn6N_antibody.pdb
Converting SMILES to graph: 184/500
1xctQM_antigen.pdb  4q0xHL_antibody.pdb
Converting SMILES to graph: 185/500
1xctQM_antigen.pdb  7chhJK_antibody.pdb
Converting SMILES to graph: 186/500
1xctQM_antigen.pdb  7u9gGD_antibody.pdb
Converting SMILES to graph: 187/500
1xctQM_antigen.pdb  7yaiC_antibody.pdb
Converting SMILES to graph: 188/500
1xf5Q_antigen.pdb  8kgkE_antibody.pdb
Converting SMILES to graph: 189/500
1xf5Q_antigen.pdb  7uz5HL_antibody.pdb
Converting SMILES to graph: 190/500
1xf5Q_antigen.pdb  6wioAB_antibody.pdb
Converting SMILES to graph: 191/500
1xf5Q_antigen.pdb  6ir1B_antibody.pdb
Converting SMILES to graph: 192/500
1xf5Q_antigen.pdb  8c9xF_antibody.pdb
Converting SMILES to graph: 193/500
1xf5Q_antigen.pdb  1wejHL_antibody.pdb
Converting SMILES to graph: 194/500
1xfpL_antigen.pdb  3zkxB_antibody.pdb
Converting SMILES to graph: 195/500
1xfpL_antigen.pdb  5xcqAB_antibody.pdb
Converting SMILES to graph: 196/500
1xfpL_antigen.pdb  7rxpHL_antibody.pdb
Converting SMILES to graph: 197/500
1xfpL_antigen.pdb  2p49B_antibody.pdb
Converting SMILES to graph: 198/500
1xfpL_antigen.pdb  7ej8Hh_antibody.pdb
Converting SMILES to graph: 199/500
1xfpL_antigen.pdb  8dm4HL_antibody.pdb
Converting SMILES to graph: 200/500
1xgpC_antigen.pdb  1xctDC_antibody.pdb
Converting SMILES to graph: 201/500
1xgpC_antigen.pdb  7xp4N_antibody.pdb
Converting SMILES to graph: 202/500
1xgpC_antigen.pdb  7wtkHL_antibody.pdb
Converting SMILES to graph: 203/500
1xgpC_antigen.pdb  7wn2HL_antibody.pdb
Converting SMILES to graph: 204/500
1xgpC_antigen.pdb  7ul5D_antibody.pdb
Converting SMILES to graph: 205/500
1xgpC_antigen.pdb  7niuED_antibody.pdb
Converting SMILES to graph: 206/500
1xgqC_antigen.pdb  8cxrE_antibody.pdb
Converting SMILES to graph: 207/500
1xgqC_antigen.pdb  5o4oBA_antibody.pdb
Converting SMILES to graph: 208/500
1xgqC_antigen.pdb  2bseF_antibody.pdb
Converting SMILES to graph: 209/500
1xgqC_antigen.pdb  7bepDF_antibody.pdb
Converting SMILES to graph: 210/500
1xgqC_antigen.pdb  7q3rF_antibody.pdb
Converting SMILES to graph: 211/500
1xgrC_antigen.pdb  2adfHL_antibody.pdb
Converting SMILES to graph: 212/500
1xgrC_antigen.pdb  7ksgD_antibody.pdb
Converting SMILES to graph: 213/500
1xgrC_antigen.pdb  4hs6BA_antibody.pdb
Converting SMILES to graph: 214/500
1xgrC_antigen.pdb  6ir1B_antibody.pdb
Converting SMILES to graph: 215/500
1xgrC_antigen.pdb  4o9hHL_antibody.pdb
Converting SMILES to graph: 216/500
1xgtC_antigen.pdb  6t9eAB_antibody.pdb
Converting SMILES to graph: 217/500
1xgtC_antigen.pdb  6obeB_antibody.pdb
Converting SMILES to graph: 218/500
1xgtC_antigen.pdb  7dk6ab_antibody.pdb
Converting SMILES to graph: 219/500
1xgtC_antigen.pdb  7shuEF_antibody.pdb
Converting SMILES to graph: 220/500
1xgtC_antigen.pdb  4k3jHL_antibody.pdb
Converting SMILES to graph: 221/500
1xgtC_antigen.pdb  7x2hAB_antibody.pdb
Converting SMILES to graph: 222/500
1xguC_antigen.pdb  6uigBC_antibody.pdb
Converting SMILES to graph: 223/500
1xguC_antigen.pdb  7negHL_antibody.pdb
Converting SMILES to graph: 224/500
1xguC_antigen.pdb  7jvqN_antibody.pdb
Converting SMILES to graph: 225/500
1xguC_antigen.pdb  7m71HL_antibody.pdb
Converting SMILES to graph: 226/500
1xguC_antigen.pdb  7dstE_antibody.pdb
Converting SMILES to graph: 227/500
1xguC_antigen.pdb  5w1mDC_antibody.pdb
Converting SMILES to graph: 228/500
1xgyP_antigen.pdb  7ch4HL_antibody.pdb
Converting SMILES to graph: 229/500
1xgyP_antigen.pdb  7budGI_antibody.pdb
Converting SMILES to graph: 230/500
1xgyP_antigen.pdb  6cbpAa_antibody.pdb
Converting SMILES to graph: 231/500
1xgyP_antigen.pdb  8dytHL_antibody.pdb
Converting SMILES to graph: 232/500
1xgyP_antigen.pdb  6xm2FE_antibody.pdb
Converting SMILES to graph: 233/500
1xiwEB_antigen.pdb  7qtkBC_antibody.pdb
Converting SMILES to graph: 234/500
1xiwEB_antigen.pdb  8fg0CD_antibody.pdb
Converting SMILES to graph: 235/500
1xiwEB_antigen.pdb  8cycD_antibody.pdb
Converting SMILES to graph: 236/500
1xiwEB_antigen.pdb  7tmwN_antibody.pdb
Converting SMILES to graph: 237/500
1xiwEB_antigen.pdb  7y1fEe_antibody.pdb
Converting SMILES to graph: 238/500
1xiwEB_antigen.pdb  6w0gAB_antibody.pdb
Converting SMILES to graph: 239/500
1yjdC_antigen.pdb  5vn3MO_antibody.pdb
Converting SMILES to graph: 240/500
1yjdC_antigen.pdb  6marMN_antibody.pdb
Converting SMILES to graph: 241/500
1yjdC_antigen.pdb  6x07B_antibody.pdb
Converting SMILES to graph: 242/500
1yjdC_antigen.pdb  6ocbHL_antibody.pdb
Converting SMILES to graph: 243/500
1yjdC_antigen.pdb  2vitBA_antibody.pdb
Converting SMILES to graph: 244/500
1yjdC_antigen.pdb  3i50HL_antibody.pdb
Converting SMILES to graph: 245/500
1ymhF_antigen.pdb  5u3kAB_antibody.pdb
Converting SMILES to graph: 246/500
1ymhF_antigen.pdb  6lz4AB_antibody.pdb
Converting SMILES to graph: 247/500
1ymhF_antigen.pdb  6bitJL_antibody.pdb
Converting SMILES to graph: 248/500
1ymhF_antigen.pdb  1g9mHL_antibody.pdb
Converting SMILES to graph: 249/500
1ymhF_antigen.pdb  6bt3BA_antibody.pdb
Converting SMILES to graph: 250/500
1yntG_antigen.pdb  7engHL_antibody.pdb
Converting SMILES to graph: 251/500
1yntG_antigen.pdb  1oakHL_antibody.pdb
Converting SMILES to graph: 252/500
1yntG_antigen.pdb  7rkfDd_antibody.pdb
Converting SMILES to graph: 253/500
1yntG_antigen.pdb  7ph7C_antibody.pdb
Converting SMILES to graph: 254/500
1yntG_antigen.pdb  7c2sIM_antibody.pdb
Converting SMILES to graph: 255/500
1yntG_antigen.pdb  6bfqHL_antibody.pdb
Converting SMILES to graph: 256/500
1yqvY_antigen.pdb  7ts0Hh_antibody.pdb
Converting SMILES to graph: 257/500
1yqvY_antigen.pdb  5eiiHL_antibody.pdb
Converting SMILES to graph: 258/500
1yqvY_antigen.pdb  8dcsN_antibody.pdb
Converting SMILES to graph: 259/500
1yqvY_antigen.pdb  3modHL_antibody.pdb
Converting SMILES to graph: 260/500
1yqvY_antigen.pdb  7yv7FE_antibody.pdb
Converting SMILES to graph: 261/500
1yqvY_antigen.pdb  7azbB_antibody.pdb
Converting SMILES to graph: 262/500
1yy9A_antigen.pdb  7wcrab_antibody.pdb
Converting SMILES to graph: 263/500
1yy9A_antigen.pdb  7s8pEe_antibody.pdb
Converting SMILES to graph: 264/500
1yy9A_antigen.pdb  5tudFE_antibody.pdb
Converting SMILES to graph: 265/500
1yy9A_antigen.pdb  7nktB_antibody.pdb
Converting SMILES to graph: 266/500
1yy9A_antigen.pdb  5dyoHL_antibody.pdb
Converting SMILES to graph: 267/500
1yy9A_antigen.pdb  6j5fHL_antibody.pdb
Converting SMILES to graph: 268/500
1yylG_antigen.pdb  7aqxC_antibody.pdb
Converting SMILES to graph: 269/500
1yylG_antigen.pdb  6otcHL_antibody.pdb
Converting SMILES to graph: 270/500
1yylG_antigen.pdb  7uxlFE_antibody.pdb
Converting SMILES to graph: 271/500
1yylG_antigen.pdb  4kdtA_antibody.pdb
Converting SMILES to graph: 272/500
1yylG_antigen.pdb  6xc7CD_antibody.pdb
Converting SMILES to graph: 273/500
1yylG_antigen.pdb  8f7wEe_antibody.pdb
Converting SMILES to graph: 274/500
1yymG_antigen.pdb  6gk4E_antibody.pdb
Converting SMILES to graph: 275/500
1yymG_antigen.pdb  7x38HL_antibody.pdb
Converting SMILES to graph: 276/500
1yymG_antigen.pdb  6wxlKJ_antibody.pdb
Converting SMILES to graph: 277/500
1yymG_antigen.pdb  7nfdDC_antibody.pdb
Converting SMILES to graph: 278/500
1yymG_antigen.pdb  5gxbB_antibody.pdb
Converting SMILES to graph: 279/500
1yymG_antigen.pdb  8ek5Ee_antibody.pdb
Converting SMILES to graph: 280/500
1z3gB_antigen.pdb  6d6uKL_antibody.pdb
Converting SMILES to graph: 281/500
1z3gB_antigen.pdb  7kklE_antibody.pdb
Converting SMILES to graph: 282/500
1z3gB_antigen.pdb  6p9xN_antibody.pdb
Converting SMILES to graph: 283/500
1z3gB_antigen.pdb  1cftBA_antibody.pdb
Converting SMILES to graph: 284/500
1z3gB_antigen.pdb  7sc1PQ_antibody.pdb
Converting SMILES to graph: 285/500
1z3gB_antigen.pdb  7t9mHL_antibody.pdb
Converting SMILES to graph: 286/500
1za3R_antigen.pdb  7zjlji_antibody.pdb
Converting SMILES to graph: 287/500
1za3R_antigen.pdb  6mamAB_antibody.pdb
Converting SMILES to graph: 288/500
1za3R_antigen.pdb  3ncyPS_antibody.pdb
Converting SMILES to graph: 289/500
1za3R_antigen.pdb  8eloHL_antibody.pdb
Converting SMILES to graph: 290/500
1za3R_antigen.pdb  6u55A_antibody.pdb
Converting SMILES to graph: 291/500
1za3R_antigen.pdb  8dtoGH_antibody.pdb
Converting SMILES to graph: 292/500
1zmyL_antigen.pdb  6d01GH_antibody.pdb
Converting SMILES to graph: 293/500
1zmyL_antigen.pdb  7mjsHL_antibody.pdb
Converting SMILES to graph: 294/500
1zmyL_antigen.pdb  5ovwI_antibody.pdb
Converting SMILES to graph: 295/500
1zmyL_antigen.pdb  8jtdJN_antibody.pdb
Converting SMILES to graph: 296/500
1zmyL_antigen.pdb  7x2jB_antibody.pdb
Converting SMILES to graph: 297/500
1zmyL_antigen.pdb  8dzwHL_antibody.pdb
Converting SMILES to graph: 298/500
1ztxE_antigen.pdb  7b2mD_antibody.pdb
Converting SMILES to graph: 299/500
1ztxE_antigen.pdb  8u5bHL_antibody.pdb
Converting SMILES to graph: 300/500
1ztxE_antigen.pdb  5ugyIM_antibody.pdb
Converting SMILES to graph: 301/500
1ztxE_antigen.pdb  7x9eAB_antibody.pdb
Converting SMILES to graph: 302/500
1ztxE_antigen.pdb  6m47HL_antibody.pdb
Converting SMILES to graph: 303/500
1ztxE_antigen.pdb  3qumBA_antibody.pdb
Converting SMILES to graph: 304/500
1zv5L_antigen.pdb  5ojmM_antibody.pdb
Converting SMILES to graph: 305/500
1zv5L_antigen.pdb  6cdmAB_antibody.pdb
Converting SMILES to graph: 306/500
1zv5L_antigen.pdb  8aiaD_antibody.pdb
Converting SMILES to graph: 307/500
1zv5L_antigen.pdb  7a5rIM_antibody.pdb
Converting SMILES to graph: 308/500
1zv5L_antigen.pdb  7l2eHL_antibody.pdb
Converting SMILES to graph: 309/500
1zv5L_antigen.pdb  7t87HL_antibody.pdb
Converting SMILES to graph: 310/500
1zvhL_antigen.pdb  6nbhN_antibody.pdb
Converting SMILES to graph: 311/500
1zvhL_antigen.pdb  1yntDC_antibody.pdb
Converting SMILES to graph: 312/500
1zvhL_antigen.pdb  7vigEe_antibody.pdb
Converting SMILES to graph: 313/500
1zvhL_antigen.pdb  8tp9DF_antibody.pdb
Converting SMILES to graph: 314/500
1zvhL_antigen.pdb  7m7iEF_antibody.pdb
Converting SMILES to graph: 315/500
1zvhL_antigen.pdb  8ghpHL_antibody.pdb
Converting SMILES to graph: 316/500
1zvyB_antigen.pdb  4edwHL_antibody.pdb
Converting SMILES to graph: 317/500
1zvyB_antigen.pdb  8bbhHL_antibody.pdb
Converting SMILES to graph: 318/500
1zvyB_antigen.pdb  7e3oHL_antibody.pdb
Converting SMILES to graph: 319/500
1zvyB_antigen.pdb  6nmuBA_antibody.pdb
Converting SMILES to graph: 320/500
1zvyB_antigen.pdb  5j1tC_antibody.pdb
Converting SMILES to graph: 321/500
1zvyB_antigen.pdb  8eqfHL_antibody.pdb
Converting SMILES to graph: 322/500
1zwiC_antigen.pdb  5tzuHL_antibody.pdb
Converting SMILES to graph: 323/500
1zwiC_antigen.pdb  7q0iHL_antibody.pdb
Converting SMILES to graph: 324/500
1zwiC_antigen.pdb  7k8sHL_antibody.pdb
Converting SMILES to graph: 325/500
1zwiC_antigen.pdb  4yk4CB_antibody.pdb
Converting SMILES to graph: 326/500
1zwiC_antigen.pdb  6dztMm_antibody.pdb
Converting SMILES to graph: 327/500
1zwiC_antigen.pdb  8e9zEe_antibody.pdb
Converting SMILES to graph: 328/500
2a0lB_antigen.pdb  7nllA_antibody.pdb
Converting SMILES to graph: 329/500
2a0lB_antigen.pdb  8w88N_antibody.pdb
Converting SMILES to graph: 330/500
2a0lB_antigen.pdb  8omuB_antibody.pdb
Converting SMILES to graph: 331/500
2a0lB_antigen.pdb  5i8hGH_antibody.pdb
Converting SMILES to graph: 332/500
2a0lB_antigen.pdb  7w0oSs_antibody.pdb
Converting SMILES to graph: 333/500
2a0lB_antigen.pdb  4ybqDC_antibody.pdb
Converting SMILES to graph: 334/500
2a6dP_antigen.pdb  7e7eCD_antibody.pdb
Converting SMILES to graph: 335/500
2a6dP_antigen.pdb  7fgjHL_antibody.pdb
Converting SMILES to graph: 336/500
2a6dP_antigen.pdb  3wfcHL_antibody.pdb
Converting SMILES to graph: 337/500
2a6dP_antigen.pdb  7shzEF_antibody.pdb
Converting SMILES to graph: 338/500
2a6dP_antigen.pdb  6b0eBA_antibody.pdb
Converting SMILES to graph: 339/500
2a6dP_antigen.pdb  2ny3DC_antibody.pdb
Converting SMILES to graph: 340/500
2a6iP_antigen.pdb  7mubAB_antibody.pdb
Converting SMILES to graph: 341/500
2a6iP_antigen.pdb  6blhHL_antibody.pdb
Converting SMILES to graph: 342/500
2a6iP_antigen.pdb  6xlzHL_antibody.pdb
Converting SMILES to graph: 343/500
2a6iP_antigen.pdb  8ha0N_antibody.pdb
Converting SMILES to graph: 344/500
2a6iP_antigen.pdb  4j6rHL_antibody.pdb
Converting SMILES to graph: 345/500
2a6iP_antigen.pdb  8cr9AB_antibody.pdb
Converting SMILES to graph: 346/500
2a6kP_antigen.pdb  5c0nCD_antibody.pdb
Converting SMILES to graph: 347/500
2a6kP_antigen.pdb  8jspEe_antibody.pdb
Converting SMILES to graph: 348/500
2a6kP_antigen.pdb  7kdmC_antibody.pdb
Converting SMILES to graph: 349/500
2a6kP_antigen.pdb  8ez8HL_antibody.pdb
Converting SMILES to graph: 350/500
2a6kP_antigen.pdb  5xf1HL_antibody.pdb
Converting SMILES to graph: 351/500
2a6kP_antigen.pdb  3haeHL_antibody.pdb
Converting SMILES to graph: 352/500
2adfA_antigen.pdb  8k2wN_antibody.pdb
Converting SMILES to graph: 353/500
2adfA_antigen.pdb  6ot1JK_antibody.pdb
Converting SMILES to graph: 354/500
2adfA_antigen.pdb  4ydiHL_antibody.pdb
Converting SMILES to graph: 355/500
2adfA_antigen.pdb  7m6fCD_antibody.pdb
Converting SMILES to graph: 356/500
2adfA_antigen.pdb  4kucHD_antibody.pdb
Converting SMILES to graph: 357/500
2adfA_antigen.pdb  8f0kN_antibody.pdb
Converting SMILES to graph: 358/500
2aepA_antigen.pdb  7chfAB_antibody.pdb
Converting SMILES to graph: 359/500
2aepA_antigen.pdb  4lgpD_antibody.pdb
Converting SMILES to graph: 360/500
2aepA_antigen.pdb  1cu4HL_antibody.pdb
Converting SMILES to graph: 361/500
2aepA_antigen.pdb  8fb5AB_antibody.pdb
Converting SMILES to graph: 362/500
2aepA_antigen.pdb  2dwdAB_antibody.pdb
Converting SMILES to graph: 363/500
2aepA_antigen.pdb  7cdjHL_antibody.pdb
Converting SMILES to graph: 364/500
2aeqA_antigen.pdb  8jsoSs_antibody.pdb
Converting SMILES to graph: 365/500
2aeqA_antigen.pdb  2xraHL_antibody.pdb
Converting SMILES to graph: 366/500
2aeqA_antigen.pdb  1uz8BA_antibody.pdb
Converting SMILES to graph: 367/500
2aeqA_antigen.pdb  7pafB_antibody.pdb
Converting SMILES to graph: 368/500
2aeqA_antigen.pdb  8pe9HL_antibody.pdb
Converting SMILES to graph: 369/500
2aeqA_antigen.pdb  7kq7HL_antibody.pdb
Converting SMILES to graph: 370/500
2ap2Q_antigen.pdb  7ej0Hh_antibody.pdb
Converting SMILES to graph: 371/500
2ap2Q_antigen.pdb  7s5qBC_antibody.pdb
Converting SMILES to graph: 372/500
2ap2Q_antigen.pdb  6udaKL_antibody.pdb
Converting SMILES to graph: 373/500
2ap2Q_antigen.pdb  3idiBA_antibody.pdb
Converting SMILES to graph: 374/500
2ap2Q_antigen.pdb  7s6jCD_antibody.pdb
Converting SMILES to graph: 375/500
2ap2Q_antigen.pdb  8g40AL_antibody.pdb
Converting SMILES to graph: 376/500
2arjQ_antigen.pdb  6obcB_antibody.pdb
Converting SMILES to graph: 377/500
2arjQ_antigen.pdb  1kc5HL_antibody.pdb
Converting SMILES to graph: 378/500
2arjQ_antigen.pdb  8de4BC_antibody.pdb
Converting SMILES to graph: 379/500
2arjQ_antigen.pdb  8cdeDC_antibody.pdb
Converting SMILES to graph: 380/500
2arjQ_antigen.pdb  7dk4ab_antibody.pdb
Converting SMILES to graph: 381/500
2arjQ_antigen.pdb  4mqsB_antibody.pdb
Converting SMILES to graph: 382/500
2atkC_antigen.pdb  8djgAB_antibody.pdb
Converting SMILES to graph: 383/500
2atkC_antigen.pdb  7rdwGI_antibody.pdb
Converting SMILES to graph: 384/500
2atkC_antigen.pdb  5mykBA_antibody.pdb
Converting SMILES to graph: 385/500
2atkC_antigen.pdb  7rbuHL_antibody.pdb
Converting SMILES to graph: 386/500
2atkC_antigen.pdb  4olwHL_antibody.pdb
Converting SMILES to graph: 387/500
2atkC_antigen.pdb  8j7yEC_antibody.pdb
Converting SMILES to graph: 388/500
2b0sP_antigen.pdb  6w16HL_antibody.pdb
Converting SMILES to graph: 389/500
2b0sP_antigen.pdb  6yxfHh_antibody.pdb
Converting SMILES to graph: 390/500
2b0sP_antigen.pdb  7p78H_antibody.pdb
Converting SMILES to graph: 391/500
2b0sP_antigen.pdb  1xgtBA_antibody.pdb
Converting SMILES to graph: 392/500
2b0sP_antigen.pdb  7rsoIK_antibody.pdb
Converting SMILES to graph: 393/500
2b0sP_antigen.pdb  7lbgFE_antibody.pdb
Converting SMILES to graph: 394/500
2b1aP_antigen.pdb  7u9wHh_antibody.pdb
Converting SMILES to graph: 395/500
2b1aP_antigen.pdb  8fr6DE_antibody.pdb
Converting SMILES to graph: 396/500
2b1aP_antigen.pdb  7jr7CD_antibody.pdb
Converting SMILES to graph: 397/500
2b1aP_antigen.pdb  7m51HL_antibody.pdb
Converting SMILES to graph: 398/500
2b1aP_antigen.pdb  8dphEe_antibody.pdb
Converting SMILES to graph: 399/500
2b1aP_antigen.pdb  3qskB_antibody.pdb
Converting SMILES to graph: 400/500
2b1hP_antigen.pdb  3ebaA_antibody.pdb
Converting SMILES to graph: 401/500
2b1hP_antigen.pdb  6v4pCD_antibody.pdb
Converting SMILES to graph: 402/500
2b1hP_antigen.pdb  6dzlHK_antibody.pdb
Converting SMILES to graph: 403/500
2b1hP_antigen.pdb  8ituED_antibody.pdb
Converting SMILES to graph: 404/500
2b1hP_antigen.pdb  3hi1HL_antibody.pdb
Converting SMILES to graph: 405/500
2b1hP_antigen.pdb  5lwyHL_antibody.pdb
Converting SMILES to graph: 406/500
2b2xA_antigen.pdb  6ucfHL_antibody.pdb
Converting SMILES to graph: 407/500
2b2xA_antigen.pdb  2nr6FE_antibody.pdb
Converting SMILES to graph: 408/500
2b2xA_antigen.pdb  8e8rHL_antibody.pdb
Converting SMILES to graph: 409/500
2b2xA_antigen.pdb  4lsuHL_antibody.pdb
Converting SMILES to graph: 410/500
2b2xA_antigen.pdb  8g4xHL_antibody.pdb
Converting SMILES to graph: 411/500
2b2xA_antigen.pdb  7t11Ss_antibody.pdb
Converting SMILES to graph: 412/500
2b4cGC_antigen.pdb  4xnuHL_antibody.pdb
Converting SMILES to graph: 413/500
2b4cGC_antigen.pdb  5bk2CD_antibody.pdb
Converting SMILES to graph: 414/500
2b4cGC_antigen.pdb  7u0jKk_antibody.pdb
Converting SMILES to graph: 415/500
2b4cGC_antigen.pdb  8e1pFI_antibody.pdb
Converting SMILES to graph: 416/500
2b4cGC_antigen.pdb  6n51D_antibody.pdb
Converting SMILES to graph: 417/500
2b4cGC_antigen.pdb  4f2mCD_antibody.pdb
Converting SMILES to graph: 418/500
2bdnA_antigen.pdb  7p60H_antibody.pdb
Converting SMILES to graph: 419/500
2bdnA_antigen.pdb  7rbuHL_antibody.pdb
Converting SMILES to graph: 420/500
2bdnA_antigen.pdb  7te9MN_antibody.pdb
Converting SMILES to graph: 421/500
2bdnA_antigen.pdb  5e1hB_antibody.pdb
Converting SMILES to graph: 422/500
2bdnA_antigen.pdb  5w9kHI_antibody.pdb
Converting SMILES to graph: 423/500
2bdnA_antigen.pdb  2exwCD_antibody.pdb
Converting SMILES to graph: 424/500
2bobC_antigen.pdb  6nb6IM_antibody.pdb
Converting SMILES to graph: 425/500
2bobC_antigen.pdb  5fb8BA_antibody.pdb
Converting SMILES to graph: 426/500
2bobC_antigen.pdb  6oppGI_antibody.pdb
Converting SMILES to graph: 427/500
2bobC_antigen.pdb  7xscAB_antibody.pdb
Converting SMILES to graph: 428/500
2bobC_antigen.pdb  6mw9OP_antibody.pdb
Converting SMILES to graph: 429/500
2bobC_antigen.pdb  6dc8HL_antibody.pdb
Converting SMILES to graph: 430/500
2bocC_antigen.pdb  6o9hAB_antibody.pdb
Converting SMILES to graph: 431/500
2bocC_antigen.pdb  7l02MK_antibody.pdb
Converting SMILES to graph: 432/500
2bocC_antigen.pdb  7ydiHL_antibody.pdb
Converting SMILES to graph: 433/500
2bocC_antigen.pdb  6quzE_antibody.pdb
Converting SMILES to graph: 434/500
2bocC_antigen.pdb  1p2cBA_antibody.pdb
Converting SMILES to graph: 435/500
2bocC_antigen.pdb  4hf5HL_antibody.pdb
Converting SMILES to graph: 436/500
2brrP_antigen.pdb  8e8zHL_antibody.pdb
Converting SMILES to graph: 437/500
2brrP_antigen.pdb  5e2vHL_antibody.pdb
Converting SMILES to graph: 438/500
2brrP_antigen.pdb  6u54A_antibody.pdb
Converting SMILES to graph: 439/500
2brrP_antigen.pdb  1pz5BA_antibody.pdb
Converting SMILES to graph: 440/500
2brrP_antigen.pdb  8grrHL_antibody.pdb
Converting SMILES to graph: 441/500
2brrP_antigen.pdb  5ueaHL_antibody.pdb
Converting SMILES to graph: 442/500
2bseC_antigen.pdb  7fh0B_antibody.pdb
Converting SMILES to graph: 443/500
2bseC_antigen.pdb  6xw6D_antibody.pdb
Converting SMILES to graph: 444/500
2bseC_antigen.pdb  7yvkHI_antibody.pdb
Converting SMILES to graph: 445/500
2bseC_antigen.pdb  4u6hAB_antibody.pdb
Converting SMILES to graph: 446/500
2bseC_antigen.pdb  6u54A_antibody.pdb
Converting SMILES to graph: 447/500
2bseC_antigen.pdb  7z1aE_antibody.pdb
Converting SMILES to graph: 448/500
2ck0P_antigen.pdb  8hqmHh_antibody.pdb
Converting SMILES to graph: 449/500
2ck0P_antigen.pdb  4xvuCD_antibody.pdb
Converting SMILES to graph: 450/500
2ck0P_antigen.pdb  7s4sHL_antibody.pdb
Converting SMILES to graph: 451/500
2ck0P_antigen.pdb  7uzdHL_antibody.pdb
Converting SMILES to graph: 452/500
2ck0P_antigen.pdb  1ospHL_antibody.pdb
Converting SMILES to graph: 453/500
2ck0P_antigen.pdb  7e9nHL_antibody.pdb
Converting SMILES to graph: 454/500
2cmrA_antigen.pdb  4g7vHL_antibody.pdb
Converting SMILES to graph: 455/500
2cmrA_antigen.pdb  6bp2HL_antibody.pdb
Converting SMILES to graph: 456/500
2cmrA_antigen.pdb  5n88A_antibody.pdb
Converting SMILES to graph: 457/500
2cmrA_antigen.pdb  5u3dBA_antibody.pdb
Converting SMILES to graph: 458/500
2cmrA_antigen.pdb  7s11KO_antibody.pdb
Converting SMILES to graph: 459/500
2cmrA_antigen.pdb  5sy8HL_antibody.pdb
Converting SMILES to graph: 460/500
2dd8S_antigen.pdb  6n81HL_antibody.pdb
Converting SMILES to graph: 461/500
2dd8S_antigen.pdb  6bgtBA_antibody.pdb
Converting SMILES to graph: 462/500
2dd8S_antigen.pdb  3mlrHL_antibody.pdb
Converting SMILES to graph: 463/500
2dd8S_antigen.pdb  4bh8BA_antibody.pdb
Converting SMILES to graph: 464/500
2dd8S_antigen.pdb  6w09KO_antibody.pdb
Converting SMILES to graph: 465/500
2dqcY_antigen.pdb  7xmxEF_antibody.pdb
Converting SMILES to graph: 466/500
2dqcY_antigen.pdb  6f2wB_antibody.pdb
Converting SMILES to graph: 467/500
2dqcY_antigen.pdb  1u8nBA_antibody.pdb
Converting SMILES to graph: 468/500
2dqcY_antigen.pdb  4nghHL_antibody.pdb
Converting SMILES to graph: 469/500
2dqcY_antigen.pdb  4j8rBA_antibody.pdb
Converting SMILES to graph: 470/500
2dqcY_antigen.pdb  4weuE_antibody.pdb
Converting SMILES to graph: 471/500
2dqdY_antigen.pdb  6m1hC_antibody.pdb
Converting SMILES to graph: 472/500
2dqdY_antigen.pdb  7pa9KL_antibody.pdb
Converting SMILES to graph: 473/500
2dqdY_antigen.pdb  4nc2B_antibody.pdb
Converting SMILES to graph: 474/500
2dqdY_antigen.pdb  8as2HL_antibody.pdb
Converting SMILES to graph: 475/500
2dqdY_antigen.pdb  5fucE_antibody.pdb
Converting SMILES to graph: 476/500
2dqdY_antigen.pdb  8dywHL_antibody.pdb
Converting SMILES to graph: 477/500
2dqeY_antigen.pdb  4xawHL_antibody.pdb
Converting SMILES to graph: 478/500
2dqeY_antigen.pdb  7n3dHL_antibody.pdb
Converting SMILES to graph: 479/500
2dqeY_antigen.pdb  6db7IM_antibody.pdb
Converting SMILES to graph: 480/500
2dqeY_antigen.pdb  6p65HL_antibody.pdb
Converting SMILES to graph: 481/500
2dqeY_antigen.pdb  7lkfHL_antibody.pdb
Converting SMILES to graph: 482/500
2dqeY_antigen.pdb  6z7yBA_antibody.pdb
Converting SMILES to graph: 483/500
2dqfC_antigen.pdb  7c6aHL_antibody.pdb
Converting SMILES to graph: 484/500
2dqfC_antigen.pdb  7ul4D_antibody.pdb
Converting SMILES to graph: 485/500
2dqfC_antigen.pdb  6bf4BC_antibody.pdb
Converting SMILES to graph: 486/500
2dqfC_antigen.pdb  5ywyHL_antibody.pdb
Converting SMILES to graph: 487/500
2dqfC_antigen.pdb  7we9HJ_antibody.pdb
Converting SMILES to graph: 488/500
2dqfC_antigen.pdb  6q0hHL_antibody.pdb
Converting SMILES to graph: 489/500
2dqgY_antigen.pdb  1u8pBA_antibody.pdb
Converting SMILES to graph: 490/500
2dqgY_antigen.pdb  7ebzEF_antibody.pdb
Converting SMILES to graph: 491/500
2dqgY_antigen.pdb  2znwBb_antibody.pdb
Converting SMILES to graph: 492/500
2dqgY_antigen.pdb  4ravAB_antibody.pdb
Converting SMILES to graph: 493/500
2dqgY_antigen.pdb  4qtiHL_antibody.pdb
Converting SMILES to graph: 494/500
2dqgY_antigen.pdb  5kvfHL_antibody.pdb
Converting SMILES to graph: 495/500
2dqhY_antigen.pdb  7ttmHL_antibody.pdb
Converting SMILES to graph: 496/500
2dqhY_antigen.pdb  7v27BA_antibody.pdb
Converting SMILES to graph: 497/500
2dqhY_antigen.pdb  3uypAa_antibody.pdb
Converting SMILES to graph: 498/500
2dqhY_antigen.pdb  7ew5QR_antibody.pdb
Converting SMILES to graph: 499/500
2dqhY_antigen.pdb  7x2iHL_antibody.pdb
Converting SMILES to graph: 500/500
2dqhY_antigen.pdb  6wjlHL_antibody.pdb
Graph construction done. Saving to file.
