Converting SMILES to graph: 1/500
6h7jA_antigen.pdb  6velHL_antibody.pdb
Converting SMILES to graph: 2/500
6h7jA_antigen.pdb  7li7BC_antibody.pdb
Converting SMILES to graph: 3/500
6h7jA_antigen.pdb  7m6hEG_antibody.pdb
Converting SMILES to graph: 4/500
6h7jA_antigen.pdb  6xzwHL_antibody.pdb
Converting SMILES to graph: 5/500
6h7jA_antigen.pdb  8udgHL_antibody.pdb
Converting SMILES to graph: 6/500
6h7jA_antigen.pdb  7yfcCc_antibody.pdb
Converting SMILES to graph: 7/500
6h7kA_antigen.pdb  7rp2HI_antibody.pdb
Converting SMILES to graph: 8/500
6h7kA_antigen.pdb  7x7eB_antibody.pdb
Converting SMILES to graph: 9/500
6h7kA_antigen.pdb  5x8lGL_antibody.pdb
Converting SMILES to graph: 10/500
6h7kA_antigen.pdb  5ukbe_antibody.pdb
Converting SMILES to graph: 11/500
6h7kA_antigen.pdb  5myxBA_antibody.pdb
Converting SMILES to graph: 12/500
6h7kA_antigen.pdb  3w12CD_antibody.pdb
Converting SMILES to graph: 13/500
6h7lB_antigen.pdb  3ncyPS_antibody.pdb
Converting SMILES to graph: 14/500
6h7lB_antigen.pdb  5lhqB_antibody.pdb
Converting SMILES to graph: 15/500
6h7lB_antigen.pdb  3vrlHL_antibody.pdb
Converting SMILES to graph: 16/500
6h7lB_antigen.pdb  7budGI_antibody.pdb
Converting SMILES to graph: 17/500
6h7lB_antigen.pdb  6wozEF_antibody.pdb
Converting SMILES to graph: 18/500
6h7lB_antigen.pdb  3q3gKJ_antibody.pdb
Converting SMILES to graph: 19/500
6h7mB_antigen.pdb  7lssHL_antibody.pdb
Converting SMILES to graph: 20/500
6h7mB_antigen.pdb  8bb7D_antibody.pdb
Converting SMILES to graph: 21/500
6h7mB_antigen.pdb  7rsnHL_antibody.pdb
Converting SMILES to graph: 22/500
6h7mB_antigen.pdb  6kyzBC_antibody.pdb
Converting SMILES to graph: 23/500
6h7mB_antigen.pdb  6az2CE_antibody.pdb
Converting SMILES to graph: 24/500
6h7mB_antigen.pdb  7mmoAB_antibody.pdb
Converting SMILES to graph: 25/500
6h7nB_antigen.pdb  8gyeEF_antibody.pdb
Converting SMILES to graph: 26/500
6h7nB_antigen.pdb  5o2uD_antibody.pdb
Converting SMILES to graph: 27/500
6h7nB_antigen.pdb  2xtjDB_antibody.pdb
Converting SMILES to graph: 28/500
6h7nB_antigen.pdb  3wfdHL_antibody.pdb
Converting SMILES to graph: 29/500
6h7nB_antigen.pdb  5f8qC_antibody.pdb
Converting SMILES to graph: 30/500
6h7nB_antigen.pdb  7aejD_antibody.pdb
Converting SMILES to graph: 31/500
6h7oB_antigen.pdb  6uc6C_antibody.pdb
Converting SMILES to graph: 32/500
6h7oB_antigen.pdb  5fucE_antibody.pdb
Converting SMILES to graph: 33/500
6h7oB_antigen.pdb  4xp9HL_antibody.pdb
Converting SMILES to graph: 34/500
6h7oB_antigen.pdb  4bh7BA_antibody.pdb
Converting SMILES to graph: 35/500
6h7oB_antigen.pdb  7p77H_antibody.pdb
Converting SMILES to graph: 36/500
6h7oB_antigen.pdb  7dc8BA_antibody.pdb
Converting SMILES to graph: 37/500
6hcoB_antigen.pdb  5k9qUV_antibody.pdb
Converting SMILES to graph: 38/500
6hcoB_antigen.pdb  6touAa_antibody.pdb
Converting SMILES to graph: 39/500
6hcoB_antigen.pdb  7z6vX_antibody.pdb
Converting SMILES to graph: 40/500
6hcoB_antigen.pdb  5j9pAB_antibody.pdb
Converting SMILES to graph: 41/500
6hcoB_antigen.pdb  7f54N_antibody.pdb
Converting SMILES to graph: 42/500
6hcoB_antigen.pdb  6wezHL_antibody.pdb
Converting SMILES to graph: 43/500
6herA_antigen.pdb  3stzAB_antibody.pdb
Converting SMILES to graph: 44/500
6herA_antigen.pdb  8g4nHL_antibody.pdb
Converting SMILES to graph: 45/500
6herA_antigen.pdb  7vvnN_antibody.pdb
Converting SMILES to graph: 46/500
6herA_antigen.pdb  7r4rD_antibody.pdb
Converting SMILES to graph: 47/500
6herA_antigen.pdb  8de3BC_antibody.pdb
Converting SMILES to graph: 48/500
6herA_antigen.pdb  5xkuCB_antibody.pdb
Converting SMILES to graph: 49/500
6hf1A_antigen.pdb  6xeyJK_antibody.pdb
Converting SMILES to graph: 50/500
6hf1A_antigen.pdb  8ia7Ee_antibody.pdb
Converting SMILES to graph: 51/500
6hf1A_antigen.pdb  7kdmC_antibody.pdb
Converting SMILES to graph: 52/500
6hf1A_antigen.pdb  5x2mJK_antibody.pdb
Converting SMILES to graph: 53/500
6hf1A_antigen.pdb  6gs7H_antibody.pdb
Converting SMILES to graph: 54/500
6hf1A_antigen.pdb  6b3jN_antibody.pdb
Converting SMILES to graph: 55/500
6hgaB_antigen.pdb  3p11HL_antibody.pdb
Converting SMILES to graph: 56/500
6hgaB_antigen.pdb  8e3yN_antibody.pdb
Converting SMILES to graph: 57/500
6hgaB_antigen.pdb  2ny5HL_antibody.pdb
Converting SMILES to graph: 58/500
6hgaB_antigen.pdb  2r29HL_antibody.pdb
Converting SMILES to graph: 59/500
6hgaB_antigen.pdb  4kucHD_antibody.pdb
Converting SMILES to graph: 60/500
6hgaB_antigen.pdb  6wxlKJ_antibody.pdb
Converting SMILES to graph: 61/500
6hhcA_antigen.pdb  7a0xEF_antibody.pdb
Converting SMILES to graph: 62/500
6hhcA_antigen.pdb  6h0eCD_antibody.pdb
Converting SMILES to graph: 63/500
6hhcA_antigen.pdb  8k2xSs_antibody.pdb
Converting SMILES to graph: 64/500
6hhcA_antigen.pdb  6nfcCD_antibody.pdb
Converting SMILES to graph: 65/500
6hhcA_antigen.pdb  4c57C_antibody.pdb
Converting SMILES to graph: 66/500
6hhcA_antigen.pdb  5f96HL_antibody.pdb
Converting SMILES to graph: 67/500
6hhdC_antigen.pdb  7x1mAB_antibody.pdb
Converting SMILES to graph: 68/500
6hhdC_antigen.pdb  6pz8CG_antibody.pdb
Converting SMILES to graph: 69/500
6hhdC_antigen.pdb  7pryCD_antibody.pdb
Converting SMILES to graph: 70/500
6hhdC_antigen.pdb  6hukG_antibody.pdb
Converting SMILES to graph: 71/500
6hhdC_antigen.pdb  8j80EC_antibody.pdb
Converting SMILES to graph: 72/500
6hhdC_antigen.pdb  1yylHL_antibody.pdb
Converting SMILES to graph: 73/500
6hhuA_antigen.pdb  6b5tHL_antibody.pdb
Converting SMILES to graph: 74/500
6hhuA_antigen.pdb  7s4gHL_antibody.pdb
Converting SMILES to graph: 75/500
6hhuA_antigen.pdb  5sv3C_antibody.pdb
Converting SMILES to graph: 76/500
6hhuA_antigen.pdb  4r2gNM_antibody.pdb
Converting SMILES to graph: 77/500
6hhuA_antigen.pdb  7xj9GF_antibody.pdb
Converting SMILES to graph: 78/500
6hhuA_antigen.pdb  7q9jEF_antibody.pdb
Converting SMILES to graph: 79/500
6higB_antigen.pdb  8d7eFG_antibody.pdb
Converting SMILES to graph: 80/500
6higB_antigen.pdb  3lqaHL_antibody.pdb
Converting SMILES to graph: 81/500
6higB_antigen.pdb  7rtaHL_antibody.pdb
Converting SMILES to graph: 82/500
6higB_antigen.pdb  8cxgHL_antibody.pdb
Converting SMILES to graph: 83/500
6higB_antigen.pdb  5f21B_antibody.pdb
Converting SMILES to graph: 84/500
6higB_antigen.pdb  5d71HL_antibody.pdb
Converting SMILES to graph: 85/500
6hjpDC_antigen.pdb  7mzlHL_antibody.pdb
Converting SMILES to graph: 86/500
6hjpDC_antigen.pdb  6h7oD_antibody.pdb
Converting SMILES to graph: 87/500
6hjpDC_antigen.pdb  8bg6AB_antibody.pdb
Converting SMILES to graph: 88/500
6hjpDC_antigen.pdb  5mhsED_antibody.pdb
Converting SMILES to graph: 89/500
6hjpDC_antigen.pdb  3wsqHL_antibody.pdb
Converting SMILES to graph: 90/500
6hjpDC_antigen.pdb  6ymqAa_antibody.pdb
Converting SMILES to graph: 91/500
6hjqFE_antigen.pdb  7xs8AL_antibody.pdb
Converting SMILES to graph: 92/500
6hjqFE_antigen.pdb  7xavEe_antibody.pdb
Converting SMILES to graph: 93/500
6hjqFE_antigen.pdb  8dw2DC_antibody.pdb
Converting SMILES to graph: 94/500
6hjqFE_antigen.pdb  7qe5B_antibody.pdb
Converting SMILES to graph: 95/500
6hjqFE_antigen.pdb  5w6gHL_antibody.pdb
Converting SMILES to graph: 96/500
6hjqFE_antigen.pdb  5i6xBC_antibody.pdb
Converting SMILES to graph: 97/500
6hjxC_antigen.pdb  8pm2N_antibody.pdb
Converting SMILES to graph: 98/500
6hjxC_antigen.pdb  7vvoN_antibody.pdb
Converting SMILES to graph: 99/500
6hjxC_antigen.pdb  3qskB_antibody.pdb
Converting SMILES to graph: 100/500
6hjxC_antigen.pdb  8ez8HL_antibody.pdb
Converting SMILES to graph: 101/500
6hjxC_antigen.pdb  7cu5Aa_antibody.pdb
Converting SMILES to graph: 102/500
6hjyE_antigen.pdb  3ld8CB_antibody.pdb
Converting SMILES to graph: 103/500
6hjyE_antigen.pdb  2virBA_antibody.pdb
Converting SMILES to graph: 104/500
6hjyE_antigen.pdb  7jvbC_antibody.pdb
Converting SMILES to graph: 105/500
6hjyE_antigen.pdb  4lvoCB_antibody.pdb
Converting SMILES to graph: 106/500
6hjyE_antigen.pdb  8sb4CD_antibody.pdb
Converting SMILES to graph: 107/500
6hjyE_antigen.pdb  1tzhBA_antibody.pdb
Converting SMILES to graph: 108/500
6hugAE_antigen.pdb  3hr5BA_antibody.pdb
Converting SMILES to graph: 109/500
6hugAE_antigen.pdb  4ttdCD_antibody.pdb
Converting SMILES to graph: 110/500
6hugAE_antigen.pdb  5ktz7_antibody.pdb
Converting SMILES to graph: 111/500
6hugAE_antigen.pdb  7z9rY_antibody.pdb
Converting SMILES to graph: 112/500
6hugAE_antigen.pdb  8jd6Dd_antibody.pdb
Converting SMILES to graph: 113/500
6hugAE_antigen.pdb  8ilxC_antibody.pdb
Converting SMILES to graph: 114/500
6hujAE_antigen.pdb  1kenTU_antibody.pdb
Converting SMILES to graph: 115/500
6hujAE_antigen.pdb  7c6aHL_antibody.pdb
Converting SMILES to graph: 116/500
6hujAE_antigen.pdb  4eizC_antibody.pdb
Converting SMILES to graph: 117/500
6hujAE_antigen.pdb  5fhcAB_antibody.pdb
Converting SMILES to graph: 118/500
6hujAE_antigen.pdb  6o24AB_antibody.pdb
Converting SMILES to graph: 119/500
6hujAE_antigen.pdb  7a6cCB_antibody.pdb
Converting SMILES to graph: 120/500
6hukAE_antigen.pdb  7wuqN_antibody.pdb
Converting SMILES to graph: 121/500
6hukAE_antigen.pdb  7tyxN_antibody.pdb
Converting SMILES to graph: 122/500
6hukAE_antigen.pdb  7u0pEF_antibody.pdb
Converting SMILES to graph: 123/500
6hukAE_antigen.pdb  4tnvWf_antibody.pdb
Converting SMILES to graph: 124/500
6hukAE_antigen.pdb  7txwHL_antibody.pdb
Converting SMILES to graph: 125/500
6hukAE_antigen.pdb  6jepHL_antibody.pdb
Converting SMILES to graph: 126/500
6huoAE_antigen.pdb  6os2D_antibody.pdb
Converting SMILES to graph: 127/500
6huoAE_antigen.pdb  8cxcHL_antibody.pdb
Converting SMILES to graph: 128/500
6huoAE_antigen.pdb  4pp1DC_antibody.pdb
Converting SMILES to graph: 129/500
6huoAE_antigen.pdb  7yooSs_antibody.pdb
Converting SMILES to graph: 130/500
6huoAE_antigen.pdb  7lokKJ_antibody.pdb
Converting SMILES to graph: 131/500
6huoAE_antigen.pdb  1oakHL_antibody.pdb
Converting SMILES to graph: 132/500
6hupAE_antigen.pdb  2fd6HL_antibody.pdb
Converting SMILES to graph: 133/500
6hupAE_antigen.pdb  5wuxCD_antibody.pdb
Converting SMILES to graph: 134/500
6hupAE_antigen.pdb  4xcyEF_antibody.pdb
Converting SMILES to graph: 135/500
6hupAE_antigen.pdb  7pqzHL_antibody.pdb
Converting SMILES to graph: 136/500
6hupAE_antigen.pdb  1nakHL_antibody.pdb
Converting SMILES to graph: 137/500
6hupAE_antigen.pdb  5jylDd_antibody.pdb
Converting SMILES to graph: 138/500
6hx4B_antigen.pdb  2y06HL_antibody.pdb
Converting SMILES to graph: 139/500
6hx4B_antigen.pdb  8f2aN_antibody.pdb
Converting SMILES to graph: 140/500
6hx4B_antigen.pdb  6z7yBA_antibody.pdb
Converting SMILES to graph: 141/500
6hx4B_antigen.pdb  4i18HL_antibody.pdb
Converting SMILES to graph: 142/500
6hx4B_antigen.pdb  6x8pHL_antibody.pdb
Converting SMILES to graph: 143/500
6hx4B_antigen.pdb  5d8jHL_antibody.pdb
Converting SMILES to graph: 144/500
6hxwB_antigen.pdb  8ghpHL_antibody.pdb
Converting SMILES to graph: 145/500
6hxwB_antigen.pdb  6w0gAB_antibody.pdb
Converting SMILES to graph: 146/500
6hxwB_antigen.pdb  8hecED_antibody.pdb
Converting SMILES to graph: 147/500
6hxwB_antigen.pdb  3ixyIJ_antibody.pdb
Converting SMILES to graph: 148/500
6hxwB_antigen.pdb  8hnkSs_antibody.pdb
Converting SMILES to graph: 149/500
6hxwB_antigen.pdb  7wcuAB_antibody.pdb
Converting SMILES to graph: 150/500
6i04A_antigen.pdb  7lj5ED_antibody.pdb
Converting SMILES to graph: 151/500
6i04A_antigen.pdb  5tbdEF_antibody.pdb
Converting SMILES to graph: 152/500
6i04A_antigen.pdb  1g7jBA_antibody.pdb
Converting SMILES to graph: 153/500
6i04A_antigen.pdb  7k61Mm_antibody.pdb
Converting SMILES to graph: 154/500
6i04A_antigen.pdb  6b5nHL_antibody.pdb
Converting SMILES to graph: 155/500
6i04A_antigen.pdb  1op9A_antibody.pdb
Converting SMILES to graph: 156/500
6i07D_antigen.pdb  8oprB_antibody.pdb
Converting SMILES to graph: 157/500
6i07D_antigen.pdb  3qa3BA_antibody.pdb
Converting SMILES to graph: 158/500
6i07D_antigen.pdb  7rahBA_antibody.pdb
Converting SMILES to graph: 159/500
6i07D_antigen.pdb  8d8rHL_antibody.pdb
Converting SMILES to graph: 160/500
6i07D_antigen.pdb  5w1mDC_antibody.pdb
Converting SMILES to graph: 161/500
6i07D_antigen.pdb  8hcaDE_antibody.pdb
Converting SMILES to graph: 162/500
6i2gB_antigen.pdb  8duzAB_antibody.pdb
Converting SMILES to graph: 163/500
6i2gB_antigen.pdb  7ej0Hh_antibody.pdb
Converting SMILES to graph: 164/500
6i2gB_antigen.pdb  8jz7Ss_antibody.pdb
Converting SMILES to graph: 165/500
6i2gB_antigen.pdb  7m42DC_antibody.pdb
Converting SMILES to graph: 166/500
6i2gB_antigen.pdb  6ddeEe_antibody.pdb
Converting SMILES to graph: 167/500
6i2gB_antigen.pdb  5ivnA_antibody.pdb
Converting SMILES to graph: 168/500
6i3zAB_antigen.pdb  7xtqN_antibody.pdb
Converting SMILES to graph: 169/500
6i3zAB_antigen.pdb  4yueHL_antibody.pdb
Converting SMILES to graph: 170/500
6i3zAB_antigen.pdb  6x97JK_antibody.pdb
Converting SMILES to graph: 171/500
6i3zAB_antigen.pdb  5hvgB_antibody.pdb
Converting SMILES to graph: 172/500
6i3zAB_antigen.pdb  7neqFE_antibody.pdb
Converting SMILES to graph: 173/500
6i3zAB_antigen.pdb  7r89CD_antibody.pdb
Converting SMILES to graph: 174/500
6i53AE_antigen.pdb  3rvwDC_antibody.pdb
Converting SMILES to graph: 175/500
6i53AE_antigen.pdb  8j80EC_antibody.pdb
Converting SMILES to graph: 176/500
6i53AE_antigen.pdb  5ja9B_antibody.pdb
Converting SMILES to graph: 177/500
6i53AE_antigen.pdb  6h7oD_antibody.pdb
Converting SMILES to graph: 178/500
6i53AE_antigen.pdb  4xp9HL_antibody.pdb
Converting SMILES to graph: 179/500
6i53AE_antigen.pdb  7x40HL_antibody.pdb
Converting SMILES to graph: 180/500
6i6jA_antigen.pdb  7dpmAB_antibody.pdb
Converting SMILES to graph: 181/500
6i6jA_antigen.pdb  7yp7N_antibody.pdb
Converting SMILES to graph: 182/500
6i6jA_antigen.pdb  3ixtHL_antibody.pdb
Converting SMILES to graph: 183/500
6i6jA_antigen.pdb  6xy2HL_antibody.pdb
Converting SMILES to graph: 184/500
6i6jA_antigen.pdb  2r69HL_antibody.pdb
Converting SMILES to graph: 185/500
6i6jA_antigen.pdb  7xw9Ss_antibody.pdb
Converting SMILES to graph: 186/500
6i8gA_antigen.pdb  5y9fPO_antibody.pdb
Converting SMILES to graph: 187/500
6i8gA_antigen.pdb  6mufHL_antibody.pdb
Converting SMILES to graph: 188/500
6i8gA_antigen.pdb  6uceHL_antibody.pdb
Converting SMILES to graph: 189/500
6i8gA_antigen.pdb  6zhdD_antibody.pdb
Converting SMILES to graph: 190/500
6i8gA_antigen.pdb  7ul5D_antibody.pdb
Converting SMILES to graph: 191/500
6i8gA_antigen.pdb  7wbhUV_antibody.pdb
Converting SMILES to graph: 192/500
6i8hA_antigen.pdb  6v8zCF_antibody.pdb
Converting SMILES to graph: 193/500
6i8hA_antigen.pdb  8hbwB_antibody.pdb
Converting SMILES to graph: 194/500
6i8hA_antigen.pdb  7wbjN_antibody.pdb
Converting SMILES to graph: 195/500
6i8hA_antigen.pdb  5mp1FG_antibody.pdb
Converting SMILES to graph: 196/500
6i8hA_antigen.pdb  8dxuHL_antibody.pdb
Converting SMILES to graph: 197/500
6i8hA_antigen.pdb  4hepG_antibody.pdb
Converting SMILES to graph: 198/500
6i8sC_antigen.pdb  3a67HL_antibody.pdb
Converting SMILES to graph: 199/500
6i8sC_antigen.pdb  4g7vHL_antibody.pdb
Converting SMILES to graph: 200/500
6i8sC_antigen.pdb  4r2gNM_antibody.pdb
Converting SMILES to graph: 201/500
6i8sC_antigen.pdb  6wexHL_antibody.pdb
Converting SMILES to graph: 202/500
6i8sC_antigen.pdb  5k59EF_antibody.pdb
Converting SMILES to graph: 203/500
6i8sC_antigen.pdb  7qnaN_antibody.pdb
Converting SMILES to graph: 204/500
6i9iD_antigen.pdb  8e8zHL_antibody.pdb
Converting SMILES to graph: 205/500
6i9iD_antigen.pdb  3idxHL_antibody.pdb
Converting SMILES to graph: 206/500
6i9iD_antigen.pdb  3nidHL_antibody.pdb
Converting SMILES to graph: 207/500
6i9iD_antigen.pdb  6sneHL_antibody.pdb
Converting SMILES to graph: 208/500
6i9iD_antigen.pdb  8g94Ee_antibody.pdb
Converting SMILES to graph: 209/500
6i9iD_antigen.pdb  3idiBA_antibody.pdb
Converting SMILES to graph: 210/500
6iapA_antigen.pdb  7lbfFE_antibody.pdb
Converting SMILES to graph: 211/500
6iapA_antigen.pdb  7tdmHL_antibody.pdb
Converting SMILES to graph: 212/500
6iapA_antigen.pdb  6wptHL_antibody.pdb
Converting SMILES to graph: 213/500
6iapA_antigen.pdb  7yj4Ss_antibody.pdb
Converting SMILES to graph: 214/500
6iapA_antigen.pdb  8duzAB_antibody.pdb
Converting SMILES to graph: 215/500
6iapA_antigen.pdb  4xpfHL_antibody.pdb
Converting SMILES to graph: 216/500
6ibbA_antigen.pdb  5k9oHL_antibody.pdb
Converting SMILES to graph: 217/500
6ibbA_antigen.pdb  8dpzFG_antibody.pdb
Converting SMILES to graph: 218/500
6ibbA_antigen.pdb  7d2zA_antibody.pdb
Converting SMILES to graph: 219/500
6ibbA_antigen.pdb  8dplHh_antibody.pdb
Converting SMILES to graph: 220/500
6ibbA_antigen.pdb  7x7dB_antibody.pdb
Converting SMILES to graph: 221/500
6ibbA_antigen.pdb  8h91C_antibody.pdb
Converting SMILES to graph: 222/500
6iblB_antigen.pdb  6ccbDE_antibody.pdb
Converting SMILES to graph: 223/500
6iblB_antigen.pdb  4ypgHL_antibody.pdb
Converting SMILES to graph: 224/500
6iblB_antigen.pdb  3macHL_antibody.pdb
Converting SMILES to graph: 225/500
6iblB_antigen.pdb  2ht4EF_antibody.pdb
Converting SMILES to graph: 226/500
6iblB_antigen.pdb  7sixHL_antibody.pdb
Converting SMILES to graph: 227/500
6iccA_antigen.pdb  7n0sF_antibody.pdb
Converting SMILES to graph: 228/500
6iccA_antigen.pdb  7ntcHL_antibody.pdb
Converting SMILES to graph: 229/500
6iccA_antigen.pdb  7bbjMN_antibody.pdb
Converting SMILES to graph: 230/500
6iccA_antigen.pdb  2qhrHL_antibody.pdb
Converting SMILES to graph: 231/500
6iccA_antigen.pdb  7zyiHL_antibody.pdb
Converting SMILES to graph: 232/500
6icfA_antigen.pdb  6h7nD_antibody.pdb
Converting SMILES to graph: 233/500
6icfA_antigen.pdb  6phfAB_antibody.pdb
Converting SMILES to graph: 234/500
6icfA_antigen.pdb  7t73HL_antibody.pdb
Converting SMILES to graph: 235/500
6icfA_antigen.pdb  8g4mDE_antibody.pdb
Converting SMILES to graph: 236/500
6icfA_antigen.pdb  7e7yCD_antibody.pdb
Converting SMILES to graph: 237/500
6icfA_antigen.pdb  7w0mSs_antibody.pdb
Converting SMILES to graph: 238/500
6id4AB_antigen.pdb  4yxhHL_antibody.pdb
Converting SMILES to graph: 239/500
6id4AB_antigen.pdb  7xy3D_antibody.pdb
Converting SMILES to graph: 240/500
6id4AB_antigen.pdb  8j7vEC_antibody.pdb
Converting SMILES to graph: 241/500
6id4AB_antigen.pdb  6vrkBC_antibody.pdb
Converting SMILES to graph: 242/500
6id4AB_antigen.pdb  5tq2HL_antibody.pdb
Converting SMILES to graph: 243/500
6id4AB_antigen.pdb  3mluHL_antibody.pdb
Converting SMILES to graph: 244/500
6idiF_antigen.pdb  7ksgD_antibody.pdb
Converting SMILES to graph: 245/500
6idiF_antigen.pdb  8im0B_antibody.pdb
Converting SMILES to graph: 246/500
6idiF_antigen.pdb  5zv3HL_antibody.pdb
Converting SMILES to graph: 247/500
6idiF_antigen.pdb  6d6uKL_antibody.pdb
Converting SMILES to graph: 248/500
6idiF_antigen.pdb  5w3pHL_antibody.pdb
Converting SMILES to graph: 249/500
6idiF_antigen.pdb  3ixxGH_antibody.pdb
Converting SMILES to graph: 250/500
6idkD_antigen.pdb  7tyiN_antibody.pdb
Converting SMILES to graph: 251/500
6idkD_antigen.pdb  7leyDE_antibody.pdb
Converting SMILES to graph: 252/500
6idkD_antigen.pdb  8iv4HL_antibody.pdb
Converting SMILES to graph: 253/500
6idkD_antigen.pdb  8en1C_antibody.pdb
Converting SMILES to graph: 254/500
6idkD_antigen.pdb  7ls9HL_antibody.pdb
Converting SMILES to graph: 255/500
6idkD_antigen.pdb  3j8zIM_antibody.pdb
Converting SMILES to graph: 256/500
6idlE_antigen.pdb  4s1sHL_antibody.pdb
Converting SMILES to graph: 257/500
6idlE_antigen.pdb  3mugFE_antibody.pdb
Converting SMILES to graph: 258/500
6idlE_antigen.pdb  4c59B_antibody.pdb
Converting SMILES to graph: 259/500
6idlE_antigen.pdb  7m3iHL_antibody.pdb
Converting SMILES to graph: 260/500
6idlE_antigen.pdb  6zbpF_antibody.pdb
Converting SMILES to graph: 261/500
6idlE_antigen.pdb  7pr0CB_antibody.pdb
Converting SMILES to graph: 262/500
6ieaA_antigen.pdb  4uaoCB_antibody.pdb
Converting SMILES to graph: 263/500
6ieaA_antigen.pdb  7nx6HL_antibody.pdb
Converting SMILES to graph: 264/500
6ieaA_antigen.pdb  7nbbD_antibody.pdb
Converting SMILES to graph: 265/500
6ieaA_antigen.pdb  7sajB_antibody.pdb
Converting SMILES to graph: 266/500
6ieaA_antigen.pdb  6h0eCD_antibody.pdb
Converting SMILES to graph: 267/500
6ieaA_antigen.pdb  7rp3HI_antibody.pdb
Converting SMILES to graph: 268/500
6iebA_antigen.pdb  4yblBC_antibody.pdb
Converting SMILES to graph: 269/500
6iebA_antigen.pdb  5k9kHL_antibody.pdb
Converting SMILES to graph: 270/500
6iebA_antigen.pdb  6umgHL_antibody.pdb
Converting SMILES to graph: 271/500
6iebA_antigen.pdb  3bgfHL_antibody.pdb
Converting SMILES to graph: 272/500
6iebA_antigen.pdb  7eo2Ee_antibody.pdb
Converting SMILES to graph: 273/500
6iebA_antigen.pdb  6ddvBA_antibody.pdb
Converting SMILES to graph: 274/500
6iecI_antigen.pdb  5u68Ff_antibody.pdb
Converting SMILES to graph: 275/500
6iecI_antigen.pdb  1gc1HL_antibody.pdb
Converting SMILES to graph: 276/500
6iecI_antigen.pdb  6azmBA_antibody.pdb
Converting SMILES to graph: 277/500
6iecI_antigen.pdb  6niyN_antibody.pdb
Converting SMILES to graph: 278/500
6iecI_antigen.pdb  2hlfEF_antibody.pdb
Converting SMILES to graph: 279/500
6iecI_antigen.pdb  7k9zHL_antibody.pdb
Converting SMILES to graph: 280/500
6iekA_antigen.pdb  3v0aC_antibody.pdb
Converting SMILES to graph: 281/500
6iekA_antigen.pdb  7ul4D_antibody.pdb
Converting SMILES to graph: 282/500
6iekA_antigen.pdb  6zhdD_antibody.pdb
Converting SMILES to graph: 283/500
6iekA_antigen.pdb  7ly2FC_antibody.pdb
Converting SMILES to graph: 284/500
6iekA_antigen.pdb  6vboHL_antibody.pdb
Converting SMILES to graph: 285/500
6iekA_antigen.pdb  7z9qD_antibody.pdb
Converting SMILES to graph: 286/500
6ieqB_antigen.pdb  3ogoG_antibody.pdb
Converting SMILES to graph: 287/500
6ieqB_antigen.pdb  6al1HL_antibody.pdb
Converting SMILES to graph: 288/500
6ieqB_antigen.pdb  4xt1C_antibody.pdb
Converting SMILES to graph: 289/500
6ieqB_antigen.pdb  7ureHL_antibody.pdb
Converting SMILES to graph: 290/500
6ieqB_antigen.pdb  5lhqB_antibody.pdb
Converting SMILES to graph: 291/500
6ieqB_antigen.pdb  3i50HL_antibody.pdb
Converting SMILES to graph: 292/500
6ii4A_antigen.pdb  6v7zE_antibody.pdb
Converting SMILES to graph: 293/500
6ii4A_antigen.pdb  6os2D_antibody.pdb
Converting SMILES to graph: 294/500
6ii4A_antigen.pdb  7qezEF_antibody.pdb
Converting SMILES to graph: 295/500
6ii4A_antigen.pdb  3d9aHL_antibody.pdb
Converting SMILES to graph: 296/500
6ii4A_antigen.pdb  8tp3HL_antibody.pdb
Converting SMILES to graph: 297/500
6ii4A_antigen.pdb  7e5yCB_antibody.pdb
Converting SMILES to graph: 298/500
6ii8E_antigen.pdb  6apbHL_antibody.pdb
Converting SMILES to graph: 299/500
6ii8E_antigen.pdb  1mvuBA_antibody.pdb
Converting SMILES to graph: 300/500
6ii8E_antigen.pdb  4c57C_antibody.pdb
Converting SMILES to graph: 301/500
6ii8E_antigen.pdb  7yckCD_antibody.pdb
Converting SMILES to graph: 302/500
6ii8E_antigen.pdb  5mu2KL_antibody.pdb
Converting SMILES to graph: 303/500
6ii8E_antigen.pdb  7e3lHL_antibody.pdb
Converting SMILES to graph: 304/500
6ii9E_antigen.pdb  2fecIL_antibody.pdb
Converting SMILES to graph: 305/500
6ii9E_antigen.pdb  6orqHL_antibody.pdb
Converting SMILES to graph: 306/500
6ii9E_antigen.pdb  6w52HL_antibody.pdb
Converting SMILES to graph: 307/500
6ii9E_antigen.pdb  5x2nJK_antibody.pdb
Converting SMILES to graph: 308/500
6ii9E_antigen.pdb  6n51D_antibody.pdb
Converting SMILES to graph: 309/500
6ii9E_antigen.pdb  7d0cGF_antibody.pdb
Converting SMILES to graph: 310/500
6ionA_antigen.pdb  6eyoHL_antibody.pdb
Converting SMILES to graph: 311/500
6ionA_antigen.pdb  7rkuJK_antibody.pdb
Converting SMILES to graph: 312/500
6ionA_antigen.pdb  5u4lB_antibody.pdb
Converting SMILES to graph: 313/500
6ionA_antigen.pdb  5d72MN_antibody.pdb
Converting SMILES to graph: 314/500
6ir1A_antigen.pdb  1nakHL_antibody.pdb
Converting SMILES to graph: 315/500
6ir1A_antigen.pdb  7lo7HL_antibody.pdb
Converting SMILES to graph: 316/500
6ir1A_antigen.pdb  8cwjHL_antibody.pdb
Converting SMILES to graph: 317/500
6ir1A_antigen.pdb  8dlxH_antibody.pdb
Converting SMILES to graph: 318/500
6ir1A_antigen.pdb  7uvoAB_antibody.pdb
Converting SMILES to graph: 319/500
6ir1A_antigen.pdb  8gnhHL_antibody.pdb
Converting SMILES to graph: 320/500
6ir2A_antigen.pdb  6hx4HL_antibody.pdb
Converting SMILES to graph: 321/500
6ir2A_antigen.pdb  7mw3HL_antibody.pdb
Converting SMILES to graph: 322/500
6ir2A_antigen.pdb  8gnhHL_antibody.pdb
Converting SMILES to graph: 323/500
6ir2A_antigen.pdb  5hhxHL_antibody.pdb
Converting SMILES to graph: 324/500
6ir2A_antigen.pdb  4wuuED_antibody.pdb
Converting SMILES to graph: 325/500
6ir2A_antigen.pdb  7ec5EF_antibody.pdb
Converting SMILES to graph: 326/500
6itcGA_antigen.pdb  7rk2Cc_antibody.pdb
Converting SMILES to graph: 327/500
6itcGA_antigen.pdb  8hs3Ss_antibody.pdb
Converting SMILES to graph: 328/500
6itcGA_antigen.pdb  7kfyHL_antibody.pdb
Converting SMILES to graph: 329/500
6itcGA_antigen.pdb  5kw9HL_antibody.pdb
Converting SMILES to graph: 330/500
6itcGA_antigen.pdb  5xctAB_antibody.pdb
Converting SMILES to graph: 331/500
6itcGA_antigen.pdb  8ct6HL_antibody.pdb
Converting SMILES to graph: 332/500
6iutA_antigen.pdb  7pijN_antibody.pdb
Converting SMILES to graph: 333/500
6iutA_antigen.pdb  7tr4LH_antibody.pdb
Converting SMILES to graph: 334/500
6iutA_antigen.pdb  7whzBD_antibody.pdb
Converting SMILES to graph: 335/500
6iutA_antigen.pdb  7mwxAB_antibody.pdb
Converting SMILES to graph: 336/500
6iutA_antigen.pdb  6b0aHL_antibody.pdb
Converting SMILES to graph: 337/500
6iutA_antigen.pdb  7wckAB_antibody.pdb
Converting SMILES to graph: 338/500
6iuvB_antigen.pdb  7ly9BC_antibody.pdb
Converting SMILES to graph: 339/500
6iuvB_antigen.pdb  8cydD_antibody.pdb
Converting SMILES to graph: 340/500
6iuvB_antigen.pdb  4bh8BA_antibody.pdb
Converting SMILES to graph: 341/500
6iuvB_antigen.pdb  8cxnD_antibody.pdb
Converting SMILES to graph: 342/500
6iuvB_antigen.pdb  8d9zBA_antibody.pdb
Converting SMILES to graph: 343/500
6iuvB_antigen.pdb  6pecHL_antibody.pdb
Converting SMILES to graph: 344/500
6ivzA_antigen.pdb  1cu4HL_antibody.pdb
Converting SMILES to graph: 345/500
6ivzA_antigen.pdb  6q23HL_antibody.pdb
Converting SMILES to graph: 346/500
6ivzA_antigen.pdb  1w72IM_antibody.pdb
Converting SMILES to graph: 347/500
6ivzA_antigen.pdb  5zxvCD_antibody.pdb
Converting SMILES to graph: 348/500
6ivzA_antigen.pdb  8j6rSs_antibody.pdb
Converting SMILES to graph: 349/500
6ivzA_antigen.pdb  8cydD_antibody.pdb
Converting SMILES to graph: 350/500
6iw0A_antigen.pdb  7k75AB_antibody.pdb
Converting SMILES to graph: 351/500
6iw0A_antigen.pdb  7kzbAB_antibody.pdb
Converting SMILES to graph: 352/500
6iw0A_antigen.pdb  8cxrE_antibody.pdb
Converting SMILES to graph: 353/500
6iw0A_antigen.pdb  7ew1Ee_antibody.pdb
Converting SMILES to graph: 354/500
6iw0A_antigen.pdb  7y15Ss_antibody.pdb
Converting SMILES to graph: 355/500
6iw0A_antigen.pdb  8h00ED_antibody.pdb
Converting SMILES to graph: 356/500
6iw2J_antigen.pdb  7eo0HL_antibody.pdb
Converting SMILES to graph: 357/500
6iw2J_antigen.pdb  7qtkBC_antibody.pdb
Converting SMILES to graph: 358/500
6iw2J_antigen.pdb  8gooDE_antibody.pdb
Converting SMILES to graph: 359/500
6iw2J_antigen.pdb  4jdtHL_antibody.pdb
Converting SMILES to graph: 360/500
6iw2J_antigen.pdb  6ranC_antibody.pdb
Converting SMILES to graph: 361/500
6j11B_antigen.pdb  6xlzHL_antibody.pdb
Converting SMILES to graph: 362/500
6j11B_antigen.pdb  7dnkHL_antibody.pdb
Converting SMILES to graph: 363/500
6j11B_antigen.pdb  7cmuEe_antibody.pdb
Converting SMILES to graph: 364/500
6j11B_antigen.pdb  8a99RO_antibody.pdb
Converting SMILES to graph: 365/500
6j11B_antigen.pdb  7ly9BC_antibody.pdb
Converting SMILES to graph: 366/500
6j11B_antigen.pdb  7ls9HL_antibody.pdb
Converting SMILES to graph: 367/500
6j14G_antigen.pdb  8gsdHL_antibody.pdb
Converting SMILES to graph: 368/500
6j14G_antigen.pdb  6myyGF_antibody.pdb
Converting SMILES to graph: 369/500
6j14G_antigen.pdb  7tl0DE_antibody.pdb
Converting SMILES to graph: 370/500
6j14G_antigen.pdb  6wwzSs_antibody.pdb
Converting SMILES to graph: 371/500
6j14G_antigen.pdb  4yr6AB_antibody.pdb
Converting SMILES to graph: 372/500
6j14G_antigen.pdb  3gi8HL_antibody.pdb
Converting SMILES to graph: 373/500
6j15D_antigen.pdb  6s0yA_antibody.pdb
Converting SMILES to graph: 374/500
6j15D_antigen.pdb  4xawHL_antibody.pdb
Converting SMILES to graph: 375/500
6j15D_antigen.pdb  7uvsAB_antibody.pdb
Converting SMILES to graph: 376/500
6j15D_antigen.pdb  1jpsHL_antibody.pdb
Converting SMILES to graph: 377/500
6j15D_antigen.pdb  5eulV_antibody.pdb
Converting SMILES to graph: 378/500
6j15D_antigen.pdb  7piuN_antibody.pdb
Converting SMILES to graph: 379/500
6j5dA_antigen.pdb  6mugHL_antibody.pdb
Converting SMILES to graph: 380/500
6j5dA_antigen.pdb  8teaHG_antibody.pdb
Converting SMILES to graph: 381/500
6j5dA_antigen.pdb  7f0tE_antibody.pdb
Converting SMILES to graph: 382/500
6j5dA_antigen.pdb  3lohAB_antibody.pdb
Converting SMILES to graph: 383/500
6j5dA_antigen.pdb  7pnqDF_antibody.pdb
Converting SMILES to graph: 384/500
6j5dA_antigen.pdb  5xcrAB_antibody.pdb
Converting SMILES to graph: 385/500
6j5fA_antigen.pdb  7mrzXY_antibody.pdb
Converting SMILES to graph: 386/500
6j5fA_antigen.pdb  3k2uHL_antibody.pdb
Converting SMILES to graph: 387/500
6j5fA_antigen.pdb  8db4AB_antibody.pdb
Converting SMILES to graph: 388/500
6j5fA_antigen.pdb  2fedCD_antibody.pdb
Converting SMILES to graph: 389/500
6j5fA_antigen.pdb  7sfxCD_antibody.pdb
Converting SMILES to graph: 390/500
6j5fA_antigen.pdb  1za3HL_antibody.pdb
Converting SMILES to graph: 391/500
6j5gA_antigen.pdb  7x42HL_antibody.pdb
Converting SMILES to graph: 392/500
6j5gA_antigen.pdb  7f6zHL_antibody.pdb
Converting SMILES to graph: 393/500
6j5gA_antigen.pdb  8eliHL_antibody.pdb
Converting SMILES to graph: 394/500
6j5gA_antigen.pdb  7e32Ee_antibody.pdb
Converting SMILES to graph: 395/500
6j5gA_antigen.pdb  5fuuHL_antibody.pdb
Converting SMILES to graph: 396/500
6j5gA_antigen.pdb  8fegFf_antibody.pdb
Converting SMILES to graph: 397/500
6j6yA_antigen.pdb  7a3uHL_antibody.pdb
Converting SMILES to graph: 398/500
6j6yA_antigen.pdb  7wt8HD_antibody.pdb
Converting SMILES to graph: 399/500
6j6yA_antigen.pdb  5f7wD_antibody.pdb
Converting SMILES to graph: 400/500
6j6yA_antigen.pdb  7y7kBC_antibody.pdb
Converting SMILES to graph: 401/500
6j6yA_antigen.pdb  6frjHh_antibody.pdb
Converting SMILES to graph: 402/500
6j6yA_antigen.pdb  5e5mD_antibody.pdb
Converting SMILES to graph: 403/500
6j71A_antigen.pdb  7q6eHL_antibody.pdb
Converting SMILES to graph: 404/500
6j71A_antigen.pdb  6aj9DE_antibody.pdb
Converting SMILES to graph: 405/500
6j71A_antigen.pdb  8hijHL_antibody.pdb
Converting SMILES to graph: 406/500
6j71A_antigen.pdb  8u26N_antibody.pdb
Converting SMILES to graph: 407/500
6j71A_antigen.pdb  5kteHL_antibody.pdb
Converting SMILES to graph: 408/500
6j71A_antigen.pdb  6eqcFf_antibody.pdb
Converting SMILES to graph: 409/500
6j7wD_antigen.pdb  8f7qEe_antibody.pdb
Converting SMILES to graph: 410/500
6j7wD_antigen.pdb  7n9vB_antibody.pdb
Converting SMILES to graph: 411/500
6j7wD_antigen.pdb  7n4mHL_antibody.pdb
Converting SMILES to graph: 412/500
6j7wD_antigen.pdb  4kklCD_antibody.pdb
Converting SMILES to graph: 413/500
6j7wD_antigen.pdb  6xc7CD_antibody.pdb
Converting SMILES to graph: 414/500
6j7wD_antigen.pdb  7y0wAB_antibody.pdb
Converting SMILES to graph: 415/500
6jb2B_antigen.pdb  8ahnHL_antibody.pdb
Converting SMILES to graph: 416/500
6jb2B_antigen.pdb  7ph4C_antibody.pdb
Converting SMILES to graph: 417/500
6jb2B_antigen.pdb  4wenB_antibody.pdb
Converting SMILES to graph: 418/500
6jb2B_antigen.pdb  7ommC_antibody.pdb
Converting SMILES to graph: 419/500
6jb2B_antigen.pdb  8esvHL_antibody.pdb
Converting SMILES to graph: 420/500
6jb5B_antigen.pdb  8dtoGH_antibody.pdb
Converting SMILES to graph: 421/500
6jb5B_antigen.pdb  8hc9DE_antibody.pdb
Converting SMILES to graph: 422/500
6jb5B_antigen.pdb  7xj6ED_antibody.pdb
Converting SMILES to graph: 423/500
6jb5B_antigen.pdb  6o9iDE_antibody.pdb
Converting SMILES to graph: 424/500
6jb5B_antigen.pdb  4qkxB_antibody.pdb
Converting SMILES to graph: 425/500
6jb5B_antigen.pdb  6wi9N_antibody.pdb
Converting SMILES to graph: 426/500
6jb8B_antigen.pdb  7m55HL_antibody.pdb
Converting SMILES to graph: 427/500
6jb8B_antigen.pdb  7wwkGF_antibody.pdb
Converting SMILES to graph: 428/500
6jb8B_antigen.pdb  8hk3Hh_antibody.pdb
Converting SMILES to graph: 429/500
6jb8B_antigen.pdb  6fy1HL_antibody.pdb
Converting SMILES to graph: 430/500
6jb8B_antigen.pdb  6oroDE_antibody.pdb
Converting SMILES to graph: 431/500
6jbtF_antigen.pdb  7s8nEe_antibody.pdb
Converting SMILES to graph: 432/500
6jbtF_antigen.pdb  7kpgHL_antibody.pdb
Converting SMILES to graph: 433/500
6jbtF_antigen.pdb  6i3zHL_antibody.pdb
Converting SMILES to graph: 434/500
6jbtF_antigen.pdb  7ri2B_antibody.pdb
Converting SMILES to graph: 435/500
6jbtF_antigen.pdb  7qcqA_antibody.pdb
Converting SMILES to graph: 436/500
6jepE_antigen.pdb  7y72OP_antibody.pdb
Converting SMILES to graph: 437/500
6jepE_antigen.pdb  3o41HL_antibody.pdb
Converting SMILES to graph: 438/500
6jepE_antigen.pdb  8u5bHL_antibody.pdb
Converting SMILES to graph: 439/500
6jepE_antigen.pdb  7dr4HL_antibody.pdb
Converting SMILES to graph: 440/500
6jepE_antigen.pdb  7ox1AB_antibody.pdb
Converting SMILES to graph: 441/500
6jepE_antigen.pdb  7r89CD_antibody.pdb
Converting SMILES to graph: 442/500
6jfhA_antigen.pdb  4krpB_antibody.pdb
Converting SMILES to graph: 443/500
6jfhA_antigen.pdb  6wozEF_antibody.pdb
Converting SMILES to graph: 444/500
6jfhA_antigen.pdb  7wrzHL_antibody.pdb
Converting SMILES to graph: 445/500
6jfhA_antigen.pdb  7x8yHL_antibody.pdb
Converting SMILES to graph: 446/500
6jfhA_antigen.pdb  1bqlHL_antibody.pdb
Converting SMILES to graph: 447/500
6jfhA_antigen.pdb  1cftBA_antibody.pdb
Converting SMILES to graph: 448/500
6jfiE_antigen.pdb  4tvpHL_antibody.pdb
Converting SMILES to graph: 449/500
6jfiE_antigen.pdb  7epbC_antibody.pdb
Converting SMILES to graph: 450/500
6jfiE_antigen.pdb  7tpgHL_antibody.pdb
Converting SMILES to graph: 451/500
6jfiE_antigen.pdb  5yhlHL_antibody.pdb
Converting SMILES to graph: 452/500
6jfiE_antigen.pdb  7lzpH_antibody.pdb
Converting SMILES to graph: 453/500
6jfiE_antigen.pdb  6dzlHK_antibody.pdb
Converting SMILES to graph: 454/500
6jhqC_antigen.pdb  3u9uAB_antibody.pdb
Converting SMILES to graph: 455/500
6jhqC_antigen.pdb  7ox2AL_antibody.pdb
Converting SMILES to graph: 456/500
6jhqC_antigen.pdb  7xjkEe_antibody.pdb
Converting SMILES to graph: 457/500
6jhqC_antigen.pdb  5w4lDE_antibody.pdb
Converting SMILES to graph: 458/500
6jhqC_antigen.pdb  7lqwHL_antibody.pdb
Converting SMILES to graph: 459/500
6jhrC_antigen.pdb  7rtbN_antibody.pdb
Converting SMILES to graph: 460/500
6jhrC_antigen.pdb  7ktxIJ_antibody.pdb
Converting SMILES to graph: 461/500
6jhrC_antigen.pdb  6axkAB_antibody.pdb
Converting SMILES to graph: 462/500
6jhrC_antigen.pdb  8dceHh_antibody.pdb
Converting SMILES to graph: 463/500
6jhrC_antigen.pdb  7epxHL_antibody.pdb
Converting SMILES to graph: 464/500
6jhrC_antigen.pdb  4c57C_antibody.pdb
Converting SMILES to graph: 465/500
6jhsC_antigen.pdb  7ul5D_antibody.pdb
Converting SMILES to graph: 466/500
6jhsC_antigen.pdb  3iflHL_antibody.pdb
Converting SMILES to graph: 467/500
6jhsC_antigen.pdb  6mlmEI_antibody.pdb
Converting SMILES to graph: 468/500
6jhsC_antigen.pdb  6lgwCD_antibody.pdb
Converting SMILES to graph: 469/500
6jhsC_antigen.pdb  7zrcHL_antibody.pdb
Converting SMILES to graph: 470/500
6jhsC_antigen.pdb  5iq9HL_antibody.pdb
Converting SMILES to graph: 471/500
6jhtC_antigen.pdb  7lk4FE_antibody.pdb
Converting SMILES to graph: 472/500
6jhtC_antigen.pdb  8hgmCD_antibody.pdb
Converting SMILES to graph: 473/500
6jhtC_antigen.pdb  8f95HL_antibody.pdb
Converting SMILES to graph: 474/500
6jhtC_antigen.pdb  7t4sHI_antibody.pdb
Converting SMILES to graph: 475/500
6jhtC_antigen.pdb  7laaHL_antibody.pdb
Converting SMILES to graph: 476/500
6jhtC_antigen.pdb  1hi6BA_antibody.pdb
Converting SMILES to graph: 477/500
6jjpF_antigen.pdb  3ixxGH_antibody.pdb
Converting SMILES to graph: 478/500
6jjpF_antigen.pdb  1vfbBA_antibody.pdb
Converting SMILES to graph: 479/500
6jjpF_antigen.pdb  7upyHL_antibody.pdb
Converting SMILES to graph: 480/500
6jjpF_antigen.pdb  1ymhDC_antibody.pdb
Converting SMILES to graph: 481/500
6jjpF_antigen.pdb  8gx9HF_antibody.pdb
Converting SMILES to graph: 482/500
6jjpF_antigen.pdb  7x10Ee_antibody.pdb
Converting SMILES to graph: 483/500
6jodAC_antigen.pdb  6vziDE_antibody.pdb
Converting SMILES to graph: 484/500
6jodAC_antigen.pdb  4w2oA_antibody.pdb
Converting SMILES to graph: 485/500
6jodAC_antigen.pdb  7sx7HL_antibody.pdb
Converting SMILES to graph: 486/500
6jodAC_antigen.pdb  7apjB_antibody.pdb
Converting SMILES to graph: 487/500
6jodAC_antigen.pdb  3qumBA_antibody.pdb
Converting SMILES to graph: 488/500
6jodAC_antigen.pdb  6zbvB_antibody.pdb
Converting SMILES to graph: 489/500
6jszA_antigen.pdb  6s3dCD_antibody.pdb
Converting SMILES to graph: 490/500
6jszA_antigen.pdb  7sr5B_antibody.pdb
Converting SMILES to graph: 491/500
6jszA_antigen.pdb  1yntDC_antibody.pdb
Converting SMILES to graph: 492/500
6jszA_antigen.pdb  4yzfGH_antibody.pdb
Converting SMILES to graph: 493/500
6jszA_antigen.pdb  5xcuDE_antibody.pdb
Converting SMILES to graph: 494/500
6jszA_antigen.pdb  5viyHG_antibody.pdb
Converting SMILES to graph: 495/500
6k0yC_antigen.pdb  7k61Mm_antibody.pdb
Converting SMILES to graph: 496/500
6k0yC_antigen.pdb  1g7jBA_antibody.pdb
Converting SMILES to graph: 497/500
6k0yC_antigen.pdb  7figN_antibody.pdb
Converting SMILES to graph: 498/500
6k0yC_antigen.pdb  5dhxBb_antibody.pdb
Converting SMILES to graph: 499/500
6k0yC_antigen.pdb  6xzfB_antibody.pdb
Converting SMILES to graph: 500/500
6k0yC_antigen.pdb  6hhcHL_antibody.pdb
Graph construction done. Saving to file.
