Converting SMILES to graph: 1/500
7jtfE_antigen.pdb  7cfmN_antibody.pdb
Converting SMILES to graph: 2/500
7jtfE_antigen.pdb  7rpuAB_antibody.pdb
Converting SMILES to graph: 3/500
7jtgE_antigen.pdb  6oz6H_antibody.pdb
Converting SMILES to graph: 4/500
7jtgE_antigen.pdb  7lj4GF_antibody.pdb
Converting SMILES to graph: 5/500
7jtgE_antigen.pdb  7dwtHL_antibody.pdb
Converting SMILES to graph: 6/500
7jtgE_antigen.pdb  6nbhN_antibody.pdb
Converting SMILES to graph: 7/500
7jtgE_antigen.pdb  5w9mBC_antibody.pdb
Converting SMILES to graph: 8/500
7jtgE_antigen.pdb  7c6aHL_antibody.pdb
Converting SMILES to graph: 9/500
7jtiA_antigen.pdb  7ts0Hh_antibody.pdb
Converting SMILES to graph: 10/500
7jtiA_antigen.pdb  1j1xHL_antibody.pdb
Converting SMILES to graph: 11/500
7jtiA_antigen.pdb  6nm6DE_antibody.pdb
Converting SMILES to graph: 12/500
7jtiA_antigen.pdb  1a2yBA_antibody.pdb
Converting SMILES to graph: 13/500
7jtiA_antigen.pdb  8duaHL_antibody.pdb
Converting SMILES to graph: 14/500
7jtiA_antigen.pdb  6uudHL_antibody.pdb
Converting SMILES to graph: 15/500
7jtrG_antigen.pdb  2p49B_antibody.pdb
Converting SMILES to graph: 16/500
7jtrG_antigen.pdb  6awnBC_antibody.pdb
Converting SMILES to graph: 17/500
7jtrG_antigen.pdb  2xqbHL_antibody.pdb
Converting SMILES to graph: 18/500
7jtrG_antigen.pdb  8hbdHh_antibody.pdb
Converting SMILES to graph: 19/500
7jtrG_antigen.pdb  1uacHL_antibody.pdb
Converting SMILES to graph: 20/500
7jtrG_antigen.pdb  6ldvHL_antibody.pdb
Converting SMILES to graph: 21/500
7jumB_antigen.pdb  3hfmHL_antibody.pdb
Converting SMILES to graph: 22/500
7jumB_antigen.pdb  7vazDC_antibody.pdb
Converting SMILES to graph: 23/500
7jumB_antigen.pdb  8h7zFI_antibody.pdb
Converting SMILES to graph: 24/500
7jumB_antigen.pdb  6o3cB_antibody.pdb
Converting SMILES to graph: 25/500
7jumB_antigen.pdb  7ukmXY_antibody.pdb
Converting SMILES to graph: 26/500
7jumB_antigen.pdb  7t0zHL_antibody.pdb
Converting SMILES to graph: 27/500
7jv2A_antigen.pdb  6ko5HL_antibody.pdb
Converting SMILES to graph: 28/500
7jv2A_antigen.pdb  7wocAB_antibody.pdb
Converting SMILES to graph: 29/500
7jv2A_antigen.pdb  7t75HL_antibody.pdb
Converting SMILES to graph: 30/500
7jv2A_antigen.pdb  5yoyPM_antibody.pdb
Converting SMILES to graph: 31/500
7jv2A_antigen.pdb  7cn2Gg_antibody.pdb
Converting SMILES to graph: 32/500
7jv2A_antigen.pdb  7jv5N_antibody.pdb
Converting SMILES to graph: 33/500
7jv4C_antigen.pdb  5omnC_antibody.pdb
Converting SMILES to graph: 34/500
7jv4C_antigen.pdb  4jpkHL_antibody.pdb
Converting SMILES to graph: 35/500
7jv4C_antigen.pdb  8c3vHL_antibody.pdb
Converting SMILES to graph: 36/500
7jv4C_antigen.pdb  6a77HL_antibody.pdb
Converting SMILES to graph: 37/500
7jv4C_antigen.pdb  4q5zOP_antibody.pdb
Converting SMILES to graph: 38/500
7jv4C_antigen.pdb  7uz7HL_antibody.pdb
Converting SMILES to graph: 39/500
7jv5ABG_antigen.pdb  4dw2HL_antibody.pdb
Converting SMILES to graph: 40/500
7jv5ABG_antigen.pdb  4eigB_antibody.pdb
Converting SMILES to graph: 41/500
7jv5ABG_antigen.pdb  6ehgC_antibody.pdb
Converting SMILES to graph: 42/500
7jv5ABG_antigen.pdb  6yxfHh_antibody.pdb
Converting SMILES to graph: 43/500
7jv5ABG_antigen.pdb  7lrsDE_antibody.pdb
Converting SMILES to graph: 44/500
7jv5ABG_antigen.pdb  6opaFI_antibody.pdb
Converting SMILES to graph: 45/500
7jv6E_antigen.pdb  7ox2AL_antibody.pdb
Converting SMILES to graph: 46/500
7jv6E_antigen.pdb  4j8rBA_antibody.pdb
Converting SMILES to graph: 47/500
7jv6E_antigen.pdb  7yitD_antibody.pdb
Converting SMILES to graph: 48/500
7jv6E_antigen.pdb  5vxjD_antibody.pdb
Converting SMILES to graph: 49/500
7jv6E_antigen.pdb  2ny3DC_antibody.pdb
Converting SMILES to graph: 50/500
7jv6E_antigen.pdb  1nl0HL_antibody.pdb
Converting SMILES to graph: 51/500
7jvaA_antigen.pdb  7u0aHL_antibody.pdb
Converting SMILES to graph: 52/500
7jvaA_antigen.pdb  8j5jE_antibody.pdb
Converting SMILES to graph: 53/500
7jvaA_antigen.pdb  8c7hLK_antibody.pdb
Converting SMILES to graph: 54/500
7jvaA_antigen.pdb  7rlvEF_antibody.pdb
Converting SMILES to graph: 55/500
7jvaA_antigen.pdb  7w9fAB_antibody.pdb
Converting SMILES to graph: 56/500
7jvaA_antigen.pdb  6nqdKL_antibody.pdb
Converting SMILES to graph: 57/500
7jvbA_antigen.pdb  6sgeD_antibody.pdb
Converting SMILES to graph: 58/500
7jvbA_antigen.pdb  8ia8Ss_antibody.pdb
Converting SMILES to graph: 59/500
7jvbA_antigen.pdb  7xy3D_antibody.pdb
Converting SMILES to graph: 60/500
7jvbA_antigen.pdb  7vvnN_antibody.pdb
Converting SMILES to graph: 61/500
7jvbA_antigen.pdb  4lkxAB_antibody.pdb
Converting SMILES to graph: 62/500
7jvbA_antigen.pdb  3hb3CD_antibody.pdb
Converting SMILES to graph: 63/500
7jvcA_antigen.pdb  1melA_antibody.pdb
Converting SMILES to graph: 64/500
7jvcA_antigen.pdb  6dzvBC_antibody.pdb
Converting SMILES to graph: 65/500
7jvcA_antigen.pdb  6mtjDE_antibody.pdb
Converting SMILES to graph: 66/500
7jvcA_antigen.pdb  1u8hBA_antibody.pdb
Converting SMILES to graph: 67/500
7jvcA_antigen.pdb  7ydyHL_antibody.pdb
Converting SMILES to graph: 68/500
7jvcA_antigen.pdb  7voaA_antibody.pdb
Converting SMILES to graph: 69/500
7jvpABG_antigen.pdb  6d6tJI_antibody.pdb
Converting SMILES to graph: 70/500
7jvpABG_antigen.pdb  5w4lDE_antibody.pdb
Converting SMILES to graph: 71/500
7jvpABG_antigen.pdb  6ppgHL_antibody.pdb
Converting SMILES to graph: 72/500
7jvpABG_antigen.pdb  6aodBA_antibody.pdb
Converting SMILES to graph: 73/500
7jvpABG_antigen.pdb  1ktrHL_antibody.pdb
Converting SMILES to graph: 74/500
7jvpABG_antigen.pdb  7dwuHL_antibody.pdb
Converting SMILES to graph: 75/500
7jvqABG_antigen.pdb  6wnoEF_antibody.pdb
Converting SMILES to graph: 76/500
7jvqABG_antigen.pdb  6cdmAB_antibody.pdb
Converting SMILES to graph: 77/500
7jvqABG_antigen.pdb  3nifEF_antibody.pdb
Converting SMILES to graph: 78/500
7jvqABG_antigen.pdb  4fqjHL_antibody.pdb
Converting SMILES to graph: 79/500
7jvqABG_antigen.pdb  7x2fE_antibody.pdb
Converting SMILES to graph: 80/500
7jvqABG_antigen.pdb  6hjpIJ_antibody.pdb
Converting SMILES to graph: 81/500
7jvrACB_antigen.pdb  5truHL_antibody.pdb
Converting SMILES to graph: 82/500
7jvrACB_antigen.pdb  7bwjHL_antibody.pdb
Converting SMILES to graph: 83/500
7jvrACB_antigen.pdb  8dpfEe_antibody.pdb
Converting SMILES to graph: 84/500
7jvrACB_antigen.pdb  4om1HL_antibody.pdb
Converting SMILES to graph: 85/500
7jvrACB_antigen.pdb  3iu3AB_antibody.pdb
Converting SMILES to graph: 86/500
7jvrACB_antigen.pdb  7tp4HL_antibody.pdb
Converting SMILES to graph: 87/500
7jw0B_antigen.pdb  5h8oA_antibody.pdb
Converting SMILES to graph: 88/500
7jw0B_antigen.pdb  3b9kHL_antibody.pdb
Converting SMILES to graph: 89/500
7jw0B_antigen.pdb  4tqeHL_antibody.pdb
Converting SMILES to graph: 90/500
7jw0B_antigen.pdb  7l3nDE_antibody.pdb
Converting SMILES to graph: 91/500
7jw0B_antigen.pdb  7z0xHL_antibody.pdb
Converting SMILES to graph: 92/500
7jwbAB_antigen.pdb  7r0cDd_antibody.pdb
Converting SMILES to graph: 93/500
7jwbAB_antigen.pdb  7wlzPO_antibody.pdb
Converting SMILES to graph: 94/500
7jwbAB_antigen.pdb  3k3qA_antibody.pdb
Converting SMILES to graph: 95/500
7jwbAB_antigen.pdb  6qv0F_antibody.pdb
Converting SMILES to graph: 96/500
7jwbAB_antigen.pdb  3wlwCD_antibody.pdb
Converting SMILES to graph: 97/500
7jwbAB_antigen.pdb  7cmuEe_antibody.pdb
Converting SMILES to graph: 98/500
7jwgE_antigen.pdb  1i9rKM_antibody.pdb
Converting SMILES to graph: 99/500
7jwgE_antigen.pdb  5e94BA_antibody.pdb
Converting SMILES to graph: 100/500
7jwgE_antigen.pdb  5mvzHL_antibody.pdb
Converting SMILES to graph: 101/500
7jwgE_antigen.pdb  6nbiN_antibody.pdb
Converting SMILES to graph: 102/500
7jwgE_antigen.pdb  7ugoMP_antibody.pdb
Converting SMILES to graph: 103/500
7jwgE_antigen.pdb  5usiHL_antibody.pdb
Converting SMILES to graph: 104/500
7jwpV_antigen.pdb  1n6qHL_antibody.pdb
Converting SMILES to graph: 105/500
7jwpV_antigen.pdb  6iapHL_antibody.pdb
Converting SMILES to graph: 106/500
7jwpV_antigen.pdb  4dk3A_antibody.pdb
Converting SMILES to graph: 107/500
7jwpV_antigen.pdb  5f7yD_antibody.pdb
Converting SMILES to graph: 108/500
7jwpV_antigen.pdb  4dvrHL_antibody.pdb
Converting SMILES to graph: 109/500
7jwpV_antigen.pdb  5cezHL_antibody.pdb
Converting SMILES to graph: 110/500
7jwqV_antigen.pdb  1w72IM_antibody.pdb
Converting SMILES to graph: 111/500
7jwqV_antigen.pdb  6bzyHL_antibody.pdb
Converting SMILES to graph: 112/500
7jwqV_antigen.pdb  8errHL_antibody.pdb
Converting SMILES to graph: 113/500
7jwqV_antigen.pdb  7ucgDE_antibody.pdb
Converting SMILES to graph: 114/500
7jwqV_antigen.pdb  7ranEe_antibody.pdb
Converting SMILES to graph: 115/500
7jwqV_antigen.pdb  7uz8HL_antibody.pdb
Converting SMILES to graph: 116/500
7jx3R_antigen.pdb  7y66Ss_antibody.pdb
Converting SMILES to graph: 117/500
7jx3R_antigen.pdb  4g7vHL_antibody.pdb
Converting SMILES to graph: 118/500
7jx3R_antigen.pdb  5usfD_antibody.pdb
Converting SMILES to graph: 119/500
7jx3R_antigen.pdb  6y97HL_antibody.pdb
Converting SMILES to graph: 120/500
7jx3R_antigen.pdb  7sk6FE_antibody.pdb
Converting SMILES to graph: 121/500
7jx3R_antigen.pdb  6nnfHL_antibody.pdb
Converting SMILES to graph: 122/500
7k37CD_antigen.pdb  7uowHL_antibody.pdb
Converting SMILES to graph: 123/500
7k37CD_antigen.pdb  4tqeHL_antibody.pdb
Converting SMILES to graph: 124/500
7k37CD_antigen.pdb  8j6dHh_antibody.pdb
Converting SMILES to graph: 125/500
7k37CD_antigen.pdb  6x1vHL_antibody.pdb
Converting SMILES to graph: 126/500
7k37CD_antigen.pdb  7rxcHL_antibody.pdb
Converting SMILES to graph: 127/500
7k37CD_antigen.pdb  7wcpDE_antibody.pdb
Converting SMILES to graph: 128/500
7k39CD_antigen.pdb  4jg0HL_antibody.pdb
Converting SMILES to graph: 129/500
7k39CD_antigen.pdb  7tp4HL_antibody.pdb
Converting SMILES to graph: 130/500
7k39CD_antigen.pdb  4g80GH_antibody.pdb
Converting SMILES to graph: 131/500
7k39CD_antigen.pdb  4ocmF_antibody.pdb
Converting SMILES to graph: 132/500
7k39CD_antigen.pdb  5tpnHL_antibody.pdb
Converting SMILES to graph: 133/500
7k39CD_antigen.pdb  7udsDE_antibody.pdb
Converting SMILES to graph: 134/500
7k3aEF_antigen.pdb  7evmN_antibody.pdb
Converting SMILES to graph: 135/500
7k3aEF_antigen.pdb  5d96JI_antibody.pdb
Converting SMILES to graph: 136/500
7k3aEF_antigen.pdb  8j1vHK_antibody.pdb
Converting SMILES to graph: 137/500
7k3aEF_antigen.pdb  7trhHB_antibody.pdb
Converting SMILES to graph: 138/500
7k3aEF_antigen.pdb  7mklHL_antibody.pdb
Converting SMILES to graph: 139/500
7k3aEF_antigen.pdb  7sr4B_antibody.pdb
Converting SMILES to graph: 140/500
7k3bEF_antigen.pdb  8dp1RM_antibody.pdb
Converting SMILES to graph: 141/500
7k3bEF_antigen.pdb  7li9BC_antibody.pdb
Converting SMILES to graph: 142/500
7k3bEF_antigen.pdb  1xctDC_antibody.pdb
Converting SMILES to graph: 143/500
7k3bEF_antigen.pdb  7r98E_antibody.pdb
Converting SMILES to graph: 144/500
7k3bEF_antigen.pdb  7ny5IH_antibody.pdb
Converting SMILES to graph: 145/500
7k3bEF_antigen.pdb  6warD_antibody.pdb
Converting SMILES to graph: 146/500
7k43B_antigen.pdb  6wpwN_antibody.pdb
Converting SMILES to graph: 147/500
7k43B_antigen.pdb  7x8yHL_antibody.pdb
Converting SMILES to graph: 148/500
7k43B_antigen.pdb  8elqHL_antibody.pdb
Converting SMILES to graph: 149/500
7k43B_antigen.pdb  4z0xBA_antibody.pdb
Converting SMILES to graph: 150/500
7k43B_antigen.pdb  1qleHL_antibody.pdb
Converting SMILES to graph: 151/500
7k43B_antigen.pdb  6o42HL_antibody.pdb
Converting SMILES to graph: 152/500
7k45B_antigen.pdb  5hi3CD_antibody.pdb
Converting SMILES to graph: 153/500
7k45B_antigen.pdb  8h07EJ_antibody.pdb
Converting SMILES to graph: 154/500
7k45B_antigen.pdb  7mxlJK_antibody.pdb
Converting SMILES to graph: 155/500
7k45B_antigen.pdb  2i9lFE_antibody.pdb
Converting SMILES to graph: 156/500
7k45B_antigen.pdb  6fzrHh_antibody.pdb
Converting SMILES to graph: 157/500
7k45B_antigen.pdb  7akjHL_antibody.pdb
Converting SMILES to graph: 158/500
7k4nB_antigen.pdb  7txzEF_antibody.pdb
Converting SMILES to graph: 159/500
7k4nB_antigen.pdb  7qn8K_antibody.pdb
Converting SMILES to graph: 160/500
7k4nB_antigen.pdb  7wuqN_antibody.pdb
Converting SMILES to graph: 161/500
7k4nB_antigen.pdb  8ee0HL_antibody.pdb
Converting SMILES to graph: 162/500
7k4nB_antigen.pdb  7mxlJK_antibody.pdb
Converting SMILES to graph: 163/500
7k4nB_antigen.pdb  6m47HL_antibody.pdb
Converting SMILES to graph: 164/500
7k5xGFH_antigen.pdb  7usvD_antibody.pdb
Converting SMILES to graph: 165/500
7k5xGFH_antigen.pdb  3qg6BA_antibody.pdb
Converting SMILES to graph: 166/500
7k5xGFH_antigen.pdb  7vvkN_antibody.pdb
Converting SMILES to graph: 167/500
7k5xGFH_antigen.pdb  7s0xCD_antibody.pdb
Converting SMILES to graph: 168/500
7k5xGFH_antigen.pdb  7zmkBC_antibody.pdb
Converting SMILES to graph: 169/500
7k5xGFH_antigen.pdb  7yqzIG_antibody.pdb
Converting SMILES to graph: 170/500
7k5yCBD_antigen.pdb  1u95BA_antibody.pdb
Converting SMILES to graph: 171/500
7k5yCBD_antigen.pdb  6b7zEF_antibody.pdb
Converting SMILES to graph: 172/500
7k5yCBD_antigen.pdb  3fb6AB_antibody.pdb
Converting SMILES to graph: 173/500
7k5yCBD_antigen.pdb  6ch9QR_antibody.pdb
Converting SMILES to graph: 174/500
7k5yCBD_antigen.pdb  6u2fHL_antibody.pdb
Converting SMILES to graph: 175/500
7k5yCBD_antigen.pdb  7czuHK_antibody.pdb
Converting SMILES to graph: 176/500
7k60CBD_antigen.pdb  7czdA_antibody.pdb
Converting SMILES to graph: 177/500
7k60CBD_antigen.pdb  6h7nD_antibody.pdb
Converting SMILES to graph: 178/500
7k60CBD_antigen.pdb  3ghbHL_antibody.pdb
Converting SMILES to graph: 179/500
7k60CBD_antigen.pdb  8hc6HL_antibody.pdb
Converting SMILES to graph: 180/500
7k60CBD_antigen.pdb  7ls9HL_antibody.pdb
Converting SMILES to graph: 181/500
7k60CBD_antigen.pdb  3eyfBA_antibody.pdb
Converting SMILES to graph: 182/500
7k61CBD_antigen.pdb  7ujeEF_antibody.pdb
Converting SMILES to graph: 183/500
7k61CBD_antigen.pdb  7dtyN_antibody.pdb
Converting SMILES to graph: 184/500
7k61CBD_antigen.pdb  6vrlBC_antibody.pdb
Converting SMILES to graph: 185/500
7k61CBD_antigen.pdb  4kjpCD_antibody.pdb
Converting SMILES to graph: 186/500
7k61CBD_antigen.pdb  3wfeHL_antibody.pdb
Converting SMILES to graph: 187/500
7k61CBD_antigen.pdb  5eblAB_antibody.pdb
Converting SMILES to graph: 188/500
7k63GFH_antigen.pdb  6phdHL_antibody.pdb
Converting SMILES to graph: 189/500
7k63GFH_antigen.pdb  6mugHL_antibody.pdb
Converting SMILES to graph: 190/500
7k63GFH_antigen.pdb  6lgwCD_antibody.pdb
Converting SMILES to graph: 191/500
7k63GFH_antigen.pdb  8j6rSs_antibody.pdb
Converting SMILES to graph: 192/500
7k63GFH_antigen.pdb  3hfmHL_antibody.pdb
Converting SMILES to graph: 193/500
7k63GFH_antigen.pdb  7df1HL_antibody.pdb
Converting SMILES to graph: 194/500
7k65A_antigen.pdb  7x3yHL_antibody.pdb
Converting SMILES to graph: 195/500
7k65A_antigen.pdb  6vryHL_antibody.pdb
Converting SMILES to graph: 196/500
7k65A_antigen.pdb  8id8Ss_antibody.pdb
Converting SMILES to graph: 197/500
7k65A_antigen.pdb  8gsfHL_antibody.pdb
Converting SMILES to graph: 198/500
7k65A_antigen.pdb  8tp6HL_antibody.pdb
Converting SMILES to graph: 199/500
7k65A_antigen.pdb  6b9zBA_antibody.pdb
Converting SMILES to graph: 200/500
7k66A_antigen.pdb  7nd3HL_antibody.pdb
Converting SMILES to graph: 201/500
7k66A_antigen.pdb  7e8cMJ_antibody.pdb
Converting SMILES to graph: 202/500
7k66A_antigen.pdb  7ra3Ee_antibody.pdb
Converting SMILES to graph: 203/500
7k66A_antigen.pdb  8i9lHh_antibody.pdb
Converting SMILES to graph: 204/500
7k66A_antigen.pdb  1qnzHL_antibody.pdb
Converting SMILES to graph: 205/500
7k66A_antigen.pdb  6wdtHL_antibody.pdb
Converting SMILES to graph: 206/500
7k75E_antigen.pdb  7ukoEF_antibody.pdb
Converting SMILES to graph: 207/500
7k75E_antigen.pdb  3ze2EF_antibody.pdb
Converting SMILES to graph: 208/500
7k75E_antigen.pdb  6tysCD_antibody.pdb
Converting SMILES to graph: 209/500
7k75E_antigen.pdb  6tnpBA_antibody.pdb
Converting SMILES to graph: 210/500
7k75E_antigen.pdb  6xeyJK_antibody.pdb
Converting SMILES to graph: 211/500
7k75E_antigen.pdb  4kklCD_antibody.pdb
Converting SMILES to graph: 212/500
7k76P_antigen.pdb  8bg5Aa_antibody.pdb
Converting SMILES to graph: 213/500
7k76P_antigen.pdb  7kgkB_antibody.pdb
Converting SMILES to graph: 214/500
7k76P_antigen.pdb  1xgrBA_antibody.pdb
Converting SMILES to graph: 215/500
7k76P_antigen.pdb  4fqiHL_antibody.pdb
Converting SMILES to graph: 216/500
7k76P_antigen.pdb  8fa9HL_antibody.pdb
Converting SMILES to graph: 217/500
7k76P_antigen.pdb  6mu8DE_antibody.pdb
Converting SMILES to graph: 218/500
7k78CDB_antigen.pdb  6x5bIF_antibody.pdb
Converting SMILES to graph: 219/500
7k78CDB_antigen.pdb  2bseF_antibody.pdb
Converting SMILES to graph: 220/500
7k78CDB_antigen.pdb  7nx3ED_antibody.pdb
Converting SMILES to graph: 221/500
7k78CDB_antigen.pdb  5hggT_antibody.pdb
Converting SMILES to graph: 222/500
7k78CDB_antigen.pdb  3wlwCD_antibody.pdb
Converting SMILES to graph: 223/500
7k78CDB_antigen.pdb  6xobST_antibody.pdb
Converting SMILES to graph: 224/500
7k7hACG_antigen.pdb  4alaHL_antibody.pdb
Converting SMILES to graph: 225/500
7k7hACG_antigen.pdb  7rkmDd_antibody.pdb
Converting SMILES to graph: 226/500
7k7hACG_antigen.pdb  2vweEC_antibody.pdb
Converting SMILES to graph: 227/500
7k7hACG_antigen.pdb  6cw3CD_antibody.pdb
Converting SMILES to graph: 228/500
7k7hACG_antigen.pdb  7pr0CB_antibody.pdb
Converting SMILES to graph: 229/500
7k7hACG_antigen.pdb  6dzzBC_antibody.pdb
Converting SMILES to graph: 230/500
7k7iE_antigen.pdb  8itlN_antibody.pdb
Converting SMILES to graph: 231/500
7k7iE_antigen.pdb  4xrcBA_antibody.pdb
Converting SMILES to graph: 232/500
7k7iE_antigen.pdb  7ydsBC_antibody.pdb
Converting SMILES to graph: 233/500
7k7iE_antigen.pdb  7mw6DE_antibody.pdb
Converting SMILES to graph: 234/500
7k7iE_antigen.pdb  7rycEe_antibody.pdb
Converting SMILES to graph: 235/500
7k7rF_antigen.pdb  7nx9AB_antibody.pdb
Converting SMILES to graph: 236/500
7k7rF_antigen.pdb  7cgwAB_antibody.pdb
Converting SMILES to graph: 237/500
7k7rF_antigen.pdb  6b9jAB_antibody.pdb
Converting SMILES to graph: 238/500
7k7rF_antigen.pdb  6obeB_antibody.pdb
Converting SMILES to graph: 239/500
7k7rF_antigen.pdb  7um6Ee_antibody.pdb
Converting SMILES to graph: 240/500
7k7rF_antigen.pdb  6yxdHL_antibody.pdb
Converting SMILES to graph: 241/500
7k7yB_antigen.pdb  7tlzBA_antibody.pdb
Converting SMILES to graph: 242/500
7k7yB_antigen.pdb  7dfpCB_antibody.pdb
Converting SMILES to graph: 243/500
7k7yB_antigen.pdb  2dtgAB_antibody.pdb
Converting SMILES to graph: 244/500
7k7yB_antigen.pdb  7x47HL_antibody.pdb
Converting SMILES to graph: 245/500
7k7yB_antigen.pdb  8h3yD_antibody.pdb
Converting SMILES to graph: 246/500
7k7yB_antigen.pdb  5vk2DE_antibody.pdb
Converting SMILES to graph: 247/500
7k84A_antigen.pdb  8h7lDG_antibody.pdb
Converting SMILES to graph: 248/500
7k84A_antigen.pdb  8ihjSs_antibody.pdb
Converting SMILES to graph: 249/500
7k84A_antigen.pdb  7n0xHL_antibody.pdb
Converting SMILES to graph: 250/500
7k84A_antigen.pdb  7a3nHL_antibody.pdb
Converting SMILES to graph: 251/500
7k84A_antigen.pdb  7vifEe_antibody.pdb
Converting SMILES to graph: 252/500
7k84A_antigen.pdb  8cy7D_antibody.pdb
Converting SMILES to graph: 253/500
7k8mE_antigen.pdb  7pbdF_antibody.pdb
Converting SMILES to graph: 254/500
7k8mE_antigen.pdb  7ls9HL_antibody.pdb
Converting SMILES to graph: 255/500
7k8mE_antigen.pdb  7cvsCD_antibody.pdb
Converting SMILES to graph: 256/500
7k8mE_antigen.pdb  6p3rCD_antibody.pdb
Converting SMILES to graph: 257/500
7k8mE_antigen.pdb  2mpaHL_antibody.pdb
Converting SMILES to graph: 258/500
7k8mE_antigen.pdb  5imkB_antibody.pdb
Converting SMILES to graph: 259/500
7k8sA_antigen.pdb  1i8kBA_antibody.pdb
Converting SMILES to graph: 260/500
7k8sA_antigen.pdb  7d30A_antibody.pdb
Converting SMILES to graph: 261/500
7k8sA_antigen.pdb  7qjjB_antibody.pdb
Converting SMILES to graph: 262/500
7k8sA_antigen.pdb  5hhvHL_antibody.pdb
Converting SMILES to graph: 263/500
7k8sA_antigen.pdb  5f97F_antibody.pdb
Converting SMILES to graph: 264/500
7k8sA_antigen.pdb  6eqiB_antibody.pdb
Converting SMILES to graph: 265/500
7k8tA_antigen.pdb  8dowCD_antibody.pdb
Converting SMILES to graph: 266/500
7k8tA_antigen.pdb  5nuzHL_antibody.pdb
Converting SMILES to graph: 267/500
7k8tA_antigen.pdb  4xwgHL_antibody.pdb
Converting SMILES to graph: 268/500
7k8tA_antigen.pdb  6o3bGE_antibody.pdb
Converting SMILES to graph: 269/500
7k8tA_antigen.pdb  6osyHL_antibody.pdb
Converting SMILES to graph: 270/500
7k8tA_antigen.pdb  7mubAB_antibody.pdb
Converting SMILES to graph: 271/500
7k8uAB_antigen.pdb  6o25AB_antibody.pdb
Converting SMILES to graph: 272/500
7k8uAB_antigen.pdb  6ornAB_antibody.pdb
Converting SMILES to graph: 273/500
7k8uAB_antigen.pdb  7vafHL_antibody.pdb
Converting SMILES to graph: 274/500
7k8uAB_antigen.pdb  7urqHL_antibody.pdb
Converting SMILES to graph: 275/500
7k8uAB_antigen.pdb  7chhJK_antibody.pdb
Converting SMILES to graph: 276/500
7k8uAB_antigen.pdb  8b1iB_antibody.pdb
Converting SMILES to graph: 277/500
7k8vC_antigen.pdb  7x37HL_antibody.pdb
Converting SMILES to graph: 278/500
7k8vC_antigen.pdb  6b0gDC_antibody.pdb
Converting SMILES to graph: 279/500
7k8vC_antigen.pdb  8hqmHh_antibody.pdb
Converting SMILES to graph: 280/500
7k8vC_antigen.pdb  5cilHL_antibody.pdb
Converting SMILES to graph: 281/500
7k8vC_antigen.pdb  4l5fHL_antibody.pdb
Converting SMILES to graph: 282/500
7k8vC_antigen.pdb  2fx7HL_antibody.pdb
Converting SMILES to graph: 283/500
7k8wG_antigen.pdb  7a3qHL_antibody.pdb
Converting SMILES to graph: 284/500
7k8wG_antigen.pdb  7uaqHL_antibody.pdb
Converting SMILES to graph: 285/500
7k8wG_antigen.pdb  1j5oHL_antibody.pdb
Converting SMILES to graph: 286/500
7k8wG_antigen.pdb  6aodBA_antibody.pdb
Converting SMILES to graph: 287/500
7k8wG_antigen.pdb  2igfHL_antibody.pdb
Converting SMILES to graph: 288/500
7k8wG_antigen.pdb  7kxkIM_antibody.pdb
Converting SMILES to graph: 289/500
7k8xBC_antigen.pdb  6mcoDE_antibody.pdb
Converting SMILES to graph: 290/500
7k8xBC_antigen.pdb  5j56B_antibody.pdb
Converting SMILES to graph: 291/500
7k8xBC_antigen.pdb  5mo3HL_antibody.pdb
Converting SMILES to graph: 292/500
7k8xBC_antigen.pdb  5vk2DE_antibody.pdb
Converting SMILES to graph: 293/500
7k8xBC_antigen.pdb  3ebaA_antibody.pdb
Converting SMILES to graph: 294/500
7k8xBC_antigen.pdb  5kaqFG_antibody.pdb
Converting SMILES to graph: 295/500
7k8yBD_antigen.pdb  7mdtHL_antibody.pdb
Converting SMILES to graph: 296/500
7k8yBD_antigen.pdb  3jwdPO_antibody.pdb
Converting SMILES to graph: 297/500
7k8yBD_antigen.pdb  7t4sHI_antibody.pdb
Converting SMILES to graph: 298/500
7k8yBD_antigen.pdb  6wwzSs_antibody.pdb
Converting SMILES to graph: 299/500
7k8yBD_antigen.pdb  7yk4HL_antibody.pdb
Converting SMILES to graph: 300/500
7k8yBD_antigen.pdb  5vxkB_antibody.pdb
Converting SMILES to graph: 301/500
7k8zC_antigen.pdb  7xjjSs_antibody.pdb
Converting SMILES to graph: 302/500
7k8zC_antigen.pdb  6oyhG_antibody.pdb
Converting SMILES to graph: 303/500
7k8zC_antigen.pdb  2w9eHL_antibody.pdb
Converting SMILES to graph: 304/500
7k8zC_antigen.pdb  7pi7EF_antibody.pdb
Converting SMILES to graph: 305/500
7k8zC_antigen.pdb  5fecHL_antibody.pdb
Converting SMILES to graph: 306/500
7k8zC_antigen.pdb  6u2fHL_antibody.pdb
Converting SMILES to graph: 307/500
7k90A_antigen.pdb  4irzHL_antibody.pdb
Converting SMILES to graph: 308/500
7k90A_antigen.pdb  5o14CD_antibody.pdb
Converting SMILES to graph: 309/500
7k90A_antigen.pdb  6e3hHL_antibody.pdb
Converting SMILES to graph: 310/500
7k90A_antigen.pdb  7nx7HL_antibody.pdb
Converting SMILES to graph: 311/500
7k90A_antigen.pdb  7tynN_antibody.pdb
Converting SMILES to graph: 312/500
7k90A_antigen.pdb  6umxHL_antibody.pdb
Converting SMILES to graph: 313/500
7k93D_antigen.pdb  7t75HL_antibody.pdb
Converting SMILES to graph: 314/500
7k93D_antigen.pdb  7s8nEe_antibody.pdb
Converting SMILES to graph: 315/500
7k93D_antigen.pdb  5ywpRQ_antibody.pdb
Converting SMILES to graph: 316/500
7k93D_antigen.pdb  8gw8N_antibody.pdb
Converting SMILES to graph: 317/500
7k93D_antigen.pdb  2ipuGK_antibody.pdb
Converting SMILES to graph: 318/500
7k93D_antigen.pdb  7wq4N_antibody.pdb
Converting SMILES to graph: 319/500
7k9hBA_antigen.pdb  6ey0F_antibody.pdb
Converting SMILES to graph: 320/500
7k9hBA_antigen.pdb  5ujzIi_antibody.pdb
Converting SMILES to graph: 321/500
7k9hBA_antigen.pdb  7kfxHL_antibody.pdb
Converting SMILES to graph: 322/500
7k9hBA_antigen.pdb  7sixHL_antibody.pdb
Converting SMILES to graph: 323/500
7k9hBA_antigen.pdb  6eqiB_antibody.pdb
Converting SMILES to graph: 324/500
7k9hBA_antigen.pdb  2hh0HL_antibody.pdb
Converting SMILES to graph: 325/500
7k9iA_antigen.pdb  6vyhDC_antibody.pdb
Converting SMILES to graph: 326/500
7k9iA_antigen.pdb  3v4uHL_antibody.pdb
Converting SMILES to graph: 327/500
7k9iA_antigen.pdb  5imkB_antibody.pdb
Converting SMILES to graph: 328/500
7k9iA_antigen.pdb  6c08DE_antibody.pdb
Converting SMILES to graph: 329/500
7k9iA_antigen.pdb  8ebpHL_antibody.pdb
Converting SMILES to graph: 330/500
7k9iA_antigen.pdb  6oorHL_antibody.pdb
Converting SMILES to graph: 331/500
7k9jA_antigen.pdb  7zraE_antibody.pdb
Converting SMILES to graph: 332/500
7k9jA_antigen.pdb  6d01GH_antibody.pdb
Converting SMILES to graph: 333/500
7k9jA_antigen.pdb  6nz7GI_antibody.pdb
Converting SMILES to graph: 334/500
7k9jA_antigen.pdb  6pdxMN_antibody.pdb
Converting SMILES to graph: 335/500
7k9jA_antigen.pdb  7y0vHL_antibody.pdb
Converting SMILES to graph: 336/500
7k9jA_antigen.pdb  6xblSs_antibody.pdb
Converting SMILES to graph: 337/500
7k9kA_antigen.pdb  3j42KL_antibody.pdb
Converting SMILES to graph: 338/500
7k9kA_antigen.pdb  7s6cEG_antibody.pdb
Converting SMILES to graph: 339/500
7k9kA_antigen.pdb  8dp1RM_antibody.pdb
Converting SMILES to graph: 340/500
7k9kA_antigen.pdb  4x7cC_antibody.pdb
Converting SMILES to graph: 341/500
7k9kA_antigen.pdb  6sf6AB_antibody.pdb
Converting SMILES to graph: 342/500
7k9kA_antigen.pdb  6o41BA_antibody.pdb
Converting SMILES to graph: 343/500
7k9zE_antigen.pdb  6cezHL_antibody.pdb
Converting SMILES to graph: 344/500
7k9zE_antigen.pdb  5f3jDd_antibody.pdb
Converting SMILES to graph: 345/500
7k9zE_antigen.pdb  7ndcHL_antibody.pdb
Converting SMILES to graph: 346/500
7k9zE_antigen.pdb  7amqHL_antibody.pdb
Converting SMILES to graph: 347/500
7k9zE_antigen.pdb  3mj9HL_antibody.pdb
Converting SMILES to graph: 348/500
7k9zE_antigen.pdb  7xqvB_antibody.pdb
Converting SMILES to graph: 349/500
7kbbEC_antigen.pdb  3idjBA_antibody.pdb
Converting SMILES to graph: 350/500
7kbbEC_antigen.pdb  5w9nEF_antibody.pdb
Converting SMILES to graph: 351/500
7kbbEC_antigen.pdb  1xgqBA_antibody.pdb
Converting SMILES to graph: 352/500
7kbbEC_antigen.pdb  6pduHL_antibody.pdb
Converting SMILES to graph: 353/500
7kbbEC_antigen.pdb  3wfeHL_antibody.pdb
Converting SMILES to graph: 354/500
7kbbEC_antigen.pdb  5vqmDC_antibody.pdb
Converting SMILES to graph: 355/500
7kbiAB_antigen.pdb  7wd2C_antibody.pdb
Converting SMILES to graph: 356/500
7kbiAB_antigen.pdb  7lr3AB_antibody.pdb
Converting SMILES to graph: 357/500
7kbiAB_antigen.pdb  6r8xCB_antibody.pdb
Converting SMILES to graph: 358/500
7kbiAB_antigen.pdb  7dd2EH_antibody.pdb
Converting SMILES to graph: 359/500
7kbiAB_antigen.pdb  7l2cHL_antibody.pdb
Converting SMILES to graph: 360/500
7kbiAB_antigen.pdb  7ndaHL_antibody.pdb
Converting SMILES to graph: 361/500
7kbkAB_antigen.pdb  1n6qHL_antibody.pdb
Converting SMILES to graph: 362/500
7kbkAB_antigen.pdb  2a0lFE_antibody.pdb
Converting SMILES to graph: 363/500
7kbkAB_antigen.pdb  7tyyN_antibody.pdb
Converting SMILES to graph: 364/500
7kbkAB_antigen.pdb  3be1HL_antibody.pdb
Converting SMILES to graph: 365/500
7kbkAB_antigen.pdb  7swxHL_antibody.pdb
Converting SMILES to graph: 366/500
7kbkAB_antigen.pdb  7jhgHL_antibody.pdb
Converting SMILES to graph: 367/500
7kbtA_antigen.pdb  7e5sUQ_antibody.pdb
Converting SMILES to graph: 368/500
7kbtA_antigen.pdb  7a5vO_antibody.pdb
Converting SMILES to graph: 369/500
7kbtA_antigen.pdb  6q0oZB_antibody.pdb
Converting SMILES to graph: 370/500
7kbtA_antigen.pdb  7socHL_antibody.pdb
Converting SMILES to graph: 371/500
7kbtA_antigen.pdb  7sbuHL_antibody.pdb
Converting SMILES to graph: 372/500
7kc1BA_antigen.pdb  6b0aHL_antibody.pdb
Converting SMILES to graph: 373/500
7kc1BA_antigen.pdb  6zwkF_antibody.pdb
Converting SMILES to graph: 374/500
7kc1BA_antigen.pdb  7jhhHL_antibody.pdb
Converting SMILES to graph: 375/500
7kc1BA_antigen.pdb  5e1aAB_antibody.pdb
Converting SMILES to graph: 376/500
7kc1BA_antigen.pdb  6j14AB_antibody.pdb
Converting SMILES to graph: 377/500
7kc1BA_antigen.pdb  7cthHL_antibody.pdb
Converting SMILES to graph: 378/500
7kc9ED_antigen.pdb  7r8lHL_antibody.pdb
Converting SMILES to graph: 379/500
7kc9ED_antigen.pdb  3eysHL_antibody.pdb
Converting SMILES to graph: 380/500
7kc9ED_antigen.pdb  6lz4AB_antibody.pdb
Converting SMILES to graph: 381/500
7kc9ED_antigen.pdb  7w0lSs_antibody.pdb
Converting SMILES to graph: 382/500
7kc9ED_antigen.pdb  6x58CD_antibody.pdb
Converting SMILES to graph: 383/500
7kc9ED_antigen.pdb  7su1HL_antibody.pdb
Converting SMILES to graph: 384/500
7kcrCAE_antigen.pdb  8f5iHL_antibody.pdb
Converting SMILES to graph: 385/500
7kcrCAE_antigen.pdb  8i5iHL_antibody.pdb
Converting SMILES to graph: 386/500
7kcrCAE_antigen.pdb  7qn7G_antibody.pdb
Converting SMILES to graph: 387/500
7kcrCAE_antigen.pdb  2ny6DC_antibody.pdb
Converting SMILES to graph: 388/500
7kcrCAE_antigen.pdb  4jhwHL_antibody.pdb
Converting SMILES to graph: 389/500
7kcrCAE_antigen.pdb  8w87N_antibody.pdb
Converting SMILES to graph: 390/500
7kd0BA_antigen.pdb  6i9iHL_antibody.pdb
Converting SMILES to graph: 391/500
7kd0BA_antigen.pdb  7k5xNn_antibody.pdb
Converting SMILES to graph: 392/500
7kd0BA_antigen.pdb  6qx3O_antibody.pdb
Converting SMILES to graph: 393/500
7kd0BA_antigen.pdb  5a2kHh_antibody.pdb
Converting SMILES to graph: 394/500
7kd0BA_antigen.pdb  6ylaHL_antibody.pdb
Converting SMILES to graph: 395/500
7kd0BA_antigen.pdb  6ze1B_antibody.pdb
Converting SMILES to graph: 396/500
7kd2BA_antigen.pdb  3jbqHL_antibody.pdb
Converting SMILES to graph: 397/500
7kd2BA_antigen.pdb  3o6lHL_antibody.pdb
Converting SMILES to graph: 398/500
7kd2BA_antigen.pdb  7yr1HL_antibody.pdb
Converting SMILES to graph: 399/500
7kd2BA_antigen.pdb  6j71Bb_antibody.pdb
Converting SMILES to graph: 400/500
7kd2BA_antigen.pdb  7ketAB_antibody.pdb
Converting SMILES to graph: 401/500
7kd2BA_antigen.pdb  1u8hBA_antibody.pdb
Converting SMILES to graph: 402/500
7kd6Q_antigen.pdb  5e5mD_antibody.pdb
Converting SMILES to graph: 403/500
7kd6Q_antigen.pdb  7zg0G_antibody.pdb
Converting SMILES to graph: 404/500
7kd6Q_antigen.pdb  6al0HL_antibody.pdb
Converting SMILES to graph: 405/500
7kd6Q_antigen.pdb  7x8wHL_antibody.pdb
Converting SMILES to graph: 406/500
7kd6Q_antigen.pdb  8djgAB_antibody.pdb
Converting SMILES to graph: 407/500
7kd6Q_antigen.pdb  8eb2JL_antibody.pdb
Converting SMILES to graph: 408/500
7kddA_antigen.pdb  7yahC_antibody.pdb
Converting SMILES to graph: 409/500
7kddA_antigen.pdb  6yxdHL_antibody.pdb
Converting SMILES to graph: 410/500
7kddA_antigen.pdb  7kqlHL_antibody.pdb
Converting SMILES to graph: 411/500
7kddA_antigen.pdb  7wogAB_antibody.pdb
Converting SMILES to graph: 412/500
7kddA_antigen.pdb  5g64IM_antibody.pdb
Converting SMILES to graph: 413/500
7kddA_antigen.pdb  5jdsB_antibody.pdb
Converting SMILES to graph: 414/500
7kdeG_antigen.pdb  6crkHh_antibody.pdb
Converting SMILES to graph: 415/500
7kdeG_antigen.pdb  7x9ySs_antibody.pdb
Converting SMILES to graph: 416/500
7kdeG_antigen.pdb  8ttwCD_antibody.pdb
Converting SMILES to graph: 417/500
7kdeG_antigen.pdb  7fatB_antibody.pdb
Converting SMILES to graph: 418/500
7kdeG_antigen.pdb  5d8jHL_antibody.pdb
Converting SMILES to graph: 419/500
7kdeG_antigen.pdb  7sg6HL_antibody.pdb
Converting SMILES to graph: 420/500
7kdmBA_antigen.pdb  7u9vEF_antibody.pdb
Converting SMILES to graph: 421/500
7kdmBA_antigen.pdb  6nb3DE_antibody.pdb
Converting SMILES to graph: 422/500
7kdmBA_antigen.pdb  5xcrAB_antibody.pdb
Converting SMILES to graph: 423/500
7kdmBA_antigen.pdb  7nqkB_antibody.pdb
Converting SMILES to graph: 424/500
7kdmBA_antigen.pdb  6vryHL_antibody.pdb
Converting SMILES to graph: 425/500
7kdmBA_antigen.pdb  7t74KG_antibody.pdb
Converting SMILES to graph: 426/500
7kduBA_antigen.pdb  3eysHL_antibody.pdb
Converting SMILES to graph: 427/500
7kduBA_antigen.pdb  2g5bDC_antibody.pdb
Converting SMILES to graph: 428/500
7kduBA_antigen.pdb  7paaAa_antibody.pdb
Converting SMILES to graph: 429/500
7kduBA_antigen.pdb  7s4sHL_antibody.pdb
Converting SMILES to graph: 430/500
7kduBA_antigen.pdb  7a50C_antibody.pdb
Converting SMILES to graph: 431/500
7kduBA_antigen.pdb  2y6sHL_antibody.pdb
Converting SMILES to graph: 432/500
7kejB_antigen.pdb  7ox2AL_antibody.pdb
Converting SMILES to graph: 433/500
7kejB_antigen.pdb  8tpaHL_antibody.pdb
Converting SMILES to graph: 434/500
7kejB_antigen.pdb  8f5nHL_antibody.pdb
Converting SMILES to graph: 435/500
7kejB_antigen.pdb  5n7bHh_antibody.pdb
Converting SMILES to graph: 436/500
7kejB_antigen.pdb  4h0hBb_antibody.pdb
Converting SMILES to graph: 437/500
7kejB_antigen.pdb  5ec2AB_antibody.pdb
Converting SMILES to graph: 438/500
7keoHG_antigen.pdb  6idlIJ_antibody.pdb
Converting SMILES to graph: 439/500
7keoHG_antigen.pdb  7zraE_antibody.pdb
Converting SMILES to graph: 440/500
7keoHG_antigen.pdb  6woqCD_antibody.pdb
Converting SMILES to graph: 441/500
7keoHG_antigen.pdb  3mlsJN_antibody.pdb
Converting SMILES to graph: 442/500
7keoHG_antigen.pdb  7kgkB_antibody.pdb
Converting SMILES to graph: 443/500
7keoHG_antigen.pdb  7x49HL_antibody.pdb
Converting SMILES to graph: 444/500
7ketC_antigen.pdb  8cwiHL_antibody.pdb
Converting SMILES to graph: 445/500
7ketC_antigen.pdb  7ldjG_antibody.pdb
Converting SMILES to graph: 446/500
7ketC_antigen.pdb  1egjHL_antibody.pdb
Converting SMILES to graph: 447/500
7ketC_antigen.pdb  1jhlHL_antibody.pdb
Converting SMILES to graph: 448/500
7ketC_antigen.pdb  4om1HL_antibody.pdb
Converting SMILES to graph: 449/500
7ketC_antigen.pdb  8dmjDE_antibody.pdb
Converting SMILES to graph: 450/500
7kewA_antigen.pdb  7czyHK_antibody.pdb
Converting SMILES to graph: 451/500
7kewA_antigen.pdb  6vy4CD_antibody.pdb
Converting SMILES to graph: 452/500
7kewA_antigen.pdb  7kgjB_antibody.pdb
Converting SMILES to graph: 453/500
7kewA_antigen.pdb  4hs6BA_antibody.pdb
Converting SMILES to graph: 454/500
7kewA_antigen.pdb  8djgAB_antibody.pdb
Converting SMILES to graph: 455/500
7kewA_antigen.pdb  6uunN_antibody.pdb
Converting SMILES to graph: 456/500
7kexA_antigen.pdb  4edwHL_antibody.pdb
Converting SMILES to graph: 457/500
7kexA_antigen.pdb  7cvsCD_antibody.pdb
Converting SMILES to graph: 458/500
7kexA_antigen.pdb  6i8gB_antibody.pdb
Converting SMILES to graph: 459/500
7kexA_antigen.pdb  7m42DC_antibody.pdb
Converting SMILES to graph: 460/500
7kexA_antigen.pdb  5ywoNM_antibody.pdb
Converting SMILES to graph: 461/500
7kexA_antigen.pdb  7dflCc_antibody.pdb
Converting SMILES to graph: 462/500
7kezV_antigen.pdb  6al0HL_antibody.pdb
Converting SMILES to graph: 463/500
7kezV_antigen.pdb  7zljHL_antibody.pdb
Converting SMILES to graph: 464/500
7kezV_antigen.pdb  1rzkHL_antibody.pdb
Converting SMILES to graph: 465/500
7kezV_antigen.pdb  7tlzBA_antibody.pdb
Converting SMILES to graph: 466/500
7kezV_antigen.pdb  8d21HL_antibody.pdb
Converting SMILES to graph: 467/500
7kezV_antigen.pdb  7e53B_antibody.pdb
Converting SMILES to graph: 468/500
7kf0C_antigen.pdb  7voaA_antibody.pdb
Converting SMILES to graph: 469/500
7kf0C_antigen.pdb  7cypED_antibody.pdb
Converting SMILES to graph: 470/500
7kf0C_antigen.pdb  7d0cGF_antibody.pdb
Converting SMILES to graph: 471/500
7kf0C_antigen.pdb  7x2hAB_antibody.pdb
Converting SMILES to graph: 472/500
7kf0C_antigen.pdb  7qn8K_antibody.pdb
Converting SMILES to graph: 473/500
7kf0C_antigen.pdb  7deuBb_antibody.pdb
Converting SMILES to graph: 474/500
7kf1F_antigen.pdb  6oc3CD_antibody.pdb
Converting SMILES to graph: 475/500
7kf1F_antigen.pdb  5ueaHL_antibody.pdb
Converting SMILES to graph: 476/500
7kf1F_antigen.pdb  7ucgDE_antibody.pdb
Converting SMILES to graph: 477/500
7kf1F_antigen.pdb  2p45B_antibody.pdb
Converting SMILES to graph: 478/500
7kf1F_antigen.pdb  7mdtHL_antibody.pdb
Converting SMILES to graph: 479/500
7kf1F_antigen.pdb  4zsoDC_antibody.pdb
Converting SMILES to graph: 480/500
7kf9A_antigen.pdb  3ehbCD_antibody.pdb
Converting SMILES to graph: 481/500
7kf9A_antigen.pdb  7rpuAB_antibody.pdb
Converting SMILES to graph: 482/500
7kf9A_antigen.pdb  7nfqD_antibody.pdb
Converting SMILES to graph: 483/500
7kf9A_antigen.pdb  7e9bHL_antibody.pdb
Converting SMILES to graph: 484/500
7kf9A_antigen.pdb  2j6eIM_antibody.pdb
Converting SMILES to graph: 485/500
7kf9A_antigen.pdb  5vkdHL_antibody.pdb
Converting SMILES to graph: 486/500
7kfbC_antigen.pdb  1jpsHL_antibody.pdb
Converting SMILES to graph: 487/500
7kfbC_antigen.pdb  7wp2HL_antibody.pdb
Converting SMILES to graph: 488/500
7kfbC_antigen.pdb  5xcuDE_antibody.pdb
Converting SMILES to graph: 489/500
7kfbC_antigen.pdb  3k74B_antibody.pdb
Converting SMILES to graph: 490/500
7kfbC_antigen.pdb  7fjcHL_antibody.pdb
Converting SMILES to graph: 491/500
7kfeB_antigen.pdb  8hscSs_antibody.pdb
Converting SMILES to graph: 492/500
7kfeB_antigen.pdb  8fb8HL_antibody.pdb
Converting SMILES to graph: 493/500
7kfeB_antigen.pdb  4ydjAB_antibody.pdb
Converting SMILES to graph: 494/500
7kfeB_antigen.pdb  4ldlB_antibody.pdb
Converting SMILES to graph: 495/500
7kfeB_antigen.pdb  8ezkHh_antibody.pdb
Converting SMILES to graph: 496/500
7kfeB_antigen.pdb  7ph7C_antibody.pdb
Converting SMILES to graph: 497/500
7kfhA_antigen.pdb  5te6HL_antibody.pdb
Converting SMILES to graph: 498/500
7kfhA_antigen.pdb  7wg3EA_antibody.pdb
Converting SMILES to graph: 499/500
7kfhA_antigen.pdb  7zmqC_antibody.pdb
Converting SMILES to graph: 500/500
7kfhA_antigen.pdb  7t6uEe_antibody.pdb
Graph construction done. Saving to file.
