Converting SMILES to graph: 1/500
6xp6ACB_antigen.pdb  4h0hBb_antibody.pdb
Converting SMILES to graph: 2/500
6xp6ACB_antigen.pdb  6n4yF_antibody.pdb
Converting SMILES to graph: 3/500
6xpqA_antigen.pdb  7o9wCB_antibody.pdb
Converting SMILES to graph: 4/500
6xpqA_antigen.pdb  6gv4HL_antibody.pdb
Converting SMILES to graph: 5/500
6xpqA_antigen.pdb  5dmgEF_antibody.pdb
Converting SMILES to graph: 6/500
6xpqA_antigen.pdb  4h8wHL_antibody.pdb
Converting SMILES to graph: 7/500
6xpqA_antigen.pdb  8h7lDG_antibody.pdb
Converting SMILES to graph: 8/500
6xpqA_antigen.pdb  6wpwN_antibody.pdb
Converting SMILES to graph: 9/500
6xprA_antigen.pdb  1n6qHL_antibody.pdb
Converting SMILES to graph: 10/500
6xprA_antigen.pdb  6y9aHL_antibody.pdb
Converting SMILES to graph: 11/500
6xprA_antigen.pdb  3j42KL_antibody.pdb
Converting SMILES to graph: 12/500
6xprA_antigen.pdb  7w0pSs_antibody.pdb
Converting SMILES to graph: 13/500
6xprA_antigen.pdb  8jz7Ss_antibody.pdb
Converting SMILES to graph: 14/500
6xprA_antigen.pdb  6xpqBC_antibody.pdb
Converting SMILES to graph: 15/500
6xpxA_antigen.pdb  8gq5a_antibody.pdb
Converting SMILES to graph: 16/500
6xpxA_antigen.pdb  8fdoAB_antibody.pdb
Converting SMILES to graph: 17/500
6xpxA_antigen.pdb  1hinHL_antibody.pdb
Converting SMILES to graph: 18/500
6xpxA_antigen.pdb  7zoxB_antibody.pdb
Converting SMILES to graph: 19/500
6xpxA_antigen.pdb  7vieEe_antibody.pdb
Converting SMILES to graph: 20/500
6xpxA_antigen.pdb  6blhHL_antibody.pdb
Converting SMILES to graph: 21/500
6xpyA_antigen.pdb  5o03C_antibody.pdb
Converting SMILES to graph: 22/500
6xpyA_antigen.pdb  6zbpF_antibody.pdb
Converting SMILES to graph: 23/500
6xpyA_antigen.pdb  8emyG_antibody.pdb
Converting SMILES to graph: 24/500
6xpyA_antigen.pdb  5vaqB_antibody.pdb
Converting SMILES to graph: 25/500
6xpyA_antigen.pdb  2hg5AB_antibody.pdb
Converting SMILES to graph: 26/500
6xpyA_antigen.pdb  3pgfHL_antibody.pdb
Converting SMILES to graph: 27/500
6xpzA_antigen.pdb  7piuN_antibody.pdb
Converting SMILES to graph: 28/500
6xpzA_antigen.pdb  7sk7DC_antibody.pdb
Converting SMILES to graph: 29/500
6xpzA_antigen.pdb  7p78H_antibody.pdb
Converting SMILES to graph: 30/500
6xpzA_antigen.pdb  8h91C_antibody.pdb
Converting SMILES to graph: 31/500
6xpzA_antigen.pdb  7m7iEF_antibody.pdb
Converting SMILES to graph: 32/500
6xpzA_antigen.pdb  8as3HL_antibody.pdb
Converting SMILES to graph: 33/500
6xq0A_antigen.pdb  4jdtHL_antibody.pdb
Converting SMILES to graph: 34/500
6xq0A_antigen.pdb  7y24Ss_antibody.pdb
Converting SMILES to graph: 35/500
6xq0A_antigen.pdb  6w0bAB_antibody.pdb
Converting SMILES to graph: 36/500
6xq0A_antigen.pdb  7ocyC_antibody.pdb
Converting SMILES to graph: 37/500
6xq0A_antigen.pdb  7uzaHL_antibody.pdb
Converting SMILES to graph: 38/500
6xq0A_antigen.pdb  2gsiBA_antibody.pdb
Converting SMILES to graph: 39/500
6xq2D_antigen.pdb  6ldyAB_antibody.pdb
Converting SMILES to graph: 40/500
6xq2D_antigen.pdb  4qexIM_antibody.pdb
Converting SMILES to graph: 41/500
6xq2D_antigen.pdb  6nijHL_antibody.pdb
Converting SMILES to graph: 42/500
6xq2D_antigen.pdb  5x2qHL_antibody.pdb
Converting SMILES to graph: 43/500
6xq2D_antigen.pdb  6xmiED_antibody.pdb
Converting SMILES to graph: 44/500
6xq2D_antigen.pdb  6zdhHL_antibody.pdb
Converting SMILES to graph: 45/500
6xq4D_antigen.pdb  7tm0ED_antibody.pdb
Converting SMILES to graph: 46/500
6xq4D_antigen.pdb  7dc8BA_antibody.pdb
Converting SMILES to graph: 47/500
6xq4D_antigen.pdb  6qb3Xx_antibody.pdb
Converting SMILES to graph: 48/500
6xq4D_antigen.pdb  5hggT_antibody.pdb
Converting SMILES to graph: 49/500
6xq4D_antigen.pdb  6higHL_antibody.pdb
Converting SMILES to graph: 50/500
6xq4D_antigen.pdb  4belD_antibody.pdb
Converting SMILES to graph: 51/500
6xqwE_antigen.pdb  8de6EF_antibody.pdb
Converting SMILES to graph: 52/500
6xqwE_antigen.pdb  6warD_antibody.pdb
Converting SMILES to graph: 53/500
6xqwE_antigen.pdb  4ztoHL_antibody.pdb
Converting SMILES to graph: 54/500
6xqwE_antigen.pdb  5vzyHL_antibody.pdb
Converting SMILES to graph: 55/500
6xqwE_antigen.pdb  2eizBA_antibody.pdb
Converting SMILES to graph: 56/500
6xqwE_antigen.pdb  6k0yAB_antibody.pdb
Converting SMILES to graph: 57/500
6xr0M_antigen.pdb  7r24E_antibody.pdb
Converting SMILES to graph: 58/500
6xr0M_antigen.pdb  7tyvHL_antibody.pdb
Converting SMILES to graph: 59/500
6xr0M_antigen.pdb  7l1vHh_antibody.pdb
Converting SMILES to graph: 60/500
6xr0M_antigen.pdb  7zkwC_antibody.pdb
Converting SMILES to graph: 61/500
6xr0M_antigen.pdb  7ew4Ss_antibody.pdb
Converting SMILES to graph: 62/500
6xrtGEF_antigen.pdb  6gk8HL_antibody.pdb
Converting SMILES to graph: 63/500
6xrtGEF_antigen.pdb  3ggwBA_antibody.pdb
Converting SMILES to graph: 64/500
6xrtGEF_antigen.pdb  2dweAB_antibody.pdb
Converting SMILES to graph: 65/500
6xrtGEF_antigen.pdb  7c88AB_antibody.pdb
Converting SMILES to graph: 66/500
6xrtGEF_antigen.pdb  5c0sHL_antibody.pdb
Converting SMILES to graph: 67/500
6xrtGEF_antigen.pdb  5hdbEF_antibody.pdb
Converting SMILES to graph: 68/500
6xskBA_antigen.pdb  4kucHD_antibody.pdb
Converting SMILES to graph: 69/500
6xskBA_antigen.pdb  7cfnN_antibody.pdb
Converting SMILES to graph: 70/500
6xskBA_antigen.pdb  6mhrAB_antibody.pdb
Converting SMILES to graph: 71/500
6xskBA_antigen.pdb  5ku07_antibody.pdb
Converting SMILES to graph: 72/500
6xskBA_antigen.pdb  4hf5HL_antibody.pdb
Converting SMILES to graph: 73/500
6xskBA_antigen.pdb  7jvpN_antibody.pdb
Converting SMILES to graph: 74/500
6xsnC_antigen.pdb  5xcvAB_antibody.pdb
Converting SMILES to graph: 75/500
6xsnC_antigen.pdb  7rknDd_antibody.pdb
Converting SMILES to graph: 76/500
6xsnC_antigen.pdb  5c8jAB_antibody.pdb
Converting SMILES to graph: 77/500
6xsnC_antigen.pdb  7wvdGH_antibody.pdb
Converting SMILES to graph: 78/500
6xsnC_antigen.pdb  6yz5F_antibody.pdb
Converting SMILES to graph: 79/500
6xswC_antigen.pdb  4zypNO_antibody.pdb
Converting SMILES to graph: 80/500
6xswC_antigen.pdb  4jdtHL_antibody.pdb
Converting SMILES to graph: 81/500
6xswC_antigen.pdb  8f76N_antibody.pdb
Converting SMILES to graph: 82/500
6xswC_antigen.pdb  5sy8HL_antibody.pdb
Converting SMILES to graph: 83/500
6xswC_antigen.pdb  4z9kB_antibody.pdb
Converting SMILES to graph: 84/500
6xswC_antigen.pdb  3bt2HL_antibody.pdb
Converting SMILES to graph: 85/500
6xw4B_antigen.pdb  6jepHL_antibody.pdb
Converting SMILES to graph: 86/500
6xw4B_antigen.pdb  6etiFE_antibody.pdb
Converting SMILES to graph: 87/500
6xw4B_antigen.pdb  8dtnA_antibody.pdb
Converting SMILES to graph: 88/500
6xw4B_antigen.pdb  5w5zHL_antibody.pdb
Converting SMILES to graph: 89/500
6xw4B_antigen.pdb  8g85HL_antibody.pdb
Converting SMILES to graph: 90/500
6xw4B_antigen.pdb  2qqkHL_antibody.pdb
Converting SMILES to graph: 91/500
6xw5B_antigen.pdb  6lntPQ_antibody.pdb
Converting SMILES to graph: 92/500
6xw5B_antigen.pdb  7cx4N_antibody.pdb
Converting SMILES to graph: 93/500
6xw5B_antigen.pdb  7sc1PQ_antibody.pdb
Converting SMILES to graph: 94/500
6xw5B_antigen.pdb  7r24E_antibody.pdb
Converting SMILES to graph: 95/500
6xw5B_antigen.pdb  7ar0B_antibody.pdb
Converting SMILES to graph: 96/500
6xw5B_antigen.pdb  7m8lNQ_antibody.pdb
Converting SMILES to graph: 97/500
6xw6B_antigen.pdb  8g3oEF_antibody.pdb
Converting SMILES to graph: 98/500
6xw6B_antigen.pdb  6vy5HL_antibody.pdb
Converting SMILES to graph: 99/500
6xw6B_antigen.pdb  6w05HL_antibody.pdb
Converting SMILES to graph: 100/500
6xw6B_antigen.pdb  5ebmAB_antibody.pdb
Converting SMILES to graph: 101/500
6xw6B_antigen.pdb  6vyhDC_antibody.pdb
Converting SMILES to graph: 102/500
6xw6B_antigen.pdb  8dn6CD_antibody.pdb
Converting SMILES to graph: 103/500
6xw7A_antigen.pdb  6mb3HL_antibody.pdb
Converting SMILES to graph: 104/500
6xw7A_antigen.pdb  7y1bHL_antibody.pdb
Converting SMILES to graph: 105/500
6xw7A_antigen.pdb  6axlDC_antibody.pdb
Converting SMILES to graph: 106/500
6xw7A_antigen.pdb  8sgtHL_antibody.pdb
Converting SMILES to graph: 107/500
6xw7A_antigen.pdb  4nx3BA_antibody.pdb
Converting SMILES to graph: 108/500
6xw7A_antigen.pdb  6qigHL_antibody.pdb
Converting SMILES to graph: 109/500
6xxvC_antigen.pdb  3dsfHL_antibody.pdb
Converting SMILES to graph: 110/500
6xxvC_antigen.pdb  3zksD_antibody.pdb
Converting SMILES to graph: 111/500
6xxvC_antigen.pdb  4wv1BA_antibody.pdb
Converting SMILES to graph: 112/500
6xxvC_antigen.pdb  4lu5IM_antibody.pdb
Converting SMILES to graph: 113/500
6xxvC_antigen.pdb  8jz7Ss_antibody.pdb
Converting SMILES to graph: 114/500
6xxvC_antigen.pdb  8dzwHL_antibody.pdb
Converting SMILES to graph: 115/500
6xy2A_antigen.pdb  6ru5C_antibody.pdb
Converting SMILES to graph: 116/500
6xy2A_antigen.pdb  4kfzD_antibody.pdb
Converting SMILES to graph: 117/500
6xy2A_antigen.pdb  8a67D_antibody.pdb
Converting SMILES to graph: 118/500
6xy2A_antigen.pdb  7mf1HL_antibody.pdb
Converting SMILES to graph: 119/500
6xy2A_antigen.pdb  7mjsHL_antibody.pdb
Converting SMILES to graph: 120/500
6xy2A_antigen.pdb  7o0sA_antibody.pdb
Converting SMILES to graph: 121/500
6xzfA_antigen.pdb  8cw9JB_antibody.pdb
Converting SMILES to graph: 122/500
6xzfA_antigen.pdb  3stzAB_antibody.pdb
Converting SMILES to graph: 123/500
6xzfA_antigen.pdb  8ee1BC_antibody.pdb
Converting SMILES to graph: 124/500
6xzfA_antigen.pdb  7v3hGH_antibody.pdb
Converting SMILES to graph: 125/500
6xzfA_antigen.pdb  6utaAB_antibody.pdb
Converting SMILES to graph: 126/500
6xzfA_antigen.pdb  4yjzlL_antibody.pdb
Converting SMILES to graph: 127/500
6xzuB_antigen.pdb  1g7iBA_antibody.pdb
Converting SMILES to graph: 128/500
6xzuB_antigen.pdb  7czuHK_antibody.pdb
Converting SMILES to graph: 129/500
6xzuB_antigen.pdb  8afhD_antibody.pdb
Converting SMILES to graph: 130/500
6xzuB_antigen.pdb  1hi6BA_antibody.pdb
Converting SMILES to graph: 131/500
6xzuB_antigen.pdb  8d0aHL_antibody.pdb
Converting SMILES to graph: 132/500
6xzwD_antigen.pdb  6urhHL_antibody.pdb
Converting SMILES to graph: 133/500
6xzwD_antigen.pdb  5i5kXY_antibody.pdb
Converting SMILES to graph: 134/500
6xzwD_antigen.pdb  7n8qHL_antibody.pdb
Converting SMILES to graph: 135/500
6xzwD_antigen.pdb  2otwBA_antibody.pdb
Converting SMILES to graph: 136/500
6xzwD_antigen.pdb  7t0rHL_antibody.pdb
Converting SMILES to graph: 137/500
6xzwD_antigen.pdb  6csyN_antibody.pdb
Converting SMILES to graph: 138/500
6y6cB_antigen.pdb  6cbpAa_antibody.pdb
Converting SMILES to graph: 139/500
6y6cB_antigen.pdb  7n3iHL_antibody.pdb
Converting SMILES to graph: 140/500
6y6cB_antigen.pdb  5a2jHh_antibody.pdb
Converting SMILES to graph: 141/500
6y6cB_antigen.pdb  7k76HL_antibody.pdb
Converting SMILES to graph: 142/500
6y6cB_antigen.pdb  1i8iBA_antibody.pdb
Converting SMILES to graph: 143/500
6y6cB_antigen.pdb  8haoF_antibody.pdb
Converting SMILES to graph: 144/500
6y90B_antigen.pdb  5mjeB_antibody.pdb
Converting SMILES to graph: 145/500
6y90B_antigen.pdb  7y6nHL_antibody.pdb
Converting SMILES to graph: 146/500
6y90B_antigen.pdb  7ukpEF_antibody.pdb
Converting SMILES to graph: 147/500
6y90B_antigen.pdb  4aeiHL_antibody.pdb
Converting SMILES to graph: 148/500
6y90B_antigen.pdb  6bzyHL_antibody.pdb
Converting SMILES to graph: 149/500
6y90B_antigen.pdb  7cyhED_antibody.pdb
Converting SMILES to graph: 150/500
6y92B_antigen.pdb  7r73A_antibody.pdb
Converting SMILES to graph: 151/500
6y92B_antigen.pdb  5j9pAB_antibody.pdb
Converting SMILES to graph: 152/500
6y92B_antigen.pdb  1a14HL_antibody.pdb
Converting SMILES to graph: 153/500
6y92B_antigen.pdb  6ddrBA_antibody.pdb
Converting SMILES to graph: 154/500
6y92B_antigen.pdb  5bo1IM_antibody.pdb
Converting SMILES to graph: 155/500
6y92B_antigen.pdb  5nbdC_antibody.pdb
Converting SMILES to graph: 156/500
6y97AB_antigen.pdb  7yrhFE_antibody.pdb
Converting SMILES to graph: 157/500
6y97AB_antigen.pdb  5e8dHL_antibody.pdb
Converting SMILES to graph: 158/500
6y97AB_antigen.pdb  8ttwCD_antibody.pdb
Converting SMILES to graph: 159/500
6y97AB_antigen.pdb  8ivaCE_antibody.pdb
Converting SMILES to graph: 160/500
6y97AB_antigen.pdb  4ocmF_antibody.pdb
Converting SMILES to graph: 161/500
6y97AB_antigen.pdb  5cilHL_antibody.pdb
Converting SMILES to graph: 162/500
6y9aAB_antigen.pdb  5j56B_antibody.pdb
Converting SMILES to graph: 163/500
6y9aAB_antigen.pdb  5omnC_antibody.pdb
Converting SMILES to graph: 164/500
6y9aAB_antigen.pdb  3o0rHL_antibody.pdb
Converting SMILES to graph: 165/500
6y9aAB_antigen.pdb  8t04CD_antibody.pdb
Converting SMILES to graph: 166/500
6y9aAB_antigen.pdb  6pdsBA_antibody.pdb
Converting SMILES to graph: 167/500
6y9bB_antigen.pdb  4jr9HL_antibody.pdb
Converting SMILES to graph: 168/500
6y9bB_antigen.pdb  7ej4JN_antibody.pdb
Converting SMILES to graph: 169/500
6y9bB_antigen.pdb  6ce0DE_antibody.pdb
Converting SMILES to graph: 170/500
6y9bB_antigen.pdb  3eobHL_antibody.pdb
Converting SMILES to graph: 171/500
6y9bB_antigen.pdb  1ifhHL_antibody.pdb
Converting SMILES to graph: 172/500
6y9bB_antigen.pdb  7t11Ss_antibody.pdb
Converting SMILES to graph: 173/500
6yaxB_antigen.pdb  6u6uHL_antibody.pdb
Converting SMILES to graph: 174/500
6yaxB_antigen.pdb  7u9oHL_antibody.pdb
Converting SMILES to graph: 175/500
6yaxB_antigen.pdb  6i04HL_antibody.pdb
Converting SMILES to graph: 176/500
6yaxB_antigen.pdb  8e8xHL_antibody.pdb
Converting SMILES to graph: 177/500
6yaxB_antigen.pdb  7thoEF_antibody.pdb
Converting SMILES to graph: 178/500
6yaxB_antigen.pdb  4f9pDd_antibody.pdb
Converting SMILES to graph: 179/500
6ye3F_antigen.pdb  8j6dHh_antibody.pdb
Converting SMILES to graph: 180/500
6ye3F_antigen.pdb  8hs3Ss_antibody.pdb
Converting SMILES to graph: 181/500
6ye3F_antigen.pdb  7worDd_antibody.pdb
Converting SMILES to graph: 182/500
6ye3F_antigen.pdb  4rwyHL_antibody.pdb
Converting SMILES to graph: 183/500
6ye3F_antigen.pdb  3r1gHL_antibody.pdb
Converting SMILES to graph: 184/500
6yioB_antigen.pdb  7t3dOQ_antibody.pdb
Converting SMILES to graph: 185/500
6yioB_antigen.pdb  5zudED_antibody.pdb
Converting SMILES to graph: 186/500
6yioB_antigen.pdb  7enfPO_antibody.pdb
Converting SMILES to graph: 187/500
6yioB_antigen.pdb  6id4HL_antibody.pdb
Converting SMILES to graph: 188/500
6yioB_antigen.pdb  6nfcCD_antibody.pdb
Converting SMILES to graph: 189/500
6yioB_antigen.pdb  3t3mEF_antibody.pdb
Converting SMILES to graph: 190/500
6ylaE_antigen.pdb  7jmpHL_antibody.pdb
Converting SMILES to graph: 191/500
6ylaE_antigen.pdb  6b5oHL_antibody.pdb
Converting SMILES to graph: 192/500
6ylaE_antigen.pdb  6r2sBA_antibody.pdb
Converting SMILES to graph: 193/500
6ylaE_antigen.pdb  7uzaHL_antibody.pdb
Converting SMILES to graph: 194/500
6ylaE_antigen.pdb  6opqHL_antibody.pdb
Converting SMILES to graph: 195/500
6ylaE_antigen.pdb  8sb5CD_antibody.pdb
Converting SMILES to graph: 196/500
6ym0E_antigen.pdb  2fjhBA_antibody.pdb
Converting SMILES to graph: 197/500
6ym0E_antigen.pdb  4webHL_antibody.pdb
Converting SMILES to graph: 198/500
6ym0E_antigen.pdb  7l6vD_antibody.pdb
Converting SMILES to graph: 199/500
6ym0E_antigen.pdb  4hjjH_antibody.pdb
Converting SMILES to graph: 200/500
6ym0E_antigen.pdb  3a67HL_antibody.pdb
Converting SMILES to graph: 201/500
6ymqG_antigen.pdb  7r87CD_antibody.pdb
Converting SMILES to graph: 202/500
6ymqG_antigen.pdb  4xmmHL_antibody.pdb
Converting SMILES to graph: 203/500
6ymqG_antigen.pdb  7a3uHL_antibody.pdb
Converting SMILES to graph: 204/500
6ymqG_antigen.pdb  7kf0AB_antibody.pdb
Converting SMILES to graph: 205/500
6ymqG_antigen.pdb  5j3hCD_antibody.pdb
Converting SMILES to graph: 206/500
6ymqG_antigen.pdb  7wicSs_antibody.pdb
Converting SMILES to graph: 207/500
6yo6BA_antigen.pdb  6id4HL_antibody.pdb
Converting SMILES to graph: 208/500
6yo6BA_antigen.pdb  7xmsSs_antibody.pdb
Converting SMILES to graph: 209/500
6yo6BA_antigen.pdb  7udsDE_antibody.pdb
Converting SMILES to graph: 210/500
6yo6BA_antigen.pdb  7cebCD_antibody.pdb
Converting SMILES to graph: 211/500
6yo6BA_antigen.pdb  7tmwN_antibody.pdb
Converting SMILES to graph: 212/500
6yo6BA_antigen.pdb  8f60AB_antibody.pdb
Converting SMILES to graph: 213/500
6yorA_antigen.pdb  7mjjFG_antibody.pdb
Converting SMILES to graph: 214/500
6yorA_antigen.pdb  2kh2Bb_antibody.pdb
Converting SMILES to graph: 215/500
6yorA_antigen.pdb  7eanHL_antibody.pdb
Converting SMILES to graph: 216/500
6yorA_antigen.pdb  3w11CD_antibody.pdb
Converting SMILES to graph: 217/500
6yorA_antigen.pdb  4uaoCB_antibody.pdb
Converting SMILES to graph: 218/500
6yorA_antigen.pdb  2h9gHL_antibody.pdb
Converting SMILES to graph: 219/500
6ysqB_antigen.pdb  8cimDE_antibody.pdb
Converting SMILES to graph: 220/500
6ysqB_antigen.pdb  4hlzIJ_antibody.pdb
Converting SMILES to graph: 221/500
6ysqB_antigen.pdb  7s11KO_antibody.pdb
Converting SMILES to graph: 222/500
6ysqB_antigen.pdb  7lkbBC_antibody.pdb
Converting SMILES to graph: 223/500
6ysqB_antigen.pdb  5ktz7_antibody.pdb
Converting SMILES to graph: 224/500
6ysqB_antigen.pdb  7m2iAB_antibody.pdb
Converting SMILES to graph: 225/500
6yu8A_antigen.pdb  7e9pHL_antibody.pdb
Converting SMILES to graph: 226/500
6yu8A_antigen.pdb  5lhnB_antibody.pdb
Converting SMILES to graph: 227/500
6yu8A_antigen.pdb  8eloHL_antibody.pdb
Converting SMILES to graph: 228/500
6yu8A_antigen.pdb  6mugHL_antibody.pdb
Converting SMILES to graph: 229/500
6yu8A_antigen.pdb  4ye4HL_antibody.pdb
Converting SMILES to graph: 230/500
6yu8A_antigen.pdb  8gs9HK_antibody.pdb
Converting SMILES to graph: 231/500
6ywcC_antigen.pdb  4olyHL_antibody.pdb
Converting SMILES to graph: 232/500
6ywcC_antigen.pdb  7t77HL_antibody.pdb
Converting SMILES to graph: 233/500
6ywcC_antigen.pdb  6e3hHL_antibody.pdb
Converting SMILES to graph: 234/500
6ywcC_antigen.pdb  3stlAB_antibody.pdb
Converting SMILES to graph: 235/500
6ywcC_antigen.pdb  6mhrAB_antibody.pdb
Converting SMILES to graph: 236/500
6ywcC_antigen.pdb  3l5wBA_antibody.pdb
Converting SMILES to graph: 237/500
6ywdC_antigen.pdb  7uzbHL_antibody.pdb
Converting SMILES to graph: 238/500
6ywdC_antigen.pdb  8f9tAB_antibody.pdb
Converting SMILES to graph: 239/500
6ywdC_antigen.pdb  6vyhDC_antibody.pdb
Converting SMILES to graph: 240/500
6ywdC_antigen.pdb  5ojmM_antibody.pdb
Converting SMILES to graph: 241/500
6ywdC_antigen.pdb  4zypNO_antibody.pdb
Converting SMILES to graph: 242/500
6ywdC_antigen.pdb  2q8aHL_antibody.pdb
Converting SMILES to graph: 243/500
6yx9A_antigen.pdb  8a67D_antibody.pdb
Converting SMILES to graph: 244/500
6yx9A_antigen.pdb  1fdlHL_antibody.pdb
Converting SMILES to graph: 245/500
6yx9A_antigen.pdb  8eqfHL_antibody.pdb
Converting SMILES to graph: 246/500
6yx9A_antigen.pdb  3eyfBA_antibody.pdb
Converting SMILES to graph: 247/500
6yx9A_antigen.pdb  8id4Ss_antibody.pdb
Converting SMILES to graph: 248/500
6yx9A_antigen.pdb  3rvxDC_antibody.pdb
Converting SMILES to graph: 249/500
6yxdA_antigen.pdb  2vdkHL_antibody.pdb
Converting SMILES to graph: 250/500
6yxdA_antigen.pdb  3bszNM_antibody.pdb
Converting SMILES to graph: 251/500
6yxdA_antigen.pdb  7pc2GH_antibody.pdb
Converting SMILES to graph: 252/500
6yxdA_antigen.pdb  4nhcHL_antibody.pdb
Converting SMILES to graph: 253/500
6yxdA_antigen.pdb  7umnHL_antibody.pdb
Converting SMILES to graph: 254/500
6yxdA_antigen.pdb  7ejkHh_antibody.pdb
Converting SMILES to graph: 255/500
6yxfA_antigen.pdb  7kgkB_antibody.pdb
Converting SMILES to graph: 256/500
6yxfA_antigen.pdb  6wg1HL_antibody.pdb
Converting SMILES to graph: 257/500
6yxfA_antigen.pdb  7l8pEF_antibody.pdb
Converting SMILES to graph: 258/500
6yxfA_antigen.pdb  7zozHL_antibody.pdb
Converting SMILES to graph: 259/500
6yxfA_antigen.pdb  3p0yHL_antibody.pdb
Converting SMILES to graph: 260/500
6yxgA_antigen.pdb  7p00Hh_antibody.pdb
Converting SMILES to graph: 261/500
6yxgA_antigen.pdb  6txzJN_antibody.pdb
Converting SMILES to graph: 262/500
6yxgA_antigen.pdb  6nhaHL_antibody.pdb
Converting SMILES to graph: 263/500
6yxgA_antigen.pdb  6oy4DC_antibody.pdb
Converting SMILES to graph: 264/500
6yxgA_antigen.pdb  7urcHL_antibody.pdb
Converting SMILES to graph: 265/500
6yxgA_antigen.pdb  7chbHL_antibody.pdb
Converting SMILES to graph: 266/500
6yxkC_antigen.pdb  8u5bHL_antibody.pdb
Converting SMILES to graph: 267/500
6yxkC_antigen.pdb  5m95B_antibody.pdb
Converting SMILES to graph: 268/500
6yxkC_antigen.pdb  8ghrC_antibody.pdb
Converting SMILES to graph: 269/500
6yxkC_antigen.pdb  3v7aEH_antibody.pdb
Converting SMILES to graph: 270/500
6yxkC_antigen.pdb  7li8BC_antibody.pdb
Converting SMILES to graph: 271/500
6yxkC_antigen.pdb  7x2oHL_antibody.pdb
Converting SMILES to graph: 272/500
6yxmB_antigen.pdb  7ll2IJ_antibody.pdb
Converting SMILES to graph: 273/500
6yxmB_antigen.pdb  7ujeEF_antibody.pdb
Converting SMILES to graph: 274/500
6yxmB_antigen.pdb  6wqoBC_antibody.pdb
Converting SMILES to graph: 275/500
6yxmB_antigen.pdb  5w5xHL_antibody.pdb
Converting SMILES to graph: 276/500
6yxmB_antigen.pdb  7qu2AB_antibody.pdb
Converting SMILES to graph: 277/500
6yyeA_antigen.pdb  7bb6B_antibody.pdb
Converting SMILES to graph: 278/500
6yyeA_antigen.pdb  5j75Aa_antibody.pdb
Converting SMILES to graph: 279/500
6yyeA_antigen.pdb  6uvaN_antibody.pdb
Converting SMILES to graph: 280/500
6yyeA_antigen.pdb  3rkdDC_antibody.pdb
Converting SMILES to graph: 281/500
6yyeA_antigen.pdb  6dc9HL_antibody.pdb
Converting SMILES to graph: 282/500
6yyeA_antigen.pdb  7wlzPO_antibody.pdb
Converting SMILES to graph: 283/500
6yz5E_antigen.pdb  5cjqHL_antibody.pdb
Converting SMILES to graph: 284/500
6yz5E_antigen.pdb  4hkxAB_antibody.pdb
Converting SMILES to graph: 285/500
6yz5E_antigen.pdb  8gq1HL_antibody.pdb
Converting SMILES to graph: 286/500
6yz5E_antigen.pdb  7ul2D_antibody.pdb
Converting SMILES to graph: 287/500
6yz5E_antigen.pdb  8ajbE_antibody.pdb
Converting SMILES to graph: 288/500
6yz5E_antigen.pdb  7t17JK_antibody.pdb
Converting SMILES to graph: 289/500
6yz7A_antigen.pdb  5hvgB_antibody.pdb
Converting SMILES to graph: 290/500
6yz7A_antigen.pdb  6gs1H_antibody.pdb
Converting SMILES to graph: 291/500
6yz7A_antigen.pdb  7wuhDF_antibody.pdb
Converting SMILES to graph: 292/500
6yz7A_antigen.pdb  8dw3DC_antibody.pdb
Converting SMILES to graph: 293/500
6yz7A_antigen.pdb  3mxwHL_antibody.pdb
Converting SMILES to graph: 294/500
6z06A_antigen.pdb  8i95Hh_antibody.pdb
Converting SMILES to graph: 295/500
6z06A_antigen.pdb  6n6bKL_antibody.pdb
Converting SMILES to graph: 296/500
6z06A_antigen.pdb  7nfdDC_antibody.pdb
Converting SMILES to graph: 297/500
6z06A_antigen.pdb  7wp6BI_antibody.pdb
Converting SMILES to graph: 298/500
6z06A_antigen.pdb  4yx2HL_antibody.pdb
Converting SMILES to graph: 299/500
6z06A_antigen.pdb  7eo2Ee_antibody.pdb
Converting SMILES to graph: 300/500
6z10A_antigen.pdb  2ny6DC_antibody.pdb
Converting SMILES to graph: 301/500
6z10A_antigen.pdb  8ek1AB_antibody.pdb
Converting SMILES to graph: 302/500
6z10A_antigen.pdb  7sixHL_antibody.pdb
Converting SMILES to graph: 303/500
6z10A_antigen.pdb  7ctuDE_antibody.pdb
Converting SMILES to graph: 304/500
6z10A_antigen.pdb  7l7dHL_antibody.pdb
Converting SMILES to graph: 305/500
6z10A_antigen.pdb  7cz5N_antibody.pdb
Converting SMILES to graph: 306/500
6z1vA_antigen.pdb  7ekkHL_antibody.pdb
Converting SMILES to graph: 307/500
6z1vA_antigen.pdb  6osyHL_antibody.pdb
Converting SMILES to graph: 308/500
6z1vA_antigen.pdb  8gf2CD_antibody.pdb
Converting SMILES to graph: 309/500
6z1vA_antigen.pdb  7xoxEe_antibody.pdb
Converting SMILES to graph: 310/500
6z1vA_antigen.pdb  7beiHL_antibody.pdb
Converting SMILES to graph: 311/500
6z1vA_antigen.pdb  3ux9Bb_antibody.pdb
Converting SMILES to graph: 312/500
6z20C_antigen.pdb  2zckHL_antibody.pdb
Converting SMILES to graph: 313/500
6z20C_antigen.pdb  4xnyHL_antibody.pdb
Converting SMILES to graph: 314/500
6z20C_antigen.pdb  5o4gBA_antibody.pdb
Converting SMILES to graph: 315/500
6z20C_antigen.pdb  7si0IJ_antibody.pdb
Converting SMILES to graph: 316/500
6z20C_antigen.pdb  7m7hEF_antibody.pdb
Converting SMILES to graph: 317/500
6z2lA_antigen.pdb  8ilxC_antibody.pdb
Converting SMILES to graph: 318/500
6z2lA_antigen.pdb  7kpgHL_antibody.pdb
Converting SMILES to graph: 319/500
6z2lA_antigen.pdb  6wx2AB_antibody.pdb
Converting SMILES to graph: 320/500
6z2lA_antigen.pdb  5hvfB_antibody.pdb
Converting SMILES to graph: 321/500
6z2lA_antigen.pdb  8dytHL_antibody.pdb
Converting SMILES to graph: 322/500
6z2lA_antigen.pdb  7uzaHL_antibody.pdb
Converting SMILES to graph: 323/500
6z2mA_antigen.pdb  6vvuJK_antibody.pdb
Converting SMILES to graph: 324/500
6z2mA_antigen.pdb  6rtwB_antibody.pdb
Converting SMILES to graph: 325/500
6z2mA_antigen.pdb  7kqhHL_antibody.pdb
Converting SMILES to graph: 326/500
6z2mA_antigen.pdb  6oyaN_antibody.pdb
Converting SMILES to graph: 327/500
6z2mA_antigen.pdb  7p60H_antibody.pdb
Converting SMILES to graph: 328/500
6z2mA_antigen.pdb  6vn0IK_antibody.pdb
Converting SMILES to graph: 329/500
6z3pCAB_antigen.pdb  6vbqEF_antibody.pdb
Converting SMILES to graph: 330/500
6z3pCAB_antigen.pdb  6x18N_antibody.pdb
Converting SMILES to graph: 331/500
6z3pCAB_antigen.pdb  8awmHL_antibody.pdb
Converting SMILES to graph: 332/500
6z3pCAB_antigen.pdb  7mxpHL_antibody.pdb
Converting SMILES to graph: 333/500
6z3pCAB_antigen.pdb  7nd9HL_antibody.pdb
Converting SMILES to graph: 334/500
6z3pCAB_antigen.pdb  3drqBA_antibody.pdb
Converting SMILES to graph: 335/500
6z3qCAB_antigen.pdb  6x1tHL_antibody.pdb
Converting SMILES to graph: 336/500
6z3qCAB_antigen.pdb  6sc5C_antibody.pdb
Converting SMILES to graph: 337/500
6z3qCAB_antigen.pdb  7ralHL_antibody.pdb
Converting SMILES to graph: 338/500
6z3qCAB_antigen.pdb  6cf2AB_antibody.pdb
Converting SMILES to graph: 339/500
6z3qCAB_antigen.pdb  6plhBA_antibody.pdb
Converting SMILES to graph: 340/500
6z43B_antigen.pdb  1s78FE_antibody.pdb
Converting SMILES to graph: 341/500
6z43B_antigen.pdb  7xswHL_antibody.pdb
Converting SMILES to graph: 342/500
6z43B_antigen.pdb  7euoSs_antibody.pdb
Converting SMILES to graph: 343/500
6z43B_antigen.pdb  8a99RO_antibody.pdb
Converting SMILES to graph: 344/500
6z43B_antigen.pdb  3sobHL_antibody.pdb
Converting SMILES to graph: 345/500
6z43B_antigen.pdb  6i9iHL_antibody.pdb
Converting SMILES to graph: 346/500
6z6vEF_antigen.pdb  4d3cHL_antibody.pdb
Converting SMILES to graph: 347/500
6z6vEF_antigen.pdb  6d9wHL_antibody.pdb
Converting SMILES to graph: 348/500
6z6vEF_antigen.pdb  6o24AB_antibody.pdb
Converting SMILES to graph: 349/500
6z6vEF_antigen.pdb  7wuhDF_antibody.pdb
Converting SMILES to graph: 350/500
6z6vEF_antigen.pdb  5a2iHh_antibody.pdb
Converting SMILES to graph: 351/500
6z6vEF_antigen.pdb  8si9JI_antibody.pdb
Converting SMILES to graph: 352/500
6z7wKL_antigen.pdb  7n9eD_antibody.pdb
Converting SMILES to graph: 353/500
6z7wKL_antigen.pdb  7vvjN_antibody.pdb
Converting SMILES to graph: 354/500
6z7wKL_antigen.pdb  7pgbRS_antibody.pdb
Converting SMILES to graph: 355/500
6z7wKL_antigen.pdb  6v4pCD_antibody.pdb
Converting SMILES to graph: 356/500
6z7wKL_antigen.pdb  4tukHL_antibody.pdb
Converting SMILES to graph: 357/500
6z7wKL_antigen.pdb  7mw2FG_antibody.pdb
Converting SMILES to graph: 358/500
6z7yHG_antigen.pdb  7x8qCB_antibody.pdb
Converting SMILES to graph: 359/500
6z7yHG_antigen.pdb  8dyxHL_antibody.pdb
Converting SMILES to graph: 360/500
6z7yHG_antigen.pdb  8ic0Ee_antibody.pdb
Converting SMILES to graph: 361/500
6z7yHG_antigen.pdb  5bk2CD_antibody.pdb
Converting SMILES to graph: 362/500
6z7yHG_antigen.pdb  8ekaHL_antibody.pdb
Converting SMILES to graph: 363/500
6z7yHG_antigen.pdb  6hjpIJ_antibody.pdb
Converting SMILES to graph: 364/500
6z7zHG_antigen.pdb  7k8zMN_antibody.pdb
Converting SMILES to graph: 365/500
6z7zHG_antigen.pdb  1f3rbB_antibody.pdb
Converting SMILES to graph: 366/500
6z7zHG_antigen.pdb  7wthHL_antibody.pdb
Converting SMILES to graph: 367/500
6z7zHG_antigen.pdb  6bckHL_antibody.pdb
Converting SMILES to graph: 368/500
6z7zHG_antigen.pdb  3r1gHL_antibody.pdb
Converting SMILES to graph: 369/500
6z7zHG_antigen.pdb  7yonSs_antibody.pdb
Converting SMILES to graph: 370/500
6zbpE_antigen.pdb  7yzjHL_antibody.pdb
Converting SMILES to graph: 371/500
6zbpE_antigen.pdb  4yxlHL_antibody.pdb
Converting SMILES to graph: 372/500
6zbpE_antigen.pdb  8dlxH_antibody.pdb
Converting SMILES to graph: 373/500
6zbpE_antigen.pdb  7ye5HL_antibody.pdb
Converting SMILES to graph: 374/500
6zbpE_antigen.pdb  7yv1HL_antibody.pdb
Converting SMILES to graph: 375/500
6zbpE_antigen.pdb  6fy3HL_antibody.pdb
Converting SMILES to graph: 376/500
6zbvA_antigen.pdb  7kgvCE_antibody.pdb
Converting SMILES to graph: 377/500
6zbvA_antigen.pdb  8bpkB_antibody.pdb
Converting SMILES to graph: 378/500
6zbvA_antigen.pdb  8t7hC_antibody.pdb
Converting SMILES to graph: 379/500
6zbvA_antigen.pdb  5cbeCD_antibody.pdb
Converting SMILES to graph: 380/500
6zbvA_antigen.pdb  4ypgHL_antibody.pdb
Converting SMILES to graph: 381/500
6zbvA_antigen.pdb  8eqbA_antibody.pdb
Converting SMILES to graph: 382/500
6zczE_antigen.pdb  5thrTU_antibody.pdb
Converting SMILES to graph: 383/500
6zczE_antigen.pdb  5fv2A_antibody.pdb
Converting SMILES to graph: 384/500
6zczE_antigen.pdb  7jv2HL_antibody.pdb
Converting SMILES to graph: 385/500
6zczE_antigen.pdb  8cwkHL_antibody.pdb
Converting SMILES to graph: 386/500
6zczE_antigen.pdb  7wlcHL_antibody.pdb
Converting SMILES to graph: 387/500
6zczE_antigen.pdb  7u2lEe_antibody.pdb
Converting SMILES to graph: 388/500
6zdgA_antigen.pdb  4m1dIM_antibody.pdb
Converting SMILES to graph: 389/500
6zdgA_antigen.pdb  3rajHL_antibody.pdb
Converting SMILES to graph: 390/500
6zdgA_antigen.pdb  2vxsJN_antibody.pdb
Converting SMILES to graph: 391/500
6zdgA_antigen.pdb  8cy9D_antibody.pdb
Converting SMILES to graph: 392/500
6zdgA_antigen.pdb  7vytBC_antibody.pdb
Converting SMILES to graph: 393/500
6zdhA_antigen.pdb  3p0yHL_antibody.pdb
Converting SMILES to graph: 394/500
6zdhA_antigen.pdb  6cxyHL_antibody.pdb
Converting SMILES to graph: 395/500
6zdhA_antigen.pdb  2hfeAB_antibody.pdb
Converting SMILES to graph: 396/500
6zdhA_antigen.pdb  8ci2F_antibody.pdb
Converting SMILES to graph: 397/500
6zdhA_antigen.pdb  7duqN_antibody.pdb
Converting SMILES to graph: 398/500
6zdhA_antigen.pdb  1v7nKO_antibody.pdb
Converting SMILES to graph: 399/500
6ze1A_antigen.pdb  1s5hBA_antibody.pdb
Converting SMILES to graph: 400/500
6ze1A_antigen.pdb  8ee2C_antibody.pdb
Converting SMILES to graph: 401/500
6ze1A_antigen.pdb  6azmBA_antibody.pdb
Converting SMILES to graph: 402/500
6ze1A_antigen.pdb  3rhwFN_antibody.pdb
Converting SMILES to graph: 403/500
6ze1A_antigen.pdb  2b4cHL_antibody.pdb
Converting SMILES to graph: 404/500
6ze1A_antigen.pdb  3r08HL_antibody.pdb
Converting SMILES to graph: 405/500
6zerE_antigen.pdb  8im1B_antibody.pdb
Converting SMILES to graph: 406/500
6zerE_antigen.pdb  6mttHL_antibody.pdb
Converting SMILES to graph: 407/500
6zerE_antigen.pdb  8cxrE_antibody.pdb
Converting SMILES to graph: 408/500
6zerE_antigen.pdb  7xy4D_antibody.pdb
Converting SMILES to graph: 409/500
6zerE_antigen.pdb  8tb0Ff_antibody.pdb
Converting SMILES to graph: 410/500
6zerE_antigen.pdb  5xjmHL_antibody.pdb
Converting SMILES to graph: 411/500
6zfoA_antigen.pdb  8i0qHL_antibody.pdb
Converting SMILES to graph: 412/500
6zfoA_antigen.pdb  6w0cAB_antibody.pdb
Converting SMILES to graph: 413/500
6zfoA_antigen.pdb  6x7wAC_antibody.pdb
Converting SMILES to graph: 414/500
6zfoA_antigen.pdb  6nm6DE_antibody.pdb
Converting SMILES to graph: 415/500
6zfoA_antigen.pdb  4jpwHL_antibody.pdb
Converting SMILES to graph: 416/500
6zfoA_antigen.pdb  7uapMN_antibody.pdb
Converting SMILES to graph: 417/500
6zg3FD_antigen.pdb  6orpDE_antibody.pdb
Converting SMILES to graph: 418/500
6zg3FD_antigen.pdb  1ncaHL_antibody.pdb
Converting SMILES to graph: 419/500
6zg3FD_antigen.pdb  3c2aHL_antibody.pdb
Converting SMILES to graph: 420/500
6zg3FD_antigen.pdb  3t3mEF_antibody.pdb
Converting SMILES to graph: 421/500
6zg3FD_antigen.pdb  1g9mHL_antibody.pdb
Converting SMILES to graph: 422/500
6zg3FD_antigen.pdb  6y6cCc_antibody.pdb
Converting SMILES to graph: 423/500
6zh9E_antigen.pdb  7dohHL_antibody.pdb
Converting SMILES to graph: 424/500
6zh9E_antigen.pdb  5ikcBA_antibody.pdb
Converting SMILES to graph: 425/500
6zh9E_antigen.pdb  5e1hB_antibody.pdb
Converting SMILES to graph: 426/500
6zh9E_antigen.pdb  8iulEe_antibody.pdb
Converting SMILES to graph: 427/500
6zh9E_antigen.pdb  7rmgN_antibody.pdb
Converting SMILES to graph: 428/500
6zh9E_antigen.pdb  4i9wED_antibody.pdb
Converting SMILES to graph: 429/500
6zhdA_antigen.pdb  7td8EF_antibody.pdb
Converting SMILES to graph: 430/500
6zhdA_antigen.pdb  7sscHL_antibody.pdb
Converting SMILES to graph: 431/500
6zhdA_antigen.pdb  6csyN_antibody.pdb
Converting SMILES to graph: 432/500
6zhdA_antigen.pdb  8ezmHh_antibody.pdb
Converting SMILES to graph: 433/500
6zhdA_antigen.pdb  7n0xHL_antibody.pdb
Converting SMILES to graph: 434/500
6zhdA_antigen.pdb  6vlrDK_antibody.pdb
Converting SMILES to graph: 435/500
6zjgC_antigen.pdb  1rzkHL_antibody.pdb
Converting SMILES to graph: 436/500
6zjgC_antigen.pdb  5hdbEF_antibody.pdb
Converting SMILES to graph: 437/500
6zjgC_antigen.pdb  5nmvHL_antibody.pdb
Converting SMILES to graph: 438/500
6zjgC_antigen.pdb  7bz2N_antibody.pdb
Converting SMILES to graph: 439/500
6zjgC_antigen.pdb  7qtjBC_antibody.pdb
Converting SMILES to graph: 440/500
6zjgC_antigen.pdb  7soaHL_antibody.pdb
Converting SMILES to graph: 441/500
6zlrE_antigen.pdb  7xliB_antibody.pdb
Converting SMILES to graph: 442/500
6zlrE_antigen.pdb  7ki1N_antibody.pdb
Converting SMILES to graph: 443/500
6zlrE_antigen.pdb  5fcuHL_antibody.pdb
Converting SMILES to graph: 444/500
6zlrE_antigen.pdb  8ejiHL_antibody.pdb
Converting SMILES to graph: 445/500
6zlrE_antigen.pdb  4kk6EF_antibody.pdb
Converting SMILES to graph: 446/500
6zplA_antigen.pdb  4ma8HL_antibody.pdb
Converting SMILES to graph: 447/500
6zplA_antigen.pdb  7ttyHL_antibody.pdb
Converting SMILES to graph: 448/500
6zplA_antigen.pdb  7vuzSs_antibody.pdb
Converting SMILES to graph: 449/500
6zplA_antigen.pdb  3k1kC_antibody.pdb
Converting SMILES to graph: 450/500
6zplA_antigen.pdb  5j9pAB_antibody.pdb
Converting SMILES to graph: 451/500
6zplA_antigen.pdb  5jq6HL_antibody.pdb
Converting SMILES to graph: 452/500
6zrvA_antigen.pdb  3mobHL_antibody.pdb
Converting SMILES to graph: 453/500
6zrvA_antigen.pdb  6nbiN_antibody.pdb
Converting SMILES to graph: 454/500
6zrvA_antigen.pdb  6glwCD_antibody.pdb
Converting SMILES to graph: 455/500
6zrvA_antigen.pdb  3o45AB_antibody.pdb
Converting SMILES to graph: 456/500
6zrvA_antigen.pdb  3v52HL_antibody.pdb
Converting SMILES to graph: 457/500
6zrvA_antigen.pdb  4am0CD_antibody.pdb
Converting SMILES to graph: 458/500
6ztrI_antigen.pdb  7zxuA_antibody.pdb
Converting SMILES to graph: 459/500
6ztrI_antigen.pdb  7t6sEe_antibody.pdb
Converting SMILES to graph: 460/500
6ztrI_antigen.pdb  8irrN_antibody.pdb
Converting SMILES to graph: 461/500
6ztrI_antigen.pdb  8iv5HL_antibody.pdb
Converting SMILES to graph: 462/500
6ztrI_antigen.pdb  7uvoAB_antibody.pdb
Converting SMILES to graph: 463/500
6zvfP_antigen.pdb  2r6pDE_antibody.pdb
Converting SMILES to graph: 464/500
6zvfP_antigen.pdb  7kf1DE_antibody.pdb
Converting SMILES to graph: 465/500
6zvfP_antigen.pdb  7x3dHL_antibody.pdb
Converting SMILES to graph: 466/500
6zvfP_antigen.pdb  4tvsb_antibody.pdb
Converting SMILES to graph: 467/500
6zvfP_antigen.pdb  4f9pDd_antibody.pdb
Converting SMILES to graph: 468/500
6zvfP_antigen.pdb  6b0hDC_antibody.pdb
Converting SMILES to graph: 469/500
6zwkL_antigen.pdb  6glwCD_antibody.pdb
Converting SMILES to graph: 470/500
6zwkL_antigen.pdb  5u5mBA_antibody.pdb
Converting SMILES to graph: 471/500
6zwkL_antigen.pdb  7u0xFG_antibody.pdb
Converting SMILES to graph: 472/500
6zwkL_antigen.pdb  7e9oHL_antibody.pdb
Converting SMILES to graph: 473/500
6zwkL_antigen.pdb  7kn4MN_antibody.pdb
Converting SMILES to graph: 474/500
6zwkL_antigen.pdb  7n0sF_antibody.pdb
Converting SMILES to graph: 475/500
6zxnC_antigen.pdb  1ce1HL_antibody.pdb
Converting SMILES to graph: 476/500
6zxnC_antigen.pdb  5zv3HL_antibody.pdb
Converting SMILES to graph: 477/500
6zxnC_antigen.pdb  7v24HL_antibody.pdb
Converting SMILES to graph: 478/500
6zxnC_antigen.pdb  4fqrab_antibody.pdb
Converting SMILES to graph: 479/500
6zxnC_antigen.pdb  7yvgIH_antibody.pdb
Converting SMILES to graph: 480/500
6zxnC_antigen.pdb  7sbdHL_antibody.pdb
Converting SMILES to graph: 481/500
7a0vC_antigen.pdb  8dmjDE_antibody.pdb
Converting SMILES to graph: 482/500
7a0vC_antigen.pdb  8dg8HL_antibody.pdb
Converting SMILES to graph: 483/500
7a0vC_antigen.pdb  7lcnBD_antibody.pdb
Converting SMILES to graph: 484/500
7a0vC_antigen.pdb  6krzHI_antibody.pdb
Converting SMILES to graph: 485/500
7a0vC_antigen.pdb  8k2wN_antibody.pdb
Converting SMILES to graph: 486/500
7a0vC_antigen.pdb  4mhjKJ_antibody.pdb
Converting SMILES to graph: 487/500
7a0wA_antigen.pdb  6u2fHL_antibody.pdb
Converting SMILES to graph: 488/500
7a0wA_antigen.pdb  7olzB_antibody.pdb
Converting SMILES to graph: 489/500
7a0wA_antigen.pdb  7v9mN_antibody.pdb
Converting SMILES to graph: 490/500
7a0wA_antigen.pdb  3o6lHL_antibody.pdb
Converting SMILES to graph: 491/500
7a0wA_antigen.pdb  5yd5Cc_antibody.pdb
Converting SMILES to graph: 492/500
7a0xB_antigen.pdb  6nyqHL_antibody.pdb
Converting SMILES to graph: 493/500
7a0xB_antigen.pdb  5cjqHL_antibody.pdb
Converting SMILES to graph: 494/500
7a0xB_antigen.pdb  6phdHL_antibody.pdb
Converting SMILES to graph: 495/500
7a0xB_antigen.pdb  4wfgGF_antibody.pdb
Converting SMILES to graph: 496/500
7a0xB_antigen.pdb  5igxHL_antibody.pdb
Converting SMILES to graph: 497/500
7a0xB_antigen.pdb  6x9vHL_antibody.pdb
Converting SMILES to graph: 498/500
7a0yB_antigen.pdb  2p47B_antibody.pdb
Converting SMILES to graph: 499/500
7a0yB_antigen.pdb  6wj1JK_antibody.pdb
Converting SMILES to graph: 500/500
7a0yB_antigen.pdb  1jnhDC_antibody.pdb
Graph construction done. Saving to file.
