Converting SMILES to graph: 1/500
2dqiY_antigen.pdb  5dwuHL_antibody.pdb
Converting SMILES to graph: 2/500
2dqiY_antigen.pdb  7e33Ee_antibody.pdb
Converting SMILES to graph: 3/500
2dqiY_antigen.pdb  7wuqN_antibody.pdb
Converting SMILES to graph: 4/500
2dqiY_antigen.pdb  1i9rKM_antibody.pdb
Converting SMILES to graph: 5/500
2dqiY_antigen.pdb  3ux9Bb_antibody.pdb
Converting SMILES to graph: 6/500
2dqiY_antigen.pdb  8euuGH_antibody.pdb
Converting SMILES to graph: 7/500
2dqjY_antigen.pdb  7qiaB_antibody.pdb
Converting SMILES to graph: 8/500
2dqjY_antigen.pdb  7p60H_antibody.pdb
Converting SMILES to graph: 9/500
2dqjY_antigen.pdb  7m6gHL_antibody.pdb
Converting SMILES to graph: 10/500
2dqjY_antigen.pdb  7kqgBC_antibody.pdb
Converting SMILES to graph: 11/500
2dqjY_antigen.pdb  7w9fAB_antibody.pdb
Converting SMILES to graph: 12/500
2dqjY_antigen.pdb  7rdwGI_antibody.pdb
Converting SMILES to graph: 13/500
2dtgE_antigen.pdb  8gooDE_antibody.pdb
Converting SMILES to graph: 14/500
2dtgE_antigen.pdb  7k37JI_antibody.pdb
Converting SMILES to graph: 15/500
2dtgE_antigen.pdb  2xv6D_antibody.pdb
Converting SMILES to graph: 16/500
2dtgE_antigen.pdb  8euuGH_antibody.pdb
Converting SMILES to graph: 17/500
2dtgE_antigen.pdb  7vuzSs_antibody.pdb
Converting SMILES to graph: 18/500
2dtgE_antigen.pdb  7mzfHL_antibody.pdb
Converting SMILES to graph: 19/500
2dwdC_antigen.pdb  7qhaC_antibody.pdb
Converting SMILES to graph: 20/500
2dwdC_antigen.pdb  1j1xHL_antibody.pdb
Converting SMILES to graph: 21/500
2dwdC_antigen.pdb  7syyHL_antibody.pdb
Converting SMILES to graph: 22/500
2dwdC_antigen.pdb  6mpg34_antibody.pdb
Converting SMILES to graph: 23/500
2dwdC_antigen.pdb  6ss4HL_antibody.pdb
Converting SMILES to graph: 24/500
2dwdC_antigen.pdb  7st8HL_antibody.pdb
Converting SMILES to graph: 25/500
2dweC_antigen.pdb  4ywgIM_antibody.pdb
Converting SMILES to graph: 26/500
2dweC_antigen.pdb  7kd0C_antibody.pdb
Converting SMILES to graph: 27/500
2dweC_antigen.pdb  8ic0Ee_antibody.pdb
Converting SMILES to graph: 28/500
2dweC_antigen.pdb  6hhuG_antibody.pdb
Converting SMILES to graph: 29/500
2dweC_antigen.pdb  7jhjDd_antibody.pdb
Converting SMILES to graph: 30/500
2dweC_antigen.pdb  7wtfHL_antibody.pdb
Converting SMILES to graph: 31/500
2eh8P_antigen.pdb  8wsqAB_antibody.pdb
Converting SMILES to graph: 32/500
2eh8P_antigen.pdb  7wrjAB_antibody.pdb
Converting SMILES to graph: 33/500
2eh8P_antigen.pdb  7ttyHL_antibody.pdb
Converting SMILES to graph: 34/500
2eh8P_antigen.pdb  7b2pD_antibody.pdb
Converting SMILES to graph: 35/500
2eh8P_antigen.pdb  7f58N_antibody.pdb
Converting SMILES to graph: 36/500
2eh8P_antigen.pdb  2ap2DC_antibody.pdb
Converting SMILES to graph: 37/500
2eizC_antigen.pdb  6xbmSs_antibody.pdb
Converting SMILES to graph: 38/500
2eizC_antigen.pdb  8dadHL_antibody.pdb
Converting SMILES to graph: 39/500
2eizC_antigen.pdb  4nbxB_antibody.pdb
Converting SMILES to graph: 40/500
2eizC_antigen.pdb  7z7xF_antibody.pdb
Converting SMILES to graph: 41/500
2eizC_antigen.pdb  7yonSs_antibody.pdb
Converting SMILES to graph: 42/500
2eizC_antigen.pdb  6ruvR_antibody.pdb
Converting SMILES to graph: 43/500
2eksC_antigen.pdb  4olzHL_antibody.pdb
Converting SMILES to graph: 44/500
2eksC_antigen.pdb  6w7sHL_antibody.pdb
Converting SMILES to graph: 45/500
2eksC_antigen.pdb  7s6dEG_antibody.pdb
Converting SMILES to graph: 46/500
2eksC_antigen.pdb  8de3BC_antibody.pdb
Converting SMILES to graph: 47/500
2eksC_antigen.pdb  1ncdHL_antibody.pdb
Converting SMILES to graph: 48/500
2eksC_antigen.pdb  6d6tJI_antibody.pdb
Converting SMILES to graph: 49/500
2exwA_antigen.pdb  5f8qC_antibody.pdb
Converting SMILES to graph: 50/500
2exwA_antigen.pdb  5ob5HL_antibody.pdb
Converting SMILES to graph: 51/500
2exwA_antigen.pdb  4kkbEF_antibody.pdb
Converting SMILES to graph: 52/500
2exwA_antigen.pdb  2dqhHL_antibody.pdb
Converting SMILES to graph: 53/500
2exwA_antigen.pdb  5tq2HL_antibody.pdb
Converting SMILES to graph: 54/500
2exwA_antigen.pdb  7wn2HL_antibody.pdb
Converting SMILES to graph: 55/500
2exyB_antigen.pdb  3ze2EF_antibody.pdb
Converting SMILES to graph: 56/500
2exyB_antigen.pdb  7syyHL_antibody.pdb
Converting SMILES to graph: 57/500
2exyB_antigen.pdb  6hjpIJ_antibody.pdb
Converting SMILES to graph: 58/500
2exyB_antigen.pdb  4bh8BA_antibody.pdb
Converting SMILES to graph: 59/500
2exyB_antigen.pdb  7wu2N_antibody.pdb
Converting SMILES to graph: 60/500
2exyB_antigen.pdb  5zxvCD_antibody.pdb
Converting SMILES to graph: 61/500
2ez0B_antigen.pdb  8b19B_antibody.pdb
Converting SMILES to graph: 62/500
2ez0B_antigen.pdb  7mdtHL_antibody.pdb
Converting SMILES to graph: 63/500
2ez0B_antigen.pdb  7rbvHL_antibody.pdb
Converting SMILES to graph: 64/500
2ez0B_antigen.pdb  6y9aHL_antibody.pdb
Converting SMILES to graph: 65/500
2ez0B_antigen.pdb  6pi7CB_antibody.pdb
Converting SMILES to graph: 66/500
2ez0B_antigen.pdb  7e39CB_antibody.pdb
Converting SMILES to graph: 67/500
2f58P_antigen.pdb  7n0aBA_antibody.pdb
Converting SMILES to graph: 68/500
2f58P_antigen.pdb  7kgjB_antibody.pdb
Converting SMILES to graph: 69/500
2f58P_antigen.pdb  1ktrHL_antibody.pdb
Converting SMILES to graph: 70/500
2f58P_antigen.pdb  5dyoHL_antibody.pdb
Converting SMILES to graph: 71/500
2f58P_antigen.pdb  6bzuGH_antibody.pdb
Converting SMILES to graph: 72/500
2f58P_antigen.pdb  2feeJO_antibody.pdb
Converting SMILES to graph: 73/500
2f5bP_antigen.pdb  7t01HL_antibody.pdb
Converting SMILES to graph: 74/500
2f5bP_antigen.pdb  7td8EF_antibody.pdb
Converting SMILES to graph: 75/500
2f5bP_antigen.pdb  7u09HL_antibody.pdb
Converting SMILES to graph: 76/500
2f5bP_antigen.pdb  6jhsED_antibody.pdb
Converting SMILES to graph: 77/500
2f5bP_antigen.pdb  7cebCD_antibody.pdb
Converting SMILES to graph: 78/500
2f5bP_antigen.pdb  6dbgC_antibody.pdb
Converting SMILES to graph: 79/500
2fd6U_antigen.pdb  3ixyIJ_antibody.pdb
Converting SMILES to graph: 80/500
2fd6U_antigen.pdb  4kmlB_antibody.pdb
Converting SMILES to graph: 81/500
2fd6U_antigen.pdb  7yrhFE_antibody.pdb
Converting SMILES to graph: 82/500
2fd6U_antigen.pdb  8hc4DE_antibody.pdb
Converting SMILES to graph: 83/500
2fd6U_antigen.pdb  3p30HL_antibody.pdb
Converting SMILES to graph: 84/500
2fd6U_antigen.pdb  7wy8D_antibody.pdb
Converting SMILES to graph: 85/500
2fecB_antigen.pdb  6s5aHL_antibody.pdb
Converting SMILES to graph: 86/500
2fecB_antigen.pdb  7ly0HL_antibody.pdb
Converting SMILES to graph: 87/500
2fecB_antigen.pdb  7vuxHL_antibody.pdb
Converting SMILES to graph: 88/500
2fecB_antigen.pdb  4w2qG_antibody.pdb
Converting SMILES to graph: 89/500
2fecB_antigen.pdb  6z3qHL_antibody.pdb
Converting SMILES to graph: 90/500
2fecB_antigen.pdb  7ph7C_antibody.pdb
Converting SMILES to graph: 91/500
2fedA_antigen.pdb  8h08DJ_antibody.pdb
Converting SMILES to graph: 92/500
2fedA_antigen.pdb  2p49B_antibody.pdb
Converting SMILES to graph: 93/500
2fedA_antigen.pdb  6udkMN_antibody.pdb
Converting SMILES to graph: 94/500
2fedA_antigen.pdb  7sshB_antibody.pdb
Converting SMILES to graph: 95/500
2fedA_antigen.pdb  7ru5HL_antibody.pdb
Converting SMILES to graph: 96/500
2fedA_antigen.pdb  6pdxMN_antibody.pdb
Converting SMILES to graph: 97/500
2feeA_antigen.pdb  7ox2AL_antibody.pdb
Converting SMILES to graph: 98/500
2feeA_antigen.pdb  6o3jHL_antibody.pdb
Converting SMILES to graph: 99/500
2feeA_antigen.pdb  4o02HL_antibody.pdb
Converting SMILES to graph: 100/500
2feeA_antigen.pdb  6ssiH_antibody.pdb
Converting SMILES to graph: 101/500
2feeA_antigen.pdb  5ggvHL_antibody.pdb
Converting SMILES to graph: 102/500
2feeA_antigen.pdb  7llyN_antibody.pdb
Converting SMILES to graph: 103/500
2fjgW_antigen.pdb  7m6gHL_antibody.pdb
Converting SMILES to graph: 104/500
2fjgW_antigen.pdb  1nccHL_antibody.pdb
Converting SMILES to graph: 105/500
2fjgW_antigen.pdb  7yvnLK_antibody.pdb
Converting SMILES to graph: 106/500
2fjgW_antigen.pdb  7z0yHL_antibody.pdb
Converting SMILES to graph: 107/500
2fjgW_antigen.pdb  4kmlB_antibody.pdb
Converting SMILES to graph: 108/500
2fjgW_antigen.pdb  6n4bSs_antibody.pdb
Converting SMILES to graph: 109/500
2fjhW_antigen.pdb  6h7lD_antibody.pdb
Converting SMILES to graph: 110/500
2fjhW_antigen.pdb  5kaqFG_antibody.pdb
Converting SMILES to graph: 111/500
2fjhW_antigen.pdb  2qqkHL_antibody.pdb
Converting SMILES to graph: 112/500
2fjhW_antigen.pdb  2oslHL_antibody.pdb
Converting SMILES to graph: 113/500
2fjhW_antigen.pdb  5tzuHL_antibody.pdb
Converting SMILES to graph: 114/500
2fx7P_antigen.pdb  8g5hJK_antibody.pdb
Converting SMILES to graph: 115/500
2fx7P_antigen.pdb  5cbaAB_antibody.pdb
Converting SMILES to graph: 116/500
2fx7P_antigen.pdb  4nc1D_antibody.pdb
Converting SMILES to graph: 117/500
2fx7P_antigen.pdb  7nk4F_antibody.pdb
Converting SMILES to graph: 118/500
2fx7P_antigen.pdb  6vugDC_antibody.pdb
Converting SMILES to graph: 119/500
2fx7P_antigen.pdb  4q0xHL_antibody.pdb
Converting SMILES to graph: 120/500
2fx8R_antigen.pdb  4nc0B_antibody.pdb
Converting SMILES to graph: 121/500
2fx8R_antigen.pdb  6dcwHL_antibody.pdb
Converting SMILES to graph: 122/500
2fx8R_antigen.pdb  6c6yAB_antibody.pdb
Converting SMILES to graph: 123/500
2fx8R_antigen.pdb  6pwuHL_antibody.pdb
Converting SMILES to graph: 124/500
2fx8R_antigen.pdb  7p6kG_antibody.pdb
Converting SMILES to graph: 125/500
2fx8R_antigen.pdb  6lpbN_antibody.pdb
Converting SMILES to graph: 126/500
2fx9P_antigen.pdb  6hukG_antibody.pdb
Converting SMILES to graph: 127/500
2fx9P_antigen.pdb  6dc9HL_antibody.pdb
Converting SMILES to graph: 128/500
2fx9P_antigen.pdb  8hqnHh_antibody.pdb
Converting SMILES to graph: 129/500
2fx9P_antigen.pdb  6ii4HL_antibody.pdb
Converting SMILES to graph: 130/500
2fx9P_antigen.pdb  7pi3TU_antibody.pdb
Converting SMILES to graph: 131/500
2fx9P_antigen.pdb  7k76HL_antibody.pdb
Converting SMILES to graph: 132/500
2g5bJ_antigen.pdb  6vpxPQ_antibody.pdb
Converting SMILES to graph: 133/500
2g5bJ_antigen.pdb  7d0bHL_antibody.pdb
Converting SMILES to graph: 134/500
2g5bJ_antigen.pdb  4orzC_antibody.pdb
Converting SMILES to graph: 135/500
2g5bJ_antigen.pdb  6adbCD_antibody.pdb
Converting SMILES to graph: 136/500
2g5bJ_antigen.pdb  1zv5A_antibody.pdb
Converting SMILES to graph: 137/500
2g5bJ_antigen.pdb  8a94RO_antibody.pdb
Converting SMILES to graph: 138/500
2ghwA_antigen.pdb  6eqcFf_antibody.pdb
Converting SMILES to graph: 139/500
2ghwA_antigen.pdb  5xezHL_antibody.pdb
Converting SMILES to graph: 140/500
2ghwA_antigen.pdb  8jsoSs_antibody.pdb
Converting SMILES to graph: 141/500
2ghwA_antigen.pdb  5j1tC_antibody.pdb
Converting SMILES to graph: 142/500
2ghwA_antigen.pdb  8dn6CD_antibody.pdb
Converting SMILES to graph: 143/500
2ghwA_antigen.pdb  8hbdHh_antibody.pdb
Converting SMILES to graph: 144/500
2gsiW_antigen.pdb  3gi9HL_antibody.pdb
Converting SMILES to graph: 145/500
2gsiW_antigen.pdb  8eviMm_antibody.pdb
Converting SMILES to graph: 146/500
2gsiW_antigen.pdb  3idxHL_antibody.pdb
Converting SMILES to graph: 147/500
2gsiW_antigen.pdb  4ydjAB_antibody.pdb
Converting SMILES to graph: 148/500
2gsiW_antigen.pdb  6oyhG_antibody.pdb
Converting SMILES to graph: 149/500
2gsiW_antigen.pdb  6wnoEF_antibody.pdb
Converting SMILES to graph: 150/500
2h1pP_antigen.pdb  7s6kFG_antibody.pdb
Converting SMILES to graph: 151/500
2h1pP_antigen.pdb  7fimN_antibody.pdb
Converting SMILES to graph: 152/500
2h1pP_antigen.pdb  8dlxH_antibody.pdb
Converting SMILES to graph: 153/500
2h1pP_antigen.pdb  7v35N_antibody.pdb
Converting SMILES to graph: 154/500
2h1pP_antigen.pdb  5o4oBA_antibody.pdb
Converting SMILES to graph: 155/500
2h1pP_antigen.pdb  6cezHL_antibody.pdb
Converting SMILES to graph: 156/500
2h2pB_antigen.pdb  7yv1HL_antibody.pdb
Converting SMILES to graph: 157/500
2h2pB_antigen.pdb  5nj3CD_antibody.pdb
Converting SMILES to graph: 158/500
2h2pB_antigen.pdb  3uzqAa_antibody.pdb
Converting SMILES to graph: 159/500
2h2pB_antigen.pdb  8dt3HL_antibody.pdb
Converting SMILES to graph: 160/500
2h2pB_antigen.pdb  6f2wB_antibody.pdb
Converting SMILES to graph: 161/500
2h2pB_antigen.pdb  6oyaN_antibody.pdb
Converting SMILES to graph: 162/500
2h2sB_antigen.pdb  6lxjMN_antibody.pdb
Converting SMILES to graph: 163/500
2h2sB_antigen.pdb  7e7xHL_antibody.pdb
Converting SMILES to graph: 164/500
2h2sB_antigen.pdb  6lbhCD_antibody.pdb
Converting SMILES to graph: 165/500
2h2sB_antigen.pdb  4weuE_antibody.pdb
Converting SMILES to graph: 166/500
2h2sB_antigen.pdb  6lraHL_antibody.pdb
Converting SMILES to graph: 167/500
2h2sB_antigen.pdb  6bb4IM_antibody.pdb
Converting SMILES to graph: 168/500
2h32B_antigen.pdb  6x19N_antibody.pdb
Converting SMILES to graph: 169/500
2h32B_antigen.pdb  7k8uHL_antibody.pdb
Converting SMILES to graph: 170/500
2h32B_antigen.pdb  8h08DJ_antibody.pdb
Converting SMILES to graph: 171/500
2h32B_antigen.pdb  7ursHL_antibody.pdb
Converting SMILES to graph: 172/500
2h32B_antigen.pdb  7t9tCD_antibody.pdb
Converting SMILES to graph: 173/500
2h32B_antigen.pdb  1k4dAB_antibody.pdb
Converting SMILES to graph: 174/500
2h8pC_antigen.pdb  7bemHL_antibody.pdb
Converting SMILES to graph: 175/500
2h8pC_antigen.pdb  7ebrEF_antibody.pdb
Converting SMILES to graph: 176/500
2h8pC_antigen.pdb  6k41Hh_antibody.pdb
Converting SMILES to graph: 177/500
2h8pC_antigen.pdb  8en5E_antibody.pdb
Converting SMILES to graph: 178/500
2h8pC_antigen.pdb  8h91C_antibody.pdb
Converting SMILES to graph: 179/500
2h8pC_antigen.pdb  8pnlB_antibody.pdb
Converting SMILES to graph: 180/500
2h9gS_antigen.pdb  7stgB_antibody.pdb
Converting SMILES to graph: 181/500
2h9gS_antigen.pdb  5myxBA_antibody.pdb
Converting SMILES to graph: 182/500
2h9gS_antigen.pdb  5dmiHL_antibody.pdb
Converting SMILES to graph: 183/500
2h9gS_antigen.pdb  1e4wHL_antibody.pdb
Converting SMILES to graph: 184/500
2h9gS_antigen.pdb  8hnlSs_antibody.pdb
Converting SMILES to graph: 185/500
2h9gS_antigen.pdb  7nbbD_antibody.pdb
Converting SMILES to graph: 186/500
2hfeC_antigen.pdb  8tp4HL_antibody.pdb
Converting SMILES to graph: 187/500
2hfeC_antigen.pdb  1tqbBC_antibody.pdb
Converting SMILES to graph: 188/500
2hfeC_antigen.pdb  7zjlji_antibody.pdb
Converting SMILES to graph: 189/500
2hfeC_antigen.pdb  6z3pHL_antibody.pdb
Converting SMILES to graph: 190/500
2hfeC_antigen.pdb  7kbbAB_antibody.pdb
Converting SMILES to graph: 191/500
2hfeC_antigen.pdb  6x3xJI_antibody.pdb
Converting SMILES to graph: 192/500
2hfgR_antigen.pdb  7chcHL_antibody.pdb
Converting SMILES to graph: 193/500
2hfgR_antigen.pdb  2xwtAB_antibody.pdb
Converting SMILES to graph: 194/500
2hfgR_antigen.pdb  4pd4JK_antibody.pdb
Converting SMILES to graph: 195/500
2hfgR_antigen.pdb  5tlkFE_antibody.pdb
Converting SMILES to graph: 196/500
2hfgR_antigen.pdb  5w3eEG_antibody.pdb
Converting SMILES to graph: 197/500
2hfgR_antigen.pdb  7qtjBC_antibody.pdb
Converting SMILES to graph: 198/500
2hg5C_antigen.pdb  1nsnHL_antibody.pdb
Converting SMILES to graph: 199/500
2hg5C_antigen.pdb  7x4kHL_antibody.pdb
Converting SMILES to graph: 200/500
2hg5C_antigen.pdb  3idjBA_antibody.pdb
Converting SMILES to graph: 201/500
2hg5C_antigen.pdb  7kd2C_antibody.pdb
Converting SMILES to graph: 202/500
2hg5C_antigen.pdb  7ty0JN_antibody.pdb
Converting SMILES to graph: 203/500
2hg5C_antigen.pdb  5ukbe_antibody.pdb
Converting SMILES to graph: 204/500
2hh0P_antigen.pdb  5f3bEF_antibody.pdb
Converting SMILES to graph: 205/500
2hh0P_antigen.pdb  7t72HL_antibody.pdb
Converting SMILES to graph: 206/500
2hh0P_antigen.pdb  6i8gB_antibody.pdb
Converting SMILES to graph: 207/500
2hh0P_antigen.pdb  2dqfBA_antibody.pdb
Converting SMILES to graph: 208/500
2hh0P_antigen.pdb  5wdfAB_antibody.pdb
Converting SMILES to graph: 209/500
2hh0P_antigen.pdb  8gngHL_antibody.pdb
Converting SMILES to graph: 210/500
2hjfC_antigen.pdb  6snhHL_antibody.pdb
Converting SMILES to graph: 211/500
2hjfC_antigen.pdb  7ek0HL_antibody.pdb
Converting SMILES to graph: 212/500
2hjfC_antigen.pdb  7p5vG_antibody.pdb
Converting SMILES to graph: 213/500
2hjfC_antigen.pdb  8hptHh_antibody.pdb
Converting SMILES to graph: 214/500
2hjfC_antigen.pdb  8slbHL_antibody.pdb
Converting SMILES to graph: 215/500
2hjfC_antigen.pdb  8fg0CD_antibody.pdb
Converting SMILES to graph: 216/500
2hkfP_antigen.pdb  7weaHL_antibody.pdb
Converting SMILES to graph: 217/500
2hkfP_antigen.pdb  5d70HL_antibody.pdb
Converting SMILES to graph: 218/500
2hkfP_antigen.pdb  6appA_antibody.pdb
Converting SMILES to graph: 219/500
2hkfP_antigen.pdb  7ndfC_antibody.pdb
Converting SMILES to graph: 220/500
2hkfP_antigen.pdb  4jreHL_antibody.pdb
Converting SMILES to graph: 221/500
2hkfP_antigen.pdb  7xscAB_antibody.pdb
Converting SMILES to graph: 222/500
2hlfB_antigen.pdb  6b3sCD_antibody.pdb
Converting SMILES to graph: 223/500
2hlfB_antigen.pdb  6xblSs_antibody.pdb
Converting SMILES to graph: 224/500
2hlfB_antigen.pdb  4bklAB_antibody.pdb
Converting SMILES to graph: 225/500
2hlfB_antigen.pdb  7mjsHL_antibody.pdb
Converting SMILES to graph: 226/500
2hlfB_antigen.pdb  1ncdHL_antibody.pdb
Converting SMILES to graph: 227/500
2hlfB_antigen.pdb  8gpiAC_antibody.pdb
Converting SMILES to graph: 228/500
2hmiB_antigen.pdb  8d0aHL_antibody.pdb
Converting SMILES to graph: 229/500
2hmiB_antigen.pdb  7txzEF_antibody.pdb
Converting SMILES to graph: 230/500
2hmiB_antigen.pdb  7v5kED_antibody.pdb
Converting SMILES to graph: 231/500
2hmiB_antigen.pdb  6whkCB_antibody.pdb
Converting SMILES to graph: 232/500
2hmiB_antigen.pdb  5ocxHL_antibody.pdb
Converting SMILES to graph: 233/500
2hmiB_antigen.pdb  3thmHL_antibody.pdb
Converting SMILES to graph: 234/500
2hrpP_antigen.pdb  4wffED_antibody.pdb
Converting SMILES to graph: 235/500
2hrpP_antigen.pdb  6njmLK_antibody.pdb
Converting SMILES to graph: 236/500
2hrpP_antigen.pdb  7t8xEe_antibody.pdb
Converting SMILES to graph: 237/500
2hrpP_antigen.pdb  4d3cHL_antibody.pdb
Converting SMILES to graph: 238/500
2hrpP_antigen.pdb  6dbgC_antibody.pdb
Converting SMILES to graph: 239/500
2hrpP_antigen.pdb  6krzHI_antibody.pdb
Converting SMILES to graph: 240/500
2ht2A_antigen.pdb  8fxbHL_antibody.pdb
Converting SMILES to graph: 241/500
2ht2A_antigen.pdb  6vcaEF_antibody.pdb
Converting SMILES to graph: 242/500
2ht2A_antigen.pdb  7cwuNG_antibody.pdb
Converting SMILES to graph: 243/500
2ht2A_antigen.pdb  6xlzHL_antibody.pdb
Converting SMILES to graph: 244/500
2ht2A_antigen.pdb  4zxbCD_antibody.pdb
Converting SMILES to graph: 245/500
2ht2A_antigen.pdb  2ht3CD_antibody.pdb
Converting SMILES to graph: 246/500
2ht3A_antigen.pdb  7ws3IH_antibody.pdb
Converting SMILES to graph: 247/500
2ht3A_antigen.pdb  3sdyHL_antibody.pdb
Converting SMILES to graph: 248/500
2ht3A_antigen.pdb  5ivnA_antibody.pdb
Converting SMILES to graph: 249/500
2ht3A_antigen.pdb  5um8DE_antibody.pdb
Converting SMILES to graph: 250/500
2ht3A_antigen.pdb  6yxmHL_antibody.pdb
Converting SMILES to graph: 251/500
2ht3A_antigen.pdb  8i9aHh_antibody.pdb
Converting SMILES to graph: 252/500
2ht4B_antigen.pdb  5vj6QR_antibody.pdb
Converting SMILES to graph: 253/500
2ht4B_antigen.pdb  6h0eCD_antibody.pdb
Converting SMILES to graph: 254/500
2ht4B_antigen.pdb  6t3fHL_antibody.pdb
Converting SMILES to graph: 255/500
2ht4B_antigen.pdb  2nz9FE_antibody.pdb
Converting SMILES to graph: 256/500
2ht4B_antigen.pdb  8j6rSs_antibody.pdb
Converting SMILES to graph: 257/500
2ht4B_antigen.pdb  7np1IM_antibody.pdb
Converting SMILES to graph: 258/500
2htkA_antigen.pdb  8jipN_antibody.pdb
Converting SMILES to graph: 259/500
2htkA_antigen.pdb  7nx7HL_antibody.pdb
Converting SMILES to graph: 260/500
2htkA_antigen.pdb  7ew2Ss_antibody.pdb
Converting SMILES to graph: 261/500
2htkA_antigen.pdb  1nmcHL_antibody.pdb
Converting SMILES to graph: 262/500
2htkA_antigen.pdb  7rnjHL_antibody.pdb
Converting SMILES to graph: 263/500
2htkA_antigen.pdb  3a6cHL_antibody.pdb
Converting SMILES to graph: 264/500
2htlA_antigen.pdb  2p45B_antibody.pdb
Converting SMILES to graph: 265/500
2htlA_antigen.pdb  6x9vHL_antibody.pdb
Converting SMILES to graph: 266/500
2htlA_antigen.pdb  7ey0AB_antibody.pdb
Converting SMILES to graph: 267/500
2htlA_antigen.pdb  5dyoHL_antibody.pdb
Converting SMILES to graph: 268/500
2htlA_antigen.pdb  6csfHL_antibody.pdb
Converting SMILES to graph: 269/500
2htlA_antigen.pdb  8ahlE_antibody.pdb
Converting SMILES to graph: 270/500
2hvjC_antigen.pdb  5uemHL_antibody.pdb
Converting SMILES to graph: 271/500
2hvjC_antigen.pdb  6d11CD_antibody.pdb
Converting SMILES to graph: 272/500
2hvjC_antigen.pdb  3f7vAB_antibody.pdb
Converting SMILES to graph: 273/500
2hvjC_antigen.pdb  6xswAB_antibody.pdb
Converting SMILES to graph: 274/500
2hvjC_antigen.pdb  4ztoHL_antibody.pdb
Converting SMILES to graph: 275/500
2hvjC_antigen.pdb  6xoxEe_antibody.pdb
Converting SMILES to graph: 276/500
2hvkC_antigen.pdb  7t2hEe_antibody.pdb
Converting SMILES to graph: 277/500
2hvkC_antigen.pdb  7w0nSs_antibody.pdb
Converting SMILES to graph: 278/500
2hvkC_antigen.pdb  1melA_antibody.pdb
Converting SMILES to graph: 279/500
2hvkC_antigen.pdb  5gjsHL_antibody.pdb
Converting SMILES to graph: 280/500
2hvkC_antigen.pdb  2brrHL_antibody.pdb
Converting SMILES to graph: 281/500
2hvkC_antigen.pdb  6bgtBA_antibody.pdb
Converting SMILES to graph: 282/500
2i5yP_antigen.pdb  6wikDC_antibody.pdb
Converting SMILES to graph: 283/500
2i5yP_antigen.pdb  7rd9HL_antibody.pdb
Converting SMILES to graph: 284/500
2i5yP_antigen.pdb  8f6xDd_antibody.pdb
Converting SMILES to graph: 285/500
2i5yP_antigen.pdb  7vgsDC_antibody.pdb
Converting SMILES to graph: 286/500
2i5yP_antigen.pdb  4jzjHL_antibody.pdb
Converting SMILES to graph: 287/500
2i5yP_antigen.pdb  4pouB_antibody.pdb
Converting SMILES to graph: 288/500
2i60G_antigen.pdb  7kzzDC_antibody.pdb
Converting SMILES to graph: 289/500
2i60G_antigen.pdb  4xgzCD_antibody.pdb
Converting SMILES to graph: 290/500
2i60G_antigen.pdb  3l5wBA_antibody.pdb
Converting SMILES to graph: 291/500
2i60G_antigen.pdb  6ym0HL_antibody.pdb
Converting SMILES to graph: 292/500
2i60G_antigen.pdb  7q0gHL_antibody.pdb
Converting SMILES to graph: 293/500
2i9lK_antigen.pdb  5um8DE_antibody.pdb
Converting SMILES to graph: 294/500
2i9lK_antigen.pdb  5czvHL_antibody.pdb
Converting SMILES to graph: 295/500
2i9lK_antigen.pdb  6ujcEF_antibody.pdb
Converting SMILES to graph: 296/500
2i9lK_antigen.pdb  7ym8D_antibody.pdb
Converting SMILES to graph: 297/500
2i9lK_antigen.pdb  7qu1AB_antibody.pdb
Converting SMILES to graph: 298/500
2i9lK_antigen.pdb  4m1dIM_antibody.pdb
Converting SMILES to graph: 299/500
2ibzE_antigen.pdb  7strHL_antibody.pdb
Converting SMILES to graph: 300/500
2ibzE_antigen.pdb  8i9aHh_antibody.pdb
Converting SMILES to graph: 301/500
2ibzE_antigen.pdb  7rajHL_antibody.pdb
Converting SMILES to graph: 302/500
2ibzE_antigen.pdb  7l0lGJ_antibody.pdb
Converting SMILES to graph: 303/500
2ibzE_antigen.pdb  7dk6ab_antibody.pdb
Converting SMILES to graph: 304/500
2ibzE_antigen.pdb  5dhyHL_antibody.pdb
Converting SMILES to graph: 305/500
2iffY_antigen.pdb  5b8cBA_antibody.pdb
Converting SMILES to graph: 306/500
2iffY_antigen.pdb  7ur6HL_antibody.pdb
Converting SMILES to graph: 307/500
2iffY_antigen.pdb  8gq5a_antibody.pdb
Converting SMILES to graph: 308/500
2iffY_antigen.pdb  4q6iHL_antibody.pdb
Converting SMILES to graph: 309/500
2iffY_antigen.pdb  5yd4Aa_antibody.pdb
Converting SMILES to graph: 310/500
2iffY_antigen.pdb  6vepOP_antibody.pdb
Converting SMILES to graph: 311/500
2igfP_antigen.pdb  6txzJN_antibody.pdb
Converting SMILES to graph: 312/500
2igfP_antigen.pdb  8ezkHh_antibody.pdb
Converting SMILES to graph: 313/500
2igfP_antigen.pdb  6lynAB_antibody.pdb
Converting SMILES to graph: 314/500
2igfP_antigen.pdb  6rtyB_antibody.pdb
Converting SMILES to graph: 315/500
2igfP_antigen.pdb  7lfbHL_antibody.pdb
Converting SMILES to graph: 316/500
2igfP_antigen.pdb  3ubxHL_antibody.pdb
Converting SMILES to graph: 317/500
2ih1C_antigen.pdb  6ppgHL_antibody.pdb
Converting SMILES to graph: 318/500
2ih1C_antigen.pdb  7u9gGD_antibody.pdb
Converting SMILES to graph: 319/500
2ih1C_antigen.pdb  4zpvHL_antibody.pdb
Converting SMILES to graph: 320/500
2ih1C_antigen.pdb  7evyEe_antibody.pdb
Converting SMILES to graph: 321/500
2ih1C_antigen.pdb  1r3iHL_antibody.pdb
Converting SMILES to graph: 322/500
2ih1C_antigen.pdb  6ehgC_antibody.pdb
Converting SMILES to graph: 323/500
2ih3C_antigen.pdb  6xc2XY_antibody.pdb
Converting SMILES to graph: 324/500
2ih3C_antigen.pdb  7um5Ee_antibody.pdb
Converting SMILES to graph: 325/500
2ih3C_antigen.pdb  7qncG_antibody.pdb
Converting SMILES to graph: 326/500
2ih3C_antigen.pdb  7rewAB_antibody.pdb
Converting SMILES to graph: 327/500
2ih3C_antigen.pdb  7t0zHL_antibody.pdb
Converting SMILES to graph: 328/500
2ih3C_antigen.pdb  7vuxHL_antibody.pdb
Converting SMILES to graph: 329/500
2ipuP_antigen.pdb  6x3wJI_antibody.pdb
Converting SMILES to graph: 330/500
2ipuP_antigen.pdb  7chsHL_antibody.pdb
Converting SMILES to graph: 331/500
2ipuP_antigen.pdb  7mw4FG_antibody.pdb
Converting SMILES to graph: 332/500
2ipuP_antigen.pdb  7qtkBC_antibody.pdb
Converting SMILES to graph: 333/500
2ipuP_antigen.pdb  1pkqBA_antibody.pdb
Converting SMILES to graph: 334/500
2itcC_antigen.pdb  7chbHL_antibody.pdb
Converting SMILES to graph: 335/500
2itcC_antigen.pdb  7jwbD_antibody.pdb
Converting SMILES to graph: 336/500
2itcC_antigen.pdb  8evgMm_antibody.pdb
Converting SMILES to graph: 337/500
2itcC_antigen.pdb  4fp8IM_antibody.pdb
Converting SMILES to graph: 338/500
2itcC_antigen.pdb  6jfhKI_antibody.pdb
Converting SMILES to graph: 339/500
2itcC_antigen.pdb  7y0wAB_antibody.pdb
Converting SMILES to graph: 340/500
2itdC_antigen.pdb  6ktrAB_antibody.pdb
Converting SMILES to graph: 341/500
2itdC_antigen.pdb  7ykdSs_antibody.pdb
Converting SMILES to graph: 342/500
2itdC_antigen.pdb  4xp4HL_antibody.pdb
Converting SMILES to graph: 343/500
2itdC_antigen.pdb  7mjjFG_antibody.pdb
Converting SMILES to graph: 344/500
2itdC_antigen.pdb  7r73A_antibody.pdb
Converting SMILES to graph: 345/500
2itdC_antigen.pdb  7wtfHL_antibody.pdb
Converting SMILES to graph: 346/500
2j4wD_antigen.pdb  8spuNn_antibody.pdb
Converting SMILES to graph: 347/500
2j4wD_antigen.pdb  8dn7DH_antibody.pdb
Converting SMILES to graph: 348/500
2j4wD_antigen.pdb  7qf0HL_antibody.pdb
Converting SMILES to graph: 349/500
2j4wD_antigen.pdb  7lxwHL_antibody.pdb
Converting SMILES to graph: 350/500
2j4wD_antigen.pdb  4ogxHL_antibody.pdb
Converting SMILES to graph: 351/500
2j4wD_antigen.pdb  7pbzF_antibody.pdb
Converting SMILES to graph: 352/500
2j5lA_antigen.pdb  7qbfB_antibody.pdb
Converting SMILES to graph: 353/500
2j5lA_antigen.pdb  7yonSs_antibody.pdb
Converting SMILES to graph: 354/500
2j5lA_antigen.pdb  3g5vBA_antibody.pdb
Converting SMILES to graph: 355/500
2j5lA_antigen.pdb  7s5qBC_antibody.pdb
Converting SMILES to graph: 356/500
2j5lA_antigen.pdb  3kj4HL_antibody.pdb
Converting SMILES to graph: 357/500
2j5lA_antigen.pdb  7xsbHL_antibody.pdb
Converting SMILES to graph: 358/500
2j6eB_antigen.pdb  8e8sHL_antibody.pdb
Converting SMILES to graph: 359/500
2j6eB_antigen.pdb  7f5hD_antibody.pdb
Converting SMILES to graph: 360/500
2j6eB_antigen.pdb  7wigSs_antibody.pdb
Converting SMILES to graph: 361/500
2j6eB_antigen.pdb  7uz5HL_antibody.pdb
Converting SMILES to graph: 362/500
2j6eB_antigen.pdb  6raiC_antibody.pdb
Converting SMILES to graph: 363/500
2j6eB_antigen.pdb  5gs2Hh_antibody.pdb
Converting SMILES to graph: 364/500
2j88A_antigen.pdb  7zmvK_antibody.pdb
Converting SMILES to graph: 365/500
2j88A_antigen.pdb  6xcjHL_antibody.pdb
Converting SMILES to graph: 366/500
2j88A_antigen.pdb  3ehbCD_antibody.pdb
Converting SMILES to graph: 367/500
2j88A_antigen.pdb  7fh0B_antibody.pdb
Converting SMILES to graph: 368/500
2j88A_antigen.pdb  8eviMm_antibody.pdb
Converting SMILES to graph: 369/500
2j88A_antigen.pdb  3v7aEH_antibody.pdb
Converting SMILES to graph: 370/500
2jelP_antigen.pdb  7qu2AB_antibody.pdb
Converting SMILES to graph: 371/500
2jelP_antigen.pdb  4f9pDd_antibody.pdb
Converting SMILES to graph: 372/500
2jelP_antigen.pdb  5wthED_antibody.pdb
Converting SMILES to graph: 373/500
2jelP_antigen.pdb  7lkfHL_antibody.pdb
Converting SMILES to graph: 374/500
2jelP_antigen.pdb  4nbyB_antibody.pdb
Converting SMILES to graph: 375/500
2jelP_antigen.pdb  6hx4HL_antibody.pdb
Converting SMILES to graph: 376/500
2jixE_antigen.pdb  8h64B_antibody.pdb
Converting SMILES to graph: 377/500
2jixE_antigen.pdb  3npsBC_antibody.pdb
Converting SMILES to graph: 378/500
2jixE_antigen.pdb  7um7Ee_antibody.pdb
Converting SMILES to graph: 379/500
2jixE_antigen.pdb  2ny2DC_antibody.pdb
Converting SMILES to graph: 380/500
2jixE_antigen.pdb  4ki5EF_antibody.pdb
Converting SMILES to graph: 381/500
2jixE_antigen.pdb  4lhjB_antibody.pdb
Converting SMILES to graph: 382/500
2jk5C_antigen.pdb  5t3xHL_antibody.pdb
Converting SMILES to graph: 383/500
2jk5C_antigen.pdb  6mugHL_antibody.pdb
Converting SMILES to graph: 384/500
2jk5C_antigen.pdb  6vmklk_antibody.pdb
Converting SMILES to graph: 385/500
2jk5C_antigen.pdb  5yd5Cc_antibody.pdb
Converting SMILES to graph: 386/500
2jk5C_antigen.pdb  8sakHL_antibody.pdb
Converting SMILES to graph: 387/500
2kh2A_antigen.pdb  7tcqHL_antibody.pdb
Converting SMILES to graph: 388/500
2kh2A_antigen.pdb  6sc6B_antibody.pdb
Converting SMILES to graph: 389/500
2kh2A_antigen.pdb  7phqN_antibody.pdb
Converting SMILES to graph: 390/500
2kh2A_antigen.pdb  7ej8Hh_antibody.pdb
Converting SMILES to graph: 391/500
2kh2A_antigen.pdb  7kd6OP_antibody.pdb
Converting SMILES to graph: 392/500
2kh2A_antigen.pdb  7paaAa_antibody.pdb
Converting SMILES to graph: 393/500
2ltqD_antigen.pdb  5w6gHL_antibody.pdb
Converting SMILES to graph: 394/500
2ltqD_antigen.pdb  7t9tCD_antibody.pdb
Converting SMILES to graph: 395/500
2ltqD_antigen.pdb  3vrlHL_antibody.pdb
Converting SMILES to graph: 396/500
2ltqD_antigen.pdb  7sbfEe_antibody.pdb
Converting SMILES to graph: 397/500
2ltqD_antigen.pdb  8dedHL_antibody.pdb
Converting SMILES to graph: 398/500
2ltqD_antigen.pdb  6opqHL_antibody.pdb
Converting SMILES to graph: 399/500
2mpaP_antigen.pdb  3jabHL_antibody.pdb
Converting SMILES to graph: 400/500
2mpaP_antigen.pdb  3s37HL_antibody.pdb
Converting SMILES to graph: 401/500
2mpaP_antigen.pdb  4j4pHL_antibody.pdb
Converting SMILES to graph: 402/500
2mpaP_antigen.pdb  5o4oBA_antibody.pdb
Converting SMILES to graph: 403/500
2mpaP_antigen.pdb  7ahvAB_antibody.pdb
Converting SMILES to graph: 404/500
2mpaP_antigen.pdb  7umnHL_antibody.pdb
Converting SMILES to graph: 405/500
2nljC_antigen.pdb  7y8jHL_antibody.pdb
Converting SMILES to graph: 406/500
2nljC_antigen.pdb  7te1HL_antibody.pdb
Converting SMILES to graph: 407/500
2nljC_antigen.pdb  7faeHL_antibody.pdb
Converting SMILES to graph: 408/500
2nljC_antigen.pdb  8dwgEe_antibody.pdb
Converting SMILES to graph: 409/500
2nljC_antigen.pdb  7figN_antibody.pdb
Converting SMILES to graph: 410/500
2nljC_antigen.pdb  8f0jN_antibody.pdb
Converting SMILES to graph: 411/500
2nr6B_antigen.pdb  3lhpHL_antibody.pdb
Converting SMILES to graph: 412/500
2nr6B_antigen.pdb  7xkeN_antibody.pdb
Converting SMILES to graph: 413/500
2nr6B_antigen.pdb  5iwlAa_antibody.pdb
Converting SMILES to graph: 414/500
2nr6B_antigen.pdb  7bq5HL_antibody.pdb
Converting SMILES to graph: 415/500
2nr6B_antigen.pdb  7fjoHL_antibody.pdb
Converting SMILES to graph: 416/500
2nr6B_antigen.pdb  5yy5HL_antibody.pdb
Converting SMILES to graph: 417/500
2nxyA_antigen.pdb  7jvrEe_antibody.pdb
Converting SMILES to graph: 418/500
2nxyA_antigen.pdb  8g6uCD_antibody.pdb
Converting SMILES to graph: 419/500
2nxyA_antigen.pdb  4xi5DC_antibody.pdb
Converting SMILES to graph: 420/500
2nxyA_antigen.pdb  6b9zBA_antibody.pdb
Converting SMILES to graph: 421/500
2nxyA_antigen.pdb  4hemF_antibody.pdb
Converting SMILES to graph: 422/500
2nxyA_antigen.pdb  7jx3HL_antibody.pdb
Converting SMILES to graph: 423/500
2nxzA_antigen.pdb  7bwjHL_antibody.pdb
Converting SMILES to graph: 424/500
2nxzA_antigen.pdb  8sauCD_antibody.pdb
Converting SMILES to graph: 425/500
2nxzA_antigen.pdb  8ce4F_antibody.pdb
Converting SMILES to graph: 426/500
2nxzA_antigen.pdb  5wttAB_antibody.pdb
Converting SMILES to graph: 427/500
2nxzA_antigen.pdb  7sk9FE_antibody.pdb
Converting SMILES to graph: 428/500
2nxzA_antigen.pdb  5yd5Cc_antibody.pdb
Converting SMILES to graph: 429/500
2ny0A_antigen.pdb  8cdeDC_antibody.pdb
Converting SMILES to graph: 430/500
2ny0A_antigen.pdb  7po5HL_antibody.pdb
Converting SMILES to graph: 431/500
2ny0A_antigen.pdb  1eo8HL_antibody.pdb
Converting SMILES to graph: 432/500
2ny0A_antigen.pdb  5c0sHL_antibody.pdb
Converting SMILES to graph: 433/500
2ny0A_antigen.pdb  1ri8A_antibody.pdb
Converting SMILES to graph: 434/500
2ny0A_antigen.pdb  6h71D_antibody.pdb
Converting SMILES to graph: 435/500
2ny1A_antigen.pdb  8g3nEF_antibody.pdb
Converting SMILES to graph: 436/500
2ny1A_antigen.pdb  7fg3D_antibody.pdb
Converting SMILES to graph: 437/500
2ny1A_antigen.pdb  8i0zDE_antibody.pdb
Converting SMILES to graph: 438/500
2ny1A_antigen.pdb  5k59EF_antibody.pdb
Converting SMILES to graph: 439/500
2ny1A_antigen.pdb  3lh2KO_antibody.pdb
Converting SMILES to graph: 440/500
2ny1A_antigen.pdb  2vxsJN_antibody.pdb
Converting SMILES to graph: 441/500
2ny2A_antigen.pdb  1tjiHL_antibody.pdb
Converting SMILES to graph: 442/500
2ny2A_antigen.pdb  7kmlJN_antibody.pdb
Converting SMILES to graph: 443/500
2ny2A_antigen.pdb  7mjlHL_antibody.pdb
Converting SMILES to graph: 444/500
2ny2A_antigen.pdb  3fb7AB_antibody.pdb
Converting SMILES to graph: 445/500
2ny2A_antigen.pdb  7nw3HL_antibody.pdb
Converting SMILES to graph: 446/500
2ny2A_antigen.pdb  7ej5JN_antibody.pdb
Converting SMILES to graph: 447/500
2ny3A_antigen.pdb  8hscSs_antibody.pdb
Converting SMILES to graph: 448/500
2ny3A_antigen.pdb  7yk7Ss_antibody.pdb
Converting SMILES to graph: 449/500
2ny3A_antigen.pdb  7kqhHL_antibody.pdb
Converting SMILES to graph: 450/500
2ny3A_antigen.pdb  3i50HL_antibody.pdb
Converting SMILES to graph: 451/500
2ny3A_antigen.pdb  3gheHL_antibody.pdb
Converting SMILES to graph: 452/500
2ny3A_antigen.pdb  4fqiHL_antibody.pdb
Converting SMILES to graph: 453/500
2ny4A_antigen.pdb  7t5fF_antibody.pdb
Converting SMILES to graph: 454/500
2ny4A_antigen.pdb  6gjuB_antibody.pdb
Converting SMILES to graph: 455/500
2ny4A_antigen.pdb  8dpmHh_antibody.pdb
Converting SMILES to graph: 456/500
2ny4A_antigen.pdb  6e56GI_antibody.pdb
Converting SMILES to graph: 457/500
2ny4A_antigen.pdb  7k8sHL_antibody.pdb
Converting SMILES to graph: 458/500
2ny4A_antigen.pdb  8h8qHL_antibody.pdb
Converting SMILES to graph: 459/500
2ny5G_antigen.pdb  5kovCc_antibody.pdb
Converting SMILES to graph: 460/500
2ny5G_antigen.pdb  5kenQP_antibody.pdb
Converting SMILES to graph: 461/500
2ny5G_antigen.pdb  3l5xHL_antibody.pdb
Converting SMILES to graph: 462/500
2ny5G_antigen.pdb  3ixtHL_antibody.pdb
Converting SMILES to graph: 463/500
2ny5G_antigen.pdb  6zvfHL_antibody.pdb
Converting SMILES to graph: 464/500
2ny5G_antigen.pdb  6urmHL_antibody.pdb
Converting SMILES to graph: 465/500
2ny6A_antigen.pdb  6ofiHL_antibody.pdb
Converting SMILES to graph: 466/500
2ny6A_antigen.pdb  4oluHL_antibody.pdb
Converting SMILES to graph: 467/500
2ny6A_antigen.pdb  7lf7HL_antibody.pdb
Converting SMILES to graph: 468/500
2ny6A_antigen.pdb  7jmpHL_antibody.pdb
Converting SMILES to graph: 469/500
2ny6A_antigen.pdb  7yk6Ss_antibody.pdb
Converting SMILES to graph: 470/500
2ny6A_antigen.pdb  6rafC_antibody.pdb
Converting SMILES to graph: 471/500
2ny7G_antigen.pdb  7rp0AB_antibody.pdb
Converting SMILES to graph: 472/500
2ny7G_antigen.pdb  6tybHL_antibody.pdb
Converting SMILES to graph: 473/500
2ny7G_antigen.pdb  7zf3AB_antibody.pdb
Converting SMILES to graph: 474/500
2ny7G_antigen.pdb  5x0tAB_antibody.pdb
Converting SMILES to graph: 475/500
2ny7G_antigen.pdb  7ljaGF_antibody.pdb
Converting SMILES to graph: 476/500
2ny7G_antigen.pdb  7jn5HL_antibody.pdb
Converting SMILES to graph: 477/500
2nyyA_antigen.pdb  7kejHK_antibody.pdb
Converting SMILES to graph: 478/500
2nyyA_antigen.pdb  7nk8F_antibody.pdb
Converting SMILES to graph: 479/500
2nyyA_antigen.pdb  7nghD_antibody.pdb
Converting SMILES to graph: 480/500
2nyyA_antigen.pdb  8ee2C_antibody.pdb
Converting SMILES to graph: 481/500
2nyyA_antigen.pdb  3uluDC_antibody.pdb
Converting SMILES to graph: 482/500
2nz9B_antigen.pdb  7q0aYZ_antibody.pdb
Converting SMILES to graph: 483/500
2nz9B_antigen.pdb  7ubrEF_antibody.pdb
Converting SMILES to graph: 484/500
2nz9B_antigen.pdb  7xnfHL_antibody.pdb
Converting SMILES to graph: 485/500
2nz9B_antigen.pdb  6uleAB_antibody.pdb
Converting SMILES to graph: 486/500
2nz9B_antigen.pdb  7sbuHL_antibody.pdb
Converting SMILES to graph: 487/500
2nz9B_antigen.pdb  7ki4HL_antibody.pdb
Converting SMILES to graph: 488/500
2oqjF_antigen.pdb  7sg6HL_antibody.pdb
Converting SMILES to graph: 489/500
2oqjF_antigen.pdb  6k5iEF_antibody.pdb
Converting SMILES to graph: 490/500
2oqjF_antigen.pdb  8cydD_antibody.pdb
Converting SMILES to graph: 491/500
2oqjF_antigen.pdb  8jlrSs_antibody.pdb
Converting SMILES to graph: 492/500
2oqjF_antigen.pdb  7zwiBC_antibody.pdb
Converting SMILES to graph: 493/500
2oqjF_antigen.pdb  6vi4C_antibody.pdb
Converting SMILES to graph: 494/500
2or9P_antigen.pdb  2hvkAB_antibody.pdb
Converting SMILES to graph: 495/500
2or9P_antigen.pdb  6wn4AB_antibody.pdb
Converting SMILES to graph: 496/500
2or9P_antigen.pdb  6xq0BC_antibody.pdb
Converting SMILES to graph: 497/500
2or9P_antigen.pdb  7shzEF_antibody.pdb
Converting SMILES to graph: 498/500
2or9P_antigen.pdb  7utzN_antibody.pdb
Converting SMILES to graph: 499/500
2or9P_antigen.pdb  7d5bD_antibody.pdb
Converting SMILES to graph: 500/500
2oslP_antigen.pdb  8dd3JI_antibody.pdb
Graph construction done. Saving to file.
