Converting SMILES to graph: 1/500
3ghbP_antigen.pdb  4np4HL_antibody.pdb
Converting SMILES to graph: 2/500
3gheP_antigen.pdb  6j5gHL_antibody.pdb
Converting SMILES to graph: 3/500
3gheP_antigen.pdb  6x96JK_antibody.pdb
Converting SMILES to graph: 4/500
3gheP_antigen.pdb  7f0xBb_antibody.pdb
Converting SMILES to graph: 5/500
3gheP_antigen.pdb  7x6lGJ_antibody.pdb
Converting SMILES to graph: 6/500
3gheP_antigen.pdb  7mn8DC_antibody.pdb
Converting SMILES to graph: 7/500
3gheP_antigen.pdb  4wffED_antibody.pdb
Converting SMILES to graph: 8/500
3gi8C_antigen.pdb  4q5zOP_antibody.pdb
Converting SMILES to graph: 9/500
3gi8C_antigen.pdb  7fjsCA_antibody.pdb
Converting SMILES to graph: 10/500
3gi8C_antigen.pdb  5w3mEG_antibody.pdb
Converting SMILES to graph: 11/500
3gi8C_antigen.pdb  1ar1CD_antibody.pdb
Converting SMILES to graph: 12/500
3gi8C_antigen.pdb  1i9rKM_antibody.pdb
Converting SMILES to graph: 13/500
3gi9C_antigen.pdb  7tcnCD_antibody.pdb
Converting SMILES to graph: 14/500
3gi9C_antigen.pdb  6db7IM_antibody.pdb
Converting SMILES to graph: 15/500
3gi9C_antigen.pdb  8dkmAB_antibody.pdb
Converting SMILES to graph: 16/500
3gi9C_antigen.pdb  6p8dAB_antibody.pdb
Converting SMILES to graph: 17/500
3gi9C_antigen.pdb  3fmgHL_antibody.pdb
Converting SMILES to graph: 18/500
3gi9C_antigen.pdb  4xp6HL_antibody.pdb
Converting SMILES to graph: 19/500
3gjfAC_antigen.pdb  7byrHL_antibody.pdb
Converting SMILES to graph: 20/500
3gjfAC_antigen.pdb  3vi4HL_antibody.pdb
Converting SMILES to graph: 21/500
3gjfAC_antigen.pdb  7we8HL_antibody.pdb
Converting SMILES to graph: 22/500
3gjfAC_antigen.pdb  7urxHL_antibody.pdb
Converting SMILES to graph: 23/500
3gjfAC_antigen.pdb  7ahvAB_antibody.pdb
Converting SMILES to graph: 24/500
3gjfAC_antigen.pdb  7f4dN_antibody.pdb
Converting SMILES to graph: 25/500
3go1P_antigen.pdb  8p8aDC_antibody.pdb
Converting SMILES to graph: 26/500
3go1P_antigen.pdb  4mqtB_antibody.pdb
Converting SMILES to graph: 27/500
3go1P_antigen.pdb  6vy6HL_antibody.pdb
Converting SMILES to graph: 28/500
3go1P_antigen.pdb  7s3mHL_antibody.pdb
Converting SMILES to graph: 29/500
3go1P_antigen.pdb  7lf2GI_antibody.pdb
Converting SMILES to graph: 30/500
3go1P_antigen.pdb  6chbJK_antibody.pdb
Converting SMILES to graph: 31/500
3grwA_antigen.pdb  2oslHL_antibody.pdb
Converting SMILES to graph: 32/500
3grwA_antigen.pdb  5gzoCD_antibody.pdb
Converting SMILES to graph: 33/500
3grwA_antigen.pdb  8dpfEe_antibody.pdb
Converting SMILES to graph: 34/500
3grwA_antigen.pdb  7czpJN_antibody.pdb
Converting SMILES to graph: 35/500
3grwA_antigen.pdb  7um6Ee_antibody.pdb
Converting SMILES to graph: 36/500
3grwA_antigen.pdb  8cybD_antibody.pdb
Converting SMILES to graph: 37/500
3h0tC_antigen.pdb  6i8hB_antibody.pdb
Converting SMILES to graph: 38/500
3h0tC_antigen.pdb  3stlAB_antibody.pdb
Converting SMILES to graph: 39/500
3h0tC_antigen.pdb  4kdtA_antibody.pdb
Converting SMILES to graph: 40/500
3h0tC_antigen.pdb  7lcvAB_antibody.pdb
Converting SMILES to graph: 41/500
3h0tC_antigen.pdb  5dmiHL_antibody.pdb
Converting SMILES to graph: 42/500
3h3bB_antigen.pdb  7w1sB_antibody.pdb
Converting SMILES to graph: 43/500
3h3bB_antigen.pdb  6eluKL_antibody.pdb
Converting SMILES to graph: 44/500
3h3bB_antigen.pdb  8cwkHL_antibody.pdb
Converting SMILES to graph: 45/500
3h3bB_antigen.pdb  6oorHL_antibody.pdb
Converting SMILES to graph: 46/500
3h3bB_antigen.pdb  6mqrHL_antibody.pdb
Converting SMILES to graph: 47/500
3h3bB_antigen.pdb  5fylDE_antibody.pdb
Converting SMILES to graph: 48/500
3h3pT_antigen.pdb  7teqHL_antibody.pdb
Converting SMILES to graph: 49/500
3h3pT_antigen.pdb  7zljHL_antibody.pdb
Converting SMILES to graph: 50/500
3h3pT_antigen.pdb  7wp6BI_antibody.pdb
Converting SMILES to graph: 51/500
3h3pT_antigen.pdb  6rpjB_antibody.pdb
Converting SMILES to graph: 52/500
3h3pT_antigen.pdb  6q0lHL_antibody.pdb
Converting SMILES to graph: 53/500
3h3pT_antigen.pdb  3lh2KO_antibody.pdb
Converting SMILES to graph: 54/500
3h42BA_antigen.pdb  5xcqAB_antibody.pdb
Converting SMILES to graph: 55/500
3h42BA_antigen.pdb  6m3zHL_antibody.pdb
Converting SMILES to graph: 56/500
3h42BA_antigen.pdb  6d6uKL_antibody.pdb
Converting SMILES to graph: 57/500
3h42BA_antigen.pdb  4y7mB_antibody.pdb
Converting SMILES to graph: 58/500
3h42BA_antigen.pdb  7coeHL_antibody.pdb
Converting SMILES to graph: 59/500
3h42BA_antigen.pdb  4nikBb_antibody.pdb
Converting SMILES to graph: 60/500
3haeAC_antigen.pdb  7m8jHL_antibody.pdb
Converting SMILES to graph: 61/500
3haeAC_antigen.pdb  3qa3BA_antibody.pdb
Converting SMILES to graph: 62/500
3haeAC_antigen.pdb  7aqxC_antibody.pdb
Converting SMILES to graph: 63/500
3haeAC_antigen.pdb  5iq7HL_antibody.pdb
Converting SMILES to graph: 64/500
3haeAC_antigen.pdb  3eo1HG_antibody.pdb
Converting SMILES to graph: 65/500
3haeAC_antigen.pdb  7wryHL_antibody.pdb
Converting SMILES to graph: 66/500
3hb3B_antigen.pdb  5do2HL_antibody.pdb
Converting SMILES to graph: 67/500
3hb3B_antigen.pdb  8cybD_antibody.pdb
Converting SMILES to graph: 68/500
3hb3B_antigen.pdb  7w9fAB_antibody.pdb
Converting SMILES to graph: 69/500
3hb3B_antigen.pdb  2a0lFE_antibody.pdb
Converting SMILES to graph: 70/500
3hb3B_antigen.pdb  7n9bF_antibody.pdb
Converting SMILES to graph: 71/500
3hb3B_antigen.pdb  7xkfN_antibody.pdb
Converting SMILES to graph: 72/500
3hfmY_antigen.pdb  6faxHL_antibody.pdb
Converting SMILES to graph: 73/500
3hfmY_antigen.pdb  7czyHK_antibody.pdb
Converting SMILES to graph: 74/500
3hfmY_antigen.pdb  4plkHL_antibody.pdb
Converting SMILES to graph: 75/500
3hfmY_antigen.pdb  3rajHL_antibody.pdb
Converting SMILES to graph: 76/500
3hfmY_antigen.pdb  7dk7ab_antibody.pdb
Converting SMILES to graph: 77/500
3hfmY_antigen.pdb  7tcnCD_antibody.pdb
Converting SMILES to graph: 78/500
3hi1G_antigen.pdb  4dgiHL_antibody.pdb
Converting SMILES to graph: 79/500
3hi1G_antigen.pdb  8f7zEF_antibody.pdb
Converting SMILES to graph: 80/500
3hi1G_antigen.pdb  3levHL_antibody.pdb
Converting SMILES to graph: 81/500
3hi1G_antigen.pdb  8sypMm_antibody.pdb
Converting SMILES to graph: 82/500
3hi1G_antigen.pdb  7chbHL_antibody.pdb
Converting SMILES to graph: 83/500
3hi1G_antigen.pdb  7dhiN_antibody.pdb
Converting SMILES to graph: 84/500
3hi6A_antigen.pdb  3d9aHL_antibody.pdb
Converting SMILES to graph: 85/500
3hi6A_antigen.pdb  5hi5CD_antibody.pdb
Converting SMILES to graph: 86/500
3hi6A_antigen.pdb  7k63Nn_antibody.pdb
Converting SMILES to graph: 87/500
3hi6A_antigen.pdb  7o7fHF_antibody.pdb
Converting SMILES to graph: 88/500
3hi6A_antigen.pdb  8g5fJK_antibody.pdb
Converting SMILES to graph: 89/500
3hi6A_antigen.pdb  7v2aED_antibody.pdb
Converting SMILES to graph: 90/500
3hmxA_antigen.pdb  6b5lHL_antibody.pdb
Converting SMILES to graph: 91/500
3hmxA_antigen.pdb  7sixHL_antibody.pdb
Converting SMILES to graph: 92/500
3hmxA_antigen.pdb  8e6jHL_antibody.pdb
Converting SMILES to graph: 93/500
3hmxA_antigen.pdb  6ks1HL_antibody.pdb
Converting SMILES to graph: 94/500
3hmxA_antigen.pdb  6pe8HL_antibody.pdb
Converting SMILES to graph: 95/500
3hmxA_antigen.pdb  6midHL_antibody.pdb
Converting SMILES to graph: 96/500
3hplC_antigen.pdb  4g3yHL_antibody.pdb
Converting SMILES to graph: 97/500
3hplC_antigen.pdb  3h3bdD_antibody.pdb
Converting SMILES to graph: 98/500
3hplC_antigen.pdb  7u8cHL_antibody.pdb
Converting SMILES to graph: 99/500
3hplC_antigen.pdb  6xq2FE_antibody.pdb
Converting SMILES to graph: 100/500
3hplC_antigen.pdb  7xp6N_antibody.pdb
Converting SMILES to graph: 101/500
3hplC_antigen.pdb  7m53HL_antibody.pdb
Converting SMILES to graph: 102/500
3hr5S_antigen.pdb  6ewbJK_antibody.pdb
Converting SMILES to graph: 103/500
3hr5S_antigen.pdb  8gsbHK_antibody.pdb
Converting SMILES to graph: 104/500
3hr5S_antigen.pdb  7niwCB_antibody.pdb
Converting SMILES to graph: 105/500
3hr5S_antigen.pdb  4r3sAB_antibody.pdb
Converting SMILES to graph: 106/500
3hr5S_antigen.pdb  6erxFG_antibody.pdb
Converting SMILES to graph: 107/500
3hr5S_antigen.pdb  5w3pHL_antibody.pdb
Converting SMILES to graph: 108/500
3i50E_antigen.pdb  6utaAB_antibody.pdb
Converting SMILES to graph: 109/500
3i50E_antigen.pdb  3eyuHL_antibody.pdb
Converting SMILES to graph: 110/500
3i50E_antigen.pdb  2dqgHL_antibody.pdb
Converting SMILES to graph: 111/500
3i50E_antigen.pdb  7t0zHL_antibody.pdb
Converting SMILES to graph: 112/500
3i50E_antigen.pdb  7bsdHL_antibody.pdb
Converting SMILES to graph: 113/500
3i50E_antigen.pdb  6mi2DE_antibody.pdb
Converting SMILES to graph: 114/500
3idgC_antigen.pdb  7uarFG_antibody.pdb
Converting SMILES to graph: 115/500
3idgC_antigen.pdb  7a0xEF_antibody.pdb
Converting SMILES to graph: 116/500
3idgC_antigen.pdb  8b1kB_antibody.pdb
Converting SMILES to graph: 117/500
3idgC_antigen.pdb  1jtpB_antibody.pdb
Converting SMILES to graph: 118/500
3idgC_antigen.pdb  7xikHL_antibody.pdb
Converting SMILES to graph: 119/500
3idgC_antigen.pdb  2h1pHL_antibody.pdb
Converting SMILES to graph: 120/500
3idiC_antigen.pdb  6quzE_antibody.pdb
Converting SMILES to graph: 121/500
3idiC_antigen.pdb  8g4mDE_antibody.pdb
Converting SMILES to graph: 122/500
3idiC_antigen.pdb  7czvHK_antibody.pdb
Converting SMILES to graph: 123/500
3idiC_antigen.pdb  8gpiAC_antibody.pdb
Converting SMILES to graph: 124/500
3idiC_antigen.pdb  7tctEF_antibody.pdb
Converting SMILES to graph: 125/500
3idiC_antigen.pdb  6oz2HL_antibody.pdb
Converting SMILES to graph: 126/500
3idjC_antigen.pdb  6ogeED_antibody.pdb
Converting SMILES to graph: 127/500
3idjC_antigen.pdb  8gocDE_antibody.pdb
Converting SMILES to graph: 128/500
3idjC_antigen.pdb  7l6vD_antibody.pdb
Converting SMILES to graph: 129/500
3idjC_antigen.pdb  3j3pHL_antibody.pdb
Converting SMILES to graph: 130/500
3idjC_antigen.pdb  7rm3CD_antibody.pdb
Converting SMILES to graph: 131/500
3idjC_antigen.pdb  5vk6AB_antibody.pdb
Converting SMILES to graph: 132/500
3idmC_antigen.pdb  5a7xHG_antibody.pdb
Converting SMILES to graph: 133/500
3idmC_antigen.pdb  6mqsCD_antibody.pdb
Converting SMILES to graph: 134/500
3idmC_antigen.pdb  8c9xF_antibody.pdb
Converting SMILES to graph: 135/500
3idmC_antigen.pdb  6d0xAB_antibody.pdb
Converting SMILES to graph: 136/500
3idmC_antigen.pdb  8h00ED_antibody.pdb
Converting SMILES to graph: 137/500
3idmC_antigen.pdb  4xvsHL_antibody.pdb
Converting SMILES to graph: 138/500
3idnC_antigen.pdb  6w2bBC_antibody.pdb
Converting SMILES to graph: 139/500
3idnC_antigen.pdb  3rajHL_antibody.pdb
Converting SMILES to graph: 140/500
3idnC_antigen.pdb  7wjyBC_antibody.pdb
Converting SMILES to graph: 141/500
3idnC_antigen.pdb  7t9mHL_antibody.pdb
Converting SMILES to graph: 142/500
3idnC_antigen.pdb  8d9zBA_antibody.pdb
Converting SMILES to graph: 143/500
3idnC_antigen.pdb  8dwyHL_antibody.pdb
Converting SMILES to graph: 144/500
3idxG_antigen.pdb  8ol9BA_antibody.pdb
Converting SMILES to graph: 145/500
3idxG_antigen.pdb  7e8fCB_antibody.pdb
Converting SMILES to graph: 146/500
3idxG_antigen.pdb  6ylaHL_antibody.pdb
Converting SMILES to graph: 147/500
3idxG_antigen.pdb  7t0zHL_antibody.pdb
Converting SMILES to graph: 148/500
3idxG_antigen.pdb  7ldjG_antibody.pdb
Converting SMILES to graph: 149/500
3idxG_antigen.pdb  6b9jAB_antibody.pdb
Converting SMILES to graph: 150/500
3idyA_antigen.pdb  7ew5QR_antibody.pdb
Converting SMILES to graph: 151/500
3idyA_antigen.pdb  7c4sJK_antibody.pdb
Converting SMILES to graph: 152/500
3idyA_antigen.pdb  8i0zDE_antibody.pdb
Converting SMILES to graph: 153/500
3idyA_antigen.pdb  5f7lB_antibody.pdb
Converting SMILES to graph: 154/500
3idyA_antigen.pdb  7xtaEe_antibody.pdb
Converting SMILES to graph: 155/500
3idyA_antigen.pdb  7x25AC_antibody.pdb
Converting SMILES to graph: 156/500
3ietQ_antigen.pdb  8sb2CD_antibody.pdb
Converting SMILES to graph: 157/500
3ietQ_antigen.pdb  7r23C_antibody.pdb
Converting SMILES to graph: 158/500
3ietQ_antigen.pdb  7x10Ee_antibody.pdb
Converting SMILES to graph: 159/500
3ietQ_antigen.pdb  5t3sDE_antibody.pdb
Converting SMILES to graph: 160/500
3ietQ_antigen.pdb  1p4bHL_antibody.pdb
Converting SMILES to graph: 161/500
3ietQ_antigen.pdb  3kr3HL_antibody.pdb
Converting SMILES to graph: 162/500
3iflP_antigen.pdb  7t0lGK_antibody.pdb
Converting SMILES to graph: 163/500
3iflP_antigen.pdb  5mv4IJ_antibody.pdb
Converting SMILES to graph: 164/500
3iflP_antigen.pdb  6h5nCB_antibody.pdb
Converting SMILES to graph: 165/500
3iflP_antigen.pdb  7wicSs_antibody.pdb
Converting SMILES to graph: 166/500
3iflP_antigen.pdb  7b27C_antibody.pdb
Converting SMILES to graph: 167/500
3iflP_antigen.pdb  7wh8BA_antibody.pdb
Converting SMILES to graph: 168/500
3ifnP_antigen.pdb  6f7tBA_antibody.pdb
Converting SMILES to graph: 169/500
3ifnP_antigen.pdb  5imkB_antibody.pdb
Converting SMILES to graph: 170/500
3ifnP_antigen.pdb  6ww2HL_antibody.pdb
Converting SMILES to graph: 171/500
3ifnP_antigen.pdb  1ce1HL_antibody.pdb
Converting SMILES to graph: 172/500
3ifnP_antigen.pdb  1ktrHL_antibody.pdb
Converting SMILES to graph: 173/500
3ifoP_antigen.pdb  7a5vO_antibody.pdb
Converting SMILES to graph: 174/500
3ifoP_antigen.pdb  2hvkAB_antibody.pdb
Converting SMILES to graph: 175/500
3ifoP_antigen.pdb  7qf1CB_antibody.pdb
Converting SMILES to graph: 176/500
3ifoP_antigen.pdb  6a96L_antibody.pdb
Converting SMILES to graph: 177/500
3ifoP_antigen.pdb  7mbxN_antibody.pdb
Converting SMILES to graph: 178/500
3ifoP_antigen.pdb  7w6pHh_antibody.pdb
Converting SMILES to graph: 179/500
3ifpS_antigen.pdb  8ahlE_antibody.pdb
Converting SMILES to graph: 180/500
3ifpS_antigen.pdb  5o7pBA_antibody.pdb
Converting SMILES to graph: 181/500
3ifpS_antigen.pdb  4g6fHL_antibody.pdb
Converting SMILES to graph: 182/500
3ifpS_antigen.pdb  7pqyHL_antibody.pdb
Converting SMILES to graph: 183/500
3ifpS_antigen.pdb  3rifHL_antibody.pdb
Converting SMILES to graph: 184/500
3ifpS_antigen.pdb  6ot1JK_antibody.pdb
Converting SMILES to graph: 185/500
3igaC_antigen.pdb  8euvGH_antibody.pdb
Converting SMILES to graph: 186/500
3igaC_antigen.pdb  3lohAB_antibody.pdb
Converting SMILES to graph: 187/500
3igaC_antigen.pdb  6t9dAB_antibody.pdb
Converting SMILES to graph: 188/500
3igaC_antigen.pdb  7w1sB_antibody.pdb
Converting SMILES to graph: 189/500
3igaC_antigen.pdb  5tojE_antibody.pdb
Converting SMILES to graph: 190/500
3igaC_antigen.pdb  7xczDE_antibody.pdb
Converting SMILES to graph: 191/500
3iu3K_antigen.pdb  7s6kFG_antibody.pdb
Converting SMILES to graph: 192/500
3iu3K_antigen.pdb  6ncpCD_antibody.pdb
Converting SMILES to graph: 193/500
3iu3K_antigen.pdb  8dphEe_antibody.pdb
Converting SMILES to graph: 194/500
3iu3K_antigen.pdb  6b73D_antibody.pdb
Converting SMILES to graph: 195/500
3iu3K_antigen.pdb  8apyC_antibody.pdb
Converting SMILES to graph: 196/500
3ixtP_antigen.pdb  7lzpH_antibody.pdb
Converting SMILES to graph: 197/500
3ixtP_antigen.pdb  6cmoHL_antibody.pdb
Converting SMILES to graph: 198/500
3ixtP_antigen.pdb  7wcuAB_antibody.pdb
Converting SMILES to graph: 199/500
3ixtP_antigen.pdb  6k41Hh_antibody.pdb
Converting SMILES to graph: 200/500
3ixtP_antigen.pdb  6azmBA_antibody.pdb
Converting SMILES to graph: 201/500
3ixtP_antigen.pdb  7t8wHL_antibody.pdb
Converting SMILES to graph: 202/500
3ixxA_antigen.pdb  3zkmHL_antibody.pdb
Converting SMILES to graph: 203/500
3ixxA_antigen.pdb  7ox3AB_antibody.pdb
Converting SMILES to graph: 204/500
3ixxA_antigen.pdb  4dk6B_antibody.pdb
Converting SMILES to graph: 205/500
3ixxA_antigen.pdb  4l5fHL_antibody.pdb
Converting SMILES to graph: 206/500
3ixxA_antigen.pdb  7z85F_antibody.pdb
Converting SMILES to graph: 207/500
3ixxA_antigen.pdb  7rbyB_antibody.pdb
Converting SMILES to graph: 208/500
3ixyB_antigen.pdb  6zczF_antibody.pdb
Converting SMILES to graph: 209/500
3ixyB_antigen.pdb  5eulV_antibody.pdb
Converting SMILES to graph: 210/500
3ixyB_antigen.pdb  7n3dHL_antibody.pdb
Converting SMILES to graph: 211/500
3ixyB_antigen.pdb  5y80B_antibody.pdb
Converting SMILES to graph: 212/500
3ixyB_antigen.pdb  7qtkBC_antibody.pdb
Converting SMILES to graph: 213/500
3ixyB_antigen.pdb  7eyaHL_antibody.pdb
Converting SMILES to graph: 214/500
3iywA_antigen.pdb  7pqqB_antibody.pdb
Converting SMILES to graph: 215/500
3iywA_antigen.pdb  7rdwGI_antibody.pdb
Converting SMILES to graph: 216/500
3iywA_antigen.pdb  7q3rF_antibody.pdb
Converting SMILES to graph: 217/500
3iywA_antigen.pdb  1r3kBA_antibody.pdb
Converting SMILES to graph: 218/500
3iywA_antigen.pdb  7ph7C_antibody.pdb
Converting SMILES to graph: 219/500
3iywA_antigen.pdb  5nuzHL_antibody.pdb
Converting SMILES to graph: 220/500
3j1sA_antigen.pdb  8hk3Hh_antibody.pdb
Converting SMILES to graph: 221/500
3j1sA_antigen.pdb  7ymhD_antibody.pdb
Converting SMILES to graph: 222/500
3j1sA_antigen.pdb  6ywcAB_antibody.pdb
Converting SMILES to graph: 223/500
3j1sA_antigen.pdb  7jgjHL_antibody.pdb
Converting SMILES to graph: 224/500
3j1sA_antigen.pdb  7qbfB_antibody.pdb
Converting SMILES to graph: 225/500
3j1sA_antigen.pdb  7c61HL_antibody.pdb
Converting SMILES to graph: 226/500
3j3o1_antigen.pdb  7vdlSs_antibody.pdb
Converting SMILES to graph: 227/500
3j3o1_antigen.pdb  4ma7HL_antibody.pdb
Converting SMILES to graph: 228/500
3j3o1_antigen.pdb  3l5wBA_antibody.pdb
Converting SMILES to graph: 229/500
3j3o1_antigen.pdb  8szyAB_antibody.pdb
Converting SMILES to graph: 230/500
3j3o1_antigen.pdb  4kroB_antibody.pdb
Converting SMILES to graph: 231/500
3j3p1_antigen.pdb  7kklE_antibody.pdb
Converting SMILES to graph: 232/500
3j3p1_antigen.pdb  7uzbHL_antibody.pdb
Converting SMILES to graph: 233/500
3j3p1_antigen.pdb  2vdoHL_antibody.pdb
Converting SMILES to graph: 234/500
3j3p1_antigen.pdb  6zg3J_antibody.pdb
Converting SMILES to graph: 235/500
3j3p1_antigen.pdb  3jcxHL_antibody.pdb
Converting SMILES to graph: 236/500
3j3p1_antigen.pdb  6cbvHL_antibody.pdb
Converting SMILES to graph: 237/500
3j42F_antigen.pdb  7kqbKJ_antibody.pdb
Converting SMILES to graph: 238/500
3j42F_antigen.pdb  6opaFI_antibody.pdb
Converting SMILES to graph: 239/500
3j42F_antigen.pdb  6d0xAB_antibody.pdb
Converting SMILES to graph: 240/500
3j42F_antigen.pdb  7t17JK_antibody.pdb
Converting SMILES to graph: 241/500
3j42F_antigen.pdb  6opqHL_antibody.pdb
Converting SMILES to graph: 242/500
3j42F_antigen.pdb  8euvGH_antibody.pdb
Converting SMILES to graph: 243/500
3j5mE_antigen.pdb  5gs0DC_antibody.pdb
Converting SMILES to graph: 244/500
3j5mE_antigen.pdb  6gv4HL_antibody.pdb
Converting SMILES to graph: 245/500
3j5mE_antigen.pdb  7e9hDd_antibody.pdb
Converting SMILES to graph: 246/500
3j5mE_antigen.pdb  6dzmJL_antibody.pdb
Converting SMILES to graph: 247/500
3j5mE_antigen.pdb  8f6fDC_antibody.pdb
Converting SMILES to graph: 248/500
3j5mE_antigen.pdb  7lm9HL_antibody.pdb
Converting SMILES to graph: 249/500
3j693_antigen.pdb  5aawKk_antibody.pdb
Converting SMILES to graph: 250/500
3j693_antigen.pdb  6cmoHL_antibody.pdb
Converting SMILES to graph: 251/500
3j693_antigen.pdb  7wsiHL_antibody.pdb
Converting SMILES to graph: 252/500
3j693_antigen.pdb  6sgeD_antibody.pdb
Converting SMILES to graph: 253/500
3j693_antigen.pdb  6qexCB_antibody.pdb
Converting SMILES to graph: 254/500
3j693_antigen.pdb  6dc9HL_antibody.pdb
Converting SMILES to graph: 255/500
3j6a3_antigen.pdb  4ocmF_antibody.pdb
Converting SMILES to graph: 256/500
3j6a3_antigen.pdb  7zozHL_antibody.pdb
Converting SMILES to graph: 257/500
3j6a3_antigen.pdb  6v7zE_antibody.pdb
Converting SMILES to graph: 258/500
3j6a3_antigen.pdb  6jodHL_antibody.pdb
Converting SMILES to graph: 259/500
3j6a3_antigen.pdb  5kwl7_antibody.pdb
Converting SMILES to graph: 260/500
3j6a3_antigen.pdb  7mf1HL_antibody.pdb
Converting SMILES to graph: 261/500
3j6uCA_antigen.pdb  7ye9HL_antibody.pdb
Converting SMILES to graph: 262/500
3j6uCA_antigen.pdb  3sobHL_antibody.pdb
Converting SMILES to graph: 263/500
3j6uCA_antigen.pdb  1u8nBA_antibody.pdb
Converting SMILES to graph: 264/500
3j6uCA_antigen.pdb  4pgjA_antibody.pdb
Converting SMILES to graph: 265/500
3j6uCA_antigen.pdb  7lvwK_antibody.pdb
Converting SMILES to graph: 266/500
3j6uCA_antigen.pdb  7lcvAB_antibody.pdb
Converting SMILES to graph: 267/500
3j70P_antigen.pdb  7p14B_antibody.pdb
Converting SMILES to graph: 268/500
3j70P_antigen.pdb  7ecyEF_antibody.pdb
Converting SMILES to graph: 269/500
3j70P_antigen.pdb  1r3kBA_antibody.pdb
Converting SMILES to graph: 270/500
3j70P_antigen.pdb  7sfxCD_antibody.pdb
Converting SMILES to graph: 271/500
3j70P_antigen.pdb  7f3qHL_antibody.pdb
Converting SMILES to graph: 272/500
3j70P_antigen.pdb  4bz1HL_antibody.pdb
Converting SMILES to graph: 273/500
3j8dF_antigen.pdb  2r9hEF_antibody.pdb
Converting SMILES to graph: 274/500
3j8dF_antigen.pdb  4n9oB_antibody.pdb
Converting SMILES to graph: 275/500
3j8dF_antigen.pdb  7txzEF_antibody.pdb
Converting SMILES to graph: 276/500
3j8dF_antigen.pdb  4d9qED_antibody.pdb
Converting SMILES to graph: 277/500
3j8dF_antigen.pdb  7ul2D_antibody.pdb
Converting SMILES to graph: 278/500
3j8dF_antigen.pdb  6c5vHL_antibody.pdb
Converting SMILES to graph: 279/500
3j8vD_antigen.pdb  8f7qEe_antibody.pdb
Converting SMILES to graph: 280/500
3j8vD_antigen.pdb  4xcfHL_antibody.pdb
Converting SMILES to graph: 281/500
3j8vD_antigen.pdb  8fr6DE_antibody.pdb
Converting SMILES to graph: 282/500
3j8vD_antigen.pdb  5uk2Hh_antibody.pdb
Converting SMILES to graph: 283/500
3j8vD_antigen.pdb  8fa8HL_antibody.pdb
Converting SMILES to graph: 284/500
3j8vD_antigen.pdb  5y0aDE_antibody.pdb
Converting SMILES to graph: 285/500
3j8wD_antigen.pdb  3gi9HL_antibody.pdb
Converting SMILES to graph: 286/500
3j8wD_antigen.pdb  6lr7B_antibody.pdb
Converting SMILES to graph: 287/500
3j8wD_antigen.pdb  7mdpHI_antibody.pdb
Converting SMILES to graph: 288/500
3j8wD_antigen.pdb  7wogAB_antibody.pdb
Converting SMILES to graph: 289/500
3j8wD_antigen.pdb  2p44B_antibody.pdb
Converting SMILES to graph: 290/500
3j8wD_antigen.pdb  5dfwHh_antibody.pdb
Converting SMILES to graph: 291/500
3j8zBA_antigen.pdb  3sobHL_antibody.pdb
Converting SMILES to graph: 292/500
3j8zBA_antigen.pdb  8f7wEe_antibody.pdb
Converting SMILES to graph: 293/500
3j8zBA_antigen.pdb  6ylaHL_antibody.pdb
Converting SMILES to graph: 294/500
3j8zBA_antigen.pdb  4xnuHL_antibody.pdb
Converting SMILES to graph: 295/500
3j8zBA_antigen.pdb  7d5uD_antibody.pdb
Converting SMILES to graph: 296/500
3j8zBA_antigen.pdb  4c2iHL_antibody.pdb
Converting SMILES to graph: 297/500
3jabC_antigen.pdb  3v6oCE_antibody.pdb
Converting SMILES to graph: 298/500
3jabC_antigen.pdb  5w42HL_antibody.pdb
Converting SMILES to graph: 299/500
3jabC_antigen.pdb  6blhHL_antibody.pdb
Converting SMILES to graph: 300/500
3jabC_antigen.pdb  4hjgBA_antibody.pdb
Converting SMILES to graph: 301/500
3jabC_antigen.pdb  6warD_antibody.pdb
Converting SMILES to graph: 302/500
3jabC_antigen.pdb  7wr9AB_antibody.pdb
Converting SMILES to graph: 303/500
3jauA_antigen.pdb  1s5hBA_antibody.pdb
Converting SMILES to graph: 304/500
3jauA_antigen.pdb  8eflEe_antibody.pdb
Converting SMILES to graph: 305/500
3jauA_antigen.pdb  1ic4HL_antibody.pdb
Converting SMILES to graph: 306/500
3jauA_antigen.pdb  7t76HL_antibody.pdb
Converting SMILES to graph: 307/500
3jauA_antigen.pdb  1afvHL_antibody.pdb
Converting SMILES to graph: 308/500
3jauA_antigen.pdb  6i6jC_antibody.pdb
Converting SMILES to graph: 309/500
3jbaA_antigen.pdb  8jisN_antibody.pdb
Converting SMILES to graph: 310/500
3jbaA_antigen.pdb  6dfiHL_antibody.pdb
Converting SMILES to graph: 311/500
3jbaA_antigen.pdb  5t3xHL_antibody.pdb
Converting SMILES to graph: 312/500
3jbaA_antigen.pdb  8be2N_antibody.pdb
Converting SMILES to graph: 313/500
3jbaA_antigen.pdb  7zr9FG_antibody.pdb
Converting SMILES to graph: 314/500
3jbc3_antigen.pdb  7tpdEF_antibody.pdb
Converting SMILES to graph: 315/500
3jbc3_antigen.pdb  5gzoCD_antibody.pdb
Converting SMILES to graph: 316/500
3jbc3_antigen.pdb  7n3iHL_antibody.pdb
Converting SMILES to graph: 317/500
3jbc3_antigen.pdb  5y11AB_antibody.pdb
Converting SMILES to graph: 318/500
3jbc3_antigen.pdb  7nvnN_antibody.pdb
Converting SMILES to graph: 319/500
3jbc3_antigen.pdb  7d6iBC_antibody.pdb
Converting SMILES to graph: 320/500
3jbd3_antigen.pdb  5vicHL_antibody.pdb
Converting SMILES to graph: 321/500
3jbd3_antigen.pdb  7o3bA_antibody.pdb
Converting SMILES to graph: 322/500
3jbd3_antigen.pdb  7x8yHL_antibody.pdb
Converting SMILES to graph: 323/500
3jbd3_antigen.pdb  5vgjHL_antibody.pdb
Converting SMILES to graph: 324/500
3jbd3_antigen.pdb  2exyEF_antibody.pdb
Converting SMILES to graph: 325/500
3jbe3_antigen.pdb  1u8jBA_antibody.pdb
Converting SMILES to graph: 326/500
3jbe3_antigen.pdb  4hpoHL_antibody.pdb
Converting SMILES to graph: 327/500
3jbe3_antigen.pdb  6b0nDE_antibody.pdb
Converting SMILES to graph: 328/500
3jbe3_antigen.pdb  7ctuDE_antibody.pdb
Converting SMILES to graph: 329/500
3jbe3_antigen.pdb  8fa7HL_antibody.pdb
Converting SMILES to graph: 330/500
3jbf3_antigen.pdb  5ggrHL_antibody.pdb
Converting SMILES to graph: 331/500
3jbf3_antigen.pdb  7cdjHL_antibody.pdb
Converting SMILES to graph: 332/500
3jbf3_antigen.pdb  4nhhOQ_antibody.pdb
Converting SMILES to graph: 333/500
3jbf3_antigen.pdb  6ddmBA_antibody.pdb
Converting SMILES to graph: 334/500
3jbf3_antigen.pdb  6xblSs_antibody.pdb
Converting SMILES to graph: 335/500
3jbf3_antigen.pdb  8ez7HL_antibody.pdb
Converting SMILES to graph: 336/500
3jbqF_antigen.pdb  7tryHh_antibody.pdb
Converting SMILES to graph: 337/500
3jbqF_antigen.pdb  5ifjJK_antibody.pdb
Converting SMILES to graph: 338/500
3jbqF_antigen.pdb  1ct8BA_antibody.pdb
Converting SMILES to graph: 339/500
3jbqF_antigen.pdb  7zr9FG_antibody.pdb
Converting SMILES to graph: 340/500
3jbqF_antigen.pdb  6rvcF_antibody.pdb
Converting SMILES to graph: 341/500
3jbqF_antigen.pdb  5wt9HL_antibody.pdb
Converting SMILES to graph: 342/500
3jcbA_antigen.pdb  7y9uC_antibody.pdb
Converting SMILES to graph: 343/500
3jcbA_antigen.pdb  2fjgHL_antibody.pdb
Converting SMILES to graph: 344/500
3jcbA_antigen.pdb  6ey6K_antibody.pdb
Converting SMILES to graph: 345/500
3jcbA_antigen.pdb  6vmklk_antibody.pdb
Converting SMILES to graph: 346/500
3jcbA_antigen.pdb  4dqoHL_antibody.pdb
Converting SMILES to graph: 347/500
3jccA_antigen.pdb  3k7uA_antibody.pdb
Converting SMILES to graph: 348/500
3jccA_antigen.pdb  4py8IJ_antibody.pdb
Converting SMILES to graph: 349/500
3jccA_antigen.pdb  5yy5HL_antibody.pdb
Converting SMILES to graph: 350/500
3jccA_antigen.pdb  7ki1N_antibody.pdb
Converting SMILES to graph: 351/500
3jccA_antigen.pdb  4dgyHL_antibody.pdb
Converting SMILES to graph: 352/500
3jccA_antigen.pdb  4xmmHL_antibody.pdb
Converting SMILES to graph: 353/500
3jcxA_antigen.pdb  1e4xHL_antibody.pdb
Converting SMILES to graph: 354/500
3jcxA_antigen.pdb  7mzlHL_antibody.pdb
Converting SMILES to graph: 355/500
3jcxA_antigen.pdb  8i97Hh_antibody.pdb
Converting SMILES to graph: 356/500
3jcxA_antigen.pdb  4cauEe_antibody.pdb
Converting SMILES to graph: 357/500
3jcxA_antigen.pdb  7xczDE_antibody.pdb
Converting SMILES to graph: 358/500
3jcxA_antigen.pdb  6lgwCD_antibody.pdb
Converting SMILES to graph: 359/500
3jwdB_antigen.pdb  8piiA_antibody.pdb
Converting SMILES to graph: 360/500
3jwdB_antigen.pdb  4o5iWX_antibody.pdb
Converting SMILES to graph: 361/500
3jwdB_antigen.pdb  4kjqEF_antibody.pdb
Converting SMILES to graph: 362/500
3jwdB_antigen.pdb  7dfcHL_antibody.pdb
Converting SMILES to graph: 363/500
3jwdB_antigen.pdb  6ni3N_antibody.pdb
Converting SMILES to graph: 364/500
3jwdB_antigen.pdb  8hijHL_antibody.pdb
Converting SMILES to graph: 365/500
3jwoA_antigen.pdb  7lzpH_antibody.pdb
Converting SMILES to graph: 366/500
3jwoA_antigen.pdb  7beiHL_antibody.pdb
Converting SMILES to graph: 367/500
3jwoA_antigen.pdb  6rp8hl_antibody.pdb
Converting SMILES to graph: 368/500
3jwoA_antigen.pdb  7dx4HL_antibody.pdb
Converting SMILES to graph: 369/500
3jwoA_antigen.pdb  6kyzBC_antibody.pdb
Converting SMILES to graph: 370/500
3jwoA_antigen.pdb  2r9hEF_antibody.pdb
Converting SMILES to graph: 371/500
3k1kA_antigen.pdb  7f46HL_antibody.pdb
Converting SMILES to graph: 372/500
3k1kA_antigen.pdb  6mzjHL_antibody.pdb
Converting SMILES to graph: 373/500
3k1kA_antigen.pdb  3rvwDC_antibody.pdb
Converting SMILES to graph: 374/500
3k1kA_antigen.pdb  8cz5HL_antibody.pdb
Converting SMILES to graph: 375/500
3k1kA_antigen.pdb  7x2oHL_antibody.pdb
Converting SMILES to graph: 376/500
3k2uA_antigen.pdb  8w84AB_antibody.pdb
Converting SMILES to graph: 377/500
3k2uA_antigen.pdb  3idgBA_antibody.pdb
Converting SMILES to graph: 378/500
3k2uA_antigen.pdb  1qgcA4_antibody.pdb
Converting SMILES to graph: 379/500
3k2uA_antigen.pdb  8hr2B_antibody.pdb
Converting SMILES to graph: 380/500
3k2uA_antigen.pdb  6x1aN_antibody.pdb
Converting SMILES to graph: 381/500
3k2uA_antigen.pdb  3vg9CB_antibody.pdb
Converting SMILES to graph: 382/500
3k3qCB_antigen.pdb  4jo2HL_antibody.pdb
Converting SMILES to graph: 383/500
3k3qCB_antigen.pdb  8flrN_antibody.pdb
Converting SMILES to graph: 384/500
3k3qCB_antigen.pdb  7pqyHL_antibody.pdb
Converting SMILES to graph: 385/500
3k3qCB_antigen.pdb  1nl0HL_antibody.pdb
Converting SMILES to graph: 386/500
3k3qCB_antigen.pdb  3j8zIM_antibody.pdb
Converting SMILES to graph: 387/500
3k3qCB_antigen.pdb  5ucbHL_antibody.pdb
Converting SMILES to graph: 388/500
3k74A_antigen.pdb  5vagCB_antibody.pdb
Converting SMILES to graph: 389/500
3k74A_antigen.pdb  7wpdXY_antibody.pdb
Converting SMILES to graph: 390/500
3k74A_antigen.pdb  3zksD_antibody.pdb
Converting SMILES to graph: 391/500
3k74A_antigen.pdb  6baeBA_antibody.pdb
Converting SMILES to graph: 392/500
3k74A_antigen.pdb  5uslHL_antibody.pdb
Converting SMILES to graph: 393/500
3k74A_antigen.pdb  8hnkSs_antibody.pdb
Converting SMILES to graph: 394/500
3k7uC_antigen.pdb  8hbgE_antibody.pdb
Converting SMILES to graph: 395/500
3k7uC_antigen.pdb  5tljDC_antibody.pdb
Converting SMILES to graph: 396/500
3k7uC_antigen.pdb  4whtAB_antibody.pdb
Converting SMILES to graph: 397/500
3k7uC_antigen.pdb  6obgC_antibody.pdb
Converting SMILES to graph: 398/500
3k7uC_antigen.pdb  4n1hD_antibody.pdb
Converting SMILES to graph: 399/500
3k80D_antigen.pdb  5vyfBA_antibody.pdb
Converting SMILES to graph: 400/500
3k80D_antigen.pdb  8f0iCD_antibody.pdb
Converting SMILES to graph: 401/500
3k80D_antigen.pdb  5bo1IM_antibody.pdb
Converting SMILES to graph: 402/500
3k80D_antigen.pdb  7k9zHL_antibody.pdb
Converting SMILES to graph: 403/500
3k80D_antigen.pdb  7xa3Ee_antibody.pdb
Converting SMILES to graph: 404/500
3k80D_antigen.pdb  7x8rN_antibody.pdb
Converting SMILES to graph: 405/500
3k81C_antigen.pdb  6sndHL_antibody.pdb
Converting SMILES to graph: 406/500
3k81C_antigen.pdb  5uemHL_antibody.pdb
Converting SMILES to graph: 407/500
3k81C_antigen.pdb  7ebrEF_antibody.pdb
Converting SMILES to graph: 408/500
3k81C_antigen.pdb  6xmiED_antibody.pdb
Converting SMILES to graph: 409/500
3k81C_antigen.pdb  7jvaHL_antibody.pdb
Converting SMILES to graph: 410/500
3k81C_antigen.pdb  6pe8HL_antibody.pdb
Converting SMILES to graph: 411/500
3kj4A_antigen.pdb  3ab0BC_antibody.pdb
Converting SMILES to graph: 412/500
3kj4A_antigen.pdb  4grwF_antibody.pdb
Converting SMILES to graph: 413/500
3kj4A_antigen.pdb  4n9gMN_antibody.pdb
Converting SMILES to graph: 414/500
3kj4A_antigen.pdb  6h72D_antibody.pdb
Converting SMILES to graph: 415/500
3kj4A_antigen.pdb  8g0wC_antibody.pdb
Converting SMILES to graph: 416/500
3kj4A_antigen.pdb  7m3iHL_antibody.pdb
Converting SMILES to graph: 417/500
3kj6A_antigen.pdb  8d8qHL_antibody.pdb
Converting SMILES to graph: 418/500
3kj6A_antigen.pdb  5f1kD_antibody.pdb
Converting SMILES to graph: 419/500
3kj6A_antigen.pdb  4krmF_antibody.pdb
Converting SMILES to graph: 420/500
3kj6A_antigen.pdb  3q3gKJ_antibody.pdb
Converting SMILES to graph: 421/500
3kj6A_antigen.pdb  8dcsN_antibody.pdb
Converting SMILES to graph: 422/500
3kj6A_antigen.pdb  6k65HL_antibody.pdb
Converting SMILES to graph: 423/500
3klhB_antigen.pdb  7x5hEe_antibody.pdb
Converting SMILES to graph: 424/500
3klhB_antigen.pdb  1ic7HL_antibody.pdb
Converting SMILES to graph: 425/500
3klhB_antigen.pdb  7y89Ss_antibody.pdb
Converting SMILES to graph: 426/500
3klhB_antigen.pdb  3vi3FE_antibody.pdb
Converting SMILES to graph: 427/500
3klhB_antigen.pdb  6fy0IM_antibody.pdb
Converting SMILES to graph: 428/500
3klhB_antigen.pdb  8g5fJK_antibody.pdb
Converting SMILES to graph: 429/500
3kr3D_antigen.pdb  7tdmHL_antibody.pdb
Converting SMILES to graph: 430/500
3kr3D_antigen.pdb  6a3wAB_antibody.pdb
Converting SMILES to graph: 431/500
3kr3D_antigen.pdb  6eluKL_antibody.pdb
Converting SMILES to graph: 432/500
3kr3D_antigen.pdb  5hdqHL_antibody.pdb
Converting SMILES to graph: 433/500
3kr3D_antigen.pdb  8jd5Hh_antibody.pdb
Converting SMILES to graph: 434/500
3kr3D_antigen.pdb  6vn0IK_antibody.pdb
Converting SMILES to graph: 435/500
3ks0A_antigen.pdb  6ww2HL_antibody.pdb
Converting SMILES to graph: 436/500
3ks0A_antigen.pdb  5sv3C_antibody.pdb
Converting SMILES to graph: 437/500
3ks0A_antigen.pdb  1hi6BA_antibody.pdb
Converting SMILES to graph: 438/500
3ks0A_antigen.pdb  7pnqDF_antibody.pdb
Converting SMILES to graph: 439/500
3ks0A_antigen.pdb  6co3HL_antibody.pdb
Converting SMILES to graph: 440/500
3ks0A_antigen.pdb  8dnnBC_antibody.pdb
Converting SMILES to graph: 441/500
3l5wJ_antigen.pdb  7nilF_antibody.pdb
Converting SMILES to graph: 442/500
3l5wJ_antigen.pdb  8dl7DC_antibody.pdb
Converting SMILES to graph: 443/500
3l5wJ_antigen.pdb  7x1uDd_antibody.pdb
Converting SMILES to graph: 444/500
3l5wJ_antigen.pdb  7evyEe_antibody.pdb
Converting SMILES to graph: 445/500
3l5wJ_antigen.pdb  6xc2XY_antibody.pdb
Converting SMILES to graph: 446/500
3l5wJ_antigen.pdb  8idnHL_antibody.pdb
Converting SMILES to graph: 447/500
3l5xA_antigen.pdb  5yoyPM_antibody.pdb
Converting SMILES to graph: 448/500
3l5xA_antigen.pdb  5k59EF_antibody.pdb
Converting SMILES to graph: 449/500
3l5xA_antigen.pdb  8gpxHL_antibody.pdb
Converting SMILES to graph: 450/500
3l5xA_antigen.pdb  7wi0CE_antibody.pdb
Converting SMILES to graph: 451/500
3l5xA_antigen.pdb  1pz5BA_antibody.pdb
Converting SMILES to graph: 452/500
3l5xA_antigen.pdb  7t4rPQ_antibody.pdb
Converting SMILES to graph: 453/500
3l5yA_antigen.pdb  4mswAB_antibody.pdb
Converting SMILES to graph: 454/500
3l5yA_antigen.pdb  7evyEe_antibody.pdb
Converting SMILES to graph: 455/500
3l5yA_antigen.pdb  5bk1HL_antibody.pdb
Converting SMILES to graph: 456/500
3l5yA_antigen.pdb  6lraHL_antibody.pdb
Converting SMILES to graph: 457/500
3l5yA_antigen.pdb  7c6aHL_antibody.pdb
Converting SMILES to graph: 458/500
3l95X_antigen.pdb  6yxfHh_antibody.pdb
Converting SMILES to graph: 459/500
3l95X_antigen.pdb  6vboHL_antibody.pdb
Converting SMILES to graph: 460/500
3l95X_antigen.pdb  2r29HL_antibody.pdb
Converting SMILES to graph: 461/500
3l95X_antigen.pdb  7slaB_antibody.pdb
Converting SMILES to graph: 462/500
3l95X_antigen.pdb  5dfvCD_antibody.pdb
Converting SMILES to graph: 463/500
3l95X_antigen.pdb  8ihfSs_antibody.pdb
Converting SMILES to graph: 464/500
3ld8A_antigen.pdb  6wx2AB_antibody.pdb
Converting SMILES to graph: 465/500
3ld8A_antigen.pdb  7yd1AB_antibody.pdb
Converting SMILES to graph: 466/500
3ld8A_antigen.pdb  6wtyHI_antibody.pdb
Converting SMILES to graph: 467/500
3ld8A_antigen.pdb  5o6vHL_antibody.pdb
Converting SMILES to graph: 468/500
3ld8A_antigen.pdb  6vlnHL_antibody.pdb
Converting SMILES to graph: 469/500
3ld8A_antigen.pdb  6gk7HL_antibody.pdb
Converting SMILES to graph: 470/500
3ldbA_antigen.pdb  6ralC_antibody.pdb
Converting SMILES to graph: 471/500
3ldbA_antigen.pdb  7vacBA_antibody.pdb
Converting SMILES to graph: 472/500
3ldbA_antigen.pdb  7w1sB_antibody.pdb
Converting SMILES to graph: 473/500
3ldbA_antigen.pdb  6b3mCD_antibody.pdb
Converting SMILES to graph: 474/500
3ldbA_antigen.pdb  7x10Ee_antibody.pdb
Converting SMILES to graph: 475/500
3ldbA_antigen.pdb  7tb8JK_antibody.pdb
Converting SMILES to graph: 476/500
3levA_antigen.pdb  3etbIi_antibody.pdb
Converting SMILES to graph: 477/500
3levA_antigen.pdb  7rm1CD_antibody.pdb
Converting SMILES to graph: 478/500
3levA_antigen.pdb  3mnzBA_antibody.pdb
Converting SMILES to graph: 479/500
3levA_antigen.pdb  7utzN_antibody.pdb
Converting SMILES to graph: 480/500
3levA_antigen.pdb  6n5bHL_antibody.pdb
Converting SMILES to graph: 481/500
3levA_antigen.pdb  7s6jCD_antibody.pdb
Converting SMILES to graph: 482/500
3lexP_antigen.pdb  2fjhBA_antibody.pdb
Converting SMILES to graph: 483/500
3lexP_antigen.pdb  7x28CD_antibody.pdb
Converting SMILES to graph: 484/500
3lexP_antigen.pdb  7ps4BC_antibody.pdb
Converting SMILES to graph: 485/500
3lexP_antigen.pdb  7r6xHL_antibody.pdb
Converting SMILES to graph: 486/500
3lexP_antigen.pdb  2vxtHL_antibody.pdb
Converting SMILES to graph: 487/500
3leyP_antigen.pdb  3lqaHL_antibody.pdb
Converting SMILES to graph: 488/500
3leyP_antigen.pdb  7lokKJ_antibody.pdb
Converting SMILES to graph: 489/500
3leyP_antigen.pdb  4eizC_antibody.pdb
Converting SMILES to graph: 490/500
3leyP_antigen.pdb  7m7jCD_antibody.pdb
Converting SMILES to graph: 491/500
3leyP_antigen.pdb  7yruHL_antibody.pdb
Converting SMILES to graph: 492/500
3leyP_antigen.pdb  8jd6Dd_antibody.pdb
Converting SMILES to graph: 493/500
3lh2V_antigen.pdb  7qneG_antibody.pdb
Converting SMILES to graph: 494/500
3lh2V_antigen.pdb  5u1fHL_antibody.pdb
Converting SMILES to graph: 495/500
3lh2V_antigen.pdb  4kroB_antibody.pdb
Converting SMILES to graph: 496/500
3lh2V_antigen.pdb  2nxyDC_antibody.pdb
Converting SMILES to graph: 497/500
3lh2V_antigen.pdb  7ejyHL_antibody.pdb
Converting SMILES to graph: 498/500
3lh2V_antigen.pdb  5b71DC_antibody.pdb
Converting SMILES to graph: 499/500
3lhpS_antigen.pdb  7xmxEF_antibody.pdb
Converting SMILES to graph: 500/500
3lhpS_antigen.pdb  8foiHL_antibody.pdb
Graph construction done. Saving to file.
