Converting SMILES to graph: 1/500
7a0yB_antigen.pdb  7zwfBb_antibody.pdb
Converting SMILES to graph: 2/500
7a0yB_antigen.pdb  1i8kBA_antibody.pdb
Converting SMILES to graph: 3/500
7a17A_antigen.pdb  7lezRP_antibody.pdb
Converting SMILES to graph: 4/500
7a17A_antigen.pdb  5dhxBb_antibody.pdb
Converting SMILES to graph: 5/500
7a17A_antigen.pdb  6zhdD_antibody.pdb
Converting SMILES to graph: 6/500
7a17A_antigen.pdb  6woqCD_antibody.pdb
Converting SMILES to graph: 7/500
7a17A_antigen.pdb  5x2mJK_antibody.pdb
Converting SMILES to graph: 8/500
7a17A_antigen.pdb  5hdbEF_antibody.pdb
Converting SMILES to graph: 9/500
7a25A_antigen.pdb  6adcEF_antibody.pdb
Converting SMILES to graph: 10/500
7a25A_antigen.pdb  7xliB_antibody.pdb
Converting SMILES to graph: 11/500
7a25A_antigen.pdb  4kkaCD_antibody.pdb
Converting SMILES to graph: 12/500
7a25A_antigen.pdb  6xe1HL_antibody.pdb
Converting SMILES to graph: 13/500
7a25A_antigen.pdb  4okvAB_antibody.pdb
Converting SMILES to graph: 14/500
7a25A_antigen.pdb  7f46HL_antibody.pdb
Converting SMILES to graph: 15/500
7a29A_antigen.pdb  7tgiB_antibody.pdb
Converting SMILES to graph: 16/500
7a29A_antigen.pdb  7t11Ss_antibody.pdb
Converting SMILES to graph: 17/500
7a29A_antigen.pdb  8h63B_antibody.pdb
Converting SMILES to graph: 18/500
7a29A_antigen.pdb  7uc8Hh_antibody.pdb
Converting SMILES to graph: 19/500
7a29A_antigen.pdb  7ndaHL_antibody.pdb
Converting SMILES to graph: 20/500
7a29A_antigen.pdb  7kqhHL_antibody.pdb
Converting SMILES to graph: 21/500
7a3nA_antigen.pdb  6icfHL_antibody.pdb
Converting SMILES to graph: 22/500
7a3nA_antigen.pdb  7k9kHL_antibody.pdb
Converting SMILES to graph: 23/500
7a3nA_antigen.pdb  7lx5C_antibody.pdb
Converting SMILES to graph: 24/500
7a3nA_antigen.pdb  3pnwBA_antibody.pdb
Converting SMILES to graph: 25/500
7a3nA_antigen.pdb  7xatEe_antibody.pdb
Converting SMILES to graph: 26/500
7a3nA_antigen.pdb  3wd5HL_antibody.pdb
Converting SMILES to graph: 27/500
7a3oA_antigen.pdb  5o1rHL_antibody.pdb
Converting SMILES to graph: 28/500
7a3oA_antigen.pdb  8gb8HL_antibody.pdb
Converting SMILES to graph: 29/500
7a3oA_antigen.pdb  4hg4PQ_antibody.pdb
Converting SMILES to graph: 30/500
7a3oA_antigen.pdb  5xwdHD_antibody.pdb
Converting SMILES to graph: 31/500
7a3oA_antigen.pdb  8jd6Dd_antibody.pdb
Converting SMILES to graph: 32/500
7a3oA_antigen.pdb  6uc6C_antibody.pdb
Converting SMILES to graph: 33/500
7a3pA_antigen.pdb  7t2pHL_antibody.pdb
Converting SMILES to graph: 34/500
7a3pA_antigen.pdb  5jq6HL_antibody.pdb
Converting SMILES to graph: 35/500
7a3pA_antigen.pdb  7y0vHL_antibody.pdb
Converting SMILES to graph: 36/500
7a3pA_antigen.pdb  8fa8HL_antibody.pdb
Converting SMILES to graph: 37/500
7a3pA_antigen.pdb  7sscHL_antibody.pdb
Converting SMILES to graph: 38/500
7a3pA_antigen.pdb  4cadED_antibody.pdb
Converting SMILES to graph: 39/500
7a3qA_antigen.pdb  3fn0HL_antibody.pdb
Converting SMILES to graph: 40/500
7a3qA_antigen.pdb  6lz9HL_antibody.pdb
Converting SMILES to graph: 41/500
7a3qA_antigen.pdb  8dpzFG_antibody.pdb
Converting SMILES to graph: 42/500
7a3qA_antigen.pdb  8h0qEe_antibody.pdb
Converting SMILES to graph: 43/500
7a3qA_antigen.pdb  5mp3AB_antibody.pdb
Converting SMILES to graph: 44/500
7a3qA_antigen.pdb  4s10B_antibody.pdb
Converting SMILES to graph: 45/500
7a3tA_antigen.pdb  7te9MN_antibody.pdb
Converting SMILES to graph: 46/500
7a3tA_antigen.pdb  4qtiHL_antibody.pdb
Converting SMILES to graph: 47/500
7a3tA_antigen.pdb  8e9wEe_antibody.pdb
Converting SMILES to graph: 48/500
7a3tA_antigen.pdb  7cecHI_antibody.pdb
Converting SMILES to graph: 49/500
7a3tA_antigen.pdb  7v9lN_antibody.pdb
Converting SMILES to graph: 50/500
7a3tA_antigen.pdb  6t9dAB_antibody.pdb
Converting SMILES to graph: 51/500
7a3uA_antigen.pdb  5l6yHL_antibody.pdb
Converting SMILES to graph: 52/500
7a3uA_antigen.pdb  7mdjAB_antibody.pdb
Converting SMILES to graph: 53/500
7a3uA_antigen.pdb  5u3lHL_antibody.pdb
Converting SMILES to graph: 54/500
7a3uA_antigen.pdb  7tufHL_antibody.pdb
Converting SMILES to graph: 55/500
7a3uA_antigen.pdb  6ranC_antibody.pdb
Converting SMILES to graph: 56/500
7a3uA_antigen.pdb  7kddDE_antibody.pdb
Converting SMILES to graph: 57/500
7a48B_antigen.pdb  7y8jHL_antibody.pdb
Converting SMILES to graph: 58/500
7a48B_antigen.pdb  7xy3D_antibody.pdb
Converting SMILES to graph: 59/500
7a48B_antigen.pdb  7uzaHL_antibody.pdb
Converting SMILES to graph: 60/500
7a48B_antigen.pdb  7sn3FG_antibody.pdb
Converting SMILES to graph: 61/500
7a48B_antigen.pdb  8fbwCD_antibody.pdb
Converting SMILES to graph: 62/500
7a48B_antigen.pdb  4ffzZY_antibody.pdb
Converting SMILES to graph: 63/500
7a4dE_antigen.pdb  7e3oHL_antibody.pdb
Converting SMILES to graph: 64/500
7a4dE_antigen.pdb  7ps0HL_antibody.pdb
Converting SMILES to graph: 65/500
7a4dE_antigen.pdb  6pe9HL_antibody.pdb
Converting SMILES to graph: 66/500
7a4dE_antigen.pdb  6b9yBA_antibody.pdb
Converting SMILES to graph: 67/500
7a4dE_antigen.pdb  6mu7HL_antibody.pdb
Converting SMILES to graph: 68/500
7a4dE_antigen.pdb  2h2pEF_antibody.pdb
Converting SMILES to graph: 69/500
7a4tCB_antigen.pdb  7lucFG_antibody.pdb
Converting SMILES to graph: 70/500
7a4tCB_antigen.pdb  6w03HL_antibody.pdb
Converting SMILES to graph: 71/500
7a4tCB_antigen.pdb  5jymDd_antibody.pdb
Converting SMILES to graph: 72/500
7a4tCB_antigen.pdb  6cbvHL_antibody.pdb
Converting SMILES to graph: 73/500
7a4tCB_antigen.pdb  7yagC_antibody.pdb
Converting SMILES to graph: 74/500
7a4tCB_antigen.pdb  7l3nDE_antibody.pdb
Converting SMILES to graph: 75/500
7a4yED_antigen.pdb  7ldjG_antibody.pdb
Converting SMILES to graph: 76/500
7a4yED_antigen.pdb  6x1aN_antibody.pdb
Converting SMILES to graph: 77/500
7a4yED_antigen.pdb  5fhxH_antibody.pdb
Converting SMILES to graph: 78/500
7a4yED_antigen.pdb  6hjpIJ_antibody.pdb
Converting SMILES to graph: 79/500
7a4yED_antigen.pdb  6lmlDd_antibody.pdb
Converting SMILES to graph: 80/500
7a4yED_antigen.pdb  6wbvHL_antibody.pdb
Converting SMILES to graph: 81/500
7a50D_antigen.pdb  7e7xHL_antibody.pdb
Converting SMILES to graph: 82/500
7a50D_antigen.pdb  2b1aHL_antibody.pdb
Converting SMILES to graph: 83/500
7a50D_antigen.pdb  8iv5HL_antibody.pdb
Converting SMILES to graph: 84/500
7a50D_antigen.pdb  7t92HL_antibody.pdb
Converting SMILES to graph: 85/500
7a50D_antigen.pdb  3ezjB_antibody.pdb
Converting SMILES to graph: 86/500
7a50D_antigen.pdb  6al1HL_antibody.pdb
Converting SMILES to graph: 87/500
7a5rB_antigen.pdb  7sszE_antibody.pdb
Converting SMILES to graph: 88/500
7a5rB_antigen.pdb  7y1bHL_antibody.pdb
Converting SMILES to graph: 89/500
7a5rB_antigen.pdb  7dccDH_antibody.pdb
Converting SMILES to graph: 90/500
7a5rB_antigen.pdb  6os9Dd_antibody.pdb
Converting SMILES to graph: 91/500
7a5rB_antigen.pdb  7ph7C_antibody.pdb
Converting SMILES to graph: 92/500
7a5rB_antigen.pdb  7nkiF_antibody.pdb
Converting SMILES to graph: 93/500
7a5sA_antigen.pdb  7sr4B_antibody.pdb
Converting SMILES to graph: 94/500
7a5sA_antigen.pdb  6glxCD_antibody.pdb
Converting SMILES to graph: 95/500
7a5sA_antigen.pdb  1mhpHL_antibody.pdb
Converting SMILES to graph: 96/500
7a5sA_antigen.pdb  6cdimn_antibody.pdb
Converting SMILES to graph: 97/500
7a5sA_antigen.pdb  6p4bBA_antibody.pdb
Converting SMILES to graph: 98/500
7a5sA_antigen.pdb  6u52C_antibody.pdb
Converting SMILES to graph: 99/500
7a5vA_antigen.pdb  4ogyHL_antibody.pdb
Converting SMILES to graph: 100/500
7a5vA_antigen.pdb  7x8rN_antibody.pdb
Converting SMILES to graph: 101/500
7a5vA_antigen.pdb  8bpkB_antibody.pdb
Converting SMILES to graph: 102/500
7a5vA_antigen.pdb  7n4jHL_antibody.pdb
Converting SMILES to graph: 103/500
7a5vA_antigen.pdb  3ux9Bb_antibody.pdb
Converting SMILES to graph: 104/500
7a5vA_antigen.pdb  4hkxAB_antibody.pdb
Converting SMILES to graph: 105/500
7a65A_antigen.pdb  6xeyJK_antibody.pdb
Converting SMILES to graph: 106/500
7a65A_antigen.pdb  7cu5Aa_antibody.pdb
Converting SMILES to graph: 107/500
7a65A_antigen.pdb  7q3rF_antibody.pdb
Converting SMILES to graph: 108/500
7a65A_antigen.pdb  7dm2HL_antibody.pdb
Converting SMILES to graph: 109/500
7a65A_antigen.pdb  6lgwCD_antibody.pdb
Converting SMILES to graph: 110/500
7a65A_antigen.pdb  4xcfHL_antibody.pdb
Converting SMILES to graph: 111/500
7a69A_antigen.pdb  7s0dHL_antibody.pdb
Converting SMILES to graph: 112/500
7a69A_antigen.pdb  8jlnSs_antibody.pdb
Converting SMILES to graph: 113/500
7a69A_antigen.pdb  7q9kHL_antibody.pdb
Converting SMILES to graph: 114/500
7a69A_antigen.pdb  3eoaHL_antibody.pdb
Converting SMILES to graph: 115/500
7a69A_antigen.pdb  2v17HL_antibody.pdb
Converting SMILES to graph: 116/500
7a69A_antigen.pdb  7nd3HL_antibody.pdb
Converting SMILES to graph: 117/500
7a6cA_antigen.pdb  6vo1GJ_antibody.pdb
Converting SMILES to graph: 118/500
7a6cA_antigen.pdb  5vphDC_antibody.pdb
Converting SMILES to graph: 119/500
7a6cA_antigen.pdb  6nfuAB_antibody.pdb
Converting SMILES to graph: 120/500
7a6cA_antigen.pdb  5vxkB_antibody.pdb
Converting SMILES to graph: 121/500
7a6cA_antigen.pdb  8haoF_antibody.pdb
Converting SMILES to graph: 122/500
7a6cA_antigen.pdb  6hxwCD_antibody.pdb
Converting SMILES to graph: 123/500
7a6eA_antigen.pdb  3k3qA_antibody.pdb
Converting SMILES to graph: 124/500
7a6eA_antigen.pdb  6nnfHL_antibody.pdb
Converting SMILES to graph: 125/500
7a6eA_antigen.pdb  5kjrHL_antibody.pdb
Converting SMILES to graph: 126/500
7a6eA_antigen.pdb  7fahHL_antibody.pdb
Converting SMILES to graph: 127/500
7a6eA_antigen.pdb  7ua2Bb_antibody.pdb
Converting SMILES to graph: 128/500
7a6eA_antigen.pdb  6t9eAB_antibody.pdb
Converting SMILES to graph: 129/500
7a6fA_antigen.pdb  6rvcF_antibody.pdb
Converting SMILES to graph: 130/500
7a6fA_antigen.pdb  8ejkEe_antibody.pdb
Converting SMILES to graph: 131/500
7a6fA_antigen.pdb  6idlIJ_antibody.pdb
Converting SMILES to graph: 132/500
7a6fA_antigen.pdb  6gciB_antibody.pdb
Converting SMILES to graph: 133/500
7a6fA_antigen.pdb  4zpvHL_antibody.pdb
Converting SMILES to graph: 134/500
7a6fA_antigen.pdb  7x94HL_antibody.pdb
Converting SMILES to graph: 135/500
7a6oA_antigen.pdb  4w6yB_antibody.pdb
Converting SMILES to graph: 136/500
7a6oA_antigen.pdb  7m53HL_antibody.pdb
Converting SMILES to graph: 137/500
7a6oA_antigen.pdb  7sjsHL_antibody.pdb
Converting SMILES to graph: 138/500
7a6oA_antigen.pdb  8dwcEe_antibody.pdb
Converting SMILES to graph: 139/500
7a6oA_antigen.pdb  7ufnBC_antibody.pdb
Converting SMILES to graph: 140/500
7a6oA_antigen.pdb  7jumIi_antibody.pdb
Converting SMILES to graph: 141/500
7aejA_antigen.pdb  7uarFG_antibody.pdb
Converting SMILES to graph: 142/500
7aejA_antigen.pdb  6wtyHI_antibody.pdb
Converting SMILES to graph: 143/500
7aejA_antigen.pdb  7s6kFG_antibody.pdb
Converting SMILES to graph: 144/500
7aejA_antigen.pdb  4nztHL_antibody.pdb
Converting SMILES to graph: 145/500
7aejA_antigen.pdb  3u4eHL_antibody.pdb
Converting SMILES to graph: 146/500
7aejA_antigen.pdb  7y6lHL_antibody.pdb
Converting SMILES to graph: 147/500
7ahuEF_antigen.pdb  7ly2FC_antibody.pdb
Converting SMILES to graph: 148/500
7ahuEF_antigen.pdb  6w0jAB_antibody.pdb
Converting SMILES to graph: 149/500
7ahuEF_antigen.pdb  7f1gD_antibody.pdb
Converting SMILES to graph: 150/500
7ahuEF_antigen.pdb  7uarFG_antibody.pdb
Converting SMILES to graph: 151/500
7ahuEF_antigen.pdb  6cdimn_antibody.pdb
Converting SMILES to graph: 152/500
7ahuEF_antigen.pdb  6bzwCD_antibody.pdb
Converting SMILES to graph: 153/500
7ahvH_antigen.pdb  3sm5IM_antibody.pdb
Converting SMILES to graph: 154/500
7ahvH_antigen.pdb  7vztBC_antibody.pdb
Converting SMILES to graph: 155/500
7ahvH_antigen.pdb  6utkDE_antibody.pdb
Converting SMILES to graph: 156/500
7ahvH_antigen.pdb  3jcbCB_antibody.pdb
Converting SMILES to graph: 157/500
7ahvH_antigen.pdb  7mlhCA_antibody.pdb
Converting SMILES to graph: 158/500
7akdB_antigen.pdb  3gheHL_antibody.pdb
Converting SMILES to graph: 159/500
7akdB_antigen.pdb  5m2mJ_antibody.pdb
Converting SMILES to graph: 160/500
7akdB_antigen.pdb  2w0fAB_antibody.pdb
Converting SMILES to graph: 161/500
7akdB_antigen.pdb  2p45B_antibody.pdb
Converting SMILES to graph: 162/500
7akdB_antigen.pdb  7t0wHL_antibody.pdb
Converting SMILES to graph: 163/500
7akjA_antigen.pdb  2mpaHL_antibody.pdb
Converting SMILES to graph: 164/500
7akjA_antigen.pdb  6udaKL_antibody.pdb
Converting SMILES to graph: 165/500
7akjA_antigen.pdb  5hhvHL_antibody.pdb
Converting SMILES to graph: 166/500
7akjA_antigen.pdb  3rjqB_antibody.pdb
Converting SMILES to graph: 167/500
7akjA_antigen.pdb  7t76HL_antibody.pdb
Converting SMILES to graph: 168/500
7akjA_antigen.pdb  8e8rHL_antibody.pdb
Converting SMILES to graph: 169/500
7ampB_antigen.pdb  6dfgHL_antibody.pdb
Converting SMILES to graph: 170/500
7ampB_antigen.pdb  4qwwDC_antibody.pdb
Converting SMILES to graph: 171/500
7ampB_antigen.pdb  7wonHL_antibody.pdb
Converting SMILES to graph: 172/500
7ampB_antigen.pdb  7s5qBC_antibody.pdb
Converting SMILES to graph: 173/500
7ampB_antigen.pdb  7aqgC_antibody.pdb
Converting SMILES to graph: 174/500
7amqB_antigen.pdb  8fx5Hh_antibody.pdb
Converting SMILES to graph: 175/500
7amqB_antigen.pdb  8hhyHL_antibody.pdb
Converting SMILES to graph: 176/500
7amqB_antigen.pdb  7dk2DE_antibody.pdb
Converting SMILES to graph: 177/500
7amqB_antigen.pdb  7ocyC_antibody.pdb
Converting SMILES to graph: 178/500
7amqB_antigen.pdb  7rfpHL_antibody.pdb
Converting SMILES to graph: 179/500
7amqB_antigen.pdb  7y1fEe_antibody.pdb
Converting SMILES to graph: 180/500
7amrB_antigen.pdb  5kzpFJ_antibody.pdb
Converting SMILES to graph: 181/500
7amrB_antigen.pdb  5myxBA_antibody.pdb
Converting SMILES to graph: 182/500
7amrB_antigen.pdb  7yxuHL_antibody.pdb
Converting SMILES to graph: 183/500
7amrB_antigen.pdb  7btsB_antibody.pdb
Converting SMILES to graph: 184/500
7amrB_antigen.pdb  8elpHL_antibody.pdb
Converting SMILES to graph: 185/500
7amrB_antigen.pdb  6n1whl_antibody.pdb
Converting SMILES to graph: 186/500
7amsB_antigen.pdb  7rdwGI_antibody.pdb
Converting SMILES to graph: 187/500
7amsB_antigen.pdb  8flsN_antibody.pdb
Converting SMILES to graph: 188/500
7amsB_antigen.pdb  2bobAB_antibody.pdb
Converting SMILES to graph: 189/500
7amsB_antigen.pdb  7qn5F_antibody.pdb
Converting SMILES to graph: 190/500
7amsB_antigen.pdb  8dy1Cc_antibody.pdb
Converting SMILES to graph: 191/500
7anqA_antigen.pdb  7nx8HL_antibody.pdb
Converting SMILES to graph: 192/500
7anqA_antigen.pdb  6utkDE_antibody.pdb
Converting SMILES to graph: 193/500
7anqA_antigen.pdb  5te6HL_antibody.pdb
Converting SMILES to graph: 194/500
7anqA_antigen.pdb  7vuiN_antibody.pdb
Converting SMILES to graph: 195/500
7anqA_antigen.pdb  7y0oHL_antibody.pdb
Converting SMILES to graph: 196/500
7anqA_antigen.pdb  7yj4Ss_antibody.pdb
Converting SMILES to graph: 197/500
7apjA_antigen.pdb  6o41BA_antibody.pdb
Converting SMILES to graph: 198/500
7apjA_antigen.pdb  6vrlBC_antibody.pdb
Converting SMILES to graph: 199/500
7apjA_antigen.pdb  8afmD_antibody.pdb
Converting SMILES to graph: 200/500
7apjA_antigen.pdb  7yi6DB_antibody.pdb
Converting SMILES to graph: 201/500
7apjA_antigen.pdb  6vlnHL_antibody.pdb
Converting SMILES to graph: 202/500
7apjA_antigen.pdb  3rvxDC_antibody.pdb
Converting SMILES to graph: 203/500
7aqgA_antigen.pdb  5my6B_antibody.pdb
Converting SMILES to graph: 204/500
7aqgA_antigen.pdb  6zjgHL_antibody.pdb
Converting SMILES to graph: 205/500
7aqgA_antigen.pdb  6ss4HL_antibody.pdb
Converting SMILES to graph: 206/500
7aqgA_antigen.pdb  7swnHL_antibody.pdb
Converting SMILES to graph: 207/500
7aqgA_antigen.pdb  4ersHL_antibody.pdb
Converting SMILES to graph: 208/500
7aqxA_antigen.pdb  7u0aHL_antibody.pdb
Converting SMILES to graph: 209/500
7aqxA_antigen.pdb  7xmxEF_antibody.pdb
Converting SMILES to graph: 210/500
7aqxA_antigen.pdb  2r4rHL_antibody.pdb
Converting SMILES to graph: 211/500
7aqxA_antigen.pdb  1za3HL_antibody.pdb
Converting SMILES to graph: 212/500
7aqxA_antigen.pdb  6x78HL_antibody.pdb
Converting SMILES to graph: 213/500
7aqxA_antigen.pdb  4nc2B_antibody.pdb
Converting SMILES to graph: 214/500
7aqyA_antigen.pdb  6ukjHL_antibody.pdb
Converting SMILES to graph: 215/500
7aqyA_antigen.pdb  8fu6N_antibody.pdb
Converting SMILES to graph: 216/500
7aqyA_antigen.pdb  1w72IM_antibody.pdb
Converting SMILES to graph: 217/500
7aqyA_antigen.pdb  7bw0N_antibody.pdb
Converting SMILES to graph: 218/500
7aqyA_antigen.pdb  7jvcHL_antibody.pdb
Converting SMILES to graph: 219/500
7aqyA_antigen.pdb  7xtpC_antibody.pdb
Converting SMILES to graph: 220/500
7aqzA_antigen.pdb  6u55A_antibody.pdb
Converting SMILES to graph: 221/500
7aqzA_antigen.pdb  1tqcBC_antibody.pdb
Converting SMILES to graph: 222/500
7aqzA_antigen.pdb  6xq0BC_antibody.pdb
Converting SMILES to graph: 223/500
7aqzA_antigen.pdb  6bzvCD_antibody.pdb
Converting SMILES to graph: 224/500
7aqzA_antigen.pdb  8f7qEe_antibody.pdb
Converting SMILES to graph: 225/500
7aqzA_antigen.pdb  7lpnD_antibody.pdb
Converting SMILES to graph: 226/500
7ar0A_antigen.pdb  6aq7HL_antibody.pdb
Converting SMILES to graph: 227/500
7ar0A_antigen.pdb  7vmuAa_antibody.pdb
Converting SMILES to graph: 228/500
7ar0A_antigen.pdb  7yrfFE_antibody.pdb
Converting SMILES to graph: 229/500
7ar0A_antigen.pdb  7m6eDC_antibody.pdb
Converting SMILES to graph: 230/500
7ar0A_antigen.pdb  7rt9CD_antibody.pdb
Converting SMILES to graph: 231/500
7ar0A_antigen.pdb  8cw9JB_antibody.pdb
Converting SMILES to graph: 232/500
7aueAB_antigen.pdb  6kpgSs_antibody.pdb
Converting SMILES to graph: 233/500
7aueAB_antigen.pdb  7ew2Ss_antibody.pdb
Converting SMILES to graph: 234/500
7aueAB_antigen.pdb  7ly9BC_antibody.pdb
Converting SMILES to graph: 235/500
7aueAB_antigen.pdb  8a67D_antibody.pdb
Converting SMILES to graph: 236/500
7aueAB_antigen.pdb  7uarFG_antibody.pdb
Converting SMILES to graph: 237/500
7aueAB_antigen.pdb  5gjtHL_antibody.pdb
Converting SMILES to graph: 238/500
7azbA_antigen.pdb  4hepG_antibody.pdb
Converting SMILES to graph: 239/500
7azbA_antigen.pdb  7ws4IH_antibody.pdb
Converting SMILES to graph: 240/500
7azbA_antigen.pdb  6b5oHL_antibody.pdb
Converting SMILES to graph: 241/500
7azbA_antigen.pdb  1v7nKO_antibody.pdb
Converting SMILES to graph: 242/500
7azbA_antigen.pdb  8dceHh_antibody.pdb
Converting SMILES to graph: 243/500
7azbA_antigen.pdb  7yviJH_antibody.pdb
Converting SMILES to graph: 244/500
7b09A_antigen.pdb  4nc2B_antibody.pdb
Converting SMILES to graph: 245/500
7b09A_antigen.pdb  5vn3MO_antibody.pdb
Converting SMILES to graph: 246/500
7b09A_antigen.pdb  6j11FG_antibody.pdb
Converting SMILES to graph: 247/500
7b09A_antigen.pdb  6o42HL_antibody.pdb
Converting SMILES to graph: 248/500
7b09A_antigen.pdb  5sv3C_antibody.pdb
Converting SMILES to graph: 249/500
7b09A_antigen.pdb  8hecED_antibody.pdb
Converting SMILES to graph: 250/500
7b0bF_antigen.pdb  5my6B_antibody.pdb
Converting SMILES to graph: 251/500
7b0bF_antigen.pdb  6wdsHL_antibody.pdb
Converting SMILES to graph: 252/500
7b0bF_antigen.pdb  7urqHL_antibody.pdb
Converting SMILES to graph: 253/500
7b0bF_antigen.pdb  7r4iD_antibody.pdb
Converting SMILES to graph: 254/500
7b0bF_antigen.pdb  7wybEe_antibody.pdb
Converting SMILES to graph: 255/500
7b0bF_antigen.pdb  6utaAB_antibody.pdb
Converting SMILES to graph: 256/500
7b14A_antigen.pdb  4gmsJN_antibody.pdb
Converting SMILES to graph: 257/500
7b14A_antigen.pdb  7kzxDC_antibody.pdb
Converting SMILES to graph: 258/500
7b14A_antigen.pdb  7rd4AB_antibody.pdb
Converting SMILES to graph: 259/500
7b14A_antigen.pdb  6z2mBC_antibody.pdb
Converting SMILES to graph: 260/500
7b14A_antigen.pdb  8as2HL_antibody.pdb
Converting SMILES to graph: 261/500
7b14A_antigen.pdb  5xxyHL_antibody.pdb
Converting SMILES to graph: 262/500
7b17A_antigen.pdb  8d9zBA_antibody.pdb
Converting SMILES to graph: 263/500
7b17A_antigen.pdb  5o0wH_antibody.pdb
Converting SMILES to graph: 264/500
7b17A_antigen.pdb  6cmgCB_antibody.pdb
Converting SMILES to graph: 265/500
7b17A_antigen.pdb  5d1zDC_antibody.pdb
Converting SMILES to graph: 266/500
7b17A_antigen.pdb  7xp6N_antibody.pdb
Converting SMILES to graph: 267/500
7b17A_antigen.pdb  6tybHL_antibody.pdb
Converting SMILES to graph: 268/500
7b18C_antigen.pdb  8izbN_antibody.pdb
Converting SMILES to graph: 269/500
7b18C_antigen.pdb  3o45AB_antibody.pdb
Converting SMILES to graph: 270/500
7b18C_antigen.pdb  2ny7HL_antibody.pdb
Converting SMILES to graph: 271/500
7b18C_antigen.pdb  6a96L_antibody.pdb
Converting SMILES to graph: 272/500
7b18C_antigen.pdb  2p4aB_antibody.pdb
Converting SMILES to graph: 273/500
7b18C_antigen.pdb  1a2yBA_antibody.pdb
Converting SMILES to graph: 274/500
7b27A_antigen.pdb  5tz2HL_antibody.pdb
Converting SMILES to graph: 275/500
7b27A_antigen.pdb  1acyHL_antibody.pdb
Converting SMILES to graph: 276/500
7b27A_antigen.pdb  5e5mD_antibody.pdb
Converting SMILES to graph: 277/500
7b27A_antigen.pdb  4n0yHL_antibody.pdb
Converting SMILES to graph: 278/500
7b27A_antigen.pdb  6feqDC_antibody.pdb
Converting SMILES to graph: 279/500
7b27A_antigen.pdb  6o3cB_antibody.pdb
Converting SMILES to graph: 280/500
7b2mBA_antigen.pdb  7xdaBC_antibody.pdb
Converting SMILES to graph: 281/500
7b2mBA_antigen.pdb  7zxkHL_antibody.pdb
Converting SMILES to graph: 282/500
7b2mBA_antigen.pdb  7k7iXY_antibody.pdb
Converting SMILES to graph: 283/500
7b2mBA_antigen.pdb  8hnkSs_antibody.pdb
Converting SMILES to graph: 284/500
7b2mBA_antigen.pdb  7nd0HL_antibody.pdb
Converting SMILES to graph: 285/500
7b2mBA_antigen.pdb  7k78Kk_antibody.pdb
Converting SMILES to graph: 286/500
7b2pBA_antigen.pdb  7wnbHL_antibody.pdb
Converting SMILES to graph: 287/500
7b2pBA_antigen.pdb  3so3CB_antibody.pdb
Converting SMILES to graph: 288/500
7b2pBA_antigen.pdb  8h4lN_antibody.pdb
Converting SMILES to graph: 289/500
7b2pBA_antigen.pdb  6dcwHL_antibody.pdb
Converting SMILES to graph: 290/500
7b2pBA_antigen.pdb  8idnHL_antibody.pdb
Converting SMILES to graph: 291/500
7b2pBA_antigen.pdb  5njdTS_antibody.pdb
Converting SMILES to graph: 292/500
7b2qCB_antigen.pdb  2h1pHL_antibody.pdb
Converting SMILES to graph: 293/500
7b2qCB_antigen.pdb  7y1bHL_antibody.pdb
Converting SMILES to graph: 294/500
7b2qCB_antigen.pdb  7m30FG_antibody.pdb
Converting SMILES to graph: 295/500
7b2qCB_antigen.pdb  3ifpEF_antibody.pdb
Converting SMILES to graph: 296/500
7b2qCB_antigen.pdb  2b2xHL_antibody.pdb
Converting SMILES to graph: 297/500
7b2qCB_antigen.pdb  8flwHL_antibody.pdb
Converting SMILES to graph: 298/500
7b3oE_antigen.pdb  7mzfHL_antibody.pdb
Converting SMILES to graph: 299/500
7b3oE_antigen.pdb  7xouN_antibody.pdb
Converting SMILES to graph: 300/500
7b3oE_antigen.pdb  7ndbHL_antibody.pdb
Converting SMILES to graph: 301/500
7b3oE_antigen.pdb  3v4vHL_antibody.pdb
Converting SMILES to graph: 302/500
7b3oE_antigen.pdb  6s0yA_antibody.pdb
Converting SMILES to graph: 303/500
7b3oE_antigen.pdb  5erwAB_antibody.pdb
Converting SMILES to graph: 304/500
7b5gA_antigen.pdb  5ukrHL_antibody.pdb
Converting SMILES to graph: 305/500
7b5gA_antigen.pdb  8cafBA_antibody.pdb
Converting SMILES to graph: 306/500
7b5gA_antigen.pdb  7evyEe_antibody.pdb
Converting SMILES to graph: 307/500
7b5gA_antigen.pdb  7yruHL_antibody.pdb
Converting SMILES to graph: 308/500
7b5gA_antigen.pdb  7webGI_antibody.pdb
Converting SMILES to graph: 309/500
7b5gA_antigen.pdb  8h01ED_antibody.pdb
Converting SMILES to graph: 310/500
7bb6CE_antigen.pdb  7sk5FE_antibody.pdb
Converting SMILES to graph: 311/500
7bb6CE_antigen.pdb  8efbEe_antibody.pdb
Converting SMILES to graph: 312/500
7bb6CE_antigen.pdb  6i07Bb_antibody.pdb
Converting SMILES to graph: 313/500
7bb6CE_antigen.pdb  6wfzHL_antibody.pdb
Converting SMILES to graph: 314/500
7bb6CE_antigen.pdb  7p5vG_antibody.pdb
Converting SMILES to graph: 315/500
7bb6CE_antigen.pdb  7niwCB_antibody.pdb
Converting SMILES to graph: 316/500
7bb7ECF_antigen.pdb  6hjxH_antibody.pdb
Converting SMILES to graph: 317/500
7bb7ECF_antigen.pdb  6ws6CD_antibody.pdb
Converting SMILES to graph: 318/500
7bb7ECF_antigen.pdb  8f9wAB_antibody.pdb
Converting SMILES to graph: 319/500
7bb7ECF_antigen.pdb  5x2mJK_antibody.pdb
Converting SMILES to graph: 320/500
7bb7ECF_antigen.pdb  3j8vFJ_antibody.pdb
Converting SMILES to graph: 321/500
7bb7ECF_antigen.pdb  6o42HL_antibody.pdb
Converting SMILES to graph: 322/500
7bbgAC_antigen.pdb  7k8zMN_antibody.pdb
Converting SMILES to graph: 323/500
7bbgAC_antigen.pdb  6zdhHL_antibody.pdb
Converting SMILES to graph: 324/500
7bbgAC_antigen.pdb  7chhJK_antibody.pdb
Converting SMILES to graph: 325/500
7bbgAC_antigen.pdb  7d4bB_antibody.pdb
Converting SMILES to graph: 326/500
7bbgAC_antigen.pdb  5d72MN_antibody.pdb
Converting SMILES to graph: 327/500
7bbgAC_antigen.pdb  1u8qBA_antibody.pdb
Converting SMILES to graph: 328/500
7bbjB_antigen.pdb  1qfwIM_antibody.pdb
Converting SMILES to graph: 329/500
7bbjB_antigen.pdb  7kfvFG_antibody.pdb
Converting SMILES to graph: 330/500
7bbjB_antigen.pdb  6ommEe_antibody.pdb
Converting SMILES to graph: 331/500
7bbjB_antigen.pdb  8hcbDE_antibody.pdb
Converting SMILES to graph: 332/500
7bbjB_antigen.pdb  8dd3JI_antibody.pdb
Converting SMILES to graph: 333/500
7bbjB_antigen.pdb  1ce1HL_antibody.pdb
Converting SMILES to graph: 334/500
7bc6A_antigen.pdb  4hpoHL_antibody.pdb
Converting SMILES to graph: 335/500
7bc6A_antigen.pdb  7vigEe_antibody.pdb
Converting SMILES to graph: 336/500
7bc6A_antigen.pdb  6hxwCD_antibody.pdb
Converting SMILES to graph: 337/500
7bc6A_antigen.pdb  4lmqEI_antibody.pdb
Converting SMILES to graph: 338/500
7bc6A_antigen.pdb  7cx4N_antibody.pdb
Converting SMILES to graph: 339/500
7bc6A_antigen.pdb  5vicHL_antibody.pdb
Converting SMILES to graph: 340/500
7bc7A_antigen.pdb  1kiqBA_antibody.pdb
Converting SMILES to graph: 341/500
7bc7A_antigen.pdb  7y0nCL_antibody.pdb
Converting SMILES to graph: 342/500
7bc7A_antigen.pdb  7wwkGF_antibody.pdb
Converting SMILES to graph: 343/500
7bc7A_antigen.pdb  2ipuGK_antibody.pdb
Converting SMILES to graph: 344/500
7bc7A_antigen.pdb  1hezDC_antibody.pdb
Converting SMILES to graph: 345/500
7bc7A_antigen.pdb  7ttmHL_antibody.pdb
Converting SMILES to graph: 346/500
7behE_antigen.pdb  6vknIK_antibody.pdb
Converting SMILES to graph: 347/500
7behE_antigen.pdb  7kxkIM_antibody.pdb
Converting SMILES to graph: 348/500
7behE_antigen.pdb  2b1aHL_antibody.pdb
Converting SMILES to graph: 349/500
7behE_antigen.pdb  8jitN_antibody.pdb
Converting SMILES to graph: 350/500
7behE_antigen.pdb  6xq0BC_antibody.pdb
Converting SMILES to graph: 351/500
7behE_antigen.pdb  1u8mBA_antibody.pdb
Converting SMILES to graph: 352/500
7beiE_antigen.pdb  8dtkCB_antibody.pdb
Converting SMILES to graph: 353/500
7beiE_antigen.pdb  7wd7ab_antibody.pdb
Converting SMILES to graph: 354/500
7beiE_antigen.pdb  6dc3HL_antibody.pdb
Converting SMILES to graph: 355/500
7beiE_antigen.pdb  8wsqAB_antibody.pdb
Converting SMILES to graph: 356/500
7beiE_antigen.pdb  7b14D_antibody.pdb
Converting SMILES to graph: 357/500
7beiE_antigen.pdb  7beoHL_antibody.pdb
Converting SMILES to graph: 358/500
7bejE_antigen.pdb  8hiiHL_antibody.pdb
Converting SMILES to graph: 359/500
7bejE_antigen.pdb  8ez8HL_antibody.pdb
Converting SMILES to graph: 360/500
7bejE_antigen.pdb  7or9HL_antibody.pdb
Converting SMILES to graph: 361/500
7bejE_antigen.pdb  8gpjAC_antibody.pdb
Converting SMILES to graph: 362/500
7bejE_antigen.pdb  5c7xMN_antibody.pdb
Converting SMILES to graph: 363/500
7bejE_antigen.pdb  7vvkN_antibody.pdb
Converting SMILES to graph: 364/500
7bekE_antigen.pdb  4s1rHL_antibody.pdb
Converting SMILES to graph: 365/500
7bekE_antigen.pdb  8d6zAB_antibody.pdb
Converting SMILES to graph: 366/500
7bekE_antigen.pdb  6wi9N_antibody.pdb
Converting SMILES to graph: 367/500
7bekE_antigen.pdb  4aeiHL_antibody.pdb
Converting SMILES to graph: 368/500
7bekE_antigen.pdb  8saqCD_antibody.pdb
Converting SMILES to graph: 369/500
7bekE_antigen.pdb  8oprB_antibody.pdb
Converting SMILES to graph: 370/500
7belX_antigen.pdb  8hc3HL_antibody.pdb
Converting SMILES to graph: 371/500
7belX_antigen.pdb  6jhqDE_antibody.pdb
Converting SMILES to graph: 372/500
7belX_antigen.pdb  6p8dAB_antibody.pdb
Converting SMILES to graph: 373/500
7belX_antigen.pdb  6xkrHL_antibody.pdb
Converting SMILES to graph: 374/500
7belX_antigen.pdb  7yi6DB_antibody.pdb
Converting SMILES to graph: 375/500
7belX_antigen.pdb  8dwaHL_antibody.pdb
Converting SMILES to graph: 376/500
7bemE_antigen.pdb  7dh5N_antibody.pdb
Converting SMILES to graph: 377/500
7bemE_antigen.pdb  7e8cMJ_antibody.pdb
Converting SMILES to graph: 378/500
7bemE_antigen.pdb  6witHL_antibody.pdb
Converting SMILES to graph: 379/500
7bemE_antigen.pdb  3jwdPO_antibody.pdb
Converting SMILES to graph: 380/500
7bemE_antigen.pdb  7ugoMP_antibody.pdb
Converting SMILES to graph: 381/500
7bemE_antigen.pdb  7y9vC_antibody.pdb
Converting SMILES to graph: 382/500
7benC_antigen.pdb  6lhqHL_antibody.pdb
Converting SMILES to graph: 383/500
7benC_antigen.pdb  7q3qB_antibody.pdb
Converting SMILES to graph: 384/500
7benC_antigen.pdb  7t0rHL_antibody.pdb
Converting SMILES to graph: 385/500
7benC_antigen.pdb  3bgfHL_antibody.pdb
Converting SMILES to graph: 386/500
7benC_antigen.pdb  7cvtEF_antibody.pdb
Converting SMILES to graph: 387/500
7benC_antigen.pdb  8et0C_antibody.pdb
Converting SMILES to graph: 388/500
7beoR_antigen.pdb  7c2lJN_antibody.pdb
Converting SMILES to graph: 389/500
7beoR_antigen.pdb  7udhEF_antibody.pdb
Converting SMILES to graph: 390/500
7beoR_antigen.pdb  5y9fPO_antibody.pdb
Converting SMILES to graph: 391/500
7beoR_antigen.pdb  3moaHL_antibody.pdb
Converting SMILES to graph: 392/500
7beoR_antigen.pdb  7m6eDC_antibody.pdb
Converting SMILES to graph: 393/500
7beoR_antigen.pdb  4dtgHL_antibody.pdb
Converting SMILES to graph: 394/500
7bepC_antigen.pdb  7dwtHL_antibody.pdb
Converting SMILES to graph: 395/500
7bepC_antigen.pdb  6vrlBC_antibody.pdb
Converting SMILES to graph: 396/500
7bepC_antigen.pdb  7xdlED_antibody.pdb
Converting SMILES to graph: 397/500
7bepC_antigen.pdb  6f5gB_antibody.pdb
Converting SMILES to graph: 398/500
7bepC_antigen.pdb  2visBA_antibody.pdb
Converting SMILES to graph: 399/500
7bepC_antigen.pdb  2nz9FE_antibody.pdb
Converting SMILES to graph: 400/500
7bh8AP_antigen.pdb  2vdoHL_antibody.pdb
Converting SMILES to graph: 401/500
7bh8AP_antigen.pdb  3p0gB_antibody.pdb
Converting SMILES to graph: 402/500
7bh8AP_antigen.pdb  7srkB_antibody.pdb
Converting SMILES to graph: 403/500
7bh8AP_antigen.pdb  5nj3CD_antibody.pdb
Converting SMILES to graph: 404/500
7bh8AP_antigen.pdb  6xpzBC_antibody.pdb
Converting SMILES to graph: 405/500
7bh8AP_antigen.pdb  8dgxHL_antibody.pdb
Converting SMILES to graph: 406/500
7bnvA_antigen.pdb  7rp0AB_antibody.pdb
Converting SMILES to graph: 407/500
7bnvA_antigen.pdb  8gb7HL_antibody.pdb
Converting SMILES to graph: 408/500
7bnvA_antigen.pdb  6gjuB_antibody.pdb
Converting SMILES to graph: 409/500
7bnvA_antigen.pdb  4x7eC_antibody.pdb
Converting SMILES to graph: 410/500
7bnvA_antigen.pdb  6wzmCD_antibody.pdb
Converting SMILES to graph: 411/500
7bnvA_antigen.pdb  7rxpHL_antibody.pdb
Converting SMILES to graph: 412/500
7bpkB_antigen.pdb  7sr3B_antibody.pdb
Converting SMILES to graph: 413/500
7bpkB_antigen.pdb  7negHL_antibody.pdb
Converting SMILES to graph: 414/500
7bpkB_antigen.pdb  7e5sUQ_antibody.pdb
Converting SMILES to graph: 415/500
7bpkB_antigen.pdb  7m2jAB_antibody.pdb
Converting SMILES to graph: 416/500
7bpkB_antigen.pdb  4i0cD_antibody.pdb
Converting SMILES to graph: 417/500
7bpkB_antigen.pdb  5vxmB_antibody.pdb
Converting SMILES to graph: 418/500
7bq5A_antigen.pdb  7rq6JK_antibody.pdb
Converting SMILES to graph: 419/500
7bq5A_antigen.pdb  4ffyHL_antibody.pdb
Converting SMILES to graph: 420/500
7bq5A_antigen.pdb  6wozEF_antibody.pdb
Converting SMILES to graph: 421/500
7bq5A_antigen.pdb  1eo8HL_antibody.pdb
Converting SMILES to graph: 422/500
7bq5A_antigen.pdb  4p2cH_antibody.pdb
Converting SMILES to graph: 423/500
7bq5A_antigen.pdb  8ezlHh_antibody.pdb
Converting SMILES to graph: 424/500
7bscA_antigen.pdb  5tr1IM_antibody.pdb
Converting SMILES to graph: 425/500
7bscA_antigen.pdb  6w05HL_antibody.pdb
Converting SMILES to graph: 426/500
7bscA_antigen.pdb  6wtyHI_antibody.pdb
Converting SMILES to graph: 427/500
7bscA_antigen.pdb  6q0eHL_antibody.pdb
Converting SMILES to graph: 428/500
7bscA_antigen.pdb  8f9fHL_antibody.pdb
Converting SMILES to graph: 429/500
7bscA_antigen.pdb  2feeJO_antibody.pdb
Converting SMILES to graph: 430/500
7bsdI_antigen.pdb  3jcxHL_antibody.pdb
Converting SMILES to graph: 431/500
7bsdI_antigen.pdb  8d9yBA_antibody.pdb
Converting SMILES to graph: 432/500
7bsdI_antigen.pdb  6pduHL_antibody.pdb
Converting SMILES to graph: 433/500
7bsdI_antigen.pdb  6ni2HL_antibody.pdb
Converting SMILES to graph: 434/500
7bsdI_antigen.pdb  7ymsFE_antibody.pdb
Converting SMILES to graph: 435/500
7bsdI_antigen.pdb  7zf8HL_antibody.pdb
Converting SMILES to graph: 436/500
7btsA_antigen.pdb  6mcoDE_antibody.pdb
Converting SMILES to graph: 437/500
7btsA_antigen.pdb  8dpfEe_antibody.pdb
Converting SMILES to graph: 438/500
7btsA_antigen.pdb  5vebHL_antibody.pdb
Converting SMILES to graph: 439/500
7btsA_antigen.pdb  2ipuGK_antibody.pdb
Converting SMILES to graph: 440/500
7btsA_antigen.pdb  6vy6HL_antibody.pdb
Converting SMILES to graph: 441/500
7btsA_antigen.pdb  6t9eAB_antibody.pdb
Converting SMILES to graph: 442/500
7bu6A_antigen.pdb  4lvhKL_antibody.pdb
Converting SMILES to graph: 443/500
7bu6A_antigen.pdb  7kf9GJ_antibody.pdb
Converting SMILES to graph: 444/500
7bu6A_antigen.pdb  8jzzHh_antibody.pdb
Converting SMILES to graph: 445/500
7bu6A_antigen.pdb  7cyvHh_antibody.pdb
Converting SMILES to graph: 446/500
7bu6A_antigen.pdb  5i8hGH_antibody.pdb
Converting SMILES to graph: 447/500
7bu6A_antigen.pdb  2zclHL_antibody.pdb
Converting SMILES to graph: 448/500
7bu7A_antigen.pdb  4fqyHL_antibody.pdb
Converting SMILES to graph: 449/500
7bu7A_antigen.pdb  7jktHL_antibody.pdb
Converting SMILES to graph: 450/500
7bu7A_antigen.pdb  7ye9HL_antibody.pdb
Converting SMILES to graph: 451/500
7bu7A_antigen.pdb  5ig7GH_antibody.pdb
Converting SMILES to graph: 452/500
7bu7A_antigen.pdb  7mtaHL_antibody.pdb
Converting SMILES to graph: 453/500
7bu7A_antigen.pdb  7e23BC_antibody.pdb
Converting SMILES to graph: 454/500
7bu8C_antigen.pdb  8guqSs_antibody.pdb
Converting SMILES to graph: 455/500
7bu8C_antigen.pdb  8bg3Aa_antibody.pdb
Converting SMILES to graph: 456/500
7bu8C_antigen.pdb  1fdlHL_antibody.pdb
Converting SMILES to graph: 457/500
7bu8C_antigen.pdb  7teqHL_antibody.pdb
Converting SMILES to graph: 458/500
7bu8C_antigen.pdb  2r6pDE_antibody.pdb
Converting SMILES to graph: 459/500
7buaA_antigen.pdb  2w65CD_antibody.pdb
Converting SMILES to graph: 460/500
7buaA_antigen.pdb  3f58HL_antibody.pdb
Converting SMILES to graph: 461/500
7buaA_antigen.pdb  7wkdEe_antibody.pdb
Converting SMILES to graph: 462/500
7buaA_antigen.pdb  5m2jD_antibody.pdb
Converting SMILES to graph: 463/500
7buaA_antigen.pdb  7byrHL_antibody.pdb
Converting SMILES to graph: 464/500
7buaA_antigen.pdb  5kelQU_antibody.pdb
Converting SMILES to graph: 465/500
7bubB_antigen.pdb  7d3lHL_antibody.pdb
Converting SMILES to graph: 466/500
7bubB_antigen.pdb  7s07XY_antibody.pdb
Converting SMILES to graph: 467/500
7bubB_antigen.pdb  6wzmCD_antibody.pdb
Converting SMILES to graph: 468/500
7bubB_antigen.pdb  7f1oE_antibody.pdb
Converting SMILES to graph: 469/500
7bubB_antigen.pdb  7ubrEF_antibody.pdb
Converting SMILES to graph: 470/500
7bubB_antigen.pdb  7t9aJK_antibody.pdb
Converting SMILES to graph: 471/500
7budB_antigen.pdb  2ck0HL_antibody.pdb
Converting SMILES to graph: 472/500
7budB_antigen.pdb  7jksHL_antibody.pdb
Converting SMILES to graph: 473/500
7budB_antigen.pdb  2vxsJN_antibody.pdb
Converting SMILES to graph: 474/500
7budB_antigen.pdb  4yhzHL_antibody.pdb
Converting SMILES to graph: 475/500
7budB_antigen.pdb  7wtjHL_antibody.pdb
Converting SMILES to graph: 476/500
7budB_antigen.pdb  7d5bD_antibody.pdb
Converting SMILES to graph: 477/500
7bueC_antigen.pdb  8hbgE_antibody.pdb
Converting SMILES to graph: 478/500
7bueC_antigen.pdb  8c8pH_antibody.pdb
Converting SMILES to graph: 479/500
7bueC_antigen.pdb  8bk2HL_antibody.pdb
Converting SMILES to graph: 480/500
7bueC_antigen.pdb  7uapMN_antibody.pdb
Converting SMILES to graph: 481/500
7bueC_antigen.pdb  7wlcHL_antibody.pdb
Converting SMILES to graph: 482/500
7bueC_antigen.pdb  1zv5A_antibody.pdb
Converting SMILES to graph: 483/500
7bufB_antigen.pdb  1u93BA_antibody.pdb
Converting SMILES to graph: 484/500
7bufB_antigen.pdb  1kcrHL_antibody.pdb
Converting SMILES to graph: 485/500
7bufB_antigen.pdb  6hjyJ_antibody.pdb
Converting SMILES to graph: 486/500
7bufB_antigen.pdb  6qb4Xx_antibody.pdb
Converting SMILES to graph: 487/500
7bufB_antigen.pdb  7nvoN_antibody.pdb
Converting SMILES to graph: 488/500
7bufB_antigen.pdb  7e39CB_antibody.pdb
Converting SMILES to graph: 489/500
7bw0ABG_antigen.pdb  7nfdDC_antibody.pdb
Converting SMILES to graph: 490/500
7bw0ABG_antigen.pdb  7t6bEe_antibody.pdb
Converting SMILES to graph: 491/500
7bw0ABG_antigen.pdb  4xbeHL_antibody.pdb
Converting SMILES to graph: 492/500
7bw0ABG_antigen.pdb  7rfpHL_antibody.pdb
Converting SMILES to graph: 493/500
7bw0ABG_antigen.pdb  4khtHL_antibody.pdb
Converting SMILES to graph: 494/500
7bw0ABG_antigen.pdb  6azzFE_antibody.pdb
Converting SMILES to graph: 495/500
7bwjE_antigen.pdb  8aomV_antibody.pdb
Converting SMILES to graph: 496/500
7bwjE_antigen.pdb  6svlOP_antibody.pdb
Converting SMILES to graph: 497/500
7bwjE_antigen.pdb  7x49HL_antibody.pdb
Converting SMILES to graph: 498/500
7bwjE_antigen.pdb  3uo1HL_antibody.pdb
Converting SMILES to graph: 499/500
7bwjE_antigen.pdb  4xnzHL_antibody.pdb
Converting SMILES to graph: 500/500
7bwjE_antigen.pdb  6obcB_antibody.pdb
Graph construction done. Saving to file.
