Converting SMILES to graph: 1/500
7mzgA_antigen.pdb  7zqtCD_antibody.pdb
Converting SMILES to graph: 2/500
7mzhA_antigen.pdb  4tnwVZ_antibody.pdb
Converting SMILES to graph: 3/500
7mzhA_antigen.pdb  7vfbB_antibody.pdb
Converting SMILES to graph: 4/500
7mzhA_antigen.pdb  6tnpBA_antibody.pdb
Converting SMILES to graph: 5/500
7mzhA_antigen.pdb  8en4C_antibody.pdb
Converting SMILES to graph: 6/500
7mzhA_antigen.pdb  7sx7HL_antibody.pdb
Converting SMILES to graph: 7/500
7mzhA_antigen.pdb  3dvgBA_antibody.pdb
Converting SMILES to graph: 8/500
7mziA_antigen.pdb  8euuGH_antibody.pdb
Converting SMILES to graph: 9/500
7mziA_antigen.pdb  5xcsAB_antibody.pdb
Converting SMILES to graph: 10/500
7mziA_antigen.pdb  6li3N_antibody.pdb
Converting SMILES to graph: 11/500
7mziA_antigen.pdb  6phfAB_antibody.pdb
Converting SMILES to graph: 12/500
7mziA_antigen.pdb  5bopA_antibody.pdb
Converting SMILES to graph: 13/500
7mziA_antigen.pdb  8b1gB_antibody.pdb
Converting SMILES to graph: 14/500
7mzjA_antigen.pdb  2uziHL_antibody.pdb
Converting SMILES to graph: 15/500
7mzjA_antigen.pdb  5tq0HL_antibody.pdb
Converting SMILES to graph: 16/500
7mzjA_antigen.pdb  7z85F_antibody.pdb
Converting SMILES to graph: 17/500
7mzjA_antigen.pdb  7a0wCD_antibody.pdb
Converting SMILES to graph: 18/500
7mzjA_antigen.pdb  7t11Ss_antibody.pdb
Converting SMILES to graph: 19/500
7mzkA_antigen.pdb  6bckHL_antibody.pdb
Converting SMILES to graph: 20/500
7mzkA_antigen.pdb  6wzkAB_antibody.pdb
Converting SMILES to graph: 21/500
7mzkA_antigen.pdb  7kfxHL_antibody.pdb
Converting SMILES to graph: 22/500
7mzkA_antigen.pdb  3moaHL_antibody.pdb
Converting SMILES to graph: 23/500
7mzkA_antigen.pdb  1u8pBA_antibody.pdb
Converting SMILES to graph: 24/500
7mzkA_antigen.pdb  2y06HL_antibody.pdb
Converting SMILES to graph: 25/500
7mzlA_antigen.pdb  6zxnF_antibody.pdb
Converting SMILES to graph: 26/500
7mzlA_antigen.pdb  6phdHL_antibody.pdb
Converting SMILES to graph: 27/500
7mzlA_antigen.pdb  7wpfUV_antibody.pdb
Converting SMILES to graph: 28/500
7mzlA_antigen.pdb  7kd2C_antibody.pdb
Converting SMILES to graph: 29/500
7mzlA_antigen.pdb  3iu3AB_antibody.pdb
Converting SMILES to graph: 30/500
7mzlA_antigen.pdb  7mdtHL_antibody.pdb
Converting SMILES to graph: 31/500
7mzmA_antigen.pdb  3uyrHL_antibody.pdb
Converting SMILES to graph: 32/500
7mzmA_antigen.pdb  6w00HL_antibody.pdb
Converting SMILES to graph: 33/500
7mzmA_antigen.pdb  6mph34_antibody.pdb
Converting SMILES to graph: 34/500
7mzmA_antigen.pdb  2adfHL_antibody.pdb
Converting SMILES to graph: 35/500
7mzmA_antigen.pdb  4janAB_antibody.pdb
Converting SMILES to graph: 36/500
7mzmA_antigen.pdb  7mtbHL_antibody.pdb
Converting SMILES to graph: 37/500
7mznA_antigen.pdb  8diuGC_antibody.pdb
Converting SMILES to graph: 38/500
7mznA_antigen.pdb  7l3nDE_antibody.pdb
Converting SMILES to graph: 39/500
7mznA_antigen.pdb  7rdwGI_antibody.pdb
Converting SMILES to graph: 40/500
7mznA_antigen.pdb  8irtEe_antibody.pdb
Converting SMILES to graph: 41/500
7mznA_antigen.pdb  7cw2UT_antibody.pdb
Converting SMILES to graph: 42/500
7mznA_antigen.pdb  7lqwHL_antibody.pdb
Converting SMILES to graph: 43/500
7n01AC_antigen.pdb  7wsiHL_antibody.pdb
Converting SMILES to graph: 44/500
7n01AC_antigen.pdb  6xcjHL_antibody.pdb
Converting SMILES to graph: 45/500
7n01AC_antigen.pdb  3k1kC_antibody.pdb
Converting SMILES to graph: 46/500
7n01AC_antigen.pdb  8e3xN_antibody.pdb
Converting SMILES to graph: 47/500
7n01AC_antigen.pdb  8a44CD_antibody.pdb
Converting SMILES to graph: 48/500
7n01AC_antigen.pdb  7klhHL_antibody.pdb
Converting SMILES to graph: 49/500
7n05E_antigen.pdb  4lhjB_antibody.pdb
Converting SMILES to graph: 50/500
7n05E_antigen.pdb  3vi3FE_antibody.pdb
Converting SMILES to graph: 51/500
7n05E_antigen.pdb  7bc6B_antibody.pdb
Converting SMILES to graph: 52/500
7n05E_antigen.pdb  7cheHL_antibody.pdb
Converting SMILES to graph: 53/500
7n05E_antigen.pdb  7byrHL_antibody.pdb
Converting SMILES to graph: 54/500
7n05E_antigen.pdb  4k3jHL_antibody.pdb
Converting SMILES to graph: 55/500
7n08F_antigen.pdb  6x8qHL_antibody.pdb
Converting SMILES to graph: 56/500
7n08F_antigen.pdb  1hezDC_antibody.pdb
Converting SMILES to graph: 57/500
7n08F_antigen.pdb  1r3lBA_antibody.pdb
Converting SMILES to graph: 58/500
7n08F_antigen.pdb  7bemHL_antibody.pdb
Converting SMILES to graph: 59/500
7n08F_antigen.pdb  7phgHL_antibody.pdb
Converting SMILES to graph: 60/500
7n08F_antigen.pdb  8eviMm_antibody.pdb
Converting SMILES to graph: 61/500
7n0aC_antigen.pdb  7ujeEF_antibody.pdb
Converting SMILES to graph: 62/500
7n0aC_antigen.pdb  3stlAB_antibody.pdb
Converting SMILES to graph: 63/500
7n0aC_antigen.pdb  7rw2IK_antibody.pdb
Converting SMILES to graph: 64/500
7n0aC_antigen.pdb  7k7rED_antibody.pdb
Converting SMILES to graph: 65/500
7n0aC_antigen.pdb  2p46B_antibody.pdb
Converting SMILES to graph: 66/500
7n0gC_antigen.pdb  6t9eAB_antibody.pdb
Converting SMILES to graph: 67/500
7n0gC_antigen.pdb  6pzeHL_antibody.pdb
Converting SMILES to graph: 68/500
7n0gC_antigen.pdb  3skjHL_antibody.pdb
Converting SMILES to graph: 69/500
7n0gC_antigen.pdb  7ox4AB_antibody.pdb
Converting SMILES to graph: 70/500
7n0gC_antigen.pdb  8gpgAB_antibody.pdb
Converting SMILES to graph: 71/500
7n0gC_antigen.pdb  8cy7D_antibody.pdb
Converting SMILES to graph: 72/500
7n0hC_antigen.pdb  6ehgC_antibody.pdb
Converting SMILES to graph: 73/500
7n0hC_antigen.pdb  7cvzQR_antibody.pdb
Converting SMILES to graph: 74/500
7n0hC_antigen.pdb  6vjnHL_antibody.pdb
Converting SMILES to graph: 75/500
7n0hC_antigen.pdb  7ul3C_antibody.pdb
Converting SMILES to graph: 76/500
7n0hC_antigen.pdb  6qx4D_antibody.pdb
Converting SMILES to graph: 77/500
7n0hC_antigen.pdb  5wk3WV_antibody.pdb
Converting SMILES to graph: 78/500
7n0iEF_antigen.pdb  7k7yC_antibody.pdb
Converting SMILES to graph: 79/500
7n0iEF_antigen.pdb  6umgHL_antibody.pdb
Converting SMILES to graph: 80/500
7n0iEF_antigen.pdb  6x04J_antibody.pdb
Converting SMILES to graph: 81/500
7n0iEF_antigen.pdb  8dw9CD_antibody.pdb
Converting SMILES to graph: 82/500
7n0iEF_antigen.pdb  8thlFf_antibody.pdb
Converting SMILES to graph: 83/500
7n0iEF_antigen.pdb  7klgIM_antibody.pdb
Converting SMILES to graph: 84/500
7n0rB_antigen.pdb  4r8wHL_antibody.pdb
Converting SMILES to graph: 85/500
7n0rB_antigen.pdb  7trsHh_antibody.pdb
Converting SMILES to graph: 86/500
7n0rB_antigen.pdb  8fz2HL_antibody.pdb
Converting SMILES to graph: 87/500
7n0rB_antigen.pdb  7jhhHL_antibody.pdb
Converting SMILES to graph: 88/500
7n0rB_antigen.pdb  3jbc7_antibody.pdb
Converting SMILES to graph: 89/500
7n0rB_antigen.pdb  5j1tC_antibody.pdb
Converting SMILES to graph: 90/500
7n0sC_antigen.pdb  6vi0HL_antibody.pdb
Converting SMILES to graph: 91/500
7n0sC_antigen.pdb  6wxlKJ_antibody.pdb
Converting SMILES to graph: 92/500
7n0sC_antigen.pdb  8go8HL_antibody.pdb
Converting SMILES to graph: 93/500
7n0sC_antigen.pdb  8jiqN_antibody.pdb
Converting SMILES to graph: 94/500
7n0sC_antigen.pdb  6wfzHL_antibody.pdb
Converting SMILES to graph: 95/500
7n0sC_antigen.pdb  7ndcHL_antibody.pdb
Converting SMILES to graph: 96/500
7n0uC_antigen.pdb  6lraHL_antibody.pdb
Converting SMILES to graph: 97/500
7n0uC_antigen.pdb  5uoeMN_antibody.pdb
Converting SMILES to graph: 98/500
7n0uC_antigen.pdb  3thmHL_antibody.pdb
Converting SMILES to graph: 99/500
7n0uC_antigen.pdb  8g9yHL_antibody.pdb
Converting SMILES to graph: 100/500
7n0uC_antigen.pdb  8i95Hh_antibody.pdb
Converting SMILES to graph: 101/500
7n0uC_antigen.pdb  3egsBA_antibody.pdb
Converting SMILES to graph: 102/500
7n0vC_antigen.pdb  3ixyIJ_antibody.pdb
Converting SMILES to graph: 103/500
7n0vC_antigen.pdb  6w41HL_antibody.pdb
Converting SMILES to graph: 104/500
7n0vC_antigen.pdb  7t0zHL_antibody.pdb
Converting SMILES to graph: 105/500
7n0vC_antigen.pdb  6q0oZB_antibody.pdb
Converting SMILES to graph: 106/500
7n0vC_antigen.pdb  8h0pEe_antibody.pdb
Converting SMILES to graph: 107/500
7n0vC_antigen.pdb  7mhzOP_antibody.pdb
Converting SMILES to graph: 108/500
7n0xG_antigen.pdb  6xbmSs_antibody.pdb
Converting SMILES to graph: 109/500
7n0xG_antigen.pdb  7vytBC_antibody.pdb
Converting SMILES to graph: 110/500
7n0xG_antigen.pdb  7swdJK_antibody.pdb
Converting SMILES to graph: 111/500
7n0xG_antigen.pdb  7tdmHL_antibody.pdb
Converting SMILES to graph: 112/500
7n0xG_antigen.pdb  6k5fCD_antibody.pdb
Converting SMILES to graph: 113/500
7n0xG_antigen.pdb  6b70EF_antibody.pdb
Converting SMILES to graph: 114/500
7n28G_antigen.pdb  6ocbHL_antibody.pdb
Converting SMILES to graph: 115/500
7n28G_antigen.pdb  2b4cHL_antibody.pdb
Converting SMILES to graph: 116/500
7n28G_antigen.pdb  7r58HL_antibody.pdb
Converting SMILES to graph: 117/500
7n28G_antigen.pdb  7xp5N_antibody.pdb
Converting SMILES to graph: 118/500
7n28G_antigen.pdb  6iebHL_antibody.pdb
Converting SMILES to graph: 119/500
7n28G_antigen.pdb  3ulvHL_antibody.pdb
Converting SMILES to graph: 120/500
7n3cC_antigen.pdb  7stfHL_antibody.pdb
Converting SMILES to graph: 121/500
7n3cC_antigen.pdb  6bfsHL_antibody.pdb
Converting SMILES to graph: 122/500
7n3cC_antigen.pdb  7t9mHL_antibody.pdb
Converting SMILES to graph: 123/500
7n3cC_antigen.pdb  4aeiHL_antibody.pdb
Converting SMILES to graph: 124/500
7n3cC_antigen.pdb  3se9HL_antibody.pdb
Converting SMILES to graph: 125/500
7n3cC_antigen.pdb  7u9pHL_antibody.pdb
Converting SMILES to graph: 126/500
7n3dC_antigen.pdb  7ecyEF_antibody.pdb
Converting SMILES to graph: 127/500
7n3dC_antigen.pdb  7wz4Ss_antibody.pdb
Converting SMILES to graph: 128/500
7n3dC_antigen.pdb  4dgiHL_antibody.pdb
Converting SMILES to graph: 129/500
7n3dC_antigen.pdb  7zmlF_antibody.pdb
Converting SMILES to graph: 130/500
7n3dC_antigen.pdb  7y67Ss_antibody.pdb
Converting SMILES to graph: 131/500
7n3dC_antigen.pdb  8j7uEC_antibody.pdb
Converting SMILES to graph: 132/500
7n3iC_antigen.pdb  8eflEe_antibody.pdb
Converting SMILES to graph: 133/500
7n3iC_antigen.pdb  6dfjHL_antibody.pdb
Converting SMILES to graph: 134/500
7n3iC_antigen.pdb  7n08HL_antibody.pdb
Converting SMILES to graph: 135/500
7n3iC_antigen.pdb  7nd7HL_antibody.pdb
Converting SMILES to graph: 136/500
7n3iC_antigen.pdb  6wtvHI_antibody.pdb
Converting SMILES to graph: 137/500
7n3iC_antigen.pdb  2g5bDC_antibody.pdb
Converting SMILES to graph: 138/500
7n4iC_antigen.pdb  7x42HL_antibody.pdb
Converting SMILES to graph: 139/500
7n4iC_antigen.pdb  7qe5B_antibody.pdb
Converting SMILES to graph: 140/500
7n4iC_antigen.pdb  3idxHL_antibody.pdb
Converting SMILES to graph: 141/500
7n4iC_antigen.pdb  7sl8B_antibody.pdb
Converting SMILES to graph: 142/500
7n4iC_antigen.pdb  7w9eDE_antibody.pdb
Converting SMILES to graph: 143/500
7n4iC_antigen.pdb  5k9oHL_antibody.pdb
Converting SMILES to graph: 144/500
7n4jA_antigen.pdb  2p43B_antibody.pdb
Converting SMILES to graph: 145/500
7n4jA_antigen.pdb  8bbhHL_antibody.pdb
Converting SMILES to graph: 146/500
7n4jA_antigen.pdb  5vakB_antibody.pdb
Converting SMILES to graph: 147/500
7n4jA_antigen.pdb  3dvnBA_antibody.pdb
Converting SMILES to graph: 148/500
7n4jA_antigen.pdb  4olyHL_antibody.pdb
Converting SMILES to graph: 149/500
7n4jA_antigen.pdb  7aqgC_antibody.pdb
Converting SMILES to graph: 150/500
7n4lA_antigen.pdb  8j7vEC_antibody.pdb
Converting SMILES to graph: 151/500
7n4lA_antigen.pdb  3ifnHL_antibody.pdb
Converting SMILES to graph: 152/500
7n4lA_antigen.pdb  4hemF_antibody.pdb
Converting SMILES to graph: 153/500
7n4lA_antigen.pdb  7s0eHL_antibody.pdb
Converting SMILES to graph: 154/500
7n4lA_antigen.pdb  2fjhBA_antibody.pdb
Converting SMILES to graph: 155/500
7n4lA_antigen.pdb  6whkCB_antibody.pdb
Converting SMILES to graph: 156/500
7n4mA_antigen.pdb  7s0eHL_antibody.pdb
Converting SMILES to graph: 157/500
7n4mA_antigen.pdb  7mjhD_antibody.pdb
Converting SMILES to graph: 158/500
7n4mA_antigen.pdb  6mu8DE_antibody.pdb
Converting SMILES to graph: 159/500
7n4mA_antigen.pdb  7eamHL_antibody.pdb
Converting SMILES to graph: 160/500
7n4mA_antigen.pdb  1orsBA_antibody.pdb
Converting SMILES to graph: 161/500
7n4mA_antigen.pdb  4ztoHL_antibody.pdb
Converting SMILES to graph: 162/500
7n4nA_antigen.pdb  3stzAB_antibody.pdb
Converting SMILES to graph: 163/500
7n4nA_antigen.pdb  7rxjAB_antibody.pdb
Converting SMILES to graph: 164/500
7n4nA_antigen.pdb  4jfxHL_antibody.pdb
Converting SMILES to graph: 165/500
7n4nA_antigen.pdb  4ffyHL_antibody.pdb
Converting SMILES to graph: 166/500
7n4nA_antigen.pdb  6dzzBC_antibody.pdb
Converting SMILES to graph: 167/500
7n4nA_antigen.pdb  4ttdCD_antibody.pdb
Converting SMILES to graph: 168/500
7n5hA_antigen.pdb  7y7kBC_antibody.pdb
Converting SMILES to graph: 169/500
7n5hA_antigen.pdb  7xtbN_antibody.pdb
Converting SMILES to graph: 170/500
7n5hA_antigen.pdb  5tjwK_antibody.pdb
Converting SMILES to graph: 171/500
7n5hA_antigen.pdb  4n90HI_antibody.pdb
Converting SMILES to graph: 172/500
7n5hA_antigen.pdb  6oz9HL_antibody.pdb
Converting SMILES to graph: 173/500
7n5hA_antigen.pdb  7d85BC_antibody.pdb
Converting SMILES to graph: 174/500
7n62A_antigen.pdb  5w4lDE_antibody.pdb
Converting SMILES to graph: 175/500
7n62A_antigen.pdb  3mj9HL_antibody.pdb
Converting SMILES to graph: 176/500
7n62A_antigen.pdb  5gruLl_antibody.pdb
Converting SMILES to graph: 177/500
7n62A_antigen.pdb  8tcoED_antibody.pdb
Converting SMILES to graph: 178/500
7n62A_antigen.pdb  3j697_antibody.pdb
Converting SMILES to graph: 179/500
7n62A_antigen.pdb  7lezRP_antibody.pdb
Converting SMILES to graph: 180/500
7n64BA_antigen.pdb  2pw2BA_antibody.pdb
Converting SMILES to graph: 181/500
7n64BA_antigen.pdb  7kgjB_antibody.pdb
Converting SMILES to graph: 182/500
7n64BA_antigen.pdb  7kgkB_antibody.pdb
Converting SMILES to graph: 183/500
7n64BA_antigen.pdb  7t8xEe_antibody.pdb
Converting SMILES to graph: 184/500
7n64BA_antigen.pdb  7lxwHL_antibody.pdb
Converting SMILES to graph: 185/500
7n64BA_antigen.pdb  7ndcHL_antibody.pdb
Converting SMILES to graph: 186/500
7n65A_antigen.pdb  6mtqHL_antibody.pdb
Converting SMILES to graph: 187/500
7n65A_antigen.pdb  4hjgBA_antibody.pdb
Converting SMILES to graph: 188/500
7n65A_antigen.pdb  7sfwQR_antibody.pdb
Converting SMILES to graph: 189/500
7n65A_antigen.pdb  7wcrab_antibody.pdb
Converting SMILES to graph: 190/500
7n65A_antigen.pdb  6o24AB_antibody.pdb
Converting SMILES to graph: 191/500
7n65A_antigen.pdb  7ps2HL_antibody.pdb
Converting SMILES to graph: 192/500
7n8hA_antigen.pdb  7tgfB_antibody.pdb
Converting SMILES to graph: 193/500
7n8hA_antigen.pdb  6lmlDd_antibody.pdb
Converting SMILES to graph: 194/500
7n8hA_antigen.pdb  6x1aN_antibody.pdb
Converting SMILES to graph: 195/500
7n8hA_antigen.pdb  7ew2Ss_antibody.pdb
Converting SMILES to graph: 196/500
7n8hA_antigen.pdb  8ce4F_antibody.pdb
Converting SMILES to graph: 197/500
7n8hA_antigen.pdb  8f6lAB_antibody.pdb
Converting SMILES to graph: 198/500
7n8iA_antigen.pdb  4ydkHL_antibody.pdb
Converting SMILES to graph: 199/500
7n8iA_antigen.pdb  7jvaHL_antibody.pdb
Converting SMILES to graph: 200/500
7n8iA_antigen.pdb  8haoF_antibody.pdb
Converting SMILES to graph: 201/500
7n8iA_antigen.pdb  7rkuJK_antibody.pdb
Converting SMILES to graph: 202/500
7n8iA_antigen.pdb  8hc5HL_antibody.pdb
Converting SMILES to graph: 203/500
7n8iA_antigen.pdb  7oh1ED_antibody.pdb
Converting SMILES to graph: 204/500
7n8qG_antigen.pdb  1g9mHL_antibody.pdb
Converting SMILES to graph: 205/500
7n8qG_antigen.pdb  5tpwHL_antibody.pdb
Converting SMILES to graph: 206/500
7n8qG_antigen.pdb  7cecHI_antibody.pdb
Converting SMILES to graph: 207/500
7n8qG_antigen.pdb  6kz0HI_antibody.pdb
Converting SMILES to graph: 208/500
7n8qG_antigen.pdb  7bpkHL_antibody.pdb
Converting SMILES to graph: 209/500
7n8qG_antigen.pdb  3u9pHL_antibody.pdb
Converting SMILES to graph: 210/500
7n9aE_antigen.pdb  6pi7CB_antibody.pdb
Converting SMILES to graph: 211/500
7n9aE_antigen.pdb  1yjdHL_antibody.pdb
Converting SMILES to graph: 212/500
7n9aE_antigen.pdb  7nx8HL_antibody.pdb
Converting SMILES to graph: 213/500
7n9aE_antigen.pdb  5xf1HL_antibody.pdb
Converting SMILES to graph: 214/500
7n9aE_antigen.pdb  3iflHL_antibody.pdb
Converting SMILES to graph: 215/500
7n9aE_antigen.pdb  2fx9HL_antibody.pdb
Converting SMILES to graph: 216/500
7n9bCB_antigen.pdb  7p40FB_antibody.pdb
Converting SMILES to graph: 217/500
7n9bCB_antigen.pdb  4dgvHL_antibody.pdb
Converting SMILES to graph: 218/500
7n9bCB_antigen.pdb  1adqHL_antibody.pdb
Converting SMILES to graph: 219/500
7n9bCB_antigen.pdb  8gsbHK_antibody.pdb
Converting SMILES to graph: 220/500
7n9bCB_antigen.pdb  3rhwFN_antibody.pdb
Converting SMILES to graph: 221/500
7n9bCB_antigen.pdb  8ttwCD_antibody.pdb
Converting SMILES to graph: 222/500
7n9cA_antigen.pdb  7l5jYX_antibody.pdb
Converting SMILES to graph: 223/500
7n9cA_antigen.pdb  5n0aHL_antibody.pdb
Converting SMILES to graph: 224/500
7n9cA_antigen.pdb  7tn0MN_antibody.pdb
Converting SMILES to graph: 225/500
7n9cA_antigen.pdb  3c09HL_antibody.pdb
Converting SMILES to graph: 226/500
7n9cA_antigen.pdb  1jrhHL_antibody.pdb
Converting SMILES to graph: 227/500
7n9cA_antigen.pdb  3f7yAB_antibody.pdb
Converting SMILES to graph: 228/500
7n9eAB_antigen.pdb  8hnlSs_antibody.pdb
Converting SMILES to graph: 229/500
7n9eAB_antigen.pdb  3g5vBA_antibody.pdb
Converting SMILES to graph: 230/500
7n9eAB_antigen.pdb  7y6nHL_antibody.pdb
Converting SMILES to graph: 231/500
7n9eAB_antigen.pdb  6ot0HL_antibody.pdb
Converting SMILES to graph: 232/500
7n9eAB_antigen.pdb  7x2iHL_antibody.pdb
Converting SMILES to graph: 233/500
7n9eAB_antigen.pdb  7yv7FE_antibody.pdb
Converting SMILES to graph: 234/500
7n9tC_antigen.pdb  7mlyHI_antibody.pdb
Converting SMILES to graph: 235/500
7n9tC_antigen.pdb  6pzzKJ_antibody.pdb
Converting SMILES to graph: 236/500
7n9tC_antigen.pdb  6rafC_antibody.pdb
Converting SMILES to graph: 237/500
7n9tC_antigen.pdb  3vrlHL_antibody.pdb
Converting SMILES to graph: 238/500
7n9tC_antigen.pdb  7quhHL_antibody.pdb
Converting SMILES to graph: 239/500
7n9tC_antigen.pdb  7n9eD_antibody.pdb
Converting SMILES to graph: 240/500
7n9vC_antigen.pdb  6n48B_antibody.pdb
Converting SMILES to graph: 241/500
7n9vC_antigen.pdb  4kk9EF_antibody.pdb
Converting SMILES to graph: 242/500
7n9vC_antigen.pdb  2ny7HL_antibody.pdb
Converting SMILES to graph: 243/500
7n9vC_antigen.pdb  7ul3C_antibody.pdb
Converting SMILES to graph: 244/500
7n9vC_antigen.pdb  7wz4Ss_antibody.pdb
Converting SMILES to graph: 245/500
7n9vC_antigen.pdb  6lhqHL_antibody.pdb
Converting SMILES to graph: 246/500
7na7AB_antigen.pdb  3ejzCD_antibody.pdb
Converting SMILES to graph: 247/500
7na7AB_antigen.pdb  2vdnHL_antibody.pdb
Converting SMILES to graph: 248/500
7na7AB_antigen.pdb  8e9wEe_antibody.pdb
Converting SMILES to graph: 249/500
7na7AB_antigen.pdb  6bf9CD_antibody.pdb
Converting SMILES to graph: 250/500
7na7AB_antigen.pdb  7vafHL_antibody.pdb
Converting SMILES to graph: 251/500
7na7AB_antigen.pdb  6cxgHL_antibody.pdb
Converting SMILES to graph: 252/500
7na8AB_antigen.pdb  5v2aHL_antibody.pdb
Converting SMILES to graph: 253/500
7na8AB_antigen.pdb  7lbgFE_antibody.pdb
Converting SMILES to graph: 254/500
7na8AB_antigen.pdb  8eooAB_antibody.pdb
Converting SMILES to graph: 255/500
7na8AB_antigen.pdb  5f7lB_antibody.pdb
Converting SMILES to graph: 256/500
7na8AB_antigen.pdb  7p5yJ_antibody.pdb
Converting SMILES to graph: 257/500
7na8AB_antigen.pdb  7rw2IK_antibody.pdb
Converting SMILES to graph: 258/500
7na9A_antigen.pdb  4xx1HL_antibody.pdb
Converting SMILES to graph: 259/500
7na9A_antigen.pdb  3s35HL_antibody.pdb
Converting SMILES to graph: 260/500
7na9A_antigen.pdb  7st3B_antibody.pdb
Converting SMILES to graph: 261/500
7na9A_antigen.pdb  5lbsHL_antibody.pdb
Converting SMILES to graph: 262/500
7na9A_antigen.pdb  7uz6HL_antibody.pdb
Converting SMILES to graph: 263/500
7na9A_antigen.pdb  7yd1AB_antibody.pdb
Converting SMILES to graph: 264/500
7nabD_antigen.pdb  7rt9CD_antibody.pdb
Converting SMILES to graph: 265/500
7nabD_antigen.pdb  6um7JK_antibody.pdb
Converting SMILES to graph: 266/500
7nabD_antigen.pdb  6u36HL_antibody.pdb
Converting SMILES to graph: 267/500
7nabD_antigen.pdb  8cmlA_antibody.pdb
Converting SMILES to graph: 268/500
7nabD_antigen.pdb  5iesHL_antibody.pdb
Converting SMILES to graph: 269/500
7nabD_antigen.pdb  1ar1CD_antibody.pdb
Converting SMILES to graph: 270/500
7nbbACB_antigen.pdb  6mqsCD_antibody.pdb
Converting SMILES to graph: 271/500
7nbbACB_antigen.pdb  1f3rbB_antibody.pdb
Converting SMILES to graph: 272/500
7nbbACB_antigen.pdb  6zg3J_antibody.pdb
Converting SMILES to graph: 273/500
7nbbACB_antigen.pdb  7qn8K_antibody.pdb
Converting SMILES to graph: 274/500
7nbbACB_antigen.pdb  6pzwFE_antibody.pdb
Converting SMILES to graph: 275/500
7nbbACB_antigen.pdb  6krzHI_antibody.pdb
Converting SMILES to graph: 276/500
7ncsA_antigen.pdb  6higHL_antibody.pdb
Converting SMILES to graph: 277/500
7ncsA_antigen.pdb  6dcqHL_antibody.pdb
Converting SMILES to graph: 278/500
7ncsA_antigen.pdb  3fb6AB_antibody.pdb
Converting SMILES to graph: 279/500
7ncsA_antigen.pdb  4zfoHL_antibody.pdb
Converting SMILES to graph: 280/500
7ncsA_antigen.pdb  7u0qGF_antibody.pdb
Converting SMILES to graph: 281/500
7ncsA_antigen.pdb  7fimN_antibody.pdb
Converting SMILES to graph: 282/500
7nd0A_antigen.pdb  4p2cH_antibody.pdb
Converting SMILES to graph: 283/500
7nd0A_antigen.pdb  7wlwHL_antibody.pdb
Converting SMILES to graph: 284/500
7nd0A_antigen.pdb  4tscHL_antibody.pdb
Converting SMILES to graph: 285/500
7nd0A_antigen.pdb  8ty1CB_antibody.pdb
Converting SMILES to graph: 286/500
7nd0A_antigen.pdb  2x7lGI_antibody.pdb
Converting SMILES to graph: 287/500
7nd0A_antigen.pdb  8errHL_antibody.pdb
Converting SMILES to graph: 288/500
7nd3B_antigen.pdb  4nikBb_antibody.pdb
Converting SMILES to graph: 289/500
7nd3B_antigen.pdb  7f9wBC_antibody.pdb
Converting SMILES to graph: 290/500
7nd3B_antigen.pdb  8euqCD_antibody.pdb
Converting SMILES to graph: 291/500
7nd3B_antigen.pdb  7nd9HL_antibody.pdb
Converting SMILES to graph: 292/500
7nd3B_antigen.pdb  6j5dHL_antibody.pdb
Converting SMILES to graph: 293/500
7nd3B_antigen.pdb  8b18B_antibody.pdb
Converting SMILES to graph: 294/500
7nd4C_antigen.pdb  7e14N_antibody.pdb
Converting SMILES to graph: 295/500
7nd4C_antigen.pdb  7m53HL_antibody.pdb
Converting SMILES to graph: 296/500
7nd4C_antigen.pdb  6hhcHL_antibody.pdb
Converting SMILES to graph: 297/500
7nd4C_antigen.pdb  6umxHL_antibody.pdb
Converting SMILES to graph: 298/500
7nd4C_antigen.pdb  7o9wCB_antibody.pdb
Converting SMILES to graph: 299/500
7nd4C_antigen.pdb  4lcuAB_antibody.pdb
Converting SMILES to graph: 300/500
7nd5B_antigen.pdb  7f4hN_antibody.pdb
Converting SMILES to graph: 301/500
7nd5B_antigen.pdb  6phbDC_antibody.pdb
Converting SMILES to graph: 302/500
7nd5B_antigen.pdb  7bemHL_antibody.pdb
Converting SMILES to graph: 303/500
7nd5B_antigen.pdb  4lgpD_antibody.pdb
Converting SMILES to graph: 304/500
7nd5B_antigen.pdb  3d9aHL_antibody.pdb
Converting SMILES to graph: 305/500
7nd5B_antigen.pdb  6azmBA_antibody.pdb
Converting SMILES to graph: 306/500
7nd6B_antigen.pdb  5mp2D_antibody.pdb
Converting SMILES to graph: 307/500
7nd6B_antigen.pdb  8dwoHL_antibody.pdb
Converting SMILES to graph: 308/500
7nd6B_antigen.pdb  7engHL_antibody.pdb
Converting SMILES to graph: 309/500
7nd6B_antigen.pdb  5ywyHL_antibody.pdb
Converting SMILES to graph: 310/500
7nd6B_antigen.pdb  7f2oSs_antibody.pdb
Converting SMILES to graph: 311/500
7nd6B_antigen.pdb  5w9kHI_antibody.pdb
Converting SMILES to graph: 312/500
7nd7A_antigen.pdb  2otuDC_antibody.pdb
Converting SMILES to graph: 313/500
7nd7A_antigen.pdb  7eajFL_antibody.pdb
Converting SMILES to graph: 314/500
7nd7A_antigen.pdb  4kkcCD_antibody.pdb
Converting SMILES to graph: 315/500
7nd7A_antigen.pdb  1cfnBA_antibody.pdb
Converting SMILES to graph: 316/500
7nd7A_antigen.pdb  8jsoSs_antibody.pdb
Converting SMILES to graph: 317/500
7nd7A_antigen.pdb  7saiC_antibody.pdb
Converting SMILES to graph: 318/500
7nd8B_antigen.pdb  8ucdHL_antibody.pdb
Converting SMILES to graph: 319/500
7nd8B_antigen.pdb  7bu7B_antibody.pdb
Converting SMILES to graph: 320/500
7nd8B_antigen.pdb  7jvbC_antibody.pdb
Converting SMILES to graph: 321/500
7nd8B_antigen.pdb  6dc5HI_antibody.pdb
Converting SMILES to graph: 322/500
7nd8B_antigen.pdb  7y6nHL_antibody.pdb
Converting SMILES to graph: 323/500
7nd9B_antigen.pdb  5c2uB_antibody.pdb
Converting SMILES to graph: 324/500
7nd9B_antigen.pdb  7ur4FG_antibody.pdb
Converting SMILES to graph: 325/500
7nd9B_antigen.pdb  7x2hAB_antibody.pdb
Converting SMILES to graph: 326/500
7nd9B_antigen.pdb  4j6rHL_antibody.pdb
Converting SMILES to graph: 327/500
7nd9B_antigen.pdb  6x3vJI_antibody.pdb
Converting SMILES to graph: 328/500
7nd9B_antigen.pdb  7vktEe_antibody.pdb
Converting SMILES to graph: 329/500
7ndaCA_antigen.pdb  7kjhB_antibody.pdb
Converting SMILES to graph: 330/500
7ndaCA_antigen.pdb  8hbjE_antibody.pdb
Converting SMILES to graph: 331/500
7ndaCA_antigen.pdb  5fhcAB_antibody.pdb
Converting SMILES to graph: 332/500
7ndaCA_antigen.pdb  3k3qA_antibody.pdb
Converting SMILES to graph: 333/500
7ndaCA_antigen.pdb  7te9MN_antibody.pdb
Converting SMILES to graph: 334/500
7ndaCA_antigen.pdb  6vcbN_antibody.pdb
Converting SMILES to graph: 335/500
7ndbB_antigen.pdb  8ghrC_antibody.pdb
Converting SMILES to graph: 336/500
7ndbB_antigen.pdb  4yueHL_antibody.pdb
Converting SMILES to graph: 337/500
7ndbB_antigen.pdb  2iffHL_antibody.pdb
Converting SMILES to graph: 338/500
7ndbB_antigen.pdb  6x19N_antibody.pdb
Converting SMILES to graph: 339/500
7ndbB_antigen.pdb  4k94HL_antibody.pdb
Converting SMILES to graph: 340/500
7ndbB_antigen.pdb  7t9tCD_antibody.pdb
Converting SMILES to graph: 341/500
7ndcB_antigen.pdb  2q8bHL_antibody.pdb
Converting SMILES to graph: 342/500
7ndcB_antigen.pdb  8f7wEe_antibody.pdb
Converting SMILES to graph: 343/500
7ndcB_antigen.pdb  4kjqEF_antibody.pdb
Converting SMILES to graph: 344/500
7ndcB_antigen.pdb  6itcC_antibody.pdb
Converting SMILES to graph: 345/500
7ndcB_antigen.pdb  2dqcHL_antibody.pdb
Converting SMILES to graph: 346/500
7ndcB_antigen.pdb  7swnHL_antibody.pdb
Converting SMILES to graph: 347/500
7nddA_antigen.pdb  7d3kHL_antibody.pdb
Converting SMILES to graph: 348/500
7nddA_antigen.pdb  6d6uKL_antibody.pdb
Converting SMILES to graph: 349/500
7nddA_antigen.pdb  8dflE_antibody.pdb
Converting SMILES to graph: 350/500
7nddA_antigen.pdb  8thkFf_antibody.pdb
Converting SMILES to graph: 351/500
7nddA_antigen.pdb  7xdbDE_antibody.pdb
Converting SMILES to graph: 352/500
7nddA_antigen.pdb  7cwmHL_antibody.pdb
Converting SMILES to graph: 353/500
7ndfB_antigen.pdb  7wrzHL_antibody.pdb
Converting SMILES to graph: 354/500
7ndfB_antigen.pdb  5uemHL_antibody.pdb
Converting SMILES to graph: 355/500
7ndfB_antigen.pdb  8hdoN_antibody.pdb
Converting SMILES to graph: 356/500
7ndfB_antigen.pdb  8idnHL_antibody.pdb
Converting SMILES to graph: 357/500
7ndfB_antigen.pdb  6umxHL_antibody.pdb
Converting SMILES to graph: 358/500
7ndfB_antigen.pdb  7soeBL_antibody.pdb
Converting SMILES to graph: 359/500
7negE_antigen.pdb  7z12BC_antibody.pdb
Converting SMILES to graph: 360/500
7negE_antigen.pdb  6wf1HL_antibody.pdb
Converting SMILES to graph: 361/500
7negE_antigen.pdb  7thtHL_antibody.pdb
Converting SMILES to graph: 362/500
7negE_antigen.pdb  6p91HL_antibody.pdb
Converting SMILES to graph: 363/500
7negE_antigen.pdb  6adaCD_antibody.pdb
Converting SMILES to graph: 364/500
7negE_antigen.pdb  8hj2N_antibody.pdb
Converting SMILES to graph: 365/500
7nehE_antigen.pdb  8dwaHL_antibody.pdb
Converting SMILES to graph: 366/500
7nehE_antigen.pdb  5i5kXY_antibody.pdb
Converting SMILES to graph: 367/500
7nehE_antigen.pdb  5lhnB_antibody.pdb
Converting SMILES to graph: 368/500
7nehE_antigen.pdb  4s1rHL_antibody.pdb
Converting SMILES to graph: 369/500
7nehE_antigen.pdb  7kmkHL_antibody.pdb
Converting SMILES to graph: 370/500
7nehE_antigen.pdb  7vdlSs_antibody.pdb
Converting SMILES to graph: 371/500
7neqA_antigen.pdb  5uhyHG_antibody.pdb
Converting SMILES to graph: 372/500
7neqA_antigen.pdb  7phvBC_antibody.pdb
Converting SMILES to graph: 373/500
7neqA_antigen.pdb  4hixHL_antibody.pdb
Converting SMILES to graph: 374/500
7neqA_antigen.pdb  7lbeHG_antibody.pdb
Converting SMILES to graph: 375/500
7neqA_antigen.pdb  6m0fHL_antibody.pdb
Converting SMILES to graph: 376/500
7neqA_antigen.pdb  5tbdEF_antibody.pdb
Converting SMILES to graph: 377/500
7nezB_antigen.pdb  5hi5CD_antibody.pdb
Converting SMILES to graph: 378/500
7nezB_antigen.pdb  6ln2CB_antibody.pdb
Converting SMILES to graph: 379/500
7nezB_antigen.pdb  7rkyDd_antibody.pdb
Converting SMILES to graph: 380/500
7nezB_antigen.pdb  7soeBL_antibody.pdb
Converting SMILES to graph: 381/500
7nezB_antigen.pdb  5kvdHL_antibody.pdb
Converting SMILES to graph: 382/500
7nezB_antigen.pdb  6vrkBC_antibody.pdb
Converting SMILES to graph: 383/500
7nfdB_antigen.pdb  5tkkHL_antibody.pdb
Converting SMILES to graph: 384/500
7nfdB_antigen.pdb  8h5tB_antibody.pdb
Converting SMILES to graph: 385/500
7nfdB_antigen.pdb  7k9iHL_antibody.pdb
Converting SMILES to graph: 386/500
7nfdB_antigen.pdb  6zh9HL_antibody.pdb
Converting SMILES to graph: 387/500
7nfdB_antigen.pdb  7syyHL_antibody.pdb
Converting SMILES to graph: 388/500
7nfdB_antigen.pdb  3p0yHL_antibody.pdb
Converting SMILES to graph: 389/500
7nfqB_antigen.pdb  8jlqSs_antibody.pdb
Converting SMILES to graph: 390/500
7nfqB_antigen.pdb  7tyyN_antibody.pdb
Converting SMILES to graph: 391/500
7nfqB_antigen.pdb  7w0pSs_antibody.pdb
Converting SMILES to graph: 392/500
7nfqB_antigen.pdb  8g5fJK_antibody.pdb
Converting SMILES to graph: 393/500
7nfqB_antigen.pdb  6zlrHL_antibody.pdb
Converting SMILES to graph: 394/500
7nfqB_antigen.pdb  8csjHL_antibody.pdb
Converting SMILES to graph: 395/500
7nfrA_antigen.pdb  7lvwK_antibody.pdb
Converting SMILES to graph: 396/500
7nfrA_antigen.pdb  6b0nDE_antibody.pdb
Converting SMILES to graph: 397/500
7nfrA_antigen.pdb  3egsBA_antibody.pdb
Converting SMILES to graph: 398/500
7nfrA_antigen.pdb  2xt1B_antibody.pdb
Converting SMILES to graph: 399/500
7nfrA_antigen.pdb  4wgwD_antibody.pdb
Converting SMILES to graph: 400/500
7nfrA_antigen.pdb  8saxCD_antibody.pdb
Converting SMILES to graph: 401/500
7nftA_antigen.pdb  6dc5HI_antibody.pdb
Converting SMILES to graph: 402/500
7nftA_antigen.pdb  8e8lHL_antibody.pdb
Converting SMILES to graph: 403/500
7nftA_antigen.pdb  4y8dC_antibody.pdb
Converting SMILES to graph: 404/500
7nftA_antigen.pdb  6az2CE_antibody.pdb
Converting SMILES to graph: 405/500
7nftA_antigen.pdb  7df9HL_antibody.pdb
Converting SMILES to graph: 406/500
7nftA_antigen.pdb  6flbHL_antibody.pdb
Converting SMILES to graph: 407/500
7nghB_antigen.pdb  3o0rHL_antibody.pdb
Converting SMILES to graph: 408/500
7nghB_antigen.pdb  6ccbDE_antibody.pdb
Converting SMILES to graph: 409/500
7nghB_antigen.pdb  5dyoHL_antibody.pdb
Converting SMILES to graph: 410/500
7nghB_antigen.pdb  8dy1Cc_antibody.pdb
Converting SMILES to graph: 411/500
7nghB_antigen.pdb  7wo5DE_antibody.pdb
Converting SMILES to graph: 412/500
7nghB_antigen.pdb  7jv5N_antibody.pdb
Converting SMILES to graph: 413/500
7nikAB_antigen.pdb  6tggHh_antibody.pdb
Converting SMILES to graph: 414/500
7nikAB_antigen.pdb  5i6zBC_antibody.pdb
Converting SMILES to graph: 415/500
7nikAB_antigen.pdb  8ek5Ee_antibody.pdb
Converting SMILES to graph: 416/500
7nikAB_antigen.pdb  7xikHL_antibody.pdb
Converting SMILES to graph: 417/500
7nikAB_antigen.pdb  6x4tDF_antibody.pdb
Converting SMILES to graph: 418/500
7nikAB_antigen.pdb  8oxyBC_antibody.pdb
Converting SMILES to graph: 419/500
7nilA_antigen.pdb  6uftB_antibody.pdb
Converting SMILES to graph: 420/500
7nilA_antigen.pdb  7urxHL_antibody.pdb
Converting SMILES to graph: 421/500
7nilA_antigen.pdb  7cx4N_antibody.pdb
Converting SMILES to graph: 422/500
7nilA_antigen.pdb  5kteHL_antibody.pdb
Converting SMILES to graph: 423/500
7nilA_antigen.pdb  6gjqF_antibody.pdb
Converting SMILES to graph: 424/500
7nilA_antigen.pdb  1ce1HL_antibody.pdb
Converting SMILES to graph: 425/500
7nirAB_antigen.pdb  5o0wH_antibody.pdb
Converting SMILES to graph: 426/500
7nirAB_antigen.pdb  4r8wHL_antibody.pdb
Converting SMILES to graph: 427/500
7nirAB_antigen.pdb  7sjnDE_antibody.pdb
Converting SMILES to graph: 428/500
7nirAB_antigen.pdb  3f5wAB_antibody.pdb
Converting SMILES to graph: 429/500
7nirAB_antigen.pdb  5utyDE_antibody.pdb
Converting SMILES to graph: 430/500
7nirAB_antigen.pdb  6wqoBC_antibody.pdb
Converting SMILES to graph: 431/500
7niuA_antigen.pdb  7pqgB_antibody.pdb
Converting SMILES to graph: 432/500
7niuA_antigen.pdb  7wlyPO_antibody.pdb
Converting SMILES to graph: 433/500
7niuA_antigen.pdb  6w09KO_antibody.pdb
Converting SMILES to graph: 434/500
7niuA_antigen.pdb  2w65CD_antibody.pdb
Converting SMILES to graph: 435/500
7niuA_antigen.pdb  7dnhHL_antibody.pdb
Converting SMILES to graph: 436/500
7niuA_antigen.pdb  8gb5BC_antibody.pdb
Converting SMILES to graph: 437/500
7nivA_antigen.pdb  5xezHL_antibody.pdb
Converting SMILES to graph: 438/500
7nivA_antigen.pdb  6a78IM_antibody.pdb
Converting SMILES to graph: 439/500
7nivA_antigen.pdb  6touAa_antibody.pdb
Converting SMILES to graph: 440/500
7nivA_antigen.pdb  5vn8FJ_antibody.pdb
Converting SMILES to graph: 441/500
7nivA_antigen.pdb  5v6lIM_antibody.pdb
Converting SMILES to graph: 442/500
7niwA_antigen.pdb  4orzC_antibody.pdb
Converting SMILES to graph: 443/500
7niwA_antigen.pdb  8h00ED_antibody.pdb
Converting SMILES to graph: 444/500
7niwA_antigen.pdb  7e6pHL_antibody.pdb
Converting SMILES to graph: 445/500
7niwA_antigen.pdb  6uunN_antibody.pdb
Converting SMILES to graph: 446/500
7niwA_antigen.pdb  3w2dHL_antibody.pdb
Converting SMILES to graph: 447/500
7niwA_antigen.pdb  8sgtHL_antibody.pdb
Converting SMILES to graph: 448/500
7nj3A_antigen.pdb  8tb0Ff_antibody.pdb
Converting SMILES to graph: 449/500
7nj3A_antigen.pdb  2fd6HL_antibody.pdb
Converting SMILES to graph: 450/500
7nj3A_antigen.pdb  7lf8HL_antibody.pdb
Converting SMILES to graph: 451/500
7nj3A_antigen.pdb  2vdqHL_antibody.pdb
Converting SMILES to graph: 452/500
7nj3A_antigen.pdb  6awoBC_antibody.pdb
Converting SMILES to graph: 453/500
7nj3A_antigen.pdb  4uu9HL_antibody.pdb
Converting SMILES to graph: 454/500
7nj5A_antigen.pdb  6awqBC_antibody.pdb
Converting SMILES to graph: 455/500
7nj5A_antigen.pdb  8gpyCD_antibody.pdb
Converting SMILES to graph: 456/500
7nj5A_antigen.pdb  6vbgC_antibody.pdb
Converting SMILES to graph: 457/500
7nj5A_antigen.pdb  8ibvEe_antibody.pdb
Converting SMILES to graph: 458/500
7nj5A_antigen.pdb  7y65Ss_antibody.pdb
Converting SMILES to graph: 459/500
7nj5A_antigen.pdb  8g3mEF_antibody.pdb
Converting SMILES to graph: 460/500
7njzC_antigen.pdb  8cimDE_antibody.pdb
Converting SMILES to graph: 461/500
7njzC_antigen.pdb  7xmxEF_antibody.pdb
Converting SMILES to graph: 462/500
7njzC_antigen.pdb  7wckAB_antibody.pdb
Converting SMILES to graph: 463/500
7njzC_antigen.pdb  7dh5N_antibody.pdb
Converting SMILES to graph: 464/500
7njzC_antigen.pdb  7r1zC_antibody.pdb
Converting SMILES to graph: 465/500
7njzC_antigen.pdb  8fluN_antibody.pdb
Converting SMILES to graph: 466/500
7nk4A_antigen.pdb  7x90EF_antibody.pdb
Converting SMILES to graph: 467/500
7nk4A_antigen.pdb  7ugpMP_antibody.pdb
Converting SMILES to graph: 468/500
7nk4A_antigen.pdb  6d11CD_antibody.pdb
Converting SMILES to graph: 469/500
7nk4A_antigen.pdb  8h63B_antibody.pdb
Converting SMILES to graph: 470/500
7nk4A_antigen.pdb  6x1tHL_antibody.pdb
Converting SMILES to graph: 471/500
7nk4A_antigen.pdb  2i5yRQ_antibody.pdb
Converting SMILES to graph: 472/500
7nk8AB_antigen.pdb  7r8mHL_antibody.pdb
Converting SMILES to graph: 473/500
7nk8AB_antigen.pdb  7nd7HL_antibody.pdb
Converting SMILES to graph: 474/500
7nk8AB_antigen.pdb  6o2aCD_antibody.pdb
Converting SMILES to graph: 475/500
7nk8AB_antigen.pdb  3v6oCE_antibody.pdb
Converting SMILES to graph: 476/500
7nk8AB_antigen.pdb  7sp8B_antibody.pdb
Converting SMILES to graph: 477/500
7nk8AB_antigen.pdb  3ixtHL_antibody.pdb
Converting SMILES to graph: 478/500
7nkiA_antigen.pdb  5w0kHL_antibody.pdb
Converting SMILES to graph: 479/500
7nkiA_antigen.pdb  7uplED_antibody.pdb
Converting SMILES to graph: 480/500
7nkiA_antigen.pdb  7t75HL_antibody.pdb
Converting SMILES to graph: 481/500
7nkiA_antigen.pdb  6ks0HL_antibody.pdb
Converting SMILES to graph: 482/500
7nkiA_antigen.pdb  6n81HL_antibody.pdb
Converting SMILES to graph: 483/500
7nkiA_antigen.pdb  7s7iHL_antibody.pdb
Converting SMILES to graph: 484/500
7nksB_antigen.pdb  6u9sAB_antibody.pdb
Converting SMILES to graph: 485/500
7nksB_antigen.pdb  7amsHL_antibody.pdb
Converting SMILES to graph: 486/500
7nksB_antigen.pdb  7n4lHL_antibody.pdb
Converting SMILES to graph: 487/500
7nksB_antigen.pdb  6mjzHL_antibody.pdb
Converting SMILES to graph: 488/500
7nksB_antigen.pdb  8cz8Cc_antibody.pdb
Converting SMILES to graph: 489/500
7nksB_antigen.pdb  7u9eBb_antibody.pdb
Converting SMILES to graph: 490/500
7nktA_antigen.pdb  8hbwB_antibody.pdb
Converting SMILES to graph: 491/500
7nktA_antigen.pdb  7wwiED_antibody.pdb
Converting SMILES to graph: 492/500
7nktA_antigen.pdb  7v24HL_antibody.pdb
Converting SMILES to graph: 493/500
7nktA_antigen.pdb  1k4cAB_antibody.pdb
Converting SMILES to graph: 494/500
7nktA_antigen.pdb  7uz7HL_antibody.pdb
Converting SMILES to graph: 495/500
7nktA_antigen.pdb  6umxHL_antibody.pdb
Converting SMILES to graph: 496/500
7nllD_antigen.pdb  6wh9EF_antibody.pdb
Converting SMILES to graph: 497/500
7nllD_antigen.pdb  5yoyPM_antibody.pdb
Converting SMILES to graph: 498/500
7nllD_antigen.pdb  8dwyHL_antibody.pdb
Converting SMILES to graph: 499/500
7nllD_antigen.pdb  6o39BA_antibody.pdb
Converting SMILES to graph: 500/500
7nllD_antigen.pdb  6lxjMN_antibody.pdb
Graph construction done. Saving to file.
