Converting SMILES to graph: 1/500
5utyB_antigen.pdb  2znxAa_antibody.pdb
Converting SMILES to graph: 2/500
5utyB_antigen.pdb  6xp6HG_antibody.pdb
Converting SMILES to graph: 3/500
5utzE_antigen.pdb  7l5jYX_antibody.pdb
Converting SMILES to graph: 4/500
5utzE_antigen.pdb  5i71BC_antibody.pdb
Converting SMILES to graph: 5/500
5utzE_antigen.pdb  7l2eHL_antibody.pdb
Converting SMILES to graph: 6/500
5utzE_antigen.pdb  7q9fJK_antibody.pdb
Converting SMILES to graph: 7/500
5utzE_antigen.pdb  7kcrHL_antibody.pdb
Converting SMILES to graph: 8/500
5utzE_antigen.pdb  7eb2Nn_antibody.pdb
Converting SMILES to graph: 9/500
5uweGN_antigen.pdb  7xowEe_antibody.pdb
Converting SMILES to graph: 10/500
5uweGN_antigen.pdb  7z1xB_antibody.pdb
Converting SMILES to graph: 11/500
5uweGN_antigen.pdb  6vjtHL_antibody.pdb
Converting SMILES to graph: 12/500
5uweGN_antigen.pdb  7xjhN_antibody.pdb
Converting SMILES to graph: 13/500
5uweGN_antigen.pdb  5ushDE_antibody.pdb
Converting SMILES to graph: 14/500
5uweGN_antigen.pdb  6mv5HL_antibody.pdb
Converting SMILES to graph: 15/500
5uz7AB_antigen.pdb  6w41HL_antibody.pdb
Converting SMILES to graph: 16/500
5uz7AB_antigen.pdb  1mpaHL_antibody.pdb
Converting SMILES to graph: 17/500
5uz7AB_antigen.pdb  5g5rB_antibody.pdb
Converting SMILES to graph: 18/500
5uz7AB_antigen.pdb  7nrhHL_antibody.pdb
Converting SMILES to graph: 19/500
5uz7AB_antigen.pdb  7x8zHL_antibody.pdb
Converting SMILES to graph: 20/500
5uz7AB_antigen.pdb  7fjnIJ_antibody.pdb
Converting SMILES to graph: 21/500
5v2aA_antigen.pdb  6wpwN_antibody.pdb
Converting SMILES to graph: 22/500
5v2aA_antigen.pdb  8ivxHL_antibody.pdb
Converting SMILES to graph: 23/500
5v2aA_antigen.pdb  7lbfFE_antibody.pdb
Converting SMILES to graph: 24/500
5v2aA_antigen.pdb  4cdgD_antibody.pdb
Converting SMILES to graph: 25/500
5v2aA_antigen.pdb  7budGI_antibody.pdb
Converting SMILES to graph: 26/500
5v2aA_antigen.pdb  5n0aHL_antibody.pdb
Converting SMILES to graph: 27/500
5v6lQ_antigen.pdb  7wryHL_antibody.pdb
Converting SMILES to graph: 28/500
5v6lQ_antigen.pdb  4r4hHL_antibody.pdb
Converting SMILES to graph: 29/500
5v6lQ_antigen.pdb  8f9tAB_antibody.pdb
Converting SMILES to graph: 30/500
5v6lQ_antigen.pdb  6mu8DE_antibody.pdb
Converting SMILES to graph: 31/500
5v6lQ_antigen.pdb  4xwoIJ_antibody.pdb
Converting SMILES to graph: 32/500
5v6lQ_antigen.pdb  7zlgHL_antibody.pdb
Converting SMILES to graph: 33/500
5v6mP_antigen.pdb  7wt8HD_antibody.pdb
Converting SMILES to graph: 34/500
5v6mP_antigen.pdb  7f58N_antibody.pdb
Converting SMILES to graph: 35/500
5v6mP_antigen.pdb  7dcxBG_antibody.pdb
Converting SMILES to graph: 36/500
5v6mP_antigen.pdb  6udkMN_antibody.pdb
Converting SMILES to graph: 37/500
5v6mP_antigen.pdb  7mdjAB_antibody.pdb
Converting SMILES to graph: 38/500
5v6mP_antigen.pdb  6e63HL_antibody.pdb
Converting SMILES to graph: 39/500
5v7jB_antigen.pdb  7so9ED_antibody.pdb
Converting SMILES to graph: 40/500
5v7jB_antigen.pdb  7rm0AB_antibody.pdb
Converting SMILES to graph: 41/500
5v7jB_antigen.pdb  2hvkAB_antibody.pdb
Converting SMILES to graph: 42/500
5v7jB_antigen.pdb  4risHL_antibody.pdb
Converting SMILES to graph: 43/500
5v7jB_antigen.pdb  7uaqHL_antibody.pdb
Converting SMILES to graph: 44/500
5v8lA_antigen.pdb  7vgsDC_antibody.pdb
Converting SMILES to graph: 45/500
5v8lA_antigen.pdb  6h7lD_antibody.pdb
Converting SMILES to graph: 46/500
5v8lA_antigen.pdb  6ddvBA_antibody.pdb
Converting SMILES to graph: 47/500
5v8lA_antigen.pdb  5u8rHL_antibody.pdb
Converting SMILES to graph: 48/500
5v8lA_antigen.pdb  6b0gDC_antibody.pdb
Converting SMILES to graph: 49/500
5v8lA_antigen.pdb  7qndM_antibody.pdb
Converting SMILES to graph: 50/500
5v8mG_antigen.pdb  4xnmBA_antibody.pdb
Converting SMILES to graph: 51/500
5v8mG_antigen.pdb  5f45HL_antibody.pdb
Converting SMILES to graph: 52/500
5v8mG_antigen.pdb  3w12CD_antibody.pdb
Converting SMILES to graph: 53/500
5v8mG_antigen.pdb  3rjqB_antibody.pdb
Converting SMILES to graph: 54/500
5v8mG_antigen.pdb  6tejC_antibody.pdb
Converting SMILES to graph: 55/500
5v8mG_antigen.pdb  4xwgHL_antibody.pdb
Converting SMILES to graph: 56/500
5vagA_antigen.pdb  7f58N_antibody.pdb
Converting SMILES to graph: 57/500
5vagA_antigen.pdb  8gniC_antibody.pdb
Converting SMILES to graph: 58/500
5vagA_antigen.pdb  8j6pSs_antibody.pdb
Converting SMILES to graph: 59/500
5vagA_antigen.pdb  7ll2IJ_antibody.pdb
Converting SMILES to graph: 60/500
5vagA_antigen.pdb  7weeHL_antibody.pdb
Converting SMILES to graph: 61/500
5vagA_antigen.pdb  2p44B_antibody.pdb
Converting SMILES to graph: 62/500
5vaiAB_antigen.pdb  7sixHL_antibody.pdb
Converting SMILES to graph: 63/500
5vaiAB_antigen.pdb  2r0zHL_antibody.pdb
Converting SMILES to graph: 64/500
5vaiAB_antigen.pdb  8sazCD_antibody.pdb
Converting SMILES to graph: 65/500
5vaiAB_antigen.pdb  1ospHL_antibody.pdb
Converting SMILES to graph: 66/500
5vaiAB_antigen.pdb  8f9sHL_antibody.pdb
Converting SMILES to graph: 67/500
5vaiAB_antigen.pdb  6s3tNM_antibody.pdb
Converting SMILES to graph: 68/500
5vakA_antigen.pdb  7zwmBC_antibody.pdb
Converting SMILES to graph: 69/500
5vakA_antigen.pdb  7sp7C_antibody.pdb
Converting SMILES to graph: 70/500
5vakA_antigen.pdb  8hdoN_antibody.pdb
Converting SMILES to graph: 71/500
5vakA_antigen.pdb  1ncbHL_antibody.pdb
Converting SMILES to graph: 72/500
5vakA_antigen.pdb  5ijkBD_antibody.pdb
Converting SMILES to graph: 73/500
5vakA_antigen.pdb  6vi1BA_antibody.pdb
Converting SMILES to graph: 74/500
5vanA_antigen.pdb  8flwHL_antibody.pdb
Converting SMILES to graph: 75/500
5vanA_antigen.pdb  7e5rLH_antibody.pdb
Converting SMILES to graph: 76/500
5vanA_antigen.pdb  6h02B_antibody.pdb
Converting SMILES to graph: 77/500
5vanA_antigen.pdb  3dvnBA_antibody.pdb
Converting SMILES to graph: 78/500
5vanA_antigen.pdb  8bg6AB_antibody.pdb
Converting SMILES to graph: 79/500
5vanA_antigen.pdb  1n0xKM_antibody.pdb
Converting SMILES to graph: 80/500
5vaqA_antigen.pdb  7o31HL_antibody.pdb
Converting SMILES to graph: 81/500
5vaqA_antigen.pdb  7k8vMN_antibody.pdb
Converting SMILES to graph: 82/500
5vaqA_antigen.pdb  8f6xDd_antibody.pdb
Converting SMILES to graph: 83/500
5vaqA_antigen.pdb  6itcC_antibody.pdb
Converting SMILES to graph: 84/500
5vaqA_antigen.pdb  1ncaHL_antibody.pdb
Converting SMILES to graph: 85/500
5vaqA_antigen.pdb  7tdmHL_antibody.pdb
Converting SMILES to graph: 86/500
5vcnA_antigen.pdb  4kjwCD_antibody.pdb
Converting SMILES to graph: 87/500
5vcnA_antigen.pdb  7epbC_antibody.pdb
Converting SMILES to graph: 88/500
5vcnA_antigen.pdb  7vdhSs_antibody.pdb
Converting SMILES to graph: 89/500
5vcnA_antigen.pdb  8ib1BA_antibody.pdb
Converting SMILES to graph: 90/500
5vcnA_antigen.pdb  2i9lFE_antibody.pdb
Converting SMILES to graph: 91/500
5vcnA_antigen.pdb  7f1oE_antibody.pdb
Converting SMILES to graph: 92/500
5vcoE_antigen.pdb  6lxiCD_antibody.pdb
Converting SMILES to graph: 93/500
5vcoE_antigen.pdb  7t92HL_antibody.pdb
Converting SMILES to graph: 94/500
5vcoE_antigen.pdb  6raiC_antibody.pdb
Converting SMILES to graph: 95/500
5vcoE_antigen.pdb  8u26N_antibody.pdb
Converting SMILES to graph: 96/500
5vcoE_antigen.pdb  1g7hBA_antibody.pdb
Converting SMILES to graph: 97/500
5vcoE_antigen.pdb  7xegCD_antibody.pdb
Converting SMILES to graph: 98/500
5vebY_antigen.pdb  7rkmDd_antibody.pdb
Converting SMILES to graph: 99/500
5vebY_antigen.pdb  5lhrB_antibody.pdb
Converting SMILES to graph: 100/500
5vebY_antigen.pdb  2itdAB_antibody.pdb
Converting SMILES to graph: 101/500
5vebY_antigen.pdb  5jdsB_antibody.pdb
Converting SMILES to graph: 102/500
5vebY_antigen.pdb  3jabHL_antibody.pdb
Converting SMILES to graph: 103/500
5vebY_antigen.pdb  8dwcEe_antibody.pdb
Converting SMILES to graph: 104/500
5vgjG_antigen.pdb  7uzbHL_antibody.pdb
Converting SMILES to graph: 105/500
5vgjG_antigen.pdb  7mtbHL_antibody.pdb
Converting SMILES to graph: 106/500
5vgjG_antigen.pdb  7x9ySs_antibody.pdb
Converting SMILES to graph: 107/500
5vgjG_antigen.pdb  5yd3Gg_antibody.pdb
Converting SMILES to graph: 108/500
5vgjG_antigen.pdb  3sqoHL_antibody.pdb
Converting SMILES to graph: 109/500
5vgjG_antigen.pdb  7jwqAB_antibody.pdb
Converting SMILES to graph: 110/500
5vicE_antigen.pdb  7d0bHL_antibody.pdb
Converting SMILES to graph: 111/500
5vicE_antigen.pdb  3sobHL_antibody.pdb
Converting SMILES to graph: 112/500
5vicE_antigen.pdb  5jsaEF_antibody.pdb
Converting SMILES to graph: 113/500
5vicE_antigen.pdb  7nmuC_antibody.pdb
Converting SMILES to graph: 114/500
5vicE_antigen.pdb  1yjdHL_antibody.pdb
Converting SMILES to graph: 115/500
5vicE_antigen.pdb  8bbnMN_antibody.pdb
Converting SMILES to graph: 116/500
5vigZ_antigen.pdb  7ph2C_antibody.pdb
Converting SMILES to graph: 117/500
5vigZ_antigen.pdb  6xskIK_antibody.pdb
Converting SMILES to graph: 118/500
5vigZ_antigen.pdb  6qgxB_antibody.pdb
Converting SMILES to graph: 119/500
5vigZ_antigen.pdb  2zchHL_antibody.pdb
Converting SMILES to graph: 120/500
5vigZ_antigen.pdb  7y9tD_antibody.pdb
Converting SMILES to graph: 121/500
5vigZ_antigen.pdb  7kmiAB_antibody.pdb
Converting SMILES to graph: 122/500
5viyF_antigen.pdb  6mw9OP_antibody.pdb
Converting SMILES to graph: 123/500
5viyF_antigen.pdb  7zmpC_antibody.pdb
Converting SMILES to graph: 124/500
5viyF_antigen.pdb  6vlwHL_antibody.pdb
Converting SMILES to graph: 125/500
5viyF_antigen.pdb  8jitN_antibody.pdb
Converting SMILES to graph: 126/500
5viyF_antigen.pdb  7mw4FG_antibody.pdb
Converting SMILES to graph: 127/500
5viyF_antigen.pdb  7pqqB_antibody.pdb
Converting SMILES to graph: 128/500
5vj6CF_antigen.pdb  6rafC_antibody.pdb
Converting SMILES to graph: 129/500
5vj6CF_antigen.pdb  5nblE_antibody.pdb
Converting SMILES to graph: 130/500
5vj6CF_antigen.pdb  4yr6AB_antibody.pdb
Converting SMILES to graph: 131/500
5vj6CF_antigen.pdb  7behHL_antibody.pdb
Converting SMILES to graph: 132/500
5vj6CF_antigen.pdb  1kb9JK_antibody.pdb
Converting SMILES to graph: 133/500
5vj6CF_antigen.pdb  2xzqHL_antibody.pdb
Converting SMILES to graph: 134/500
5vjoF_antigen.pdb  8dpiEe_antibody.pdb
Converting SMILES to graph: 135/500
5vjoF_antigen.pdb  5t3zHL_antibody.pdb
Converting SMILES to graph: 136/500
5vjoF_antigen.pdb  4f9ldD_antibody.pdb
Converting SMILES to graph: 137/500
5vjoF_antigen.pdb  6vyvKO_antibody.pdb
Converting SMILES to graph: 138/500
5vjoF_antigen.pdb  7bc7B_antibody.pdb
Converting SMILES to graph: 139/500
5vjoF_antigen.pdb  6yxdHL_antibody.pdb
Converting SMILES to graph: 140/500
5vjqJ_antigen.pdb  7lkfHL_antibody.pdb
Converting SMILES to graph: 141/500
5vjqJ_antigen.pdb  5c8jAB_antibody.pdb
Converting SMILES to graph: 142/500
5vjqJ_antigen.pdb  7k7hHL_antibody.pdb
Converting SMILES to graph: 143/500
5vjqJ_antigen.pdb  4jlrHL_antibody.pdb
Converting SMILES to graph: 144/500
5vjqJ_antigen.pdb  8bczHL_antibody.pdb
Converting SMILES to graph: 145/500
5vjqJ_antigen.pdb  7v23OP_antibody.pdb
Converting SMILES to graph: 146/500
5vk2cC_antigen.pdb  8fasAB_antibody.pdb
Converting SMILES to graph: 147/500
5vk2cC_antigen.pdb  1u8jBA_antibody.pdb
Converting SMILES to graph: 148/500
5vk2cC_antigen.pdb  7zceEe_antibody.pdb
Converting SMILES to graph: 149/500
5vk2cC_antigen.pdb  1f58HL_antibody.pdb
Converting SMILES to graph: 150/500
5vk2cC_antigen.pdb  8g5fJK_antibody.pdb
Converting SMILES to graph: 151/500
5vk2cC_antigen.pdb  8aflD_antibody.pdb
Converting SMILES to graph: 152/500
5vk6C_antigen.pdb  7klgIM_antibody.pdb
Converting SMILES to graph: 153/500
5vk6C_antigen.pdb  4eizC_antibody.pdb
Converting SMILES to graph: 154/500
5vk6C_antigen.pdb  8sb1CD_antibody.pdb
Converting SMILES to graph: 155/500
5vk6C_antigen.pdb  8gnhHL_antibody.pdb
Converting SMILES to graph: 156/500
5vk6C_antigen.pdb  5mu0AB_antibody.pdb
Converting SMILES to graph: 157/500
5vkdA_antigen.pdb  3jbqHL_antibody.pdb
Converting SMILES to graph: 158/500
5vkdA_antigen.pdb  3ldbCB_antibody.pdb
Converting SMILES to graph: 159/500
5vkdA_antigen.pdb  4rx4HL_antibody.pdb
Converting SMILES to graph: 160/500
5vkdA_antigen.pdb  5ig7GH_antibody.pdb
Converting SMILES to graph: 161/500
5vkdA_antigen.pdb  7wn8HL_antibody.pdb
Converting SMILES to graph: 162/500
5vkdA_antigen.pdb  5kqvPQ_antibody.pdb
Converting SMILES to graph: 163/500
5vkeC_antigen.pdb  8hj5Cc_antibody.pdb
Converting SMILES to graph: 164/500
5vkeC_antigen.pdb  8dlrHL_antibody.pdb
Converting SMILES to graph: 165/500
5vkeC_antigen.pdb  6mtjDE_antibody.pdb
Converting SMILES to graph: 166/500
5vkeC_antigen.pdb  4p59HL_antibody.pdb
Converting SMILES to graph: 167/500
5vkeC_antigen.pdb  7tpgHL_antibody.pdb
Converting SMILES to graph: 168/500
5vkeC_antigen.pdb  8dzvAa_antibody.pdb
Converting SMILES to graph: 169/500
5vkhC_antigen.pdb  7m53HL_antibody.pdb
Converting SMILES to graph: 170/500
5vkhC_antigen.pdb  6p95DE_antibody.pdb
Converting SMILES to graph: 171/500
5vkhC_antigen.pdb  8savCD_antibody.pdb
Converting SMILES to graph: 172/500
5vkhC_antigen.pdb  7y72OP_antibody.pdb
Converting SMILES to graph: 173/500
5vkhC_antigen.pdb  7kfyHL_antibody.pdb
Converting SMILES to graph: 174/500
5vkhC_antigen.pdb  6aj9DE_antibody.pdb
Converting SMILES to graph: 175/500
5vl3Q_antigen.pdb  7ydiHL_antibody.pdb
Converting SMILES to graph: 176/500
5vl3Q_antigen.pdb  7tzfN_antibody.pdb
Converting SMILES to graph: 177/500
5vl3Q_antigen.pdb  6cdmAB_antibody.pdb
Converting SMILES to graph: 178/500
5vl3Q_antigen.pdb  4k4mIM_antibody.pdb
Converting SMILES to graph: 179/500
5vl3Q_antigen.pdb  7ch5HL_antibody.pdb
Converting SMILES to graph: 180/500
5vl3Q_antigen.pdb  7k8xDF_antibody.pdb
Converting SMILES to graph: 181/500
5vl7B_antigen.pdb  4liqHL_antibody.pdb
Converting SMILES to graph: 182/500
5vl7B_antigen.pdb  7w0pSs_antibody.pdb
Converting SMILES to graph: 183/500
5vl7B_antigen.pdb  5d1zDC_antibody.pdb
Converting SMILES to graph: 184/500
5vl7B_antigen.pdb  5truHL_antibody.pdb
Converting SMILES to graph: 185/500
5vl7B_antigen.pdb  8sr0YZ_antibody.pdb
Converting SMILES to graph: 186/500
5vl7B_antigen.pdb  4fqrab_antibody.pdb
Converting SMILES to graph: 187/500
5vlpA_antigen.pdb  4wffED_antibody.pdb
Converting SMILES to graph: 188/500
5vlpA_antigen.pdb  6b08CB_antibody.pdb
Converting SMILES to graph: 189/500
5vlpA_antigen.pdb  7te9MN_antibody.pdb
Converting SMILES to graph: 190/500
5vlpA_antigen.pdb  5xj3AB_antibody.pdb
Converting SMILES to graph: 191/500
5vlpA_antigen.pdb  7qbeE_antibody.pdb
Converting SMILES to graph: 192/500
5vlpA_antigen.pdb  3eoaHL_antibody.pdb
Converting SMILES to graph: 193/500
5vn3J_antigen.pdb  3bszNM_antibody.pdb
Converting SMILES to graph: 194/500
5vn3J_antigen.pdb  8foiHL_antibody.pdb
Converting SMILES to graph: 195/500
5vn3J_antigen.pdb  7wogAB_antibody.pdb
Converting SMILES to graph: 196/500
5vn3J_antigen.pdb  3hmxHL_antibody.pdb
Converting SMILES to graph: 197/500
5vn3J_antigen.pdb  1u8mBA_antibody.pdb
Converting SMILES to graph: 198/500
5vn3J_antigen.pdb  6i07Bb_antibody.pdb
Converting SMILES to graph: 199/500
5vn8D_antigen.pdb  6pbvDC_antibody.pdb
Converting SMILES to graph: 200/500
5vn8D_antigen.pdb  7vugSs_antibody.pdb
Converting SMILES to graph: 201/500
5vn8D_antigen.pdb  7srsQP_antibody.pdb
Converting SMILES to graph: 202/500
5vn8D_antigen.pdb  5wn9Hh_antibody.pdb
Converting SMILES to graph: 203/500
5vn8D_antigen.pdb  7jixHL_antibody.pdb
Converting SMILES to graph: 204/500
5vn8D_antigen.pdb  7uz4HL_antibody.pdb
Converting SMILES to graph: 205/500
5vnwB_antigen.pdb  2qr0RQ_antibody.pdb
Converting SMILES to graph: 206/500
5vnwB_antigen.pdb  6ek2Hh_antibody.pdb
Converting SMILES to graph: 207/500
5vnwB_antigen.pdb  7phpN_antibody.pdb
Converting SMILES to graph: 208/500
5vnwB_antigen.pdb  2virBA_antibody.pdb
Converting SMILES to graph: 209/500
5vnwB_antigen.pdb  5kqvPQ_antibody.pdb
Converting SMILES to graph: 210/500
5vnwB_antigen.pdb  7orbEF_antibody.pdb
Converting SMILES to graph: 211/500
5vobDB_antigen.pdb  5lxaHh_antibody.pdb
Converting SMILES to graph: 212/500
5vobDB_antigen.pdb  6mhrAB_antibody.pdb
Converting SMILES to graph: 213/500
5vobDB_antigen.pdb  3t2nHL_antibody.pdb
Converting SMILES to graph: 214/500
5vobDB_antigen.pdb  4tnvWf_antibody.pdb
Converting SMILES to graph: 215/500
5vobDB_antigen.pdb  7or9HL_antibody.pdb
Converting SMILES to graph: 216/500
5vobDB_antigen.pdb  7rlyCD_antibody.pdb
Converting SMILES to graph: 217/500
5vocDB_antigen.pdb  8dl6DC_antibody.pdb
Converting SMILES to graph: 218/500
5vocDB_antigen.pdb  7vn9HL_antibody.pdb
Converting SMILES to graph: 219/500
5vocDB_antigen.pdb  6orqHL_antibody.pdb
Converting SMILES to graph: 220/500
5vocDB_antigen.pdb  8sb4CD_antibody.pdb
Converting SMILES to graph: 221/500
5vocDB_antigen.pdb  7mn8DC_antibody.pdb
Converting SMILES to graph: 222/500
5vocDB_antigen.pdb  4wfgGF_antibody.pdb
Converting SMILES to graph: 223/500
5vodCE_antigen.pdb  6vcaEF_antibody.pdb
Converting SMILES to graph: 224/500
5vodCE_antigen.pdb  3rjqB_antibody.pdb
Converting SMILES to graph: 225/500
5vodCE_antigen.pdb  7kezHL_antibody.pdb
Converting SMILES to graph: 226/500
5vodCE_antigen.pdb  7vytBC_antibody.pdb
Converting SMILES to graph: 227/500
5vodCE_antigen.pdb  7sshB_antibody.pdb
Converting SMILES to graph: 228/500
5vodCE_antigen.pdb  6e4xZY_antibody.pdb
Converting SMILES to graph: 229/500
5vpgA_antigen.pdb  3s88HL_antibody.pdb
Converting SMILES to graph: 230/500
5vpgA_antigen.pdb  4hf5HL_antibody.pdb
Converting SMILES to graph: 231/500
5vpgA_antigen.pdb  6bzvCD_antibody.pdb
Converting SMILES to graph: 232/500
5vpgA_antigen.pdb  7w6pHh_antibody.pdb
Converting SMILES to graph: 233/500
5vpgA_antigen.pdb  7lfdHL_antibody.pdb
Converting SMILES to graph: 234/500
5vphA_antigen.pdb  6y97HL_antibody.pdb
Converting SMILES to graph: 235/500
5vphA_antigen.pdb  7daaHL_antibody.pdb
Converting SMILES to graph: 236/500
5vphA_antigen.pdb  3ze2EF_antibody.pdb
Converting SMILES to graph: 237/500
5vphA_antigen.pdb  8a95RO_antibody.pdb
Converting SMILES to graph: 238/500
5vphA_antigen.pdb  3droBA_antibody.pdb
Converting SMILES to graph: 239/500
5vphA_antigen.pdb  7mznHL_antibody.pdb
Converting SMILES to graph: 240/500
5vplA_antigen.pdb  2g5bDC_antibody.pdb
Converting SMILES to graph: 241/500
5vplA_antigen.pdb  8f0hBD_antibody.pdb
Converting SMILES to graph: 242/500
5vplA_antigen.pdb  7klwB_antibody.pdb
Converting SMILES to graph: 243/500
5vplA_antigen.pdb  7wy8D_antibody.pdb
Converting SMILES to graph: 244/500
5vplA_antigen.pdb  5nj6HL_antibody.pdb
Converting SMILES to graph: 245/500
5vplA_antigen.pdb  7phpN_antibody.pdb
Converting SMILES to graph: 246/500
5vqmB_antigen.pdb  1yntDC_antibody.pdb
Converting SMILES to graph: 247/500
5vqmB_antigen.pdb  4qexIM_antibody.pdb
Converting SMILES to graph: 248/500
5vqmB_antigen.pdb  6mn7Gg_antibody.pdb
Converting SMILES to graph: 249/500
5vqmB_antigen.pdb  1ztxHL_antibody.pdb
Converting SMILES to graph: 250/500
5vqmB_antigen.pdb  5gjtHL_antibody.pdb
Converting SMILES to graph: 251/500
5vtaB_antigen.pdb  7e14N_antibody.pdb
Converting SMILES to graph: 252/500
5vtaB_antigen.pdb  6x06K_antibody.pdb
Converting SMILES to graph: 253/500
5vtaB_antigen.pdb  2zuqFE_antibody.pdb
Converting SMILES to graph: 254/500
5vtaB_antigen.pdb  1orsBA_antibody.pdb
Converting SMILES to graph: 255/500
5vtaB_antigen.pdb  6mb3HL_antibody.pdb
Converting SMILES to graph: 256/500
5vtaB_antigen.pdb  8dywHL_antibody.pdb
Converting SMILES to graph: 257/500
5vxjC_antigen.pdb  2b2xHL_antibody.pdb
Converting SMILES to graph: 258/500
5vxjC_antigen.pdb  2zclHL_antibody.pdb
Converting SMILES to graph: 259/500
5vxjC_antigen.pdb  7liaBC_antibody.pdb
Converting SMILES to graph: 260/500
5vxjC_antigen.pdb  8jisN_antibody.pdb
Converting SMILES to graph: 261/500
5vxjC_antigen.pdb  1tjhHL_antibody.pdb
Converting SMILES to graph: 262/500
5vxjC_antigen.pdb  7sr3B_antibody.pdb
Converting SMILES to graph: 263/500
5vxkA_antigen.pdb  7rw2IK_antibody.pdb
Converting SMILES to graph: 264/500
5vxkA_antigen.pdb  8dw3DC_antibody.pdb
Converting SMILES to graph: 265/500
5vxkA_antigen.pdb  2hg5AB_antibody.pdb
Converting SMILES to graph: 266/500
5vxkA_antigen.pdb  8jiiSs_antibody.pdb
Converting SMILES to graph: 267/500
5vxkA_antigen.pdb  4lhqD_antibody.pdb
Converting SMILES to graph: 268/500
5vxkA_antigen.pdb  6pwcHL_antibody.pdb
Converting SMILES to graph: 269/500
5vxlA_antigen.pdb  7u09HL_antibody.pdb
Converting SMILES to graph: 270/500
5vxlA_antigen.pdb  7bbgHL_antibody.pdb
Converting SMILES to graph: 271/500
5vxlA_antigen.pdb  4k24HL_antibody.pdb
Converting SMILES to graph: 272/500
5vxlA_antigen.pdb  5ifjJK_antibody.pdb
Converting SMILES to graph: 273/500
5vxlA_antigen.pdb  7m3iHL_antibody.pdb
Converting SMILES to graph: 274/500
5vxlA_antigen.pdb  8ds5CB_antibody.pdb
Converting SMILES to graph: 275/500
5vxmA_antigen.pdb  4w2oA_antibody.pdb
Converting SMILES to graph: 276/500
5vxmA_antigen.pdb  6qtlB_antibody.pdb
Converting SMILES to graph: 277/500
5vxmA_antigen.pdb  7v69Ss_antibody.pdb
Converting SMILES to graph: 278/500
5vxmA_antigen.pdb  4mhhHL_antibody.pdb
Converting SMILES to graph: 279/500
5vxmA_antigen.pdb  7xp5N_antibody.pdb
Converting SMILES to graph: 280/500
5vxmA_antigen.pdb  1xgqBA_antibody.pdb
Converting SMILES to graph: 281/500
5vxrP_antigen.pdb  6iccHL_antibody.pdb
Converting SMILES to graph: 282/500
5vxrP_antigen.pdb  6xobST_antibody.pdb
Converting SMILES to graph: 283/500
5vxrP_antigen.pdb  3uypAa_antibody.pdb
Converting SMILES to graph: 284/500
5vxrP_antigen.pdb  7r1zC_antibody.pdb
Converting SMILES to graph: 285/500
5vxrP_antigen.pdb  7wg3EA_antibody.pdb
Converting SMILES to graph: 286/500
5vxrP_antigen.pdb  6w4sHL_antibody.pdb
Converting SMILES to graph: 287/500
5vyfC_antigen.pdb  7e53B_antibody.pdb
Converting SMILES to graph: 288/500
5vyfC_antigen.pdb  3mlsJN_antibody.pdb
Converting SMILES to graph: 289/500
5vyfC_antigen.pdb  2dtgAB_antibody.pdb
Converting SMILES to graph: 290/500
5vyfC_antigen.pdb  7q6eHL_antibody.pdb
Converting SMILES to graph: 291/500
5vyfC_antigen.pdb  6h2yHL_antibody.pdb
Converting SMILES to graph: 292/500
5vyfC_antigen.pdb  7s0eHL_antibody.pdb
Converting SMILES to graph: 293/500
5vzyA_antigen.pdb  7c8wA_antibody.pdb
Converting SMILES to graph: 294/500
5vzyA_antigen.pdb  4oluHL_antibody.pdb
Converting SMILES to graph: 295/500
5vzyA_antigen.pdb  1kipBA_antibody.pdb
Converting SMILES to graph: 296/500
5vzyA_antigen.pdb  6k5fCD_antibody.pdb
Converting SMILES to graph: 297/500
5vzyA_antigen.pdb  2r0zHL_antibody.pdb
Converting SMILES to graph: 298/500
5vzyA_antigen.pdb  7pbdF_antibody.pdb
Converting SMILES to graph: 299/500
5w06T_antigen.pdb  8fe3HL_antibody.pdb
Converting SMILES to graph: 300/500
5w06T_antigen.pdb  2nyyDC_antibody.pdb
Converting SMILES to graph: 301/500
5w06T_antigen.pdb  2bdnHL_antibody.pdb
Converting SMILES to graph: 302/500
5w06T_antigen.pdb  5tq0HL_antibody.pdb
Converting SMILES to graph: 303/500
5w06T_antigen.pdb  7pr0CB_antibody.pdb
Converting SMILES to graph: 304/500
5w06T_antigen.pdb  6zbpF_antibody.pdb
Converting SMILES to graph: 305/500
5w08C_antigen.pdb  3uyrHL_antibody.pdb
Converting SMILES to graph: 306/500
5w08C_antigen.pdb  5udcBC_antibody.pdb
Converting SMILES to graph: 307/500
5w08C_antigen.pdb  7evmN_antibody.pdb
Converting SMILES to graph: 308/500
5w08C_antigen.pdb  5m95B_antibody.pdb
Converting SMILES to graph: 309/500
5w08C_antigen.pdb  7kbtEF_antibody.pdb
Converting SMILES to graph: 310/500
5w08C_antigen.pdb  7epxHL_antibody.pdb
Converting SMILES to graph: 311/500
5w0dA_antigen.pdb  6yo6C_antibody.pdb
Converting SMILES to graph: 312/500
5w0dA_antigen.pdb  6oq6D_antibody.pdb
Converting SMILES to graph: 313/500
5w0dA_antigen.pdb  6um5CD_antibody.pdb
Converting SMILES to graph: 314/500
5w0dA_antigen.pdb  3j6a7_antibody.pdb
Converting SMILES to graph: 315/500
5w0dA_antigen.pdb  6w1cJN_antibody.pdb
Converting SMILES to graph: 316/500
5w0kA_antigen.pdb  8dy5Aa_antibody.pdb
Converting SMILES to graph: 317/500
5w0kA_antigen.pdb  7wvmAB_antibody.pdb
Converting SMILES to graph: 318/500
5w0kA_antigen.pdb  4k4mIM_antibody.pdb
Converting SMILES to graph: 319/500
5w0kA_antigen.pdb  7mw4FG_antibody.pdb
Converting SMILES to graph: 320/500
5w0kA_antigen.pdb  8id6Ss_antibody.pdb
Converting SMILES to graph: 321/500
5w0kA_antigen.pdb  4ksdB_antibody.pdb
Converting SMILES to graph: 322/500
5w1kJ_antigen.pdb  1gc1HL_antibody.pdb
Converting SMILES to graph: 323/500
5w1kJ_antigen.pdb  8fe4HL_antibody.pdb
Converting SMILES to graph: 324/500
5w1kJ_antigen.pdb  7k8zMN_antibody.pdb
Converting SMILES to graph: 325/500
5w1kJ_antigen.pdb  8crbAB_antibody.pdb
Converting SMILES to graph: 326/500
5w1kJ_antigen.pdb  3hmxHL_antibody.pdb
Converting SMILES to graph: 327/500
5w1kJ_antigen.pdb  6ldwHL_antibody.pdb
Converting SMILES to graph: 328/500
5w1mT_antigen.pdb  8da0BA_antibody.pdb
Converting SMILES to graph: 329/500
5w1mT_antigen.pdb  7yvkHI_antibody.pdb
Converting SMILES to graph: 330/500
5w1mT_antigen.pdb  5kvfHL_antibody.pdb
Converting SMILES to graph: 331/500
5w1mT_antigen.pdb  6wjlHL_antibody.pdb
Converting SMILES to graph: 332/500
5w1mT_antigen.pdb  6bpcBC_antibody.pdb
Converting SMILES to graph: 333/500
5w1mT_antigen.pdb  5tz2HL_antibody.pdb
Converting SMILES to graph: 334/500
5w23C_antigen.pdb  1u8hBA_antibody.pdb
Converting SMILES to graph: 335/500
5w23C_antigen.pdb  7wh8BA_antibody.pdb
Converting SMILES to graph: 336/500
5w23C_antigen.pdb  6o2bOP_antibody.pdb
Converting SMILES to graph: 337/500
5w23C_antigen.pdb  7tufHL_antibody.pdb
Converting SMILES to graph: 338/500
5w23C_antigen.pdb  3mlsJN_antibody.pdb
Converting SMILES to graph: 339/500
5w23C_antigen.pdb  7d5zPO_antibody.pdb
Converting SMILES to graph: 340/500
5w2bA_antigen.pdb  8slbHL_antibody.pdb
Converting SMILES to graph: 341/500
5w2bA_antigen.pdb  6oe5HL_antibody.pdb
Converting SMILES to graph: 342/500
5w2bA_antigen.pdb  7dnlHL_antibody.pdb
Converting SMILES to graph: 343/500
5w2bA_antigen.pdb  7n0gZ_antibody.pdb
Converting SMILES to graph: 344/500
5w2bA_antigen.pdb  4qnpHL_antibody.pdb
Converting SMILES to graph: 345/500
5w2bA_antigen.pdb  6o2cAB_antibody.pdb
Converting SMILES to graph: 346/500
5w3eBAC_antigen.pdb  3nigEF_antibody.pdb
Converting SMILES to graph: 347/500
5w3eBAC_antigen.pdb  7z12BC_antibody.pdb
Converting SMILES to graph: 348/500
5w3eBAC_antigen.pdb  6d9wHL_antibody.pdb
Converting SMILES to graph: 349/500
5w3eBAC_antigen.pdb  2bobAB_antibody.pdb
Converting SMILES to graph: 350/500
5w3eBAC_antigen.pdb  4ye4HL_antibody.pdb
Converting SMILES to graph: 351/500
5w3lBAC_antigen.pdb  2wubRQ_antibody.pdb
Converting SMILES to graph: 352/500
5w3lBAC_antigen.pdb  4onfHL_antibody.pdb
Converting SMILES to graph: 353/500
5w3lBAC_antigen.pdb  2hfeAB_antibody.pdb
Converting SMILES to graph: 354/500
5w3lBAC_antigen.pdb  4nhhOQ_antibody.pdb
Converting SMILES to graph: 355/500
5w3lBAC_antigen.pdb  4fqrab_antibody.pdb
Converting SMILES to graph: 356/500
5w3lBAC_antigen.pdb  7kdmC_antibody.pdb
Converting SMILES to graph: 357/500
5w3mBAC_antigen.pdb  4h88HL_antibody.pdb
Converting SMILES to graph: 358/500
5w3mBAC_antigen.pdb  7kyoHL_antibody.pdb
Converting SMILES to graph: 359/500
5w3mBAC_antigen.pdb  8bbnMN_antibody.pdb
Converting SMILES to graph: 360/500
5w3mBAC_antigen.pdb  7xt8N_antibody.pdb
Converting SMILES to graph: 361/500
5w3mBAC_antigen.pdb  5vk6AB_antibody.pdb
Converting SMILES to graph: 362/500
5w3mBAC_antigen.pdb  6wn1EF_antibody.pdb
Converting SMILES to graph: 363/500
5w3oBAC_antigen.pdb  4yqxHL_antibody.pdb
Converting SMILES to graph: 364/500
5w3oBAC_antigen.pdb  6wo5CD_antibody.pdb
Converting SMILES to graph: 365/500
5w3oBAC_antigen.pdb  8hbvB_antibody.pdb
Converting SMILES to graph: 366/500
5w3oBAC_antigen.pdb  7ydhEe_antibody.pdb
Converting SMILES to graph: 367/500
5w3oBAC_antigen.pdb  5sv3C_antibody.pdb
Converting SMILES to graph: 368/500
5w3oBAC_antigen.pdb  6obdHL_antibody.pdb
Converting SMILES to graph: 369/500
5w3pP_antigen.pdb  4dw2HL_antibody.pdb
Converting SMILES to graph: 370/500
5w3pP_antigen.pdb  7segHL_antibody.pdb
Converting SMILES to graph: 371/500
5w3pP_antigen.pdb  1jttA_antibody.pdb
Converting SMILES to graph: 372/500
5w3pP_antigen.pdb  7z4tHL_antibody.pdb
Converting SMILES to graph: 373/500
5w3pP_antigen.pdb  3ks0KJ_antibody.pdb
Converting SMILES to graph: 374/500
5w3pP_antigen.pdb  7k8mAB_antibody.pdb
Converting SMILES to graph: 375/500
5w42A_antigen.pdb  2hfeAB_antibody.pdb
Converting SMILES to graph: 376/500
5w42A_antigen.pdb  8sb4CD_antibody.pdb
Converting SMILES to graph: 377/500
5w42A_antigen.pdb  3grwHL_antibody.pdb
Converting SMILES to graph: 378/500
5w42A_antigen.pdb  4n9oB_antibody.pdb
Converting SMILES to graph: 379/500
5w42A_antigen.pdb  3dvgBA_antibody.pdb
Converting SMILES to graph: 380/500
5w42A_antigen.pdb  7jixHL_antibody.pdb
Converting SMILES to graph: 381/500
5w4lG_antigen.pdb  7wowDd_antibody.pdb
Converting SMILES to graph: 382/500
5w4lG_antigen.pdb  5ushDE_antibody.pdb
Converting SMILES to graph: 383/500
5w4lG_antigen.pdb  8g6iCB_antibody.pdb
Converting SMILES to graph: 384/500
5w4lG_antigen.pdb  7cvtEF_antibody.pdb
Converting SMILES to graph: 385/500
5w4lG_antigen.pdb  8cydD_antibody.pdb
Converting SMILES to graph: 386/500
5w5xA_antigen.pdb  8dgxHL_antibody.pdb
Converting SMILES to graph: 387/500
5w5xA_antigen.pdb  8en5E_antibody.pdb
Converting SMILES to graph: 388/500
5w5xA_antigen.pdb  6phbDC_antibody.pdb
Converting SMILES to graph: 389/500
5w5xA_antigen.pdb  6q0oZB_antibody.pdb
Converting SMILES to graph: 390/500
5w5xA_antigen.pdb  6zczF_antibody.pdb
Converting SMILES to graph: 391/500
5w5xA_antigen.pdb  5ebmAB_antibody.pdb
Converting SMILES to graph: 392/500
5w5zA_antigen.pdb  6ii9PQ_antibody.pdb
Converting SMILES to graph: 393/500
5w5zA_antigen.pdb  4jreHL_antibody.pdb
Converting SMILES to graph: 394/500
5w5zA_antigen.pdb  3rifHL_antibody.pdb
Converting SMILES to graph: 395/500
5w5zA_antigen.pdb  5e5mD_antibody.pdb
Converting SMILES to graph: 396/500
5w5zA_antigen.pdb  6o2aCD_antibody.pdb
Converting SMILES to graph: 397/500
5w5zA_antigen.pdb  6y92CD_antibody.pdb
Converting SMILES to graph: 398/500
5w6dG_antigen.pdb  7thtHL_antibody.pdb
Converting SMILES to graph: 399/500
5w6dG_antigen.pdb  6m47HL_antibody.pdb
Converting SMILES to graph: 400/500
5w6dG_antigen.pdb  6bahBA_antibody.pdb
Converting SMILES to graph: 401/500
5w6dG_antigen.pdb  7nowA_antibody.pdb
Converting SMILES to graph: 402/500
5w6dG_antigen.pdb  4xnxHL_antibody.pdb
Converting SMILES to graph: 403/500
5w6dG_antigen.pdb  6blhHL_antibody.pdb
Converting SMILES to graph: 404/500
5w6gA_antigen.pdb  7sp7C_antibody.pdb
Converting SMILES to graph: 405/500
5w6gA_antigen.pdb  2ny6DC_antibody.pdb
Converting SMILES to graph: 406/500
5w6gA_antigen.pdb  7evmN_antibody.pdb
Converting SMILES to graph: 407/500
5w6gA_antigen.pdb  1himLH_antibody.pdb
Converting SMILES to graph: 408/500
5w6gA_antigen.pdb  7nqkB_antibody.pdb
Converting SMILES to graph: 409/500
5w6gA_antigen.pdb  6h7nD_antibody.pdb
Converting SMILES to graph: 410/500
5w9hG_antigen.pdb  7xowEe_antibody.pdb
Converting SMILES to graph: 411/500
5w9hG_antigen.pdb  5ja9B_antibody.pdb
Converting SMILES to graph: 412/500
5w9hG_antigen.pdb  6h15D_antibody.pdb
Converting SMILES to graph: 413/500
5w9hG_antigen.pdb  5ngvHL_antibody.pdb
Converting SMILES to graph: 414/500
5w9hG_antigen.pdb  7e14N_antibody.pdb
Converting SMILES to graph: 415/500
5w9hG_antigen.pdb  7tcqHL_antibody.pdb
Converting SMILES to graph: 416/500
5w9iA_antigen.pdb  7o9wCB_antibody.pdb
Converting SMILES to graph: 417/500
5w9iA_antigen.pdb  7rewAB_antibody.pdb
Converting SMILES to graph: 418/500
5w9iA_antigen.pdb  7yziC_antibody.pdb
Converting SMILES to graph: 419/500
5w9iA_antigen.pdb  6n7jHL_antibody.pdb
Converting SMILES to graph: 420/500
5w9iA_antigen.pdb  6i9iHL_antibody.pdb
Converting SMILES to graph: 421/500
5w9iA_antigen.pdb  6z20D_antibody.pdb
Converting SMILES to graph: 422/500
5w9jA_antigen.pdb  7tgiB_antibody.pdb
Converting SMILES to graph: 423/500
5w9jA_antigen.pdb  8hglHL_antibody.pdb
Converting SMILES to graph: 424/500
5w9jA_antigen.pdb  8dlzH_antibody.pdb
Converting SMILES to graph: 425/500
5w9jA_antigen.pdb  5ywpRQ_antibody.pdb
Converting SMILES to graph: 426/500
5w9jA_antigen.pdb  5w9kHI_antibody.pdb
Converting SMILES to graph: 427/500
5w9jA_antigen.pdb  5vzyHL_antibody.pdb
Converting SMILES to graph: 428/500
5w9kG_antigen.pdb  6y90CD_antibody.pdb
Converting SMILES to graph: 429/500
5w9kG_antigen.pdb  6cw3CD_antibody.pdb
Converting SMILES to graph: 430/500
5w9kG_antigen.pdb  8jtdJN_antibody.pdb
Converting SMILES to graph: 431/500
5w9kG_antigen.pdb  8ilxC_antibody.pdb
Converting SMILES to graph: 432/500
5w9kG_antigen.pdb  7x7uHL_antibody.pdb
Converting SMILES to graph: 433/500
5w9kG_antigen.pdb  1ottCD_antibody.pdb
Converting SMILES to graph: 434/500
5w9lD_antigen.pdb  5l0qCB_antibody.pdb
Converting SMILES to graph: 435/500
5w9lD_antigen.pdb  2exyEF_antibody.pdb
Converting SMILES to graph: 436/500
5w9lD_antigen.pdb  6bckHL_antibody.pdb
Converting SMILES to graph: 437/500
5w9lD_antigen.pdb  4hpoHL_antibody.pdb
Converting SMILES to graph: 438/500
5w9lD_antigen.pdb  8p8aDC_antibody.pdb
Converting SMILES to graph: 439/500
5w9lD_antigen.pdb  7ar0B_antibody.pdb
Converting SMILES to graph: 440/500
5w9mA_antigen.pdb  5x2mJK_antibody.pdb
Converting SMILES to graph: 441/500
5w9mA_antigen.pdb  7ukoEF_antibody.pdb
Converting SMILES to graph: 442/500
5w9mA_antigen.pdb  6lntPQ_antibody.pdb
Converting SMILES to graph: 443/500
5w9mA_antigen.pdb  7s0xCD_antibody.pdb
Converting SMILES to graph: 444/500
5w9mA_antigen.pdb  1u8hBA_antibody.pdb
Converting SMILES to graph: 445/500
5w9mA_antigen.pdb  6gg0HL_antibody.pdb
Converting SMILES to graph: 446/500
5w9nD_antigen.pdb  7eptN_antibody.pdb
Converting SMILES to graph: 447/500
5w9nD_antigen.pdb  8dcsN_antibody.pdb
Converting SMILES to graph: 448/500
5w9nD_antigen.pdb  7e88DE_antibody.pdb
Converting SMILES to graph: 449/500
5w9nD_antigen.pdb  7behHL_antibody.pdb
Converting SMILES to graph: 450/500
5w9nD_antigen.pdb  7qbfB_antibody.pdb
Converting SMILES to graph: 451/500
5w9nD_antigen.pdb  4alaHL_antibody.pdb
Converting SMILES to graph: 452/500
5w9oG_antigen.pdb  7n9tD_antibody.pdb
Converting SMILES to graph: 453/500
5w9oG_antigen.pdb  5c7xMN_antibody.pdb
Converting SMILES to graph: 454/500
5w9oG_antigen.pdb  7yckCD_antibody.pdb
Converting SMILES to graph: 455/500
5w9oG_antigen.pdb  5bozI_antibody.pdb
Converting SMILES to graph: 456/500
5w9oG_antigen.pdb  4jfzHL_antibody.pdb
Converting SMILES to graph: 457/500
5w9oG_antigen.pdb  5w3lEG_antibody.pdb
Converting SMILES to graph: 458/500
5w9pB_antigen.pdb  6nnjUV_antibody.pdb
Converting SMILES to graph: 459/500
5w9pB_antigen.pdb  7o31HL_antibody.pdb
Converting SMILES to graph: 460/500
5w9pB_antigen.pdb  5vkeAB_antibody.pdb
Converting SMILES to graph: 461/500
5w9pB_antigen.pdb  7q9kHL_antibody.pdb
Converting SMILES to graph: 462/500
5w9pB_antigen.pdb  6wg1HL_antibody.pdb
Converting SMILES to graph: 463/500
5w9pB_antigen.pdb  7zrcHL_antibody.pdb
Converting SMILES to graph: 464/500
5wb9G_antigen.pdb  6n4bSs_antibody.pdb
Converting SMILES to graph: 465/500
5wb9G_antigen.pdb  7wlzPO_antibody.pdb
Converting SMILES to graph: 466/500
5wb9G_antigen.pdb  3ifoHL_antibody.pdb
Converting SMILES to graph: 467/500
5wb9G_antigen.pdb  8sakHL_antibody.pdb
Converting SMILES to graph: 468/500
5wb9G_antigen.pdb  6wptHL_antibody.pdb
Converting SMILES to graph: 469/500
5wb9G_antigen.pdb  6f2gB_antibody.pdb
Converting SMILES to graph: 470/500
5wdfQ_antigen.pdb  5aawKk_antibody.pdb
Converting SMILES to graph: 471/500
5wdfQ_antigen.pdb  6mf7HL_antibody.pdb
Converting SMILES to graph: 472/500
5wdfQ_antigen.pdb  5utfDE_antibody.pdb
Converting SMILES to graph: 473/500
5wdfQ_antigen.pdb  5wnaHL_antibody.pdb
Converting SMILES to graph: 474/500
5wdfQ_antigen.pdb  4o58HL_antibody.pdb
Converting SMILES to graph: 475/500
5wdfQ_antigen.pdb  7n0hZ_antibody.pdb
Converting SMILES to graph: 476/500
5wduG_antigen.pdb  3ztnHL_antibody.pdb
Converting SMILES to graph: 477/500
5wduG_antigen.pdb  4yhpHL_antibody.pdb
Converting SMILES to graph: 478/500
5wduG_antigen.pdb  7o30BA_antibody.pdb
Converting SMILES to graph: 479/500
5wduG_antigen.pdb  6w0dAB_antibody.pdb
Converting SMILES to graph: 480/500
5wduG_antigen.pdb  6ch8DE_antibody.pdb
Converting SMILES to graph: 481/500
5whkAB_antigen.pdb  8hj0N_antibody.pdb
Converting SMILES to graph: 482/500
5whkAB_antigen.pdb  8gx9HF_antibody.pdb
Converting SMILES to graph: 483/500
5whkAB_antigen.pdb  6w0hAB_antibody.pdb
Converting SMILES to graph: 484/500
5whkAB_antigen.pdb  7llkGH_antibody.pdb
Converting SMILES to graph: 485/500
5whkAB_antigen.pdb  7dm1DC_antibody.pdb
Converting SMILES to graph: 486/500
5whkAB_antigen.pdb  6csyN_antibody.pdb
Converting SMILES to graph: 487/500
5wi9A_antigen.pdb  7m8lNQ_antibody.pdb
Converting SMILES to graph: 488/500
5wi9A_antigen.pdb  4z9kB_antibody.pdb
Converting SMILES to graph: 489/500
5wi9A_antigen.pdb  6h06EF_antibody.pdb
Converting SMILES to graph: 490/500
5wi9A_antigen.pdb  7wwlJN_antibody.pdb
Converting SMILES to graph: 491/500
5wi9A_antigen.pdb  6lpbN_antibody.pdb
Converting SMILES to graph: 492/500
5wk3D_antigen.pdb  4fhbD_antibody.pdb
Converting SMILES to graph: 493/500
5wk3D_antigen.pdb  6x1wHL_antibody.pdb
Converting SMILES to graph: 494/500
5wk3D_antigen.pdb  5kwl7_antibody.pdb
Converting SMILES to graph: 495/500
5wk3D_antigen.pdb  3mlvNM_antibody.pdb
Converting SMILES to graph: 496/500
5wk3D_antigen.pdb  1oazHL_antibody.pdb
Converting SMILES to graph: 497/500
5wk3D_antigen.pdb  7w57Ee_antibody.pdb
Converting SMILES to graph: 498/500
5wkoWT_antigen.pdb  6ot1JK_antibody.pdb
Converting SMILES to graph: 499/500
5wkoWT_antigen.pdb  8j18Ss_antibody.pdb
Converting SMILES to graph: 500/500
5wkoWT_antigen.pdb  7l8pEF_antibody.pdb
Graph construction done. Saving to file.
