Converting SMILES to graph: 1/500
6mnrP_antigen.pdb  7nllA_antibody.pdb
Converting SMILES to graph: 2/500
6mnrP_antigen.pdb  7rd4AB_antibody.pdb
Converting SMILES to graph: 3/500
6mnrP_antigen.pdb  8hscSs_antibody.pdb
Converting SMILES to graph: 4/500
6mnsQ_antigen.pdb  7vvkN_antibody.pdb
Converting SMILES to graph: 5/500
6mnsQ_antigen.pdb  7dx4HL_antibody.pdb
Converting SMILES to graph: 6/500
6mnsQ_antigen.pdb  7rlwCD_antibody.pdb
Converting SMILES to graph: 7/500
6mnsQ_antigen.pdb  7bbjMN_antibody.pdb
Converting SMILES to graph: 8/500
6mnsQ_antigen.pdb  7n3cHL_antibody.pdb
Converting SMILES to graph: 9/500
6mnsQ_antigen.pdb  7t6vEe_antibody.pdb
Converting SMILES to graph: 10/500
6mpgA_antigen.pdb  8gutSs_antibody.pdb
Converting SMILES to graph: 11/500
6mpgA_antigen.pdb  6x07B_antibody.pdb
Converting SMILES to graph: 12/500
6mpgA_antigen.pdb  8dd3JI_antibody.pdb
Converting SMILES to graph: 13/500
6mpgA_antigen.pdb  7fcpHL_antibody.pdb
Converting SMILES to graph: 14/500
6mpgA_antigen.pdb  5k9qUV_antibody.pdb
Converting SMILES to graph: 15/500
6mphE_antigen.pdb  4dkeIM_antibody.pdb
Converting SMILES to graph: 16/500
6mphE_antigen.pdb  7mjsHL_antibody.pdb
Converting SMILES to graph: 17/500
6mphE_antigen.pdb  7tyhN_antibody.pdb
Converting SMILES to graph: 18/500
6mphE_antigen.pdb  3wsqHL_antibody.pdb
Converting SMILES to graph: 19/500
6mphE_antigen.pdb  6oyzH_antibody.pdb
Converting SMILES to graph: 20/500
6mphE_antigen.pdb  7ucqHh_antibody.pdb
Converting SMILES to graph: 21/500
6mqcD_antigen.pdb  7wovDd_antibody.pdb
Converting SMILES to graph: 22/500
6mqcD_antigen.pdb  7vdhSs_antibody.pdb
Converting SMILES to graph: 23/500
6mqcD_antigen.pdb  6mtnHL_antibody.pdb
Converting SMILES to graph: 24/500
6mqcD_antigen.pdb  7d3mHL_antibody.pdb
Converting SMILES to graph: 25/500
6mqcD_antigen.pdb  8cz5HL_antibody.pdb
Converting SMILES to graph: 26/500
6mqcD_antigen.pdb  5cwsHG_antibody.pdb
Converting SMILES to graph: 27/500
6mqeD_antigen.pdb  8hecED_antibody.pdb
Converting SMILES to graph: 28/500
6mqeD_antigen.pdb  7njzHL_antibody.pdb
Converting SMILES to graph: 29/500
6mqeD_antigen.pdb  8j80EC_antibody.pdb
Converting SMILES to graph: 30/500
6mqeD_antigen.pdb  7kyoHL_antibody.pdb
Converting SMILES to graph: 31/500
6mqeD_antigen.pdb  7s1bHL_antibody.pdb
Converting SMILES to graph: 32/500
6mqeD_antigen.pdb  7q9iEF_antibody.pdb
Converting SMILES to graph: 33/500
6mqmF_antigen.pdb  7bq5HL_antibody.pdb
Converting SMILES to graph: 34/500
6mqmF_antigen.pdb  5eiiHL_antibody.pdb
Converting SMILES to graph: 35/500
6mqmF_antigen.pdb  7kc9F_antibody.pdb
Converting SMILES to graph: 36/500
6mqmF_antigen.pdb  7v05Aa_antibody.pdb
Converting SMILES to graph: 37/500
6mqmF_antigen.pdb  7wd2C_antibody.pdb
Converting SMILES to graph: 38/500
6mqmF_antigen.pdb  7dohHL_antibody.pdb
Converting SMILES to graph: 39/500
6mqrA_antigen.pdb  8itfSs_antibody.pdb
Converting SMILES to graph: 40/500
6mqrA_antigen.pdb  6mdtDE_antibody.pdb
Converting SMILES to graph: 41/500
6mqrA_antigen.pdb  8dd2JI_antibody.pdb
Converting SMILES to graph: 42/500
6mqrA_antigen.pdb  6xoxEe_antibody.pdb
Converting SMILES to graph: 43/500
6mqrA_antigen.pdb  7xd2DJ_antibody.pdb
Converting SMILES to graph: 44/500
6mqrA_antigen.pdb  7db6Ee_antibody.pdb
Converting SMILES to graph: 45/500
6mqsF_antigen.pdb  1n5yHL_antibody.pdb
Converting SMILES to graph: 46/500
6mqsF_antigen.pdb  1nmbHL_antibody.pdb
Converting SMILES to graph: 47/500
6mqsF_antigen.pdb  5w9kHI_antibody.pdb
Converting SMILES to graph: 48/500
6mqsF_antigen.pdb  6qigHL_antibody.pdb
Converting SMILES to graph: 49/500
6mqsF_antigen.pdb  7labYX_antibody.pdb
Converting SMILES to graph: 50/500
6mqsF_antigen.pdb  5w9lEF_antibody.pdb
Converting SMILES to graph: 51/500
6mtjB_antigen.pdb  7ejyHL_antibody.pdb
Converting SMILES to graph: 52/500
6mtjB_antigen.pdb  4jo3IM_antibody.pdb
Converting SMILES to graph: 53/500
6mtjB_antigen.pdb  7xnfHL_antibody.pdb
Converting SMILES to graph: 54/500
6mtjB_antigen.pdb  6h7mD_antibody.pdb
Converting SMILES to graph: 55/500
6mtjB_antigen.pdb  3wsqHL_antibody.pdb
Converting SMILES to graph: 56/500
6mtjB_antigen.pdb  5jw4WX_antibody.pdb
Converting SMILES to graph: 57/500
6mtnG_antigen.pdb  6yo6C_antibody.pdb
Converting SMILES to graph: 58/500
6mtnG_antigen.pdb  7rdaHL_antibody.pdb
Converting SMILES to graph: 59/500
6mtnG_antigen.pdb  6x06K_antibody.pdb
Converting SMILES to graph: 60/500
6mtnG_antigen.pdb  7um5Ee_antibody.pdb
Converting SMILES to graph: 61/500
6mtnG_antigen.pdb  7vl8Ss_antibody.pdb
Converting SMILES to graph: 62/500
6mtnG_antigen.pdb  8bg3Aa_antibody.pdb
Converting SMILES to graph: 63/500
6mtoT_antigen.pdb  7kfvFG_antibody.pdb
Converting SMILES to graph: 64/500
6mtoT_antigen.pdb  7chsHL_antibody.pdb
Converting SMILES to graph: 65/500
6mtoT_antigen.pdb  7ly9BC_antibody.pdb
Converting SMILES to graph: 66/500
6mtoT_antigen.pdb  6w0jAB_antibody.pdb
Converting SMILES to graph: 67/500
6mtoT_antigen.pdb  6niyN_antibody.pdb
Converting SMILES to graph: 68/500
6mtoT_antigen.pdb  6orqHL_antibody.pdb
Converting SMILES to graph: 69/500
6mtpP_antigen.pdb  7ua8Hh_antibody.pdb
Converting SMILES to graph: 70/500
6mtpP_antigen.pdb  8c02B_antibody.pdb
Converting SMILES to graph: 71/500
6mtpP_antigen.pdb  8w87N_antibody.pdb
Converting SMILES to graph: 72/500
6mtpP_antigen.pdb  6mph34_antibody.pdb
Converting SMILES to graph: 73/500
6mtpP_antigen.pdb  7tdmHL_antibody.pdb
Converting SMILES to graph: 74/500
6mtpP_antigen.pdb  7elxHL_antibody.pdb
Converting SMILES to graph: 75/500
6mtqT_antigen.pdb  2x89A_antibody.pdb
Converting SMILES to graph: 76/500
6mtqT_antigen.pdb  4mhhHL_antibody.pdb
Converting SMILES to graph: 77/500
6mtqT_antigen.pdb  6ddrBA_antibody.pdb
Converting SMILES to graph: 78/500
6mtqT_antigen.pdb  7n9eD_antibody.pdb
Converting SMILES to graph: 79/500
6mtqT_antigen.pdb  7qn5F_antibody.pdb
Converting SMILES to graph: 80/500
6mtqT_antigen.pdb  7yueAa_antibody.pdb
Converting SMILES to graph: 81/500
6mttP_antigen.pdb  6ukjHL_antibody.pdb
Converting SMILES to graph: 82/500
6mttP_antigen.pdb  6bahBA_antibody.pdb
Converting SMILES to graph: 83/500
6mttP_antigen.pdb  6h7kC_antibody.pdb
Converting SMILES to graph: 84/500
6mttP_antigen.pdb  2dqgHL_antibody.pdb
Converting SMILES to graph: 85/500
6mttP_antigen.pdb  8grrHL_antibody.pdb
Converting SMILES to graph: 86/500
6mttP_antigen.pdb  5cd5CD_antibody.pdb
Converting SMILES to graph: 87/500
6mu6G_antigen.pdb  7z12BC_antibody.pdb
Converting SMILES to graph: 88/500
6mu6G_antigen.pdb  7zkzB_antibody.pdb
Converting SMILES to graph: 89/500
6mu6G_antigen.pdb  7k8xDF_antibody.pdb
Converting SMILES to graph: 90/500
6mu6G_antigen.pdb  5y80B_antibody.pdb
Converting SMILES to graph: 91/500
6mu6G_antigen.pdb  4qkxB_antibody.pdb
Converting SMILES to graph: 92/500
6mu6G_antigen.pdb  2a6kHL_antibody.pdb
Converting SMILES to graph: 93/500
6mu7G_antigen.pdb  8e3xN_antibody.pdb
Converting SMILES to graph: 94/500
6mu7G_antigen.pdb  6n1whl_antibody.pdb
Converting SMILES to graph: 95/500
6mu7G_antigen.pdb  8dcsN_antibody.pdb
Converting SMILES to graph: 96/500
6mu7G_antigen.pdb  7yveIH_antibody.pdb
Converting SMILES to graph: 97/500
6mu7G_antigen.pdb  8bboHL_antibody.pdb
Converting SMILES to graph: 98/500
6mu7G_antigen.pdb  4al8HL_antibody.pdb
Converting SMILES to graph: 99/500
6mu8B_antigen.pdb  8e99E_antibody.pdb
Converting SMILES to graph: 100/500
6mu8B_antigen.pdb  3rifHL_antibody.pdb
Converting SMILES to graph: 101/500
6mu8B_antigen.pdb  5vebHL_antibody.pdb
Converting SMILES to graph: 102/500
6mu8B_antigen.pdb  7klwB_antibody.pdb
Converting SMILES to graph: 103/500
6mu8B_antigen.pdb  6jhqDE_antibody.pdb
Converting SMILES to graph: 104/500
6mu8B_antigen.pdb  5cinHL_antibody.pdb
Converting SMILES to graph: 105/500
6mufG_antigen.pdb  6ssiH_antibody.pdb
Converting SMILES to graph: 106/500
6mufG_antigen.pdb  8f95HL_antibody.pdb
Converting SMILES to graph: 107/500
6mufG_antigen.pdb  7a65CB_antibody.pdb
Converting SMILES to graph: 108/500
6mufG_antigen.pdb  6xgcIJ_antibody.pdb
Converting SMILES to graph: 109/500
6mufG_antigen.pdb  6p4bBA_antibody.pdb
Converting SMILES to graph: 110/500
6mugG_antigen.pdb  7ew2Ss_antibody.pdb
Converting SMILES to graph: 111/500
6mugG_antigen.pdb  5b71DC_antibody.pdb
Converting SMILES to graph: 112/500
6mugG_antigen.pdb  8cwkHL_antibody.pdb
Converting SMILES to graph: 113/500
6mugG_antigen.pdb  8e8yHL_antibody.pdb
Converting SMILES to graph: 114/500
6mugG_antigen.pdb  7nwlDE_antibody.pdb
Converting SMILES to graph: 115/500
6mugG_antigen.pdb  8h63B_antibody.pdb
Converting SMILES to graph: 116/500
6muiJ_antigen.pdb  7sk5FE_antibody.pdb
Converting SMILES to graph: 117/500
6muiJ_antigen.pdb  7n0hZ_antibody.pdb
Converting SMILES to graph: 118/500
6muiJ_antigen.pdb  8aflD_antibody.pdb
Converting SMILES to graph: 119/500
6muiJ_antigen.pdb  6xeyJK_antibody.pdb
Converting SMILES to graph: 120/500
6muiJ_antigen.pdb  2qqnHL_antibody.pdb
Converting SMILES to graph: 121/500
6muiJ_antigen.pdb  7cwnKI_antibody.pdb
Converting SMILES to graph: 122/500
6mv5P_antigen.pdb  7v69Ss_antibody.pdb
Converting SMILES to graph: 123/500
6mv5P_antigen.pdb  5t80HL_antibody.pdb
Converting SMILES to graph: 124/500
6mv5P_antigen.pdb  7xmsSs_antibody.pdb
Converting SMILES to graph: 125/500
6mv5P_antigen.pdb  4eizC_antibody.pdb
Converting SMILES to graph: 126/500
6mv5P_antigen.pdb  4z5rWV_antibody.pdb
Converting SMILES to graph: 127/500
6mv5P_antigen.pdb  4ki5EF_antibody.pdb
Converting SMILES to graph: 128/500
6mvlA_antigen.pdb  1xf5DC_antibody.pdb
Converting SMILES to graph: 129/500
6mvlA_antigen.pdb  7trpHh_antibody.pdb
Converting SMILES to graph: 130/500
6mvlA_antigen.pdb  4utbIM_antibody.pdb
Converting SMILES to graph: 131/500
6mvlA_antigen.pdb  7ew2Ss_antibody.pdb
Converting SMILES to graph: 132/500
6mvlA_antigen.pdb  7b27C_antibody.pdb
Converting SMILES to graph: 133/500
6mvlA_antigen.pdb  7ps6HL_antibody.pdb
Converting SMILES to graph: 134/500
6mw9N_antigen.pdb  7ejyHL_antibody.pdb
Converting SMILES to graph: 135/500
6mw9N_antigen.pdb  7p40FB_antibody.pdb
Converting SMILES to graph: 136/500
6mw9N_antigen.pdb  7qn9L_antibody.pdb
Converting SMILES to graph: 137/500
6mw9N_antigen.pdb  7cheHL_antibody.pdb
Converting SMILES to graph: 138/500
6mw9N_antigen.pdb  7wocAB_antibody.pdb
Converting SMILES to graph: 139/500
6mw9N_antigen.pdb  8dl7DC_antibody.pdb
Converting SMILES to graph: 140/500
6mwcB_antigen.pdb  6xq4EF_antibody.pdb
Converting SMILES to graph: 141/500
6mwcB_antigen.pdb  7t87HL_antibody.pdb
Converting SMILES to graph: 142/500
6mwcB_antigen.pdb  7euoSs_antibody.pdb
Converting SMILES to graph: 143/500
6mwcB_antigen.pdb  4s1qHL_antibody.pdb
Converting SMILES to graph: 144/500
6mwcB_antigen.pdb  6cw3CD_antibody.pdb
Converting SMILES to graph: 145/500
6mwcB_antigen.pdb  4mxwHL_antibody.pdb
Converting SMILES to graph: 146/500
6mwvJ_antigen.pdb  7e7xHL_antibody.pdb
Converting SMILES to graph: 147/500
6mwvJ_antigen.pdb  7s11KO_antibody.pdb
Converting SMILES to graph: 148/500
6mwvJ_antigen.pdb  6w0gAB_antibody.pdb
Converting SMILES to graph: 149/500
6mwvJ_antigen.pdb  6nmsBA_antibody.pdb
Converting SMILES to graph: 150/500
6mwvJ_antigen.pdb  5drzHL_antibody.pdb
Converting SMILES to graph: 151/500
6mwvJ_antigen.pdb  8ontB_antibody.pdb
Converting SMILES to graph: 152/500
6mwxN_antigen.pdb  8eloHL_antibody.pdb
Converting SMILES to graph: 153/500
6mwxN_antigen.pdb  6yx9HL_antibody.pdb
Converting SMILES to graph: 154/500
6mwxN_antigen.pdb  5u3lHL_antibody.pdb
Converting SMILES to graph: 155/500
6mwxN_antigen.pdb  7q0gHL_antibody.pdb
Converting SMILES to graph: 156/500
6mwxN_antigen.pdb  2feeJO_antibody.pdb
Converting SMILES to graph: 157/500
6mwxN_antigen.pdb  5dmgEF_antibody.pdb
Converting SMILES to graph: 158/500
6mxtA_antigen.pdb  7a6eCB_antibody.pdb
Converting SMILES to graph: 159/500
6mxtA_antigen.pdb  3uyrHL_antibody.pdb
Converting SMILES to graph: 160/500
6mxtA_antigen.pdb  7t6vEe_antibody.pdb
Converting SMILES to graph: 161/500
6mxtA_antigen.pdb  7tpgHL_antibody.pdb
Converting SMILES to graph: 162/500
6mxtA_antigen.pdb  6c6zHL_antibody.pdb
Converting SMILES to graph: 163/500
6mxtA_antigen.pdb  4nx3BA_antibody.pdb
Converting SMILES to graph: 164/500
6myyE_antigen.pdb  3p9wF_antibody.pdb
Converting SMILES to graph: 165/500
6myyE_antigen.pdb  8bb7D_antibody.pdb
Converting SMILES to graph: 166/500
6myyE_antigen.pdb  7um6Ee_antibody.pdb
Converting SMILES to graph: 167/500
6myyE_antigen.pdb  8c3vHL_antibody.pdb
Converting SMILES to graph: 168/500
6myyE_antigen.pdb  6bzyHL_antibody.pdb
Converting SMILES to graph: 169/500
6myyE_antigen.pdb  3g5vBA_antibody.pdb
Converting SMILES to graph: 170/500
6mzjA_antigen.pdb  7xk9B_antibody.pdb
Converting SMILES to graph: 171/500
6mzjA_antigen.pdb  6veqIJ_antibody.pdb
Converting SMILES to graph: 172/500
6mzjA_antigen.pdb  3f58HL_antibody.pdb
Converting SMILES to graph: 173/500
6mzjA_antigen.pdb  7z12BC_antibody.pdb
Converting SMILES to graph: 174/500
6mzjA_antigen.pdb  6qnoHL_antibody.pdb
Converting SMILES to graph: 175/500
6mzjA_antigen.pdb  2qqkHL_antibody.pdb
Converting SMILES to graph: 176/500
6n16G_antigen.pdb  4r0lHL_antibody.pdb
Converting SMILES to graph: 177/500
6n16G_antigen.pdb  5eu7FD_antibody.pdb
Converting SMILES to graph: 178/500
6n16G_antigen.pdb  8ci2F_antibody.pdb
Converting SMILES to graph: 179/500
6n16G_antigen.pdb  7l7rBA_antibody.pdb
Converting SMILES to graph: 180/500
6n16G_antigen.pdb  8fxsD_antibody.pdb
Converting SMILES to graph: 181/500
6n16G_antigen.pdb  8hixN_antibody.pdb
Converting SMILES to graph: 182/500
6n1vA_antigen.pdb  7kgvCE_antibody.pdb
Converting SMILES to graph: 183/500
6n1vA_antigen.pdb  6ylaHL_antibody.pdb
Converting SMILES to graph: 184/500
6n1vA_antigen.pdb  3nfpHL_antibody.pdb
Converting SMILES to graph: 185/500
6n1vA_antigen.pdb  2dwdAB_antibody.pdb
Converting SMILES to graph: 186/500
6n1vA_antigen.pdb  4j4pHL_antibody.pdb
Converting SMILES to graph: 187/500
6n1vA_antigen.pdb  1f58HL_antibody.pdb
Converting SMILES to graph: 188/500
6n1wd_antigen.pdb  5um8DE_antibody.pdb
Converting SMILES to graph: 189/500
6n1wd_antigen.pdb  6p50HL_antibody.pdb
Converting SMILES to graph: 190/500
6n1wd_antigen.pdb  2fx9HL_antibody.pdb
Converting SMILES to graph: 191/500
6n1wd_antigen.pdb  7nd9HL_antibody.pdb
Converting SMILES to graph: 192/500
6n1wd_antigen.pdb  7rkfDd_antibody.pdb
Converting SMILES to graph: 193/500
6n1wd_antigen.pdb  6n16KJ_antibody.pdb
Converting SMILES to graph: 194/500
6n48A_antigen.pdb  7udsDE_antibody.pdb
Converting SMILES to graph: 195/500
6n48A_antigen.pdb  7chbHL_antibody.pdb
Converting SMILES to graph: 196/500
6n48A_antigen.pdb  7f23E_antibody.pdb
Converting SMILES to graph: 197/500
6n48A_antigen.pdb  3rifHL_antibody.pdb
Converting SMILES to graph: 198/500
6n48A_antigen.pdb  7wgtHL_antibody.pdb
Converting SMILES to graph: 199/500
6n48A_antigen.pdb  8tcoED_antibody.pdb
Converting SMILES to graph: 200/500
6n4bAB_antigen.pdb  3baeHL_antibody.pdb
Converting SMILES to graph: 201/500
6n4bAB_antigen.pdb  6rp8hl_antibody.pdb
Converting SMILES to graph: 202/500
6n4bAB_antigen.pdb  6vrlBC_antibody.pdb
Converting SMILES to graph: 203/500
6n4bAB_antigen.pdb  6fzrHh_antibody.pdb
Converting SMILES to graph: 204/500
6n4bAB_antigen.pdb  8hnkSs_antibody.pdb
Converting SMILES to graph: 205/500
6n4bAB_antigen.pdb  7ufqHL_antibody.pdb
Converting SMILES to graph: 206/500
6n4qABF_antigen.pdb  7sqoEe_antibody.pdb
Converting SMILES to graph: 207/500
6n4qABF_antigen.pdb  4eneCD_antibody.pdb
Converting SMILES to graph: 208/500
6n4qABF_antigen.pdb  7syyHL_antibody.pdb
Converting SMILES to graph: 209/500
6n4qABF_antigen.pdb  6vlnHL_antibody.pdb
Converting SMILES to graph: 210/500
6n4qABF_antigen.pdb  5cusJN_antibody.pdb
Converting SMILES to graph: 211/500
6n4qABF_antigen.pdb  5f9aC_antibody.pdb
Converting SMILES to graph: 212/500
6n4rCDH_antigen.pdb  8fl1HL_antibody.pdb
Converting SMILES to graph: 213/500
6n4rCDH_antigen.pdb  5yd4Aa_antibody.pdb
Converting SMILES to graph: 214/500
6n4rCDH_antigen.pdb  7ranEe_antibody.pdb
Converting SMILES to graph: 215/500
6n4rCDH_antigen.pdb  7dw9Ss_antibody.pdb
Converting SMILES to graph: 216/500
6n4rCDH_antigen.pdb  7phqN_antibody.pdb
Converting SMILES to graph: 217/500
6n4rCDH_antigen.pdb  8t8mC_antibody.pdb
Converting SMILES to graph: 218/500
6n4yA_antigen.pdb  5xj3AB_antibody.pdb
Converting SMILES to graph: 219/500
6n4yA_antigen.pdb  7u9vEF_antibody.pdb
Converting SMILES to graph: 220/500
6n4yA_antigen.pdb  5kveHL_antibody.pdb
Converting SMILES to graph: 221/500
6n4yA_antigen.pdb  7ocjG_antibody.pdb
Converting SMILES to graph: 222/500
6n4yA_antigen.pdb  6gk7HL_antibody.pdb
Converting SMILES to graph: 223/500
6n4yA_antigen.pdb  5dd0HL_antibody.pdb
Converting SMILES to graph: 224/500
6n50A_antigen.pdb  7xj8GF_antibody.pdb
Converting SMILES to graph: 225/500
6n50A_antigen.pdb  4r8wHL_antibody.pdb
Converting SMILES to graph: 226/500
6n50A_antigen.pdb  7mf1HL_antibody.pdb
Converting SMILES to graph: 227/500
6n50A_antigen.pdb  7u9gGD_antibody.pdb
Converting SMILES to graph: 228/500
6n50A_antigen.pdb  5kemIJ_antibody.pdb
Converting SMILES to graph: 229/500
6n50A_antigen.pdb  6u52C_antibody.pdb
Converting SMILES to graph: 230/500
6n51B_antigen.pdb  7wedHL_antibody.pdb
Converting SMILES to graph: 231/500
6n51B_antigen.pdb  6e3yN_antibody.pdb
Converting SMILES to graph: 232/500
6n51B_antigen.pdb  7so9ED_antibody.pdb
Converting SMILES to graph: 233/500
6n51B_antigen.pdb  3ogoG_antibody.pdb
Converting SMILES to graph: 234/500
6n51B_antigen.pdb  6mamAB_antibody.pdb
Converting SMILES to graph: 235/500
6n51B_antigen.pdb  3ztjGH_antibody.pdb
Converting SMILES to graph: 236/500
6n5bB_antigen.pdb  6mjzHL_antibody.pdb
Converting SMILES to graph: 237/500
6n5bB_antigen.pdb  5j75Aa_antibody.pdb
Converting SMILES to graph: 238/500
6n5bB_antigen.pdb  3k1kC_antibody.pdb
Converting SMILES to graph: 239/500
6n5bB_antigen.pdb  7zfaMN_antibody.pdb
Converting SMILES to graph: 240/500
6n5bB_antigen.pdb  7dssA_antibody.pdb
Converting SMILES to graph: 241/500
6n5dA_antigen.pdb  5m95B_antibody.pdb
Converting SMILES to graph: 242/500
6n5dA_antigen.pdb  2ny3DC_antibody.pdb
Converting SMILES to graph: 243/500
6n5dA_antigen.pdb  6pv8HI_antibody.pdb
Converting SMILES to graph: 244/500
6n5dA_antigen.pdb  7lsgHL_antibody.pdb
Converting SMILES to graph: 245/500
6n5dA_antigen.pdb  6a0zHL_antibody.pdb
Converting SMILES to graph: 246/500
6n5eB_antigen.pdb  4leoAB_antibody.pdb
Converting SMILES to graph: 247/500
6n5eB_antigen.pdb  6b5lHL_antibody.pdb
Converting SMILES to graph: 248/500
6n5eB_antigen.pdb  6ramC_antibody.pdb
Converting SMILES to graph: 249/500
6n5eB_antigen.pdb  7epuAa_antibody.pdb
Converting SMILES to graph: 250/500
6n5eB_antigen.pdb  6ct7HL_antibody.pdb
Converting SMILES to graph: 251/500
6n6bA_antigen.pdb  6ivzHL_antibody.pdb
Converting SMILES to graph: 252/500
6n6bA_antigen.pdb  7uslHL_antibody.pdb
Converting SMILES to graph: 253/500
6n6bA_antigen.pdb  7dkjCD_antibody.pdb
Converting SMILES to graph: 254/500
6n6bA_antigen.pdb  3cvhHL_antibody.pdb
Converting SMILES to graph: 255/500
6n6bA_antigen.pdb  6nnjUV_antibody.pdb
Converting SMILES to graph: 256/500
6n6bA_antigen.pdb  8f9wAB_antibody.pdb
Converting SMILES to graph: 257/500
6n7jC_antigen.pdb  6qb3Xx_antibody.pdb
Converting SMILES to graph: 258/500
6n7jC_antigen.pdb  6wj1JK_antibody.pdb
Converting SMILES to graph: 259/500
6n7jC_antigen.pdb  7b18H_antibody.pdb
Converting SMILES to graph: 260/500
6n7jC_antigen.pdb  3wihHL_antibody.pdb
Converting SMILES to graph: 261/500
6n7jC_antigen.pdb  1cz8YX_antibody.pdb
Converting SMILES to graph: 262/500
6n7jC_antigen.pdb  7rpuAB_antibody.pdb
Converting SMILES to graph: 263/500
6n81A_antigen.pdb  4f3fBA_antibody.pdb
Converting SMILES to graph: 264/500
6n81A_antigen.pdb  7stzHL_antibody.pdb
Converting SMILES to graph: 265/500
6n81A_antigen.pdb  7sn3FG_antibody.pdb
Converting SMILES to graph: 266/500
6n81A_antigen.pdb  6pv7FG_antibody.pdb
Converting SMILES to graph: 267/500
6n81A_antigen.pdb  6h16B_antibody.pdb
Converting SMILES to graph: 268/500
6n81A_antigen.pdb  6vx4HK_antibody.pdb
Converting SMILES to graph: 269/500
6n8dA_antigen.pdb  8dn7DH_antibody.pdb
Converting SMILES to graph: 270/500
6n8dA_antigen.pdb  3c2aHL_antibody.pdb
Converting SMILES to graph: 271/500
6n8dA_antigen.pdb  5gxbB_antibody.pdb
Converting SMILES to graph: 272/500
6n8dA_antigen.pdb  7o33HL_antibody.pdb
Converting SMILES to graph: 273/500
6n8dA_antigen.pdb  6obcB_antibody.pdb
Converting SMILES to graph: 274/500
6n8dA_antigen.pdb  6mftAB_antibody.pdb
Converting SMILES to graph: 275/500
6nb3A_antigen.pdb  3a67HL_antibody.pdb
Converting SMILES to graph: 276/500
6nb3A_antigen.pdb  5y11AB_antibody.pdb
Converting SMILES to graph: 277/500
6nb3A_antigen.pdb  8b18B_antibody.pdb
Converting SMILES to graph: 278/500
6nb3A_antigen.pdb  7y7mFG_antibody.pdb
Converting SMILES to graph: 279/500
6nb3A_antigen.pdb  7vaeHL_antibody.pdb
Converting SMILES to graph: 280/500
6nb4A_antigen.pdb  7cyvHh_antibody.pdb
Converting SMILES to graph: 281/500
6nb4A_antigen.pdb  4pp1DC_antibody.pdb
Converting SMILES to graph: 282/500
6nb4A_antigen.pdb  7zk1B_antibody.pdb
Converting SMILES to graph: 283/500
6nb4A_antigen.pdb  7kn7HL_antibody.pdb
Converting SMILES to graph: 284/500
6nb4A_antigen.pdb  5m2mJ_antibody.pdb
Converting SMILES to graph: 285/500
6nb4A_antigen.pdb  4edwHL_antibody.pdb
Converting SMILES to graph: 286/500
6nb6B_antigen.pdb  4m62IM_antibody.pdb
Converting SMILES to graph: 287/500
6nb6B_antigen.pdb  1qnzHL_antibody.pdb
Converting SMILES to graph: 288/500
6nb6B_antigen.pdb  6m1hC_antibody.pdb
Converting SMILES to graph: 289/500
6nb6B_antigen.pdb  5xcqAB_antibody.pdb
Converting SMILES to graph: 290/500
6nb6B_antigen.pdb  3jcbCB_antibody.pdb
Converting SMILES to graph: 291/500
6nb6B_antigen.pdb  6s8iPO_antibody.pdb
Converting SMILES to graph: 292/500
6nb7A_antigen.pdb  8eevHL_antibody.pdb
Converting SMILES to graph: 293/500
6nb7A_antigen.pdb  7wrlAB_antibody.pdb
Converting SMILES to graph: 294/500
6nb7A_antigen.pdb  5t29HL_antibody.pdb
Converting SMILES to graph: 295/500
6nb7A_antigen.pdb  5wb9HL_antibody.pdb
Converting SMILES to graph: 296/500
6nb7A_antigen.pdb  2wzpJ_antibody.pdb
Converting SMILES to graph: 297/500
6nb7A_antigen.pdb  7dwuHL_antibody.pdb
Converting SMILES to graph: 298/500
6nbfAB_antigen.pdb  8dgvHL_antibody.pdb
Converting SMILES to graph: 299/500
6nbfAB_antigen.pdb  7elxHL_antibody.pdb
Converting SMILES to graph: 300/500
6nbfAB_antigen.pdb  3nidHL_antibody.pdb
Converting SMILES to graph: 301/500
6nbfAB_antigen.pdb  8dzqEe_antibody.pdb
Converting SMILES to graph: 302/500
6nbfAB_antigen.pdb  6mn7Gg_antibody.pdb
Converting SMILES to graph: 303/500
6nbfAB_antigen.pdb  6v6wDE_antibody.pdb
Converting SMILES to graph: 304/500
6nbhAB_antigen.pdb  6mu8DE_antibody.pdb
Converting SMILES to graph: 305/500
6nbhAB_antigen.pdb  7ydpD_antibody.pdb
Converting SMILES to graph: 306/500
6nbhAB_antigen.pdb  5i6zBC_antibody.pdb
Converting SMILES to graph: 307/500
6nbhAB_antigen.pdb  6xobST_antibody.pdb
Converting SMILES to graph: 308/500
6nbhAB_antigen.pdb  5x0tAB_antibody.pdb
Converting SMILES to graph: 309/500
6nbhAB_antigen.pdb  7negHL_antibody.pdb
Converting SMILES to graph: 310/500
6nbiAB_antigen.pdb  4q0xHL_antibody.pdb
Converting SMILES to graph: 311/500
6nbiAB_antigen.pdb  6xswAB_antibody.pdb
Converting SMILES to graph: 312/500
6nbiAB_antigen.pdb  5th9JN_antibody.pdb
Converting SMILES to graph: 313/500
6nbiAB_antigen.pdb  4xawHL_antibody.pdb
Converting SMILES to graph: 314/500
6nbiAB_antigen.pdb  7nj3F_antibody.pdb
Converting SMILES to graph: 315/500
6nbiAB_antigen.pdb  6mejHL_antibody.pdb
Converting SMILES to graph: 316/500
6nc2JD_antigen.pdb  5cusJN_antibody.pdb
Converting SMILES to graph: 317/500
6nc2JD_antigen.pdb  8b17B_antibody.pdb
Converting SMILES to graph: 318/500
6nc2JD_antigen.pdb  7d77Ss_antibody.pdb
Converting SMILES to graph: 319/500
6nc2JD_antigen.pdb  6um5CD_antibody.pdb
Converting SMILES to graph: 320/500
6nc2JD_antigen.pdb  4ht1HL_antibody.pdb
Converting SMILES to graph: 321/500
6nc2JD_antigen.pdb  7u2eHL_antibody.pdb
Converting SMILES to graph: 322/500
6nc3BA_antigen.pdb  6ztrHL_antibody.pdb
Converting SMILES to graph: 323/500
6nc3BA_antigen.pdb  8ibvEe_antibody.pdb
Converting SMILES to graph: 324/500
6nc3BA_antigen.pdb  6xskIK_antibody.pdb
Converting SMILES to graph: 325/500
6nc3BA_antigen.pdb  7f15Bb_antibody.pdb
Converting SMILES to graph: 326/500
6nc3BA_antigen.pdb  7or9HL_antibody.pdb
Converting SMILES to graph: 327/500
6nc3BA_antigen.pdb  8oxyBC_antibody.pdb
Converting SMILES to graph: 328/500
6ncpE_antigen.pdb  7k39JI_antibody.pdb
Converting SMILES to graph: 329/500
6ncpE_antigen.pdb  7k7yC_antibody.pdb
Converting SMILES to graph: 330/500
6ncpE_antigen.pdb  3vi3FE_antibody.pdb
Converting SMILES to graph: 331/500
6ncpE_antigen.pdb  7urcHL_antibody.pdb
Converting SMILES to graph: 332/500
6ncpE_antigen.pdb  7xsaBC_antibody.pdb
Converting SMILES to graph: 333/500
6ncpE_antigen.pdb  5uemHL_antibody.pdb
Converting SMILES to graph: 334/500
6nf2Q_antigen.pdb  1z3gIM_antibody.pdb
Converting SMILES to graph: 335/500
6nf2Q_antigen.pdb  5w3mEG_antibody.pdb
Converting SMILES to graph: 336/500
6nf2Q_antigen.pdb  7kpgHL_antibody.pdb
Converting SMILES to graph: 337/500
6nf2Q_antigen.pdb  6vrlBC_antibody.pdb
Converting SMILES to graph: 338/500
6nf2Q_antigen.pdb  7w9fAB_antibody.pdb
Converting SMILES to graph: 339/500
6nf2Q_antigen.pdb  4onfHL_antibody.pdb
Converting SMILES to graph: 340/500
6nf5D_antigen.pdb  8gseHL_antibody.pdb
Converting SMILES to graph: 341/500
6nf5D_antigen.pdb  7yfdCc_antibody.pdb
Converting SMILES to graph: 342/500
6nf5D_antigen.pdb  7k37JI_antibody.pdb
Converting SMILES to graph: 343/500
6nf5D_antigen.pdb  8euqCD_antibody.pdb
Converting SMILES to graph: 344/500
6nf5D_antigen.pdb  1pz5BA_antibody.pdb
Converting SMILES to graph: 345/500
6nf5D_antigen.pdb  7t87HL_antibody.pdb
Converting SMILES to graph: 346/500
6nfcIE_antigen.pdb  8fa7HL_antibody.pdb
Converting SMILES to graph: 347/500
6nfcIE_antigen.pdb  7x2tHL_antibody.pdb
Converting SMILES to graph: 348/500
6nfcIE_antigen.pdb  7tatDE_antibody.pdb
Converting SMILES to graph: 349/500
6nfcIE_antigen.pdb  5iblCD_antibody.pdb
Converting SMILES to graph: 350/500
6nfcIE_antigen.pdb  7zf3AB_antibody.pdb
Converting SMILES to graph: 351/500
6nfcIE_antigen.pdb  6b3sCD_antibody.pdb
Converting SMILES to graph: 352/500
6nfjA_antigen.pdb  7x2dE_antibody.pdb
Converting SMILES to graph: 353/500
6nfjA_antigen.pdb  6lz4AB_antibody.pdb
Converting SMILES to graph: 354/500
6nfjA_antigen.pdb  8ihhSs_antibody.pdb
Converting SMILES to graph: 355/500
6nfjA_antigen.pdb  6nfvAB_antibody.pdb
Converting SMILES to graph: 356/500
6nfjA_antigen.pdb  4yzfGH_antibody.pdb
Converting SMILES to graph: 357/500
6nfjA_antigen.pdb  5mevHL_antibody.pdb
Converting SMILES to graph: 358/500
6nfuC_antigen.pdb  4o9hHL_antibody.pdb
Converting SMILES to graph: 359/500
6nfuC_antigen.pdb  7wthHL_antibody.pdb
Converting SMILES to graph: 360/500
6nfuC_antigen.pdb  7upyHL_antibody.pdb
Converting SMILES to graph: 361/500
6nfuC_antigen.pdb  3vi4HL_antibody.pdb
Converting SMILES to graph: 362/500
6nfuC_antigen.pdb  7mmoAB_antibody.pdb
Converting SMILES to graph: 363/500
6nfuC_antigen.pdb  8bsfHL_antibody.pdb
Converting SMILES to graph: 364/500
6nfvC_antigen.pdb  8ez7HL_antibody.pdb
Converting SMILES to graph: 365/500
6nfvC_antigen.pdb  6a77HL_antibody.pdb
Converting SMILES to graph: 366/500
6nfvC_antigen.pdb  5ja8D_antibody.pdb
Converting SMILES to graph: 367/500
6nfvC_antigen.pdb  7ejxSs_antibody.pdb
Converting SMILES to graph: 368/500
6nfvC_antigen.pdb  6jhsED_antibody.pdb
Converting SMILES to graph: 369/500
6nfvC_antigen.pdb  6vy6HL_antibody.pdb
Converting SMILES to graph: 370/500
6nhaAB_antigen.pdb  6herB_antibody.pdb
Converting SMILES to graph: 371/500
6nhaAB_antigen.pdb  7mlvLM_antibody.pdb
Converting SMILES to graph: 372/500
6nhaAB_antigen.pdb  8dytHL_antibody.pdb
Converting SMILES to graph: 373/500
6nhaAB_antigen.pdb  6kx1AB_antibody.pdb
Converting SMILES to graph: 374/500
6nhaAB_antigen.pdb  7tlzBA_antibody.pdb
Converting SMILES to graph: 375/500
6ni2B_antigen.pdb  7worDd_antibody.pdb
Converting SMILES to graph: 376/500
6ni2B_antigen.pdb  6bckHL_antibody.pdb
Converting SMILES to graph: 377/500
6ni2B_antigen.pdb  8gtpHL_antibody.pdb
Converting SMILES to graph: 378/500
6ni2B_antigen.pdb  7jvpN_antibody.pdb
Converting SMILES to graph: 379/500
6ni2B_antigen.pdb  6nb4HL_antibody.pdb
Converting SMILES to graph: 380/500
6ni2B_antigen.pdb  4uv7HL_antibody.pdb
Converting SMILES to graph: 381/500
6ni3ABG_antigen.pdb  7upyHL_antibody.pdb
Converting SMILES to graph: 382/500
6ni3ABG_antigen.pdb  7l2eHL_antibody.pdb
Converting SMILES to graph: 383/500
6ni3ABG_antigen.pdb  4py8IJ_antibody.pdb
Converting SMILES to graph: 384/500
6ni3ABG_antigen.pdb  7zfeJK_antibody.pdb
Converting SMILES to graph: 385/500
6ni3ABG_antigen.pdb  6x08K_antibody.pdb
Converting SMILES to graph: 386/500
6ni3ABG_antigen.pdb  8fa9HL_antibody.pdb
Converting SMILES to graph: 387/500
6nijEAC_antigen.pdb  5o05C_antibody.pdb
Converting SMILES to graph: 388/500
6nijEAC_antigen.pdb  6cdpAB_antibody.pdb
Converting SMILES to graph: 389/500
6nijEAC_antigen.pdb  6mugHL_antibody.pdb
Converting SMILES to graph: 390/500
6nijEAC_antigen.pdb  7d2zA_antibody.pdb
Converting SMILES to graph: 391/500
6nijEAC_antigen.pdb  4nztHL_antibody.pdb
Converting SMILES to graph: 392/500
6nijEAC_antigen.pdb  8jzzHh_antibody.pdb
Converting SMILES to graph: 393/500
6nipZ_antigen.pdb  4qyoAB_antibody.pdb
Converting SMILES to graph: 394/500
6nipZ_antigen.pdb  5hdqHL_antibody.pdb
Converting SMILES to graph: 395/500
6nipZ_antigen.pdb  4kmlB_antibody.pdb
Converting SMILES to graph: 396/500
6nipZ_antigen.pdb  7mhzOP_antibody.pdb
Converting SMILES to graph: 397/500
6nipZ_antigen.pdb  6a77HL_antibody.pdb
Converting SMILES to graph: 398/500
6nipZ_antigen.pdb  6zlrHL_antibody.pdb
Converting SMILES to graph: 399/500
6niuA_antigen.pdb  7wi0CE_antibody.pdb
Converting SMILES to graph: 400/500
6niuA_antigen.pdb  6fywC_antibody.pdb
Converting SMILES to graph: 401/500
6niuA_antigen.pdb  7li6BC_antibody.pdb
Converting SMILES to graph: 402/500
6niuA_antigen.pdb  7kduC_antibody.pdb
Converting SMILES to graph: 403/500
6niuA_antigen.pdb  5kemIJ_antibody.pdb
Converting SMILES to graph: 404/500
6niuA_antigen.pdb  4krpB_antibody.pdb
Converting SMILES to graph: 405/500
6niyAB_antigen.pdb  7uviAB_antibody.pdb
Converting SMILES to graph: 406/500
6niyAB_antigen.pdb  4kklCD_antibody.pdb
Converting SMILES to graph: 407/500
6niyAB_antigen.pdb  7swpHL_antibody.pdb
Converting SMILES to graph: 408/500
6niyAB_antigen.pdb  1u8hBA_antibody.pdb
Converting SMILES to graph: 409/500
6niyAB_antigen.pdb  4nhcHL_antibody.pdb
Converting SMILES to graph: 410/500
6niyAB_antigen.pdb  4yc2BC_antibody.pdb
Converting SMILES to graph: 411/500
6njlB_antigen.pdb  5yaxBb_antibody.pdb
Converting SMILES to graph: 412/500
6njlB_antigen.pdb  7l5bHL_antibody.pdb
Converting SMILES to graph: 413/500
6njlB_antigen.pdb  4k9eHL_antibody.pdb
Converting SMILES to graph: 414/500
6njlB_antigen.pdb  4khxHL_antibody.pdb
Converting SMILES to graph: 415/500
6njlB_antigen.pdb  7wvdGH_antibody.pdb
Converting SMILES to graph: 416/500
6njlB_antigen.pdb  5ocxHL_antibody.pdb
Converting SMILES to graph: 417/500
6njmB_antigen.pdb  7k84B_antibody.pdb
Converting SMILES to graph: 418/500
6njmB_antigen.pdb  1mvuBA_antibody.pdb
Converting SMILES to graph: 419/500
6njmB_antigen.pdb  5en2AB_antibody.pdb
Converting SMILES to graph: 420/500
6njmB_antigen.pdb  1otsEF_antibody.pdb
Converting SMILES to graph: 421/500
6njmB_antigen.pdb  4jkpHL_antibody.pdb
Converting SMILES to graph: 422/500
6njmB_antigen.pdb  5kvfHL_antibody.pdb
Converting SMILES to graph: 423/500
6njnA_antigen.pdb  7xj8GF_antibody.pdb
Converting SMILES to graph: 424/500
6njnA_antigen.pdb  6jszD_antibody.pdb
Converting SMILES to graph: 425/500
6njnA_antigen.pdb  7r8lHL_antibody.pdb
Converting SMILES to graph: 426/500
6njnA_antigen.pdb  7wujN_antibody.pdb
Converting SMILES to graph: 427/500
6njnA_antigen.pdb  6b70EF_antibody.pdb
Converting SMILES to graph: 428/500
6njnA_antigen.pdb  8e2uHL_antibody.pdb
Converting SMILES to graph: 429/500
6nm6B_antigen.pdb  6knmA_antibody.pdb
Converting SMILES to graph: 430/500
6nm6B_antigen.pdb  6dc8HL_antibody.pdb
Converting SMILES to graph: 431/500
6nm6B_antigen.pdb  3qwoHL_antibody.pdb
Converting SMILES to graph: 432/500
6nm6B_antigen.pdb  6xlqEF_antibody.pdb
Converting SMILES to graph: 433/500
6nm6B_antigen.pdb  7o31HL_antibody.pdb
Converting SMILES to graph: 434/500
6nm6B_antigen.pdb  7sg4HL_antibody.pdb
Converting SMILES to graph: 435/500
6nmrE_antigen.pdb  8aomV_antibody.pdb
Converting SMILES to graph: 436/500
6nmrE_antigen.pdb  7wy5N_antibody.pdb
Converting SMILES to graph: 437/500
6nmrE_antigen.pdb  6o2cAB_antibody.pdb
Converting SMILES to graph: 438/500
6nmrE_antigen.pdb  8gb5BC_antibody.pdb
Converting SMILES to graph: 439/500
6nmrE_antigen.pdb  7wz4Ss_antibody.pdb
Converting SMILES to graph: 440/500
6nmrE_antigen.pdb  6nc3HL_antibody.pdb
Converting SMILES to graph: 441/500
6nmsC_antigen.pdb  7li6BC_antibody.pdb
Converting SMILES to graph: 442/500
6nmsC_antigen.pdb  6w51OP_antibody.pdb
Converting SMILES to graph: 443/500
6nmsC_antigen.pdb  7mjtAB_antibody.pdb
Converting SMILES to graph: 444/500
6nmsC_antigen.pdb  7wqvBb_antibody.pdb
Converting SMILES to graph: 445/500
6nmsC_antigen.pdb  5hi4CD_antibody.pdb
Converting SMILES to graph: 446/500
6nmsC_antigen.pdb  8i0qHL_antibody.pdb
Converting SMILES to graph: 447/500
6nmtC_antigen.pdb  3s88HL_antibody.pdb
Converting SMILES to graph: 448/500
6nmtC_antigen.pdb  4rwyHL_antibody.pdb
Converting SMILES to graph: 449/500
6nmtC_antigen.pdb  4ffyHL_antibody.pdb
Converting SMILES to graph: 450/500
6nmtC_antigen.pdb  8dtkCB_antibody.pdb
Converting SMILES to graph: 451/500
6nmtC_antigen.pdb  7v5kED_antibody.pdb
Converting SMILES to graph: 452/500
6nmtC_antigen.pdb  8ttwCD_antibody.pdb
Converting SMILES to graph: 453/500
6nmuC_antigen.pdb  7ureHL_antibody.pdb
Converting SMILES to graph: 454/500
6nmuC_antigen.pdb  4cdgD_antibody.pdb
Converting SMILES to graph: 455/500
6nmuC_antigen.pdb  2xzqHL_antibody.pdb
Converting SMILES to graph: 456/500
6nmuC_antigen.pdb  5jymDd_antibody.pdb
Converting SMILES to graph: 457/500
6nmuC_antigen.pdb  8sb4CD_antibody.pdb
Converting SMILES to graph: 458/500
6nmuC_antigen.pdb  6meiHL_antibody.pdb
Converting SMILES to graph: 459/500
6nmvS_antigen.pdb  2wucHL_antibody.pdb
Converting SMILES to graph: 460/500
6nmvS_antigen.pdb  6vepOP_antibody.pdb
Converting SMILES to graph: 461/500
6nmvS_antigen.pdb  7b17B_antibody.pdb
Converting SMILES to graph: 462/500
6nmvS_antigen.pdb  8gasHL_antibody.pdb
Converting SMILES to graph: 463/500
6nmvS_antigen.pdb  7uslHL_antibody.pdb
Converting SMILES to graph: 464/500
6nmvS_antigen.pdb  6ks1HL_antibody.pdb
Converting SMILES to graph: 465/500
6nn3A_antigen.pdb  7ls9HL_antibody.pdb
Converting SMILES to graph: 466/500
6nn3A_antigen.pdb  7lxxHL_antibody.pdb
Converting SMILES to graph: 467/500
6nn3A_antigen.pdb  8tfnHL_antibody.pdb
Converting SMILES to graph: 468/500
6nn3A_antigen.pdb  6ulfAB_antibody.pdb
Converting SMILES to graph: 469/500
6nn3A_antigen.pdb  5td8E_antibody.pdb
Converting SMILES to graph: 470/500
6nn3A_antigen.pdb  5cwsHG_antibody.pdb
Converting SMILES to graph: 471/500
6nnfG_antigen.pdb  8e1pFI_antibody.pdb
Converting SMILES to graph: 472/500
6nnfG_antigen.pdb  7lx5C_antibody.pdb
Converting SMILES to graph: 473/500
6nnfG_antigen.pdb  6lraHL_antibody.pdb
Converting SMILES to graph: 474/500
6nnfG_antigen.pdb  4k8rDC_antibody.pdb
Converting SMILES to graph: 475/500
6nnfG_antigen.pdb  4kv5Jj_antibody.pdb
Converting SMILES to graph: 476/500
6nnfG_antigen.pdb  6oejBC_antibody.pdb
Converting SMILES to graph: 477/500
6nnjG_antigen.pdb  7zlhHL_antibody.pdb
Converting SMILES to graph: 478/500
6nnjG_antigen.pdb  7tyxN_antibody.pdb
Converting SMILES to graph: 479/500
6nnjG_antigen.pdb  4jznIP_antibody.pdb
Converting SMILES to graph: 480/500
6nnjG_antigen.pdb  7v35N_antibody.pdb
Converting SMILES to graph: 481/500
6nnjG_antigen.pdb  8defST_antibody.pdb
Converting SMILES to graph: 482/500
6nnjG_antigen.pdb  6wh9EF_antibody.pdb
Converting SMILES to graph: 483/500
6nqdJI_antigen.pdb  8i10DE_antibody.pdb
Converting SMILES to graph: 484/500
6nqdJI_antigen.pdb  4hg4PQ_antibody.pdb
Converting SMILES to graph: 485/500
6nqdJI_antigen.pdb  7rahBA_antibody.pdb
Converting SMILES to graph: 486/500
6nqdJI_antigen.pdb  1dqjBA_antibody.pdb
Converting SMILES to graph: 487/500
6nqdJI_antigen.pdb  7sp9C_antibody.pdb
Converting SMILES to graph: 488/500
6nqdJI_antigen.pdb  6um6KL_antibody.pdb
Converting SMILES to graph: 489/500
6nyqC_antigen.pdb  8d48HL_antibody.pdb
Converting SMILES to graph: 490/500
6nyqC_antigen.pdb  7te8B_antibody.pdb
Converting SMILES to graph: 491/500
6nyqC_antigen.pdb  6utaAB_antibody.pdb
Converting SMILES to graph: 492/500
6nyqC_antigen.pdb  7evyEe_antibody.pdb
Converting SMILES to graph: 493/500
6nyqC_antigen.pdb  6j5gHL_antibody.pdb
Converting SMILES to graph: 494/500
6nyqC_antigen.pdb  6x9sHL_antibody.pdb
Converting SMILES to graph: 495/500
6nz7FE_antigen.pdb  6iw0HL_antibody.pdb
Converting SMILES to graph: 496/500
6nz7FE_antigen.pdb  7tbfHL_antibody.pdb
Converting SMILES to graph: 497/500
6nz7FE_antigen.pdb  8t7hC_antibody.pdb
Converting SMILES to graph: 498/500
6nz7FE_antigen.pdb  4etqHL_antibody.pdb
Converting SMILES to graph: 499/500
6nz7FE_antigen.pdb  7udsDE_antibody.pdb
Converting SMILES to graph: 500/500
6nz7FE_antigen.pdb  4k4mIM_antibody.pdb
Graph construction done. Saving to file.
