Converting SMILES to graph: 1/500
7pc2C_antigen.pdb  6mn7Gg_antibody.pdb
Converting SMILES to graph: 2/500
7pg8K_antigen.pdb  2p42D_antibody.pdb
Converting SMILES to graph: 3/500
7pg8K_antigen.pdb  7mw5FG_antibody.pdb
Converting SMILES to graph: 4/500
7pg8K_antigen.pdb  2kh2Bb_antibody.pdb
Converting SMILES to graph: 5/500
7pg8K_antigen.pdb  8pe9HL_antibody.pdb
Converting SMILES to graph: 6/500
7pg8K_antigen.pdb  4hj0CD_antibody.pdb
Converting SMILES to graph: 7/500
7pg8K_antigen.pdb  6uoeHL_antibody.pdb
Converting SMILES to graph: 8/500
7pgbT_antigen.pdb  7u5bAB_antibody.pdb
Converting SMILES to graph: 9/500
7pgbT_antigen.pdb  5dmgEF_antibody.pdb
Converting SMILES to graph: 10/500
7pgbT_antigen.pdb  5a7xHG_antibody.pdb
Converting SMILES to graph: 11/500
7pgbT_antigen.pdb  7u60EF_antibody.pdb
Converting SMILES to graph: 12/500
7pgbT_antigen.pdb  2r0lHL_antibody.pdb
Converting SMILES to graph: 13/500
7pgbT_antigen.pdb  4q0xHL_antibody.pdb
Converting SMILES to graph: 14/500
7ph2B_antigen.pdb  7wkdEe_antibody.pdb
Converting SMILES to graph: 15/500
7ph2B_antigen.pdb  2oslHL_antibody.pdb
Converting SMILES to graph: 16/500
7ph2B_antigen.pdb  4z7nEF_antibody.pdb
Converting SMILES to graph: 17/500
7ph2B_antigen.pdb  7jwpKL_antibody.pdb
Converting SMILES to graph: 18/500
7ph2B_antigen.pdb  7n01HL_antibody.pdb
Converting SMILES to graph: 19/500
7ph2B_antigen.pdb  6n51D_antibody.pdb
Converting SMILES to graph: 20/500
7ph3B_antigen.pdb  7e5yCB_antibody.pdb
Converting SMILES to graph: 21/500
7ph3B_antigen.pdb  7ul0HL_antibody.pdb
Converting SMILES to graph: 22/500
7ph3B_antigen.pdb  8oxvBC_antibody.pdb
Converting SMILES to graph: 23/500
7ph3B_antigen.pdb  8h2gEe_antibody.pdb
Converting SMILES to graph: 24/500
7ph3B_antigen.pdb  7tjqAB_antibody.pdb
Converting SMILES to graph: 25/500
7ph3B_antigen.pdb  7yrnDE_antibody.pdb
Converting SMILES to graph: 26/500
7ph4B_antigen.pdb  5m15C_antibody.pdb
Converting SMILES to graph: 27/500
7ph4B_antigen.pdb  6bfqHL_antibody.pdb
Converting SMILES to graph: 28/500
7ph4B_antigen.pdb  5h8oA_antibody.pdb
Converting SMILES to graph: 29/500
7ph4B_antigen.pdb  6eluKL_antibody.pdb
Converting SMILES to graph: 30/500
7ph4B_antigen.pdb  4ffyHL_antibody.pdb
Converting SMILES to graph: 31/500
7ph7B_antigen.pdb  6d2pHL_antibody.pdb
Converting SMILES to graph: 32/500
7ph7B_antigen.pdb  4c2iHL_antibody.pdb
Converting SMILES to graph: 33/500
7ph7B_antigen.pdb  6n7jHL_antibody.pdb
Converting SMILES to graph: 34/500
7ph7B_antigen.pdb  4m1cEF_antibody.pdb
Converting SMILES to graph: 35/500
7ph7B_antigen.pdb  7wu2N_antibody.pdb
Converting SMILES to graph: 36/500
7phgA_antigen.pdb  7lezRP_antibody.pdb
Converting SMILES to graph: 37/500
7phgA_antigen.pdb  7qezEF_antibody.pdb
Converting SMILES to graph: 38/500
7phgA_antigen.pdb  6x98FE_antibody.pdb
Converting SMILES to graph: 39/500
7phgA_antigen.pdb  8h3cBb_antibody.pdb
Converting SMILES to graph: 40/500
7phgA_antigen.pdb  7yaiC_antibody.pdb
Converting SMILES to graph: 41/500
7phgA_antigen.pdb  7b27C_antibody.pdb
Converting SMILES to graph: 42/500
7phpA_antigen.pdb  2jelHL_antibody.pdb
Converting SMILES to graph: 43/500
7phpA_antigen.pdb  5uqyDC_antibody.pdb
Converting SMILES to graph: 44/500
7phpA_antigen.pdb  8h8qHL_antibody.pdb
Converting SMILES to graph: 45/500
7phpA_antigen.pdb  3o41HL_antibody.pdb
Converting SMILES to graph: 46/500
7phpA_antigen.pdb  1otsEF_antibody.pdb
Converting SMILES to graph: 47/500
7phqB_antigen.pdb  6qx4D_antibody.pdb
Converting SMILES to graph: 48/500
7phqB_antigen.pdb  8pm2N_antibody.pdb
Converting SMILES to graph: 49/500
7phqB_antigen.pdb  7f12Bb_antibody.pdb
Converting SMILES to graph: 50/500
7phqB_antigen.pdb  8t7aDE_antibody.pdb
Converting SMILES to graph: 51/500
7phqB_antigen.pdb  7wm0HL_antibody.pdb
Converting SMILES to graph: 52/500
7phqB_antigen.pdb  7ps1AB_antibody.pdb
Converting SMILES to graph: 53/500
7phuA_antigen.pdb  7xv3N_antibody.pdb
Converting SMILES to graph: 54/500
7phuA_antigen.pdb  5x2oJK_antibody.pdb
Converting SMILES to graph: 55/500
7phuA_antigen.pdb  5ukrHL_antibody.pdb
Converting SMILES to graph: 56/500
7phuA_antigen.pdb  4r9yNM_antibody.pdb
Converting SMILES to graph: 57/500
7phuA_antigen.pdb  6o3aBA_antibody.pdb
Converting SMILES to graph: 58/500
7phuA_antigen.pdb  7klwB_antibody.pdb
Converting SMILES to graph: 59/500
7phvA_antigen.pdb  7sk4DC_antibody.pdb
Converting SMILES to graph: 60/500
7phvA_antigen.pdb  7b2pD_antibody.pdb
Converting SMILES to graph: 61/500
7phvA_antigen.pdb  6dkjHL_antibody.pdb
Converting SMILES to graph: 62/500
7phvA_antigen.pdb  7u9oHL_antibody.pdb
Converting SMILES to graph: 63/500
7phvA_antigen.pdb  8hwtHL_antibody.pdb
Converting SMILES to graph: 64/500
7phvA_antigen.pdb  5vlpHL_antibody.pdb
Converting SMILES to graph: 65/500
7phwD_antigen.pdb  3o41HL_antibody.pdb
Converting SMILES to graph: 66/500
7phwD_antigen.pdb  5n88A_antibody.pdb
Converting SMILES to graph: 67/500
7phwD_antigen.pdb  8hdoN_antibody.pdb
Converting SMILES to graph: 68/500
7phwD_antigen.pdb  7zf9HL_antibody.pdb
Converting SMILES to graph: 69/500
7phwD_antigen.pdb  7z1xB_antibody.pdb
Converting SMILES to graph: 70/500
7phwD_antigen.pdb  7pgbRS_antibody.pdb
Converting SMILES to graph: 71/500
7pi2D_antigen.pdb  7evzEe_antibody.pdb
Converting SMILES to graph: 72/500
7pi2D_antigen.pdb  7d5bD_antibody.pdb
Converting SMILES to graph: 73/500
7pi2D_antigen.pdb  4yflHL_antibody.pdb
Converting SMILES to graph: 74/500
7pi2D_antigen.pdb  4q0xHL_antibody.pdb
Converting SMILES to graph: 75/500
7pi2D_antigen.pdb  8b41G_antibody.pdb
Converting SMILES to graph: 76/500
7pi3O_antigen.pdb  7xxhHh_antibody.pdb
Converting SMILES to graph: 77/500
7pi3O_antigen.pdb  6idlIJ_antibody.pdb
Converting SMILES to graph: 78/500
7pi3O_antigen.pdb  1ndgBA_antibody.pdb
Converting SMILES to graph: 79/500
7pi3O_antigen.pdb  7tl0DE_antibody.pdb
Converting SMILES to graph: 80/500
7pi3O_antigen.pdb  4p59HL_antibody.pdb
Converting SMILES to graph: 81/500
7pi7D_antigen.pdb  2p46B_antibody.pdb
Converting SMILES to graph: 82/500
7pi7D_antigen.pdb  3mlzHL_antibody.pdb
Converting SMILES to graph: 83/500
7pi7D_antigen.pdb  2uziHL_antibody.pdb
Converting SMILES to graph: 84/500
7pi7D_antigen.pdb  4zfgHL_antibody.pdb
Converting SMILES to graph: 85/500
7pi7D_antigen.pdb  6e56GI_antibody.pdb
Converting SMILES to graph: 86/500
7pi7D_antigen.pdb  7t8xEe_antibody.pdb
Converting SMILES to graph: 87/500
7pijB_antigen.pdb  8g9wHL_antibody.pdb
Converting SMILES to graph: 88/500
7pijB_antigen.pdb  7ul1HL_antibody.pdb
Converting SMILES to graph: 89/500
7pijB_antigen.pdb  5ye4AB_antibody.pdb
Converting SMILES to graph: 90/500
7pijB_antigen.pdb  3zdyHL_antibody.pdb
Converting SMILES to graph: 91/500
7pijB_antigen.pdb  6wfxHL_antibody.pdb
Converting SMILES to graph: 92/500
7pijB_antigen.pdb  7uc8Hh_antibody.pdb
Converting SMILES to graph: 93/500
7piuAB_antigen.pdb  8a44CD_antibody.pdb
Converting SMILES to graph: 94/500
7piuAB_antigen.pdb  8t04CD_antibody.pdb
Converting SMILES to graph: 95/500
7piuAB_antigen.pdb  7lueJN_antibody.pdb
Converting SMILES to graph: 96/500
7piuAB_antigen.pdb  2ht3CD_antibody.pdb
Converting SMILES to graph: 97/500
7piuAB_antigen.pdb  6i04HL_antibody.pdb
Converting SMILES to graph: 98/500
7piuAB_antigen.pdb  7kfeGI_antibody.pdb
Converting SMILES to graph: 99/500
7pivAB_antigen.pdb  7kdmC_antibody.pdb
Converting SMILES to graph: 100/500
7pivAB_antigen.pdb  8a95RO_antibody.pdb
Converting SMILES to graph: 101/500
7pivAB_antigen.pdb  3p30HL_antibody.pdb
Converting SMILES to graph: 102/500
7pivAB_antigen.pdb  6ieaHL_antibody.pdb
Converting SMILES to graph: 103/500
7pivAB_antigen.pdb  8fn1Ee_antibody.pdb
Converting SMILES to graph: 104/500
7pivAB_antigen.pdb  7uapMN_antibody.pdb
Converting SMILES to graph: 105/500
7pnmC_antigen.pdb  7mm0HL_antibody.pdb
Converting SMILES to graph: 106/500
7pnmC_antigen.pdb  7vvnN_antibody.pdb
Converting SMILES to graph: 107/500
7pnmC_antigen.pdb  8aflD_antibody.pdb
Converting SMILES to graph: 108/500
7pnmC_antigen.pdb  7kjhB_antibody.pdb
Converting SMILES to graph: 109/500
7pnmC_antigen.pdb  6h7jC_antibody.pdb
Converting SMILES to graph: 110/500
7pnmC_antigen.pdb  4jfzHL_antibody.pdb
Converting SMILES to graph: 111/500
7pnqB_antigen.pdb  1n6qHL_antibody.pdb
Converting SMILES to graph: 112/500
7pnqB_antigen.pdb  6ccbDE_antibody.pdb
Converting SMILES to graph: 113/500
7pnqB_antigen.pdb  7yajC_antibody.pdb
Converting SMILES to graph: 114/500
7pnqB_antigen.pdb  6b5pHL_antibody.pdb
Converting SMILES to graph: 115/500
7pnqB_antigen.pdb  6huoG_antibody.pdb
Converting SMILES to graph: 116/500
7pnqB_antigen.pdb  4nx3BA_antibody.pdb
Converting SMILES to graph: 117/500
7po5A_antigen.pdb  4lvnCB_antibody.pdb
Converting SMILES to graph: 118/500
7po5A_antigen.pdb  8fymHL_antibody.pdb
Converting SMILES to graph: 119/500
7po5A_antigen.pdb  5ec2AB_antibody.pdb
Converting SMILES to graph: 120/500
7po5A_antigen.pdb  6dfjHL_antibody.pdb
Converting SMILES to graph: 121/500
7po5A_antigen.pdb  7ew2Ss_antibody.pdb
Converting SMILES to graph: 122/500
7po5A_antigen.pdb  7mwxAB_antibody.pdb
Converting SMILES to graph: 123/500
7pqgA_antigen.pdb  6ejmIi_antibody.pdb
Converting SMILES to graph: 124/500
7pqgA_antigen.pdb  8dxuHL_antibody.pdb
Converting SMILES to graph: 125/500
7pqgA_antigen.pdb  8elnC_antibody.pdb
Converting SMILES to graph: 126/500
7pqgA_antigen.pdb  7nd8HL_antibody.pdb
Converting SMILES to graph: 127/500
7pqgA_antigen.pdb  2oslHL_antibody.pdb
Converting SMILES to graph: 128/500
7pqgA_antigen.pdb  6um6KL_antibody.pdb
Converting SMILES to graph: 129/500
7pqqA_antigen.pdb  6xw7C_antibody.pdb
Converting SMILES to graph: 130/500
7pqqA_antigen.pdb  7bz2N_antibody.pdb
Converting SMILES to graph: 131/500
7pqqA_antigen.pdb  7zmoK_antibody.pdb
Converting SMILES to graph: 132/500
7pqqA_antigen.pdb  8e8sHL_antibody.pdb
Converting SMILES to graph: 133/500
7pqqA_antigen.pdb  7rkfDd_antibody.pdb
Converting SMILES to graph: 134/500
7pqqA_antigen.pdb  7uihD_antibody.pdb
Converting SMILES to graph: 135/500
7pqyE_antigen.pdb  3f58HL_antibody.pdb
Converting SMILES to graph: 136/500
7pqyE_antigen.pdb  7d30A_antibody.pdb
Converting SMILES to graph: 137/500
7pqyE_antigen.pdb  7e7yCD_antibody.pdb
Converting SMILES to graph: 138/500
7pqyE_antigen.pdb  1g7lBA_antibody.pdb
Converting SMILES to graph: 139/500
7pqyE_antigen.pdb  7n0rD_antibody.pdb
Converting SMILES to graph: 140/500
7pqyE_antigen.pdb  7pgbRS_antibody.pdb
Converting SMILES to graph: 141/500
7pqzE_antigen.pdb  7wv9Ss_antibody.pdb
Converting SMILES to graph: 142/500
7pqzE_antigen.pdb  5w3oDE_antibody.pdb
Converting SMILES to graph: 143/500
7pqzE_antigen.pdb  7so7HL_antibody.pdb
Converting SMILES to graph: 144/500
7pqzE_antigen.pdb  3iu3AB_antibody.pdb
Converting SMILES to graph: 145/500
7pqzE_antigen.pdb  7wd1C_antibody.pdb
Converting SMILES to graph: 146/500
7pqzE_antigen.pdb  7vbiN_antibody.pdb
Converting SMILES to graph: 147/500
7pr0A_antigen.pdb  5a2iHh_antibody.pdb
Converting SMILES to graph: 148/500
7pr0A_antigen.pdb  8euvGH_antibody.pdb
Converting SMILES to graph: 149/500
7pr0A_antigen.pdb  5tr1IM_antibody.pdb
Converting SMILES to graph: 150/500
7pr0A_antigen.pdb  7eanHL_antibody.pdb
Converting SMILES to graph: 151/500
7pr0A_antigen.pdb  3p11HL_antibody.pdb
Converting SMILES to graph: 152/500
7pryI_antigen.pdb  8tp6HL_antibody.pdb
Converting SMILES to graph: 153/500
7pryI_antigen.pdb  1u8oBA_antibody.pdb
Converting SMILES to graph: 154/500
7pryI_antigen.pdb  1g7hBA_antibody.pdb
Converting SMILES to graph: 155/500
7pryI_antigen.pdb  6jbtHL_antibody.pdb
Converting SMILES to graph: 156/500
7pryI_antigen.pdb  7q9iEF_antibody.pdb
Converting SMILES to graph: 157/500
7pryI_antigen.pdb  1ktrHL_antibody.pdb
Converting SMILES to graph: 158/500
7przE_antigen.pdb  7kmdAE_antibody.pdb
Converting SMILES to graph: 159/500
7przE_antigen.pdb  5kemIJ_antibody.pdb
Converting SMILES to graph: 160/500
7przE_antigen.pdb  7kh0N_antibody.pdb
Converting SMILES to graph: 161/500
7przE_antigen.pdb  6x8pHL_antibody.pdb
Converting SMILES to graph: 162/500
7przE_antigen.pdb  6wfzHL_antibody.pdb
Converting SMILES to graph: 163/500
7przE_antigen.pdb  8dkxAB_antibody.pdb
Converting SMILES to graph: 164/500
7ps0E_antigen.pdb  5c7xMN_antibody.pdb
Converting SMILES to graph: 165/500
7ps0E_antigen.pdb  6mwvKL_antibody.pdb
Converting SMILES to graph: 166/500
7ps0E_antigen.pdb  7rg9N_antibody.pdb
Converting SMILES to graph: 167/500
7ps0E_antigen.pdb  7mnmKM_antibody.pdb
Converting SMILES to graph: 168/500
7ps0E_antigen.pdb  7wueCD_antibody.pdb
Converting SMILES to graph: 169/500
7ps0E_antigen.pdb  1e4wHL_antibody.pdb
Converting SMILES to graph: 170/500
7ps1E_antigen.pdb  7u5bAB_antibody.pdb
Converting SMILES to graph: 171/500
7ps1E_antigen.pdb  7lddKJ_antibody.pdb
Converting SMILES to graph: 172/500
7ps1E_antigen.pdb  4ut9JN_antibody.pdb
Converting SMILES to graph: 173/500
7ps1E_antigen.pdb  7ur6HL_antibody.pdb
Converting SMILES to graph: 174/500
7ps1E_antigen.pdb  5lhnB_antibody.pdb
Converting SMILES to graph: 175/500
7ps1E_antigen.pdb  7t0wHL_antibody.pdb
Converting SMILES to graph: 176/500
7ps2G_antigen.pdb  7cvzQR_antibody.pdb
Converting SMILES to graph: 177/500
7ps2G_antigen.pdb  6jfiHL_antibody.pdb
Converting SMILES to graph: 178/500
7ps2G_antigen.pdb  7f1oE_antibody.pdb
Converting SMILES to graph: 179/500
7ps2G_antigen.pdb  6ea7MN_antibody.pdb
Converting SMILES to graph: 180/500
7ps2G_antigen.pdb  6ot1JK_antibody.pdb
Converting SMILES to graph: 181/500
7ps2G_antigen.pdb  5vcoDC_antibody.pdb
Converting SMILES to graph: 182/500
7ps4A_antigen.pdb  6y6cCc_antibody.pdb
Converting SMILES to graph: 183/500
7ps4A_antigen.pdb  7b27C_antibody.pdb
Converting SMILES to graph: 184/500
7ps4A_antigen.pdb  7n3dHL_antibody.pdb
Converting SMILES to graph: 185/500
7ps4A_antigen.pdb  6hjpIJ_antibody.pdb
Converting SMILES to graph: 186/500
7ps4A_antigen.pdb  4k8rDC_antibody.pdb
Converting SMILES to graph: 187/500
7ps4A_antigen.pdb  4xvjHL_antibody.pdb
Converting SMILES to graph: 188/500
7ps5E_antigen.pdb  6lr7B_antibody.pdb
Converting SMILES to graph: 189/500
7ps5E_antigen.pdb  7budGI_antibody.pdb
Converting SMILES to graph: 190/500
7ps5E_antigen.pdb  4dgyHL_antibody.pdb
Converting SMILES to graph: 191/500
7ps5E_antigen.pdb  7kn3MN_antibody.pdb
Converting SMILES to graph: 192/500
7ps5E_antigen.pdb  3b9kHL_antibody.pdb
Converting SMILES to graph: 193/500
7ps5E_antigen.pdb  4oclF_antibody.pdb
Converting SMILES to graph: 194/500
7ps6E_antigen.pdb  5mu2KL_antibody.pdb
Converting SMILES to graph: 195/500
7ps6E_antigen.pdb  6eayHL_antibody.pdb
Converting SMILES to graph: 196/500
7ps6E_antigen.pdb  5e1hB_antibody.pdb
Converting SMILES to graph: 197/500
7ps6E_antigen.pdb  5tzuHL_antibody.pdb
Converting SMILES to graph: 198/500
7ps6E_antigen.pdb  6okpQR_antibody.pdb
Converting SMILES to graph: 199/500
7ps6E_antigen.pdb  1lk3IM_antibody.pdb
Converting SMILES to graph: 200/500
7ps7E_antigen.pdb  4kdtA_antibody.pdb
Converting SMILES to graph: 201/500
7ps7E_antigen.pdb  7f62HL_antibody.pdb
Converting SMILES to graph: 202/500
7ps7E_antigen.pdb  5eoqHL_antibody.pdb
Converting SMILES to graph: 203/500
7ps7E_antigen.pdb  8eqbA_antibody.pdb
Converting SMILES to graph: 204/500
7ps7E_antigen.pdb  6ey0F_antibody.pdb
Converting SMILES to graph: 205/500
7ps7E_antigen.pdb  4utaHL_antibody.pdb
Converting SMILES to graph: 206/500
7q0aB_antigen.pdb  8dcmAB_antibody.pdb
Converting SMILES to graph: 207/500
7q0aB_antigen.pdb  7tesHL_antibody.pdb
Converting SMILES to graph: 208/500
7q0aB_antigen.pdb  8emyG_antibody.pdb
Converting SMILES to graph: 209/500
7q0aB_antigen.pdb  4m3kB_antibody.pdb
Converting SMILES to graph: 210/500
7q0aB_antigen.pdb  7wckAB_antibody.pdb
Converting SMILES to graph: 211/500
7q0aB_antigen.pdb  6nfvAB_antibody.pdb
Converting SMILES to graph: 212/500
7q0gE_antigen.pdb  5c0nCD_antibody.pdb
Converting SMILES to graph: 213/500
7q0gE_antigen.pdb  7ktxIJ_antibody.pdb
Converting SMILES to graph: 214/500
7q0gE_antigen.pdb  8fn0Ee_antibody.pdb
Converting SMILES to graph: 215/500
7q0gE_antigen.pdb  6kpgSs_antibody.pdb
Converting SMILES to graph: 216/500
7q0gE_antigen.pdb  2r0zHL_antibody.pdb
Converting SMILES to graph: 217/500
7q0gE_antigen.pdb  1vfbBA_antibody.pdb
Converting SMILES to graph: 218/500
7q0hE_antigen.pdb  8d6zAB_antibody.pdb
Converting SMILES to graph: 219/500
7q0hE_antigen.pdb  7qu2AB_antibody.pdb
Converting SMILES to graph: 220/500
7q0hE_antigen.pdb  3kj4HL_antibody.pdb
Converting SMILES to graph: 221/500
7q0hE_antigen.pdb  8aflD_antibody.pdb
Converting SMILES to graph: 222/500
7q0hE_antigen.pdb  8k4nEe_antibody.pdb
Converting SMILES to graph: 223/500
7q0hE_antigen.pdb  5ezoHL_antibody.pdb
Converting SMILES to graph: 224/500
7q0iC_antigen.pdb  4bh8BA_antibody.pdb
Converting SMILES to graph: 225/500
7q0iC_antigen.pdb  4h8wHL_antibody.pdb
Converting SMILES to graph: 226/500
7q0iC_antigen.pdb  6bpeEF_antibody.pdb
Converting SMILES to graph: 227/500
7q0iC_antigen.pdb  6dbgC_antibody.pdb
Converting SMILES to graph: 228/500
7q0iC_antigen.pdb  2xxmB_antibody.pdb
Converting SMILES to graph: 229/500
7q1uA_antigen.pdb  7belCD_antibody.pdb
Converting SMILES to graph: 230/500
7q1uA_antigen.pdb  6vo0HL_antibody.pdb
Converting SMILES to graph: 231/500
7q1uA_antigen.pdb  1hysDC_antibody.pdb
Converting SMILES to graph: 232/500
7q1uA_antigen.pdb  7qjjB_antibody.pdb
Converting SMILES to graph: 233/500
7q1uA_antigen.pdb  5gxbB_antibody.pdb
Converting SMILES to graph: 234/500
7q1uA_antigen.pdb  7uz7HL_antibody.pdb
Converting SMILES to graph: 235/500
7q3qA_antigen.pdb  4kucHD_antibody.pdb
Converting SMILES to graph: 236/500
7q3qA_antigen.pdb  7e86AB_antibody.pdb
Converting SMILES to graph: 237/500
7q3qA_antigen.pdb  6n8dDB_antibody.pdb
Converting SMILES to graph: 238/500
7q3qA_antigen.pdb  5m2jD_antibody.pdb
Converting SMILES to graph: 239/500
7q3qA_antigen.pdb  7d7mE_antibody.pdb
Converting SMILES to graph: 240/500
7q3qA_antigen.pdb  7mnnKM_antibody.pdb
Converting SMILES to graph: 241/500
7q3rA_antigen.pdb  2b1hHL_antibody.pdb
Converting SMILES to graph: 242/500
7q3rA_antigen.pdb  7p02Hh_antibody.pdb
Converting SMILES to graph: 243/500
7q3rA_antigen.pdb  6nmsBA_antibody.pdb
Converting SMILES to graph: 244/500
7q3rA_antigen.pdb  8cdeDC_antibody.pdb
Converting SMILES to graph: 245/500
7q3rA_antigen.pdb  7xliB_antibody.pdb
Converting SMILES to graph: 246/500
7q4qE_antigen.pdb  8djkHL_antibody.pdb
Converting SMILES to graph: 247/500
7q4qE_antigen.pdb  6tysCD_antibody.pdb
Converting SMILES to graph: 248/500
7q4qE_antigen.pdb  8fa8HL_antibody.pdb
Converting SMILES to graph: 249/500
7q4qE_antigen.pdb  6cmoHL_antibody.pdb
Converting SMILES to graph: 250/500
7q4qE_antigen.pdb  6vbpJI_antibody.pdb
Converting SMILES to graph: 251/500
7q4qE_antigen.pdb  8hpkHL_antibody.pdb
Converting SMILES to graph: 252/500
7q6cA_antigen.pdb  7e9oHL_antibody.pdb
Converting SMILES to graph: 253/500
7q6cA_antigen.pdb  7ocyC_antibody.pdb
Converting SMILES to graph: 254/500
7q6cA_antigen.pdb  7cbpDE_antibody.pdb
Converting SMILES to graph: 255/500
7q6cA_antigen.pdb  4eneCD_antibody.pdb
Converting SMILES to graph: 256/500
7q6cA_antigen.pdb  6x3vJI_antibody.pdb
Converting SMILES to graph: 257/500
7q6cA_antigen.pdb  7rksHL_antibody.pdb
Converting SMILES to graph: 258/500
7q6eA_antigen.pdb  7xtbN_antibody.pdb
Converting SMILES to graph: 259/500
7q6eA_antigen.pdb  7sq1HL_antibody.pdb
Converting SMILES to graph: 260/500
7q6eA_antigen.pdb  6tybHL_antibody.pdb
Converting SMILES to graph: 261/500
7q6eA_antigen.pdb  8e8zHL_antibody.pdb
Converting SMILES to graph: 262/500
7q6eA_antigen.pdb  7yagC_antibody.pdb
Converting SMILES to graph: 263/500
7q6zA_antigen.pdb  3d0lBA_antibody.pdb
Converting SMILES to graph: 264/500
7q6zA_antigen.pdb  7p40FB_antibody.pdb
Converting SMILES to graph: 265/500
7q6zA_antigen.pdb  6cnjGF_antibody.pdb
Converting SMILES to graph: 266/500
7q6zA_antigen.pdb  6yxmHL_antibody.pdb
Converting SMILES to graph: 267/500
7q6zA_antigen.pdb  3fb8AB_antibody.pdb
Converting SMILES to graph: 268/500
7q6zA_antigen.pdb  6dcaJN_antibody.pdb
Converting SMILES to graph: 269/500
7q9fC_antigen.pdb  7q9kHL_antibody.pdb
Converting SMILES to graph: 270/500
7q9fC_antigen.pdb  7wkiB_antibody.pdb
Converting SMILES to graph: 271/500
7q9fC_antigen.pdb  4rfoHL_antibody.pdb
Converting SMILES to graph: 272/500
7q9fC_antigen.pdb  1uacHL_antibody.pdb
Converting SMILES to graph: 273/500
7q9fC_antigen.pdb  7srkB_antibody.pdb
Converting SMILES to graph: 274/500
7q9fC_antigen.pdb  7yk7Ss_antibody.pdb
Converting SMILES to graph: 275/500
7q9gA_antigen.pdb  7wy8D_antibody.pdb
Converting SMILES to graph: 276/500
7q9gA_antigen.pdb  8dm4HL_antibody.pdb
Converting SMILES to graph: 277/500
7q9gA_antigen.pdb  1u93BA_antibody.pdb
Converting SMILES to graph: 278/500
7q9gA_antigen.pdb  6yz7D_antibody.pdb
Converting SMILES to graph: 279/500
7q9gA_antigen.pdb  5nh3IM_antibody.pdb
Converting SMILES to graph: 280/500
7q9gA_antigen.pdb  7weeHL_antibody.pdb
Converting SMILES to graph: 281/500
7q9iB_antigen.pdb  4xc1HL_antibody.pdb
Converting SMILES to graph: 282/500
7q9iB_antigen.pdb  5lqbHL_antibody.pdb
Converting SMILES to graph: 283/500
7q9iB_antigen.pdb  4pouB_antibody.pdb
Converting SMILES to graph: 284/500
7q9iB_antigen.pdb  8hpkHL_antibody.pdb
Converting SMILES to graph: 285/500
7q9iB_antigen.pdb  7wi0CE_antibody.pdb
Converting SMILES to graph: 286/500
7q9jB_antigen.pdb  8faxAB_antibody.pdb
Converting SMILES to graph: 287/500
7q9jB_antigen.pdb  7wouDd_antibody.pdb
Converting SMILES to graph: 288/500
7q9jB_antigen.pdb  3ggwBA_antibody.pdb
Converting SMILES to graph: 289/500
7q9jB_antigen.pdb  5f96HL_antibody.pdb
Converting SMILES to graph: 290/500
7q9jB_antigen.pdb  7a17B_antibody.pdb
Converting SMILES to graph: 291/500
7q9jB_antigen.pdb  7nktB_antibody.pdb
Converting SMILES to graph: 292/500
7q9kC_antigen.pdb  5uemHL_antibody.pdb
Converting SMILES to graph: 293/500
7q9kC_antigen.pdb  5dhyHL_antibody.pdb
Converting SMILES to graph: 294/500
7q9kC_antigen.pdb  3d85BA_antibody.pdb
Converting SMILES to graph: 295/500
7q9kC_antigen.pdb  7zw1C_antibody.pdb
Converting SMILES to graph: 296/500
7q9kC_antigen.pdb  8dadHL_antibody.pdb
Converting SMILES to graph: 297/500
7q9kC_antigen.pdb  4lvnCB_antibody.pdb
Converting SMILES to graph: 298/500
7q9mB_antigen.pdb  8cy9D_antibody.pdb
Converting SMILES to graph: 299/500
7q9mB_antigen.pdb  7apjB_antibody.pdb
Converting SMILES to graph: 300/500
7q9mB_antigen.pdb  5w9iCD_antibody.pdb
Converting SMILES to graph: 301/500
7q9mB_antigen.pdb  6vn1JN_antibody.pdb
Converting SMILES to graph: 302/500
7q9mB_antigen.pdb  7d0cGF_antibody.pdb
Converting SMILES to graph: 303/500
7q9mB_antigen.pdb  7tuzEe_antibody.pdb
Converting SMILES to graph: 304/500
7q9pB_antigen.pdb  8eayHL_antibody.pdb
Converting SMILES to graph: 305/500
7q9pB_antigen.pdb  6opoHL_antibody.pdb
Converting SMILES to graph: 306/500
7q9pB_antigen.pdb  5j75Aa_antibody.pdb
Converting SMILES to graph: 307/500
7q9pB_antigen.pdb  7zxfDE_antibody.pdb
Converting SMILES to graph: 308/500
7q9pB_antigen.pdb  5lwyHL_antibody.pdb
Converting SMILES to graph: 309/500
7q9pB_antigen.pdb  7ws6IH_antibody.pdb
Converting SMILES to graph: 310/500
7qbdBA_antigen.pdb  7kn6C_antibody.pdb
Converting SMILES to graph: 311/500
7qbdBA_antigen.pdb  6udaKL_antibody.pdb
Converting SMILES to graph: 312/500
7qbdBA_antigen.pdb  4xpfHL_antibody.pdb
Converting SMILES to graph: 313/500
7qbdBA_antigen.pdb  2vyrE_antibody.pdb
Converting SMILES to graph: 314/500
7qbdBA_antigen.pdb  7kqhHL_antibody.pdb
Converting SMILES to graph: 315/500
7qbdBA_antigen.pdb  7rsoIK_antibody.pdb
Converting SMILES to graph: 316/500
7qbeA_antigen.pdb  4lu5IM_antibody.pdb
Converting SMILES to graph: 317/500
7qbeA_antigen.pdb  5jmoC_antibody.pdb
Converting SMILES to graph: 318/500
7qbeA_antigen.pdb  4eigB_antibody.pdb
Converting SMILES to graph: 319/500
7qbeA_antigen.pdb  7lrsDE_antibody.pdb
Converting SMILES to graph: 320/500
7qbeA_antigen.pdb  3l5wBA_antibody.pdb
Converting SMILES to graph: 321/500
7qbfA_antigen.pdb  7epuAa_antibody.pdb
Converting SMILES to graph: 322/500
7qbfA_antigen.pdb  7uklXY_antibody.pdb
Converting SMILES to graph: 323/500
7qbfA_antigen.pdb  3egsBA_antibody.pdb
Converting SMILES to graph: 324/500
7qbfA_antigen.pdb  7u5bAB_antibody.pdb
Converting SMILES to graph: 325/500
7qbfA_antigen.pdb  3rvxDC_antibody.pdb
Converting SMILES to graph: 326/500
7qbfA_antigen.pdb  1bj1HL_antibody.pdb
Converting SMILES to graph: 327/500
7qbgCB_antigen.pdb  6nmrAB_antibody.pdb
Converting SMILES to graph: 328/500
7qbgCB_antigen.pdb  6svlOP_antibody.pdb
Converting SMILES to graph: 329/500
7qbgCB_antigen.pdb  5o14CD_antibody.pdb
Converting SMILES to graph: 330/500
7qbgCB_antigen.pdb  5k9oHL_antibody.pdb
Converting SMILES to graph: 331/500
7qbgCB_antigen.pdb  3tjeHL_antibody.pdb
Converting SMILES to graph: 332/500
7qbgCB_antigen.pdb  7vytBC_antibody.pdb
Converting SMILES to graph: 333/500
7qcqB_antigen.pdb  4kk6EF_antibody.pdb
Converting SMILES to graph: 334/500
7qcqB_antigen.pdb  8hdpN_antibody.pdb
Converting SMILES to graph: 335/500
7qcqB_antigen.pdb  8fb7AB_antibody.pdb
Converting SMILES to graph: 336/500
7qcqB_antigen.pdb  8hqmHh_antibody.pdb
Converting SMILES to graph: 337/500
7qcqB_antigen.pdb  5if0AB_antibody.pdb
Converting SMILES to graph: 338/500
7qcqB_antigen.pdb  2xzqHL_antibody.pdb
Converting SMILES to graph: 339/500
7qe5A_antigen.pdb  7m7gEF_antibody.pdb
Converting SMILES to graph: 340/500
7qe5A_antigen.pdb  6az2CE_antibody.pdb
Converting SMILES to graph: 341/500
7qe5A_antigen.pdb  1tzhBA_antibody.pdb
Converting SMILES to graph: 342/500
7qe5A_antigen.pdb  6nc3HL_antibody.pdb
Converting SMILES to graph: 343/500
7qe5A_antigen.pdb  7yu3Ss_antibody.pdb
Converting SMILES to graph: 344/500
7qezA_antigen.pdb  7n64HL_antibody.pdb
Converting SMILES to graph: 345/500
7qezA_antigen.pdb  6iapHL_antibody.pdb
Converting SMILES to graph: 346/500
7qezA_antigen.pdb  7canA_antibody.pdb
Converting SMILES to graph: 347/500
7qezA_antigen.pdb  7kn6C_antibody.pdb
Converting SMILES to graph: 348/500
7qezA_antigen.pdb  8fd1C_antibody.pdb
Converting SMILES to graph: 349/500
7qf0A_antigen.pdb  3fkuUu_antibody.pdb
Converting SMILES to graph: 350/500
7qf0A_antigen.pdb  6vyhDC_antibody.pdb
Converting SMILES to graph: 351/500
7qf0A_antigen.pdb  7s3mHL_antibody.pdb
Converting SMILES to graph: 352/500
7qf0A_antigen.pdb  7d00JN_antibody.pdb
Converting SMILES to graph: 353/500
7qf0A_antigen.pdb  7yu3Ss_antibody.pdb
Converting SMILES to graph: 354/500
7qf0A_antigen.pdb  5wk3WV_antibody.pdb
Converting SMILES to graph: 355/500
7qf1A_antigen.pdb  6nnjUV_antibody.pdb
Converting SMILES to graph: 356/500
7qf1A_antigen.pdb  7sr8Ee_antibody.pdb
Converting SMILES to graph: 357/500
7qf1A_antigen.pdb  5vl7HL_antibody.pdb
Converting SMILES to graph: 358/500
7qf1A_antigen.pdb  8dceHh_antibody.pdb
Converting SMILES to graph: 359/500
7qf1A_antigen.pdb  2y6sHL_antibody.pdb
Converting SMILES to graph: 360/500
7qhaBA_antigen.pdb  5jq6HL_antibody.pdb
Converting SMILES to graph: 361/500
7qhaBA_antigen.pdb  7vl8Ss_antibody.pdb
Converting SMILES to graph: 362/500
7qhaBA_antigen.pdb  7pryCD_antibody.pdb
Converting SMILES to graph: 363/500
7qhaBA_antigen.pdb  8b1eB_antibody.pdb
Converting SMILES to graph: 364/500
7qhaBA_antigen.pdb  7rnnC_antibody.pdb
Converting SMILES to graph: 365/500
7qhaBA_antigen.pdb  6xcjHL_antibody.pdb
Converting SMILES to graph: 366/500
7qiaA_antigen.pdb  5w3eEG_antibody.pdb
Converting SMILES to graph: 367/500
7qiaA_antigen.pdb  8ghvSs_antibody.pdb
Converting SMILES to graph: 368/500
7qiaA_antigen.pdb  5jq6HL_antibody.pdb
Converting SMILES to graph: 369/500
7qiaA_antigen.pdb  7wigSs_antibody.pdb
Converting SMILES to graph: 370/500
7qiaA_antigen.pdb  4janAB_antibody.pdb
Converting SMILES to graph: 371/500
7qiaA_antigen.pdb  4j4pHL_antibody.pdb
Converting SMILES to graph: 372/500
7qicA_antigen.pdb  7kfvFG_antibody.pdb
Converting SMILES to graph: 373/500
7qicA_antigen.pdb  7vvjN_antibody.pdb
Converting SMILES to graph: 374/500
7qicA_antigen.pdb  6wqoBC_antibody.pdb
Converting SMILES to graph: 375/500
7qicA_antigen.pdb  5b8cBA_antibody.pdb
Converting SMILES to graph: 376/500
7qicA_antigen.pdb  3v52HL_antibody.pdb
Converting SMILES to graph: 377/500
7qicA_antigen.pdb  7urqHL_antibody.pdb
Converting SMILES to graph: 378/500
7qivBA_antigen.pdb  8g2yN_antibody.pdb
Converting SMILES to graph: 379/500
7qivBA_antigen.pdb  6yxmHL_antibody.pdb
Converting SMILES to graph: 380/500
7qivBA_antigen.pdb  8g8wB_antibody.pdb
Converting SMILES to graph: 381/500
7qivBA_antigen.pdb  7q6zB_antibody.pdb
Converting SMILES to graph: 382/500
7qivBA_antigen.pdb  5gznCD_antibody.pdb
Converting SMILES to graph: 383/500
7qivBA_antigen.pdb  7xldB_antibody.pdb
Converting SMILES to graph: 384/500
7qjiA_antigen.pdb  7mzhBC_antibody.pdb
Converting SMILES to graph: 385/500
7qjiA_antigen.pdb  5m30D_antibody.pdb
Converting SMILES to graph: 386/500
7qjiA_antigen.pdb  6udjHI_antibody.pdb
Converting SMILES to graph: 387/500
7qjiA_antigen.pdb  4nzrHL_antibody.pdb
Converting SMILES to graph: 388/500
7qjiA_antigen.pdb  8dzvAa_antibody.pdb
Converting SMILES to graph: 389/500
7qjiA_antigen.pdb  4yzfGH_antibody.pdb
Converting SMILES to graph: 390/500
7qjjA_antigen.pdb  8fb8HL_antibody.pdb
Converting SMILES to graph: 391/500
7qjjA_antigen.pdb  7nktB_antibody.pdb
Converting SMILES to graph: 392/500
7qjjA_antigen.pdb  8cwkHL_antibody.pdb
Converting SMILES to graph: 393/500
7qjjA_antigen.pdb  7weaHL_antibody.pdb
Converting SMILES to graph: 394/500
7qjjA_antigen.pdb  7dk6ab_antibody.pdb
Converting SMILES to graph: 395/500
7qjjA_antigen.pdb  7ugqGJ_antibody.pdb
Converting SMILES to graph: 396/500
7qn5C_antigen.pdb  7czrHK_antibody.pdb
Converting SMILES to graph: 397/500
7qn5C_antigen.pdb  7r8uHL_antibody.pdb
Converting SMILES to graph: 398/500
7qn5C_antigen.pdb  5th9JN_antibody.pdb
Converting SMILES to graph: 399/500
7qn5C_antigen.pdb  5ueaHL_antibody.pdb
Converting SMILES to graph: 400/500
7qn5C_antigen.pdb  4g6fHL_antibody.pdb
Converting SMILES to graph: 401/500
7qn5C_antigen.pdb  1j1xHL_antibody.pdb
Converting SMILES to graph: 402/500
7qn6D_antigen.pdb  3kj6HL_antibody.pdb
Converting SMILES to graph: 403/500
7qn6D_antigen.pdb  2bocAB_antibody.pdb
Converting SMILES to graph: 404/500
7qn6D_antigen.pdb  8dgxHL_antibody.pdb
Converting SMILES to graph: 405/500
7qn6D_antigen.pdb  7t9bJK_antibody.pdb
Converting SMILES to graph: 406/500
7qn6D_antigen.pdb  8id4Ss_antibody.pdb
Converting SMILES to graph: 407/500
7qn7D_antigen.pdb  5cjxAC_antibody.pdb
Converting SMILES to graph: 408/500
7qn7D_antigen.pdb  7lx3HL_antibody.pdb
Converting SMILES to graph: 409/500
7qn7D_antigen.pdb  4fhbD_antibody.pdb
Converting SMILES to graph: 410/500
7qn7D_antigen.pdb  8g85HL_antibody.pdb
Converting SMILES to graph: 411/500
7qn7D_antigen.pdb  8gocDE_antibody.pdb
Converting SMILES to graph: 412/500
7qn7D_antigen.pdb  6bfqHL_antibody.pdb
Converting SMILES to graph: 413/500
7qn8B_antigen.pdb  6w03HL_antibody.pdb
Converting SMILES to graph: 414/500
7qn8B_antigen.pdb  5f93H_antibody.pdb
Converting SMILES to graph: 415/500
7qn8B_antigen.pdb  7tgiB_antibody.pdb
Converting SMILES to graph: 416/500
7qn8B_antigen.pdb  6uyfHL_antibody.pdb
Converting SMILES to graph: 417/500
7qn8B_antigen.pdb  7yajC_antibody.pdb
Converting SMILES to graph: 418/500
7qn8B_antigen.pdb  8flsN_antibody.pdb
Converting SMILES to graph: 419/500
7qn9C_antigen.pdb  7sk8DC_antibody.pdb
Converting SMILES to graph: 420/500
7qn9C_antigen.pdb  6fyuI_antibody.pdb
Converting SMILES to graph: 421/500
7qn9C_antigen.pdb  7wosDd_antibody.pdb
Converting SMILES to graph: 422/500
7qn9C_antigen.pdb  7y27Dd_antibody.pdb
Converting SMILES to graph: 423/500
7qn9C_antigen.pdb  7uz5HL_antibody.pdb
Converting SMILES to graph: 424/500
7qn9C_antigen.pdb  7sjnDE_antibody.pdb
Converting SMILES to graph: 425/500
7qnaED_antigen.pdb  8hc3HL_antibody.pdb
Converting SMILES to graph: 426/500
7qnaED_antigen.pdb  8cyaD_antibody.pdb
Converting SMILES to graph: 427/500
7qnaED_antigen.pdb  7dzyOP_antibody.pdb
Converting SMILES to graph: 428/500
7qnaED_antigen.pdb  7uvfHL_antibody.pdb
Converting SMILES to graph: 429/500
7qnaED_antigen.pdb  6ad8CD_antibody.pdb
Converting SMILES to graph: 430/500
7qnaED_antigen.pdb  4yxkHL_antibody.pdb
Converting SMILES to graph: 431/500
7qnbED_antigen.pdb  4q6iHL_antibody.pdb
Converting SMILES to graph: 432/500
7qnbED_antigen.pdb  6nfvAB_antibody.pdb
Converting SMILES to graph: 433/500
7qnbED_antigen.pdb  2qr0RQ_antibody.pdb
Converting SMILES to graph: 434/500
7qnbED_antigen.pdb  7sobGI_antibody.pdb
Converting SMILES to graph: 435/500
7qnbED_antigen.pdb  5f96HL_antibody.pdb
Converting SMILES to graph: 436/500
7qncD_antigen.pdb  7dh5N_antibody.pdb
Converting SMILES to graph: 437/500
7qncD_antigen.pdb  6udkMN_antibody.pdb
Converting SMILES to graph: 438/500
7qncD_antigen.pdb  7lwdHL_antibody.pdb
Converting SMILES to graph: 439/500
7qncD_antigen.pdb  1op9A_antibody.pdb
Converting SMILES to graph: 440/500
7qncD_antigen.pdb  7yqxHF_antibody.pdb
Converting SMILES to graph: 441/500
7qncD_antigen.pdb  6sniHL_antibody.pdb
Converting SMILES to graph: 442/500
7qndD_antigen.pdb  6oyaN_antibody.pdb
Converting SMILES to graph: 443/500
7qndD_antigen.pdb  4g6aCD_antibody.pdb
Converting SMILES to graph: 444/500
7qndD_antigen.pdb  4yqxHL_antibody.pdb
Converting SMILES to graph: 445/500
7qndD_antigen.pdb  6k5fCD_antibody.pdb
Converting SMILES to graph: 446/500
7qndD_antigen.pdb  7vaeHL_antibody.pdb
Converting SMILES to graph: 447/500
7qneAE_antigen.pdb  4leoAB_antibody.pdb
Converting SMILES to graph: 448/500
7qneAE_antigen.pdb  7zf4F_antibody.pdb
Converting SMILES to graph: 449/500
7qneAE_antigen.pdb  7lr4AB_antibody.pdb
Converting SMILES to graph: 450/500
7qneAE_antigen.pdb  8t06CD_antibody.pdb
Converting SMILES to graph: 451/500
7qneAE_antigen.pdb  7btsB_antibody.pdb
Converting SMILES to graph: 452/500
7qneAE_antigen.pdb  7kn6C_antibody.pdb
Converting SMILES to graph: 453/500
7qnwE_antigen.pdb  6r8xCB_antibody.pdb
Converting SMILES to graph: 454/500
7qnwE_antigen.pdb  3pjsDC_antibody.pdb
Converting SMILES to graph: 455/500
7qnwE_antigen.pdb  4rgnBC_antibody.pdb
Converting SMILES to graph: 456/500
7qnwE_antigen.pdb  7wslHL_antibody.pdb
Converting SMILES to graph: 457/500
7qnwE_antigen.pdb  1uacHL_antibody.pdb
Converting SMILES to graph: 458/500
7qnwE_antigen.pdb  7vifEe_antibody.pdb
Converting SMILES to graph: 459/500
7qnxE_antigen.pdb  7vgzFf_antibody.pdb
Converting SMILES to graph: 460/500
7qnxE_antigen.pdb  8jspEe_antibody.pdb
Converting SMILES to graph: 461/500
7qnxE_antigen.pdb  4hixHL_antibody.pdb
Converting SMILES to graph: 462/500
7qnxE_antigen.pdb  1lk3IM_antibody.pdb
Converting SMILES to graph: 463/500
7qnxE_antigen.pdb  4p3cHL_antibody.pdb
Converting SMILES to graph: 464/500
7qnxE_antigen.pdb  7czrHK_antibody.pdb
Converting SMILES to graph: 465/500
7qnyE_antigen.pdb  6x8sHL_antibody.pdb
Converting SMILES to graph: 466/500
7qnyE_antigen.pdb  6nfvAB_antibody.pdb
Converting SMILES to graph: 467/500
7qnyE_antigen.pdb  7nfqD_antibody.pdb
Converting SMILES to graph: 468/500
7qnyE_antigen.pdb  8dl6DC_antibody.pdb
Converting SMILES to graph: 469/500
7qnyE_antigen.pdb  3j8wFJ_antibody.pdb
Converting SMILES to graph: 470/500
7qnyE_antigen.pdb  3jcxHL_antibody.pdb
Converting SMILES to graph: 471/500
7qtiK_antigen.pdb  8f9wAB_antibody.pdb
Converting SMILES to graph: 472/500
7qtiK_antigen.pdb  5b71DC_antibody.pdb
Converting SMILES to graph: 473/500
7qtiK_antigen.pdb  7e9hDd_antibody.pdb
Converting SMILES to graph: 474/500
7qtiK_antigen.pdb  7jooHL_antibody.pdb
Converting SMILES to graph: 475/500
7qtiK_antigen.pdb  8gooDE_antibody.pdb
Converting SMILES to graph: 476/500
7qtiK_antigen.pdb  3hb3CD_antibody.pdb
Converting SMILES to graph: 477/500
7qtjA_antigen.pdb  3or6AB_antibody.pdb
Converting SMILES to graph: 478/500
7qtjA_antigen.pdb  4hs8HL_antibody.pdb
Converting SMILES to graph: 479/500
7qtjA_antigen.pdb  6raiC_antibody.pdb
Converting SMILES to graph: 480/500
7qtjA_antigen.pdb  3thmHL_antibody.pdb
Converting SMILES to graph: 481/500
7qtjA_antigen.pdb  7re7HL_antibody.pdb
Converting SMILES to graph: 482/500
7qtjA_antigen.pdb  4xpaHL_antibody.pdb
Converting SMILES to graph: 483/500
7qtkD_antigen.pdb  6gffNM_antibody.pdb
Converting SMILES to graph: 484/500
7qtkD_antigen.pdb  8ezlHh_antibody.pdb
Converting SMILES to graph: 485/500
7qtkD_antigen.pdb  8dttAB_antibody.pdb
Converting SMILES to graph: 486/500
7qtkD_antigen.pdb  5npiAa_antibody.pdb
Converting SMILES to graph: 487/500
7qtkD_antigen.pdb  6zbvB_antibody.pdb
Converting SMILES to graph: 488/500
7qtkD_antigen.pdb  5w3pHL_antibody.pdb
Converting SMILES to graph: 489/500
7qu1C_antigen.pdb  7ew7Ee_antibody.pdb
Converting SMILES to graph: 490/500
7qu1C_antigen.pdb  7wg3EA_antibody.pdb
Converting SMILES to graph: 491/500
7qu1C_antigen.pdb  7xeiCD_antibody.pdb
Converting SMILES to graph: 492/500
7qu1C_antigen.pdb  5vocHL_antibody.pdb
Converting SMILES to graph: 493/500
7qu1C_antigen.pdb  3ejyCD_antibody.pdb
Converting SMILES to graph: 494/500
7qu1C_antigen.pdb  1xgtBA_antibody.pdb
Converting SMILES to graph: 495/500
7qu2C_antigen.pdb  7qn7G_antibody.pdb
Converting SMILES to graph: 496/500
7qu2C_antigen.pdb  4gftB_antibody.pdb
Converting SMILES to graph: 497/500
7qu2C_antigen.pdb  7dhiN_antibody.pdb
Converting SMILES to graph: 498/500
7qu2C_antigen.pdb  8f6xDd_antibody.pdb
Converting SMILES to graph: 499/500
7qu2C_antigen.pdb  7sajB_antibody.pdb
Converting SMILES to graph: 500/500
7qu2C_antigen.pdb  5zs0BA_antibody.pdb
Graph construction done. Saving to file.
