Converting SMILES to graph: 1/500
5m2iE_antigen.pdb  8dimBC_antibody.pdb
Converting SMILES to graph: 2/500
5m2iE_antigen.pdb  8cxiHL_antibody.pdb
Converting SMILES to graph: 3/500
5m2iE_antigen.pdb  5gznCD_antibody.pdb
Converting SMILES to graph: 4/500
5m2iE_antigen.pdb  7k9kHL_antibody.pdb
Converting SMILES to graph: 5/500
5m2jA_antigen.pdb  7yxuHL_antibody.pdb
Converting SMILES to graph: 6/500
5m2jA_antigen.pdb  2f58HL_antibody.pdb
Converting SMILES to graph: 7/500
5m2jA_antigen.pdb  7b27C_antibody.pdb
Converting SMILES to graph: 8/500
5m2jA_antigen.pdb  7yvlAC_antibody.pdb
Converting SMILES to graph: 9/500
5m2jA_antigen.pdb  6plhBA_antibody.pdb
Converting SMILES to graph: 10/500
5m2jA_antigen.pdb  6vbqEF_antibody.pdb
Converting SMILES to graph: 11/500
5m2mI_antigen.pdb  7ur6HL_antibody.pdb
Converting SMILES to graph: 12/500
5m2mI_antigen.pdb  7y0vHL_antibody.pdb
Converting SMILES to graph: 13/500
5m2mI_antigen.pdb  4pirH_antibody.pdb
Converting SMILES to graph: 14/500
5m2mI_antigen.pdb  7cbpDE_antibody.pdb
Converting SMILES to graph: 15/500
5m2mI_antigen.pdb  7f4fSs_antibody.pdb
Converting SMILES to graph: 16/500
5m2mI_antigen.pdb  7fjoHL_antibody.pdb
Converting SMILES to graph: 17/500
5m30B_antigen.pdb  8oxwBC_antibody.pdb
Converting SMILES to graph: 18/500
5m30B_antigen.pdb  7b2mD_antibody.pdb
Converting SMILES to graph: 19/500
5m30B_antigen.pdb  7r87CD_antibody.pdb
Converting SMILES to graph: 20/500
5m30B_antigen.pdb  5gzoCD_antibody.pdb
Converting SMILES to graph: 21/500
5m30B_antigen.pdb  8dtoGH_antibody.pdb
Converting SMILES to graph: 22/500
5m30B_antigen.pdb  6jepHL_antibody.pdb
Converting SMILES to graph: 23/500
5m94A_antigen.pdb  4ckdHL_antibody.pdb
Converting SMILES to graph: 24/500
5m94A_antigen.pdb  6txzJN_antibody.pdb
Converting SMILES to graph: 25/500
5m94A_antigen.pdb  5f9wBC_antibody.pdb
Converting SMILES to graph: 26/500
5m94A_antigen.pdb  4cdgD_antibody.pdb
Converting SMILES to graph: 27/500
5m94A_antigen.pdb  3v4pHL_antibody.pdb
Converting SMILES to graph: 28/500
5m94A_antigen.pdb  5vxjD_antibody.pdb
Converting SMILES to graph: 29/500
5m95A_antigen.pdb  8ilxC_antibody.pdb
Converting SMILES to graph: 30/500
5m95A_antigen.pdb  3pjsDC_antibody.pdb
Converting SMILES to graph: 31/500
5m95A_antigen.pdb  6ch9QR_antibody.pdb
Converting SMILES to graph: 32/500
5m95A_antigen.pdb  7y8jHL_antibody.pdb
Converting SMILES to graph: 33/500
5m95A_antigen.pdb  3o45AB_antibody.pdb
Converting SMILES to graph: 34/500
5m95A_antigen.pdb  8dpmHh_antibody.pdb
Converting SMILES to graph: 35/500
5mesA_antigen.pdb  5ig7GH_antibody.pdb
Converting SMILES to graph: 36/500
5mesA_antigen.pdb  6vttHL_antibody.pdb
Converting SMILES to graph: 37/500
5mesA_antigen.pdb  6oc3CD_antibody.pdb
Converting SMILES to graph: 38/500
5mesA_antigen.pdb  1yntDC_antibody.pdb
Converting SMILES to graph: 39/500
5mesA_antigen.pdb  8bbnMN_antibody.pdb
Converting SMILES to graph: 40/500
5mesA_antigen.pdb  1rzjHL_antibody.pdb
Converting SMILES to graph: 41/500
5mevA_antigen.pdb  7oanF_antibody.pdb
Converting SMILES to graph: 42/500
5mevA_antigen.pdb  6b5rHL_antibody.pdb
Converting SMILES to graph: 43/500
5mevA_antigen.pdb  7kbkC_antibody.pdb
Converting SMILES to graph: 44/500
5mevA_antigen.pdb  7ocyC_antibody.pdb
Converting SMILES to graph: 45/500
5mevA_antigen.pdb  7z1dF_antibody.pdb
Converting SMILES to graph: 46/500
5mevA_antigen.pdb  7v4wBA_antibody.pdb
Converting SMILES to graph: 47/500
5mhrE_antigen.pdb  7a4yB_antibody.pdb
Converting SMILES to graph: 48/500
5mhrE_antigen.pdb  7p6kG_antibody.pdb
Converting SMILES to graph: 49/500
5mhrE_antigen.pdb  5iesHL_antibody.pdb
Converting SMILES to graph: 50/500
5mhrE_antigen.pdb  2dqdHL_antibody.pdb
Converting SMILES to graph: 51/500
5mhrE_antigen.pdb  5occHL_antibody.pdb
Converting SMILES to graph: 52/500
5mhrE_antigen.pdb  4kfzD_antibody.pdb
Converting SMILES to graph: 53/500
5mhsBA_antigen.pdb  8hpkHL_antibody.pdb
Converting SMILES to graph: 54/500
5mhsBA_antigen.pdb  3ifnHL_antibody.pdb
Converting SMILES to graph: 55/500
5mhsBA_antigen.pdb  2ipuGK_antibody.pdb
Converting SMILES to graph: 56/500
5mhsBA_antigen.pdb  7qf0HL_antibody.pdb
Converting SMILES to graph: 57/500
5mhsBA_antigen.pdb  7x8qCB_antibody.pdb
Converting SMILES to graph: 58/500
5mhsBA_antigen.pdb  7d0dHL_antibody.pdb
Converting SMILES to graph: 59/500
5mi0A_antigen.pdb  7wlyPO_antibody.pdb
Converting SMILES to graph: 60/500
5mi0A_antigen.pdb  6i2gA_antibody.pdb
Converting SMILES to graph: 61/500
5mi0A_antigen.pdb  6c5vHL_antibody.pdb
Converting SMILES to graph: 62/500
5mi0A_antigen.pdb  7k9zHL_antibody.pdb
Converting SMILES to graph: 63/500
5mi0A_antigen.pdb  8dwaHL_antibody.pdb
Converting SMILES to graph: 64/500
5mi0A_antigen.pdb  8eedHL_antibody.pdb
Converting SMILES to graph: 65/500
5mjeA_antigen.pdb  7e9gDd_antibody.pdb
Converting SMILES to graph: 66/500
5mjeA_antigen.pdb  6qb3Xx_antibody.pdb
Converting SMILES to graph: 67/500
5mjeA_antigen.pdb  4ravAB_antibody.pdb
Converting SMILES to graph: 68/500
5mjeA_antigen.pdb  5fhxH_antibody.pdb
Converting SMILES to graph: 69/500
5mjeA_antigen.pdb  1hh9BA_antibody.pdb
Converting SMILES to graph: 70/500
5mjeA_antigen.pdb  7raqHL_antibody.pdb
Converting SMILES to graph: 71/500
5mo3A_antigen.pdb  8h5tB_antibody.pdb
Converting SMILES to graph: 72/500
5mo3A_antigen.pdb  8fymHL_antibody.pdb
Converting SMILES to graph: 73/500
5mo3A_antigen.pdb  6qv2F_antibody.pdb
Converting SMILES to graph: 74/500
5mo3A_antigen.pdb  7v3lDE_antibody.pdb
Converting SMILES to graph: 75/500
5mo3A_antigen.pdb  1bj1HL_antibody.pdb
Converting SMILES to graph: 76/500
5mo3A_antigen.pdb  6yo6C_antibody.pdb
Converting SMILES to graph: 77/500
5mo9X_antigen.pdb  3ehbCD_antibody.pdb
Converting SMILES to graph: 78/500
5mo9X_antigen.pdb  6nb6IM_antibody.pdb
Converting SMILES to graph: 79/500
5mo9X_antigen.pdb  5tpwHL_antibody.pdb
Converting SMILES to graph: 80/500
5mo9X_antigen.pdb  7v6nED_antibody.pdb
Converting SMILES to graph: 81/500
5mo9X_antigen.pdb  8emzB_antibody.pdb
Converting SMILES to graph: 82/500
5mo9X_antigen.pdb  6xoxEe_antibody.pdb
Converting SMILES to graph: 83/500
5mp1E_antigen.pdb  2p43B_antibody.pdb
Converting SMILES to graph: 84/500
5mp1E_antigen.pdb  7uovHL_antibody.pdb
Converting SMILES to graph: 85/500
5mp1E_antigen.pdb  8dwwHL_antibody.pdb
Converting SMILES to graph: 86/500
5mp1E_antigen.pdb  5mo9HL_antibody.pdb
Converting SMILES to graph: 87/500
5mp1E_antigen.pdb  7zr7DE_antibody.pdb
Converting SMILES to graph: 88/500
5mp1E_antigen.pdb  4f9pDd_antibody.pdb
Converting SMILES to graph: 89/500
5mp2B_antigen.pdb  6o8dH_antibody.pdb
Converting SMILES to graph: 90/500
5mp2B_antigen.pdb  7tylN_antibody.pdb
Converting SMILES to graph: 91/500
5mp2B_antigen.pdb  1u91BA_antibody.pdb
Converting SMILES to graph: 92/500
5mp2B_antigen.pdb  6db7IM_antibody.pdb
Converting SMILES to graph: 93/500
5mp2B_antigen.pdb  8duaHL_antibody.pdb
Converting SMILES to graph: 94/500
5mp2B_antigen.pdb  2qr0RQ_antibody.pdb
Converting SMILES to graph: 95/500
5mp3C_antigen.pdb  5hhxHL_antibody.pdb
Converting SMILES to graph: 96/500
5mp3C_antigen.pdb  7czzIM_antibody.pdb
Converting SMILES to graph: 97/500
5mp3C_antigen.pdb  7t6vEe_antibody.pdb
Converting SMILES to graph: 98/500
5mp3C_antigen.pdb  7pivN_antibody.pdb
Converting SMILES to graph: 99/500
5mp3C_antigen.pdb  7v7kBA_antibody.pdb
Converting SMILES to graph: 100/500
5mp3C_antigen.pdb  5wuxCD_antibody.pdb
Converting SMILES to graph: 101/500
5mp5K_antigen.pdb  8h4iD_antibody.pdb
Converting SMILES to graph: 102/500
5mp5K_antigen.pdb  7r8nMN_antibody.pdb
Converting SMILES to graph: 103/500
5mp5K_antigen.pdb  6mqeAB_antibody.pdb
Converting SMILES to graph: 104/500
5mp5K_antigen.pdb  2ibzXY_antibody.pdb
Converting SMILES to graph: 105/500
5mp5K_antigen.pdb  6r0xCD_antibody.pdb
Converting SMILES to graph: 106/500
5mp5K_antigen.pdb  7tyvHL_antibody.pdb
Converting SMILES to graph: 107/500
5mu0Q_antigen.pdb  6zhdD_antibody.pdb
Converting SMILES to graph: 108/500
5mu0Q_antigen.pdb  6wwcDH_antibody.pdb
Converting SMILES to graph: 109/500
5mu0Q_antigen.pdb  3r08HL_antibody.pdb
Converting SMILES to graph: 110/500
5mu0Q_antigen.pdb  6ujbEF_antibody.pdb
Converting SMILES to graph: 111/500
5mu0Q_antigen.pdb  7t8wHL_antibody.pdb
Converting SMILES to graph: 112/500
5mu0Q_antigen.pdb  7k3aLK_antibody.pdb
Converting SMILES to graph: 113/500
5mu2U_antigen.pdb  7cqdIM_antibody.pdb
Converting SMILES to graph: 114/500
5mu2U_antigen.pdb  8bseHL_antibody.pdb
Converting SMILES to graph: 115/500
5mu2U_antigen.pdb  6c08DE_antibody.pdb
Converting SMILES to graph: 116/500
5mu2U_antigen.pdb  7f4fSs_antibody.pdb
Converting SMILES to graph: 117/500
5mu2U_antigen.pdb  8dpmHh_antibody.pdb
Converting SMILES to graph: 118/500
5mu2U_antigen.pdb  6x5bIF_antibody.pdb
Converting SMILES to graph: 119/500
5mubK_antigen.pdb  7txwHL_antibody.pdb
Converting SMILES to graph: 120/500
5mubK_antigen.pdb  5t5fHL_antibody.pdb
Converting SMILES to graph: 121/500
5mubK_antigen.pdb  4yr6AB_antibody.pdb
Converting SMILES to graph: 122/500
5mubK_antigen.pdb  7wk0AB_antibody.pdb
Converting SMILES to graph: 123/500
5mubK_antigen.pdb  8gpuHL_antibody.pdb
Converting SMILES to graph: 124/500
5mubK_antigen.pdb  7amqHL_antibody.pdb
Converting SMILES to graph: 125/500
5mv3E_antigen.pdb  6zrvB_antibody.pdb
Converting SMILES to graph: 126/500
5mv3E_antigen.pdb  7ra8CD_antibody.pdb
Converting SMILES to graph: 127/500
5mv3E_antigen.pdb  6a79HL_antibody.pdb
Converting SMILES to graph: 128/500
5mv3E_antigen.pdb  5f8qC_antibody.pdb
Converting SMILES to graph: 129/500
5mv3E_antigen.pdb  7k8sHL_antibody.pdb
Converting SMILES to graph: 130/500
5mv3E_antigen.pdb  6s0yA_antibody.pdb
Converting SMILES to graph: 131/500
5mv4K_antigen.pdb  7y0cAB_antibody.pdb
Converting SMILES to graph: 132/500
5mv4K_antigen.pdb  4dk3A_antibody.pdb
Converting SMILES to graph: 133/500
5mv4K_antigen.pdb  7dnlHL_antibody.pdb
Converting SMILES to graph: 134/500
5mv4K_antigen.pdb  7rkyDd_antibody.pdb
Converting SMILES to graph: 135/500
5mv4K_antigen.pdb  7wicSs_antibody.pdb
Converting SMILES to graph: 136/500
5mv4K_antigen.pdb  4bz2HL_antibody.pdb
Converting SMILES to graph: 137/500
5mvzU_antigen.pdb  7tp4HL_antibody.pdb
Converting SMILES to graph: 138/500
5mvzU_antigen.pdb  7nftC_antibody.pdb
Converting SMILES to graph: 139/500
5mvzU_antigen.pdb  7cmkHL_antibody.pdb
Converting SMILES to graph: 140/500
5mvzU_antigen.pdb  5u3nHL_antibody.pdb
Converting SMILES to graph: 141/500
5mvzU_antigen.pdb  6ea7MN_antibody.pdb
Converting SMILES to graph: 142/500
5mvzU_antigen.pdb  4orzC_antibody.pdb
Converting SMILES to graph: 143/500
5mwnA_antigen.pdb  3droBA_antibody.pdb
Converting SMILES to graph: 144/500
5mwnA_antigen.pdb  3v7aEH_antibody.pdb
Converting SMILES to graph: 145/500
5mwnA_antigen.pdb  6q18HL_antibody.pdb
Converting SMILES to graph: 146/500
5mwnA_antigen.pdb  8hcaDE_antibody.pdb
Converting SMILES to graph: 147/500
5mwnA_antigen.pdb  7uz9HL_antibody.pdb
Converting SMILES to graph: 148/500
5mwnA_antigen.pdb  4zypNO_antibody.pdb
Converting SMILES to graph: 149/500
5my4C_antigen.pdb  7wuhDF_antibody.pdb
Converting SMILES to graph: 150/500
5my4C_antigen.pdb  7mjsHL_antibody.pdb
Converting SMILES to graph: 151/500
5my4C_antigen.pdb  6avuHL_antibody.pdb
Converting SMILES to graph: 152/500
5my4C_antigen.pdb  4i18HL_antibody.pdb
Converting SMILES to graph: 153/500
5my4C_antigen.pdb  6i2gA_antibody.pdb
Converting SMILES to graph: 154/500
5my4C_antigen.pdb  2fedCD_antibody.pdb
Converting SMILES to graph: 155/500
5my6A_antigen.pdb  8a99RO_antibody.pdb
Converting SMILES to graph: 156/500
5my6A_antigen.pdb  7a0wCD_antibody.pdb
Converting SMILES to graph: 157/500
5my6A_antigen.pdb  1dqjBA_antibody.pdb
Converting SMILES to graph: 158/500
5my6A_antigen.pdb  6p7hAB_antibody.pdb
Converting SMILES to graph: 159/500
5my6A_antigen.pdb  6ea5MN_antibody.pdb
Converting SMILES to graph: 160/500
5my6A_antigen.pdb  4g80GH_antibody.pdb
Converting SMILES to graph: 161/500
5mykC_antigen.pdb  3ubxHL_antibody.pdb
Converting SMILES to graph: 162/500
5mykC_antigen.pdb  7xjiN_antibody.pdb
Converting SMILES to graph: 163/500
5mykC_antigen.pdb  8d7eFG_antibody.pdb
Converting SMILES to graph: 164/500
5mykC_antigen.pdb  7qn5F_antibody.pdb
Converting SMILES to graph: 165/500
5mykC_antigen.pdb  7nx7HL_antibody.pdb
Converting SMILES to graph: 166/500
5mykC_antigen.pdb  4jfxHL_antibody.pdb
Converting SMILES to graph: 167/500
5myoE_antigen.pdb  6nb6IM_antibody.pdb
Converting SMILES to graph: 168/500
5myoE_antigen.pdb  6bkcHL_antibody.pdb
Converting SMILES to graph: 169/500
5myoE_antigen.pdb  7zqtCD_antibody.pdb
Converting SMILES to graph: 170/500
5myoE_antigen.pdb  8jlqSs_antibody.pdb
Converting SMILES to graph: 171/500
5myoE_antigen.pdb  8a99RO_antibody.pdb
Converting SMILES to graph: 172/500
5myoE_antigen.pdb  4p3dAB_antibody.pdb
Converting SMILES to graph: 173/500
5myxE_antigen.pdb  7d00JN_antibody.pdb
Converting SMILES to graph: 174/500
5myxE_antigen.pdb  5ghwHL_antibody.pdb
Converting SMILES to graph: 175/500
5myxE_antigen.pdb  8ee2C_antibody.pdb
Converting SMILES to graph: 176/500
5myxE_antigen.pdb  8h0pEe_antibody.pdb
Converting SMILES to graph: 177/500
5myxE_antigen.pdb  7rmhN_antibody.pdb
Converting SMILES to graph: 178/500
5myxE_antigen.pdb  4q0xHL_antibody.pdb
Converting SMILES to graph: 179/500
5mzvA_antigen.pdb  4ki5EF_antibody.pdb
Converting SMILES to graph: 180/500
5mzvA_antigen.pdb  8bevB_antibody.pdb
Converting SMILES to graph: 181/500
5mzvA_antigen.pdb  8tfnHL_antibody.pdb
Converting SMILES to graph: 182/500
5mzvA_antigen.pdb  6idlIJ_antibody.pdb
Converting SMILES to graph: 183/500
5mzvA_antigen.pdb  7m7fCD_antibody.pdb
Converting SMILES to graph: 184/500
5mzvA_antigen.pdb  4pouB_antibody.pdb
Converting SMILES to graph: 185/500
5n09B_antigen.pdb  7k93Kk_antibody.pdb
Converting SMILES to graph: 186/500
5n09B_antigen.pdb  4lsuHL_antibody.pdb
Converting SMILES to graph: 187/500
5n09B_antigen.pdb  7fauB_antibody.pdb
Converting SMILES to graph: 188/500
5n09B_antigen.pdb  7xtbN_antibody.pdb
Converting SMILES to graph: 189/500
5n09B_antigen.pdb  4d3cHL_antibody.pdb
Converting SMILES to graph: 190/500
5n09B_antigen.pdb  4wuuED_antibody.pdb
Converting SMILES to graph: 191/500
5n0aA_antigen.pdb  5u3mHL_antibody.pdb
Converting SMILES to graph: 192/500
5n0aA_antigen.pdb  7kqeJM_antibody.pdb
Converting SMILES to graph: 193/500
5n0aA_antigen.pdb  7laaHL_antibody.pdb
Converting SMILES to graph: 194/500
5n0aA_antigen.pdb  7u0pEF_antibody.pdb
Converting SMILES to graph: 195/500
5n0aA_antigen.pdb  2dqgHL_antibody.pdb
Converting SMILES to graph: 196/500
5n0aA_antigen.pdb  7p2dC_antibody.pdb
Converting SMILES to graph: 197/500
5n7bI_antigen.pdb  4xawHL_antibody.pdb
Converting SMILES to graph: 198/500
5n7bI_antigen.pdb  7k5yMm_antibody.pdb
Converting SMILES to graph: 199/500
5n7bI_antigen.pdb  6bfsHL_antibody.pdb
Converting SMILES to graph: 200/500
5n7bI_antigen.pdb  4lgrB_antibody.pdb
Converting SMILES to graph: 201/500
5n7bI_antigen.pdb  7epbC_antibody.pdb
Converting SMILES to graph: 202/500
5n7bI_antigen.pdb  8emzB_antibody.pdb
Converting SMILES to graph: 203/500
5n7wX_antigen.pdb  3rajHL_antibody.pdb
Converting SMILES to graph: 204/500
5n7wX_antigen.pdb  3mnwBA_antibody.pdb
Converting SMILES to graph: 205/500
5n7wX_antigen.pdb  6niuIJ_antibody.pdb
Converting SMILES to graph: 206/500
5n7wX_antigen.pdb  5cjoHL_antibody.pdb
Converting SMILES to graph: 207/500
5n7wX_antigen.pdb  5uk1Ii_antibody.pdb
Converting SMILES to graph: 208/500
5n88D_antigen.pdb  8dttAB_antibody.pdb
Converting SMILES to graph: 209/500
5n88D_antigen.pdb  4lgsB_antibody.pdb
Converting SMILES to graph: 210/500
5n88D_antigen.pdb  2fx9HL_antibody.pdb
Converting SMILES to graph: 211/500
5n88D_antigen.pdb  6c5wE_antibody.pdb
Converting SMILES to graph: 212/500
5n88D_antigen.pdb  7l1uHh_antibody.pdb
Converting SMILES to graph: 213/500
5n88D_antigen.pdb  8eedHL_antibody.pdb
Converting SMILES to graph: 214/500
5nbdBA_antigen.pdb  7uz9HL_antibody.pdb
Converting SMILES to graph: 215/500
5nbdBA_antigen.pdb  7tprH_antibody.pdb
Converting SMILES to graph: 216/500
5nbdBA_antigen.pdb  4dn4HL_antibody.pdb
Converting SMILES to graph: 217/500
5nbdBA_antigen.pdb  7ndbHL_antibody.pdb
Converting SMILES to graph: 218/500
5nbdBA_antigen.pdb  3ejzCD_antibody.pdb
Converting SMILES to graph: 219/500
5nbdBA_antigen.pdb  7cdjHL_antibody.pdb
Converting SMILES to graph: 220/500
5nblCB_antigen.pdb  7s8nEe_antibody.pdb
Converting SMILES to graph: 221/500
5nblCB_antigen.pdb  6qb4Xx_antibody.pdb
Converting SMILES to graph: 222/500
5nblCB_antigen.pdb  7sjsHL_antibody.pdb
Converting SMILES to graph: 223/500
5nblCB_antigen.pdb  7usvD_antibody.pdb
Converting SMILES to graph: 224/500
5nblCB_antigen.pdb  8sbbB_antibody.pdb
Converting SMILES to graph: 225/500
5nblCB_antigen.pdb  6m3zHL_antibody.pdb
Converting SMILES to graph: 226/500
5nbmCB_antigen.pdb  7f6zHL_antibody.pdb
Converting SMILES to graph: 227/500
5nbmCB_antigen.pdb  6a79HL_antibody.pdb
Converting SMILES to graph: 228/500
5nbmCB_antigen.pdb  5x8lGL_antibody.pdb
Converting SMILES to graph: 229/500
5nbmCB_antigen.pdb  7ly9BC_antibody.pdb
Converting SMILES to graph: 230/500
5nbmCB_antigen.pdb  7yv7FE_antibody.pdb
Converting SMILES to graph: 231/500
5nbmCB_antigen.pdb  5w3eEG_antibody.pdb
Converting SMILES to graph: 232/500
5ngvA_antigen.pdb  8bpkB_antibody.pdb
Converting SMILES to graph: 233/500
5ngvA_antigen.pdb  6n4bSs_antibody.pdb
Converting SMILES to graph: 234/500
5ngvA_antigen.pdb  4liqHL_antibody.pdb
Converting SMILES to graph: 235/500
5ngvA_antigen.pdb  4jpvHL_antibody.pdb
Converting SMILES to graph: 236/500
5ngvA_antigen.pdb  7ufoHL_antibody.pdb
Converting SMILES to graph: 237/500
5ngvA_antigen.pdb  7urvDd_antibody.pdb
Converting SMILES to graph: 238/500
5nh3B_antigen.pdb  4rauBA_antibody.pdb
Converting SMILES to graph: 239/500
5nh3B_antigen.pdb  7cyhED_antibody.pdb
Converting SMILES to graph: 240/500
5nh3B_antigen.pdb  7nehHL_antibody.pdb
Converting SMILES to graph: 241/500
5nh3B_antigen.pdb  7ul4D_antibody.pdb
Converting SMILES to graph: 242/500
5nh3B_antigen.pdb  5whkHL_antibody.pdb
Converting SMILES to graph: 243/500
5nhrD_antigen.pdb  7yxuHL_antibody.pdb
Converting SMILES to graph: 244/500
5nhrD_antigen.pdb  7negHL_antibody.pdb
Converting SMILES to graph: 245/500
5nhrD_antigen.pdb  4yo0CD_antibody.pdb
Converting SMILES to graph: 246/500
5nhrD_antigen.pdb  1kxqG_antibody.pdb
Converting SMILES to graph: 247/500
5nhrD_antigen.pdb  7wogAB_antibody.pdb
Converting SMILES to graph: 248/500
5nhrD_antigen.pdb  4rgnBC_antibody.pdb
Converting SMILES to graph: 249/500
5nj3B_antigen.pdb  5c1mB_antibody.pdb
Converting SMILES to graph: 250/500
5nj3B_antigen.pdb  2dqgHL_antibody.pdb
Converting SMILES to graph: 251/500
5nj3B_antigen.pdb  7rfcAB_antibody.pdb
Converting SMILES to graph: 252/500
5nj3B_antigen.pdb  4n9oB_antibody.pdb
Converting SMILES to graph: 253/500
5nj3B_antigen.pdb  7nmuC_antibody.pdb
Converting SMILES to graph: 254/500
5nj3B_antigen.pdb  7euoSs_antibody.pdb
Converting SMILES to graph: 255/500
5nj6A_antigen.pdb  7srrEe_antibody.pdb
Converting SMILES to graph: 256/500
5nj6A_antigen.pdb  5vyfBA_antibody.pdb
Converting SMILES to graph: 257/500
5nj6A_antigen.pdb  5xj3AB_antibody.pdb
Converting SMILES to graph: 258/500
5nj6A_antigen.pdb  4nhhOQ_antibody.pdb
Converting SMILES to graph: 259/500
5nj6A_antigen.pdb  7xqvB_antibody.pdb
Converting SMILES to graph: 260/500
5nj6A_antigen.pdb  7s1bHL_antibody.pdb
Converting SMILES to graph: 261/500
5njdGF_antigen.pdb  8ds5CB_antibody.pdb
Converting SMILES to graph: 262/500
5njdGF_antigen.pdb  5f9dC_antibody.pdb
Converting SMILES to graph: 263/500
5njdGF_antigen.pdb  3lzfHL_antibody.pdb
Converting SMILES to graph: 264/500
5njdGF_antigen.pdb  5vzyHL_antibody.pdb
Converting SMILES to graph: 265/500
5njdGF_antigen.pdb  8en3C_antibody.pdb
Converting SMILES to graph: 266/500
5njdGF_antigen.pdb  2f58HL_antibody.pdb
Converting SMILES to graph: 267/500
5njgA_antigen.pdb  6mdtDE_antibody.pdb
Converting SMILES to graph: 268/500
5njgA_antigen.pdb  7r8mHL_antibody.pdb
Converting SMILES to graph: 269/500
5njgA_antigen.pdb  7qneG_antibody.pdb
Converting SMILES to graph: 270/500
5njgA_antigen.pdb  6b3mCD_antibody.pdb
Converting SMILES to graph: 271/500
5njgA_antigen.pdb  8j6dHh_antibody.pdb
Converting SMILES to graph: 272/500
5njgA_antigen.pdb  6wnoEF_antibody.pdb
Converting SMILES to graph: 273/500
5nmvK_antigen.pdb  6wo4HL_antibody.pdb
Converting SMILES to graph: 274/500
5nmvK_antigen.pdb  4k94HL_antibody.pdb
Converting SMILES to graph: 275/500
5nmvK_antigen.pdb  7lqvHL_antibody.pdb
Converting SMILES to graph: 276/500
5nmvK_antigen.pdb  7mk6AB_antibody.pdb
Converting SMILES to graph: 277/500
5nmvK_antigen.pdb  6nf5GI_antibody.pdb
Converting SMILES to graph: 278/500
5nmvK_antigen.pdb  7pa6Kk_antibody.pdb
Converting SMILES to graph: 279/500
5nphA_antigen.pdb  7xouN_antibody.pdb
Converting SMILES to graph: 280/500
5nphA_antigen.pdb  8dkxAB_antibody.pdb
Converting SMILES to graph: 281/500
5nphA_antigen.pdb  7amqHL_antibody.pdb
Converting SMILES to graph: 282/500
5nphA_antigen.pdb  5js9AB_antibody.pdb
Converting SMILES to graph: 283/500
5nphA_antigen.pdb  5w3eEG_antibody.pdb
Converting SMILES to graph: 284/500
5nphA_antigen.pdb  7vytBC_antibody.pdb
Converting SMILES to graph: 285/500
5npiD_antigen.pdb  6udaKL_antibody.pdb
Converting SMILES to graph: 286/500
5npiD_antigen.pdb  1ri8A_antibody.pdb
Converting SMILES to graph: 287/500
5npiD_antigen.pdb  1j5oHL_antibody.pdb
Converting SMILES to graph: 288/500
5npiD_antigen.pdb  1p2cBA_antibody.pdb
Converting SMILES to graph: 289/500
5npiD_antigen.pdb  4webHL_antibody.pdb
Converting SMILES to graph: 290/500
5npiD_antigen.pdb  3etbIi_antibody.pdb
Converting SMILES to graph: 291/500
5npjD_antigen.pdb  6rafC_antibody.pdb
Converting SMILES to graph: 292/500
5npjD_antigen.pdb  7k9jHL_antibody.pdb
Converting SMILES to graph: 293/500
5npjD_antigen.pdb  4oluHL_antibody.pdb
Converting SMILES to graph: 294/500
5npjD_antigen.pdb  8eljST_antibody.pdb
Converting SMILES to graph: 295/500
5npjD_antigen.pdb  7x8rN_antibody.pdb
Converting SMILES to graph: 296/500
5npjD_antigen.pdb  7ocjG_antibody.pdb
Converting SMILES to graph: 297/500
5nqwB_antigen.pdb  6chbJK_antibody.pdb
Converting SMILES to graph: 298/500
5nqwB_antigen.pdb  6obeB_antibody.pdb
Converting SMILES to graph: 299/500
5nqwB_antigen.pdb  3effBA_antibody.pdb
Converting SMILES to graph: 300/500
5nqwB_antigen.pdb  7q3rF_antibody.pdb
Converting SMILES to graph: 301/500
5nqwB_antigen.pdb  6sgeD_antibody.pdb
Converting SMILES to graph: 302/500
5nuzD_antigen.pdb  5c6tHL_antibody.pdb
Converting SMILES to graph: 303/500
5nuzD_antigen.pdb  8gb8HL_antibody.pdb
Converting SMILES to graph: 304/500
5nuzD_antigen.pdb  7m7eCD_antibody.pdb
Converting SMILES to graph: 305/500
5nuzD_antigen.pdb  6gwnB_antibody.pdb
Converting SMILES to graph: 306/500
5nuzD_antigen.pdb  4jdtHL_antibody.pdb
Converting SMILES to graph: 307/500
5nuzD_antigen.pdb  7xouN_antibody.pdb
Converting SMILES to graph: 308/500
5o02A_antigen.pdb  1nfdHG_antibody.pdb
Converting SMILES to graph: 309/500
5o02A_antigen.pdb  6v6wDE_antibody.pdb
Converting SMILES to graph: 310/500
5o02A_antigen.pdb  7rd9HL_antibody.pdb
Converting SMILES to graph: 311/500
5o02A_antigen.pdb  8fdoAB_antibody.pdb
Converting SMILES to graph: 312/500
5o02A_antigen.pdb  8w84AB_antibody.pdb
Converting SMILES to graph: 313/500
5o02A_antigen.pdb  6w51OP_antibody.pdb
Converting SMILES to graph: 314/500
5o03A_antigen.pdb  4bz2HL_antibody.pdb
Converting SMILES to graph: 315/500
5o03A_antigen.pdb  6vl8HL_antibody.pdb
Converting SMILES to graph: 316/500
5o03A_antigen.pdb  5w3mEG_antibody.pdb
Converting SMILES to graph: 317/500
5o03A_antigen.pdb  5j9pAB_antibody.pdb
Converting SMILES to graph: 318/500
5o03A_antigen.pdb  7k90MN_antibody.pdb
Converting SMILES to graph: 319/500
5o03A_antigen.pdb  3j8wFJ_antibody.pdb
Converting SMILES to graph: 320/500
5o04A_antigen.pdb  3ogoG_antibody.pdb
Converting SMILES to graph: 321/500
5o04A_antigen.pdb  8ilxC_antibody.pdb
Converting SMILES to graph: 322/500
5o04A_antigen.pdb  5u5mBA_antibody.pdb
Converting SMILES to graph: 323/500
5o04A_antigen.pdb  7pivN_antibody.pdb
Converting SMILES to graph: 324/500
5o04A_antigen.pdb  6cwgD_antibody.pdb
Converting SMILES to graph: 325/500
5o04A_antigen.pdb  8gtqHL_antibody.pdb
Converting SMILES to graph: 326/500
5o05B_antigen.pdb  8jlnSs_antibody.pdb
Converting SMILES to graph: 327/500
5o05B_antigen.pdb  8cw9JB_antibody.pdb
Converting SMILES to graph: 328/500
5o05B_antigen.pdb  7zwfBb_antibody.pdb
Converting SMILES to graph: 329/500
5o05B_antigen.pdb  6fywC_antibody.pdb
Converting SMILES to graph: 330/500
5o05B_antigen.pdb  7ckwN_antibody.pdb
Converting SMILES to graph: 331/500
5o05B_antigen.pdb  6wzlCD_antibody.pdb
Converting SMILES to graph: 332/500
5o0wD_antigen.pdb  5hggT_antibody.pdb
Converting SMILES to graph: 333/500
5o0wD_antigen.pdb  6gciB_antibody.pdb
Converting SMILES to graph: 334/500
5o0wD_antigen.pdb  7yu8Ss_antibody.pdb
Converting SMILES to graph: 335/500
5o0wD_antigen.pdb  5ig7GH_antibody.pdb
Converting SMILES to graph: 336/500
5o0wD_antigen.pdb  6ocaD_antibody.pdb
Converting SMILES to graph: 337/500
5o0wD_antigen.pdb  7p7aA_antibody.pdb
Converting SMILES to graph: 338/500
5o14B_antigen.pdb  5zs0BA_antibody.pdb
Converting SMILES to graph: 339/500
5o14B_antigen.pdb  7wjyBC_antibody.pdb
Converting SMILES to graph: 340/500
5o14B_antigen.pdb  6uteCD_antibody.pdb
Converting SMILES to graph: 341/500
5o14B_antigen.pdb  7a3nHL_antibody.pdb
Converting SMILES to graph: 342/500
5o14B_antigen.pdb  7ox2AL_antibody.pdb
Converting SMILES to graph: 343/500
5o14B_antigen.pdb  7cwtIJ_antibody.pdb
Converting SMILES to graph: 344/500
5o1rA_antigen.pdb  8jlzN_antibody.pdb
Converting SMILES to graph: 345/500
5o1rA_antigen.pdb  7dstE_antibody.pdb
Converting SMILES to graph: 346/500
5o1rA_antigen.pdb  5dfvCD_antibody.pdb
Converting SMILES to graph: 347/500
5o1rA_antigen.pdb  7nd8HL_antibody.pdb
Converting SMILES to graph: 348/500
5o1rA_antigen.pdb  7jozN_antibody.pdb
Converting SMILES to graph: 349/500
5o1rA_antigen.pdb  6s5aHL_antibody.pdb
Converting SMILES to graph: 350/500
5o2uC_antigen.pdb  6x3tJI_antibody.pdb
Converting SMILES to graph: 351/500
5o2uC_antigen.pdb  8w83AB_antibody.pdb
Converting SMILES to graph: 352/500
5o2uC_antigen.pdb  4u6vHL_antibody.pdb
Converting SMILES to graph: 353/500
5o2uC_antigen.pdb  5tzuHL_antibody.pdb
Converting SMILES to graph: 354/500
5o2uC_antigen.pdb  5mvzHL_antibody.pdb
Converting SMILES to graph: 355/500
5o4gC_antigen.pdb  7vigEe_antibody.pdb
Converting SMILES to graph: 356/500
5o4gC_antigen.pdb  6jhsED_antibody.pdb
Converting SMILES to graph: 357/500
5o4gC_antigen.pdb  7sbdHL_antibody.pdb
Converting SMILES to graph: 358/500
5o4gC_antigen.pdb  8g59Ss_antibody.pdb
Converting SMILES to graph: 359/500
5o4gC_antigen.pdb  5vigHL_antibody.pdb
Converting SMILES to graph: 360/500
5o4gC_antigen.pdb  7sp6B_antibody.pdb
Converting SMILES to graph: 361/500
5o4oC_antigen.pdb  1oazHL_antibody.pdb
Converting SMILES to graph: 362/500
5o4oC_antigen.pdb  2j4wHL_antibody.pdb
Converting SMILES to graph: 363/500
5o4oC_antigen.pdb  5w1kLK_antibody.pdb
Converting SMILES to graph: 364/500
5o4oC_antigen.pdb  6lntPQ_antibody.pdb
Converting SMILES to graph: 365/500
5o4oC_antigen.pdb  1uj3BA_antibody.pdb
Converting SMILES to graph: 366/500
5o4oC_antigen.pdb  1svzbB_antibody.pdb
Converting SMILES to graph: 367/500
5o6vB_antigen.pdb  8gpxHL_antibody.pdb
Converting SMILES to graph: 368/500
5o6vB_antigen.pdb  1r3lBA_antibody.pdb
Converting SMILES to graph: 369/500
5o6vB_antigen.pdb  7x6oJL_antibody.pdb
Converting SMILES to graph: 370/500
5o6vB_antigen.pdb  3nifEF_antibody.pdb
Converting SMILES to graph: 371/500
5o6vB_antigen.pdb  7th3B_antibody.pdb
Converting SMILES to graph: 372/500
5o6vB_antigen.pdb  6qgxB_antibody.pdb
Converting SMILES to graph: 373/500
5o7pC_antigen.pdb  6w2cBC_antibody.pdb
Converting SMILES to graph: 374/500
5o7pC_antigen.pdb  8fa8HL_antibody.pdb
Converting SMILES to graph: 375/500
5o7pC_antigen.pdb  6wm9BC_antibody.pdb
Converting SMILES to graph: 376/500
5o7pC_antigen.pdb  7yixCc_antibody.pdb
Converting SMILES to graph: 377/500
5o7pC_antigen.pdb  4ydiHL_antibody.pdb
Converting SMILES to graph: 378/500
5o8fAE_antigen.pdb  8ejkEe_antibody.pdb
Converting SMILES to graph: 379/500
5o8fAE_antigen.pdb  1s78FE_antibody.pdb
Converting SMILES to graph: 380/500
5o8fAE_antigen.pdb  8dzhED_antibody.pdb
Converting SMILES to graph: 381/500
5o8fAE_antigen.pdb  5jdsB_antibody.pdb
Converting SMILES to graph: 382/500
5o8fAE_antigen.pdb  7rxiHL_antibody.pdb
Converting SMILES to graph: 383/500
5o8fAE_antigen.pdb  5m2mJ_antibody.pdb
Converting SMILES to graph: 384/500
5ob5A_antigen.pdb  4y5yDE_antibody.pdb
Converting SMILES to graph: 385/500
5ob5A_antigen.pdb  3kr3HL_antibody.pdb
Converting SMILES to graph: 386/500
5ob5A_antigen.pdb  4m3kB_antibody.pdb
Converting SMILES to graph: 387/500
5ob5A_antigen.pdb  7m30FG_antibody.pdb
Converting SMILES to graph: 388/500
5ob5A_antigen.pdb  8jiqN_antibody.pdb
Converting SMILES to graph: 389/500
5ocaBA_antigen.pdb  8gnjC_antibody.pdb
Converting SMILES to graph: 390/500
5ocaBA_antigen.pdb  7ydpD_antibody.pdb
Converting SMILES to graph: 391/500
5ocaBA_antigen.pdb  4z7qHL_antibody.pdb
Converting SMILES to graph: 392/500
5ocaBA_antigen.pdb  6x04J_antibody.pdb
Converting SMILES to graph: 393/500
5ocaBA_antigen.pdb  3uzqAa_antibody.pdb
Converting SMILES to graph: 394/500
5occA_antigen.pdb  6gs1H_antibody.pdb
Converting SMILES to graph: 395/500
5occA_antigen.pdb  1rjcA_antibody.pdb
Converting SMILES to graph: 396/500
5occA_antigen.pdb  4x7cC_antibody.pdb
Converting SMILES to graph: 397/500
5occA_antigen.pdb  7u09HL_antibody.pdb
Converting SMILES to graph: 398/500
5occA_antigen.pdb  5uekHL_antibody.pdb
Converting SMILES to graph: 399/500
5ockA_antigen.pdb  7r24E_antibody.pdb
Converting SMILES to graph: 400/500
5ockA_antigen.pdb  7umnHL_antibody.pdb
Converting SMILES to graph: 401/500
5ockA_antigen.pdb  7x8qCB_antibody.pdb
Converting SMILES to graph: 402/500
5ockA_antigen.pdb  8ucdHL_antibody.pdb
Converting SMILES to graph: 403/500
5ockA_antigen.pdb  4x7eC_antibody.pdb
Converting SMILES to graph: 404/500
5ocxA_antigen.pdb  8d5cHL_antibody.pdb
Converting SMILES to graph: 405/500
5ocxA_antigen.pdb  8derXY_antibody.pdb
Converting SMILES to graph: 406/500
5ocxA_antigen.pdb  3cfiL_antibody.pdb
Converting SMILES to graph: 407/500
5ocxA_antigen.pdb  6ba5FE_antibody.pdb
Converting SMILES to graph: 408/500
5ocxA_antigen.pdb  8dpzFG_antibody.pdb
Converting SMILES to graph: 409/500
5ocyC_antigen.pdb  6d11CD_antibody.pdb
Converting SMILES to graph: 410/500
5ocyC_antigen.pdb  7urfOP_antibody.pdb
Converting SMILES to graph: 411/500
5ocyC_antigen.pdb  6h6yH_antibody.pdb
Converting SMILES to graph: 412/500
5ocyC_antigen.pdb  7e3oHL_antibody.pdb
Converting SMILES to graph: 413/500
5ocyC_antigen.pdb  1kiqBA_antibody.pdb
Converting SMILES to graph: 414/500
5ocyC_antigen.pdb  7oztA_antibody.pdb
Converting SMILES to graph: 415/500
5ogiA_antigen.pdb  7bejHL_antibody.pdb
Converting SMILES to graph: 416/500
5ogiA_antigen.pdb  6whcN_antibody.pdb
Converting SMILES to graph: 417/500
5ogiA_antigen.pdb  7ujdD_antibody.pdb
Converting SMILES to graph: 418/500
5ogiA_antigen.pdb  5ueaHL_antibody.pdb
Converting SMILES to graph: 419/500
5ogiA_antigen.pdb  3wkmHL_antibody.pdb
Converting SMILES to graph: 420/500
5ogiA_antigen.pdb  7k76HL_antibody.pdb
Converting SMILES to graph: 421/500
5ojmC_antigen.pdb  6oz9HL_antibody.pdb
Converting SMILES to graph: 422/500
5ojmC_antigen.pdb  7cw3qr_antibody.pdb
Converting SMILES to graph: 423/500
5ojmC_antigen.pdb  7cw2UT_antibody.pdb
Converting SMILES to graph: 424/500
5ojmC_antigen.pdb  4f37HL_antibody.pdb
Converting SMILES to graph: 425/500
5ojmC_antigen.pdb  5js9AB_antibody.pdb
Converting SMILES to graph: 426/500
5ojmC_antigen.pdb  8dw2DC_antibody.pdb
Converting SMILES to graph: 427/500
5ommAB_antigen.pdb  7ucgDE_antibody.pdb
Converting SMILES to graph: 428/500
5ommAB_antigen.pdb  4g6jHL_antibody.pdb
Converting SMILES to graph: 429/500
5ommAB_antigen.pdb  7s6lHL_antibody.pdb
Converting SMILES to graph: 430/500
5ommAB_antigen.pdb  7wj5Ee_antibody.pdb
Converting SMILES to graph: 431/500
5ommAB_antigen.pdb  7bxaHL_antibody.pdb
Converting SMILES to graph: 432/500
5ommAB_antigen.pdb  7kn5C_antibody.pdb
Converting SMILES to graph: 433/500
5omnB_antigen.pdb  6rloCD_antibody.pdb
Converting SMILES to graph: 434/500
5omnB_antigen.pdb  7l1uHh_antibody.pdb
Converting SMILES to graph: 435/500
5omnB_antigen.pdb  7leyDE_antibody.pdb
Converting SMILES to graph: 436/500
5omnB_antigen.pdb  4fqjHL_antibody.pdb
Converting SMILES to graph: 437/500
5omnB_antigen.pdb  5n7bHh_antibody.pdb
Converting SMILES to graph: 438/500
5omnB_antigen.pdb  8tp4HL_antibody.pdb
Converting SMILES to graph: 439/500
5otjC_antigen.pdb  8de4BC_antibody.pdb
Converting SMILES to graph: 440/500
5otjC_antigen.pdb  6ui1C_antibody.pdb
Converting SMILES to graph: 441/500
5otjC_antigen.pdb  1kxqG_antibody.pdb
Converting SMILES to graph: 442/500
5otjC_antigen.pdb  3go1HL_antibody.pdb
Converting SMILES to graph: 443/500
5otjC_antigen.pdb  8u4vHL_antibody.pdb
Converting SMILES to graph: 444/500
5otjC_antigen.pdb  7woaDB_antibody.pdb
Converting SMILES to graph: 445/500
5ovwB_antigen.pdb  7xs8AL_antibody.pdb
Converting SMILES to graph: 446/500
5ovwB_antigen.pdb  1ndmBA_antibody.pdb
Converting SMILES to graph: 447/500
5ovwB_antigen.pdb  7t10Ss_antibody.pdb
Converting SMILES to graph: 448/500
5ovwB_antigen.pdb  7cypED_antibody.pdb
Converting SMILES to graph: 449/500
5ovwB_antigen.pdb  7tatDE_antibody.pdb
Converting SMILES to graph: 450/500
5ovwB_antigen.pdb  4hzlHL_antibody.pdb
Converting SMILES to graph: 451/500
5owpD_antigen.pdb  8hqeHh_antibody.pdb
Converting SMILES to graph: 452/500
5owpD_antigen.pdb  7sscHL_antibody.pdb
Converting SMILES to graph: 453/500
5owpD_antigen.pdb  7ykjAD_antibody.pdb
Converting SMILES to graph: 454/500
5owpD_antigen.pdb  7tfnIJ_antibody.pdb
Converting SMILES to graph: 455/500
5owpD_antigen.pdb  7yr0CB_antibody.pdb
Converting SMILES to graph: 456/500
5owpD_antigen.pdb  7yrfFE_antibody.pdb
Converting SMILES to graph: 457/500
5sv3D_antigen.pdb  7lfaHL_antibody.pdb
Converting SMILES to graph: 458/500
5sv3D_antigen.pdb  6ztrHL_antibody.pdb
Converting SMILES to graph: 459/500
5sv3D_antigen.pdb  7xckAB_antibody.pdb
Converting SMILES to graph: 460/500
5sv3D_antigen.pdb  6rnkB_antibody.pdb
Converting SMILES to graph: 461/500
5sv3D_antigen.pdb  4x7fD_antibody.pdb
Converting SMILES to graph: 462/500
5sv3D_antigen.pdb  7b3oHL_antibody.pdb
Converting SMILES to graph: 463/500
5sx4N_antigen.pdb  7tctEF_antibody.pdb
Converting SMILES to graph: 464/500
5sx4N_antigen.pdb  7kejHK_antibody.pdb
Converting SMILES to graph: 465/500
5sx4N_antigen.pdb  6wioAB_antibody.pdb
Converting SMILES to graph: 466/500
5sx4N_antigen.pdb  7t3mDL_antibody.pdb
Converting SMILES to graph: 467/500
5sx4N_antigen.pdb  5otjHL_antibody.pdb
Converting SMILES to graph: 468/500
5sx4N_antigen.pdb  8crbAB_antibody.pdb
Converting SMILES to graph: 469/500
5sx5M_antigen.pdb  7ej5JN_antibody.pdb
Converting SMILES to graph: 470/500
5sx5M_antigen.pdb  5m2jD_antibody.pdb
Converting SMILES to graph: 471/500
5sx5M_antigen.pdb  7kh0N_antibody.pdb
Converting SMILES to graph: 472/500
5sx5M_antigen.pdb  6v4pCD_antibody.pdb
Converting SMILES to graph: 473/500
5sx5M_antigen.pdb  8tcoED_antibody.pdb
Converting SMILES to graph: 474/500
5sx5M_antigen.pdb  7sr4B_antibody.pdb
Converting SMILES to graph: 475/500
5sy8O_antigen.pdb  8wpuEe_antibody.pdb
Converting SMILES to graph: 476/500
5sy8O_antigen.pdb  5jymDd_antibody.pdb
Converting SMILES to graph: 477/500
5sy8O_antigen.pdb  4jo1HL_antibody.pdb
Converting SMILES to graph: 478/500
5sy8O_antigen.pdb  4m8qAB_antibody.pdb
Converting SMILES to graph: 479/500
5sy8O_antigen.pdb  7z6vX_antibody.pdb
Converting SMILES to graph: 480/500
5sy8O_antigen.pdb  7nd8HL_antibody.pdb
Converting SMILES to graph: 481/500
5t1dB_antigen.pdb  7dh5N_antibody.pdb
Converting SMILES to graph: 482/500
5t1dB_antigen.pdb  6u2fHL_antibody.pdb
Converting SMILES to graph: 483/500
5t1dB_antigen.pdb  7u60EF_antibody.pdb
Converting SMILES to graph: 484/500
5t1dB_antigen.pdb  6baeBA_antibody.pdb
Converting SMILES to graph: 485/500
5t1dB_antigen.pdb  7yi6DB_antibody.pdb
Converting SMILES to graph: 486/500
5t1dB_antigen.pdb  8df1MN_antibody.pdb
Converting SMILES to graph: 487/500
5t29O_antigen.pdb  4zpvHL_antibody.pdb
Converting SMILES to graph: 488/500
5t29O_antigen.pdb  7eycAB_antibody.pdb
Converting SMILES to graph: 489/500
5t29O_antigen.pdb  5wnbHL_antibody.pdb
Converting SMILES to graph: 490/500
5t29O_antigen.pdb  7upaHL_antibody.pdb
Converting SMILES to graph: 491/500
5t29O_antigen.pdb  4xtrEF_antibody.pdb
Converting SMILES to graph: 492/500
5t29O_antigen.pdb  7kbbAB_antibody.pdb
Converting SMILES to graph: 493/500
5t33G_antigen.pdb  7eptN_antibody.pdb
Converting SMILES to graph: 494/500
5t33G_antigen.pdb  6b0aHL_antibody.pdb
Converting SMILES to graph: 495/500
5t33G_antigen.pdb  8erqHL_antibody.pdb
Converting SMILES to graph: 496/500
5t33G_antigen.pdb  3macHL_antibody.pdb
Converting SMILES to graph: 497/500
5t33G_antigen.pdb  4jfxHL_antibody.pdb
Converting SMILES to graph: 498/500
5t33G_antigen.pdb  8dplHh_antibody.pdb
Converting SMILES to graph: 499/500
5t3sB_antigen.pdb  8sanCD_antibody.pdb
Converting SMILES to graph: 500/500
5t3sB_antigen.pdb  6ye3DE_antibody.pdb
Graph construction done. Saving to file.
