Converting SMILES to graph: 1/500
7quhA_antigen.pdb  7s13IM_antibody.pdb
Converting SMILES to graph: 2/500
7quhA_antigen.pdb  6bzvCD_antibody.pdb
Converting SMILES to graph: 3/500
7quhA_antigen.pdb  8jlqSs_antibody.pdb
Converting SMILES to graph: 4/500
7quhA_antigen.pdb  8dphEe_antibody.pdb
Converting SMILES to graph: 5/500
7quhA_antigen.pdb  7eyaHL_antibody.pdb
Converting SMILES to graph: 6/500
7qvkA_antigen.pdb  7sk5FE_antibody.pdb
Converting SMILES to graph: 7/500
7qvkA_antigen.pdb  7u9eBb_antibody.pdb
Converting SMILES to graph: 8/500
7qvkA_antigen.pdb  6x19N_antibody.pdb
Converting SMILES to graph: 9/500
7qvkA_antigen.pdb  2pw2BA_antibody.pdb
Converting SMILES to graph: 10/500
7qvkA_antigen.pdb  8j7wEC_antibody.pdb
Converting SMILES to graph: 11/500
7qvkA_antigen.pdb  3leyHL_antibody.pdb
Converting SMILES to graph: 12/500
7qvmAB_antigen.pdb  7x2kHL_antibody.pdb
Converting SMILES to graph: 13/500
7qvmAB_antigen.pdb  3fb5AB_antibody.pdb
Converting SMILES to graph: 14/500
7qvmAB_antigen.pdb  4yxkHL_antibody.pdb
Converting SMILES to graph: 15/500
7qvmAB_antigen.pdb  6frjHh_antibody.pdb
Converting SMILES to graph: 16/500
7qvmAB_antigen.pdb  4s10B_antibody.pdb
Converting SMILES to graph: 17/500
7qvmAB_antigen.pdb  7dwtHL_antibody.pdb
Converting SMILES to graph: 18/500
7r0cCA_antigen.pdb  8sb2CD_antibody.pdb
Converting SMILES to graph: 19/500
7r0cCA_antigen.pdb  8e1gHL_antibody.pdb
Converting SMILES to graph: 20/500
7r0cCA_antigen.pdb  5lbsHL_antibody.pdb
Converting SMILES to graph: 21/500
7r0cCA_antigen.pdb  6k7oFG_antibody.pdb
Converting SMILES to graph: 22/500
7r0cCA_antigen.pdb  7o31HL_antibody.pdb
Converting SMILES to graph: 23/500
7r0jCA_antigen.pdb  3j70MN_antibody.pdb
Converting SMILES to graph: 24/500
7r0jCA_antigen.pdb  6eduLM_antibody.pdb
Converting SMILES to graph: 25/500
7r0jCA_antigen.pdb  6jhrED_antibody.pdb
Converting SMILES to graph: 26/500
7r0jCA_antigen.pdb  3i50HL_antibody.pdb
Converting SMILES to graph: 27/500
7r0jCA_antigen.pdb  7lf7HL_antibody.pdb
Converting SMILES to graph: 28/500
7r1zA_antigen.pdb  3h3bdD_antibody.pdb
Converting SMILES to graph: 29/500
7r1zA_antigen.pdb  3lzfHL_antibody.pdb
Converting SMILES to graph: 30/500
7r1zA_antigen.pdb  3stbB_antibody.pdb
Converting SMILES to graph: 31/500
7r1zA_antigen.pdb  6mtjDE_antibody.pdb
Converting SMILES to graph: 32/500
7r1zA_antigen.pdb  7fejHL_antibody.pdb
Converting SMILES to graph: 33/500
7r1zA_antigen.pdb  7ufhEF_antibody.pdb
Converting SMILES to graph: 34/500
7r23A_antigen.pdb  6oz6H_antibody.pdb
Converting SMILES to graph: 35/500
7r23A_antigen.pdb  7n4lHL_antibody.pdb
Converting SMILES to graph: 36/500
7r23A_antigen.pdb  4xrcBA_antibody.pdb
Converting SMILES to graph: 37/500
7r23A_antigen.pdb  8gseHL_antibody.pdb
Converting SMILES to graph: 38/500
7r23A_antigen.pdb  7ua2Bb_antibody.pdb
Converting SMILES to graph: 39/500
7r23A_antigen.pdb  7sixHL_antibody.pdb
Converting SMILES to graph: 40/500
7r24A_antigen.pdb  8ejhHL_antibody.pdb
Converting SMILES to graph: 41/500
7r24A_antigen.pdb  6ayzBD_antibody.pdb
Converting SMILES to graph: 42/500
7r24A_antigen.pdb  6wfxHL_antibody.pdb
Converting SMILES to graph: 43/500
7r24A_antigen.pdb  6wzkAB_antibody.pdb
Converting SMILES to graph: 44/500
7r24A_antigen.pdb  8dccHL_antibody.pdb
Converting SMILES to graph: 45/500
7r24A_antigen.pdb  3uzeAa_antibody.pdb
Converting SMILES to graph: 46/500
7r40B_antigen.pdb  1himLH_antibody.pdb
Converting SMILES to graph: 47/500
7r40B_antigen.pdb  1r3lBA_antibody.pdb
Converting SMILES to graph: 48/500
7r40B_antigen.pdb  5uk2Hh_antibody.pdb
Converting SMILES to graph: 49/500
7r40B_antigen.pdb  8gpuHL_antibody.pdb
Converting SMILES to graph: 50/500
7r40B_antigen.pdb  8da0BA_antibody.pdb
Converting SMILES to graph: 51/500
7r40B_antigen.pdb  6ea7MN_antibody.pdb
Converting SMILES to graph: 52/500
7r4iA_antigen.pdb  4xvjHL_antibody.pdb
Converting SMILES to graph: 53/500
7r4iA_antigen.pdb  5d1zDC_antibody.pdb
Converting SMILES to graph: 54/500
7r4iA_antigen.pdb  5dmiHL_antibody.pdb
Converting SMILES to graph: 55/500
7r4iA_antigen.pdb  7rdwGI_antibody.pdb
Converting SMILES to graph: 56/500
7r4iA_antigen.pdb  6zhdD_antibody.pdb
Converting SMILES to graph: 57/500
7r4iA_antigen.pdb  5e0qA_antibody.pdb
Converting SMILES to graph: 58/500
7r4qB_antigen.pdb  7w0pSs_antibody.pdb
Converting SMILES to graph: 59/500
7r4qB_antigen.pdb  8jd5Hh_antibody.pdb
Converting SMILES to graph: 60/500
7r4qB_antigen.pdb  7s5pHL_antibody.pdb
Converting SMILES to graph: 61/500
7r4qB_antigen.pdb  5uekHL_antibody.pdb
Converting SMILES to graph: 62/500
7r4qB_antigen.pdb  6b70EF_antibody.pdb
Converting SMILES to graph: 63/500
7r4qB_antigen.pdb  7s4sHL_antibody.pdb
Converting SMILES to graph: 64/500
7r4rC_antigen.pdb  6n51D_antibody.pdb
Converting SMILES to graph: 65/500
7r4rC_antigen.pdb  8go8HL_antibody.pdb
Converting SMILES to graph: 66/500
7r4rC_antigen.pdb  1u8hBA_antibody.pdb
Converting SMILES to graph: 67/500
7r4rC_antigen.pdb  7m7hEF_antibody.pdb
Converting SMILES to graph: 68/500
7r4rC_antigen.pdb  6xbjSs_antibody.pdb
Converting SMILES to graph: 69/500
7r4rC_antigen.pdb  7sr3B_antibody.pdb
Converting SMILES to graph: 70/500
7r58A_antigen.pdb  8hc2HL_antibody.pdb
Converting SMILES to graph: 71/500
7r58A_antigen.pdb  7dk2DE_antibody.pdb
Converting SMILES to graph: 72/500
7r58A_antigen.pdb  6bgtBA_antibody.pdb
Converting SMILES to graph: 73/500
7r58A_antigen.pdb  7t73HL_antibody.pdb
Converting SMILES to graph: 74/500
7r58A_antigen.pdb  4q6iHL_antibody.pdb
Converting SMILES to graph: 75/500
7r6wR_antigen.pdb  4rfnBC_antibody.pdb
Converting SMILES to graph: 76/500
7r6wR_antigen.pdb  8ag1HL_antibody.pdb
Converting SMILES to graph: 77/500
7r6wR_antigen.pdb  4z0xBA_antibody.pdb
Converting SMILES to graph: 78/500
7r6wR_antigen.pdb  3bgfHL_antibody.pdb
Converting SMILES to graph: 79/500
7r6wR_antigen.pdb  8dm3HL_antibody.pdb
Converting SMILES to graph: 80/500
7r6xR_antigen.pdb  3eobHL_antibody.pdb
Converting SMILES to graph: 81/500
7r6xR_antigen.pdb  1sm3HL_antibody.pdb
Converting SMILES to graph: 82/500
7r6xR_antigen.pdb  6w0cAB_antibody.pdb
Converting SMILES to graph: 83/500
7r6xR_antigen.pdb  7wm0HL_antibody.pdb
Converting SMILES to graph: 84/500
7r6xR_antigen.pdb  1xgyHL_antibody.pdb
Converting SMILES to graph: 85/500
7r6xR_antigen.pdb  7nilF_antibody.pdb
Converting SMILES to graph: 86/500
7r73G_antigen.pdb  3f7yAB_antibody.pdb
Converting SMILES to graph: 87/500
7r73G_antigen.pdb  8ekaHL_antibody.pdb
Converting SMILES to graph: 88/500
7r73G_antigen.pdb  6ukjHL_antibody.pdb
Converting SMILES to graph: 89/500
7r73G_antigen.pdb  8dkeAB_antibody.pdb
Converting SMILES to graph: 90/500
7r73G_antigen.pdb  7e9oHL_antibody.pdb
Converting SMILES to graph: 91/500
7r73G_antigen.pdb  7zlhHL_antibody.pdb
Converting SMILES to graph: 92/500
7r74A_antigen.pdb  8hc8HL_antibody.pdb
Converting SMILES to graph: 93/500
7r74A_antigen.pdb  6o2cAB_antibody.pdb
Converting SMILES to graph: 94/500
7r74A_antigen.pdb  7ra3Ee_antibody.pdb
Converting SMILES to graph: 95/500
7r74A_antigen.pdb  3ks0KJ_antibody.pdb
Converting SMILES to graph: 96/500
7r74A_antigen.pdb  6rcvJI_antibody.pdb
Converting SMILES to graph: 97/500
7r7nE_antigen.pdb  7mtbHL_antibody.pdb
Converting SMILES to graph: 98/500
7r7nE_antigen.pdb  5xjmHL_antibody.pdb
Converting SMILES to graph: 99/500
7r7nE_antigen.pdb  7p14B_antibody.pdb
Converting SMILES to graph: 100/500
7r7nE_antigen.pdb  7vafHL_antibody.pdb
Converting SMILES to graph: 101/500
7r7nE_antigen.pdb  5immB_antibody.pdb
Converting SMILES to graph: 102/500
7r7nE_antigen.pdb  7njzHL_antibody.pdb
Converting SMILES to graph: 103/500
7r87BA_antigen.pdb  4bh8BA_antibody.pdb
Converting SMILES to graph: 104/500
7r87BA_antigen.pdb  4ydiHL_antibody.pdb
Converting SMILES to graph: 105/500
7r87BA_antigen.pdb  5mv4IJ_antibody.pdb
Converting SMILES to graph: 106/500
7r87BA_antigen.pdb  7tzfN_antibody.pdb
Converting SMILES to graph: 107/500
7r87BA_antigen.pdb  4om0HL_antibody.pdb
Converting SMILES to graph: 108/500
7r87BA_antigen.pdb  6bkdHL_antibody.pdb
Converting SMILES to graph: 109/500
7r88BA_antigen.pdb  7sbfEe_antibody.pdb
Converting SMILES to graph: 110/500
7r88BA_antigen.pdb  3moaHL_antibody.pdb
Converting SMILES to graph: 111/500
7r88BA_antigen.pdb  5mubIJ_antibody.pdb
Converting SMILES to graph: 112/500
7r88BA_antigen.pdb  5anyJN_antibody.pdb
Converting SMILES to graph: 113/500
7r88BA_antigen.pdb  7k84B_antibody.pdb
Converting SMILES to graph: 114/500
7r88BA_antigen.pdb  6z3pHL_antibody.pdb
Converting SMILES to graph: 115/500
7r89BA_antigen.pdb  6w2bBC_antibody.pdb
Converting SMILES to graph: 116/500
7r89BA_antigen.pdb  3etbIi_antibody.pdb
Converting SMILES to graph: 117/500
7r89BA_antigen.pdb  7rewAB_antibody.pdb
Converting SMILES to graph: 118/500
7r89BA_antigen.pdb  4z7oHL_antibody.pdb
Converting SMILES to graph: 119/500
7r89BA_antigen.pdb  4d3cHL_antibody.pdb
Converting SMILES to graph: 120/500
7r89BA_antigen.pdb  7wujN_antibody.pdb
Converting SMILES to graph: 121/500
7r8aBA_antigen.pdb  8pnlB_antibody.pdb
Converting SMILES to graph: 122/500
7r8aBA_antigen.pdb  8hs2BC_antibody.pdb
Converting SMILES to graph: 123/500
7r8aBA_antigen.pdb  4jreHL_antibody.pdb
Converting SMILES to graph: 124/500
7r8aBA_antigen.pdb  4q5zOP_antibody.pdb
Converting SMILES to graph: 125/500
7r8aBA_antigen.pdb  2exwCD_antibody.pdb
Converting SMILES to graph: 126/500
7r8aBA_antigen.pdb  6lbhCD_antibody.pdb
Converting SMILES to graph: 127/500
7r8bBA_antigen.pdb  3ujiHL_antibody.pdb
Converting SMILES to graph: 128/500
7r8bBA_antigen.pdb  3j8vFJ_antibody.pdb
Converting SMILES to graph: 129/500
7r8bBA_antigen.pdb  7ebrEF_antibody.pdb
Converting SMILES to graph: 130/500
7r8bBA_antigen.pdb  7ljcN_antibody.pdb
Converting SMILES to graph: 131/500
7r8bBA_antigen.pdb  7keoEF_antibody.pdb
Converting SMILES to graph: 132/500
7r8bBA_antigen.pdb  7pafB_antibody.pdb
Converting SMILES to graph: 133/500
7r8lE_antigen.pdb  7d68N_antibody.pdb
Converting SMILES to graph: 134/500
7r8lE_antigen.pdb  8cxnD_antibody.pdb
Converting SMILES to graph: 135/500
7r8lE_antigen.pdb  7ul7HL_antibody.pdb
Converting SMILES to graph: 136/500
7r8lE_antigen.pdb  6ktrAB_antibody.pdb
Converting SMILES to graph: 137/500
7r8lE_antigen.pdb  7m6fCD_antibody.pdb
Converting SMILES to graph: 138/500
7r8lE_antigen.pdb  6r8xCB_antibody.pdb
Converting SMILES to graph: 139/500
7r8mB_antigen.pdb  8g3oEF_antibody.pdb
Converting SMILES to graph: 140/500
7r8mB_antigen.pdb  4ht1HL_antibody.pdb
Converting SMILES to graph: 141/500
7r8mB_antigen.pdb  1dqjBA_antibody.pdb
Converting SMILES to graph: 142/500
7r8mB_antigen.pdb  8gb6HL_antibody.pdb
Converting SMILES to graph: 143/500
7r8mB_antigen.pdb  7n9cE_antibody.pdb
Converting SMILES to graph: 144/500
7r8mB_antigen.pdb  6ddvBA_antibody.pdb
Converting SMILES to graph: 145/500
7r8nE_antigen.pdb  2dqcHL_antibody.pdb
Converting SMILES to graph: 146/500
7r8nE_antigen.pdb  8hptHh_antibody.pdb
Converting SMILES to graph: 147/500
7r8nE_antigen.pdb  4y5vDE_antibody.pdb
Converting SMILES to graph: 148/500
7r8nE_antigen.pdb  7jktHL_antibody.pdb
Converting SMILES to graph: 149/500
7r8nE_antigen.pdb  3skjHL_antibody.pdb
Converting SMILES to graph: 150/500
7r8nE_antigen.pdb  7ue9HL_antibody.pdb
Converting SMILES to graph: 151/500
7r8oE_antigen.pdb  6mu7HL_antibody.pdb
Converting SMILES to graph: 152/500
7r8oE_antigen.pdb  4yjzlL_antibody.pdb
Converting SMILES to graph: 153/500
7r8oE_antigen.pdb  7v26ef_antibody.pdb
Converting SMILES to graph: 154/500
7r8oE_antigen.pdb  3v4vHL_antibody.pdb
Converting SMILES to graph: 155/500
7r8oE_antigen.pdb  3t2nHL_antibody.pdb
Converting SMILES to graph: 156/500
7r8uAB_antigen.pdb  1ndgBA_antibody.pdb
Converting SMILES to graph: 157/500
7r8uAB_antigen.pdb  6b20F_antibody.pdb
Converting SMILES to graph: 158/500
7r8uAB_antigen.pdb  6cnvHL_antibody.pdb
Converting SMILES to graph: 159/500
7r8uAB_antigen.pdb  7d5uD_antibody.pdb
Converting SMILES to graph: 160/500
7r8uAB_antigen.pdb  4x7dC_antibody.pdb
Converting SMILES to graph: 161/500
7r8uAB_antigen.pdb  7xkdN_antibody.pdb
Converting SMILES to graph: 162/500
7r98B_antigen.pdb  7vuzSs_antibody.pdb
Converting SMILES to graph: 163/500
7r98B_antigen.pdb  7tebHL_antibody.pdb
Converting SMILES to graph: 164/500
7r98B_antigen.pdb  8i9sHh_antibody.pdb
Converting SMILES to graph: 165/500
7r98B_antigen.pdb  3cvhHL_antibody.pdb
Converting SMILES to graph: 166/500
7r98B_antigen.pdb  5f7lB_antibody.pdb
Converting SMILES to graph: 167/500
7r98B_antigen.pdb  6sspL_antibody.pdb
Converting SMILES to graph: 168/500
7ra3A_antigen.pdb  7uovHL_antibody.pdb
Converting SMILES to graph: 169/500
7ra3A_antigen.pdb  8a67D_antibody.pdb
Converting SMILES to graph: 170/500
7ra3A_antigen.pdb  5g64IM_antibody.pdb
Converting SMILES to graph: 171/500
7ra3A_antigen.pdb  6pz8CG_antibody.pdb
Converting SMILES to graph: 172/500
7ra3A_antigen.pdb  6wizHL_antibody.pdb
Converting SMILES to graph: 173/500
7ra3A_antigen.pdb  8hcaDE_antibody.pdb
Converting SMILES to graph: 174/500
7ra8B_antigen.pdb  5cszHL_antibody.pdb
Converting SMILES to graph: 175/500
7ra8B_antigen.pdb  5v7jDE_antibody.pdb
Converting SMILES to graph: 176/500
7ra8B_antigen.pdb  3or6AB_antibody.pdb
Converting SMILES to graph: 177/500
7ra8B_antigen.pdb  7ki0N_antibody.pdb
Converting SMILES to graph: 178/500
7ra8B_antigen.pdb  6qgwB_antibody.pdb
Converting SMILES to graph: 179/500
7ra8B_antigen.pdb  8gx9HF_antibody.pdb
Converting SMILES to graph: 180/500
7rahE_antigen.pdb  6yx9HL_antibody.pdb
Converting SMILES to graph: 181/500
7rahE_antigen.pdb  2bocAB_antibody.pdb
Converting SMILES to graph: 182/500
7rahE_antigen.pdb  7pnqDF_antibody.pdb
Converting SMILES to graph: 183/500
7rahE_antigen.pdb  3uzqAa_antibody.pdb
Converting SMILES to graph: 184/500
7rahE_antigen.pdb  4olzHL_antibody.pdb
Converting SMILES to graph: 185/500
7rahE_antigen.pdb  7uz8HL_antibody.pdb
Converting SMILES to graph: 186/500
7raiC_antigen.pdb  7unzC_antibody.pdb
Converting SMILES to graph: 187/500
7raiC_antigen.pdb  4g7yHL_antibody.pdb
Converting SMILES to graph: 188/500
7raiC_antigen.pdb  7ul0HL_antibody.pdb
Converting SMILES to graph: 189/500
7raiC_antigen.pdb  7w0pSs_antibody.pdb
Converting SMILES to graph: 190/500
7raiC_antigen.pdb  7xjlEe_antibody.pdb
Converting SMILES to graph: 191/500
7raiC_antigen.pdb  5w5xHL_antibody.pdb
Converting SMILES to graph: 192/500
7rajA_antigen.pdb  2b2xHL_antibody.pdb
Converting SMILES to graph: 193/500
7rajA_antigen.pdb  1a14HL_antibody.pdb
Converting SMILES to graph: 194/500
7rajA_antigen.pdb  6umxHL_antibody.pdb
Converting SMILES to graph: 195/500
7rajA_antigen.pdb  5v2aHL_antibody.pdb
Converting SMILES to graph: 196/500
7rajA_antigen.pdb  7nftC_antibody.pdb
Converting SMILES to graph: 197/500
7rajA_antigen.pdb  1yqvHL_antibody.pdb
Converting SMILES to graph: 198/500
7ralB_antigen.pdb  3ru8HL_antibody.pdb
Converting SMILES to graph: 199/500
7ralB_antigen.pdb  7przHL_antibody.pdb
Converting SMILES to graph: 200/500
7ralB_antigen.pdb  7uvqCB_antibody.pdb
Converting SMILES to graph: 201/500
7ralB_antigen.pdb  8cxqD_antibody.pdb
Converting SMILES to graph: 202/500
7ralB_antigen.pdb  4s10B_antibody.pdb
Converting SMILES to graph: 203/500
7ralB_antigen.pdb  6z20D_antibody.pdb
Converting SMILES to graph: 204/500
7ranBC_antigen.pdb  8sb2CD_antibody.pdb
Converting SMILES to graph: 205/500
7ranBC_antigen.pdb  7jmwHL_antibody.pdb
Converting SMILES to graph: 206/500
7ranBC_antigen.pdb  4hjgBA_antibody.pdb
Converting SMILES to graph: 207/500
7ranBC_antigen.pdb  2vyrE_antibody.pdb
Converting SMILES to graph: 208/500
7ranBC_antigen.pdb  6qv1E_antibody.pdb
Converting SMILES to graph: 209/500
7ranBC_antigen.pdb  8gv7CD_antibody.pdb
Converting SMILES to graph: 210/500
7raqP_antigen.pdb  8elqHL_antibody.pdb
Converting SMILES to graph: 211/500
7raqP_antigen.pdb  5owpHh_antibody.pdb
Converting SMILES to graph: 212/500
7raqP_antigen.pdb  6v6wDE_antibody.pdb
Converting SMILES to graph: 213/500
7raqP_antigen.pdb  7udsDE_antibody.pdb
Converting SMILES to graph: 214/500
7raqP_antigen.pdb  2g5bDC_antibody.pdb
Converting SMILES to graph: 215/500
7raqP_antigen.pdb  6u12B_antibody.pdb
Converting SMILES to graph: 216/500
7rbtA_antigen.pdb  8ekfHL_antibody.pdb
Converting SMILES to graph: 217/500
7rbtA_antigen.pdb  7cdiHL_antibody.pdb
Converting SMILES to graph: 218/500
7rbtA_antigen.pdb  2xwtAB_antibody.pdb
Converting SMILES to graph: 219/500
7rbtA_antigen.pdb  7sjpHL_antibody.pdb
Converting SMILES to graph: 220/500
7rbtA_antigen.pdb  6bp2HL_antibody.pdb
Converting SMILES to graph: 221/500
7rbtA_antigen.pdb  3dvgBA_antibody.pdb
Converting SMILES to graph: 222/500
7rbuB_antigen.pdb  8dwxHL_antibody.pdb
Converting SMILES to graph: 223/500
7rbuB_antigen.pdb  4qxuHL_antibody.pdb
Converting SMILES to graph: 224/500
7rbuB_antigen.pdb  7e53B_antibody.pdb
Converting SMILES to graph: 225/500
7rbuB_antigen.pdb  6oejBC_antibody.pdb
Converting SMILES to graph: 226/500
7rbuB_antigen.pdb  4lu5IM_antibody.pdb
Converting SMILES to graph: 227/500
7rbuB_antigen.pdb  7kmdAE_antibody.pdb
Converting SMILES to graph: 228/500
7rbvBC_antigen.pdb  8g3pCI_antibody.pdb
Converting SMILES to graph: 229/500
7rbvBC_antigen.pdb  6mwvKL_antibody.pdb
Converting SMILES to graph: 230/500
7rbvBC_antigen.pdb  7ls9HL_antibody.pdb
Converting SMILES to graph: 231/500
7rbvBC_antigen.pdb  8dkiAB_antibody.pdb
Converting SMILES to graph: 232/500
7rbvBC_antigen.pdb  8fg0CD_antibody.pdb
Converting SMILES to graph: 233/500
7rbvBC_antigen.pdb  7x10Ee_antibody.pdb
Converting SMILES to graph: 234/500
7rbyA_antigen.pdb  8g9yHL_antibody.pdb
Converting SMILES to graph: 235/500
7rbyA_antigen.pdb  6m47HL_antibody.pdb
Converting SMILES to graph: 236/500
7rbyA_antigen.pdb  7bu7B_antibody.pdb
Converting SMILES to graph: 237/500
7rbyA_antigen.pdb  4q5zOP_antibody.pdb
Converting SMILES to graph: 238/500
7rbyA_antigen.pdb  5fuuHL_antibody.pdb
Converting SMILES to graph: 239/500
7rbyA_antigen.pdb  8h91C_antibody.pdb
Converting SMILES to graph: 240/500
7rcoA_antigen.pdb  5cusJN_antibody.pdb
Converting SMILES to graph: 241/500
7rcoA_antigen.pdb  7x28CD_antibody.pdb
Converting SMILES to graph: 242/500
7rcoA_antigen.pdb  8j6qSs_antibody.pdb
Converting SMILES to graph: 243/500
7rcoA_antigen.pdb  8iulEe_antibody.pdb
Converting SMILES to graph: 244/500
7rcoA_antigen.pdb  5whkHL_antibody.pdb
Converting SMILES to graph: 245/500
7rcoA_antigen.pdb  7dh5N_antibody.pdb
Converting SMILES to graph: 246/500
7rcsD_antigen.pdb  1kipBA_antibody.pdb
Converting SMILES to graph: 247/500
7rcsD_antigen.pdb  7lsgHL_antibody.pdb
Converting SMILES to graph: 248/500
7rcsD_antigen.pdb  7xk2Ss_antibody.pdb
Converting SMILES to graph: 249/500
7rcsD_antigen.pdb  6w41HL_antibody.pdb
Converting SMILES to graph: 250/500
7rcsD_antigen.pdb  7pqyHL_antibody.pdb
Converting SMILES to graph: 251/500
7rcsD_antigen.pdb  8dziHL_antibody.pdb
Converting SMILES to graph: 252/500
7rd3D_antigen.pdb  7bw0N_antibody.pdb
Converting SMILES to graph: 253/500
7rd3D_antigen.pdb  6al1HL_antibody.pdb
Converting SMILES to graph: 254/500
7rd3D_antigen.pdb  7y1fEe_antibody.pdb
Converting SMILES to graph: 255/500
7rd3D_antigen.pdb  6a96L_antibody.pdb
Converting SMILES to graph: 256/500
7rd3D_antigen.pdb  8axhHh_antibody.pdb
Converting SMILES to graph: 257/500
7rd3D_antigen.pdb  7qcqA_antibody.pdb
Converting SMILES to graph: 258/500
7rd4I_antigen.pdb  3ngbBC_antibody.pdb
Converting SMILES to graph: 259/500
7rd4I_antigen.pdb  8dzsEe_antibody.pdb
Converting SMILES to graph: 260/500
7rd4I_antigen.pdb  7z0xHL_antibody.pdb
Converting SMILES to graph: 261/500
7rd4I_antigen.pdb  7x3eHL_antibody.pdb
Converting SMILES to graph: 262/500
7rd4I_antigen.pdb  7v5kED_antibody.pdb
Converting SMILES to graph: 263/500
7rd4I_antigen.pdb  7nx8HL_antibody.pdb
Converting SMILES to graph: 264/500
7rd5F_antigen.pdb  6waqC_antibody.pdb
Converting SMILES to graph: 265/500
7rd5F_antigen.pdb  6jb2A_antibody.pdb
Converting SMILES to graph: 266/500
7rd5F_antigen.pdb  6midHL_antibody.pdb
Converting SMILES to graph: 267/500
7rd5F_antigen.pdb  7ejaHh_antibody.pdb
Converting SMILES to graph: 268/500
7rd5F_antigen.pdb  4hs8HL_antibody.pdb
Converting SMILES to graph: 269/500
7rd5F_antigen.pdb  7t4sHI_antibody.pdb
Converting SMILES to graph: 270/500
7rd9C_antigen.pdb  7x40HL_antibody.pdb
Converting SMILES to graph: 271/500
7rd9C_antigen.pdb  2virBA_antibody.pdb
Converting SMILES to graph: 272/500
7rd9C_antigen.pdb  8g3pCI_antibody.pdb
Converting SMILES to graph: 273/500
7rd9C_antigen.pdb  7r23C_antibody.pdb
Converting SMILES to graph: 274/500
7rd9C_antigen.pdb  5owpHh_antibody.pdb
Converting SMILES to graph: 275/500
7rd9C_antigen.pdb  4fqiHL_antibody.pdb
Converting SMILES to graph: 276/500
7rdaC_antigen.pdb  6s8jYU_antibody.pdb
Converting SMILES to graph: 277/500
7rdaC_antigen.pdb  5xcqAB_antibody.pdb
Converting SMILES to graph: 278/500
7rdaC_antigen.pdb  7nfqD_antibody.pdb
Converting SMILES to graph: 279/500
7rdaC_antigen.pdb  7wbzHL_antibody.pdb
Converting SMILES to graph: 280/500
7rdaC_antigen.pdb  6h06EF_antibody.pdb
Converting SMILES to graph: 281/500
7rdaC_antigen.pdb  4lgsB_antibody.pdb
Converting SMILES to graph: 282/500
7rdwN_antigen.pdb  7v35N_antibody.pdb
Converting SMILES to graph: 283/500
7rdwN_antigen.pdb  6vknIK_antibody.pdb
Converting SMILES to graph: 284/500
7rdwN_antigen.pdb  4lsvHL_antibody.pdb
Converting SMILES to graph: 285/500
7rdwN_antigen.pdb  8i0zDE_antibody.pdb
Converting SMILES to graph: 286/500
7rdwN_antigen.pdb  4jo2HL_antibody.pdb
Converting SMILES to graph: 287/500
7rdwN_antigen.pdb  7uviAB_antibody.pdb
Converting SMILES to graph: 288/500
7re7AC_antigen.pdb  1xgpBA_antibody.pdb
Converting SMILES to graph: 289/500
7re7AC_antigen.pdb  7x2wHL_antibody.pdb
Converting SMILES to graph: 290/500
7re7AC_antigen.pdb  7n0sF_antibody.pdb
Converting SMILES to graph: 291/500
7re7AC_antigen.pdb  7qhaC_antibody.pdb
Converting SMILES to graph: 292/500
7re7AC_antigen.pdb  8gb6HL_antibody.pdb
Converting SMILES to graph: 293/500
7re7AC_antigen.pdb  5t33HL_antibody.pdb
Converting SMILES to graph: 294/500
7rewG_antigen.pdb  6o2cAB_antibody.pdb
Converting SMILES to graph: 295/500
7rewG_antigen.pdb  3grwHL_antibody.pdb
Converting SMILES to graph: 296/500
7rewG_antigen.pdb  5hi3CD_antibody.pdb
Converting SMILES to graph: 297/500
7rewG_antigen.pdb  4z7nEF_antibody.pdb
Converting SMILES to graph: 298/500
7rewG_antigen.pdb  8h3cBb_antibody.pdb
Converting SMILES to graph: 299/500
7rewG_antigen.pdb  8c7hLK_antibody.pdb
Converting SMILES to graph: 300/500
7rfbC_antigen.pdb  7jwbD_antibody.pdb
Converting SMILES to graph: 301/500
7rfbC_antigen.pdb  7m53HL_antibody.pdb
Converting SMILES to graph: 302/500
7rfbC_antigen.pdb  7xp5N_antibody.pdb
Converting SMILES to graph: 303/500
7rfbC_antigen.pdb  8e8xHL_antibody.pdb
Converting SMILES to graph: 304/500
7rfbC_antigen.pdb  7tb8JK_antibody.pdb
Converting SMILES to graph: 305/500
7rfbC_antigen.pdb  6u0lIJ_antibody.pdb
Converting SMILES to graph: 306/500
7rfcC_antigen.pdb  7mkmHL_antibody.pdb
Converting SMILES to graph: 307/500
7rfcC_antigen.pdb  8dcmAB_antibody.pdb
Converting SMILES to graph: 308/500
7rfcC_antigen.pdb  7tfnIJ_antibody.pdb
Converting SMILES to graph: 309/500
7rfcC_antigen.pdb  4ma7HL_antibody.pdb
Converting SMILES to graph: 310/500
7rfcC_antigen.pdb  7czyHK_antibody.pdb
Converting SMILES to graph: 311/500
7rfcC_antigen.pdb  7vztBC_antibody.pdb
Converting SMILES to graph: 312/500
7rfpA_antigen.pdb  8dnnBC_antibody.pdb
Converting SMILES to graph: 313/500
7rfpA_antigen.pdb  7mw3HL_antibody.pdb
Converting SMILES to graph: 314/500
7rfpA_antigen.pdb  6qexCB_antibody.pdb
Converting SMILES to graph: 315/500
7rfpA_antigen.pdb  4dgvHL_antibody.pdb
Converting SMILES to graph: 316/500
7rfpA_antigen.pdb  2vdpHL_antibody.pdb
Converting SMILES to graph: 317/500
7rfpA_antigen.pdb  6sncBA_antibody.pdb
Converting SMILES to graph: 318/500
7rg9A_antigen.pdb  7uzaHL_antibody.pdb
Converting SMILES to graph: 319/500
7rg9A_antigen.pdb  6u2fHL_antibody.pdb
Converting SMILES to graph: 320/500
7rg9A_antigen.pdb  8f95HL_antibody.pdb
Converting SMILES to graph: 321/500
7rg9A_antigen.pdb  6cwtCD_antibody.pdb
Converting SMILES to graph: 322/500
7rg9A_antigen.pdb  2i60HL_antibody.pdb
Converting SMILES to graph: 323/500
7rg9A_antigen.pdb  6q23HL_antibody.pdb
Converting SMILES to graph: 324/500
7rgpA_antigen.pdb  8b1iB_antibody.pdb
Converting SMILES to graph: 325/500
7rgpA_antigen.pdb  6pzyIL_antibody.pdb
Converting SMILES to graph: 326/500
7rgpA_antigen.pdb  4g7vHL_antibody.pdb
Converting SMILES to graph: 327/500
7rgpA_antigen.pdb  7wobDB_antibody.pdb
Converting SMILES to graph: 328/500
7rgpA_antigen.pdb  7tyiN_antibody.pdb
Converting SMILES to graph: 329/500
7rgpA_antigen.pdb  5utzFG_antibody.pdb
Converting SMILES to graph: 330/500
7ri1A_antigen.pdb  7so5HL_antibody.pdb
Converting SMILES to graph: 331/500
7ri1A_antigen.pdb  8ic0Ee_antibody.pdb
Converting SMILES to graph: 332/500
7ri1A_antigen.pdb  2ipuGK_antibody.pdb
Converting SMILES to graph: 333/500
7ri1A_antigen.pdb  7kfxHL_antibody.pdb
Converting SMILES to graph: 334/500
7ri1A_antigen.pdb  3so3CB_antibody.pdb
Converting SMILES to graph: 335/500
7ri1A_antigen.pdb  7rkvDH_antibody.pdb
Converting SMILES to graph: 336/500
7ri2A_antigen.pdb  5w2bHL_antibody.pdb
Converting SMILES to graph: 337/500
7ri2A_antigen.pdb  6z7zBA_antibody.pdb
Converting SMILES to graph: 338/500
7ri2A_antigen.pdb  3jwoHL_antibody.pdb
Converting SMILES to graph: 339/500
7ri2A_antigen.pdb  5dwuHL_antibody.pdb
Converting SMILES to graph: 340/500
7ri2A_antigen.pdb  1n0xKM_antibody.pdb
Converting SMILES to graph: 341/500
7ri2A_antigen.pdb  6o2cAB_antibody.pdb
Converting SMILES to graph: 342/500
7rk1B_antigen.pdb  3a67HL_antibody.pdb
Converting SMILES to graph: 343/500
7rk1B_antigen.pdb  7ndfC_antibody.pdb
Converting SMILES to graph: 344/500
7rk1B_antigen.pdb  6qv2F_antibody.pdb
Converting SMILES to graph: 345/500
7rk1B_antigen.pdb  7f5hD_antibody.pdb
Converting SMILES to graph: 346/500
7rk1B_antigen.pdb  5dupHL_antibody.pdb
Converting SMILES to graph: 347/500
7rk1B_antigen.pdb  2y5tAB_antibody.pdb
Converting SMILES to graph: 348/500
7rk2B_antigen.pdb  4jqiHL_antibody.pdb
Converting SMILES to graph: 349/500
7rk2B_antigen.pdb  7rksHL_antibody.pdb
Converting SMILES to graph: 350/500
7rk2B_antigen.pdb  6mwcCD_antibody.pdb
Converting SMILES to graph: 351/500
7rk2B_antigen.pdb  7nirF_antibody.pdb
Converting SMILES to graph: 352/500
7rk2B_antigen.pdb  4hkxAB_antibody.pdb
Converting SMILES to graph: 353/500
7rk2B_antigen.pdb  4hjjH_antibody.pdb
Converting SMILES to graph: 354/500
7rkfAB_antigen.pdb  5dlmHL_antibody.pdb
Converting SMILES to graph: 355/500
7rkfAB_antigen.pdb  7jtgAB_antibody.pdb
Converting SMILES to graph: 356/500
7rkfAB_antigen.pdb  5xcqAB_antibody.pdb
Converting SMILES to graph: 357/500
7rkfAB_antigen.pdb  7x90EF_antibody.pdb
Converting SMILES to graph: 358/500
7rkfAB_antigen.pdb  7f9wBC_antibody.pdb
Converting SMILES to graph: 359/500
7rkfAB_antigen.pdb  8dccHL_antibody.pdb
Converting SMILES to graph: 360/500
7rkmAB_antigen.pdb  8fb7AB_antibody.pdb
Converting SMILES to graph: 361/500
7rkmAB_antigen.pdb  6z2mBC_antibody.pdb
Converting SMILES to graph: 362/500
7rkmAB_antigen.pdb  7sqpB_antibody.pdb
Converting SMILES to graph: 363/500
7rkmAB_antigen.pdb  7oaqA_antibody.pdb
Converting SMILES to graph: 364/500
7rkmAB_antigen.pdb  7y26Dd_antibody.pdb
Converting SMILES to graph: 365/500
7rkmAB_antigen.pdb  8dz3HL_antibody.pdb
Converting SMILES to graph: 366/500
7rknAB_antigen.pdb  4s1sHL_antibody.pdb
Converting SMILES to graph: 367/500
7rknAB_antigen.pdb  7ws5IH_antibody.pdb
Converting SMILES to graph: 368/500
7rknAB_antigen.pdb  8g9xHL_antibody.pdb
Converting SMILES to graph: 369/500
7rknAB_antigen.pdb  7cw3qr_antibody.pdb
Converting SMILES to graph: 370/500
7rknAB_antigen.pdb  8duaHL_antibody.pdb
Converting SMILES to graph: 371/500
7rknAB_antigen.pdb  7enfPO_antibody.pdb
Converting SMILES to graph: 372/500
7rksR_antigen.pdb  8g3pCI_antibody.pdb
Converting SMILES to graph: 373/500
7rksR_antigen.pdb  7ymsFE_antibody.pdb
Converting SMILES to graph: 374/500
7rksR_antigen.pdb  5w3pHL_antibody.pdb
Converting SMILES to graph: 375/500
7rksR_antigen.pdb  3jccCB_antibody.pdb
Converting SMILES to graph: 376/500
7rksR_antigen.pdb  1melA_antibody.pdb
Converting SMILES to graph: 377/500
7rksR_antigen.pdb  8slbHL_antibody.pdb
Converting SMILES to graph: 378/500
7rkuBC_antigen.pdb  7z12BC_antibody.pdb
Converting SMILES to graph: 379/500
7rkuBC_antigen.pdb  6wqoBC_antibody.pdb
Converting SMILES to graph: 380/500
7rkuBC_antigen.pdb  7e9nHL_antibody.pdb
Converting SMILES to graph: 381/500
7rkuBC_antigen.pdb  4ut6IM_antibody.pdb
Converting SMILES to graph: 382/500
7rkuBC_antigen.pdb  8g9yHL_antibody.pdb
Converting SMILES to graph: 383/500
7rkuBC_antigen.pdb  7aqyD_antibody.pdb
Converting SMILES to graph: 384/500
7rkvB_antigen.pdb  4j6rHL_antibody.pdb
Converting SMILES to graph: 385/500
7rkvB_antigen.pdb  7vgxSs_antibody.pdb
Converting SMILES to graph: 386/500
7rkvB_antigen.pdb  7e88DE_antibody.pdb
Converting SMILES to graph: 387/500
7rkvB_antigen.pdb  6p95DE_antibody.pdb
Converting SMILES to graph: 388/500
7rkvB_antigen.pdb  7v4wBA_antibody.pdb
Converting SMILES to graph: 389/500
7rkvB_antigen.pdb  6b0gDC_antibody.pdb
Converting SMILES to graph: 390/500
7rkxAB_antigen.pdb  6ousQR_antibody.pdb
Converting SMILES to graph: 391/500
7rkxAB_antigen.pdb  7e5oHL_antibody.pdb
Converting SMILES to graph: 392/500
7rkxAB_antigen.pdb  5zv3HL_antibody.pdb
Converting SMILES to graph: 393/500
7rkxAB_antigen.pdb  7kqkHL_antibody.pdb
Converting SMILES to graph: 394/500
7rkxAB_antigen.pdb  4yxhHL_antibody.pdb
Converting SMILES to graph: 395/500
7rkxAB_antigen.pdb  7pa8YF_antibody.pdb
Converting SMILES to graph: 396/500
7rkyAB_antigen.pdb  6xdgBD_antibody.pdb
Converting SMILES to graph: 397/500
7rkyAB_antigen.pdb  7x2tHL_antibody.pdb
Converting SMILES to graph: 398/500
7rkyAB_antigen.pdb  4xt1C_antibody.pdb
Converting SMILES to graph: 399/500
7rkyAB_antigen.pdb  8h3cBb_antibody.pdb
Converting SMILES to graph: 400/500
7rkyAB_antigen.pdb  7ew4Ss_antibody.pdb
Converting SMILES to graph: 401/500
7rkyAB_antigen.pdb  6hgaHL_antibody.pdb
Converting SMILES to graph: 402/500
7rlvQ_antigen.pdb  7o9sHL_antibody.pdb
Converting SMILES to graph: 403/500
7rlvQ_antigen.pdb  7wlyPO_antibody.pdb
Converting SMILES to graph: 404/500
7rlvQ_antigen.pdb  4n90HI_antibody.pdb
Converting SMILES to graph: 405/500
7rlvQ_antigen.pdb  4jzjHL_antibody.pdb
Converting SMILES to graph: 406/500
7rlvQ_antigen.pdb  6hukG_antibody.pdb
Converting SMILES to graph: 407/500
7rlvQ_antigen.pdb  5o4oBA_antibody.pdb
Converting SMILES to graph: 408/500
7rlwR_antigen.pdb  4ot1HL_antibody.pdb
Converting SMILES to graph: 409/500
7rlwR_antigen.pdb  7ps6HL_antibody.pdb
Converting SMILES to graph: 410/500
7rlwR_antigen.pdb  8hnlSs_antibody.pdb
Converting SMILES to graph: 411/500
7rlwR_antigen.pdb  8g30EF_antibody.pdb
Converting SMILES to graph: 412/500
7rlwR_antigen.pdb  6orpDE_antibody.pdb
Converting SMILES to graph: 413/500
7rlwR_antigen.pdb  6oppGI_antibody.pdb
Converting SMILES to graph: 414/500
7rlxP_antigen.pdb  7sjpHL_antibody.pdb
Converting SMILES to graph: 415/500
7rlxP_antigen.pdb  4lsvHL_antibody.pdb
Converting SMILES to graph: 416/500
7rlxP_antigen.pdb  8jlkSs_antibody.pdb
Converting SMILES to graph: 417/500
7rlxP_antigen.pdb  8j6pSs_antibody.pdb
Converting SMILES to graph: 418/500
7rlxP_antigen.pdb  7z1aE_antibody.pdb
Converting SMILES to graph: 419/500
7rlxP_antigen.pdb  8jlzN_antibody.pdb
Converting SMILES to graph: 420/500
7rlyP_antigen.pdb  7oauB_antibody.pdb
Converting SMILES to graph: 421/500
7rlyP_antigen.pdb  7theBC_antibody.pdb
Converting SMILES to graph: 422/500
7rlyP_antigen.pdb  7xikHL_antibody.pdb
Converting SMILES to graph: 423/500
7rlyP_antigen.pdb  8hhxFG_antibody.pdb
Converting SMILES to graph: 424/500
7rlyP_antigen.pdb  1egjHL_antibody.pdb
Converting SMILES to graph: 425/500
7rlyP_antigen.pdb  6jszD_antibody.pdb
Converting SMILES to graph: 426/500
7rlzR_antigen.pdb  7wosDd_antibody.pdb
Converting SMILES to graph: 427/500
7rlzR_antigen.pdb  4tukHL_antibody.pdb
Converting SMILES to graph: 428/500
7rlzR_antigen.pdb  4nc0B_antibody.pdb
Converting SMILES to graph: 429/500
7rlzR_antigen.pdb  7y7mFG_antibody.pdb
Converting SMILES to graph: 430/500
7rlzR_antigen.pdb  8eyhD_antibody.pdb
Converting SMILES to graph: 431/500
7rlzR_antigen.pdb  5mubIJ_antibody.pdb
Converting SMILES to graph: 432/500
7rm0P_antigen.pdb  6wasHL_antibody.pdb
Converting SMILES to graph: 433/500
7rm0P_antigen.pdb  7mnlHL_antibody.pdb
Converting SMILES to graph: 434/500
7rm0P_antigen.pdb  4xh2AB_antibody.pdb
Converting SMILES to graph: 435/500
7rm0P_antigen.pdb  6awnBC_antibody.pdb
Converting SMILES to graph: 436/500
7rm0P_antigen.pdb  7weeHL_antibody.pdb
Converting SMILES to graph: 437/500
7rm1P_antigen.pdb  6bitJL_antibody.pdb
Converting SMILES to graph: 438/500
7rm1P_antigen.pdb  4olxHL_antibody.pdb
Converting SMILES to graph: 439/500
7rm1P_antigen.pdb  6cdpAB_antibody.pdb
Converting SMILES to graph: 440/500
7rm1P_antigen.pdb  8ilxC_antibody.pdb
Converting SMILES to graph: 441/500
7rm1P_antigen.pdb  3lh2KO_antibody.pdb
Converting SMILES to graph: 442/500
7rm1P_antigen.pdb  8el2HL_antibody.pdb
Converting SMILES to graph: 443/500
7rm3P_antigen.pdb  8j6pSs_antibody.pdb
Converting SMILES to graph: 444/500
7rm3P_antigen.pdb  7tpdEF_antibody.pdb
Converting SMILES to graph: 445/500
7rm3P_antigen.pdb  6j5fHL_antibody.pdb
Converting SMILES to graph: 446/500
7rm3P_antigen.pdb  6ohgCB_antibody.pdb
Converting SMILES to graph: 447/500
7rm3P_antigen.pdb  5o04C_antibody.pdb
Converting SMILES to graph: 448/500
7rm3P_antigen.pdb  7sq1HL_antibody.pdb
Converting SMILES to graph: 449/500
7rmgAB_antigen.pdb  8fl1HL_antibody.pdb
Converting SMILES to graph: 450/500
7rmgAB_antigen.pdb  3idmBA_antibody.pdb
Converting SMILES to graph: 451/500
7rmgAB_antigen.pdb  6z7zBA_antibody.pdb
Converting SMILES to graph: 452/500
7rmgAB_antigen.pdb  5ec1AB_antibody.pdb
Converting SMILES to graph: 453/500
7rmgAB_antigen.pdb  6yz7D_antibody.pdb
Converting SMILES to graph: 454/500
7rmgAB_antigen.pdb  8t07CD_antibody.pdb
Converting SMILES to graph: 455/500
7rmhAB_antigen.pdb  7ketAB_antibody.pdb
Converting SMILES to graph: 456/500
7rmhAB_antigen.pdb  7ljaGF_antibody.pdb
Converting SMILES to graph: 457/500
7rmhAB_antigen.pdb  8djgAB_antibody.pdb
Converting SMILES to graph: 458/500
7rmhAB_antigen.pdb  5mp1FG_antibody.pdb
Converting SMILES to graph: 459/500
7rmhAB_antigen.pdb  4r3sAB_antibody.pdb
Converting SMILES to graph: 460/500
7rmhAB_antigen.pdb  6adaCD_antibody.pdb
Converting SMILES to graph: 461/500
7rmiAB_antigen.pdb  7qu1AB_antibody.pdb
Converting SMILES to graph: 462/500
7rmiAB_antigen.pdb  8ucdHL_antibody.pdb
Converting SMILES to graph: 463/500
7rmiAB_antigen.pdb  7mlvLM_antibody.pdb
Converting SMILES to graph: 464/500
7rmiAB_antigen.pdb  7nqkB_antibody.pdb
Converting SMILES to graph: 465/500
7rmiAB_antigen.pdb  6oppGI_antibody.pdb
Converting SMILES to graph: 466/500
7rmiAB_antigen.pdb  7s0dHL_antibody.pdb
Converting SMILES to graph: 467/500
7rnjB_antigen.pdb  8be5C_antibody.pdb
Converting SMILES to graph: 468/500
7rnjB_antigen.pdb  7fh0B_antibody.pdb
Converting SMILES to graph: 469/500
7rnjB_antigen.pdb  6ocdB_antibody.pdb
Converting SMILES to graph: 470/500
7rnjB_antigen.pdb  6dfiHL_antibody.pdb
Converting SMILES to graph: 471/500
7rnjB_antigen.pdb  6p9yN_antibody.pdb
Converting SMILES to graph: 472/500
7rnjB_antigen.pdb  7zliHL_antibody.pdb
Converting SMILES to graph: 473/500
7rnnD_antigen.pdb  7chyHL_antibody.pdb
Converting SMILES to graph: 474/500
7rnnD_antigen.pdb  7k84B_antibody.pdb
Converting SMILES to graph: 475/500
7rnnD_antigen.pdb  4lvoCB_antibody.pdb
Converting SMILES to graph: 476/500
7rnnD_antigen.pdb  6mtpHL_antibody.pdb
Converting SMILES to graph: 477/500
7rnnD_antigen.pdb  7nd3HL_antibody.pdb
Converting SMILES to graph: 478/500
7rnnD_antigen.pdb  6ousQR_antibody.pdb
Converting SMILES to graph: 479/500
7rp0C_antigen.pdb  6z7yBA_antibody.pdb
Converting SMILES to graph: 480/500
7rp0C_antigen.pdb  7cwsPM_antibody.pdb
Converting SMILES to graph: 481/500
7rp0C_antigen.pdb  7mduHL_antibody.pdb
Converting SMILES to graph: 482/500
7rp0C_antigen.pdb  6xprBC_antibody.pdb
Converting SMILES to graph: 483/500
7rp0C_antigen.pdb  8sgjHL_antibody.pdb
Converting SMILES to graph: 484/500
7rp0C_antigen.pdb  5c0rHL_antibody.pdb
Converting SMILES to graph: 485/500
7rp2A_antigen.pdb  7vigEe_antibody.pdb
Converting SMILES to graph: 486/500
7rp2A_antigen.pdb  8en0D_antibody.pdb
Converting SMILES to graph: 487/500
7rp2A_antigen.pdb  8hdpN_antibody.pdb
Converting SMILES to graph: 488/500
7rp2A_antigen.pdb  6ukjHL_antibody.pdb
Converting SMILES to graph: 489/500
7rp2A_antigen.pdb  7wp2HL_antibody.pdb
Converting SMILES to graph: 490/500
7rp2A_antigen.pdb  8ag1HL_antibody.pdb
Converting SMILES to graph: 491/500
7rp3A_antigen.pdb  7tyhN_antibody.pdb
Converting SMILES to graph: 492/500
7rp3A_antigen.pdb  7t2hEe_antibody.pdb
Converting SMILES to graph: 493/500
7rp3A_antigen.pdb  4n1hD_antibody.pdb
Converting SMILES to graph: 494/500
7rp3A_antigen.pdb  1dzbAa_antibody.pdb
Converting SMILES to graph: 495/500
7rp3A_antigen.pdb  7so9ED_antibody.pdb
Converting SMILES to graph: 496/500
7rp3A_antigen.pdb  6witHL_antibody.pdb
Converting SMILES to graph: 497/500
7rpuP_antigen.pdb  7buaHL_antibody.pdb
Converting SMILES to graph: 498/500
7rpuP_antigen.pdb  4hkxAB_antibody.pdb
Converting SMILES to graph: 499/500
7rpuP_antigen.pdb  8hedGF_antibody.pdb
Converting SMILES to graph: 500/500
7rpuP_antigen.pdb  4xmkHL_antibody.pdb
Graph construction done. Saving to file.
