Converting SMILES to graph: 1/500
5wkoWT_antigen.pdb  7wbzHL_antibody.pdb
Converting SMILES to graph: 2/500
5wkoWT_antigen.pdb  7x6aHL_antibody.pdb
Converting SMILES to graph: 3/500
5wkoWT_antigen.pdb  8g4xHL_antibody.pdb
Converting SMILES to graph: 4/500
5wn9A_antigen.pdb  7ufwHh_antibody.pdb
Converting SMILES to graph: 5/500
5wn9A_antigen.pdb  4dkeIM_antibody.pdb
Converting SMILES to graph: 6/500
5wn9A_antigen.pdb  7o9sHL_antibody.pdb
Converting SMILES to graph: 7/500
5wn9A_antigen.pdb  7ymjD_antibody.pdb
Converting SMILES to graph: 8/500
5wn9A_antigen.pdb  4yueHL_antibody.pdb
Converting SMILES to graph: 9/500
5wn9A_antigen.pdb  6p7hAB_antibody.pdb
Converting SMILES to graph: 10/500
5wnaB_antigen.pdb  7nvln_antibody.pdb
Converting SMILES to graph: 11/500
5wnaB_antigen.pdb  7jvpN_antibody.pdb
Converting SMILES to graph: 12/500
5wnaB_antigen.pdb  3s35HL_antibody.pdb
Converting SMILES to graph: 13/500
5wnaB_antigen.pdb  1h0dBA_antibody.pdb
Converting SMILES to graph: 14/500
5wnaB_antigen.pdb  7rgpEe_antibody.pdb
Converting SMILES to graph: 15/500
5wnbB_antigen.pdb  8gnkHL_antibody.pdb
Converting SMILES to graph: 16/500
5wnbB_antigen.pdb  7rmiN_antibody.pdb
Converting SMILES to graph: 17/500
5wnbB_antigen.pdb  6pzyIL_antibody.pdb
Converting SMILES to graph: 18/500
5wnbB_antigen.pdb  8cz8Cc_antibody.pdb
Converting SMILES to graph: 19/500
5wnbB_antigen.pdb  6xlqEF_antibody.pdb
Converting SMILES to graph: 20/500
5wnbB_antigen.pdb  8g94Ee_antibody.pdb
Converting SMILES to graph: 21/500
5wobG_antigen.pdb  7vv5Ss_antibody.pdb
Converting SMILES to graph: 22/500
5wobG_antigen.pdb  7u0qGF_antibody.pdb
Converting SMILES to graph: 23/500
5wobG_antigen.pdb  8gb5BC_antibody.pdb
Converting SMILES to graph: 24/500
5wobG_antigen.pdb  6olpGI_antibody.pdb
Converting SMILES to graph: 25/500
5wobG_antigen.pdb  7mwxAB_antibody.pdb
Converting SMILES to graph: 26/500
5wt9G_antigen.pdb  5c7kAB_antibody.pdb
Converting SMILES to graph: 27/500
5wt9G_antigen.pdb  8gooDE_antibody.pdb
Converting SMILES to graph: 28/500
5wt9G_antigen.pdb  8as3HL_antibody.pdb
Converting SMILES to graph: 29/500
5wt9G_antigen.pdb  7zraE_antibody.pdb
Converting SMILES to graph: 30/500
5wt9G_antigen.pdb  5tokF_antibody.pdb
Converting SMILES to graph: 31/500
5wt9G_antigen.pdb  4nghHL_antibody.pdb
Converting SMILES to graph: 32/500
5wthB_antigen.pdb  8dwgEe_antibody.pdb
Converting SMILES to graph: 33/500
5wthB_antigen.pdb  2r6pDE_antibody.pdb
Converting SMILES to graph: 34/500
5wthB_antigen.pdb  6q6zB_antibody.pdb
Converting SMILES to graph: 35/500
5wthB_antigen.pdb  7p5yJ_antibody.pdb
Converting SMILES to graph: 36/500
5wthB_antigen.pdb  3v52HL_antibody.pdb
Converting SMILES to graph: 37/500
5wthB_antigen.pdb  1melA_antibody.pdb
Converting SMILES to graph: 38/500
5wttC_antigen.pdb  5gznCD_antibody.pdb
Converting SMILES to graph: 39/500
5wttC_antigen.pdb  7nd6HL_antibody.pdb
Converting SMILES to graph: 40/500
5wttC_antigen.pdb  7zf9HL_antibody.pdb
Converting SMILES to graph: 41/500
5wttC_antigen.pdb  7pa9KL_antibody.pdb
Converting SMILES to graph: 42/500
5wttC_antigen.pdb  7r7nHL_antibody.pdb
Converting SMILES to graph: 43/500
5wttC_antigen.pdb  7k66BC_antibody.pdb
Converting SMILES to graph: 44/500
5wuxG_antigen.pdb  3eysHL_antibody.pdb
Converting SMILES to graph: 45/500
5wuxG_antigen.pdb  5x2pJK_antibody.pdb
Converting SMILES to graph: 46/500
5wuxG_antigen.pdb  6sc9B_antibody.pdb
Converting SMILES to graph: 47/500
5wuxG_antigen.pdb  6e3yN_antibody.pdb
Converting SMILES to graph: 48/500
5wuxG_antigen.pdb  7slaB_antibody.pdb
Converting SMILES to graph: 49/500
5wuxG_antigen.pdb  7wtkHL_antibody.pdb
Converting SMILES to graph: 50/500
5x08P_antigen.pdb  7zoxB_antibody.pdb
Converting SMILES to graph: 51/500
5x08P_antigen.pdb  5cszHL_antibody.pdb
Converting SMILES to graph: 52/500
5x08P_antigen.pdb  6nfjB_antibody.pdb
Converting SMILES to graph: 53/500
5x08P_antigen.pdb  7wopBb_antibody.pdb
Converting SMILES to graph: 54/500
5x08P_antigen.pdb  5hbvDC_antibody.pdb
Converting SMILES to graph: 55/500
5x08P_antigen.pdb  6vjaHL_antibody.pdb
Converting SMILES to graph: 56/500
5x0tE_antigen.pdb  8bbnMN_antibody.pdb
Converting SMILES to graph: 57/500
5x0tE_antigen.pdb  6n4bSs_antibody.pdb
Converting SMILES to graph: 58/500
5x0tE_antigen.pdb  6w7sHL_antibody.pdb
Converting SMILES to graph: 59/500
5x0tE_antigen.pdb  6cwdBb_antibody.pdb
Converting SMILES to graph: 60/500
5x0tE_antigen.pdb  7mzlHL_antibody.pdb
Converting SMILES to graph: 61/500
5x0tE_antigen.pdb  6cxcGJ_antibody.pdb
Converting SMILES to graph: 62/500
5x2mCD_antigen.pdb  8ezkHh_antibody.pdb
Converting SMILES to graph: 63/500
5x2mCD_antigen.pdb  7ew1Ee_antibody.pdb
Converting SMILES to graph: 64/500
5x2mCD_antigen.pdb  8hiiHL_antibody.pdb
Converting SMILES to graph: 65/500
5x2mCD_antigen.pdb  7r58HL_antibody.pdb
Converting SMILES to graph: 66/500
5x2mCD_antigen.pdb  8fegFf_antibody.pdb
Converting SMILES to graph: 67/500
5x2mCD_antigen.pdb  8dpzFG_antibody.pdb
Converting SMILES to graph: 68/500
5x2nCD_antigen.pdb  7mepIG_antibody.pdb
Converting SMILES to graph: 69/500
5x2nCD_antigen.pdb  6w0jAB_antibody.pdb
Converting SMILES to graph: 70/500
5x2nCD_antigen.pdb  2hlfEF_antibody.pdb
Converting SMILES to graph: 71/500
5x2nCD_antigen.pdb  7zqtCD_antibody.pdb
Converting SMILES to graph: 72/500
5x2nCD_antigen.pdb  7zmpC_antibody.pdb
Converting SMILES to graph: 73/500
5x2nCD_antigen.pdb  7upxHL_antibody.pdb
Converting SMILES to graph: 74/500
5x2oCD_antigen.pdb  8sr0YZ_antibody.pdb
Converting SMILES to graph: 75/500
5x2oCD_antigen.pdb  4m8qAB_antibody.pdb
Converting SMILES to graph: 76/500
5x2oCD_antigen.pdb  1i9rKM_antibody.pdb
Converting SMILES to graph: 77/500
5x2oCD_antigen.pdb  8gy5AB_antibody.pdb
Converting SMILES to graph: 78/500
5x2oCD_antigen.pdb  6pv8HI_antibody.pdb
Converting SMILES to graph: 79/500
5x2oCD_antigen.pdb  6aruCB_antibody.pdb
Converting SMILES to graph: 80/500
5x2pC_antigen.pdb  4kklCD_antibody.pdb
Converting SMILES to graph: 81/500
5x2pC_antigen.pdb  4k9eHL_antibody.pdb
Converting SMILES to graph: 82/500
5x2pC_antigen.pdb  8sg1Ee_antibody.pdb
Converting SMILES to graph: 83/500
5x2pC_antigen.pdb  8fb6AB_antibody.pdb
Converting SMILES to graph: 84/500
5x2pC_antigen.pdb  3zksD_antibody.pdb
Converting SMILES to graph: 85/500
5x2pC_antigen.pdb  4yxhHL_antibody.pdb
Converting SMILES to graph: 86/500
5x2qAB_antigen.pdb  8aiaD_antibody.pdb
Converting SMILES to graph: 87/500
5x2qAB_antigen.pdb  3wfdHL_antibody.pdb
Converting SMILES to graph: 88/500
5x2qAB_antigen.pdb  8h4lN_antibody.pdb
Converting SMILES to graph: 89/500
5x2qAB_antigen.pdb  4dkaA_antibody.pdb
Converting SMILES to graph: 90/500
5x2qAB_antigen.pdb  7f7eCL_antibody.pdb
Converting SMILES to graph: 91/500
5x8lB_antigen.pdb  7x2hAB_antibody.pdb
Converting SMILES to graph: 92/500
5x8lB_antigen.pdb  3ebaA_antibody.pdb
Converting SMILES to graph: 93/500
5x8lB_antigen.pdb  1dzbAa_antibody.pdb
Converting SMILES to graph: 94/500
5x8lB_antigen.pdb  7si2GF_antibody.pdb
Converting SMILES to graph: 95/500
5x8lB_antigen.pdb  5js9AB_antibody.pdb
Converting SMILES to graph: 96/500
5x8mA_antigen.pdb  3j3pHL_antibody.pdb
Converting SMILES to graph: 97/500
5x8mA_antigen.pdb  8j1aSs_antibody.pdb
Converting SMILES to graph: 98/500
5x8mA_antigen.pdb  7uowHL_antibody.pdb
Converting SMILES to graph: 99/500
5x8mA_antigen.pdb  8fanAB_antibody.pdb
Converting SMILES to graph: 100/500
5x8mA_antigen.pdb  4qciHL_antibody.pdb
Converting SMILES to graph: 101/500
5x8mA_antigen.pdb  8fddAB_antibody.pdb
Converting SMILES to graph: 102/500
5xbmF_antigen.pdb  7ey5BC_antibody.pdb
Converting SMILES to graph: 103/500
5xbmF_antigen.pdb  7yv7FE_antibody.pdb
Converting SMILES to graph: 104/500
5xbmF_antigen.pdb  7jhjDd_antibody.pdb
Converting SMILES to graph: 105/500
5xbmF_antigen.pdb  8iw9Ss_antibody.pdb
Converting SMILES to graph: 106/500
5xbmF_antigen.pdb  2wubRQ_antibody.pdb
Converting SMILES to graph: 107/500
5xbmF_antigen.pdb  5y11AB_antibody.pdb
Converting SMILES to graph: 108/500
5xcqC_antigen.pdb  7b27C_antibody.pdb
Converting SMILES to graph: 109/500
5xcqC_antigen.pdb  7ps4BC_antibody.pdb
Converting SMILES to graph: 110/500
5xcqC_antigen.pdb  4o02HL_antibody.pdb
Converting SMILES to graph: 111/500
5xcqC_antigen.pdb  7weeHL_antibody.pdb
Converting SMILES to graph: 112/500
5xcqC_antigen.pdb  8g6uCD_antibody.pdb
Converting SMILES to graph: 113/500
5xcqC_antigen.pdb  3uajCD_antibody.pdb
Converting SMILES to graph: 114/500
5xcrC_antigen.pdb  5f9dC_antibody.pdb
Converting SMILES to graph: 115/500
5xcrC_antigen.pdb  7u9pHL_antibody.pdb
Converting SMILES to graph: 116/500
5xcrC_antigen.pdb  8c9xF_antibody.pdb
Converting SMILES to graph: 117/500
5xcrC_antigen.pdb  7y7mFG_antibody.pdb
Converting SMILES to graph: 118/500
5xcrC_antigen.pdb  8jiqN_antibody.pdb
Converting SMILES to graph: 119/500
5xcrC_antigen.pdb  5utzFG_antibody.pdb
Converting SMILES to graph: 120/500
5xcsC_antigen.pdb  7ps2HL_antibody.pdb
Converting SMILES to graph: 121/500
5xcsC_antigen.pdb  2bseF_antibody.pdb
Converting SMILES to graph: 122/500
5xcsC_antigen.pdb  3eyfBA_antibody.pdb
Converting SMILES to graph: 123/500
5xcsC_antigen.pdb  5xs7HL_antibody.pdb
Converting SMILES to graph: 124/500
5xcsC_antigen.pdb  6vmklk_antibody.pdb
Converting SMILES to graph: 125/500
5xcsC_antigen.pdb  8eevHL_antibody.pdb
Converting SMILES to graph: 126/500
5xctC_antigen.pdb  4v1dDE_antibody.pdb
Converting SMILES to graph: 127/500
5xctC_antigen.pdb  2j88HL_antibody.pdb
Converting SMILES to graph: 128/500
5xctC_antigen.pdb  8h4iD_antibody.pdb
Converting SMILES to graph: 129/500
5xctC_antigen.pdb  5ggtHL_antibody.pdb
Converting SMILES to graph: 130/500
5xctC_antigen.pdb  6r8xCB_antibody.pdb
Converting SMILES to graph: 131/500
5xctC_antigen.pdb  5uemHL_antibody.pdb
Converting SMILES to graph: 132/500
5xcuF_antigen.pdb  6uygHL_antibody.pdb
Converting SMILES to graph: 133/500
5xcuF_antigen.pdb  6zvfHL_antibody.pdb
Converting SMILES to graph: 134/500
5xcuF_antigen.pdb  7wwjGF_antibody.pdb
Converting SMILES to graph: 135/500
5xcuF_antigen.pdb  6apbHL_antibody.pdb
Converting SMILES to graph: 136/500
5xcuF_antigen.pdb  6phcAB_antibody.pdb
Converting SMILES to graph: 137/500
5xcuF_antigen.pdb  8iy5Ee_antibody.pdb
Converting SMILES to graph: 138/500
5xcvC_antigen.pdb  6sndHL_antibody.pdb
Converting SMILES to graph: 139/500
5xcvC_antigen.pdb  5immB_antibody.pdb
Converting SMILES to graph: 140/500
5xcvC_antigen.pdb  8d0yDE_antibody.pdb
Converting SMILES to graph: 141/500
5xcvC_antigen.pdb  8g5hJK_antibody.pdb
Converting SMILES to graph: 142/500
5xcvC_antigen.pdb  7lfbHL_antibody.pdb
Converting SMILES to graph: 143/500
5xcvC_antigen.pdb  4ma8HL_antibody.pdb
Converting SMILES to graph: 144/500
5xezB_antigen.pdb  3b2uFG_antibody.pdb
Converting SMILES to graph: 145/500
5xezB_antigen.pdb  7zkwC_antibody.pdb
Converting SMILES to graph: 146/500
5xezB_antigen.pdb  6jhtED_antibody.pdb
Converting SMILES to graph: 147/500
5xezB_antigen.pdb  7wd9EF_antibody.pdb
Converting SMILES to graph: 148/500
5xezB_antigen.pdb  6mwcCD_antibody.pdb
Converting SMILES to graph: 149/500
5xezB_antigen.pdb  8t7aDE_antibody.pdb
Converting SMILES to graph: 150/500
5xf1B_antigen.pdb  6vo3IK_antibody.pdb
Converting SMILES to graph: 151/500
5xf1B_antigen.pdb  7lrsDE_antibody.pdb
Converting SMILES to graph: 152/500
5xf1B_antigen.pdb  7vifEe_antibody.pdb
Converting SMILES to graph: 153/500
5xf1B_antigen.pdb  2qhrHL_antibody.pdb
Converting SMILES to graph: 154/500
5xf1B_antigen.pdb  8fluN_antibody.pdb
Converting SMILES to graph: 155/500
5xf1B_antigen.pdb  6wasHL_antibody.pdb
Converting SMILES to graph: 156/500
5xhvE_antigen.pdb  7yvfCA_antibody.pdb
Converting SMILES to graph: 157/500
5xhvE_antigen.pdb  7zmvK_antibody.pdb
Converting SMILES to graph: 158/500
5xhvE_antigen.pdb  7xp4N_antibody.pdb
Converting SMILES to graph: 159/500
5xhvE_antigen.pdb  6fv0F_antibody.pdb
Converting SMILES to graph: 160/500
5xhvE_antigen.pdb  7k63Nn_antibody.pdb
Converting SMILES to graph: 161/500
5xhvE_antigen.pdb  3gb7AB_antibody.pdb
Converting SMILES to graph: 162/500
5xj3C_antigen.pdb  7tyiN_antibody.pdb
Converting SMILES to graph: 163/500
5xj3C_antigen.pdb  7mjlHL_antibody.pdb
Converting SMILES to graph: 164/500
5xj3C_antigen.pdb  8bg6AB_antibody.pdb
Converting SMILES to graph: 165/500
5xj3C_antigen.pdb  6ldvHL_antibody.pdb
Converting SMILES to graph: 166/500
5xj3C_antigen.pdb  8fatAB_antibody.pdb
Converting SMILES to graph: 167/500
5xj3C_antigen.pdb  7m6iHL_antibody.pdb
Converting SMILES to graph: 168/500
5xj4A_antigen.pdb  5a2kHh_antibody.pdb
Converting SMILES to graph: 169/500
5xj4A_antigen.pdb  1xctDC_antibody.pdb
Converting SMILES to graph: 170/500
5xj4A_antigen.pdb  6x9rHL_antibody.pdb
Converting SMILES to graph: 171/500
5xj4A_antigen.pdb  1nbzBA_antibody.pdb
Converting SMILES to graph: 172/500
5xj4A_antigen.pdb  8ee8HL_antibody.pdb
Converting SMILES to graph: 173/500
5xjmA_antigen.pdb  7uvoAB_antibody.pdb
Converting SMILES to graph: 174/500
5xjmA_antigen.pdb  8en2C_antibody.pdb
Converting SMILES to graph: 175/500
5xjmA_antigen.pdb  6gk4E_antibody.pdb
Converting SMILES to graph: 176/500
5xjmA_antigen.pdb  6qtlB_antibody.pdb
Converting SMILES to graph: 177/500
5xjmA_antigen.pdb  7e6uB_antibody.pdb
Converting SMILES to graph: 178/500
5xjmA_antigen.pdb  6v7yF_antibody.pdb
Converting SMILES to graph: 179/500
5xkuA_antigen.pdb  7m51HL_antibody.pdb
Converting SMILES to graph: 180/500
5xkuA_antigen.pdb  8jljSs_antibody.pdb
Converting SMILES to graph: 181/500
5xkuA_antigen.pdb  6gjuB_antibody.pdb
Converting SMILES to graph: 182/500
5xkuA_antigen.pdb  8g4oHL_antibody.pdb
Converting SMILES to graph: 183/500
5xkuA_antigen.pdb  7r8uHL_antibody.pdb
Converting SMILES to graph: 184/500
5xkuA_antigen.pdb  6wo3HL_antibody.pdb
Converting SMILES to graph: 185/500
5xmhA_antigen.pdb  3h3pIM_antibody.pdb
Converting SMILES to graph: 186/500
5xmhA_antigen.pdb  6n50E_antibody.pdb
Converting SMILES to graph: 187/500
5xmhA_antigen.pdb  7mjtAB_antibody.pdb
Converting SMILES to graph: 188/500
5xmhA_antigen.pdb  7li9BC_antibody.pdb
Converting SMILES to graph: 189/500
5xmhA_antigen.pdb  4ma7HL_antibody.pdb
Converting SMILES to graph: 190/500
5xmhA_antigen.pdb  8hnmSs_antibody.pdb
Converting SMILES to graph: 191/500
5xs7A_antigen.pdb  7ru3HL_antibody.pdb
Converting SMILES to graph: 192/500
5xs7A_antigen.pdb  6otcHL_antibody.pdb
Converting SMILES to graph: 193/500
5xs7A_antigen.pdb  8g3oEF_antibody.pdb
Converting SMILES to graph: 194/500
5xs7A_antigen.pdb  1ejoHL_antibody.pdb
Converting SMILES to graph: 195/500
5xs7A_antigen.pdb  4belD_antibody.pdb
Converting SMILES to graph: 196/500
5xs7A_antigen.pdb  1zvhA_antibody.pdb
Converting SMILES to graph: 197/500
5xwdA_antigen.pdb  1sm3HL_antibody.pdb
Converting SMILES to graph: 198/500
5xwdA_antigen.pdb  7dhrN_antibody.pdb
Converting SMILES to graph: 199/500
5xwdA_antigen.pdb  7stsAB_antibody.pdb
Converting SMILES to graph: 200/500
5xwdA_antigen.pdb  7tpdEF_antibody.pdb
Converting SMILES to graph: 201/500
5xwdA_antigen.pdb  3j697_antibody.pdb
Converting SMILES to graph: 202/500
5xwdA_antigen.pdb  2qqnHL_antibody.pdb
Converting SMILES to graph: 203/500
5xxyA_antigen.pdb  8fl1HL_antibody.pdb
Converting SMILES to graph: 204/500
5xxyA_antigen.pdb  7r98E_antibody.pdb
Converting SMILES to graph: 205/500
5xxyA_antigen.pdb  7wp5HL_antibody.pdb
Converting SMILES to graph: 206/500
5xxyA_antigen.pdb  3cxhUV_antibody.pdb
Converting SMILES to graph: 207/500
5xxyA_antigen.pdb  7kh0N_antibody.pdb
Converting SMILES to graph: 208/500
5xxyA_antigen.pdb  7dw9Ss_antibody.pdb
Converting SMILES to graph: 209/500
5y0aA_antigen.pdb  7fg2D_antibody.pdb
Converting SMILES to graph: 210/500
5y0aA_antigen.pdb  4lu5IM_antibody.pdb
Converting SMILES to graph: 211/500
5y0aA_antigen.pdb  6nipHL_antibody.pdb
Converting SMILES to graph: 212/500
5y0aA_antigen.pdb  4belD_antibody.pdb
Converting SMILES to graph: 213/500
5y0aA_antigen.pdb  2p8lBA_antibody.pdb
Converting SMILES to graph: 214/500
5y0aA_antigen.pdb  4xvsHL_antibody.pdb
Converting SMILES to graph: 215/500
5y11C_antigen.pdb  6x5bIF_antibody.pdb
Converting SMILES to graph: 216/500
5y11C_antigen.pdb  5j9pAB_antibody.pdb
Converting SMILES to graph: 217/500
5y11C_antigen.pdb  6wzmCD_antibody.pdb
Converting SMILES to graph: 218/500
5y11C_antigen.pdb  4y5yDE_antibody.pdb
Converting SMILES to graph: 219/500
5y11C_antigen.pdb  7r4rD_antibody.pdb
Converting SMILES to graph: 220/500
5y11C_antigen.pdb  2bdnHL_antibody.pdb
Converting SMILES to graph: 221/500
5y2lBA_antigen.pdb  7zf8HL_antibody.pdb
Converting SMILES to graph: 222/500
5y2lBA_antigen.pdb  8ahnHL_antibody.pdb
Converting SMILES to graph: 223/500
5y2lBA_antigen.pdb  1f90HL_antibody.pdb
Converting SMILES to graph: 224/500
5y2lBA_antigen.pdb  7v5jED_antibody.pdb
Converting SMILES to graph: 225/500
5y2lBA_antigen.pdb  4q0xHL_antibody.pdb
Converting SMILES to graph: 226/500
5y2lBA_antigen.pdb  8dw2DC_antibody.pdb
Converting SMILES to graph: 227/500
5y2mDAC_antigen.pdb  7nxbAB_antibody.pdb
Converting SMILES to graph: 228/500
5y2mDAC_antigen.pdb  7k93Kk_antibody.pdb
Converting SMILES to graph: 229/500
5y2mDAC_antigen.pdb  7ucyEF_antibody.pdb
Converting SMILES to graph: 230/500
5y2mDAC_antigen.pdb  6nhaHL_antibody.pdb
Converting SMILES to graph: 231/500
5y2mDAC_antigen.pdb  5ip4A_antibody.pdb
Converting SMILES to graph: 232/500
5y2mDAC_antigen.pdb  4bh7BA_antibody.pdb
Converting SMILES to graph: 233/500
5y7zB_antigen.pdb  7sbfEe_antibody.pdb
Converting SMILES to graph: 234/500
5y7zB_antigen.pdb  7q0iHL_antibody.pdb
Converting SMILES to graph: 235/500
5y7zB_antigen.pdb  6j11FG_antibody.pdb
Converting SMILES to graph: 236/500
5y7zB_antigen.pdb  6eqcFf_antibody.pdb
Converting SMILES to graph: 237/500
5y7zB_antigen.pdb  7kf0AB_antibody.pdb
Converting SMILES to graph: 238/500
5y7zB_antigen.pdb  2vxtHL_antibody.pdb
Converting SMILES to graph: 239/500
5y80A_antigen.pdb  6w0aAB_antibody.pdb
Converting SMILES to graph: 240/500
5y80A_antigen.pdb  3lhpHL_antibody.pdb
Converting SMILES to graph: 241/500
5y80A_antigen.pdb  7ew0Ee_antibody.pdb
Converting SMILES to graph: 242/500
5y80A_antigen.pdb  4g3yHL_antibody.pdb
Converting SMILES to graph: 243/500
5y80A_antigen.pdb  5k9qUV_antibody.pdb
Converting SMILES to graph: 244/500
5y80A_antigen.pdb  6u6uHL_antibody.pdb
Converting SMILES to graph: 245/500
5y9cDACE_antigen.pdb  8hj2N_antibody.pdb
Converting SMILES to graph: 246/500
5y9cDACE_antigen.pdb  7beiHL_antibody.pdb
Converting SMILES to graph: 247/500
5y9cDACE_antigen.pdb  7y64Ss_antibody.pdb
Converting SMILES to graph: 248/500
5y9cDACE_antigen.pdb  4g6fHL_antibody.pdb
Converting SMILES to graph: 249/500
5y9cDACE_antigen.pdb  4xphHL_antibody.pdb
Converting SMILES to graph: 250/500
5y9cDACE_antigen.pdb  2hkfHL_antibody.pdb
Converting SMILES to graph: 251/500
5y9fC_antigen.pdb  8cycD_antibody.pdb
Converting SMILES to graph: 252/500
5y9fC_antigen.pdb  5jhlHL_antibody.pdb
Converting SMILES to graph: 253/500
5y9fC_antigen.pdb  5y80B_antibody.pdb
Converting SMILES to graph: 254/500
5y9fC_antigen.pdb  8fa6HL_antibody.pdb
Converting SMILES to graph: 255/500
5y9fC_antigen.pdb  7u0jKk_antibody.pdb
Converting SMILES to graph: 256/500
5y9fC_antigen.pdb  7mnmKM_antibody.pdb
Converting SMILES to graph: 257/500
5y9jA_antigen.pdb  6by3AB_antibody.pdb
Converting SMILES to graph: 258/500
5y9jA_antigen.pdb  5cwsHG_antibody.pdb
Converting SMILES to graph: 259/500
5y9jA_antigen.pdb  7f46HL_antibody.pdb
Converting SMILES to graph: 260/500
5y9jA_antigen.pdb  7wp1HL_antibody.pdb
Converting SMILES to graph: 261/500
5y9jA_antigen.pdb  1xctDC_antibody.pdb
Converting SMILES to graph: 262/500
5y9jA_antigen.pdb  1jhlHL_antibody.pdb
Converting SMILES to graph: 263/500
5yaxC_antigen.pdb  7kbtEF_antibody.pdb
Converting SMILES to graph: 264/500
5yaxC_antigen.pdb  4k2uIM_antibody.pdb
Converting SMILES to graph: 265/500
5yaxC_antigen.pdb  2adfHL_antibody.pdb
Converting SMILES to graph: 266/500
5yaxC_antigen.pdb  4uaoCB_antibody.pdb
Converting SMILES to graph: 267/500
5yaxC_antigen.pdb  8fg0CD_antibody.pdb
Converting SMILES to graph: 268/500
5yaxC_antigen.pdb  1f90HL_antibody.pdb
Converting SMILES to graph: 269/500
5yd3H_antigen.pdb  7xtaEe_antibody.pdb
Converting SMILES to graph: 270/500
5yd3H_antigen.pdb  5f3bEF_antibody.pdb
Converting SMILES to graph: 271/500
5yd3H_antigen.pdb  8dcyAB_antibody.pdb
Converting SMILES to graph: 272/500
5yd3H_antigen.pdb  7k5xNn_antibody.pdb
Converting SMILES to graph: 273/500
5yd3H_antigen.pdb  6ot1JK_antibody.pdb
Converting SMILES to graph: 274/500
5yd3H_antigen.pdb  7raqHL_antibody.pdb
Converting SMILES to graph: 275/500
5yd4B_antigen.pdb  6qfaK_antibody.pdb
Converting SMILES to graph: 276/500
5yd4B_antigen.pdb  6nbfN_antibody.pdb
Converting SMILES to graph: 277/500
5yd4B_antigen.pdb  7l58HL_antibody.pdb
Converting SMILES to graph: 278/500
5yd4B_antigen.pdb  7msqDE_antibody.pdb
Converting SMILES to graph: 279/500
5yd4B_antigen.pdb  6ofiHL_antibody.pdb
Converting SMILES to graph: 280/500
5yd4B_antigen.pdb  7mnmKM_antibody.pdb
Converting SMILES to graph: 281/500
5yd5D_antigen.pdb  7v05Aa_antibody.pdb
Converting SMILES to graph: 282/500
5yd5D_antigen.pdb  6ul4B_antibody.pdb
Converting SMILES to graph: 283/500
5yd5D_antigen.pdb  7yitD_antibody.pdb
Converting SMILES to graph: 284/500
5yd5D_antigen.pdb  7tyiN_antibody.pdb
Converting SMILES to graph: 285/500
5yd5D_antigen.pdb  5bozI_antibody.pdb
Converting SMILES to graph: 286/500
5yd5D_antigen.pdb  4o58HL_antibody.pdb
Converting SMILES to graph: 287/500
5ye4E_antigen.pdb  8iv4HL_antibody.pdb
Converting SMILES to graph: 288/500
5ye4E_antigen.pdb  5vodHL_antibody.pdb
Converting SMILES to graph: 289/500
5ye4E_antigen.pdb  6vy5HL_antibody.pdb
Converting SMILES to graph: 290/500
5ye4E_antigen.pdb  6h16B_antibody.pdb
Converting SMILES to graph: 291/500
5ye4E_antigen.pdb  7wp5HL_antibody.pdb
Converting SMILES to graph: 292/500
5yhlA_antigen.pdb  7caiED_antibody.pdb
Converting SMILES to graph: 293/500
5yhlA_antigen.pdb  7ezvMN_antibody.pdb
Converting SMILES to graph: 294/500
5yhlA_antigen.pdb  3moaHL_antibody.pdb
Converting SMILES to graph: 295/500
5yhlA_antigen.pdb  3so3CB_antibody.pdb
Converting SMILES to graph: 296/500
5yhlA_antigen.pdb  5n09IM_antibody.pdb
Converting SMILES to graph: 297/500
5yhlA_antigen.pdb  3j8zIM_antibody.pdb
Converting SMILES to graph: 298/500
5yoyK_antigen.pdb  4hj0CD_antibody.pdb
Converting SMILES to graph: 299/500
5yoyK_antigen.pdb  6lraHL_antibody.pdb
Converting SMILES to graph: 300/500
5yoyK_antigen.pdb  7e39CB_antibody.pdb
Converting SMILES to graph: 301/500
5yoyK_antigen.pdb  8dw2DC_antibody.pdb
Converting SMILES to graph: 302/500
5yoyK_antigen.pdb  7qbgE_antibody.pdb
Converting SMILES to graph: 303/500
5yoyK_antigen.pdb  8dphEe_antibody.pdb
Converting SMILES to graph: 304/500
5ywoC_antigen.pdb  7r87CD_antibody.pdb
Converting SMILES to graph: 305/500
5ywoC_antigen.pdb  2uziHL_antibody.pdb
Converting SMILES to graph: 306/500
5ywoC_antigen.pdb  7k76HL_antibody.pdb
Converting SMILES to graph: 307/500
5ywoC_antigen.pdb  5yy4Aa_antibody.pdb
Converting SMILES to graph: 308/500
5ywoC_antigen.pdb  7buaHL_antibody.pdb
Converting SMILES to graph: 309/500
5ywpA_antigen.pdb  8savCD_antibody.pdb
Converting SMILES to graph: 310/500
5ywpA_antigen.pdb  6ocaD_antibody.pdb
Converting SMILES to graph: 311/500
5ywpA_antigen.pdb  8fu6N_antibody.pdb
Converting SMILES to graph: 312/500
5ywpA_antigen.pdb  7um5Ee_antibody.pdb
Converting SMILES to graph: 313/500
5ywpA_antigen.pdb  2visBA_antibody.pdb
Converting SMILES to graph: 314/500
5ywpA_antigen.pdb  7x1mAB_antibody.pdb
Converting SMILES to graph: 315/500
5ywyA_antigen.pdb  6x87EF_antibody.pdb
Converting SMILES to graph: 316/500
5ywyA_antigen.pdb  7wo7AB_antibody.pdb
Converting SMILES to graph: 317/500
5ywyA_antigen.pdb  6zerHL_antibody.pdb
Converting SMILES to graph: 318/500
5ywyA_antigen.pdb  3tjeHL_antibody.pdb
Converting SMILES to graph: 319/500
5ywyA_antigen.pdb  5u7mHL_antibody.pdb
Converting SMILES to graph: 320/500
5ywyA_antigen.pdb  7wicSs_antibody.pdb
Converting SMILES to graph: 321/500
5yy4B_antigen.pdb  4nnpHL_antibody.pdb
Converting SMILES to graph: 322/500
5yy4B_antigen.pdb  1uacHL_antibody.pdb
Converting SMILES to graph: 323/500
5yy4B_antigen.pdb  7y24Ss_antibody.pdb
Converting SMILES to graph: 324/500
5yy4B_antigen.pdb  3wheOP_antibody.pdb
Converting SMILES to graph: 325/500
5yy4B_antigen.pdb  7y6lHL_antibody.pdb
Converting SMILES to graph: 326/500
5yy4B_antigen.pdb  8dulHL_antibody.pdb
Converting SMILES to graph: 327/500
5yy5A_antigen.pdb  7ul7HL_antibody.pdb
Converting SMILES to graph: 328/500
5yy5A_antigen.pdb  4krmF_antibody.pdb
Converting SMILES to graph: 329/500
5yy5A_antigen.pdb  8izbN_antibody.pdb
Converting SMILES to graph: 330/500
5yy5A_antigen.pdb  7rd3HL_antibody.pdb
Converting SMILES to graph: 331/500
5yy5A_antigen.pdb  7k76HL_antibody.pdb
Converting SMILES to graph: 332/500
5yy5A_antigen.pdb  1qkzHL_antibody.pdb
Converting SMILES to graph: 333/500
5ziaR_antigen.pdb  1u8hBA_antibody.pdb
Converting SMILES to graph: 334/500
5ziaR_antigen.pdb  6nyqHL_antibody.pdb
Converting SMILES to graph: 335/500
5ziaR_antigen.pdb  6o3cB_antibody.pdb
Converting SMILES to graph: 336/500
5ziaR_antigen.pdb  7z1xB_antibody.pdb
Converting SMILES to graph: 337/500
5ziaR_antigen.pdb  7f6yHL_antibody.pdb
Converting SMILES to graph: 338/500
5ziaR_antigen.pdb  6mn7Gg_antibody.pdb
Converting SMILES to graph: 339/500
5zs0C_antigen.pdb  2ybrAB_antibody.pdb
Converting SMILES to graph: 340/500
5zs0C_antigen.pdb  5hdbEF_antibody.pdb
Converting SMILES to graph: 341/500
5zs0C_antigen.pdb  6a0zHL_antibody.pdb
Converting SMILES to graph: 342/500
5zs0C_antigen.pdb  6ii9PQ_antibody.pdb
Converting SMILES to graph: 343/500
5zs0C_antigen.pdb  2aepHL_antibody.pdb
Converting SMILES to graph: 344/500
5zs0C_antigen.pdb  5u7oHL_antibody.pdb
Converting SMILES to graph: 345/500
5zudCAB_antigen.pdb  5c1mB_antibody.pdb
Converting SMILES to graph: 346/500
5zudCAB_antigen.pdb  7me7B_antibody.pdb
Converting SMILES to graph: 347/500
5zudCAB_antigen.pdb  5usiHL_antibody.pdb
Converting SMILES to graph: 348/500
5zudCAB_antigen.pdb  8ghvSs_antibody.pdb
Converting SMILES to graph: 349/500
5zudCAB_antigen.pdb  3j8zIM_antibody.pdb
Converting SMILES to graph: 350/500
5zudCAB_antigen.pdb  1pkqBA_antibody.pdb
Converting SMILES to graph: 351/500
5zufCA_antigen.pdb  8dw9CD_antibody.pdb
Converting SMILES to graph: 352/500
5zufCA_antigen.pdb  5uk4r_antibody.pdb
Converting SMILES to graph: 353/500
5zufCA_antigen.pdb  7vuySs_antibody.pdb
Converting SMILES to graph: 354/500
5zufCA_antigen.pdb  8ew6V_antibody.pdb
Converting SMILES to graph: 355/500
5zufCA_antigen.pdb  1g7lBA_antibody.pdb
Converting SMILES to graph: 356/500
5zufCA_antigen.pdb  6dfiHL_antibody.pdb
Converting SMILES to graph: 357/500
5zv3A_antigen.pdb  7kfeGI_antibody.pdb
Converting SMILES to graph: 358/500
5zv3A_antigen.pdb  7sbgHL_antibody.pdb
Converting SMILES to graph: 359/500
5zv3A_antigen.pdb  7kqeJM_antibody.pdb
Converting SMILES to graph: 360/500
5zv3A_antigen.pdb  7rpuAB_antibody.pdb
Converting SMILES to graph: 361/500
5zv3A_antigen.pdb  7zmqC_antibody.pdb
Converting SMILES to graph: 362/500
5zv3A_antigen.pdb  1kxqG_antibody.pdb
Converting SMILES to graph: 363/500
5zxvB_antigen.pdb  6kyzBC_antibody.pdb
Converting SMILES to graph: 364/500
5zxvB_antigen.pdb  7kmdAE_antibody.pdb
Converting SMILES to graph: 365/500
5zxvB_antigen.pdb  8f0hBD_antibody.pdb
Converting SMILES to graph: 366/500
5zxvB_antigen.pdb  7w6pHh_antibody.pdb
Converting SMILES to graph: 367/500
5zxvB_antigen.pdb  8p7wDG_antibody.pdb
Converting SMILES to graph: 368/500
5zxvB_antigen.pdb  7xwoEe_antibody.pdb
Converting SMILES to graph: 369/500
6a0zA_antigen.pdb  1hh9BA_antibody.pdb
Converting SMILES to graph: 370/500
6a0zA_antigen.pdb  8t06CD_antibody.pdb
Converting SMILES to graph: 371/500
6a0zA_antigen.pdb  8jhySs_antibody.pdb
Converting SMILES to graph: 372/500
6a0zA_antigen.pdb  5a8hFE_antibody.pdb
Converting SMILES to graph: 373/500
6a0zA_antigen.pdb  7p5wL_antibody.pdb
Converting SMILES to graph: 374/500
6a0zA_antigen.pdb  7bscHL_antibody.pdb
Converting SMILES to graph: 375/500
6a3wC_antigen.pdb  7dccDH_antibody.pdb
Converting SMILES to graph: 376/500
6a3wC_antigen.pdb  8dxtHL_antibody.pdb
Converting SMILES to graph: 377/500
6a3wC_antigen.pdb  3p0gB_antibody.pdb
Converting SMILES to graph: 378/500
6a3wC_antigen.pdb  7sg4HL_antibody.pdb
Converting SMILES to graph: 379/500
6a3wC_antigen.pdb  7sk7DC_antibody.pdb
Converting SMILES to graph: 380/500
6a3wC_antigen.pdb  7olyHL_antibody.pdb
Converting SMILES to graph: 381/500
6a4kB_antigen.pdb  7vv3Ss_antibody.pdb
Converting SMILES to graph: 382/500
6a4kB_antigen.pdb  6oelHL_antibody.pdb
Converting SMILES to graph: 383/500
6a4kB_antigen.pdb  5aawKk_antibody.pdb
Converting SMILES to graph: 384/500
6a4kB_antigen.pdb  6csfHL_antibody.pdb
Converting SMILES to graph: 385/500
6a4kB_antigen.pdb  8sb2CD_antibody.pdb
Converting SMILES to graph: 386/500
6a4kB_antigen.pdb  7bu7B_antibody.pdb
Converting SMILES to graph: 387/500
6a67B_antigen.pdb  6jfhKI_antibody.pdb
Converting SMILES to graph: 388/500
6a67B_antigen.pdb  6h2yHL_antibody.pdb
Converting SMILES to graph: 389/500
6a67B_antigen.pdb  4s1sHL_antibody.pdb
Converting SMILES to graph: 390/500
6a67B_antigen.pdb  6u0lIJ_antibody.pdb
Converting SMILES to graph: 391/500
6a67B_antigen.pdb  6cmiDC_antibody.pdb
Converting SMILES to graph: 392/500
6a67B_antigen.pdb  3c09HL_antibody.pdb
Converting SMILES to graph: 393/500
6a77A_antigen.pdb  7k3bLK_antibody.pdb
Converting SMILES to graph: 394/500
6a77A_antigen.pdb  6qd7XZ_antibody.pdb
Converting SMILES to graph: 395/500
6a77A_antigen.pdb  8g05Ee_antibody.pdb
Converting SMILES to graph: 396/500
6a77A_antigen.pdb  7f53N_antibody.pdb
Converting SMILES to graph: 397/500
6a77A_antigen.pdb  7e8cMJ_antibody.pdb
Converting SMILES to graph: 398/500
6a77A_antigen.pdb  7t76HL_antibody.pdb
Converting SMILES to graph: 399/500
6a78B_antigen.pdb  7oayL_antibody.pdb
Converting SMILES to graph: 400/500
6a78B_antigen.pdb  7sodHL_antibody.pdb
Converting SMILES to graph: 401/500
6a78B_antigen.pdb  5mi0BC_antibody.pdb
Converting SMILES to graph: 402/500
6a78B_antigen.pdb  7sfxCD_antibody.pdb
Converting SMILES to graph: 403/500
6a78B_antigen.pdb  7a0xEF_antibody.pdb
Converting SMILES to graph: 404/500
6a78B_antigen.pdb  7km5D_antibody.pdb
Converting SMILES to graph: 405/500
6a79A_antigen.pdb  4dk3A_antibody.pdb
Converting SMILES to graph: 406/500
6a79A_antigen.pdb  8ejkEe_antibody.pdb
Converting SMILES to graph: 407/500
6a79A_antigen.pdb  4z9kB_antibody.pdb
Converting SMILES to graph: 408/500
6a79A_antigen.pdb  7m7jCD_antibody.pdb
Converting SMILES to graph: 409/500
6a79A_antigen.pdb  6uhtD_antibody.pdb
Converting SMILES to graph: 410/500
6a79A_antigen.pdb  8dkwAB_antibody.pdb
Converting SMILES to graph: 411/500
6a96CB_antigen.pdb  6vc9HL_antibody.pdb
Converting SMILES to graph: 412/500
6a96CB_antigen.pdb  8d47HL_antibody.pdb
Converting SMILES to graph: 413/500
6a96CB_antigen.pdb  7yu3Ss_antibody.pdb
Converting SMILES to graph: 414/500
6a96CB_antigen.pdb  7p79D_antibody.pdb
Converting SMILES to graph: 415/500
6a96CB_antigen.pdb  6d01GH_antibody.pdb
Converting SMILES to graph: 416/500
6a96CB_antigen.pdb  4jm2DC_antibody.pdb
Converting SMILES to graph: 417/500
6ad0ACB_antigen.pdb  7x29FG_antibody.pdb
Converting SMILES to graph: 418/500
6ad0ACB_antigen.pdb  5ugyIM_antibody.pdb
Converting SMILES to graph: 419/500
6ad0ACB_antigen.pdb  7p2dC_antibody.pdb
Converting SMILES to graph: 420/500
6ad0ACB_antigen.pdb  8w88N_antibody.pdb
Converting SMILES to graph: 421/500
6ad0ACB_antigen.pdb  6a77HL_antibody.pdb
Converting SMILES to graph: 422/500
6ad0ACB_antigen.pdb  2vdmHL_antibody.pdb
Converting SMILES to graph: 423/500
6ad7A_antigen.pdb  8b1iB_antibody.pdb
Converting SMILES to graph: 424/500
6ad7A_antigen.pdb  6wtuHI_antibody.pdb
Converting SMILES to graph: 425/500
6ad7A_antigen.pdb  7mdjAB_antibody.pdb
Converting SMILES to graph: 426/500
6ad7A_antigen.pdb  7nvmN_antibody.pdb
Converting SMILES to graph: 427/500
6ad7A_antigen.pdb  7u8lHL_antibody.pdb
Converting SMILES to graph: 428/500
6ad8A_antigen.pdb  6pdsBA_antibody.pdb
Converting SMILES to graph: 429/500
6ad8A_antigen.pdb  5tjwK_antibody.pdb
Converting SMILES to graph: 430/500
6ad8A_antigen.pdb  4i1nB_antibody.pdb
Converting SMILES to graph: 431/500
6ad8A_antigen.pdb  8dtnA_antibody.pdb
Converting SMILES to graph: 432/500
6ad8A_antigen.pdb  1r0aHL_antibody.pdb
Converting SMILES to graph: 433/500
6ad8A_antigen.pdb  8h08DJ_antibody.pdb
Converting SMILES to graph: 434/500
6adaA_antigen.pdb  8h07EJ_antibody.pdb
Converting SMILES to graph: 435/500
6adaA_antigen.pdb  6u51A_antibody.pdb
Converting SMILES to graph: 436/500
6adaA_antigen.pdb  6u02HL_antibody.pdb
Converting SMILES to graph: 437/500
6adaA_antigen.pdb  6nfuAB_antibody.pdb
Converting SMILES to graph: 438/500
6adaA_antigen.pdb  5f7kD_antibody.pdb
Converting SMILES to graph: 439/500
6adaA_antigen.pdb  7m71HL_antibody.pdb
Converting SMILES to graph: 440/500
6adbA_antigen.pdb  3moaHL_antibody.pdb
Converting SMILES to graph: 441/500
6adbA_antigen.pdb  3lh2KO_antibody.pdb
Converting SMILES to graph: 442/500
6adbA_antigen.pdb  7d2zA_antibody.pdb
Converting SMILES to graph: 443/500
6adbA_antigen.pdb  7buaHL_antibody.pdb
Converting SMILES to graph: 444/500
6adbA_antigen.pdb  6pa0AB_antibody.pdb
Converting SMILES to graph: 445/500
6adbA_antigen.pdb  4xvsHL_antibody.pdb
Converting SMILES to graph: 446/500
6adcB_antigen.pdb  6oz6H_antibody.pdb
Converting SMILES to graph: 447/500
6adcB_antigen.pdb  7ec5EF_antibody.pdb
Converting SMILES to graph: 448/500
6adcB_antigen.pdb  6uynHL_antibody.pdb
Converting SMILES to graph: 449/500
6adcB_antigen.pdb  7memHL_antibody.pdb
Converting SMILES to graph: 450/500
6adcB_antigen.pdb  7ls9HL_antibody.pdb
Converting SMILES to graph: 451/500
6adcB_antigen.pdb  5kvgHL_antibody.pdb
Converting SMILES to graph: 452/500
6aj7CB_antigen.pdb  6i07Bb_antibody.pdb
Converting SMILES to graph: 453/500
6aj7CB_antigen.pdb  5dupHL_antibody.pdb
Converting SMILES to graph: 454/500
6aj7CB_antigen.pdb  2r0zHL_antibody.pdb
Converting SMILES to graph: 455/500
6aj7CB_antigen.pdb  8dgxHL_antibody.pdb
Converting SMILES to graph: 456/500
6aj7CB_antigen.pdb  6midHL_antibody.pdb
Converting SMILES to graph: 457/500
6aj7CB_antigen.pdb  8fxcHL_antibody.pdb
Converting SMILES to graph: 458/500
6aj9A_antigen.pdb  5usiHL_antibody.pdb
Converting SMILES to graph: 459/500
6aj9A_antigen.pdb  6m58CD_antibody.pdb
Converting SMILES to graph: 460/500
6aj9A_antigen.pdb  7ucgDE_antibody.pdb
Converting SMILES to graph: 461/500
6aj9A_antigen.pdb  7wybEe_antibody.pdb
Converting SMILES to graph: 462/500
6aj9A_antigen.pdb  8c5hN_antibody.pdb
Converting SMILES to graph: 463/500
6aj9A_antigen.pdb  6lpbN_antibody.pdb
Converting SMILES to graph: 464/500
6al0A_antigen.pdb  8hdpN_antibody.pdb
Converting SMILES to graph: 465/500
6al0A_antigen.pdb  7ll1HL_antibody.pdb
Converting SMILES to graph: 466/500
6al0A_antigen.pdb  8h4iD_antibody.pdb
Converting SMILES to graph: 467/500
6al0A_antigen.pdb  8be2N_antibody.pdb
Converting SMILES to graph: 468/500
6al0A_antigen.pdb  6xlzHL_antibody.pdb
Converting SMILES to graph: 469/500
6al0A_antigen.pdb  4iosE_antibody.pdb
Converting SMILES to graph: 470/500
6al1A_antigen.pdb  6xcjHL_antibody.pdb
Converting SMILES to graph: 471/500
6al1A_antigen.pdb  7ws2ED_antibody.pdb
Converting SMILES to graph: 472/500
6al1A_antigen.pdb  5xcvAB_antibody.pdb
Converting SMILES to graph: 473/500
6al1A_antigen.pdb  7labYX_antibody.pdb
Converting SMILES to graph: 474/500
6al1A_antigen.pdb  4rfoHL_antibody.pdb
Converting SMILES to graph: 475/500
6al1A_antigen.pdb  6vlwHL_antibody.pdb
Converting SMILES to graph: 476/500
6al5A_antigen.pdb  6uteCD_antibody.pdb
Converting SMILES to graph: 477/500
6al5A_antigen.pdb  7w40Hh_antibody.pdb
Converting SMILES to graph: 478/500
6al5A_antigen.pdb  7akdHL_antibody.pdb
Converting SMILES to graph: 479/500
6al5A_antigen.pdb  6bqbHL_antibody.pdb
Converting SMILES to graph: 480/500
6al5A_antigen.pdb  4edwHL_antibody.pdb
Converting SMILES to graph: 481/500
6al5A_antigen.pdb  7wwjGF_antibody.pdb
Converting SMILES to graph: 482/500
6aodC_antigen.pdb  2vdnHL_antibody.pdb
Converting SMILES to graph: 483/500
6aodC_antigen.pdb  7lezRP_antibody.pdb
Converting SMILES to graph: 484/500
6aodC_antigen.pdb  7budGI_antibody.pdb
Converting SMILES to graph: 485/500
6aodC_antigen.pdb  8smtAB_antibody.pdb
Converting SMILES to graph: 486/500
6aodC_antigen.pdb  2b1hHL_antibody.pdb
Converting SMILES to graph: 487/500
6aodC_antigen.pdb  8ee5HL_antibody.pdb
Converting SMILES to graph: 488/500
6apbCA_antigen.pdb  8dcrN_antibody.pdb
Converting SMILES to graph: 489/500
6apbCA_antigen.pdb  2or9IM_antibody.pdb
Converting SMILES to graph: 490/500
6apbCA_antigen.pdb  7s07XY_antibody.pdb
Converting SMILES to graph: 491/500
6apbCA_antigen.pdb  6by2AB_antibody.pdb
Converting SMILES to graph: 492/500
6apbCA_antigen.pdb  6e1kDC_antibody.pdb
Converting SMILES to graph: 493/500
6apbCA_antigen.pdb  6bkbHL_antibody.pdb
Converting SMILES to graph: 494/500
6apdC_antigen.pdb  1kxtB_antibody.pdb
Converting SMILES to graph: 495/500
6apdC_antigen.pdb  3macHL_antibody.pdb
Converting SMILES to graph: 496/500
6apdC_antigen.pdb  6cm3ON_antibody.pdb
Converting SMILES to graph: 497/500
6apdC_antigen.pdb  6qb3Xx_antibody.pdb
Converting SMILES to graph: 498/500
6apdC_antigen.pdb  5y2lIJ_antibody.pdb
Converting SMILES to graph: 499/500
6apdC_antigen.pdb  6oknAB_antibody.pdb
Converting SMILES to graph: 500/500
6appB_antigen.pdb  7u0eAB_antibody.pdb
Graph construction done. Saving to file.
