Converting SMILES to graph: 1/500
7x29C_antigen.pdb  7yaiC_antibody.pdb
Converting SMILES to graph: 2/500
7x2aA_antigen.pdb  7f4iN_antibody.pdb
Converting SMILES to graph: 3/500
7x2aA_antigen.pdb  5ebwAB_antibody.pdb
Converting SMILES to graph: 4/500
7x2aA_antigen.pdb  6n81HL_antibody.pdb
Converting SMILES to graph: 5/500
7x2aA_antigen.pdb  7u0jKk_antibody.pdb
Converting SMILES to graph: 6/500
7x2aA_antigen.pdb  7ydmN_antibody.pdb
Converting SMILES to graph: 7/500
7x2aA_antigen.pdb  8a44CD_antibody.pdb
Converting SMILES to graph: 8/500
7x2cAB_antigen.pdb  1g7jBA_antibody.pdb
Converting SMILES to graph: 9/500
7x2cAB_antigen.pdb  8cdeDC_antibody.pdb
Converting SMILES to graph: 10/500
7x2cAB_antigen.pdb  7vvkN_antibody.pdb
Converting SMILES to graph: 11/500
7x2cAB_antigen.pdb  4nc1D_antibody.pdb
Converting SMILES to graph: 12/500
7x2cAB_antigen.pdb  7wwjGF_antibody.pdb
Converting SMILES to graph: 13/500
7x2cAB_antigen.pdb  5bo1IM_antibody.pdb
Converting SMILES to graph: 14/500
7x2dAB_antigen.pdb  7wgtHL_antibody.pdb
Converting SMILES to graph: 15/500
7x2dAB_antigen.pdb  8hcaDE_antibody.pdb
Converting SMILES to graph: 16/500
7x2dAB_antigen.pdb  6zdhHL_antibody.pdb
Converting SMILES to graph: 17/500
7x2dAB_antigen.pdb  7t2pHL_antibody.pdb
Converting SMILES to graph: 18/500
7x2dAB_antigen.pdb  3ma9HL_antibody.pdb
Converting SMILES to graph: 19/500
7x2dAB_antigen.pdb  7ydjEe_antibody.pdb
Converting SMILES to graph: 20/500
7x2fABD_antigen.pdb  5w9pDE_antibody.pdb
Converting SMILES to graph: 21/500
7x2fABD_antigen.pdb  6yo6C_antibody.pdb
Converting SMILES to graph: 22/500
7x2fABD_antigen.pdb  8dn7DH_antibody.pdb
Converting SMILES to graph: 23/500
7x2fABD_antigen.pdb  7wkiB_antibody.pdb
Converting SMILES to graph: 24/500
7x2fABD_antigen.pdb  6w0hAB_antibody.pdb
Converting SMILES to graph: 25/500
7x2gB_antigen.pdb  3opzIM_antibody.pdb
Converting SMILES to graph: 26/500
7x2gB_antigen.pdb  7s1mN_antibody.pdb
Converting SMILES to graph: 27/500
7x2gB_antigen.pdb  3effBA_antibody.pdb
Converting SMILES to graph: 28/500
7x2gB_antigen.pdb  8dwcEe_antibody.pdb
Converting SMILES to graph: 29/500
7x2gB_antigen.pdb  7lvwK_antibody.pdb
Converting SMILES to graph: 30/500
7x2gB_antigen.pdb  2bdnHL_antibody.pdb
Converting SMILES to graph: 31/500
7x2hE_antigen.pdb  5yhlHL_antibody.pdb
Converting SMILES to graph: 32/500
7x2hE_antigen.pdb  4ffvHL_antibody.pdb
Converting SMILES to graph: 33/500
7x2hE_antigen.pdb  8dkxAB_antibody.pdb
Converting SMILES to graph: 34/500
7x2hE_antigen.pdb  8op0A_antibody.pdb
Converting SMILES to graph: 35/500
7x2hE_antigen.pdb  3q3gKJ_antibody.pdb
Converting SMILES to graph: 36/500
7x2hE_antigen.pdb  3cfiL_antibody.pdb
Converting SMILES to graph: 37/500
7x2iB_antigen.pdb  7f16N_antibody.pdb
Converting SMILES to graph: 38/500
7x2iB_antigen.pdb  1kcsHL_antibody.pdb
Converting SMILES to graph: 39/500
7x2iB_antigen.pdb  5o7pBA_antibody.pdb
Converting SMILES to graph: 40/500
7x2iB_antigen.pdb  7xp5N_antibody.pdb
Converting SMILES to graph: 41/500
7x2iB_antigen.pdb  4eizC_antibody.pdb
Converting SMILES to graph: 42/500
7x2iB_antigen.pdb  7jmoHL_antibody.pdb
Converting SMILES to graph: 43/500
7x2jS_antigen.pdb  7lseHL_antibody.pdb
Converting SMILES to graph: 44/500
7x2jS_antigen.pdb  2h32HA_antibody.pdb
Converting SMILES to graph: 45/500
7x2jS_antigen.pdb  8dp1RM_antibody.pdb
Converting SMILES to graph: 46/500
7x2jS_antigen.pdb  6feqDC_antibody.pdb
Converting SMILES to graph: 47/500
7x2jS_antigen.pdb  8a99RO_antibody.pdb
Converting SMILES to graph: 48/500
7x2jS_antigen.pdb  8ci1F_antibody.pdb
Converting SMILES to graph: 49/500
7x2kE_antigen.pdb  5c2uB_antibody.pdb
Converting SMILES to graph: 50/500
7x2kE_antigen.pdb  4qxtAB_antibody.pdb
Converting SMILES to graph: 51/500
7x2kE_antigen.pdb  6lbhCD_antibody.pdb
Converting SMILES to graph: 52/500
7x2kE_antigen.pdb  7nw3HL_antibody.pdb
Converting SMILES to graph: 53/500
7x2kE_antigen.pdb  7mlhCA_antibody.pdb
Converting SMILES to graph: 54/500
7x2kE_antigen.pdb  8bggY_antibody.pdb
Converting SMILES to graph: 55/500
7x2lE_antigen.pdb  4s10B_antibody.pdb
Converting SMILES to graph: 56/500
7x2lE_antigen.pdb  3e8uHL_antibody.pdb
Converting SMILES to graph: 57/500
7x2lE_antigen.pdb  3jauHL_antibody.pdb
Converting SMILES to graph: 58/500
7x2lE_antigen.pdb  3c2aHL_antibody.pdb
Converting SMILES to graph: 59/500
7x2lE_antigen.pdb  7li6BC_antibody.pdb
Converting SMILES to graph: 60/500
7x2lE_antigen.pdb  3eyuHL_antibody.pdb
Converting SMILES to graph: 61/500
7x2mE_antigen.pdb  8hcxEe_antibody.pdb
Converting SMILES to graph: 62/500
7x2mE_antigen.pdb  3h42HL_antibody.pdb
Converting SMILES to graph: 63/500
7x2mE_antigen.pdb  4o02HL_antibody.pdb
Converting SMILES to graph: 64/500
7x2mE_antigen.pdb  7ly0HL_antibody.pdb
Converting SMILES to graph: 65/500
7x2mE_antigen.pdb  4m8qAB_antibody.pdb
Converting SMILES to graph: 66/500
7x2mE_antigen.pdb  3klhDC_antibody.pdb
Converting SMILES to graph: 67/500
7x2oB_antigen.pdb  4bfbE_antibody.pdb
Converting SMILES to graph: 68/500
7x2oB_antigen.pdb  8dwyHL_antibody.pdb
Converting SMILES to graph: 69/500
7x2oB_antigen.pdb  7lfbHL_antibody.pdb
Converting SMILES to graph: 70/500
7x2oB_antigen.pdb  8h7lDG_antibody.pdb
Converting SMILES to graph: 71/500
7x2oB_antigen.pdb  6bspAB_antibody.pdb
Converting SMILES to graph: 72/500
7x2oB_antigen.pdb  5um8DE_antibody.pdb
Converting SMILES to graph: 73/500
7x2tABC_antigen.pdb  7nd3HL_antibody.pdb
Converting SMILES to graph: 74/500
7x2tABC_antigen.pdb  7z9rY_antibody.pdb
Converting SMILES to graph: 75/500
7x2tABC_antigen.pdb  1tjiHL_antibody.pdb
Converting SMILES to graph: 76/500
7x2tABC_antigen.pdb  7raqHL_antibody.pdb
Converting SMILES to graph: 77/500
7x2tABC_antigen.pdb  1hi6BA_antibody.pdb
Converting SMILES to graph: 78/500
7x2tABC_antigen.pdb  7dk2DE_antibody.pdb
Converting SMILES to graph: 79/500
7x2vBC_antigen.pdb  7zr9FG_antibody.pdb
Converting SMILES to graph: 80/500
7x2vBC_antigen.pdb  7ek0HL_antibody.pdb
Converting SMILES to graph: 81/500
7x2vBC_antigen.pdb  8el2HL_antibody.pdb
Converting SMILES to graph: 82/500
7x2vBC_antigen.pdb  5w3mEG_antibody.pdb
Converting SMILES to graph: 83/500
7x2vBC_antigen.pdb  3or6AB_antibody.pdb
Converting SMILES to graph: 84/500
7x2vBC_antigen.pdb  7xwoEe_antibody.pdb
Converting SMILES to graph: 85/500
7x2wABC_antigen.pdb  7y3jHL_antibody.pdb
Converting SMILES to graph: 86/500
7x2wABC_antigen.pdb  7kqbKJ_antibody.pdb
Converting SMILES to graph: 87/500
7x2wABC_antigen.pdb  7x8zHL_antibody.pdb
Converting SMILES to graph: 88/500
7x2wABC_antigen.pdb  7phuBC_antibody.pdb
Converting SMILES to graph: 89/500
7x2wABC_antigen.pdb  8slbHL_antibody.pdb
Converting SMILES to graph: 90/500
7x2wABC_antigen.pdb  8t7hC_antibody.pdb
Converting SMILES to graph: 91/500
7x37B_antigen.pdb  4rgnBC_antibody.pdb
Converting SMILES to graph: 92/500
7x37B_antigen.pdb  6xpqBC_antibody.pdb
Converting SMILES to graph: 93/500
7x37B_antigen.pdb  7fatB_antibody.pdb
Converting SMILES to graph: 94/500
7x37B_antigen.pdb  8hedGF_antibody.pdb
Converting SMILES to graph: 95/500
7x37B_antigen.pdb  7jixHL_antibody.pdb
Converting SMILES to graph: 96/500
7x37B_antigen.pdb  7klgIM_antibody.pdb
Converting SMILES to graph: 97/500
7x38ACB_antigen.pdb  6k5aEF_antibody.pdb
Converting SMILES to graph: 98/500
7x38ACB_antigen.pdb  8flqN_antibody.pdb
Converting SMILES to graph: 99/500
7x38ACB_antigen.pdb  7xz5N_antibody.pdb
Converting SMILES to graph: 100/500
7x38ACB_antigen.pdb  8fl1HL_antibody.pdb
Converting SMILES to graph: 101/500
7x38ACB_antigen.pdb  5te7HL_antibody.pdb
Converting SMILES to graph: 102/500
7x38ACB_antigen.pdb  6q6zB_antibody.pdb
Converting SMILES to graph: 103/500
7x3cAC_antigen.pdb  7x47HL_antibody.pdb
Converting SMILES to graph: 104/500
7x3cAC_antigen.pdb  6h7oD_antibody.pdb
Converting SMILES to graph: 105/500
7x3cAC_antigen.pdb  2eksBA_antibody.pdb
Converting SMILES to graph: 106/500
7x3cAC_antigen.pdb  5umiAB_antibody.pdb
Converting SMILES to graph: 107/500
7x3cAC_antigen.pdb  6oq6D_antibody.pdb
Converting SMILES to graph: 108/500
7x3cAC_antigen.pdb  7kmhAB_antibody.pdb
Converting SMILES to graph: 109/500
7x3dBC_antigen.pdb  8dguHL_antibody.pdb
Converting SMILES to graph: 110/500
7x3dBC_antigen.pdb  7m7bHL_antibody.pdb
Converting SMILES to graph: 111/500
7x3dBC_antigen.pdb  2hjfAB_antibody.pdb
Converting SMILES to graph: 112/500
7x3dBC_antigen.pdb  5l21B_antibody.pdb
Converting SMILES to graph: 113/500
7x3dBC_antigen.pdb  7so5HL_antibody.pdb
Converting SMILES to graph: 114/500
7x3dBC_antigen.pdb  7xowEe_antibody.pdb
Converting SMILES to graph: 115/500
7x3eBC_antigen.pdb  7ydhEe_antibody.pdb
Converting SMILES to graph: 116/500
7x3eBC_antigen.pdb  7t11Ss_antibody.pdb
Converting SMILES to graph: 117/500
7x3eBC_antigen.pdb  8ezkHh_antibody.pdb
Converting SMILES to graph: 118/500
7x3eBC_antigen.pdb  8f6xDd_antibody.pdb
Converting SMILES to graph: 119/500
7x3eBC_antigen.pdb  3g04BA_antibody.pdb
Converting SMILES to graph: 120/500
7x3eBC_antigen.pdb  6s8jYU_antibody.pdb
Converting SMILES to graph: 121/500
7x3fBC_antigen.pdb  7xk9B_antibody.pdb
Converting SMILES to graph: 122/500
7x3fBC_antigen.pdb  7z85F_antibody.pdb
Converting SMILES to graph: 123/500
7x3fBC_antigen.pdb  4i3rHL_antibody.pdb
Converting SMILES to graph: 124/500
7x3fBC_antigen.pdb  7nj5F_antibody.pdb
Converting SMILES to graph: 125/500
7x3fBC_antigen.pdb  7uaqHL_antibody.pdb
Converting SMILES to graph: 126/500
7x3fBC_antigen.pdb  3pp4HL_antibody.pdb
Converting SMILES to graph: 127/500
7x3yBC_antigen.pdb  7wy0Cc_antibody.pdb
Converting SMILES to graph: 128/500
7x3yBC_antigen.pdb  8ez8HL_antibody.pdb
Converting SMILES to graph: 129/500
7x3yBC_antigen.pdb  8fn1Ee_antibody.pdb
Converting SMILES to graph: 130/500
7x3yBC_antigen.pdb  3a67HL_antibody.pdb
Converting SMILES to graph: 131/500
7x3yBC_antigen.pdb  5kqvPQ_antibody.pdb
Converting SMILES to graph: 132/500
7x3yBC_antigen.pdb  4n9gMN_antibody.pdb
Converting SMILES to graph: 133/500
7x40ABC_antigen.pdb  1bvkBA_antibody.pdb
Converting SMILES to graph: 134/500
7x40ABC_antigen.pdb  1f90HL_antibody.pdb
Converting SMILES to graph: 135/500
7x40ABC_antigen.pdb  7ydhEe_antibody.pdb
Converting SMILES to graph: 136/500
7x40ABC_antigen.pdb  6nb7HL_antibody.pdb
Converting SMILES to graph: 137/500
7x40ABC_antigen.pdb  8g94Ee_antibody.pdb
Converting SMILES to graph: 138/500
7x40ABC_antigen.pdb  8j1qBA_antibody.pdb
Converting SMILES to graph: 139/500
7x42ABC_antigen.pdb  8dzsEe_antibody.pdb
Converting SMILES to graph: 140/500
7x42ABC_antigen.pdb  7s3mHL_antibody.pdb
Converting SMILES to graph: 141/500
7x42ABC_antigen.pdb  5mp3AB_antibody.pdb
Converting SMILES to graph: 142/500
7x42ABC_antigen.pdb  6nbfN_antibody.pdb
Converting SMILES to graph: 143/500
7x42ABC_antigen.pdb  7lq7HL_antibody.pdb
Converting SMILES to graph: 144/500
7x42ABC_antigen.pdb  4etqHL_antibody.pdb
Converting SMILES to graph: 145/500
7x46B_antigen.pdb  6aj9DE_antibody.pdb
Converting SMILES to graph: 146/500
7x46B_antigen.pdb  8gpjAC_antibody.pdb
Converting SMILES to graph: 147/500
7x46B_antigen.pdb  6werEF_antibody.pdb
Converting SMILES to graph: 148/500
7x46B_antigen.pdb  4lu5IM_antibody.pdb
Converting SMILES to graph: 149/500
7x46B_antigen.pdb  8spuNn_antibody.pdb
Converting SMILES to graph: 150/500
7x46B_antigen.pdb  8ee1BC_antibody.pdb
Converting SMILES to graph: 151/500
7x47B_antigen.pdb  3bdyHL_antibody.pdb
Converting SMILES to graph: 152/500
7x47B_antigen.pdb  3idiBA_antibody.pdb
Converting SMILES to graph: 153/500
7x47B_antigen.pdb  4cadED_antibody.pdb
Converting SMILES to graph: 154/500
7x47B_antigen.pdb  8jljSs_antibody.pdb
Converting SMILES to graph: 155/500
7x47B_antigen.pdb  4tsbHL_antibody.pdb
Converting SMILES to graph: 156/500
7x49ABC_antigen.pdb  8b18B_antibody.pdb
Converting SMILES to graph: 157/500
7x49ABC_antigen.pdb  5mu0AB_antibody.pdb
Converting SMILES to graph: 158/500
7x49ABC_antigen.pdb  4ypgHL_antibody.pdb
Converting SMILES to graph: 159/500
7x49ABC_antigen.pdb  2otuDC_antibody.pdb
Converting SMILES to graph: 160/500
7x49ABC_antigen.pdb  5lqbHL_antibody.pdb
Converting SMILES to graph: 161/500
7x49ABC_antigen.pdb  5e2vHL_antibody.pdb
Converting SMILES to graph: 162/500
7x4iD_antigen.pdb  7jjoN_antibody.pdb
Converting SMILES to graph: 163/500
7x4iD_antigen.pdb  1kb5HL_antibody.pdb
Converting SMILES to graph: 164/500
7x4iD_antigen.pdb  5a2jHh_antibody.pdb
Converting SMILES to graph: 165/500
7x4iD_antigen.pdb  8kh4E_antibody.pdb
Converting SMILES to graph: 166/500
7x4iD_antigen.pdb  7wd0cd_antibody.pdb
Converting SMILES to graph: 167/500
7x4iD_antigen.pdb  3cx5UV_antibody.pdb
Converting SMILES to graph: 168/500
7x4kBC_antigen.pdb  1tpxBC_antibody.pdb
Converting SMILES to graph: 169/500
7x4kBC_antigen.pdb  7evwN_antibody.pdb
Converting SMILES to graph: 170/500
7x4kBC_antigen.pdb  6fxnDE_antibody.pdb
Converting SMILES to graph: 171/500
7x4kBC_antigen.pdb  7v6aSs_antibody.pdb
Converting SMILES to graph: 172/500
7x4kBC_antigen.pdb  8gpjAC_antibody.pdb
Converting SMILES to graph: 173/500
7x4kBC_antigen.pdb  8ihjSs_antibody.pdb
Converting SMILES to graph: 174/500
7x4mABC_antigen.pdb  7t8xEe_antibody.pdb
Converting SMILES to graph: 175/500
7x4mABC_antigen.pdb  7kduC_antibody.pdb
Converting SMILES to graph: 176/500
7x4mABC_antigen.pdb  6ejmIi_antibody.pdb
Converting SMILES to graph: 177/500
7x4mABC_antigen.pdb  7p5wL_antibody.pdb
Converting SMILES to graph: 178/500
7x4mABC_antigen.pdb  7cx2N_antibody.pdb
Converting SMILES to graph: 179/500
7x4mABC_antigen.pdb  3v0aC_antibody.pdb
Converting SMILES to graph: 180/500
7x5hAB_antigen.pdb  2kh2Bb_antibody.pdb
Converting SMILES to graph: 181/500
7x5hAB_antigen.pdb  4zypNO_antibody.pdb
Converting SMILES to graph: 182/500
7x5hAB_antigen.pdb  7z1cD_antibody.pdb
Converting SMILES to graph: 183/500
7x5hAB_antigen.pdb  7kmlJN_antibody.pdb
Converting SMILES to graph: 184/500
7x5hAB_antigen.pdb  6db7IM_antibody.pdb
Converting SMILES to graph: 185/500
7x5hAB_antigen.pdb  8ucdHL_antibody.pdb
Converting SMILES to graph: 186/500
7x63R_antigen.pdb  8hdoN_antibody.pdb
Converting SMILES to graph: 187/500
7x63R_antigen.pdb  7dfbHL_antibody.pdb
Converting SMILES to graph: 188/500
7x63R_antigen.pdb  6x1wHL_antibody.pdb
Converting SMILES to graph: 189/500
7x63R_antigen.pdb  7z1xB_antibody.pdb
Converting SMILES to graph: 190/500
7x66R_antigen.pdb  6nf2ST_antibody.pdb
Converting SMILES to graph: 191/500
7x66R_antigen.pdb  8w87N_antibody.pdb
Converting SMILES to graph: 192/500
7x66R_antigen.pdb  8f7wEe_antibody.pdb
Converting SMILES to graph: 193/500
7x66R_antigen.pdb  8jiqN_antibody.pdb
Converting SMILES to graph: 194/500
7x66R_antigen.pdb  5ziaGL_antibody.pdb
Converting SMILES to graph: 195/500
7x66R_antigen.pdb  3cx5UV_antibody.pdb
Converting SMILES to graph: 196/500
7x6aB_antigen.pdb  7rxjAB_antibody.pdb
Converting SMILES to graph: 197/500
7x6aB_antigen.pdb  6w51OP_antibody.pdb
Converting SMILES to graph: 198/500
7x6aB_antigen.pdb  3stbB_antibody.pdb
Converting SMILES to graph: 199/500
7x6aB_antigen.pdb  7xmzHL_antibody.pdb
Converting SMILES to graph: 200/500
7x6aB_antigen.pdb  2ht2CD_antibody.pdb
Converting SMILES to graph: 201/500
7x6aB_antigen.pdb  6apbHL_antibody.pdb
Converting SMILES to graph: 202/500
7x6lEA_antigen.pdb  8hnmSs_antibody.pdb
Converting SMILES to graph: 203/500
7x6lEA_antigen.pdb  2dqiHL_antibody.pdb
Converting SMILES to graph: 204/500
7x6lEA_antigen.pdb  2p8lBA_antibody.pdb
Converting SMILES to graph: 205/500
7x6lEA_antigen.pdb  7dkjCD_antibody.pdb
Converting SMILES to graph: 206/500
7x6lEA_antigen.pdb  6qv1E_antibody.pdb
Converting SMILES to graph: 207/500
7x6lEA_antigen.pdb  1xgrBA_antibody.pdb
Converting SMILES to graph: 208/500
7x6oHF_antigen.pdb  5ockHL_antibody.pdb
Converting SMILES to graph: 209/500
7x6oHF_antigen.pdb  8fn0Ee_antibody.pdb
Converting SMILES to graph: 210/500
7x6oHF_antigen.pdb  4hc1MN_antibody.pdb
Converting SMILES to graph: 211/500
7x6oHF_antigen.pdb  7dc8BA_antibody.pdb
Converting SMILES to graph: 212/500
7x6oHF_antigen.pdb  3gheHL_antibody.pdb
Converting SMILES to graph: 213/500
7x6oHF_antigen.pdb  6j5gHL_antibody.pdb
Converting SMILES to graph: 214/500
7x7dA_antigen.pdb  1zvhA_antibody.pdb
Converting SMILES to graph: 215/500
7x7dA_antigen.pdb  4whtAB_antibody.pdb
Converting SMILES to graph: 216/500
7x7dA_antigen.pdb  5jmoC_antibody.pdb
Converting SMILES to graph: 217/500
7x7dA_antigen.pdb  8hj0N_antibody.pdb
Converting SMILES to graph: 218/500
7x7dA_antigen.pdb  7r88CD_antibody.pdb
Converting SMILES to graph: 219/500
7x7eC_antigen.pdb  7rsoIK_antibody.pdb
Converting SMILES to graph: 220/500
7x7eC_antigen.pdb  8efoEe_antibody.pdb
Converting SMILES to graph: 221/500
7x7eC_antigen.pdb  7y71OP_antibody.pdb
Converting SMILES to graph: 222/500
7x7eC_antigen.pdb  4q0xHL_antibody.pdb
Converting SMILES to graph: 223/500
7x7eC_antigen.pdb  7o31HL_antibody.pdb
Converting SMILES to graph: 224/500
7x7eC_antigen.pdb  7mmoAB_antibody.pdb
Converting SMILES to graph: 225/500
7x7oB_antigen.pdb  6fxnDE_antibody.pdb
Converting SMILES to graph: 226/500
7x7oB_antigen.pdb  5h32IM_antibody.pdb
Converting SMILES to graph: 227/500
7x7oB_antigen.pdb  3bt2HL_antibody.pdb
Converting SMILES to graph: 228/500
7x7oB_antigen.pdb  7f8wDd_antibody.pdb
Converting SMILES to graph: 229/500
7x7oB_antigen.pdb  2ny7HL_antibody.pdb
Converting SMILES to graph: 230/500
7x7oB_antigen.pdb  6uktF_antibody.pdb
Converting SMILES to graph: 231/500
7x7tG_antigen.pdb  6w52HL_antibody.pdb
Converting SMILES to graph: 232/500
7x7tG_antigen.pdb  7rdwGI_antibody.pdb
Converting SMILES to graph: 233/500
7x7tG_antigen.pdb  8bseHL_antibody.pdb
Converting SMILES to graph: 234/500
7x7tG_antigen.pdb  4g7yHL_antibody.pdb
Converting SMILES to graph: 235/500
7x7tG_antigen.pdb  7whkE_antibody.pdb
Converting SMILES to graph: 236/500
7x7tG_antigen.pdb  7whdDE_antibody.pdb
Converting SMILES to graph: 237/500
7x7uG_antigen.pdb  8dm3HL_antibody.pdb
Converting SMILES to graph: 238/500
7x7uG_antigen.pdb  6ogeED_antibody.pdb
Converting SMILES to graph: 239/500
7x7uG_antigen.pdb  7x8qCB_antibody.pdb
Converting SMILES to graph: 240/500
7x7uG_antigen.pdb  6mekFE_antibody.pdb
Converting SMILES to graph: 241/500
7x7uG_antigen.pdb  7x3eHL_antibody.pdb
Converting SMILES to graph: 242/500
7x7uG_antigen.pdb  6x3sKL_antibody.pdb
Converting SMILES to graph: 243/500
7x7vE_antigen.pdb  7pnqDF_antibody.pdb
Converting SMILES to graph: 244/500
7x7vE_antigen.pdb  2p8lBA_antibody.pdb
Converting SMILES to graph: 245/500
7x7vE_antigen.pdb  7so7HL_antibody.pdb
Converting SMILES to graph: 246/500
7x7vE_antigen.pdb  6h3tIM_antibody.pdb
Converting SMILES to graph: 247/500
7x7vE_antigen.pdb  5uz7N_antibody.pdb
Converting SMILES to graph: 248/500
7x7vE_antigen.pdb  4ps4HL_antibody.pdb
Converting SMILES to graph: 249/500
7x8pA_antigen.pdb  8fu6N_antibody.pdb
Converting SMILES to graph: 250/500
7x8pA_antigen.pdb  4d9rHL_antibody.pdb
Converting SMILES to graph: 251/500
7x8pA_antigen.pdb  2uziHL_antibody.pdb
Converting SMILES to graph: 252/500
7x8pA_antigen.pdb  7lxyFC_antibody.pdb
Converting SMILES to graph: 253/500
7x8pA_antigen.pdb  7um7Ee_antibody.pdb
Converting SMILES to graph: 254/500
7x8qA_antigen.pdb  7srkB_antibody.pdb
Converting SMILES to graph: 255/500
7x8qA_antigen.pdb  7x2wHL_antibody.pdb
Converting SMILES to graph: 256/500
7x8qA_antigen.pdb  7m6gHL_antibody.pdb
Converting SMILES to graph: 257/500
7x8qA_antigen.pdb  8irtEe_antibody.pdb
Converting SMILES to graph: 258/500
7x8qA_antigen.pdb  6i2gA_antibody.pdb
Converting SMILES to graph: 259/500
7x8rAB_antigen.pdb  8hdoN_antibody.pdb
Converting SMILES to graph: 260/500
7x8rAB_antigen.pdb  7v6aSs_antibody.pdb
Converting SMILES to graph: 261/500
7x8rAB_antigen.pdb  7sr3B_antibody.pdb
Converting SMILES to graph: 262/500
7x8rAB_antigen.pdb  8sb1CD_antibody.pdb
Converting SMILES to graph: 263/500
7x8rAB_antigen.pdb  7yr1HL_antibody.pdb
Converting SMILES to graph: 264/500
7x8rAB_antigen.pdb  7kfwCD_antibody.pdb
Converting SMILES to graph: 265/500
7x8sAB_antigen.pdb  5o2uD_antibody.pdb
Converting SMILES to graph: 266/500
7x8sAB_antigen.pdb  7ocyC_antibody.pdb
Converting SMILES to graph: 267/500
7x8sAB_antigen.pdb  7s1mN_antibody.pdb
Converting SMILES to graph: 268/500
7x8sAB_antigen.pdb  7dk7ab_antibody.pdb
Converting SMILES to graph: 269/500
7x8sAB_antigen.pdb  7ejzHL_antibody.pdb
Converting SMILES to graph: 270/500
7x8sAB_antigen.pdb  8hqcHh_antibody.pdb
Converting SMILES to graph: 271/500
7x8tA_antigen.pdb  6n16KJ_antibody.pdb
Converting SMILES to graph: 272/500
7x8tA_antigen.pdb  6h7mD_antibody.pdb
Converting SMILES to graph: 273/500
7x8tA_antigen.pdb  3jcxHL_antibody.pdb
Converting SMILES to graph: 274/500
7x8tA_antigen.pdb  7rd5BA_antibody.pdb
Converting SMILES to graph: 275/500
7x8tA_antigen.pdb  6j11FG_antibody.pdb
Converting SMILES to graph: 276/500
7x8tA_antigen.pdb  7cmuEe_antibody.pdb
Converting SMILES to graph: 277/500
7x8wA_antigen.pdb  7e23BC_antibody.pdb
Converting SMILES to graph: 278/500
7x8wA_antigen.pdb  7f4iN_antibody.pdb
Converting SMILES to graph: 279/500
7x8wA_antigen.pdb  7q6eHL_antibody.pdb
Converting SMILES to graph: 280/500
7x8wA_antigen.pdb  6z3pHL_antibody.pdb
Converting SMILES to graph: 281/500
7x8wA_antigen.pdb  7sjnDE_antibody.pdb
Converting SMILES to graph: 282/500
7x8wA_antigen.pdb  8hbgE_antibody.pdb
Converting SMILES to graph: 283/500
7x8yA_antigen.pdb  2ltqFE_antibody.pdb
Converting SMILES to graph: 284/500
7x8yA_antigen.pdb  7spaB_antibody.pdb
Converting SMILES to graph: 285/500
7x8yA_antigen.pdb  5cjoHL_antibody.pdb
Converting SMILES to graph: 286/500
7x8yA_antigen.pdb  7ursHL_antibody.pdb
Converting SMILES to graph: 287/500
7x8yA_antigen.pdb  7rbyB_antibody.pdb
Converting SMILES to graph: 288/500
7x8yA_antigen.pdb  7th2C_antibody.pdb
Converting SMILES to graph: 289/500
7x8zA_antigen.pdb  4ubdST_antibody.pdb
Converting SMILES to graph: 290/500
7x8zA_antigen.pdb  4nc1D_antibody.pdb
Converting SMILES to graph: 291/500
7x8zA_antigen.pdb  7yv7FE_antibody.pdb
Converting SMILES to graph: 292/500
7x8zA_antigen.pdb  5y9cHL_antibody.pdb
Converting SMILES to graph: 293/500
7x8zA_antigen.pdb  7rbuHL_antibody.pdb
Converting SMILES to graph: 294/500
7x8zA_antigen.pdb  4cdgD_antibody.pdb
Converting SMILES to graph: 295/500
7x90G_antigen.pdb  4jkpHL_antibody.pdb
Converting SMILES to graph: 296/500
7x90G_antigen.pdb  5hysAB_antibody.pdb
Converting SMILES to graph: 297/500
7x90G_antigen.pdb  3g5yBA_antibody.pdb
Converting SMILES to graph: 298/500
7x90G_antigen.pdb  6p91HL_antibody.pdb
Converting SMILES to graph: 299/500
7x90G_antigen.pdb  2dqjHL_antibody.pdb
Converting SMILES to graph: 300/500
7x90G_antigen.pdb  6uusN_antibody.pdb
Converting SMILES to graph: 301/500
7x91A_antigen.pdb  8dedHL_antibody.pdb
Converting SMILES to graph: 302/500
7x91A_antigen.pdb  6ogeED_antibody.pdb
Converting SMILES to graph: 303/500
7x91A_antigen.pdb  4lcuAB_antibody.pdb
Converting SMILES to graph: 304/500
7x91A_antigen.pdb  7mhyOP_antibody.pdb
Converting SMILES to graph: 305/500
7x91A_antigen.pdb  3lohAB_antibody.pdb
Converting SMILES to graph: 306/500
7x91A_antigen.pdb  8itfSs_antibody.pdb
Converting SMILES to graph: 307/500
7x92A_antigen.pdb  1tziBA_antibody.pdb
Converting SMILES to graph: 308/500
7x92A_antigen.pdb  2dqfBA_antibody.pdb
Converting SMILES to graph: 309/500
7x92A_antigen.pdb  7wslHL_antibody.pdb
Converting SMILES to graph: 310/500
7x92A_antigen.pdb  6pbvDC_antibody.pdb
Converting SMILES to graph: 311/500
7x92A_antigen.pdb  7sp8B_antibody.pdb
Converting SMILES to graph: 312/500
7x93GD_antigen.pdb  7m52HL_antibody.pdb
Converting SMILES to graph: 313/500
7x93GD_antigen.pdb  7lbfFE_antibody.pdb
Converting SMILES to graph: 314/500
7x93GD_antigen.pdb  6idlIJ_antibody.pdb
Converting SMILES to graph: 315/500
7x93GD_antigen.pdb  6mph34_antibody.pdb
Converting SMILES to graph: 316/500
7x93GD_antigen.pdb  6mpg34_antibody.pdb
Converting SMILES to graph: 317/500
7x93GD_antigen.pdb  7rnnC_antibody.pdb
Converting SMILES to graph: 318/500
7x94A_antigen.pdb  5vxlB_antibody.pdb
Converting SMILES to graph: 319/500
7x94A_antigen.pdb  8dlxH_antibody.pdb
Converting SMILES to graph: 320/500
7x94A_antigen.pdb  5uk4r_antibody.pdb
Converting SMILES to graph: 321/500
7x94A_antigen.pdb  8i9aHh_antibody.pdb
Converting SMILES to graph: 322/500
7x94A_antigen.pdb  7xjlEe_antibody.pdb
Converting SMILES to graph: 323/500
7x94A_antigen.pdb  4tvpHL_antibody.pdb
Converting SMILES to graph: 324/500
7x95A_antigen.pdb  8gq5a_antibody.pdb
Converting SMILES to graph: 325/500
7x95A_antigen.pdb  7na7Nn_antibody.pdb
Converting SMILES to graph: 326/500
7x95A_antigen.pdb  8h07EJ_antibody.pdb
Converting SMILES to graph: 327/500
7x95A_antigen.pdb  2xqyGL_antibody.pdb
Converting SMILES to graph: 328/500
7x95A_antigen.pdb  7anqB_antibody.pdb
Converting SMILES to graph: 329/500
7x95A_antigen.pdb  7x10Ee_antibody.pdb
Converting SMILES to graph: 330/500
7x96G_antigen.pdb  5vzyHL_antibody.pdb
Converting SMILES to graph: 331/500
7x96G_antigen.pdb  7chfAB_antibody.pdb
Converting SMILES to graph: 332/500
7x96G_antigen.pdb  6cw2AB_antibody.pdb
Converting SMILES to graph: 333/500
7x96G_antigen.pdb  5i8cAB_antibody.pdb
Converting SMILES to graph: 334/500
7x96G_antigen.pdb  8hegD_antibody.pdb
Converting SMILES to graph: 335/500
7x96G_antigen.pdb  3mnwBA_antibody.pdb
Converting SMILES to graph: 336/500
7x9eE_antigen.pdb  7b14D_antibody.pdb
Converting SMILES to graph: 337/500
7x9eE_antigen.pdb  7tn9AB_antibody.pdb
Converting SMILES to graph: 338/500
7x9eE_antigen.pdb  7ri1B_antibody.pdb
Converting SMILES to graph: 339/500
7x9eE_antigen.pdb  7ketAB_antibody.pdb
Converting SMILES to graph: 340/500
7x9eE_antigen.pdb  2vitBA_antibody.pdb
Converting SMILES to graph: 341/500
7x9eE_antigen.pdb  7kpbHL_antibody.pdb
Converting SMILES to graph: 342/500
7x9yABG_antigen.pdb  7ufwHh_antibody.pdb
Converting SMILES to graph: 343/500
7x9yABG_antigen.pdb  7wqvBb_antibody.pdb
Converting SMILES to graph: 344/500
7x9yABG_antigen.pdb  6myyGF_antibody.pdb
Converting SMILES to graph: 345/500
7x9yABG_antigen.pdb  7l1uHh_antibody.pdb
Converting SMILES to graph: 346/500
7x9yABG_antigen.pdb  7q6eHL_antibody.pdb
Converting SMILES to graph: 347/500
7x9yABG_antigen.pdb  3gi8HL_antibody.pdb
Converting SMILES to graph: 348/500
7xa3AB_antigen.pdb  5hvhB_antibody.pdb
Converting SMILES to graph: 349/500
7xa3AB_antigen.pdb  6ralC_antibody.pdb
Converting SMILES to graph: 350/500
7xa3AB_antigen.pdb  8eedHL_antibody.pdb
Converting SMILES to graph: 351/500
7xa3AB_antigen.pdb  7n08HL_antibody.pdb
Converting SMILES to graph: 352/500
7xa3AB_antigen.pdb  8ejiHL_antibody.pdb
Converting SMILES to graph: 353/500
7xa3AB_antigen.pdb  5u3jHL_antibody.pdb
Converting SMILES to graph: 354/500
7xatBC_antigen.pdb  7ocyC_antibody.pdb
Converting SMILES to graph: 355/500
7xatBC_antigen.pdb  4y7mB_antibody.pdb
Converting SMILES to graph: 356/500
7xatBC_antigen.pdb  7leyDE_antibody.pdb
Converting SMILES to graph: 357/500
7xatBC_antigen.pdb  4o58HL_antibody.pdb
Converting SMILES to graph: 358/500
7xatBC_antigen.pdb  5yhlHL_antibody.pdb
Converting SMILES to graph: 359/500
7xatBC_antigen.pdb  7p16B_antibody.pdb
Converting SMILES to graph: 360/500
7xauBDC_antigen.pdb  6vgrCD_antibody.pdb
Converting SMILES to graph: 361/500
7xauBDC_antigen.pdb  7czyHK_antibody.pdb
Converting SMILES to graph: 362/500
7xauBDC_antigen.pdb  6e3hHL_antibody.pdb
Converting SMILES to graph: 363/500
7xauBDC_antigen.pdb  7r87CD_antibody.pdb
Converting SMILES to graph: 364/500
7xauBDC_antigen.pdb  7yvoIH_antibody.pdb
Converting SMILES to graph: 365/500
7xauBDC_antigen.pdb  6qgwB_antibody.pdb
Converting SMILES to graph: 366/500
7xavBDC_antigen.pdb  7y58B_antibody.pdb
Converting SMILES to graph: 367/500
7xavBDC_antigen.pdb  6n81HL_antibody.pdb
Converting SMILES to graph: 368/500
7xavBDC_antigen.pdb  6c9wB_antibody.pdb
Converting SMILES to graph: 369/500
7xavBDC_antigen.pdb  5o02C_antibody.pdb
Converting SMILES to graph: 370/500
7xavBDC_antigen.pdb  7jhhHL_antibody.pdb
Converting SMILES to graph: 371/500
7xavBDC_antigen.pdb  4nc1D_antibody.pdb
Converting SMILES to graph: 372/500
7xbdBC_antigen.pdb  5uhyHG_antibody.pdb
Converting SMILES to graph: 373/500
7xbdBC_antigen.pdb  4hjgBA_antibody.pdb
Converting SMILES to graph: 374/500
7xbdBC_antigen.pdb  8g9xHL_antibody.pdb
Converting SMILES to graph: 375/500
7xbdBC_antigen.pdb  7memHL_antibody.pdb
Converting SMILES to graph: 376/500
7xbdBC_antigen.pdb  5otjHL_antibody.pdb
Converting SMILES to graph: 377/500
7xbdBC_antigen.pdb  6ii8JK_antibody.pdb
Converting SMILES to graph: 378/500
7xckM_antigen.pdb  6p50HL_antibody.pdb
Converting SMILES to graph: 379/500
7xckM_antigen.pdb  5imoB_antibody.pdb
Converting SMILES to graph: 380/500
7xckM_antigen.pdb  2r0wHL_antibody.pdb
Converting SMILES to graph: 381/500
7xckM_antigen.pdb  3sqoHL_antibody.pdb
Converting SMILES to graph: 382/500
7xckM_antigen.pdb  5lhpB_antibody.pdb
Converting SMILES to graph: 383/500
7xcoA_antigen.pdb  7vytBC_antibody.pdb
Converting SMILES to graph: 384/500
7xcoA_antigen.pdb  8dl7DC_antibody.pdb
Converting SMILES to graph: 385/500
7xcoA_antigen.pdb  7mlzHL_antibody.pdb
Converting SMILES to graph: 386/500
7xcoA_antigen.pdb  6whaEe_antibody.pdb
Converting SMILES to graph: 387/500
7xcoA_antigen.pdb  4kkbEF_antibody.pdb
Converting SMILES to graph: 388/500
7xcoA_antigen.pdb  5ywpRQ_antibody.pdb
Converting SMILES to graph: 389/500
7xcpB_antigen.pdb  6lbhCD_antibody.pdb
Converting SMILES to graph: 390/500
7xcpB_antigen.pdb  1a2yBA_antibody.pdb
Converting SMILES to graph: 391/500
7xcpB_antigen.pdb  5fhxH_antibody.pdb
Converting SMILES to graph: 392/500
7xcpB_antigen.pdb  6cufhl_antibody.pdb
Converting SMILES to graph: 393/500
7xcpB_antigen.pdb  7mhxAB_antibody.pdb
Converting SMILES to graph: 394/500
7xcpB_antigen.pdb  2htkCD_antibody.pdb
Converting SMILES to graph: 395/500
7xczA_antigen.pdb  5wduDE_antibody.pdb
Converting SMILES to graph: 396/500
7xczA_antigen.pdb  8j1qBA_antibody.pdb
Converting SMILES to graph: 397/500
7xczA_antigen.pdb  7bxaHL_antibody.pdb
Converting SMILES to graph: 398/500
7xczA_antigen.pdb  7zauB_antibody.pdb
Converting SMILES to graph: 399/500
7xczA_antigen.pdb  7phgHL_antibody.pdb
Converting SMILES to graph: 400/500
7xczA_antigen.pdb  6qexCB_antibody.pdb
Converting SMILES to graph: 401/500
7xd2C_antigen.pdb  6crkHh_antibody.pdb
Converting SMILES to graph: 402/500
7xd2C_antigen.pdb  3u9pHL_antibody.pdb
Converting SMILES to graph: 403/500
7xd2C_antigen.pdb  7w57Ee_antibody.pdb
Converting SMILES to graph: 404/500
7xd2C_antigen.pdb  7x2mB_antibody.pdb
Converting SMILES to graph: 405/500
7xd2C_antigen.pdb  6vy6HL_antibody.pdb
Converting SMILES to graph: 406/500
7xd2C_antigen.pdb  6mugHL_antibody.pdb
Converting SMILES to graph: 407/500
7xdaA_antigen.pdb  7fejHL_antibody.pdb
Converting SMILES to graph: 408/500
7xdaA_antigen.pdb  7s2sC_antibody.pdb
Converting SMILES to graph: 409/500
7xdaA_antigen.pdb  7kfvFG_antibody.pdb
Converting SMILES to graph: 410/500
7xdaA_antigen.pdb  4qxuHL_antibody.pdb
Converting SMILES to graph: 411/500
7xdaA_antigen.pdb  7ej5JN_antibody.pdb
Converting SMILES to graph: 412/500
7xdaA_antigen.pdb  8cxqD_antibody.pdb
Converting SMILES to graph: 413/500
7xdbA_antigen.pdb  6obdHL_antibody.pdb
Converting SMILES to graph: 414/500
7xdbA_antigen.pdb  5ldnHL_antibody.pdb
Converting SMILES to graph: 415/500
7xdbA_antigen.pdb  7k9zHL_antibody.pdb
Converting SMILES to graph: 416/500
7xdbA_antigen.pdb  7ldeKJ_antibody.pdb
Converting SMILES to graph: 417/500
7xdbA_antigen.pdb  6appA_antibody.pdb
Converting SMILES to graph: 418/500
7xdbA_antigen.pdb  4m3kB_antibody.pdb
Converting SMILES to graph: 419/500
7xdkA_antigen.pdb  1f58HL_antibody.pdb
Converting SMILES to graph: 420/500
7xdkA_antigen.pdb  6u59HL_antibody.pdb
Converting SMILES to graph: 421/500
7xdkA_antigen.pdb  7li7BC_antibody.pdb
Converting SMILES to graph: 422/500
7xdkA_antigen.pdb  7rfcAB_antibody.pdb
Converting SMILES to graph: 423/500
7xdkA_antigen.pdb  8e8lHL_antibody.pdb
Converting SMILES to graph: 424/500
7xdkA_antigen.pdb  5uk1Ii_antibody.pdb
Converting SMILES to graph: 425/500
7xdlB_antigen.pdb  7wi0CE_antibody.pdb
Converting SMILES to graph: 426/500
7xdlB_antigen.pdb  8f9wAB_antibody.pdb
Converting SMILES to graph: 427/500
7xdlB_antigen.pdb  4c2iHL_antibody.pdb
Converting SMILES to graph: 428/500
7xdlB_antigen.pdb  4pd4JK_antibody.pdb
Converting SMILES to graph: 429/500
7xdlB_antigen.pdb  6ym0HL_antibody.pdb
Converting SMILES to graph: 430/500
7xdlB_antigen.pdb  5vodHL_antibody.pdb
Converting SMILES to graph: 431/500
7xegA_antigen.pdb  6ad8CD_antibody.pdb
Converting SMILES to graph: 432/500
7xegA_antigen.pdb  7upwDE_antibody.pdb
Converting SMILES to graph: 433/500
7xegA_antigen.pdb  7zfeJK_antibody.pdb
Converting SMILES to graph: 434/500
7xegA_antigen.pdb  8g5gHL_antibody.pdb
Converting SMILES to graph: 435/500
7xegA_antigen.pdb  6rcuED_antibody.pdb
Converting SMILES to graph: 436/500
7xegA_antigen.pdb  7bb6B_antibody.pdb
Converting SMILES to graph: 437/500
7xeiA_antigen.pdb  4ywgIM_antibody.pdb
Converting SMILES to graph: 438/500
7xeiA_antigen.pdb  7wurEF_antibody.pdb
Converting SMILES to graph: 439/500
7xeiA_antigen.pdb  8j1vHK_antibody.pdb
Converting SMILES to graph: 440/500
7xeiA_antigen.pdb  7wp8DC_antibody.pdb
Converting SMILES to graph: 441/500
7xeiA_antigen.pdb  6uyeGJ_antibody.pdb
Converting SMILES to graph: 442/500
7xeiA_antigen.pdb  6nnjUV_antibody.pdb
Converting SMILES to graph: 443/500
7xh8A_antigen.pdb  4f37HL_antibody.pdb
Converting SMILES to graph: 444/500
7xh8A_antigen.pdb  7x3cHL_antibody.pdb
Converting SMILES to graph: 445/500
7xh8A_antigen.pdb  7y24Ss_antibody.pdb
Converting SMILES to graph: 446/500
7xh8A_antigen.pdb  6niuIJ_antibody.pdb
Converting SMILES to graph: 447/500
7xh8A_antigen.pdb  7lokKJ_antibody.pdb
Converting SMILES to graph: 448/500
7xh8A_antigen.pdb  3effBA_antibody.pdb
Converting SMILES to graph: 449/500
7xicB_antigen.pdb  5ywpRQ_antibody.pdb
Converting SMILES to graph: 450/500
7xicB_antigen.pdb  6bitJL_antibody.pdb
Converting SMILES to graph: 451/500
7xicB_antigen.pdb  7s0dHL_antibody.pdb
Converting SMILES to graph: 452/500
7xicB_antigen.pdb  8el2HL_antibody.pdb
Converting SMILES to graph: 453/500
7xicB_antigen.pdb  8hikHL_antibody.pdb
Converting SMILES to graph: 454/500
7xicB_antigen.pdb  5w9hHI_antibody.pdb
Converting SMILES to graph: 455/500
7xikA_antigen.pdb  7p40FB_antibody.pdb
Converting SMILES to graph: 456/500
7xikA_antigen.pdb  7d5bD_antibody.pdb
Converting SMILES to graph: 457/500
7xikA_antigen.pdb  5imkB_antibody.pdb
Converting SMILES to graph: 458/500
7xikA_antigen.pdb  7lzpH_antibody.pdb
Converting SMILES to graph: 459/500
7xikA_antigen.pdb  8dzqEe_antibody.pdb
Converting SMILES to graph: 460/500
7xikA_antigen.pdb  5x2oJK_antibody.pdb
Converting SMILES to graph: 461/500
7xilA_antigen.pdb  1tpxBC_antibody.pdb
Converting SMILES to graph: 462/500
7xilA_antigen.pdb  5f7lB_antibody.pdb
Converting SMILES to graph: 463/500
7xilA_antigen.pdb  1melA_antibody.pdb
Converting SMILES to graph: 464/500
7xilA_antigen.pdb  4s1sHL_antibody.pdb
Converting SMILES to graph: 465/500
7xilA_antigen.pdb  8iv4HL_antibody.pdb
Converting SMILES to graph: 466/500
7xj6A_antigen.pdb  7v8qBA_antibody.pdb
Converting SMILES to graph: 467/500
7xj6A_antigen.pdb  7jvcHL_antibody.pdb
Converting SMILES to graph: 468/500
7xj6A_antigen.pdb  7w0nSs_antibody.pdb
Converting SMILES to graph: 469/500
7xj6A_antigen.pdb  7lpnD_antibody.pdb
Converting SMILES to graph: 470/500
7xj6A_antigen.pdb  7jhhHL_antibody.pdb
Converting SMILES to graph: 471/500
7xj6A_antigen.pdb  6ysqD_antibody.pdb
Converting SMILES to graph: 472/500
7xj8B_antigen.pdb  7sfwQR_antibody.pdb
Converting SMILES to graph: 473/500
7xj8B_antigen.pdb  7aqxC_antibody.pdb
Converting SMILES to graph: 474/500
7xj8B_antigen.pdb  7detDd_antibody.pdb
Converting SMILES to graph: 475/500
7xj8B_antigen.pdb  7nkiF_antibody.pdb
Converting SMILES to graph: 476/500
7xj8B_antigen.pdb  7ym8D_antibody.pdb
Converting SMILES to graph: 477/500
7xj8B_antigen.pdb  6qv1E_antibody.pdb
Converting SMILES to graph: 478/500
7xj9B_antigen.pdb  7llyN_antibody.pdb
Converting SMILES to graph: 479/500
7xj9B_antigen.pdb  4om0HL_antibody.pdb
Converting SMILES to graph: 480/500
7xj9B_antigen.pdb  7ukoEF_antibody.pdb
Converting SMILES to graph: 481/500
7xj9B_antigen.pdb  5immB_antibody.pdb
Converting SMILES to graph: 482/500
7xj9B_antigen.pdb  6b3jN_antibody.pdb
Converting SMILES to graph: 483/500
7xj9B_antigen.pdb  4c59B_antibody.pdb
Converting SMILES to graph: 484/500
7xjfC_antigen.pdb  2bocAB_antibody.pdb
Converting SMILES to graph: 485/500
7xjfC_antigen.pdb  7ckyN_antibody.pdb
Converting SMILES to graph: 486/500
7xjfC_antigen.pdb  4g6mHL_antibody.pdb
Converting SMILES to graph: 487/500
7xjfC_antigen.pdb  7r8aCD_antibody.pdb
Converting SMILES to graph: 488/500
7xjfC_antigen.pdb  6b20F_antibody.pdb
Converting SMILES to graph: 489/500
7xjfC_antigen.pdb  8dytHL_antibody.pdb
Converting SMILES to graph: 490/500
7xjhAB_antigen.pdb  6n4bSs_antibody.pdb
Converting SMILES to graph: 491/500
7xjhAB_antigen.pdb  7k7yC_antibody.pdb
Converting SMILES to graph: 492/500
7xjhAB_antigen.pdb  8j26BA_antibody.pdb
Converting SMILES to graph: 493/500
7xjhAB_antigen.pdb  3wxvHL_antibody.pdb
Converting SMILES to graph: 494/500
7xjhAB_antigen.pdb  5j9pAB_antibody.pdb
Converting SMILES to graph: 495/500
7xjhAB_antigen.pdb  4r8wHL_antibody.pdb
Converting SMILES to graph: 496/500
7xjiAB_antigen.pdb  8hcqEe_antibody.pdb
Converting SMILES to graph: 497/500
7xjiAB_antigen.pdb  5owpHh_antibody.pdb
Converting SMILES to graph: 498/500
7xjiAB_antigen.pdb  7f1oE_antibody.pdb
Converting SMILES to graph: 499/500
7xjiAB_antigen.pdb  4cniHL_antibody.pdb
Converting SMILES to graph: 500/500
7xjiAB_antigen.pdb  3g04BA_antibody.pdb
Graph construction done. Saving to file.
