Converting SMILES to graph: 1/335
8skjE_antigen.pdb  8h91C_antibody.pdb
Converting SMILES to graph: 2/335
8skjE_antigen.pdb  6o26AB_antibody.pdb
Converting SMILES to graph: 3/335
8skjE_antigen.pdb  7n64HL_antibody.pdb
Converting SMILES to graph: 4/335
8skjE_antigen.pdb  3bt2HL_antibody.pdb
Converting SMILES to graph: 5/335
8slbA_antigen.pdb  5nblE_antibody.pdb
Converting SMILES to graph: 6/335
8slbA_antigen.pdb  8cz5HL_antibody.pdb
Converting SMILES to graph: 7/335
8slbA_antigen.pdb  7zk1B_antibody.pdb
Converting SMILES to graph: 8/335
8slbA_antigen.pdb  2fedCD_antibody.pdb
Converting SMILES to graph: 9/335
8slbA_antigen.pdb  7k75AB_antibody.pdb
Converting SMILES to graph: 10/335
8slbA_antigen.pdb  8ibvEe_antibody.pdb
Converting SMILES to graph: 11/335
8smtC_antigen.pdb  6q23HL_antibody.pdb
Converting SMILES to graph: 12/335
8smtC_antigen.pdb  5tpwHL_antibody.pdb
Converting SMILES to graph: 13/335
8smtC_antigen.pdb  7chsHL_antibody.pdb
Converting SMILES to graph: 14/335
8smtC_antigen.pdb  5tjwK_antibody.pdb
Converting SMILES to graph: 15/335
8smtC_antigen.pdb  4lmqEI_antibody.pdb
Converting SMILES to graph: 16/335
8smtC_antigen.pdb  7ubsHh_antibody.pdb
Converting SMILES to graph: 17/335
8so3D_antigen.pdb  3qg6BA_antibody.pdb
Converting SMILES to graph: 18/335
8so3D_antigen.pdb  8cy6D_antibody.pdb
Converting SMILES to graph: 19/335
8so3D_antigen.pdb  5tfwHL_antibody.pdb
Converting SMILES to graph: 20/335
8so3D_antigen.pdb  7me7B_antibody.pdb
Converting SMILES to graph: 21/335
8so3D_antigen.pdb  5tztHL_antibody.pdb
Converting SMILES to graph: 22/335
8so3D_antigen.pdb  7t94Ee_antibody.pdb
Converting SMILES to graph: 23/335
8spsGELHF_antigen.pdb  6dzzBC_antibody.pdb
Converting SMILES to graph: 24/335
8spsGELHF_antigen.pdb  7yvkHI_antibody.pdb
Converting SMILES to graph: 25/335
8spsGELHF_antigen.pdb  7a0yEF_antibody.pdb
Converting SMILES to graph: 26/335
8spsGELHF_antigen.pdb  7d5zPO_antibody.pdb
Converting SMILES to graph: 27/335
8spsGELHF_antigen.pdb  7jvcHL_antibody.pdb
Converting SMILES to graph: 28/335
8spsGELHF_antigen.pdb  7nmuC_antibody.pdb
Converting SMILES to graph: 29/335
8spuCBDA_antigen.pdb  6eduLM_antibody.pdb
Converting SMILES to graph: 30/335
8spuCBDA_antigen.pdb  6vl8HL_antibody.pdb
Converting SMILES to graph: 31/335
8spuCBDA_antigen.pdb  3f5wAB_antibody.pdb
Converting SMILES to graph: 32/335
8spuCBDA_antigen.pdb  8jlkSs_antibody.pdb
Converting SMILES to graph: 33/335
8spuCBDA_antigen.pdb  5xkuCB_antibody.pdb
Converting SMILES to graph: 34/335
8spuCBDA_antigen.pdb  6gs7H_antibody.pdb
Converting SMILES to graph: 35/335
8sr0X_antigen.pdb  8bvtB_antibody.pdb
Converting SMILES to graph: 36/335
8sr0X_antigen.pdb  4kjqEF_antibody.pdb
Converting SMILES to graph: 37/335
8sr0X_antigen.pdb  7s6kFG_antibody.pdb
Converting SMILES to graph: 38/335
8sr0X_antigen.pdb  5tz2HL_antibody.pdb
Converting SMILES to graph: 39/335
8sr0X_antigen.pdb  7ekbHL_antibody.pdb
Converting SMILES to graph: 40/335
8sr0X_antigen.pdb  2eksBA_antibody.pdb
Converting SMILES to graph: 41/335
8sypGH_antigen.pdb  7sd5HL_antibody.pdb
Converting SMILES to graph: 42/335
8sypGH_antigen.pdb  6nbfN_antibody.pdb
Converting SMILES to graph: 43/335
8sypGH_antigen.pdb  6nmvHL_antibody.pdb
Converting SMILES to graph: 44/335
8sypGH_antigen.pdb  5t33HL_antibody.pdb
Converting SMILES to graph: 45/335
8sypGH_antigen.pdb  5w9hHI_antibody.pdb
Converting SMILES to graph: 46/335
8szyT_antigen.pdb  1mvfB_antibody.pdb
Converting SMILES to graph: 47/335
8szyT_antigen.pdb  5ucbHL_antibody.pdb
Converting SMILES to graph: 48/335
8szyT_antigen.pdb  7w7eHh_antibody.pdb
Converting SMILES to graph: 49/335
8szyT_antigen.pdb  8sakHL_antibody.pdb
Converting SMILES to graph: 50/335
8szyT_antigen.pdb  8dccHL_antibody.pdb
Converting SMILES to graph: 51/335
8szyT_antigen.pdb  7mlvLM_antibody.pdb
Converting SMILES to graph: 52/335
8t03A_antigen.pdb  4dvrHL_antibody.pdb
Converting SMILES to graph: 53/335
8t03A_antigen.pdb  4qxtAB_antibody.pdb
Converting SMILES to graph: 54/335
8t03A_antigen.pdb  7l2dHL_antibody.pdb
Converting SMILES to graph: 55/335
8t03A_antigen.pdb  4dkfHL_antibody.pdb
Converting SMILES to graph: 56/335
8t03A_antigen.pdb  4weuE_antibody.pdb
Converting SMILES to graph: 57/335
8t03A_antigen.pdb  6rpjB_antibody.pdb
Converting SMILES to graph: 58/335
8t04A_antigen.pdb  7xicKL_antibody.pdb
Converting SMILES to graph: 59/335
8t04A_antigen.pdb  5xwdHD_antibody.pdb
Converting SMILES to graph: 60/335
8t04A_antigen.pdb  6k7oFG_antibody.pdb
Converting SMILES to graph: 61/335
8t04A_antigen.pdb  4wemB_antibody.pdb
Converting SMILES to graph: 62/335
8t04A_antigen.pdb  1mpaHL_antibody.pdb
Converting SMILES to graph: 63/335
8t04A_antigen.pdb  8w83AB_antibody.pdb
Converting SMILES to graph: 64/335
8t05AB_antigen.pdb  7sl8B_antibody.pdb
Converting SMILES to graph: 65/335
8t05AB_antigen.pdb  7c61HL_antibody.pdb
Converting SMILES to graph: 66/335
8t05AB_antigen.pdb  5w9kHI_antibody.pdb
Converting SMILES to graph: 67/335
8t05AB_antigen.pdb  6wf1HL_antibody.pdb
Converting SMILES to graph: 68/335
8t05AB_antigen.pdb  5e8dHL_antibody.pdb
Converting SMILES to graph: 69/335
8t05AB_antigen.pdb  8djkHL_antibody.pdb
Converting SMILES to graph: 70/335
8t06A_antigen.pdb  6cseHL_antibody.pdb
Converting SMILES to graph: 71/335
8t06A_antigen.pdb  6gciB_antibody.pdb
Converting SMILES to graph: 72/335
8t06A_antigen.pdb  6ysqD_antibody.pdb
Converting SMILES to graph: 73/335
8t06A_antigen.pdb  3drtBA_antibody.pdb
Converting SMILES to graph: 74/335
8t06A_antigen.pdb  7xjiN_antibody.pdb
Converting SMILES to graph: 75/335
8t06A_antigen.pdb  6whkCB_antibody.pdb
Converting SMILES to graph: 76/335
8t07A_antigen.pdb  7y3jHL_antibody.pdb
Converting SMILES to graph: 77/335
8t07A_antigen.pdb  7sjoEF_antibody.pdb
Converting SMILES to graph: 78/335
8t07A_antigen.pdb  7vieEe_antibody.pdb
Converting SMILES to graph: 79/335
8t07A_antigen.pdb  7z3aGI_antibody.pdb
Converting SMILES to graph: 80/335
8t07A_antigen.pdb  4yjzlL_antibody.pdb
Converting SMILES to graph: 81/335
8t07A_antigen.pdb  8bevB_antibody.pdb
Converting SMILES to graph: 82/335
8t7aa_antigen.pdb  6tggHh_antibody.pdb
Converting SMILES to graph: 83/335
8t7aa_antigen.pdb  7x40HL_antibody.pdb
Converting SMILES to graph: 84/335
8t7aa_antigen.pdb  7wobDB_antibody.pdb
Converting SMILES to graph: 85/335
8t7aa_antigen.pdb  7fjcHL_antibody.pdb
Converting SMILES to graph: 86/335
8t7aa_antigen.pdb  7te1HL_antibody.pdb
Converting SMILES to graph: 87/335
8t7aa_antigen.pdb  3go1HL_antibody.pdb
Converting SMILES to graph: 88/335
8t7hA_antigen.pdb  7m7iEF_antibody.pdb
Converting SMILES to graph: 89/335
8t7hA_antigen.pdb  7yajC_antibody.pdb
Converting SMILES to graph: 90/335
8t7hA_antigen.pdb  7eb2Nn_antibody.pdb
Converting SMILES to graph: 91/335
8t7hA_antigen.pdb  7zr9FG_antibody.pdb
Converting SMILES to graph: 92/335
8t7hA_antigen.pdb  6o2cAB_antibody.pdb
Converting SMILES to graph: 93/335
8t7hA_antigen.pdb  6fe4F_antibody.pdb
Converting SMILES to graph: 94/335
8t8mB_antigen.pdb  4cauEe_antibody.pdb
Converting SMILES to graph: 95/335
8t8mB_antigen.pdb  7f46HL_antibody.pdb
Converting SMILES to graph: 96/335
8t8mB_antigen.pdb  7x2vEe_antibody.pdb
Converting SMILES to graph: 97/335
8t8mB_antigen.pdb  8ia8Ss_antibody.pdb
Converting SMILES to graph: 98/335
8t8mB_antigen.pdb  7a3oHL_antibody.pdb
Converting SMILES to graph: 99/335
8t8mB_antigen.pdb  7n9cE_antibody.pdb
Converting SMILES to graph: 100/335
8t9zA_antigen.pdb  1g7hBA_antibody.pdb
Converting SMILES to graph: 101/335
8t9zA_antigen.pdb  4tulHL_antibody.pdb
Converting SMILES to graph: 102/335
8t9zA_antigen.pdb  5wi9HL_antibody.pdb
Converting SMILES to graph: 103/335
8t9zA_antigen.pdb  7xdaBC_antibody.pdb
Converting SMILES to graph: 104/335
8t9zA_antigen.pdb  7ejaHh_antibody.pdb
Converting SMILES to graph: 105/335
8t9zA_antigen.pdb  7ssvHL_antibody.pdb
Converting SMILES to graph: 106/335
8taoB_antigen.pdb  7beiHL_antibody.pdb
Converting SMILES to graph: 107/335
8taoB_antigen.pdb  3kr3HL_antibody.pdb
Converting SMILES to graph: 108/335
8taoB_antigen.pdb  4pirH_antibody.pdb
Converting SMILES to graph: 109/335
8taoB_antigen.pdb  8hqnHh_antibody.pdb
Converting SMILES to graph: 110/335
8taoB_antigen.pdb  7uktEF_antibody.pdb
Converting SMILES to graph: 111/335
8taoB_antigen.pdb  7zmtK_antibody.pdb
Converting SMILES to graph: 112/335
8tb0RB_antigen.pdb  6uydHL_antibody.pdb
Converting SMILES to graph: 113/335
8tb0RB_antigen.pdb  8g3zHL_antibody.pdb
Converting SMILES to graph: 114/335
8tb0RB_antigen.pdb  7nk8F_antibody.pdb
Converting SMILES to graph: 115/335
8tb0RB_antigen.pdb  8ucdHL_antibody.pdb
Converting SMILES to graph: 116/335
8tb0RB_antigen.pdb  4qy8AB_antibody.pdb
Converting SMILES to graph: 117/335
8tb0RB_antigen.pdb  7unbHL_antibody.pdb
Converting SMILES to graph: 118/335
8tcoBA_antigen.pdb  7x28CD_antibody.pdb
Converting SMILES to graph: 119/335
8tcoBA_antigen.pdb  8dpgEe_antibody.pdb
Converting SMILES to graph: 120/335
8tcoBA_antigen.pdb  1i8iBA_antibody.pdb
Converting SMILES to graph: 121/335
8tcoBA_antigen.pdb  5x08HL_antibody.pdb
Converting SMILES to graph: 122/335
8tcoBA_antigen.pdb  6plhBA_antibody.pdb
Converting SMILES to graph: 123/335
8tcoBA_antigen.pdb  8g3vAL_antibody.pdb
Converting SMILES to graph: 124/335
8teaC_antigen.pdb  2dtgAB_antibody.pdb
Converting SMILES to graph: 125/335
8teaC_antigen.pdb  6njlNM_antibody.pdb
Converting SMILES to graph: 126/335
8teaC_antigen.pdb  4nbzD_antibody.pdb
Converting SMILES to graph: 127/335
8teaC_antigen.pdb  8t7aDE_antibody.pdb
Converting SMILES to graph: 128/335
8teaC_antigen.pdb  7rw2IK_antibody.pdb
Converting SMILES to graph: 129/335
8teaC_antigen.pdb  3eysHL_antibody.pdb
Converting SMILES to graph: 130/335
8tfnB_antigen.pdb  6cf2AB_antibody.pdb
Converting SMILES to graph: 131/335
8tfnB_antigen.pdb  7xkeN_antibody.pdb
Converting SMILES to graph: 132/335
8tfnB_antigen.pdb  8saxCD_antibody.pdb
Converting SMILES to graph: 133/335
8tfnB_antigen.pdb  5m2jD_antibody.pdb
Converting SMILES to graph: 134/335
8tfnB_antigen.pdb  8grrHL_antibody.pdb
Converting SMILES to graph: 135/335
8thkAB_antigen.pdb  6ocaD_antibody.pdb
Converting SMILES to graph: 136/335
8thkAB_antigen.pdb  3v4vHL_antibody.pdb
Converting SMILES to graph: 137/335
8thkAB_antigen.pdb  6kpgSs_antibody.pdb
Converting SMILES to graph: 138/335
8thkAB_antigen.pdb  7xjjSs_antibody.pdb
Converting SMILES to graph: 139/335
8thkAB_antigen.pdb  7ydsBC_antibody.pdb
Converting SMILES to graph: 140/335
8thkAB_antigen.pdb  8dg8HL_antibody.pdb
Converting SMILES to graph: 141/335
8thlAB_antigen.pdb  8hafN_antibody.pdb
Converting SMILES to graph: 142/335
8thlAB_antigen.pdb  8bh5HL_antibody.pdb
Converting SMILES to graph: 143/335
8thlAB_antigen.pdb  6oijHh_antibody.pdb
Converting SMILES to graph: 144/335
8thlAB_antigen.pdb  7ew2Ss_antibody.pdb
Converting SMILES to graph: 145/335
8thlAB_antigen.pdb  7wtkHL_antibody.pdb
Converting SMILES to graph: 146/335
8thlAB_antigen.pdb  7ki4HL_antibody.pdb
Converting SMILES to graph: 147/335
8tp2C_antigen.pdb  6h6yH_antibody.pdb
Converting SMILES to graph: 148/335
8tp2C_antigen.pdb  7zlhHL_antibody.pdb
Converting SMILES to graph: 149/335
8tp2C_antigen.pdb  8dwaHL_antibody.pdb
Converting SMILES to graph: 150/335
8tp2C_antigen.pdb  4f9pDd_antibody.pdb
Converting SMILES to graph: 151/335
8tp2C_antigen.pdb  8hc6HL_antibody.pdb
Converting SMILES to graph: 152/335
8tp2C_antigen.pdb  8hs2BC_antibody.pdb
Converting SMILES to graph: 153/335
8tp3C_antigen.pdb  8eliHL_antibody.pdb
Converting SMILES to graph: 154/335
8tp3C_antigen.pdb  6b0gDC_antibody.pdb
Converting SMILES to graph: 155/335
8tp3C_antigen.pdb  7mnlHL_antibody.pdb
Converting SMILES to graph: 156/335
8tp3C_antigen.pdb  4glrJK_antibody.pdb
Converting SMILES to graph: 157/335
8tp3C_antigen.pdb  6vyvKO_antibody.pdb
Converting SMILES to graph: 158/335
8tp3C_antigen.pdb  6oe4EF_antibody.pdb
Converting SMILES to graph: 159/335
8tp4C_antigen.pdb  6qpgM_antibody.pdb
Converting SMILES to graph: 160/335
8tp4C_antigen.pdb  4tukHL_antibody.pdb
Converting SMILES to graph: 161/335
8tp4C_antigen.pdb  6cnjGF_antibody.pdb
Converting SMILES to graph: 162/335
8tp4C_antigen.pdb  7bz5HL_antibody.pdb
Converting SMILES to graph: 163/335
8tp4C_antigen.pdb  7ew3Ss_antibody.pdb
Converting SMILES to graph: 164/335
8tp4C_antigen.pdb  7qcqA_antibody.pdb
Converting SMILES to graph: 165/335
8tp5C_antigen.pdb  7w9fAB_antibody.pdb
Converting SMILES to graph: 166/335
8tp5C_antigen.pdb  4hs8HL_antibody.pdb
Converting SMILES to graph: 167/335
8tp5C_antigen.pdb  6ck9HL_antibody.pdb
Converting SMILES to graph: 168/335
8tp5C_antigen.pdb  3bdyHL_antibody.pdb
Converting SMILES to graph: 169/335
8tp5C_antigen.pdb  7ew2Ss_antibody.pdb
Converting SMILES to graph: 170/335
8tp5C_antigen.pdb  7leyDE_antibody.pdb
Converting SMILES to graph: 171/335
8tp6A_antigen.pdb  6fzqHh_antibody.pdb
Converting SMILES to graph: 172/335
8tp6A_antigen.pdb  7x1tDd_antibody.pdb
Converting SMILES to graph: 173/335
8tp6A_antigen.pdb  7kfyHL_antibody.pdb
Converting SMILES to graph: 174/335
8tp6A_antigen.pdb  7nx6HL_antibody.pdb
Converting SMILES to graph: 175/335
8tp6A_antigen.pdb  6gjuB_antibody.pdb
Converting SMILES to graph: 176/335
8tp6A_antigen.pdb  1jttA_antibody.pdb
Converting SMILES to graph: 177/335
8tp7A_antigen.pdb  5c8jAB_antibody.pdb
Converting SMILES to graph: 178/335
8tp7A_antigen.pdb  7n62HL_antibody.pdb
Converting SMILES to graph: 179/335
8tp7A_antigen.pdb  5d72MN_antibody.pdb
Converting SMILES to graph: 180/335
8tp7A_antigen.pdb  5w9oHI_antibody.pdb
Converting SMILES to graph: 181/335
8tp7A_antigen.pdb  3h3pIM_antibody.pdb
Converting SMILES to graph: 182/335
8tp7A_antigen.pdb  7kewGJ_antibody.pdb
Converting SMILES to graph: 183/335
8tp9B_antigen.pdb  7fgjHL_antibody.pdb
Converting SMILES to graph: 184/335
8tp9B_antigen.pdb  4louCD_antibody.pdb
Converting SMILES to graph: 185/335
8tp9B_antigen.pdb  6n51D_antibody.pdb
Converting SMILES to graph: 186/335
8tp9B_antigen.pdb  4nrxHL_antibody.pdb
Converting SMILES to graph: 187/335
8tp9B_antigen.pdb  7e32Ee_antibody.pdb
Converting SMILES to graph: 188/335
8tp9B_antigen.pdb  7liaBC_antibody.pdb
Converting SMILES to graph: 189/335
8tpaAB_antigen.pdb  4hepG_antibody.pdb
Converting SMILES to graph: 190/335
8tpaAB_antigen.pdb  7p00Hh_antibody.pdb
Converting SMILES to graph: 191/335
8tpaAB_antigen.pdb  5dwuHL_antibody.pdb
Converting SMILES to graph: 192/335
8tpaAB_antigen.pdb  6mejHL_antibody.pdb
Converting SMILES to graph: 193/335
8tpaAB_antigen.pdb  3rhwFN_antibody.pdb
Converting SMILES to graph: 194/335
8tpaAB_antigen.pdb  8hnmSs_antibody.pdb
Converting SMILES to graph: 195/335
8trsD_antigen.pdb  6qupB_antibody.pdb
Converting SMILES to graph: 196/335
8trsD_antigen.pdb  7ydsBC_antibody.pdb
Converting SMILES to graph: 197/335
8trsD_antigen.pdb  3uyrHL_antibody.pdb
Converting SMILES to graph: 198/335
8trsD_antigen.pdb  3igaAB_antibody.pdb
Converting SMILES to graph: 199/335
8trsD_antigen.pdb  2feeJO_antibody.pdb
Converting SMILES to graph: 200/335
8trsD_antigen.pdb  7nd8HL_antibody.pdb
Converting SMILES to graph: 201/335
8trtE_antigen.pdb  1u92BA_antibody.pdb
Converting SMILES to graph: 202/335
8trtE_antigen.pdb  5ggsCD_antibody.pdb
Converting SMILES to graph: 203/335
8trtE_antigen.pdb  7cwsPM_antibody.pdb
Converting SMILES to graph: 204/335
8trtE_antigen.pdb  7k7yC_antibody.pdb
Converting SMILES to graph: 205/335
8trtE_antigen.pdb  7eakFL_antibody.pdb
Converting SMILES to graph: 206/335
8trtE_antigen.pdb  7pbzF_antibody.pdb
Converting SMILES to graph: 207/335
8ttwB_antigen.pdb  3sgeJI_antibody.pdb
Converting SMILES to graph: 208/335
8ttwB_antigen.pdb  4lstHL_antibody.pdb
Converting SMILES to graph: 209/335
8ttwB_antigen.pdb  6q20HL_antibody.pdb
Converting SMILES to graph: 210/335
8ttwB_antigen.pdb  4xc1HL_antibody.pdb
Converting SMILES to graph: 211/335
8ttwB_antigen.pdb  6jjpDE_antibody.pdb
Converting SMILES to graph: 212/335
8tuiA_antigen.pdb  8flrN_antibody.pdb
Converting SMILES to graph: 213/335
8tuiA_antigen.pdb  8i0nHL_antibody.pdb
Converting SMILES to graph: 214/335
8tuiA_antigen.pdb  7w9eDE_antibody.pdb
Converting SMILES to graph: 215/335
8tuiA_antigen.pdb  7pc2GH_antibody.pdb
Converting SMILES to graph: 216/335
8tuiA_antigen.pdb  6qgxB_antibody.pdb
Converting SMILES to graph: 217/335
8tuiA_antigen.pdb  6qupB_antibody.pdb
Converting SMILES to graph: 218/335
8ty1A_antigen.pdb  7d68N_antibody.pdb
Converting SMILES to graph: 219/335
8ty1A_antigen.pdb  6ch8DE_antibody.pdb
Converting SMILES to graph: 220/335
8ty1A_antigen.pdb  6tylH_antibody.pdb
Converting SMILES to graph: 221/335
8ty1A_antigen.pdb  7v3jHL_antibody.pdb
Converting SMILES to graph: 222/335
8ty1A_antigen.pdb  5f72Tt_antibody.pdb
Converting SMILES to graph: 223/335
8ty1A_antigen.pdb  2fedCD_antibody.pdb
Converting SMILES to graph: 224/335
8u26AB_antigen.pdb  3zkxB_antibody.pdb
Converting SMILES to graph: 225/335
8u26AB_antigen.pdb  5ueaHL_antibody.pdb
Converting SMILES to graph: 226/335
8u26AB_antigen.pdb  2vdrHL_antibody.pdb
Converting SMILES to graph: 227/335
8u26AB_antigen.pdb  7ps7AB_antibody.pdb
Converting SMILES to graph: 228/335
8u26AB_antigen.pdb  1cftBA_antibody.pdb
Converting SMILES to graph: 229/335
8u26AB_antigen.pdb  7kjhB_antibody.pdb
Converting SMILES to graph: 230/335
8u2cB_antigen.pdb  6ujcEF_antibody.pdb
Converting SMILES to graph: 231/335
8u2cB_antigen.pdb  7pqyHL_antibody.pdb
Converting SMILES to graph: 232/335
8u2cB_antigen.pdb  8j18Ss_antibody.pdb
Converting SMILES to graph: 233/335
8u2cB_antigen.pdb  7rlxAB_antibody.pdb
Converting SMILES to graph: 234/335
8u2cB_antigen.pdb  6ayzBD_antibody.pdb
Converting SMILES to graph: 235/335
8u2cB_antigen.pdb  7sd5HL_antibody.pdb
Converting SMILES to graph: 236/335
8u4vAB_antigen.pdb  5v6mHL_antibody.pdb
Converting SMILES to graph: 237/335
8u4vAB_antigen.pdb  2fedCD_antibody.pdb
Converting SMILES to graph: 238/335
8u4vAB_antigen.pdb  1fe8HL_antibody.pdb
Converting SMILES to graph: 239/335
8u4vAB_antigen.pdb  7zwmBC_antibody.pdb
Converting SMILES to graph: 240/335
8u4vAB_antigen.pdb  8dphEe_antibody.pdb
Converting SMILES to graph: 241/335
8u4vAB_antigen.pdb  2hlfEF_antibody.pdb
Converting SMILES to graph: 242/335
8u5bAB_antigen.pdb  7ndaHL_antibody.pdb
Converting SMILES to graph: 243/335
8u5bAB_antigen.pdb  7wjzAC_antibody.pdb
Converting SMILES to graph: 244/335
8u5bAB_antigen.pdb  3b2uFG_antibody.pdb
Converting SMILES to graph: 245/335
8u5bAB_antigen.pdb  2fecIL_antibody.pdb
Converting SMILES to graph: 246/335
8u5bAB_antigen.pdb  7kewGJ_antibody.pdb
Converting SMILES to graph: 247/335
8ucdCAB_antigen.pdb  7ljcN_antibody.pdb
Converting SMILES to graph: 248/335
8ucdCAB_antigen.pdb  2r0zHL_antibody.pdb
Converting SMILES to graph: 249/335
8ucdCAB_antigen.pdb  8emzB_antibody.pdb
Converting SMILES to graph: 250/335
8ucdCAB_antigen.pdb  1ncaHL_antibody.pdb
Converting SMILES to graph: 251/335
8ucdCAB_antigen.pdb  7semBC_antibody.pdb
Converting SMILES to graph: 252/335
8ucdCAB_antigen.pdb  6mqsCD_antibody.pdb
Converting SMILES to graph: 253/335
8udgA_antigen.pdb  7lr3AB_antibody.pdb
Converting SMILES to graph: 254/335
8udgA_antigen.pdb  2igfHL_antibody.pdb
Converting SMILES to graph: 255/335
8udgA_antigen.pdb  7mfuB_antibody.pdb
Converting SMILES to graph: 256/335
8udgA_antigen.pdb  8euqCD_antibody.pdb
Converting SMILES to graph: 257/335
8udgA_antigen.pdb  7my3E_antibody.pdb
Converting SMILES to graph: 258/335
8udgA_antigen.pdb  8k2wN_antibody.pdb
Converting SMILES to graph: 259/335
8w83DC_antigen.pdb  1r3jBA_antibody.pdb
Converting SMILES to graph: 260/335
8w83DC_antigen.pdb  8p8jFE_antibody.pdb
Converting SMILES to graph: 261/335
8w83DC_antigen.pdb  8tp2HL_antibody.pdb
Converting SMILES to graph: 262/335
8w83DC_antigen.pdb  7woqDd_antibody.pdb
Converting SMILES to graph: 263/335
8w83DC_antigen.pdb  7yadAB_antibody.pdb
Converting SMILES to graph: 264/335
8w83DC_antigen.pdb  7wi0CE_antibody.pdb
Converting SMILES to graph: 265/335
8w84DC_antigen.pdb  3baeHL_antibody.pdb
Converting SMILES to graph: 266/335
8w84DC_antigen.pdb  4jb9HL_antibody.pdb
Converting SMILES to graph: 267/335
8w84DC_antigen.pdb  2b4cHL_antibody.pdb
Converting SMILES to graph: 268/335
8w84DC_antigen.pdb  5npjAa_antibody.pdb
Converting SMILES to graph: 269/335
8w84DC_antigen.pdb  7a65CB_antibody.pdb
Converting SMILES to graph: 270/335
8w84DC_antigen.pdb  5hvfB_antibody.pdb
Converting SMILES to graph: 271/335
8w85CD_antigen.pdb  6txzJN_antibody.pdb
Converting SMILES to graph: 272/335
8w85CD_antigen.pdb  7mxpHL_antibody.pdb
Converting SMILES to graph: 273/335
8w85CD_antigen.pdb  7ew7Ee_antibody.pdb
Converting SMILES to graph: 274/335
8w85CD_antigen.pdb  6lfoSs_antibody.pdb
Converting SMILES to graph: 275/335
8w85CD_antigen.pdb  6rqmB_antibody.pdb
Converting SMILES to graph: 276/335
8w85CD_antigen.pdb  7t6bEe_antibody.pdb
Converting SMILES to graph: 277/335
8w86CD_antigen.pdb  7o06A_antibody.pdb
Converting SMILES to graph: 278/335
8w86CD_antigen.pdb  4xwgHL_antibody.pdb
Converting SMILES to graph: 279/335
8w86CD_antigen.pdb  5nj6HL_antibody.pdb
Converting SMILES to graph: 280/335
8w86CD_antigen.pdb  5f9dC_antibody.pdb
Converting SMILES to graph: 281/335
8w86CD_antigen.pdb  4w6wB_antibody.pdb
Converting SMILES to graph: 282/335
8w87AB_antigen.pdb  4jqiHL_antibody.pdb
Converting SMILES to graph: 283/335
8w87AB_antigen.pdb  7wp0HL_antibody.pdb
Converting SMILES to graph: 284/335
8w87AB_antigen.pdb  7d5qD_antibody.pdb
Converting SMILES to graph: 285/335
8w87AB_antigen.pdb  6nb4HL_antibody.pdb
Converting SMILES to graph: 286/335
8w87AB_antigen.pdb  7teqHL_antibody.pdb
Converting SMILES to graph: 287/335
8w87AB_antigen.pdb  7y71OP_antibody.pdb
Converting SMILES to graph: 288/335
8w88AB_antigen.pdb  2oqjED_antibody.pdb
Converting SMILES to graph: 289/335
8w88AB_antigen.pdb  8jiqN_antibody.pdb
Converting SMILES to graph: 290/335
8w88AB_antigen.pdb  7b09HL_antibody.pdb
Converting SMILES to graph: 291/335
8w88AB_antigen.pdb  2p7tAB_antibody.pdb
Converting SMILES to graph: 292/335
8w88AB_antigen.pdb  7lfaHL_antibody.pdb
Converting SMILES to graph: 293/335
8w88AB_antigen.pdb  7jixHL_antibody.pdb
Converting SMILES to graph: 294/335
8w89AB_antigen.pdb  6ni2HL_antibody.pdb
Converting SMILES to graph: 295/335
8w89AB_antigen.pdb  6ch9QR_antibody.pdb
Converting SMILES to graph: 296/335
8w89AB_antigen.pdb  7lezRP_antibody.pdb
Converting SMILES to graph: 297/335
8w89AB_antigen.pdb  6icfHL_antibody.pdb
Converting SMILES to graph: 298/335
8w89AB_antigen.pdb  5kvdHL_antibody.pdb
Converting SMILES to graph: 299/335
8w89AB_antigen.pdb  7lm9HL_antibody.pdb
Converting SMILES to graph: 300/335
8w8aAB_antigen.pdb  5t33HL_antibody.pdb
Converting SMILES to graph: 301/335
8w8aAB_antigen.pdb  1u8mBA_antibody.pdb
Converting SMILES to graph: 302/335
8w8aAB_antigen.pdb  7c6aHL_antibody.pdb
Converting SMILES to graph: 303/335
8w8aAB_antigen.pdb  7v64BA_antibody.pdb
Converting SMILES to graph: 304/335
8w8aAB_antigen.pdb  7sobGI_antibody.pdb
Converting SMILES to graph: 305/335
8w8aAB_antigen.pdb  5ja8D_antibody.pdb
Converting SMILES to graph: 306/335
8w8bAB_antigen.pdb  7wbzHL_antibody.pdb
Converting SMILES to graph: 307/335
8w8bAB_antigen.pdb  6oz4HL_antibody.pdb
Converting SMILES to graph: 308/335
8w8bAB_antigen.pdb  7kfxHL_antibody.pdb
Converting SMILES to graph: 309/335
8w8bAB_antigen.pdb  6q20HL_antibody.pdb
Converting SMILES to graph: 310/335
8w8bAB_antigen.pdb  6bpeEF_antibody.pdb
Converting SMILES to graph: 311/335
8w8bAB_antigen.pdb  3v7aEH_antibody.pdb
Converting SMILES to graph: 312/335
8wpuGC_antigen.pdb  7sbzAB_antibody.pdb
Converting SMILES to graph: 313/335
8wpuGC_antigen.pdb  7a5vO_antibody.pdb
Converting SMILES to graph: 314/335
8wpuGC_antigen.pdb  3ezjB_antibody.pdb
Converting SMILES to graph: 315/335
8wpuGC_antigen.pdb  5wt9HL_antibody.pdb
Converting SMILES to graph: 316/335
8wpuGC_antigen.pdb  6wdsHL_antibody.pdb
Converting SMILES to graph: 317/335
8wpuGC_antigen.pdb  8en5E_antibody.pdb
Converting SMILES to graph: 318/335
8wrbAB_antigen.pdb  4kvnHL_antibody.pdb
Converting SMILES to graph: 319/335
8wrbAB_antigen.pdb  4mxvHL_antibody.pdb
Converting SMILES to graph: 320/335
8wrbAB_antigen.pdb  7czyHK_antibody.pdb
Converting SMILES to graph: 321/335
8wrbAB_antigen.pdb  4lsvHL_antibody.pdb
Converting SMILES to graph: 322/335
8wrbAB_antigen.pdb  6ii9PQ_antibody.pdb
Converting SMILES to graph: 323/335
8wrbAB_antigen.pdb  8g3rCB_antibody.pdb
Converting SMILES to graph: 324/335
8wsqF_antigen.pdb  7zfaMN_antibody.pdb
Converting SMILES to graph: 325/335
8wsqF_antigen.pdb  7x28CD_antibody.pdb
Converting SMILES to graph: 326/335
8wsqF_antigen.pdb  7u9wHh_antibody.pdb
Converting SMILES to graph: 327/335
8wsqF_antigen.pdb  7n9tD_antibody.pdb
Converting SMILES to graph: 328/335
8wsqF_antigen.pdb  5myxBA_antibody.pdb
Converting SMILES to graph: 329/335
8wsqF_antigen.pdb  5c0rHL_antibody.pdb
Converting SMILES to graph: 330/335
8x0tA_antigen.pdb  6u51A_antibody.pdb
Converting SMILES to graph: 331/335
8x0tA_antigen.pdb  8av9HL_antibody.pdb
Converting SMILES to graph: 332/335
8x0tA_antigen.pdb  7umnHL_antibody.pdb
Converting SMILES to graph: 333/335
8x0tA_antigen.pdb  6x8qHL_antibody.pdb
Converting SMILES to graph: 334/335
8x0tA_antigen.pdb  8w86AB_antibody.pdb
Converting SMILES to graph: 335/335
8x0tA_antigen.pdb  7o30BA_antibody.pdb
Graph construction done. Saving to file.
