Converting SMILES to graph: 1/500
4o58A_antigen.pdb  7orbEF_antibody.pdb
Converting SMILES to graph: 2/500
4o58A_antigen.pdb  6x4tDF_antibody.pdb
Converting SMILES to graph: 3/500
4o58A_antigen.pdb  3mltHL_antibody.pdb
Converting SMILES to graph: 4/500
4o58A_antigen.pdb  5o02C_antibody.pdb
Converting SMILES to graph: 5/500
4o58A_antigen.pdb  7lxnHL_antibody.pdb
Converting SMILES to graph: 6/500
4o5iK_antigen.pdb  7whdDE_antibody.pdb
Converting SMILES to graph: 7/500
4o5iK_antigen.pdb  5i71BC_antibody.pdb
Converting SMILES to graph: 8/500
4o5iK_antigen.pdb  5a7xHG_antibody.pdb
Converting SMILES to graph: 9/500
4o5iK_antigen.pdb  7y27Dd_antibody.pdb
Converting SMILES to graph: 10/500
4o5iK_antigen.pdb  5dmjE_antibody.pdb
Converting SMILES to graph: 11/500
4o5iK_antigen.pdb  4nztHL_antibody.pdb
Converting SMILES to graph: 12/500
4o9hA_antigen.pdb  7sgfHL_antibody.pdb
Converting SMILES to graph: 13/500
4o9hA_antigen.pdb  4i0cD_antibody.pdb
Converting SMILES to graph: 14/500
4o9hA_antigen.pdb  7t90Ee_antibody.pdb
Converting SMILES to graph: 15/500
4o9hA_antigen.pdb  4al8HL_antibody.pdb
Converting SMILES to graph: 16/500
4o9hA_antigen.pdb  6h7nD_antibody.pdb
Converting SMILES to graph: 17/500
4o9hA_antigen.pdb  7xcpHL_antibody.pdb
Converting SMILES to graph: 18/500
4oclED_antigen.pdb  7phpN_antibody.pdb
Converting SMILES to graph: 19/500
4oclED_antigen.pdb  7czwHL_antibody.pdb
Converting SMILES to graph: 20/500
4oclED_antigen.pdb  7rqqHL_antibody.pdb
Converting SMILES to graph: 21/500
4oclED_antigen.pdb  7wphED_antibody.pdb
Converting SMILES to graph: 22/500
4oclED_antigen.pdb  3bkyHL_antibody.pdb
Converting SMILES to graph: 23/500
4oclED_antigen.pdb  7vnbA_antibody.pdb
Converting SMILES to graph: 24/500
4ocmED_antigen.pdb  8fdcAB_antibody.pdb
Converting SMILES to graph: 25/500
4ocmED_antigen.pdb  3mlvNM_antibody.pdb
Converting SMILES to graph: 26/500
4ocmED_antigen.pdb  4uifKL_antibody.pdb
Converting SMILES to graph: 27/500
4ocmED_antigen.pdb  8udgHL_antibody.pdb
Converting SMILES to graph: 28/500
4ocmED_antigen.pdb  7v35N_antibody.pdb
Converting SMILES to graph: 29/500
4ocmED_antigen.pdb  7k63Nn_antibody.pdb
Converting SMILES to graph: 30/500
4ocnBA_antigen.pdb  4xakDE_antibody.pdb
Converting SMILES to graph: 31/500
4ocnBA_antigen.pdb  7wz4Ss_antibody.pdb
Converting SMILES to graph: 32/500
4ocnBA_antigen.pdb  8dpfEe_antibody.pdb
Converting SMILES to graph: 33/500
4ocnBA_antigen.pdb  7aueSs_antibody.pdb
Converting SMILES to graph: 34/500
4ocnBA_antigen.pdb  2eksBA_antibody.pdb
Converting SMILES to graph: 35/500
4ocnBA_antigen.pdb  8b1cB_antibody.pdb
Converting SMILES to graph: 36/500
4od2S_antigen.pdb  4xnyHL_antibody.pdb
Converting SMILES to graph: 37/500
4od2S_antigen.pdb  7mzhBC_antibody.pdb
Converting SMILES to graph: 38/500
4od2S_antigen.pdb  6a96L_antibody.pdb
Converting SMILES to graph: 39/500
4od2S_antigen.pdb  7t87HL_antibody.pdb
Converting SMILES to graph: 40/500
4od2S_antigen.pdb  6opaFI_antibody.pdb
Converting SMILES to graph: 41/500
4od2S_antigen.pdb  5o2uD_antibody.pdb
Converting SMILES to graph: 42/500
4odxX_antigen.pdb  7rfbAB_antibody.pdb
Converting SMILES to graph: 43/500
4odxX_antigen.pdb  6ad8CD_antibody.pdb
Converting SMILES to graph: 44/500
4odxX_antigen.pdb  7sd5HL_antibody.pdb
Converting SMILES to graph: 45/500
4odxX_antigen.pdb  7kr5OP_antibody.pdb
Converting SMILES to graph: 46/500
4odxX_antigen.pdb  8a1eDE_antibody.pdb
Converting SMILES to graph: 47/500
4odxX_antigen.pdb  6m3cKJ_antibody.pdb
Converting SMILES to graph: 48/500
4ogaE_antigen.pdb  8h2gEe_antibody.pdb
Converting SMILES to graph: 49/500
4ogaE_antigen.pdb  7pi2EF_antibody.pdb
Converting SMILES to graph: 50/500
4ogaE_antigen.pdb  8dw3DC_antibody.pdb
Converting SMILES to graph: 51/500
4ogaE_antigen.pdb  7vztBC_antibody.pdb
Converting SMILES to graph: 52/500
4ogaE_antigen.pdb  5u8rHL_antibody.pdb
Converting SMILES to graph: 53/500
4ogaE_antigen.pdb  6h7lD_antibody.pdb
Converting SMILES to graph: 54/500
4ogxA_antigen.pdb  6w0iAB_antibody.pdb
Converting SMILES to graph: 55/500
4ogxA_antigen.pdb  7fbiHL_antibody.pdb
Converting SMILES to graph: 56/500
4ogxA_antigen.pdb  6wzlCD_antibody.pdb
Converting SMILES to graph: 57/500
4ogxA_antigen.pdb  8b19B_antibody.pdb
Converting SMILES to graph: 58/500
4ogxA_antigen.pdb  7x8tCB_antibody.pdb
Converting SMILES to graph: 59/500
4ogxA_antigen.pdb  4o02HL_antibody.pdb
Converting SMILES to graph: 60/500
4ogyA_antigen.pdb  8tp7DF_antibody.pdb
Converting SMILES to graph: 61/500
4ogyA_antigen.pdb  7y3jHL_antibody.pdb
Converting SMILES to graph: 62/500
4ogyA_antigen.pdb  7r8aCD_antibody.pdb
Converting SMILES to graph: 63/500
4ogyA_antigen.pdb  8fa9HL_antibody.pdb
Converting SMILES to graph: 64/500
4ogyA_antigen.pdb  4olwHL_antibody.pdb
Converting SMILES to graph: 65/500
4ogyA_antigen.pdb  7olyHL_antibody.pdb
Converting SMILES to graph: 66/500
4oiiB_antigen.pdb  7zbuHL_antibody.pdb
Converting SMILES to graph: 67/500
4oiiB_antigen.pdb  8iruEe_antibody.pdb
Converting SMILES to graph: 68/500
4oiiB_antigen.pdb  6plkHL_antibody.pdb
Converting SMILES to graph: 69/500
4oiiB_antigen.pdb  3uc0IM_antibody.pdb
Converting SMILES to graph: 70/500
4oiiB_antigen.pdb  7trsHh_antibody.pdb
Converting SMILES to graph: 71/500
4oiiB_antigen.pdb  4k8rDC_antibody.pdb
Converting SMILES to graph: 72/500
4ojfA_antigen.pdb  7p7aA_antibody.pdb
Converting SMILES to graph: 73/500
4ojfA_antigen.pdb  8jilSs_antibody.pdb
Converting SMILES to graph: 74/500
4ojfA_antigen.pdb  7ri1B_antibody.pdb
Converting SMILES to graph: 75/500
4ojfA_antigen.pdb  7mdpHI_antibody.pdb
Converting SMILES to graph: 76/500
4ojfA_antigen.pdb  8gtpHL_antibody.pdb
Converting SMILES to graph: 77/500
4ojfA_antigen.pdb  7wo4DE_antibody.pdb
Converting SMILES to graph: 78/500
4okvF_antigen.pdb  7pbdF_antibody.pdb
Converting SMILES to graph: 79/500
4okvF_antigen.pdb  7m3iHL_antibody.pdb
Converting SMILES to graph: 80/500
4okvF_antigen.pdb  2y36HL_antibody.pdb
Converting SMILES to graph: 81/500
4okvF_antigen.pdb  6wo3HL_antibody.pdb
Converting SMILES to graph: 82/500
4okvF_antigen.pdb  7d3sN_antibody.pdb
Converting SMILES to graph: 83/500
4okvF_antigen.pdb  7w40Hh_antibody.pdb
Converting SMILES to graph: 84/500
4oluG_antigen.pdb  5j9pAB_antibody.pdb
Converting SMILES to graph: 85/500
4oluG_antigen.pdb  8e8xHL_antibody.pdb
Converting SMILES to graph: 86/500
4oluG_antigen.pdb  1a3rHL_antibody.pdb
Converting SMILES to graph: 87/500
4oluG_antigen.pdb  6cw2AB_antibody.pdb
Converting SMILES to graph: 88/500
4oluG_antigen.pdb  7wvdGH_antibody.pdb
Converting SMILES to graph: 89/500
4oluG_antigen.pdb  7srkB_antibody.pdb
Converting SMILES to graph: 90/500
4olvG_antigen.pdb  7s2sC_antibody.pdb
Converting SMILES to graph: 91/500
4olvG_antigen.pdb  3o2dHL_antibody.pdb
Converting SMILES to graph: 92/500
4olvG_antigen.pdb  4lhqD_antibody.pdb
Converting SMILES to graph: 93/500
4olvG_antigen.pdb  6fn1CB_antibody.pdb
Converting SMILES to graph: 94/500
4olvG_antigen.pdb  8h0qEe_antibody.pdb
Converting SMILES to graph: 95/500
4olvG_antigen.pdb  4kk8EF_antibody.pdb
Converting SMILES to graph: 96/500
4olwG_antigen.pdb  8di5H_antibody.pdb
Converting SMILES to graph: 97/500
4olwG_antigen.pdb  7a3qHL_antibody.pdb
Converting SMILES to graph: 98/500
4olwG_antigen.pdb  3kj4HL_antibody.pdb
Converting SMILES to graph: 99/500
4olwG_antigen.pdb  3k80B_antibody.pdb
Converting SMILES to graph: 100/500
4olwG_antigen.pdb  8a99RO_antibody.pdb
Converting SMILES to graph: 101/500
4olwG_antigen.pdb  8h3yD_antibody.pdb
Converting SMILES to graph: 102/500
4olxG_antigen.pdb  8hgmCD_antibody.pdb
Converting SMILES to graph: 103/500
4olxG_antigen.pdb  7z1eF_antibody.pdb
Converting SMILES to graph: 104/500
4olxG_antigen.pdb  6obcB_antibody.pdb
Converting SMILES to graph: 105/500
4olxG_antigen.pdb  8h4lN_antibody.pdb
Converting SMILES to graph: 106/500
4olxG_antigen.pdb  7rlzDC_antibody.pdb
Converting SMILES to graph: 107/500
4olxG_antigen.pdb  7ws6IH_antibody.pdb
Converting SMILES to graph: 108/500
4olyG_antigen.pdb  5kovCc_antibody.pdb
Converting SMILES to graph: 109/500
4olyG_antigen.pdb  8g4nHL_antibody.pdb
Converting SMILES to graph: 110/500
4olyG_antigen.pdb  6wzjCD_antibody.pdb
Converting SMILES to graph: 111/500
4olyG_antigen.pdb  2vdpHL_antibody.pdb
Converting SMILES to graph: 112/500
4olyG_antigen.pdb  7xz5N_antibody.pdb
Converting SMILES to graph: 113/500
4olyG_antigen.pdb  7dzxHL_antibody.pdb
Converting SMILES to graph: 114/500
4olzG_antigen.pdb  7x10Ee_antibody.pdb
Converting SMILES to graph: 115/500
4olzG_antigen.pdb  8itfSs_antibody.pdb
Converting SMILES to graph: 116/500
4olzG_antigen.pdb  1xcqDC_antibody.pdb
Converting SMILES to graph: 117/500
4olzG_antigen.pdb  4tsaHL_antibody.pdb
Converting SMILES to graph: 118/500
4olzG_antigen.pdb  7yzkC_antibody.pdb
Converting SMILES to graph: 119/500
4olzG_antigen.pdb  4irzHL_antibody.pdb
Converting SMILES to graph: 120/500
4om0G_antigen.pdb  1kcsHL_antibody.pdb
Converting SMILES to graph: 121/500
4om0G_antigen.pdb  7v6aSs_antibody.pdb
Converting SMILES to graph: 122/500
4om0G_antigen.pdb  6a67CD_antibody.pdb
Converting SMILES to graph: 123/500
4om0G_antigen.pdb  5f7lB_antibody.pdb
Converting SMILES to graph: 124/500
4om0G_antigen.pdb  7sk8DC_antibody.pdb
Converting SMILES to graph: 125/500
4om0G_antigen.pdb  7yv7FE_antibody.pdb
Converting SMILES to graph: 126/500
4om1G_antigen.pdb  7t6vEe_antibody.pdb
Converting SMILES to graph: 127/500
4om1G_antigen.pdb  4tqeHL_antibody.pdb
Converting SMILES to graph: 128/500
4om1G_antigen.pdb  8g9yHL_antibody.pdb
Converting SMILES to graph: 129/500
4om1G_antigen.pdb  5a2lHh_antibody.pdb
Converting SMILES to graph: 130/500
4om1G_antigen.pdb  7cm4HL_antibody.pdb
Converting SMILES to graph: 131/500
4onfP_antigen.pdb  6nhaHL_antibody.pdb
Converting SMILES to graph: 132/500
4onfP_antigen.pdb  7e5rLH_antibody.pdb
Converting SMILES to graph: 133/500
4onfP_antigen.pdb  8tp2HL_antibody.pdb
Converting SMILES to graph: 134/500
4onfP_antigen.pdb  8i3uHL_antibody.pdb
Converting SMILES to graph: 135/500
4onfP_antigen.pdb  7k63Nn_antibody.pdb
Converting SMILES to graph: 136/500
4onfP_antigen.pdb  5d72MN_antibody.pdb
Converting SMILES to graph: 137/500
4oqtA_antigen.pdb  6b3sCD_antibody.pdb
Converting SMILES to graph: 138/500
4oqtA_antigen.pdb  5i5kXY_antibody.pdb
Converting SMILES to graph: 139/500
4oqtA_antigen.pdb  7wpdXY_antibody.pdb
Converting SMILES to graph: 140/500
4oqtA_antigen.pdb  6xq4EF_antibody.pdb
Converting SMILES to graph: 141/500
4oqtA_antigen.pdb  8ty1CB_antibody.pdb
Converting SMILES to graph: 142/500
4oqtA_antigen.pdb  7w9eDE_antibody.pdb
Converting SMILES to graph: 143/500
4orzB_antigen.pdb  7n62HL_antibody.pdb
Converting SMILES to graph: 144/500
4orzB_antigen.pdb  7przHL_antibody.pdb
Converting SMILES to graph: 145/500
4orzB_antigen.pdb  4n8cHL_antibody.pdb
Converting SMILES to graph: 146/500
4orzB_antigen.pdb  6ocbHL_antibody.pdb
Converting SMILES to graph: 147/500
4orzB_antigen.pdb  6xliAB_antibody.pdb
Converting SMILES to graph: 148/500
4orzB_antigen.pdb  4u0rBC_antibody.pdb
Converting SMILES to graph: 149/500
4ot1A_antigen.pdb  4kxzQP_antibody.pdb
Converting SMILES to graph: 150/500
4ot1A_antigen.pdb  7eakFL_antibody.pdb
Converting SMILES to graph: 151/500
4ot1A_antigen.pdb  6yyeCc_antibody.pdb
Converting SMILES to graph: 152/500
4ot1A_antigen.pdb  7vlaSs_antibody.pdb
Converting SMILES to graph: 153/500
4ot1A_antigen.pdb  8e3xN_antibody.pdb
Converting SMILES to graph: 154/500
4ot1A_antigen.pdb  7ki6HL_antibody.pdb
Converting SMILES to graph: 155/500
4p2cC_antigen.pdb  7x7oHL_antibody.pdb
Converting SMILES to graph: 156/500
4p2cC_antigen.pdb  7yrhFE_antibody.pdb
Converting SMILES to graph: 157/500
4p2cC_antigen.pdb  5mhrPO_antibody.pdb
Converting SMILES to graph: 158/500
4p2cC_antigen.pdb  7y71OP_antibody.pdb
Converting SMILES to graph: 159/500
4p2cC_antigen.pdb  8aflD_antibody.pdb
Converting SMILES to graph: 160/500
4p2cC_antigen.pdb  8haoF_antibody.pdb
Converting SMILES to graph: 161/500
4p3cM_antigen.pdb  6db7IM_antibody.pdb
Converting SMILES to graph: 162/500
4p3cM_antigen.pdb  6wikDC_antibody.pdb
Converting SMILES to graph: 163/500
4p3cM_antigen.pdb  7evwN_antibody.pdb
Converting SMILES to graph: 164/500
4p3cM_antigen.pdb  7wy5N_antibody.pdb
Converting SMILES to graph: 165/500
4p3cM_antigen.pdb  8ci1F_antibody.pdb
Converting SMILES to graph: 166/500
4p3cM_antigen.pdb  3n85HL_antibody.pdb
Converting SMILES to graph: 167/500
4p3dC_antigen.pdb  5i8hGH_antibody.pdb
Converting SMILES to graph: 168/500
4p3dC_antigen.pdb  6sv2HL_antibody.pdb
Converting SMILES to graph: 169/500
4p3dC_antigen.pdb  3tjeHL_antibody.pdb
Converting SMILES to graph: 170/500
4p3dC_antigen.pdb  1jrhHL_antibody.pdb
Converting SMILES to graph: 171/500
4p3dC_antigen.pdb  6xpyBC_antibody.pdb
Converting SMILES to graph: 172/500
4p3dC_antigen.pdb  5f9wBC_antibody.pdb
Converting SMILES to graph: 173/500
4p59A_antigen.pdb  6ru5C_antibody.pdb
Converting SMILES to graph: 174/500
4p59A_antigen.pdb  7figN_antibody.pdb
Converting SMILES to graph: 175/500
4p59A_antigen.pdb  3fb6AB_antibody.pdb
Converting SMILES to graph: 176/500
4p59A_antigen.pdb  7ra3Ee_antibody.pdb
Converting SMILES to graph: 177/500
4p59A_antigen.pdb  7nd6HL_antibody.pdb
Converting SMILES to graph: 178/500
4p59A_antigen.pdb  6by2AB_antibody.pdb
Converting SMILES to graph: 179/500
4p9hG_antigen.pdb  4dkfHL_antibody.pdb
Converting SMILES to graph: 180/500
4p9hG_antigen.pdb  6vgrCD_antibody.pdb
Converting SMILES to graph: 181/500
4p9hG_antigen.pdb  7sk6FE_antibody.pdb
Converting SMILES to graph: 182/500
4p9hG_antigen.pdb  7rt9CD_antibody.pdb
Converting SMILES to graph: 183/500
4p9hG_antigen.pdb  7d7mE_antibody.pdb
Converting SMILES to graph: 184/500
4p9hG_antigen.pdb  4lsuHL_antibody.pdb
Converting SMILES to graph: 185/500
4pd4E_antigen.pdb  7uotST_antibody.pdb
Converting SMILES to graph: 186/500
4pd4E_antigen.pdb  7a5rIM_antibody.pdb
Converting SMILES to graph: 187/500
4pd4E_antigen.pdb  7r6xHL_antibody.pdb
Converting SMILES to graph: 188/500
4pd4E_antigen.pdb  7a65CB_antibody.pdb
Converting SMILES to graph: 189/500
4pd4E_antigen.pdb  6ommEe_antibody.pdb
Converting SMILES to graph: 190/500
4pd4E_antigen.pdb  6xc3HL_antibody.pdb
Converting SMILES to graph: 191/500
4pgjB_antigen.pdb  8f0gXY_antibody.pdb
Converting SMILES to graph: 192/500
4pgjB_antigen.pdb  5vebHL_antibody.pdb
Converting SMILES to graph: 193/500
4pgjB_antigen.pdb  7nktB_antibody.pdb
Converting SMILES to graph: 194/500
4pgjB_antigen.pdb  6q23HL_antibody.pdb
Converting SMILES to graph: 195/500
4pgjB_antigen.pdb  8gusSs_antibody.pdb
Converting SMILES to graph: 196/500
4pgjB_antigen.pdb  5if0AB_antibody.pdb
Converting SMILES to graph: 197/500
4pirB_antigen.pdb  7lf8HL_antibody.pdb
Converting SMILES to graph: 198/500
4pirB_antigen.pdb  7chhJK_antibody.pdb
Converting SMILES to graph: 199/500
4pirB_antigen.pdb  8e1gHL_antibody.pdb
Converting SMILES to graph: 200/500
4pirB_antigen.pdb  7ustB_antibody.pdb
Converting SMILES to graph: 201/500
4pirB_antigen.pdb  5fv2A_antibody.pdb
Converting SMILES to graph: 202/500
4pljA_antigen.pdb  4fqjHL_antibody.pdb
Converting SMILES to graph: 203/500
4pljA_antigen.pdb  8ttwCD_antibody.pdb
Converting SMILES to graph: 204/500
4pljA_antigen.pdb  3o41HL_antibody.pdb
Converting SMILES to graph: 205/500
4pljA_antigen.pdb  3jauHL_antibody.pdb
Converting SMILES to graph: 206/500
4pljA_antigen.pdb  7rm3CD_antibody.pdb
Converting SMILES to graph: 207/500
4pljA_antigen.pdb  4belD_antibody.pdb
Converting SMILES to graph: 208/500
4plkA_antigen.pdb  6a4kIM_antibody.pdb
Converting SMILES to graph: 209/500
4plkA_antigen.pdb  5d1xBA_antibody.pdb
Converting SMILES to graph: 210/500
4plkA_antigen.pdb  7caiED_antibody.pdb
Converting SMILES to graph: 211/500
4plkA_antigen.pdb  6b73D_antibody.pdb
Converting SMILES to graph: 212/500
4plkA_antigen.pdb  7c80HL_antibody.pdb
Converting SMILES to graph: 213/500
4plkA_antigen.pdb  6x9sHL_antibody.pdb
Converting SMILES to graph: 214/500
4pouA_antigen.pdb  7s2sC_antibody.pdb
Converting SMILES to graph: 215/500
4pouA_antigen.pdb  5x0tAB_antibody.pdb
Converting SMILES to graph: 216/500
4pouA_antigen.pdb  7d0bHL_antibody.pdb
Converting SMILES to graph: 217/500
4pouA_antigen.pdb  1u8oBA_antibody.pdb
Converting SMILES to graph: 218/500
4pouA_antigen.pdb  6hukG_antibody.pdb
Converting SMILES to graph: 219/500
4pouA_antigen.pdb  7yk6Ss_antibody.pdb
Converting SMILES to graph: 220/500
4pp1B_antigen.pdb  6zxnF_antibody.pdb
Converting SMILES to graph: 221/500
4pp1B_antigen.pdb  7t6uEe_antibody.pdb
Converting SMILES to graph: 222/500
4pp1B_antigen.pdb  4n9oB_antibody.pdb
Converting SMILES to graph: 223/500
4pp1B_antigen.pdb  1f58HL_antibody.pdb
Converting SMILES to graph: 224/500
4pp1B_antigen.pdb  7wr8AB_antibody.pdb
Converting SMILES to graph: 225/500
4pp1B_antigen.pdb  6p3rCD_antibody.pdb
Converting SMILES to graph: 226/500
4pp2F_antigen.pdb  8as0BC_antibody.pdb
Converting SMILES to graph: 227/500
4pp2F_antigen.pdb  6nbfN_antibody.pdb
Converting SMILES to graph: 228/500
4pp2F_antigen.pdb  8tp3HL_antibody.pdb
Converting SMILES to graph: 229/500
4pp2F_antigen.pdb  6cueHL_antibody.pdb
Converting SMILES to graph: 230/500
4pp2F_antigen.pdb  8ahlE_antibody.pdb
Converting SMILES to graph: 231/500
4pp2F_antigen.pdb  4xp6HL_antibody.pdb
Converting SMILES to graph: 232/500
4ps4A_antigen.pdb  8bg3Aa_antibody.pdb
Converting SMILES to graph: 233/500
4ps4A_antigen.pdb  5n88A_antibody.pdb
Converting SMILES to graph: 234/500
4ps4A_antigen.pdb  7voaA_antibody.pdb
Converting SMILES to graph: 235/500
4ps4A_antigen.pdb  3k81B_antibody.pdb
Converting SMILES to graph: 236/500
4ps4A_antigen.pdb  7ugqGJ_antibody.pdb
Converting SMILES to graph: 237/500
4ps4A_antigen.pdb  7ly0HL_antibody.pdb
Converting SMILES to graph: 238/500
4py8BA_antigen.pdb  7lf1FH_antibody.pdb
Converting SMILES to graph: 239/500
4py8BA_antigen.pdb  7tbfHL_antibody.pdb
Converting SMILES to graph: 240/500
4py8BA_antigen.pdb  6glwCD_antibody.pdb
Converting SMILES to graph: 241/500
4py8BA_antigen.pdb  7wbjN_antibody.pdb
Converting SMILES to graph: 242/500
4py8BA_antigen.pdb  7dk4ab_antibody.pdb
Converting SMILES to graph: 243/500
4py8BA_antigen.pdb  3l5yHL_antibody.pdb
Converting SMILES to graph: 244/500
4q0xE_antigen.pdb  4i13B_antibody.pdb
Converting SMILES to graph: 245/500
4q0xE_antigen.pdb  2ht2CD_antibody.pdb
Converting SMILES to graph: 246/500
4q0xE_antigen.pdb  4yk4CB_antibody.pdb
Converting SMILES to graph: 247/500
4q0xE_antigen.pdb  7m7wCD_antibody.pdb
Converting SMILES to graph: 248/500
4q0xE_antigen.pdb  7ul0HL_antibody.pdb
Converting SMILES to graph: 249/500
4q0xE_antigen.pdb  6b20F_antibody.pdb
Converting SMILES to graph: 250/500
4q5zD_antigen.pdb  7tyhN_antibody.pdb
Converting SMILES to graph: 251/500
4q5zD_antigen.pdb  3egsBA_antibody.pdb
Converting SMILES to graph: 252/500
4q5zD_antigen.pdb  6dkjHL_antibody.pdb
Converting SMILES to graph: 253/500
4q5zD_antigen.pdb  7czsIM_antibody.pdb
Converting SMILES to graph: 254/500
4q5zD_antigen.pdb  7tyvHL_antibody.pdb
Converting SMILES to graph: 255/500
4q5zD_antigen.pdb  4jo2HL_antibody.pdb
Converting SMILES to graph: 256/500
4q6iC_antigen.pdb  6ywdAB_antibody.pdb
Converting SMILES to graph: 257/500
4q6iC_antigen.pdb  6vy5HL_antibody.pdb
Converting SMILES to graph: 258/500
4q6iC_antigen.pdb  3iu3AB_antibody.pdb
Converting SMILES to graph: 259/500
4q6iC_antigen.pdb  7wkacd_antibody.pdb
Converting SMILES to graph: 260/500
4q6iC_antigen.pdb  7u0xFG_antibody.pdb
Converting SMILES to graph: 261/500
4qciC_antigen.pdb  8esvHL_antibody.pdb
Converting SMILES to graph: 262/500
4qciC_antigen.pdb  5m94B_antibody.pdb
Converting SMILES to graph: 263/500
4qciC_antigen.pdb  2r0zHL_antibody.pdb
Converting SMILES to graph: 264/500
4qciC_antigen.pdb  4yflHL_antibody.pdb
Converting SMILES to graph: 265/500
4qciC_antigen.pdb  7z3aGI_antibody.pdb
Converting SMILES to graph: 266/500
4qciC_antigen.pdb  6e62HL_antibody.pdb
Converting SMILES to graph: 267/500
4qexB_antigen.pdb  7pafB_antibody.pdb
Converting SMILES to graph: 268/500
4qexB_antigen.pdb  7wthHL_antibody.pdb
Converting SMILES to graph: 269/500
4qexB_antigen.pdb  8dzqEe_antibody.pdb
Converting SMILES to graph: 270/500
4qexB_antigen.pdb  7e3bBC_antibody.pdb
Converting SMILES to graph: 271/500
4qexB_antigen.pdb  6w09KO_antibody.pdb
Converting SMILES to graph: 272/500
4qexB_antigen.pdb  8p8jFE_antibody.pdb
Converting SMILES to graph: 273/500
4qhuD_antigen.pdb  8sb0CD_antibody.pdb
Converting SMILES to graph: 274/500
4qhuD_antigen.pdb  7cw0OP_antibody.pdb
Converting SMILES to graph: 275/500
4qhuD_antigen.pdb  8ihbSs_antibody.pdb
Converting SMILES to graph: 276/500
4qhuD_antigen.pdb  8saxCD_antibody.pdb
Converting SMILES to graph: 277/500
4qhuD_antigen.pdb  6nfuAB_antibody.pdb
Converting SMILES to graph: 278/500
4qhuD_antigen.pdb  8gb6HL_antibody.pdb
Converting SMILES to graph: 279/500
4qkxA_antigen.pdb  4ogaCD_antibody.pdb
Converting SMILES to graph: 280/500
4qkxA_antigen.pdb  7jtgAB_antibody.pdb
Converting SMILES to graph: 281/500
4qkxA_antigen.pdb  3ldbCB_antibody.pdb
Converting SMILES to graph: 282/500
4qkxA_antigen.pdb  7qtjBC_antibody.pdb
Converting SMILES to graph: 283/500
4qkxA_antigen.pdb  8dm3HL_antibody.pdb
Converting SMILES to graph: 284/500
4qkxA_antigen.pdb  7wp8DC_antibody.pdb
Converting SMILES to graph: 285/500
4qnpB_antigen.pdb  7p7aA_antibody.pdb
Converting SMILES to graph: 286/500
4qnpB_antigen.pdb  4wffED_antibody.pdb
Converting SMILES to graph: 287/500
4qnpB_antigen.pdb  5w3mEG_antibody.pdb
Converting SMILES to graph: 288/500
4qnpB_antigen.pdb  3uzqAa_antibody.pdb
Converting SMILES to graph: 289/500
4qnpB_antigen.pdb  7uvqCB_antibody.pdb
Converting SMILES to graph: 290/500
4qnpB_antigen.pdb  7kfwCD_antibody.pdb
Converting SMILES to graph: 291/500
4qo1B_antigen.pdb  4o51BA_antibody.pdb
Converting SMILES to graph: 292/500
4qo1B_antigen.pdb  7oxnHK_antibody.pdb
Converting SMILES to graph: 293/500
4qo1B_antigen.pdb  8fb7AB_antibody.pdb
Converting SMILES to graph: 294/500
4qo1B_antigen.pdb  6gkuHL_antibody.pdb
Converting SMILES to graph: 295/500
4qo1B_antigen.pdb  7na8Nn_antibody.pdb
Converting SMILES to graph: 296/500
4qo1B_antigen.pdb  2ny6DC_antibody.pdb
Converting SMILES to graph: 297/500
4qtiU_antigen.pdb  2brrHL_antibody.pdb
Converting SMILES to graph: 298/500
4qtiU_antigen.pdb  7sbfEe_antibody.pdb
Converting SMILES to graph: 299/500
4qtiU_antigen.pdb  8elnC_antibody.pdb
Converting SMILES to graph: 300/500
4qtiU_antigen.pdb  4f2mCD_antibody.pdb
Converting SMILES to graph: 301/500
4qtiU_antigen.pdb  7wwmIM_antibody.pdb
Converting SMILES to graph: 302/500
4qtiU_antigen.pdb  7x49HL_antibody.pdb
Converting SMILES to graph: 303/500
4qwwB_antigen.pdb  7lf7HL_antibody.pdb
Converting SMILES to graph: 304/500
4qwwB_antigen.pdb  6vyhDC_antibody.pdb
Converting SMILES to graph: 305/500
4qwwB_antigen.pdb  7xkaB_antibody.pdb
Converting SMILES to graph: 306/500
4qwwB_antigen.pdb  6dfgHL_antibody.pdb
Converting SMILES to graph: 307/500
4qwwB_antigen.pdb  6jszD_antibody.pdb
Converting SMILES to graph: 308/500
4qwwB_antigen.pdb  7unyB_antibody.pdb
Converting SMILES to graph: 309/500
4qxtQ_antigen.pdb  8ihfSs_antibody.pdb
Converting SMILES to graph: 310/500
4qxtQ_antigen.pdb  3g04BA_antibody.pdb
Converting SMILES to graph: 311/500
4qxtQ_antigen.pdb  6qupB_antibody.pdb
Converting SMILES to graph: 312/500
4qxtQ_antigen.pdb  5eu7FD_antibody.pdb
Converting SMILES to graph: 313/500
4qxtQ_antigen.pdb  6d11CD_antibody.pdb
Converting SMILES to graph: 314/500
4qxtQ_antigen.pdb  1v7nKO_antibody.pdb
Converting SMILES to graph: 315/500
4qxuK_antigen.pdb  5e5mD_antibody.pdb
Converting SMILES to graph: 316/500
4qxuK_antigen.pdb  7zf3AB_antibody.pdb
Converting SMILES to graph: 317/500
4qxuK_antigen.pdb  8cauF_antibody.pdb
Converting SMILES to graph: 318/500
4qxuK_antigen.pdb  6ml8HL_antibody.pdb
Converting SMILES to graph: 319/500
4qxuK_antigen.pdb  6xpxBC_antibody.pdb
Converting SMILES to graph: 320/500
4qxuK_antigen.pdb  5vjoCD_antibody.pdb
Converting SMILES to graph: 321/500
4qy8Q_antigen.pdb  7rxdHL_antibody.pdb
Converting SMILES to graph: 322/500
4qy8Q_antigen.pdb  6ionHL_antibody.pdb
Converting SMILES to graph: 323/500
4qy8Q_antigen.pdb  5e1aAB_antibody.pdb
Converting SMILES to graph: 324/500
4qy8Q_antigen.pdb  7n4iHL_antibody.pdb
Converting SMILES to graph: 325/500
4qy8Q_antigen.pdb  5x08HL_antibody.pdb
Converting SMILES to graph: 326/500
4qy8Q_antigen.pdb  3o6lHL_antibody.pdb
Converting SMILES to graph: 327/500
4qyoQ_antigen.pdb  7nvln_antibody.pdb
Converting SMILES to graph: 328/500
4qyoQ_antigen.pdb  4ydkHL_antibody.pdb
Converting SMILES to graph: 329/500
4qyoQ_antigen.pdb  4m3kB_antibody.pdb
Converting SMILES to graph: 330/500
4qyoQ_antigen.pdb  7pqqB_antibody.pdb
Converting SMILES to graph: 331/500
4qyoQ_antigen.pdb  7s0bCD_antibody.pdb
Converting SMILES to graph: 332/500
4qyoQ_antigen.pdb  7kqbKJ_antibody.pdb
Converting SMILES to graph: 333/500
4r0lD_antigen.pdb  7dm2HL_antibody.pdb
Converting SMILES to graph: 334/500
4r0lD_antigen.pdb  7sbgHL_antibody.pdb
Converting SMILES to graph: 335/500
4r0lD_antigen.pdb  5mv3CD_antibody.pdb
Converting SMILES to graph: 336/500
4r0lD_antigen.pdb  7x47HL_antibody.pdb
Converting SMILES to graph: 337/500
4r0lD_antigen.pdb  8gpuHL_antibody.pdb
Converting SMILES to graph: 338/500
4r0lD_antigen.pdb  7mdjAB_antibody.pdb
Converting SMILES to graph: 339/500
4r2gA_antigen.pdb  7zf9HL_antibody.pdb
Converting SMILES to graph: 340/500
4r2gA_antigen.pdb  7uz5HL_antibody.pdb
Converting SMILES to graph: 341/500
4r2gA_antigen.pdb  6mlmEI_antibody.pdb
Converting SMILES to graph: 342/500
4r2gA_antigen.pdb  7yj4Ss_antibody.pdb
Converting SMILES to graph: 343/500
4r2gA_antigen.pdb  6os2D_antibody.pdb
Converting SMILES to graph: 344/500
4r3sQ_antigen.pdb  1hysDC_antibody.pdb
Converting SMILES to graph: 345/500
4r3sQ_antigen.pdb  6q0eHL_antibody.pdb
Converting SMILES to graph: 346/500
4r3sQ_antigen.pdb  2ny2DC_antibody.pdb
Converting SMILES to graph: 347/500
4r3sQ_antigen.pdb  7mdtHL_antibody.pdb
Converting SMILES to graph: 348/500
4r3sQ_antigen.pdb  7t77HL_antibody.pdb
Converting SMILES to graph: 349/500
4r3sQ_antigen.pdb  5mo9HL_antibody.pdb
Converting SMILES to graph: 350/500
4r4fA_antigen.pdb  5c1mB_antibody.pdb
Converting SMILES to graph: 351/500
4r4fA_antigen.pdb  8jiiSs_antibody.pdb
Converting SMILES to graph: 352/500
4r4fA_antigen.pdb  6t9dAB_antibody.pdb
Converting SMILES to graph: 353/500
4r4fA_antigen.pdb  4jm2DC_antibody.pdb
Converting SMILES to graph: 354/500
4r4fA_antigen.pdb  2aepHL_antibody.pdb
Converting SMILES to graph: 355/500
4r4fA_antigen.pdb  6zdgBC_antibody.pdb
Converting SMILES to graph: 356/500
4r4hA_antigen.pdb  7rfcAB_antibody.pdb
Converting SMILES to graph: 357/500
4r4hA_antigen.pdb  7wz7Cc_antibody.pdb
Converting SMILES to graph: 358/500
4r4hA_antigen.pdb  4mqxEF_antibody.pdb
Converting SMILES to graph: 359/500
4r4hA_antigen.pdb  1n5yHL_antibody.pdb
Converting SMILES to graph: 360/500
4r4hA_antigen.pdb  8ihjSs_antibody.pdb
Converting SMILES to graph: 361/500
4r4hA_antigen.pdb  4mwfAB_antibody.pdb
Converting SMILES to graph: 362/500
4r4nE_antigen.pdb  7yu5Ss_antibody.pdb
Converting SMILES to graph: 363/500
4r4nE_antigen.pdb  7mdpHI_antibody.pdb
Converting SMILES to graph: 364/500
4r4nE_antigen.pdb  6gjuB_antibody.pdb
Converting SMILES to graph: 365/500
4r4nE_antigen.pdb  1nsnHL_antibody.pdb
Converting SMILES to graph: 366/500
4r4nE_antigen.pdb  6m0fHL_antibody.pdb
Converting SMILES to graph: 367/500
4r4nE_antigen.pdb  7dhrN_antibody.pdb
Converting SMILES to graph: 368/500
4r8wBA_antigen.pdb  7uojHL_antibody.pdb
Converting SMILES to graph: 369/500
4r8wBA_antigen.pdb  5wnbHL_antibody.pdb
Converting SMILES to graph: 370/500
4r8wBA_antigen.pdb  5mwnN_antibody.pdb
Converting SMILES to graph: 371/500
4r8wBA_antigen.pdb  7xicKL_antibody.pdb
Converting SMILES to graph: 372/500
4r8wBA_antigen.pdb  7f5hD_antibody.pdb
Converting SMILES to graph: 373/500
4r8wBA_antigen.pdb  7xrpB_antibody.pdb
Converting SMILES to graph: 374/500
4r9yAC_antigen.pdb  7zr8HL_antibody.pdb
Converting SMILES to graph: 375/500
4r9yAC_antigen.pdb  4jdtHL_antibody.pdb
Converting SMILES to graph: 376/500
4r9yAC_antigen.pdb  6x04J_antibody.pdb
Converting SMILES to graph: 377/500
4r9yAC_antigen.pdb  5o8fO_antibody.pdb
Converting SMILES to graph: 378/500
4r9yAC_antigen.pdb  6u12B_antibody.pdb
Converting SMILES to graph: 379/500
4r9yAC_antigen.pdb  4dk6B_antibody.pdb
Converting SMILES to graph: 380/500
4rauC_antigen.pdb  3fb8AB_antibody.pdb
Converting SMILES to graph: 381/500
4rauC_antigen.pdb  7ydjEe_antibody.pdb
Converting SMILES to graph: 382/500
4rauC_antigen.pdb  1dqjBA_antibody.pdb
Converting SMILES to graph: 383/500
4rauC_antigen.pdb  8gsdHL_antibody.pdb
Converting SMILES to graph: 384/500
4rauC_antigen.pdb  7ly9BC_antibody.pdb
Converting SMILES to graph: 385/500
4ravE_antigen.pdb  7qiaB_antibody.pdb
Converting SMILES to graph: 386/500
4ravE_antigen.pdb  6urmHL_antibody.pdb
Converting SMILES to graph: 387/500
4ravE_antigen.pdb  5j3dHL_antibody.pdb
Converting SMILES to graph: 388/500
4ravE_antigen.pdb  5j9pAB_antibody.pdb
Converting SMILES to graph: 389/500
4ravE_antigen.pdb  6jhtED_antibody.pdb
Converting SMILES to graph: 390/500
4ravE_antigen.pdb  6jbtHL_antibody.pdb
Converting SMILES to graph: 391/500
4rdqE_antigen.pdb  3uypAa_antibody.pdb
Converting SMILES to graph: 392/500
4rdqE_antigen.pdb  4yhpHL_antibody.pdb
Converting SMILES to graph: 393/500
4rdqE_antigen.pdb  8f7rEe_antibody.pdb
Converting SMILES to graph: 394/500
4rdqE_antigen.pdb  5aawKk_antibody.pdb
Converting SMILES to graph: 395/500
4rdqE_antigen.pdb  4k2uIM_antibody.pdb
Converting SMILES to graph: 396/500
4rdqE_antigen.pdb  7wecIK_antibody.pdb
Converting SMILES to graph: 397/500
4rfnA_antigen.pdb  6rcvJI_antibody.pdb
Converting SMILES to graph: 398/500
4rfnA_antigen.pdb  7tn9AB_antibody.pdb
Converting SMILES to graph: 399/500
4rfnA_antigen.pdb  7yaeSs_antibody.pdb
Converting SMILES to graph: 400/500
4rfnA_antigen.pdb  8en4C_antibody.pdb
Converting SMILES to graph: 401/500
4rfnA_antigen.pdb  3gi8HL_antibody.pdb
Converting SMILES to graph: 402/500
4rfnA_antigen.pdb  8ty1CB_antibody.pdb
Converting SMILES to graph: 403/500
4rfoG_antigen.pdb  7z12BC_antibody.pdb
Converting SMILES to graph: 404/500
4rfoG_antigen.pdb  8tp2HL_antibody.pdb
Converting SMILES to graph: 405/500
4rfoG_antigen.pdb  5dfvCD_antibody.pdb
Converting SMILES to graph: 406/500
4rfoG_antigen.pdb  2exwCD_antibody.pdb
Converting SMILES to graph: 407/500
4rfoG_antigen.pdb  8cxqD_antibody.pdb
Converting SMILES to graph: 408/500
4rfoG_antigen.pdb  5xcuDE_antibody.pdb
Converting SMILES to graph: 409/500
4rgmS_antigen.pdb  8b1bB_antibody.pdb
Converting SMILES to graph: 410/500
4rgmS_antigen.pdb  7x2tHL_antibody.pdb
Converting SMILES to graph: 411/500
4rgmS_antigen.pdb  7f3qHL_antibody.pdb
Converting SMILES to graph: 412/500
4rgmS_antigen.pdb  7w57Ee_antibody.pdb
Converting SMILES to graph: 413/500
4rgmS_antigen.pdb  6mwxOP_antibody.pdb
Converting SMILES to graph: 414/500
4rgmS_antigen.pdb  3effBA_antibody.pdb
Converting SMILES to graph: 415/500
4rgnA_antigen.pdb  7czuHK_antibody.pdb
Converting SMILES to graph: 416/500
4rgnA_antigen.pdb  8g6uCD_antibody.pdb
Converting SMILES to graph: 417/500
4rgnA_antigen.pdb  6adcEF_antibody.pdb
Converting SMILES to graph: 418/500
4rgnA_antigen.pdb  6ionHL_antibody.pdb
Converting SMILES to graph: 419/500
4rgnA_antigen.pdb  7kmhAB_antibody.pdb
Converting SMILES to graph: 420/500
4rgnA_antigen.pdb  7t9bJK_antibody.pdb
Converting SMILES to graph: 421/500
4rgoS_antigen.pdb  8w86AB_antibody.pdb
Converting SMILES to graph: 422/500
4rgoS_antigen.pdb  7t4qJK_antibody.pdb
Converting SMILES to graph: 423/500
4rgoS_antigen.pdb  6ommEe_antibody.pdb
Converting SMILES to graph: 424/500
4rgoS_antigen.pdb  6uygHL_antibody.pdb
Converting SMILES to graph: 425/500
4rgoS_antigen.pdb  7vvnN_antibody.pdb
Converting SMILES to graph: 426/500
4rgoS_antigen.pdb  8wpuEe_antibody.pdb
Converting SMILES to graph: 427/500
4risP_antigen.pdb  1u8nBA_antibody.pdb
Converting SMILES to graph: 428/500
4risP_antigen.pdb  7rbuHL_antibody.pdb
Converting SMILES to graph: 429/500
4risP_antigen.pdb  6oorHL_antibody.pdb
Converting SMILES to graph: 430/500
4risP_antigen.pdb  8fmzEe_antibody.pdb
Converting SMILES to graph: 431/500
4risP_antigen.pdb  6bdzHL_antibody.pdb
Converting SMILES to graph: 432/500
4risP_antigen.pdb  8iv5HL_antibody.pdb
Converting SMILES to graph: 433/500
4rqsG_antigen.pdb  6oorHL_antibody.pdb
Converting SMILES to graph: 434/500
4rqsG_antigen.pdb  5vl3HL_antibody.pdb
Converting SMILES to graph: 435/500
4rqsG_antigen.pdb  4s1rHL_antibody.pdb
Converting SMILES to graph: 436/500
4rqsG_antigen.pdb  7f4fSs_antibody.pdb
Converting SMILES to graph: 437/500
4rqsG_antigen.pdb  6x1aN_antibody.pdb
Converting SMILES to graph: 438/500
4rqsG_antigen.pdb  7xczDE_antibody.pdb
Converting SMILES to graph: 439/500
4rrpR_antigen.pdb  8gusSs_antibody.pdb
Converting SMILES to graph: 440/500
4rrpR_antigen.pdb  7ejyHL_antibody.pdb
Converting SMILES to graph: 441/500
4rrpR_antigen.pdb  2exwCD_antibody.pdb
Converting SMILES to graph: 442/500
4rrpR_antigen.pdb  4lssHL_antibody.pdb
Converting SMILES to graph: 443/500
4rrpR_antigen.pdb  5x2mJK_antibody.pdb
Converting SMILES to graph: 444/500
4rwyA_antigen.pdb  5czxHL_antibody.pdb
Converting SMILES to graph: 445/500
4rwyA_antigen.pdb  6mugHL_antibody.pdb
Converting SMILES to graph: 446/500
4rwyA_antigen.pdb  6w0eAB_antibody.pdb
Converting SMILES to graph: 447/500
4rwyA_antigen.pdb  6rnkB_antibody.pdb
Converting SMILES to graph: 448/500
4rwyA_antigen.pdb  3jbf7_antibody.pdb
Converting SMILES to graph: 449/500
4rx4G_antigen.pdb  3thmHL_antibody.pdb
Converting SMILES to graph: 450/500
4rx4G_antigen.pdb  7sp7C_antibody.pdb
Converting SMILES to graph: 451/500
4rx4G_antigen.pdb  2dtgAB_antibody.pdb
Converting SMILES to graph: 452/500
4rx4G_antigen.pdb  1cfsBA_antibody.pdb
Converting SMILES to graph: 453/500
4rx4G_antigen.pdb  7kn4MN_antibody.pdb
Converting SMILES to graph: 454/500
4rx4G_antigen.pdb  8csjHL_antibody.pdb
Converting SMILES to graph: 455/500
4s10D_antigen.pdb  7t82DC_antibody.pdb
Converting SMILES to graph: 456/500
4s10D_antigen.pdb  5grjHL_antibody.pdb
Converting SMILES to graph: 457/500
4s10D_antigen.pdb  4nbxB_antibody.pdb
Converting SMILES to graph: 458/500
4s10D_antigen.pdb  8b1kB_antibody.pdb
Converting SMILES to graph: 459/500
4s10D_antigen.pdb  4ot1HL_antibody.pdb
Converting SMILES to graph: 460/500
4s10D_antigen.pdb  8byuHL_antibody.pdb
Converting SMILES to graph: 461/500
4s1qG_antigen.pdb  8b1gB_antibody.pdb
Converting SMILES to graph: 462/500
4s1qG_antigen.pdb  6b5tHL_antibody.pdb
Converting SMILES to graph: 463/500
4s1qG_antigen.pdb  7raiIM_antibody.pdb
Converting SMILES to graph: 464/500
4s1qG_antigen.pdb  6by2AB_antibody.pdb
Converting SMILES to graph: 465/500
4s1qG_antigen.pdb  7na7Nn_antibody.pdb
Converting SMILES to graph: 466/500
4s1qG_antigen.pdb  7xw7AB_antibody.pdb
Converting SMILES to graph: 467/500
4s1rG_antigen.pdb  7qvkB_antibody.pdb
Converting SMILES to graph: 468/500
4s1rG_antigen.pdb  8gusSs_antibody.pdb
Converting SMILES to graph: 469/500
4s1rG_antigen.pdb  6u12B_antibody.pdb
Converting SMILES to graph: 470/500
4s1rG_antigen.pdb  7oaoF_antibody.pdb
Converting SMILES to graph: 471/500
4s1rG_antigen.pdb  7txzEF_antibody.pdb
Converting SMILES to graph: 472/500
4s1rG_antigen.pdb  8ty1CB_antibody.pdb
Converting SMILES to graph: 473/500
4s1sG_antigen.pdb  7uviAB_antibody.pdb
Converting SMILES to graph: 474/500
4s1sG_antigen.pdb  4ravAB_antibody.pdb
Converting SMILES to graph: 475/500
4s1sG_antigen.pdb  7kr5OP_antibody.pdb
Converting SMILES to graph: 476/500
4s1sG_antigen.pdb  4ogaCD_antibody.pdb
Converting SMILES to graph: 477/500
4s1sG_antigen.pdb  6uleAB_antibody.pdb
Converting SMILES to graph: 478/500
4s1sG_antigen.pdb  8jiiSs_antibody.pdb
Converting SMILES to graph: 479/500
4tnvP_antigen.pdb  6xkpMN_antibody.pdb
Converting SMILES to graph: 480/500
4tnvP_antigen.pdb  7dceHL_antibody.pdb
Converting SMILES to graph: 481/500
4tnvP_antigen.pdb  8ucdHL_antibody.pdb
Converting SMILES to graph: 482/500
4tnvP_antigen.pdb  7wxwD_antibody.pdb
Converting SMILES to graph: 483/500
4tnvP_antigen.pdb  5m2iJ_antibody.pdb
Converting SMILES to graph: 484/500
4tnvP_antigen.pdb  4kdtA_antibody.pdb
Converting SMILES to graph: 485/500
4tnwR_antigen.pdb  7upwDE_antibody.pdb
Converting SMILES to graph: 486/500
4tnwR_antigen.pdb  8ha0N_antibody.pdb
Converting SMILES to graph: 487/500
4tnwR_antigen.pdb  8efbEe_antibody.pdb
Converting SMILES to graph: 488/500
4tnwR_antigen.pdb  4lhjB_antibody.pdb
Converting SMILES to graph: 489/500
4tnwR_antigen.pdb  3gbmHL_antibody.pdb
Converting SMILES to graph: 490/500
4tnwR_antigen.pdb  5d9qDd_antibody.pdb
Converting SMILES to graph: 491/500
4tqeA_antigen.pdb  4qxtAB_antibody.pdb
Converting SMILES to graph: 492/500
4tqeA_antigen.pdb  7mdpHI_antibody.pdb
Converting SMILES to graph: 493/500
4tqeA_antigen.pdb  3ogoG_antibody.pdb
Converting SMILES to graph: 494/500
4tqeA_antigen.pdb  7zlgHL_antibody.pdb
Converting SMILES to graph: 495/500
4tqeA_antigen.pdb  5uk2Hh_antibody.pdb
Converting SMILES to graph: 496/500
4tqeA_antigen.pdb  8djkHL_antibody.pdb
Converting SMILES to graph: 497/500
4tsaA_antigen.pdb  6rakC_antibody.pdb
Converting SMILES to graph: 498/500
4tsaA_antigen.pdb  3be1HL_antibody.pdb
Converting SMILES to graph: 499/500
4tsaA_antigen.pdb  5aamBb_antibody.pdb
Converting SMILES to graph: 500/500
4tsaA_antigen.pdb  3idiBA_antibody.pdb
Graph construction done. Saving to file.
