Converting SMILES to graph: 1/500
4am0T_antigen.pdb  2qqlHL_antibody.pdb
Converting SMILES to graph: 2/500
4am0T_antigen.pdb  3vgaCB_antibody.pdb
Converting SMILES to graph: 3/500
4am0T_antigen.pdb  7a4dA_antibody.pdb
Converting SMILES to graph: 4/500
4am0T_antigen.pdb  6mwcCD_antibody.pdb
Converting SMILES to graph: 5/500
4am0T_antigen.pdb  7kd2C_antibody.pdb
Converting SMILES to graph: 6/500
4belA_antigen.pdb  7v35N_antibody.pdb
Converting SMILES to graph: 7/500
4belA_antigen.pdb  6myyGF_antibody.pdb
Converting SMILES to graph: 8/500
4belA_antigen.pdb  2ih1AB_antibody.pdb
Converting SMILES to graph: 9/500
4belA_antigen.pdb  8d9zBA_antibody.pdb
Converting SMILES to graph: 10/500
4belA_antigen.pdb  7n0vHL_antibody.pdb
Converting SMILES to graph: 11/500
4bfbB_antigen.pdb  7e8fCB_antibody.pdb
Converting SMILES to graph: 12/500
4bfbB_antigen.pdb  6iblD_antibody.pdb
Converting SMILES to graph: 13/500
4bfbB_antigen.pdb  6x3tJI_antibody.pdb
Converting SMILES to graph: 14/500
4bfbB_antigen.pdb  7kn5C_antibody.pdb
Converting SMILES to graph: 15/500
4bfbB_antigen.pdb  6vpxPQ_antibody.pdb
Converting SMILES to graph: 16/500
4bfbB_antigen.pdb  7mlyHI_antibody.pdb
Converting SMILES to graph: 17/500
4bh7P_antigen.pdb  4o51BA_antibody.pdb
Converting SMILES to graph: 18/500
4bh7P_antigen.pdb  1jpsHL_antibody.pdb
Converting SMILES to graph: 19/500
4bh7P_antigen.pdb  7zraE_antibody.pdb
Converting SMILES to graph: 20/500
4bh7P_antigen.pdb  8dd3JI_antibody.pdb
Converting SMILES to graph: 21/500
4bh7P_antigen.pdb  5ja8D_antibody.pdb
Converting SMILES to graph: 22/500
4bh7P_antigen.pdb  6nnjUV_antibody.pdb
Converting SMILES to graph: 23/500
4bh8P_antigen.pdb  6gciB_antibody.pdb
Converting SMILES to graph: 24/500
4bh8P_antigen.pdb  7qn8K_antibody.pdb
Converting SMILES to graph: 25/500
4bh8P_antigen.pdb  4bz1HL_antibody.pdb
Converting SMILES to graph: 26/500
4bh8P_antigen.pdb  6xe1HL_antibody.pdb
Converting SMILES to graph: 27/500
4bh8P_antigen.pdb  8f0gXY_antibody.pdb
Converting SMILES to graph: 28/500
4bh8P_antigen.pdb  4xp9HL_antibody.pdb
Converting SMILES to graph: 29/500
4bklEGF_antigen.pdb  7vgyEe_antibody.pdb
Converting SMILES to graph: 30/500
4bklEGF_antigen.pdb  7buaHL_antibody.pdb
Converting SMILES to graph: 31/500
4bklEGF_antigen.pdb  6x7wAC_antibody.pdb
Converting SMILES to graph: 32/500
4bklEGF_antigen.pdb  7uxlFE_antibody.pdb
Converting SMILES to graph: 33/500
4bklEGF_antigen.pdb  8ffeHL_antibody.pdb
Converting SMILES to graph: 34/500
4bklEGF_antigen.pdb  1u92BA_antibody.pdb
Converting SMILES to graph: 35/500
4bz1A_antigen.pdb  7d5bD_antibody.pdb
Converting SMILES to graph: 36/500
4bz1A_antigen.pdb  2ny0DC_antibody.pdb
Converting SMILES to graph: 37/500
4bz1A_antigen.pdb  7kdeHL_antibody.pdb
Converting SMILES to graph: 38/500
4bz1A_antigen.pdb  3levHL_antibody.pdb
Converting SMILES to graph: 39/500
4bz1A_antigen.pdb  7pqyHL_antibody.pdb
Converting SMILES to graph: 40/500
4bz1A_antigen.pdb  7yp7N_antibody.pdb
Converting SMILES to graph: 41/500
4bz2A_antigen.pdb  8tcoED_antibody.pdb
Converting SMILES to graph: 42/500
4bz2A_antigen.pdb  7pr0CB_antibody.pdb
Converting SMILES to graph: 43/500
4bz2A_antigen.pdb  8dowCD_antibody.pdb
Converting SMILES to graph: 44/500
4bz2A_antigen.pdb  6c5wE_antibody.pdb
Converting SMILES to graph: 45/500
4bz2A_antigen.pdb  6ocaD_antibody.pdb
Converting SMILES to graph: 46/500
4c2iC_antigen.pdb  7dq7HL_antibody.pdb
Converting SMILES to graph: 47/500
4c2iC_antigen.pdb  7w7eHh_antibody.pdb
Converting SMILES to graph: 48/500
4c2iC_antigen.pdb  8fx5Hh_antibody.pdb
Converting SMILES to graph: 49/500
4c2iC_antigen.pdb  6pdxMN_antibody.pdb
Converting SMILES to graph: 50/500
4c2iC_antigen.pdb  7stgB_antibody.pdb
Converting SMILES to graph: 51/500
4c2iC_antigen.pdb  4am0CD_antibody.pdb
Converting SMILES to graph: 52/500
4c57A_antigen.pdb  3uluDC_antibody.pdb
Converting SMILES to graph: 53/500
4c57A_antigen.pdb  8ef6Ee_antibody.pdb
Converting SMILES to graph: 54/500
4c57A_antigen.pdb  7dfaHL_antibody.pdb
Converting SMILES to graph: 55/500
4c57A_antigen.pdb  7wtjHL_antibody.pdb
Converting SMILES to graph: 56/500
4c57A_antigen.pdb  7l2cHL_antibody.pdb
Converting SMILES to graph: 57/500
4c57A_antigen.pdb  2q8bHL_antibody.pdb
Converting SMILES to graph: 58/500
4c58A_antigen.pdb  6xkqHL_antibody.pdb
Converting SMILES to graph: 59/500
4c58A_antigen.pdb  4ldlB_antibody.pdb
Converting SMILES to graph: 60/500
4c58A_antigen.pdb  7z1dF_antibody.pdb
Converting SMILES to graph: 61/500
4c58A_antigen.pdb  7o31HL_antibody.pdb
Converting SMILES to graph: 62/500
4c58A_antigen.pdb  4w6wB_antibody.pdb
Converting SMILES to graph: 63/500
4c58A_antigen.pdb  6uusN_antibody.pdb
Converting SMILES to graph: 64/500
4c59A_antigen.pdb  8gseHL_antibody.pdb
Converting SMILES to graph: 65/500
4c59A_antigen.pdb  5hggT_antibody.pdb
Converting SMILES to graph: 66/500
4c59A_antigen.pdb  8hk3Hh_antibody.pdb
Converting SMILES to graph: 67/500
4c59A_antigen.pdb  7fejHL_antibody.pdb
Converting SMILES to graph: 68/500
4c59A_antigen.pdb  5g5xB_antibody.pdb
Converting SMILES to graph: 69/500
4c59A_antigen.pdb  2xtjDB_antibody.pdb
Converting SMILES to graph: 70/500
4cadF_antigen.pdb  8dlxH_antibody.pdb
Converting SMILES to graph: 71/500
4cadF_antigen.pdb  5a2iHh_antibody.pdb
Converting SMILES to graph: 72/500
4cadF_antigen.pdb  7lrsDE_antibody.pdb
Converting SMILES to graph: 73/500
4cadF_antigen.pdb  7wlcHL_antibody.pdb
Converting SMILES to graph: 74/500
4cadF_antigen.pdb  7f46HL_antibody.pdb
Converting SMILES to graph: 75/500
4cadF_antigen.pdb  6ppgHL_antibody.pdb
Converting SMILES to graph: 76/500
4cauA_antigen.pdb  7syyHL_antibody.pdb
Converting SMILES to graph: 77/500
4cauA_antigen.pdb  7o52HL_antibody.pdb
Converting SMILES to graph: 78/500
4cauA_antigen.pdb  5o4gBA_antibody.pdb
Converting SMILES to graph: 79/500
4cauA_antigen.pdb  8id8Ss_antibody.pdb
Converting SMILES to graph: 80/500
4cauA_antigen.pdb  8gb5BC_antibody.pdb
Converting SMILES to graph: 81/500
4cauA_antigen.pdb  7ndbHL_antibody.pdb
Converting SMILES to graph: 82/500
4cdgB_antigen.pdb  4r2gNM_antibody.pdb
Converting SMILES to graph: 83/500
4cdgB_antigen.pdb  7z9qD_antibody.pdb
Converting SMILES to graph: 84/500
4cdgB_antigen.pdb  7amsHL_antibody.pdb
Converting SMILES to graph: 85/500
4cdgB_antigen.pdb  5u8qHL_antibody.pdb
Converting SMILES to graph: 86/500
4cdgB_antigen.pdb  7vfbB_antibody.pdb
Converting SMILES to graph: 87/500
4cdgB_antigen.pdb  7pi2EF_antibody.pdb
Converting SMILES to graph: 88/500
4ckdC_antigen.pdb  8efbEe_antibody.pdb
Converting SMILES to graph: 89/500
4ckdC_antigen.pdb  7sr0B_antibody.pdb
Converting SMILES to graph: 90/500
4ckdC_antigen.pdb  7k3aLK_antibody.pdb
Converting SMILES to graph: 91/500
4ckdC_antigen.pdb  6vgrCD_antibody.pdb
Converting SMILES to graph: 92/500
4ckdC_antigen.pdb  4lajM_antibody.pdb
Converting SMILES to graph: 93/500
4ckdC_antigen.pdb  3uluDC_antibody.pdb
Converting SMILES to graph: 94/500
4cmhA_antigen.pdb  5bozI_antibody.pdb
Converting SMILES to graph: 95/500
4cmhA_antigen.pdb  7zxgBC_antibody.pdb
Converting SMILES to graph: 96/500
4cmhA_antigen.pdb  6lxkJK_antibody.pdb
Converting SMILES to graph: 97/500
4cmhA_antigen.pdb  8d48HL_antibody.pdb
Converting SMILES to graph: 98/500
4cmhA_antigen.pdb  7ugpMP_antibody.pdb
Converting SMILES to graph: 99/500
4cniC_antigen.pdb  7tyvHL_antibody.pdb
Converting SMILES to graph: 100/500
4cniC_antigen.pdb  1nsnHL_antibody.pdb
Converting SMILES to graph: 101/500
4cniC_antigen.pdb  6qx4D_antibody.pdb
Converting SMILES to graph: 102/500
4cniC_antigen.pdb  8dypB_antibody.pdb
Converting SMILES to graph: 103/500
4cniC_antigen.pdb  7qtkBC_antibody.pdb
Converting SMILES to graph: 104/500
4cniC_antigen.pdb  7a50C_antibody.pdb
Converting SMILES to graph: 105/500
4d3cA_antigen.pdb  4g3yHL_antibody.pdb
Converting SMILES to graph: 106/500
4d3cA_antigen.pdb  5e8dHL_antibody.pdb
Converting SMILES to graph: 107/500
4d3cA_antigen.pdb  7s3iN_antibody.pdb
Converting SMILES to graph: 108/500
4d3cA_antigen.pdb  8fbaAB_antibody.pdb
Converting SMILES to graph: 109/500
4d3cA_antigen.pdb  5b3jHL_antibody.pdb
Converting SMILES to graph: 110/500
4d3cA_antigen.pdb  8gscHL_antibody.pdb
Converting SMILES to graph: 111/500
4d9qB_antigen.pdb  7n0iK_antibody.pdb
Converting SMILES to graph: 112/500
4d9qB_antigen.pdb  7pgbRS_antibody.pdb
Converting SMILES to graph: 113/500
4d9qB_antigen.pdb  6suzHL_antibody.pdb
Converting SMILES to graph: 114/500
4d9qB_antigen.pdb  8b1jB_antibody.pdb
Converting SMILES to graph: 115/500
4d9qB_antigen.pdb  5vpgDC_antibody.pdb
Converting SMILES to graph: 116/500
4d9qB_antigen.pdb  7lcnBD_antibody.pdb
Converting SMILES to graph: 117/500
4d9rA_antigen.pdb  6yu8B_antibody.pdb
Converting SMILES to graph: 118/500
4d9rA_antigen.pdb  7orbEF_antibody.pdb
Converting SMILES to graph: 119/500
4d9rA_antigen.pdb  6cw2AB_antibody.pdb
Converting SMILES to graph: 120/500
4d9rA_antigen.pdb  7nx8HL_antibody.pdb
Converting SMILES to graph: 121/500
4d9rA_antigen.pdb  4oluHL_antibody.pdb
Converting SMILES to graph: 122/500
4d9rA_antigen.pdb  7ts0Hh_antibody.pdb
Converting SMILES to graph: 123/500
4dagA_antigen.pdb  7s6dEG_antibody.pdb
Converting SMILES to graph: 124/500
4dagA_antigen.pdb  5vplDC_antibody.pdb
Converting SMILES to graph: 125/500
4dagA_antigen.pdb  7fg3D_antibody.pdb
Converting SMILES to graph: 126/500
4dagA_antigen.pdb  8f0gXY_antibody.pdb
Converting SMILES to graph: 127/500
4dagA_antigen.pdb  4l5fHL_antibody.pdb
Converting SMILES to graph: 128/500
4dgiA_antigen.pdb  7sbdHL_antibody.pdb
Converting SMILES to graph: 129/500
4dgiA_antigen.pdb  8da0BA_antibody.pdb
Converting SMILES to graph: 130/500
4dgiA_antigen.pdb  6z2lCB_antibody.pdb
Converting SMILES to graph: 131/500
4dgiA_antigen.pdb  8jiqN_antibody.pdb
Converting SMILES to graph: 132/500
4dgiA_antigen.pdb  3sm5IM_antibody.pdb
Converting SMILES to graph: 133/500
4dgiA_antigen.pdb  4lgrB_antibody.pdb
Converting SMILES to graph: 134/500
4dgvA_antigen.pdb  7tdnHL_antibody.pdb
Converting SMILES to graph: 135/500
4dgvA_antigen.pdb  5fgcEB_antibody.pdb
Converting SMILES to graph: 136/500
4dgvA_antigen.pdb  6e4xZY_antibody.pdb
Converting SMILES to graph: 137/500
4dgvA_antigen.pdb  6fy2XY_antibody.pdb
Converting SMILES to graph: 138/500
4dgvA_antigen.pdb  7t25HL_antibody.pdb
Converting SMILES to graph: 139/500
4dgvA_antigen.pdb  6wwzSs_antibody.pdb
Converting SMILES to graph: 140/500
4dgyA_antigen.pdb  7ey4HL_antibody.pdb
Converting SMILES to graph: 141/500
4dgyA_antigen.pdb  8awmHL_antibody.pdb
Converting SMILES to graph: 142/500
4dgyA_antigen.pdb  5imlB_antibody.pdb
Converting SMILES to graph: 143/500
4dgyA_antigen.pdb  4uifKL_antibody.pdb
Converting SMILES to graph: 144/500
4dgyA_antigen.pdb  6hukG_antibody.pdb
Converting SMILES to graph: 145/500
4dgyA_antigen.pdb  2dwdAB_antibody.pdb
Converting SMILES to graph: 146/500
4dk3C_antigen.pdb  6ivzHL_antibody.pdb
Converting SMILES to graph: 147/500
4dk3C_antigen.pdb  1rjcA_antibody.pdb
Converting SMILES to graph: 148/500
4dk3C_antigen.pdb  7n4mHL_antibody.pdb
Converting SMILES to graph: 149/500
4dk3C_antigen.pdb  7p02Hh_antibody.pdb
Converting SMILES to graph: 150/500
4dk3C_antigen.pdb  2ny5HL_antibody.pdb
Converting SMILES to graph: 151/500
4dk3C_antigen.pdb  5aamBb_antibody.pdb
Converting SMILES to graph: 152/500
4dk6C_antigen.pdb  1xgrBA_antibody.pdb
Converting SMILES to graph: 153/500
4dk6C_antigen.pdb  7s0xCD_antibody.pdb
Converting SMILES to graph: 154/500
4dk6C_antigen.pdb  7x3cHL_antibody.pdb
Converting SMILES to graph: 155/500
4dk6C_antigen.pdb  6vyhDC_antibody.pdb
Converting SMILES to graph: 156/500
4dk6C_antigen.pdb  8i0qHL_antibody.pdb
Converting SMILES to graph: 157/500
4dk6C_antigen.pdb  7e8fCB_antibody.pdb
Converting SMILES to graph: 158/500
4dkaDC_antigen.pdb  8bczHL_antibody.pdb
Converting SMILES to graph: 159/500
4dkaDC_antigen.pdb  3p30HL_antibody.pdb
Converting SMILES to graph: 160/500
4dkaDC_antigen.pdb  7rp0AB_antibody.pdb
Converting SMILES to graph: 161/500
4dkaDC_antigen.pdb  1t03HL_antibody.pdb
Converting SMILES to graph: 162/500
4dkaDC_antigen.pdb  5y11AB_antibody.pdb
Converting SMILES to graph: 163/500
4dkaDC_antigen.pdb  3pjsDC_antibody.pdb
Converting SMILES to graph: 164/500
4dkeB_antigen.pdb  4p59HL_antibody.pdb
Converting SMILES to graph: 165/500
4dkeB_antigen.pdb  6y9bJN_antibody.pdb
Converting SMILES to graph: 166/500
4dkeB_antigen.pdb  8ebpHL_antibody.pdb
Converting SMILES to graph: 167/500
4dkeB_antigen.pdb  6eqcFf_antibody.pdb
Converting SMILES to graph: 168/500
4dkeB_antigen.pdb  7urdHL_antibody.pdb
Converting SMILES to graph: 169/500
4dkeB_antigen.pdb  1g7hBA_antibody.pdb
Converting SMILES to graph: 170/500
4dkfA_antigen.pdb  6jhsED_antibody.pdb
Converting SMILES to graph: 171/500
4dkfA_antigen.pdb  8ic0Ee_antibody.pdb
Converting SMILES to graph: 172/500
4dkfA_antigen.pdb  7s11KO_antibody.pdb
Converting SMILES to graph: 173/500
4dkfA_antigen.pdb  7dk5ab_antibody.pdb
Converting SMILES to graph: 174/500
4dkfA_antigen.pdb  7a6oB_antibody.pdb
Converting SMILES to graph: 175/500
4dkfA_antigen.pdb  5w9oHI_antibody.pdb
Converting SMILES to graph: 176/500
4dn4M_antigen.pdb  8ezlHh_antibody.pdb
Converting SMILES to graph: 177/500
4dn4M_antigen.pdb  8dyxHL_antibody.pdb
Converting SMILES to graph: 178/500
4dn4M_antigen.pdb  6d01GH_antibody.pdb
Converting SMILES to graph: 179/500
4dn4M_antigen.pdb  3mobHL_antibody.pdb
Converting SMILES to graph: 180/500
4dn4M_antigen.pdb  3h3pIM_antibody.pdb
Converting SMILES to graph: 181/500
4dn4M_antigen.pdb  7c94BA_antibody.pdb
Converting SMILES to graph: 182/500
4dqoC_antigen.pdb  6xoxEe_antibody.pdb
Converting SMILES to graph: 183/500
4dqoC_antigen.pdb  2f5bHL_antibody.pdb
Converting SMILES to graph: 184/500
4dqoC_antigen.pdb  8aomV_antibody.pdb
Converting SMILES to graph: 185/500
4dqoC_antigen.pdb  5w3oDE_antibody.pdb
Converting SMILES to graph: 186/500
4dqoC_antigen.pdb  8id9Ss_antibody.pdb
Converting SMILES to graph: 187/500
4dqoC_antigen.pdb  3ztnHL_antibody.pdb
Converting SMILES to graph: 188/500
4dtgK_antigen.pdb  3ze1EF_antibody.pdb
Converting SMILES to graph: 189/500
4dtgK_antigen.pdb  7m42DC_antibody.pdb
Converting SMILES to graph: 190/500
4dtgK_antigen.pdb  2dqfBA_antibody.pdb
Converting SMILES to graph: 191/500
4dtgK_antigen.pdb  8k4nEe_antibody.pdb
Converting SMILES to graph: 192/500
4dtgK_antigen.pdb  5zv3HL_antibody.pdb
Converting SMILES to graph: 193/500
4dtgK_antigen.pdb  4m62IM_antibody.pdb
Converting SMILES to graph: 194/500
4dvrG_antigen.pdb  6p4aHL_antibody.pdb
Converting SMILES to graph: 195/500
4dvrG_antigen.pdb  6x18N_antibody.pdb
Converting SMILES to graph: 196/500
4dvrG_antigen.pdb  6jb8A_antibody.pdb
Converting SMILES to graph: 197/500
4dvrG_antigen.pdb  7wy8D_antibody.pdb
Converting SMILES to graph: 198/500
4dvrG_antigen.pdb  7y26Dd_antibody.pdb
Converting SMILES to graph: 199/500
4dvrG_antigen.pdb  6h3tIM_antibody.pdb
Converting SMILES to graph: 200/500
4dw2U_antigen.pdb  6ejmIi_antibody.pdb
Converting SMILES to graph: 201/500
4dw2U_antigen.pdb  4lspHL_antibody.pdb
Converting SMILES to graph: 202/500
4dw2U_antigen.pdb  1jp5aA_antibody.pdb
Converting SMILES to graph: 203/500
4dw2U_antigen.pdb  6nfcCD_antibody.pdb
Converting SMILES to graph: 204/500
4dw2U_antigen.pdb  8dtrAB_antibody.pdb
Converting SMILES to graph: 205/500
4dw2U_antigen.pdb  7wwkGF_antibody.pdb
Converting SMILES to graph: 206/500
4edwV_antigen.pdb  7eptN_antibody.pdb
Converting SMILES to graph: 207/500
4edwV_antigen.pdb  2hjfAB_antibody.pdb
Converting SMILES to graph: 208/500
4edwV_antigen.pdb  7yclAB_antibody.pdb
Converting SMILES to graph: 209/500
4edwV_antigen.pdb  6oelHL_antibody.pdb
Converting SMILES to graph: 210/500
4edwV_antigen.pdb  8s9gHL_antibody.pdb
Converting SMILES to graph: 211/500
4edwV_antigen.pdb  6xlzHL_antibody.pdb
Converting SMILES to graph: 212/500
4edxV_antigen.pdb  8d47HL_antibody.pdb
Converting SMILES to graph: 213/500
4edxV_antigen.pdb  7lk4FE_antibody.pdb
Converting SMILES to graph: 214/500
4edxV_antigen.pdb  7daaHL_antibody.pdb
Converting SMILES to graph: 215/500
4edxV_antigen.pdb  6cdpAB_antibody.pdb
Converting SMILES to graph: 216/500
4edxV_antigen.pdb  2p7tAB_antibody.pdb
Converting SMILES to graph: 217/500
4edxV_antigen.pdb  7n64HL_antibody.pdb
Converting SMILES to graph: 218/500
4eigA_antigen.pdb  6u54A_antibody.pdb
Converting SMILES to graph: 219/500
4eigA_antigen.pdb  6hjpIJ_antibody.pdb
Converting SMILES to graph: 220/500
4eigA_antigen.pdb  7nqkB_antibody.pdb
Converting SMILES to graph: 221/500
4eigA_antigen.pdb  7e88DE_antibody.pdb
Converting SMILES to graph: 222/500
4eigA_antigen.pdb  7o33HL_antibody.pdb
Converting SMILES to graph: 223/500
4eigA_antigen.pdb  8a94RO_antibody.pdb
Converting SMILES to graph: 224/500
4eizB_antigen.pdb  1tjhHL_antibody.pdb
Converting SMILES to graph: 225/500
4eizB_antigen.pdb  2p45B_antibody.pdb
Converting SMILES to graph: 226/500
4eizB_antigen.pdb  7sp8B_antibody.pdb
Converting SMILES to graph: 227/500
4eizB_antigen.pdb  5iesHL_antibody.pdb
Converting SMILES to graph: 228/500
4eizB_antigen.pdb  6ch7DE_antibody.pdb
Converting SMILES to graph: 229/500
4eizB_antigen.pdb  7bz5HL_antibody.pdb
Converting SMILES to graph: 230/500
4ej1B_antigen.pdb  7oapF_antibody.pdb
Converting SMILES to graph: 231/500
4ej1B_antigen.pdb  6dcaJN_antibody.pdb
Converting SMILES to graph: 232/500
4ej1B_antigen.pdb  7mzmHL_antibody.pdb
Converting SMILES to graph: 233/500
4ej1B_antigen.pdb  7yubN_antibody.pdb
Converting SMILES to graph: 234/500
4ej1B_antigen.pdb  7x96HL_antibody.pdb
Converting SMILES to graph: 235/500
4ej1B_antigen.pdb  8g94Ee_antibody.pdb
Converting SMILES to graph: 236/500
4eneA_antigen.pdb  7srsQP_antibody.pdb
Converting SMILES to graph: 237/500
4eneA_antigen.pdb  7zauB_antibody.pdb
Converting SMILES to graph: 238/500
4eneA_antigen.pdb  1zv5A_antibody.pdb
Converting SMILES to graph: 239/500
4eneA_antigen.pdb  5kw9HL_antibody.pdb
Converting SMILES to graph: 240/500
4eneA_antigen.pdb  7ubyD_antibody.pdb
Converting SMILES to graph: 241/500
4eneA_antigen.pdb  7w0nSs_antibody.pdb
Converting SMILES to graph: 242/500
4ersA_antigen.pdb  6pisIM_antibody.pdb
Converting SMILES to graph: 243/500
4ersA_antigen.pdb  8dowCD_antibody.pdb
Converting SMILES to graph: 244/500
4ersA_antigen.pdb  6yu8B_antibody.pdb
Converting SMILES to graph: 245/500
4ersA_antigen.pdb  8ghrC_antibody.pdb
Converting SMILES to graph: 246/500
4ersA_antigen.pdb  8h91C_antibody.pdb
Converting SMILES to graph: 247/500
4ersA_antigen.pdb  7e5rLH_antibody.pdb
Converting SMILES to graph: 248/500
4etqC_antigen.pdb  8dowCD_antibody.pdb
Converting SMILES to graph: 249/500
4etqC_antigen.pdb  6knmA_antibody.pdb
Converting SMILES to graph: 250/500
4etqC_antigen.pdb  6b0hDC_antibody.pdb
Converting SMILES to graph: 251/500
4etqC_antigen.pdb  8gh4HL_antibody.pdb
Converting SMILES to graph: 252/500
4etqC_antigen.pdb  5g5rB_antibody.pdb
Converting SMILES to graph: 253/500
4etqC_antigen.pdb  7wcpDE_antibody.pdb
Converting SMILES to graph: 254/500
4f15J_antigen.pdb  7yk6Ss_antibody.pdb
Converting SMILES to graph: 255/500
4f15J_antigen.pdb  7lo6LK_antibody.pdb
Converting SMILES to graph: 256/500
4f15J_antigen.pdb  6mehHL_antibody.pdb
Converting SMILES to graph: 257/500
4f15J_antigen.pdb  4whyMN_antibody.pdb
Converting SMILES to graph: 258/500
4f15J_antigen.pdb  7cbpDE_antibody.pdb
Converting SMILES to graph: 259/500
4f15J_antigen.pdb  7cw0OP_antibody.pdb
Converting SMILES to graph: 260/500
4f2mF_antigen.pdb  7km5D_antibody.pdb
Converting SMILES to graph: 261/500
4f2mF_antigen.pdb  6cnkKJ_antibody.pdb
Converting SMILES to graph: 262/500
4f2mF_antigen.pdb  6ot1JK_antibody.pdb
Converting SMILES to graph: 263/500
4f2mF_antigen.pdb  6higHL_antibody.pdb
Converting SMILES to graph: 264/500
4f2mF_antigen.pdb  5vnwC_antibody.pdb
Converting SMILES to graph: 265/500
4f2mF_antigen.pdb  6w16HL_antibody.pdb
Converting SMILES to graph: 266/500
4f37A_antigen.pdb  8h07EJ_antibody.pdb
Converting SMILES to graph: 267/500
4f37A_antigen.pdb  1ospHL_antibody.pdb
Converting SMILES to graph: 268/500
4f37A_antigen.pdb  7nvln_antibody.pdb
Converting SMILES to graph: 269/500
4f37A_antigen.pdb  7vvoN_antibody.pdb
Converting SMILES to graph: 270/500
4f37A_antigen.pdb  7t4rPQ_antibody.pdb
Converting SMILES to graph: 271/500
4f37A_antigen.pdb  7rqqHL_antibody.pdb
Converting SMILES to graph: 272/500
4f3fC_antigen.pdb  7k5yMm_antibody.pdb
Converting SMILES to graph: 273/500
4f3fC_antigen.pdb  7vngHL_antibody.pdb
Converting SMILES to graph: 274/500
4f3fC_antigen.pdb  6zplF_antibody.pdb
Converting SMILES to graph: 275/500
4f3fC_antigen.pdb  6tybHL_antibody.pdb
Converting SMILES to graph: 276/500
4f3fC_antigen.pdb  6gwpB_antibody.pdb
Converting SMILES to graph: 277/500
4f3fC_antigen.pdb  7cdjHL_antibody.pdb
Converting SMILES to graph: 278/500
4f9lA_antigen.pdb  7ytnHL_antibody.pdb
Converting SMILES to graph: 279/500
4f9lA_antigen.pdb  4xnzHL_antibody.pdb
Converting SMILES to graph: 280/500
4f9lA_antigen.pdb  8cwkHL_antibody.pdb
Converting SMILES to graph: 281/500
4f9lA_antigen.pdb  1f90HL_antibody.pdb
Converting SMILES to graph: 282/500
4f9lA_antigen.pdb  7wcdEF_antibody.pdb
Converting SMILES to graph: 283/500
4f9lA_antigen.pdb  7urqHL_antibody.pdb
Converting SMILES to graph: 284/500
4f9pB_antigen.pdb  5usfD_antibody.pdb
Converting SMILES to graph: 285/500
4f9pB_antigen.pdb  6x3vJI_antibody.pdb
Converting SMILES to graph: 286/500
4f9pB_antigen.pdb  5vphDC_antibody.pdb
Converting SMILES to graph: 287/500
4f9pB_antigen.pdb  7m6dAB_antibody.pdb
Converting SMILES to graph: 288/500
4f9pB_antigen.pdb  7jumIi_antibody.pdb
Converting SMILES to graph: 289/500
4f9pB_antigen.pdb  7cn2Gg_antibody.pdb
Converting SMILES to graph: 290/500
4ffvA_antigen.pdb  4jo1HL_antibody.pdb
Converting SMILES to graph: 291/500
4ffvA_antigen.pdb  7dnlHL_antibody.pdb
Converting SMILES to graph: 292/500
4ffvA_antigen.pdb  1kiqBA_antibody.pdb
Converting SMILES to graph: 293/500
4ffvA_antigen.pdb  6uj9HL_antibody.pdb
Converting SMILES to graph: 294/500
4ffvA_antigen.pdb  6cwgD_antibody.pdb
Converting SMILES to graph: 295/500
4ffvA_antigen.pdb  7belCD_antibody.pdb
Converting SMILES to graph: 296/500
4ffwB_antigen.pdb  7crhN_antibody.pdb
Converting SMILES to graph: 297/500
4ffwB_antigen.pdb  2ny6DC_antibody.pdb
Converting SMILES to graph: 298/500
4ffwB_antigen.pdb  5hd8CD_antibody.pdb
Converting SMILES to graph: 299/500
4ffwB_antigen.pdb  1xgtBA_antibody.pdb
Converting SMILES to graph: 300/500
4ffwB_antigen.pdb  4dqoHL_antibody.pdb
Converting SMILES to graph: 301/500
4ffwB_antigen.pdb  5mv4IJ_antibody.pdb
Converting SMILES to graph: 302/500
4ffyA_antigen.pdb  8dtoGH_antibody.pdb
Converting SMILES to graph: 303/500
4ffyA_antigen.pdb  7akdHL_antibody.pdb
Converting SMILES to graph: 304/500
4ffyA_antigen.pdb  5mp5AB_antibody.pdb
Converting SMILES to graph: 305/500
4ffyA_antigen.pdb  8bg6AB_antibody.pdb
Converting SMILES to graph: 306/500
4ffyA_antigen.pdb  4eneCD_antibody.pdb
Converting SMILES to graph: 307/500
4ffyA_antigen.pdb  7xsaBC_antibody.pdb
Converting SMILES to graph: 308/500
4ffzX_antigen.pdb  1g6vK_antibody.pdb
Converting SMILES to graph: 309/500
4ffzX_antigen.pdb  8fegFf_antibody.pdb
Converting SMILES to graph: 310/500
4ffzX_antigen.pdb  8e2uHL_antibody.pdb
Converting SMILES to graph: 311/500
4ffzX_antigen.pdb  2vdpHL_antibody.pdb
Converting SMILES to graph: 312/500
4ffzX_antigen.pdb  7l5bHL_antibody.pdb
Converting SMILES to graph: 313/500
4ffzX_antigen.pdb  5f8rC_antibody.pdb
Converting SMILES to graph: 314/500
4fg6B_antigen.pdb  7zfcAB_antibody.pdb
Converting SMILES to graph: 315/500
4fg6B_antigen.pdb  8jtmJN_antibody.pdb
Converting SMILES to graph: 316/500
4fg6B_antigen.pdb  3v6zCD_antibody.pdb
Converting SMILES to graph: 317/500
4fg6B_antigen.pdb  3stzAB_antibody.pdb
Converting SMILES to graph: 318/500
4fg6B_antigen.pdb  7kezHL_antibody.pdb
Converting SMILES to graph: 319/500
4fg6B_antigen.pdb  7zkzB_antibody.pdb
Converting SMILES to graph: 320/500
4fhbA_antigen.pdb  7b2mD_antibody.pdb
Converting SMILES to graph: 321/500
4fhbA_antigen.pdb  8g3mEF_antibody.pdb
Converting SMILES to graph: 322/500
4fhbA_antigen.pdb  6axlDC_antibody.pdb
Converting SMILES to graph: 323/500
4fhbA_antigen.pdb  5a8hFE_antibody.pdb
Converting SMILES to graph: 324/500
4fhbA_antigen.pdb  6bkcHL_antibody.pdb
Converting SMILES to graph: 325/500
4fhbA_antigen.pdb  6ogeED_antibody.pdb
Converting SMILES to graph: 326/500
4fp8B_antigen.pdb  5y11AB_antibody.pdb
Converting SMILES to graph: 327/500
4fp8B_antigen.pdb  7lxyFC_antibody.pdb
Converting SMILES to graph: 328/500
4fp8B_antigen.pdb  7yqyHF_antibody.pdb
Converting SMILES to graph: 329/500
4fp8B_antigen.pdb  7n0xHL_antibody.pdb
Converting SMILES to graph: 330/500
4fp8B_antigen.pdb  8sgjHL_antibody.pdb
Converting SMILES to graph: 331/500
4fp8B_antigen.pdb  3jbd7_antibody.pdb
Converting SMILES to graph: 332/500
4fqiBA_antigen.pdb  4nm8HL_antibody.pdb
Converting SMILES to graph: 333/500
4fqiBA_antigen.pdb  6s8iPO_antibody.pdb
Converting SMILES to graph: 334/500
4fqiBA_antigen.pdb  7wp2HL_antibody.pdb
Converting SMILES to graph: 335/500
4fqiBA_antigen.pdb  6ad0HL_antibody.pdb
Converting SMILES to graph: 336/500
4fqiBA_antigen.pdb  4rgnBC_antibody.pdb
Converting SMILES to graph: 337/500
4fqiBA_antigen.pdb  6p8mHL_antibody.pdb
Converting SMILES to graph: 338/500
4fqjA_antigen.pdb  8ivaCE_antibody.pdb
Converting SMILES to graph: 339/500
4fqjA_antigen.pdb  6osyHL_antibody.pdb
Converting SMILES to graph: 340/500
4fqjA_antigen.pdb  5w9mBC_antibody.pdb
Converting SMILES to graph: 341/500
4fqjA_antigen.pdb  6q6zB_antibody.pdb
Converting SMILES to graph: 342/500
4fqjA_antigen.pdb  2nr6FE_antibody.pdb
Converting SMILES to graph: 343/500
4fqjA_antigen.pdb  8dmjDE_antibody.pdb
Converting SMILES to graph: 344/500
4fqkC_antigen.pdb  7v7kBA_antibody.pdb
Converting SMILES to graph: 345/500
4fqkC_antigen.pdb  1kipBA_antibody.pdb
Converting SMILES to graph: 346/500
4fqkC_antigen.pdb  7jvpN_antibody.pdb
Converting SMILES to graph: 347/500
4fqkC_antigen.pdb  6ddeEe_antibody.pdb
Converting SMILES to graph: 348/500
4fqkC_antigen.pdb  6bahBA_antibody.pdb
Converting SMILES to graph: 349/500
4fqkC_antigen.pdb  3ks0KJ_antibody.pdb
Converting SMILES to graph: 350/500
4fqrA_antigen.pdb  7sueHL_antibody.pdb
Converting SMILES to graph: 351/500
4fqrA_antigen.pdb  6veqIJ_antibody.pdb
Converting SMILES to graph: 352/500
4fqrA_antigen.pdb  6xc2XY_antibody.pdb
Converting SMILES to graph: 353/500
4fqrA_antigen.pdb  7b14D_antibody.pdb
Converting SMILES to graph: 354/500
4fqrA_antigen.pdb  4ygaB_antibody.pdb
Converting SMILES to graph: 355/500
4fqrA_antigen.pdb  7cgwAB_antibody.pdb
Converting SMILES to graph: 356/500
4fqvDC_antigen.pdb  3c09HL_antibody.pdb
Converting SMILES to graph: 357/500
4fqvDC_antigen.pdb  3j8vFJ_antibody.pdb
Converting SMILES to graph: 358/500
4fqvDC_antigen.pdb  8itfSs_antibody.pdb
Converting SMILES to graph: 359/500
4fqvDC_antigen.pdb  5ye4AB_antibody.pdb
Converting SMILES to graph: 360/500
4fqvDC_antigen.pdb  7wovDd_antibody.pdb
Converting SMILES to graph: 361/500
4fqvDC_antigen.pdb  7kfxHL_antibody.pdb
Converting SMILES to graph: 362/500
4fqyBA_antigen.pdb  6wo5CD_antibody.pdb
Converting SMILES to graph: 363/500
4fqyBA_antigen.pdb  4fg6EF_antibody.pdb
Converting SMILES to graph: 364/500
4fqyBA_antigen.pdb  2qqlHL_antibody.pdb
Converting SMILES to graph: 365/500
4fqyBA_antigen.pdb  8tpaHL_antibody.pdb
Converting SMILES to graph: 366/500
4fqyBA_antigen.pdb  6ejgDd_antibody.pdb
Converting SMILES to graph: 367/500
4fqyBA_antigen.pdb  7o31HL_antibody.pdb
Converting SMILES to graph: 368/500
4g3yC_antigen.pdb  6j6yBC_antibody.pdb
Converting SMILES to graph: 369/500
4g3yC_antigen.pdb  1fskIH_antibody.pdb
Converting SMILES to graph: 370/500
4g3yC_antigen.pdb  5bk0BA_antibody.pdb
Converting SMILES to graph: 371/500
4g3yC_antigen.pdb  6iuvCD_antibody.pdb
Converting SMILES to graph: 372/500
4g3yC_antigen.pdb  2nljBA_antibody.pdb
Converting SMILES to graph: 373/500
4g3yC_antigen.pdb  7neqFE_antibody.pdb
Converting SMILES to graph: 374/500
4g6aB_antigen.pdb  7klgIM_antibody.pdb
Converting SMILES to graph: 375/500
4g6aB_antigen.pdb  6w03HL_antibody.pdb
Converting SMILES to graph: 376/500
4g6aB_antigen.pdb  4hjgBA_antibody.pdb
Converting SMILES to graph: 377/500
4g6aB_antigen.pdb  4g6mHL_antibody.pdb
Converting SMILES to graph: 378/500
4g6aB_antigen.pdb  7llyN_antibody.pdb
Converting SMILES to graph: 379/500
4g6aB_antigen.pdb  7lg6JM_antibody.pdb
Converting SMILES to graph: 380/500
4g6fP_antigen.pdb  5u8rHL_antibody.pdb
Converting SMILES to graph: 381/500
4g6fP_antigen.pdb  7e9qHL_antibody.pdb
Converting SMILES to graph: 382/500
4g6fP_antigen.pdb  6aruCB_antibody.pdb
Converting SMILES to graph: 383/500
4g6fP_antigen.pdb  7q6zB_antibody.pdb
Converting SMILES to graph: 384/500
4g6fP_antigen.pdb  7a4yB_antibody.pdb
Converting SMILES to graph: 385/500
4g6fP_antigen.pdb  1p4bHL_antibody.pdb
Converting SMILES to graph: 386/500
4g6jA_antigen.pdb  7vl9Ss_antibody.pdb
Converting SMILES to graph: 387/500
4g6jA_antigen.pdb  1hi6BA_antibody.pdb
Converting SMILES to graph: 388/500
4g6jA_antigen.pdb  7ws4IH_antibody.pdb
Converting SMILES to graph: 389/500
4g6jA_antigen.pdb  6jhrED_antibody.pdb
Converting SMILES to graph: 390/500
4g6jA_antigen.pdb  7la4HL_antibody.pdb
Converting SMILES to graph: 391/500
4g6jA_antigen.pdb  6wf0HL_antibody.pdb
Converting SMILES to graph: 392/500
4g6mA_antigen.pdb  7jmoHL_antibody.pdb
Converting SMILES to graph: 393/500
4g6mA_antigen.pdb  5eu7FD_antibody.pdb
Converting SMILES to graph: 394/500
4g6mA_antigen.pdb  8gscHL_antibody.pdb
Converting SMILES to graph: 395/500
4g6mA_antigen.pdb  4dk3A_antibody.pdb
Converting SMILES to graph: 396/500
4g6mA_antigen.pdb  2hvkAB_antibody.pdb
Converting SMILES to graph: 397/500
4g6mA_antigen.pdb  3c09HL_antibody.pdb
Converting SMILES to graph: 398/500
4g7vS_antigen.pdb  3ld8CB_antibody.pdb
Converting SMILES to graph: 399/500
4g7vS_antigen.pdb  2y6sHL_antibody.pdb
Converting SMILES to graph: 400/500
4g7vS_antigen.pdb  8gasHL_antibody.pdb
Converting SMILES to graph: 401/500
4g7vS_antigen.pdb  7t2hEe_antibody.pdb
Converting SMILES to graph: 402/500
4g7vS_antigen.pdb  2bobAB_antibody.pdb
Converting SMILES to graph: 403/500
4g7vS_antigen.pdb  4yblBC_antibody.pdb
Converting SMILES to graph: 404/500
4g7yS_antigen.pdb  4x7fD_antibody.pdb
Converting SMILES to graph: 405/500
4g7yS_antigen.pdb  1v7nKO_antibody.pdb
Converting SMILES to graph: 406/500
4g7yS_antigen.pdb  7kqbKJ_antibody.pdb
Converting SMILES to graph: 407/500
4g7yS_antigen.pdb  7kduC_antibody.pdb
Converting SMILES to graph: 408/500
4g7yS_antigen.pdb  2vdqHL_antibody.pdb
Converting SMILES to graph: 409/500
4g7yS_antigen.pdb  7eo0HL_antibody.pdb
Converting SMILES to graph: 410/500
4g80I_antigen.pdb  7czwHL_antibody.pdb
Converting SMILES to graph: 411/500
4g80I_antigen.pdb  5kteHL_antibody.pdb
Converting SMILES to graph: 412/500
4g80I_antigen.pdb  6osvHL_antibody.pdb
Converting SMILES to graph: 413/500
4g80I_antigen.pdb  6h7jC_antibody.pdb
Converting SMILES to graph: 414/500
4g80I_antigen.pdb  5kzcBD_antibody.pdb
Converting SMILES to graph: 415/500
4g80I_antigen.pdb  7eo2Ee_antibody.pdb
Converting SMILES to graph: 416/500
4gagP_antigen.pdb  7v26ef_antibody.pdb
Converting SMILES to graph: 417/500
4gagP_antigen.pdb  8jtdJN_antibody.pdb
Converting SMILES to graph: 418/500
4gagP_antigen.pdb  7zfdAB_antibody.pdb
Converting SMILES to graph: 419/500
4gagP_antigen.pdb  1ct8BA_antibody.pdb
Converting SMILES to graph: 420/500
4gagP_antigen.pdb  6rvcF_antibody.pdb
Converting SMILES to graph: 421/500
4gagP_antigen.pdb  7u0qGF_antibody.pdb
Converting SMILES to graph: 422/500
4gajP_antigen.pdb  5vagCB_antibody.pdb
Converting SMILES to graph: 423/500
4gajP_antigen.pdb  6txzJN_antibody.pdb
Converting SMILES to graph: 424/500
4gajP_antigen.pdb  6svlOP_antibody.pdb
Converting SMILES to graph: 425/500
4gajP_antigen.pdb  7s1bHL_antibody.pdb
Converting SMILES to graph: 426/500
4gajP_antigen.pdb  4k2uIM_antibody.pdb
Converting SMILES to graph: 427/500
4gajP_antigen.pdb  4xc3HL_antibody.pdb
Converting SMILES to graph: 428/500
4gftA_antigen.pdb  6bkbHL_antibody.pdb
Converting SMILES to graph: 429/500
4gftA_antigen.pdb  7kmgAB_antibody.pdb
Converting SMILES to graph: 430/500
4gftA_antigen.pdb  7xnfHL_antibody.pdb
Converting SMILES to graph: 431/500
4gftA_antigen.pdb  8f9vAB_antibody.pdb
Converting SMILES to graph: 432/500
4gftA_antigen.pdb  6fy1HL_antibody.pdb
Converting SMILES to graph: 433/500
4gftA_antigen.pdb  3qskB_antibody.pdb
Converting SMILES to graph: 434/500
4glrB_antigen.pdb  1uwxHL_antibody.pdb
Converting SMILES to graph: 435/500
4glrB_antigen.pdb  5mo3HL_antibody.pdb
Converting SMILES to graph: 436/500
4glrB_antigen.pdb  7ecyEF_antibody.pdb
Converting SMILES to graph: 437/500
4glrB_antigen.pdb  6lynAB_antibody.pdb
Converting SMILES to graph: 438/500
4glrB_antigen.pdb  5vebHL_antibody.pdb
Converting SMILES to graph: 439/500
4glrB_antigen.pdb  7wtiHL_antibody.pdb
Converting SMILES to graph: 440/500
4gmsE_antigen.pdb  7me7B_antibody.pdb
Converting SMILES to graph: 441/500
4gmsE_antigen.pdb  6zvfHL_antibody.pdb
Converting SMILES to graph: 442/500
4gmsE_antigen.pdb  6wj1JK_antibody.pdb
Converting SMILES to graph: 443/500
4gmsE_antigen.pdb  8jz7Ss_antibody.pdb
Converting SMILES to graph: 444/500
4gmsE_antigen.pdb  1kcrHL_antibody.pdb
Converting SMILES to graph: 445/500
4gmsE_antigen.pdb  3l5xHL_antibody.pdb
Converting SMILES to graph: 446/500
4grwC_antigen.pdb  8f9vAB_antibody.pdb
Converting SMILES to graph: 447/500
4grwC_antigen.pdb  3f5wAB_antibody.pdb
Converting SMILES to graph: 448/500
4grwC_antigen.pdb  6h6zD_antibody.pdb
Converting SMILES to graph: 449/500
4grwC_antigen.pdb  7kzxDC_antibody.pdb
Converting SMILES to graph: 450/500
4grwC_antigen.pdb  7tm0ED_antibody.pdb
Converting SMILES to graph: 451/500
4grwC_antigen.pdb  7ocjG_antibody.pdb
Converting SMILES to graph: 452/500
4gxuA_antigen.pdb  5m30D_antibody.pdb
Converting SMILES to graph: 453/500
4gxuA_antigen.pdb  4i9wED_antibody.pdb
Converting SMILES to graph: 454/500
4gxuA_antigen.pdb  8a1eDE_antibody.pdb
Converting SMILES to graph: 455/500
4gxuA_antigen.pdb  7t77HL_antibody.pdb
Converting SMILES to graph: 456/500
4gxuA_antigen.pdb  4g7vHL_antibody.pdb
Converting SMILES to graph: 457/500
4gxuA_antigen.pdb  4m7lHL_antibody.pdb
Converting SMILES to graph: 458/500
4h0hD_antigen.pdb  7s6dEG_antibody.pdb
Converting SMILES to graph: 459/500
4h0hD_antigen.pdb  7f1gD_antibody.pdb
Converting SMILES to graph: 460/500
4h0hD_antigen.pdb  1za3HL_antibody.pdb
Converting SMILES to graph: 461/500
4h0hD_antigen.pdb  7ykjAD_antibody.pdb
Converting SMILES to graph: 462/500
4h0hD_antigen.pdb  4w2oA_antibody.pdb
Converting SMILES to graph: 463/500
4h0hD_antigen.pdb  7wt8HD_antibody.pdb
Converting SMILES to graph: 464/500
4h88A_antigen.pdb  7kxjHL_antibody.pdb
Converting SMILES to graph: 465/500
4h88A_antigen.pdb  7soaHL_antibody.pdb
Converting SMILES to graph: 466/500
4h88A_antigen.pdb  5u8qHL_antibody.pdb
Converting SMILES to graph: 467/500
4h88A_antigen.pdb  4yhzHL_antibody.pdb
Converting SMILES to graph: 468/500
4h88A_antigen.pdb  7nk8F_antibody.pdb
Converting SMILES to graph: 469/500
4h88A_antigen.pdb  6qv1E_antibody.pdb
Converting SMILES to graph: 470/500
4h8wG_antigen.pdb  1a2yBA_antibody.pdb
Converting SMILES to graph: 471/500
4h8wG_antigen.pdb  4f37HL_antibody.pdb
Converting SMILES to graph: 472/500
4h8wG_antigen.pdb  7r98E_antibody.pdb
Converting SMILES to graph: 473/500
4h8wG_antigen.pdb  8tpaHL_antibody.pdb
Converting SMILES to graph: 474/500
4h8wG_antigen.pdb  6mhgGS_antibody.pdb
Converting SMILES to graph: 475/500
4h8wG_antigen.pdb  6wztHL_antibody.pdb
Converting SMILES to graph: 476/500
4hc1B_antigen.pdb  6vx4HK_antibody.pdb
Converting SMILES to graph: 477/500
4hc1B_antigen.pdb  6y92CD_antibody.pdb
Converting SMILES to graph: 478/500
4hc1B_antigen.pdb  4wv1BA_antibody.pdb
Converting SMILES to graph: 479/500
4hc1B_antigen.pdb  7ej5JN_antibody.pdb
Converting SMILES to graph: 480/500
4hc1B_antigen.pdb  7lx5C_antibody.pdb
Converting SMILES to graph: 481/500
4hc1B_antigen.pdb  4g7yHL_antibody.pdb
Converting SMILES to graph: 482/500
4hcrB_antigen.pdb  6z7yBA_antibody.pdb
Converting SMILES to graph: 483/500
4hcrB_antigen.pdb  6m0fHL_antibody.pdb
Converting SMILES to graph: 484/500
4hcrB_antigen.pdb  4bz1HL_antibody.pdb
Converting SMILES to graph: 485/500
4hcrB_antigen.pdb  7zljHL_antibody.pdb
Converting SMILES to graph: 486/500
4hcrB_antigen.pdb  5c8jAB_antibody.pdb
Converting SMILES to graph: 487/500
4hcrB_antigen.pdb  6mqcAB_antibody.pdb
Converting SMILES to graph: 488/500
4hemC_antigen.pdb  6pe9HL_antibody.pdb
Converting SMILES to graph: 489/500
4hemC_antigen.pdb  8bw7B_antibody.pdb
Converting SMILES to graph: 490/500
4hemC_antigen.pdb  6phfAB_antibody.pdb
Converting SMILES to graph: 491/500
4hemC_antigen.pdb  8ucdHL_antibody.pdb
Converting SMILES to graph: 492/500
4hemC_antigen.pdb  7x29FG_antibody.pdb
Converting SMILES to graph: 493/500
4hemC_antigen.pdb  1kxtB_antibody.pdb
Converting SMILES to graph: 494/500
4hepA_antigen.pdb  8foiHL_antibody.pdb
Converting SMILES to graph: 495/500
4hepA_antigen.pdb  7vnbA_antibody.pdb
Converting SMILES to graph: 496/500
4hepA_antigen.pdb  7n8qHL_antibody.pdb
Converting SMILES to graph: 497/500
4hepA_antigen.pdb  8p8aDC_antibody.pdb
Converting SMILES to graph: 498/500
4hepA_antigen.pdb  6bzvCD_antibody.pdb
Converting SMILES to graph: 499/500
4hepA_antigen.pdb  7r8nMN_antibody.pdb
Converting SMILES to graph: 500/500
4hf5A_antigen.pdb  7mwwHL_antibody.pdb
Graph construction done. Saving to file.
