Converting SMILES to graph: 1/500
3so3A_antigen.pdb  4bz2HL_antibody.pdb
Converting SMILES to graph: 2/500
3sobB_antigen.pdb  5f1oB_antibody.pdb
Converting SMILES to graph: 3/500
3sobB_antigen.pdb  7mxlJK_antibody.pdb
Converting SMILES to graph: 4/500
3sobB_antigen.pdb  8piiA_antibody.pdb
Converting SMILES to graph: 5/500
3sobB_antigen.pdb  7mnoHL_antibody.pdb
Converting SMILES to graph: 6/500
3sobB_antigen.pdb  7eb2Nn_antibody.pdb
Converting SMILES to graph: 7/500
3sobB_antigen.pdb  8w83AB_antibody.pdb
Converting SMILES to graph: 8/500
3sqoA_antigen.pdb  8elpHL_antibody.pdb
Converting SMILES to graph: 9/500
3sqoA_antigen.pdb  8d0aHL_antibody.pdb
Converting SMILES to graph: 10/500
3sqoA_antigen.pdb  7czyHK_antibody.pdb
Converting SMILES to graph: 11/500
3sqoA_antigen.pdb  6veqIJ_antibody.pdb
Converting SMILES to graph: 12/500
3sqoA_antigen.pdb  6oorHL_antibody.pdb
Converting SMILES to graph: 13/500
3sqoA_antigen.pdb  4gajHL_antibody.pdb
Converting SMILES to graph: 14/500
3stbC_antigen.pdb  5eoqHL_antibody.pdb
Converting SMILES to graph: 15/500
3stbC_antigen.pdb  5ukbe_antibody.pdb
Converting SMILES to graph: 16/500
3stbC_antigen.pdb  7u8eHL_antibody.pdb
Converting SMILES to graph: 17/500
3stbC_antigen.pdb  8hitAB_antibody.pdb
Converting SMILES to graph: 18/500
3stbC_antigen.pdb  4i13B_antibody.pdb
Converting SMILES to graph: 19/500
3stbC_antigen.pdb  7t11Ss_antibody.pdb
Converting SMILES to graph: 20/500
3stlC_antigen.pdb  8gsfHL_antibody.pdb
Converting SMILES to graph: 21/500
3stlC_antigen.pdb  6xw5D_antibody.pdb
Converting SMILES to graph: 22/500
3stlC_antigen.pdb  2qqlHL_antibody.pdb
Converting SMILES to graph: 23/500
3stlC_antigen.pdb  8bbhHL_antibody.pdb
Converting SMILES to graph: 24/500
3stlC_antigen.pdb  5x2pJK_antibody.pdb
Converting SMILES to graph: 25/500
3stlC_antigen.pdb  7wvfCc_antibody.pdb
Converting SMILES to graph: 26/500
3stzC_antigen.pdb  7e9oHL_antibody.pdb
Converting SMILES to graph: 27/500
3stzC_antigen.pdb  4yr6AB_antibody.pdb
Converting SMILES to graph: 28/500
3stzC_antigen.pdb  6xblSs_antibody.pdb
Converting SMILES to graph: 29/500
3stzC_antigen.pdb  7yk7Ss_antibody.pdb
Converting SMILES to graph: 30/500
3stzC_antigen.pdb  1fdlHL_antibody.pdb
Converting SMILES to graph: 31/500
3stzC_antigen.pdb  7webGI_antibody.pdb
Converting SMILES to graph: 32/500
3t2nA_antigen.pdb  7xmzHL_antibody.pdb
Converting SMILES to graph: 33/500
3t2nA_antigen.pdb  6z1vB_antibody.pdb
Converting SMILES to graph: 34/500
3t2nA_antigen.pdb  6ss2HL_antibody.pdb
Converting SMILES to graph: 35/500
3t2nA_antigen.pdb  7cmkHL_antibody.pdb
Converting SMILES to graph: 36/500
3t2nA_antigen.pdb  7f6yHL_antibody.pdb
Converting SMILES to graph: 37/500
3t2nA_antigen.pdb  6vbgC_antibody.pdb
Converting SMILES to graph: 38/500
3t3mC_antigen.pdb  8hnlSs_antibody.pdb
Converting SMILES to graph: 39/500
3t3mC_antigen.pdb  7wu2N_antibody.pdb
Converting SMILES to graph: 40/500
3t3mC_antigen.pdb  5ucbHL_antibody.pdb
Converting SMILES to graph: 41/500
3t3mC_antigen.pdb  7kqhHL_antibody.pdb
Converting SMILES to graph: 42/500
3t3mC_antigen.pdb  1xgpBA_antibody.pdb
Converting SMILES to graph: 43/500
3t3pC_antigen.pdb  7wp1HL_antibody.pdb
Converting SMILES to graph: 44/500
3t3pC_antigen.pdb  7ej5JN_antibody.pdb
Converting SMILES to graph: 45/500
3t3pC_antigen.pdb  7rkfDd_antibody.pdb
Converting SMILES to graph: 46/500
3t3pC_antigen.pdb  7stsAB_antibody.pdb
Converting SMILES to graph: 47/500
3t3pC_antigen.pdb  6plhBA_antibody.pdb
Converting SMILES to graph: 48/500
3t3pC_antigen.pdb  1j1oHL_antibody.pdb
Converting SMILES to graph: 49/500
3thmF_antigen.pdb  6wo4HL_antibody.pdb
Converting SMILES to graph: 50/500
3thmF_antigen.pdb  5u4mB_antibody.pdb
Converting SMILES to graph: 51/500
3thmF_antigen.pdb  5vxmB_antibody.pdb
Converting SMILES to graph: 52/500
3thmF_antigen.pdb  2zpkIM_antibody.pdb
Converting SMILES to graph: 53/500
3thmF_antigen.pdb  8fgxBA_antibody.pdb
Converting SMILES to graph: 54/500
3tjeF_antigen.pdb  8h7zFI_antibody.pdb
Converting SMILES to graph: 55/500
3tjeF_antigen.pdb  6hjqKL_antibody.pdb
Converting SMILES to graph: 56/500
3tjeF_antigen.pdb  8cy9D_antibody.pdb
Converting SMILES to graph: 57/500
3tjeF_antigen.pdb  7wczab_antibody.pdb
Converting SMILES to graph: 58/500
3tjeF_antigen.pdb  7qcqA_antibody.pdb
Converting SMILES to graph: 59/500
3tjeF_antigen.pdb  4lsuHL_antibody.pdb
Converting SMILES to graph: 60/500
3tt1A_antigen.pdb  5w9hHI_antibody.pdb
Converting SMILES to graph: 61/500
3tt1A_antigen.pdb  7e32Ee_antibody.pdb
Converting SMILES to graph: 62/500
3tt1A_antigen.pdb  7d6iBC_antibody.pdb
Converting SMILES to graph: 63/500
3tt1A_antigen.pdb  6ni2HL_antibody.pdb
Converting SMILES to graph: 64/500
3tt1A_antigen.pdb  7tcnCD_antibody.pdb
Converting SMILES to graph: 65/500
3tt1A_antigen.pdb  8ghvSs_antibody.pdb
Converting SMILES to graph: 66/500
3tt3A_antigen.pdb  7kyoHL_antibody.pdb
Converting SMILES to graph: 67/500
3tt3A_antigen.pdb  5f7mC_antibody.pdb
Converting SMILES to graph: 68/500
3tt3A_antigen.pdb  6mw9OP_antibody.pdb
Converting SMILES to graph: 69/500
3tt3A_antigen.pdb  7xicKL_antibody.pdb
Converting SMILES to graph: 70/500
3tt3A_antigen.pdb  7kexGJ_antibody.pdb
Converting SMILES to graph: 71/500
3tt3A_antigen.pdb  4yueHL_antibody.pdb
Converting SMILES to graph: 72/500
3tygA_antigen.pdb  8hqmHh_antibody.pdb
Converting SMILES to graph: 73/500
3tygA_antigen.pdb  6ur5AB_antibody.pdb
Converting SMILES to graph: 74/500
3tygA_antigen.pdb  2w65CD_antibody.pdb
Converting SMILES to graph: 75/500
3tygA_antigen.pdb  7mnoHL_antibody.pdb
Converting SMILES to graph: 76/500
3tygA_antigen.pdb  7jw0DC_antibody.pdb
Converting SMILES to graph: 77/500
3tygA_antigen.pdb  8trsAG_antibody.pdb
Converting SMILES to graph: 78/500
3u0tE_antigen.pdb  3j8zIM_antibody.pdb
Converting SMILES to graph: 79/500
3u0tE_antigen.pdb  7lr4AB_antibody.pdb
Converting SMILES to graph: 80/500
3u0tE_antigen.pdb  3jcbCB_antibody.pdb
Converting SMILES to graph: 81/500
3u0tE_antigen.pdb  5a2lHh_antibody.pdb
Converting SMILES to graph: 82/500
3u0tE_antigen.pdb  7wy8D_antibody.pdb
Converting SMILES to graph: 83/500
3u0tE_antigen.pdb  6w00HL_antibody.pdb
Converting SMILES to graph: 84/500
3u2sG_antigen.pdb  7yixCc_antibody.pdb
Converting SMILES to graph: 85/500
3u2sG_antigen.pdb  7li6BC_antibody.pdb
Converting SMILES to graph: 86/500
3u2sG_antigen.pdb  4xmnHL_antibody.pdb
Converting SMILES to graph: 87/500
3u2sG_antigen.pdb  5f6jHF_antibody.pdb
Converting SMILES to graph: 88/500
3u2sG_antigen.pdb  4tsbHL_antibody.pdb
Converting SMILES to graph: 89/500
3u30D_antigen.pdb  7czpJN_antibody.pdb
Converting SMILES to graph: 90/500
3u30D_antigen.pdb  6pcuIH_antibody.pdb
Converting SMILES to graph: 91/500
3u30D_antigen.pdb  6qgyB_antibody.pdb
Converting SMILES to graph: 92/500
3u30D_antigen.pdb  7ew1Ee_antibody.pdb
Converting SMILES to graph: 93/500
3u30D_antigen.pdb  1kc5HL_antibody.pdb
Converting SMILES to graph: 94/500
3u30D_antigen.pdb  8ibuEe_antibody.pdb
Converting SMILES to graph: 95/500
3u4eG_antigen.pdb  8ee1BC_antibody.pdb
Converting SMILES to graph: 96/500
3u4eG_antigen.pdb  5ocxHL_antibody.pdb
Converting SMILES to graph: 97/500
3u4eG_antigen.pdb  6zbpF_antibody.pdb
Converting SMILES to graph: 98/500
3u4eG_antigen.pdb  8e8sHL_antibody.pdb
Converting SMILES to graph: 99/500
3u4eG_antigen.pdb  6ck9HL_antibody.pdb
Converting SMILES to graph: 100/500
3u7yG_antigen.pdb  7xrpB_antibody.pdb
Converting SMILES to graph: 101/500
3u7yG_antigen.pdb  5m15C_antibody.pdb
Converting SMILES to graph: 102/500
3u7yG_antigen.pdb  8dwgEe_antibody.pdb
Converting SMILES to graph: 103/500
3u7yG_antigen.pdb  6mlkHL_antibody.pdb
Converting SMILES to graph: 104/500
3u7yG_antigen.pdb  6ml8HL_antibody.pdb
Converting SMILES to graph: 105/500
3u7yG_antigen.pdb  4cniHL_antibody.pdb
Converting SMILES to graph: 106/500
3u9pD_antigen.pdb  5mhsED_antibody.pdb
Converting SMILES to graph: 107/500
3u9pD_antigen.pdb  8j1qBA_antibody.pdb
Converting SMILES to graph: 108/500
3u9pD_antigen.pdb  6pv8HI_antibody.pdb
Converting SMILES to graph: 109/500
3u9pD_antigen.pdb  6oe5HL_antibody.pdb
Converting SMILES to graph: 110/500
3u9pD_antigen.pdb  5vxjD_antibody.pdb
Converting SMILES to graph: 111/500
3u9pD_antigen.pdb  3mugFE_antibody.pdb
Converting SMILES to graph: 112/500
3u9uF_antigen.pdb  7a69CB_antibody.pdb
Converting SMILES to graph: 113/500
3u9uF_antigen.pdb  7jieCD_antibody.pdb
Converting SMILES to graph: 114/500
3u9uF_antigen.pdb  6txzJN_antibody.pdb
Converting SMILES to graph: 115/500
3u9uF_antigen.pdb  3se8HL_antibody.pdb
Converting SMILES to graph: 116/500
3u9uF_antigen.pdb  8ia7Ee_antibody.pdb
Converting SMILES to graph: 117/500
3u9uF_antigen.pdb  8fb7AB_antibody.pdb
Converting SMILES to graph: 118/500
3uajB_antigen.pdb  7tzfN_antibody.pdb
Converting SMILES to graph: 119/500
3uajB_antigen.pdb  5usfD_antibody.pdb
Converting SMILES to graph: 120/500
3uajB_antigen.pdb  3idxHL_antibody.pdb
Converting SMILES to graph: 121/500
3uajB_antigen.pdb  7lcnBD_antibody.pdb
Converting SMILES to graph: 122/500
3uajB_antigen.pdb  5whkHL_antibody.pdb
Converting SMILES to graph: 123/500
3uajB_antigen.pdb  6okpQR_antibody.pdb
Converting SMILES to graph: 124/500
3ubxA_antigen.pdb  6ey6K_antibody.pdb
Converting SMILES to graph: 125/500
3ubxA_antigen.pdb  8be1AB_antibody.pdb
Converting SMILES to graph: 126/500
3ubxA_antigen.pdb  7vadHL_antibody.pdb
Converting SMILES to graph: 127/500
3ubxA_antigen.pdb  6cxyHL_antibody.pdb
Converting SMILES to graph: 128/500
3ubxA_antigen.pdb  3t2nHL_antibody.pdb
Converting SMILES to graph: 129/500
3ubxA_antigen.pdb  7ssvHL_antibody.pdb
Converting SMILES to graph: 130/500
3uc0B_antigen.pdb  8dlsHL_antibody.pdb
Converting SMILES to graph: 131/500
3uc0B_antigen.pdb  7vgzFf_antibody.pdb
Converting SMILES to graph: 132/500
3uc0B_antigen.pdb  7kklE_antibody.pdb
Converting SMILES to graph: 133/500
3uc0B_antigen.pdb  2x6mA_antibody.pdb
Converting SMILES to graph: 134/500
3uc0B_antigen.pdb  7ej5JN_antibody.pdb
Converting SMILES to graph: 135/500
3uc0B_antigen.pdb  5cwsHG_antibody.pdb
Converting SMILES to graph: 136/500
3ujiP_antigen.pdb  2htlCD_antibody.pdb
Converting SMILES to graph: 137/500
3ujiP_antigen.pdb  6wo3HL_antibody.pdb
Converting SMILES to graph: 138/500
3ujiP_antigen.pdb  3mlsJN_antibody.pdb
Converting SMILES to graph: 139/500
3ujiP_antigen.pdb  5ktz7_antibody.pdb
Converting SMILES to graph: 140/500
3ujiP_antigen.pdb  7b27C_antibody.pdb
Converting SMILES to graph: 141/500
3ujiP_antigen.pdb  7x8zHL_antibody.pdb
Converting SMILES to graph: 142/500
3ujjP_antigen.pdb  7m42DC_antibody.pdb
Converting SMILES to graph: 143/500
3ujjP_antigen.pdb  6vo0HL_antibody.pdb
Converting SMILES to graph: 144/500
3ujjP_antigen.pdb  8jtdJN_antibody.pdb
Converting SMILES to graph: 145/500
3ujjP_antigen.pdb  5czxHL_antibody.pdb
Converting SMILES to graph: 146/500
3ujjP_antigen.pdb  6nc3HL_antibody.pdb
Converting SMILES to graph: 147/500
3ujjP_antigen.pdb  8hj2N_antibody.pdb
Converting SMILES to graph: 148/500
3uluA_antigen.pdb  2vyrE_antibody.pdb
Converting SMILES to graph: 149/500
3uluA_antigen.pdb  7kn3MN_antibody.pdb
Converting SMILES to graph: 150/500
3uluA_antigen.pdb  5f3jDd_antibody.pdb
Converting SMILES to graph: 151/500
3uluA_antigen.pdb  7sk4DC_antibody.pdb
Converting SMILES to graph: 152/500
3uluA_antigen.pdb  7xw9Ss_antibody.pdb
Converting SMILES to graph: 153/500
3uluA_antigen.pdb  8f7rEe_antibody.pdb
Converting SMILES to graph: 154/500
3ulvA_antigen.pdb  5mykBA_antibody.pdb
Converting SMILES to graph: 155/500
3ulvA_antigen.pdb  7r8lHL_antibody.pdb
Converting SMILES to graph: 156/500
3ulvA_antigen.pdb  8dxtHL_antibody.pdb
Converting SMILES to graph: 157/500
3ulvA_antigen.pdb  8id3Ss_antibody.pdb
Converting SMILES to graph: 158/500
3ulvA_antigen.pdb  5i6zBC_antibody.pdb
Converting SMILES to graph: 159/500
3ulvA_antigen.pdb  5vxjD_antibody.pdb
Converting SMILES to graph: 160/500
3uo1P_antigen.pdb  8jspEe_antibody.pdb
Converting SMILES to graph: 161/500
3uo1P_antigen.pdb  7e8fCB_antibody.pdb
Converting SMILES to graph: 162/500
3uo1P_antigen.pdb  7y67Ss_antibody.pdb
Converting SMILES to graph: 163/500
3uo1P_antigen.pdb  6eqcFf_antibody.pdb
Converting SMILES to graph: 164/500
3uo1P_antigen.pdb  3go1HL_antibody.pdb
Converting SMILES to graph: 165/500
3ux9A_antigen.pdb  7q3qB_antibody.pdb
Converting SMILES to graph: 166/500
3ux9A_antigen.pdb  7tctEF_antibody.pdb
Converting SMILES to graph: 167/500
3ux9A_antigen.pdb  1vfbBA_antibody.pdb
Converting SMILES to graph: 168/500
3ux9A_antigen.pdb  5jz7HL_antibody.pdb
Converting SMILES to graph: 169/500
3ux9A_antigen.pdb  2dqhHL_antibody.pdb
Converting SMILES to graph: 170/500
3ux9A_antigen.pdb  5t6pDC_antibody.pdb
Converting SMILES to graph: 171/500
3uypB_antigen.pdb  7rtaHL_antibody.pdb
Converting SMILES to graph: 172/500
3uypB_antigen.pdb  2bobAB_antibody.pdb
Converting SMILES to graph: 173/500
3uypB_antigen.pdb  7dnlHL_antibody.pdb
Converting SMILES to graph: 174/500
3uypB_antigen.pdb  7ce2ZB_antibody.pdb
Converting SMILES to graph: 175/500
3uypB_antigen.pdb  7dgeC_antibody.pdb
Converting SMILES to graph: 176/500
3uypB_antigen.pdb  8e9xEe_antibody.pdb
Converting SMILES to graph: 177/500
3uyrP_antigen.pdb  8g3mEF_antibody.pdb
Converting SMILES to graph: 178/500
3uyrP_antigen.pdb  7k4nCD_antibody.pdb
Converting SMILES to graph: 179/500
3uyrP_antigen.pdb  7yruHL_antibody.pdb
Converting SMILES to graph: 180/500
3uyrP_antigen.pdb  7f3qHL_antibody.pdb
Converting SMILES to graph: 181/500
3uyrP_antigen.pdb  7fciHL_antibody.pdb
Converting SMILES to graph: 182/500
3uyrP_antigen.pdb  7tn9AB_antibody.pdb
Converting SMILES to graph: 183/500
3uzeC_antigen.pdb  7t0rHL_antibody.pdb
Converting SMILES to graph: 184/500
3uzeC_antigen.pdb  7kc9F_antibody.pdb
Converting SMILES to graph: 185/500
3uzeC_antigen.pdb  7kqkHL_antibody.pdb
Converting SMILES to graph: 186/500
3uzeC_antigen.pdb  8gv5CD_antibody.pdb
Converting SMILES to graph: 187/500
3uzeC_antigen.pdb  6vryHL_antibody.pdb
Converting SMILES to graph: 188/500
3uzeC_antigen.pdb  7txwHL_antibody.pdb
Converting SMILES to graph: 189/500
3uzqB_antigen.pdb  5vjqCD_antibody.pdb
Converting SMILES to graph: 190/500
3uzqB_antigen.pdb  4hpoHL_antibody.pdb
Converting SMILES to graph: 191/500
3uzqB_antigen.pdb  4ydlBC_antibody.pdb
Converting SMILES to graph: 192/500
3uzqB_antigen.pdb  8cybD_antibody.pdb
Converting SMILES to graph: 193/500
3uzqB_antigen.pdb  3gbnHL_antibody.pdb
Converting SMILES to graph: 194/500
3uzqB_antigen.pdb  7urdHL_antibody.pdb
Converting SMILES to graph: 195/500
3uzvA_antigen.pdb  3ri5IO_antibody.pdb
Converting SMILES to graph: 196/500
3uzvA_antigen.pdb  6vc9HL_antibody.pdb
Converting SMILES to graph: 197/500
3uzvA_antigen.pdb  4xx1HL_antibody.pdb
Converting SMILES to graph: 198/500
3uzvA_antigen.pdb  7e5sUQ_antibody.pdb
Converting SMILES to graph: 199/500
3uzvA_antigen.pdb  7teqHL_antibody.pdb
Converting SMILES to graph: 200/500
3uzvA_antigen.pdb  4pgjA_antibody.pdb
Converting SMILES to graph: 201/500
3v0aA_antigen.pdb  7p16B_antibody.pdb
Converting SMILES to graph: 202/500
3v0aA_antigen.pdb  7cw3qr_antibody.pdb
Converting SMILES to graph: 203/500
3v0aA_antigen.pdb  1orqBA_antibody.pdb
Converting SMILES to graph: 204/500
3v0aA_antigen.pdb  7cfnN_antibody.pdb
Converting SMILES to graph: 205/500
3v0aA_antigen.pdb  4tulHL_antibody.pdb
Converting SMILES to graph: 206/500
3v0aA_antigen.pdb  6iw0HL_antibody.pdb
Converting SMILES to graph: 207/500
3v4pBA_antigen.pdb  8h2gEe_antibody.pdb
Converting SMILES to graph: 208/500
3v4pBA_antigen.pdb  7lexRP_antibody.pdb
Converting SMILES to graph: 209/500
3v4pBA_antigen.pdb  7bz2N_antibody.pdb
Converting SMILES to graph: 210/500
3v4pBA_antigen.pdb  6u0lIJ_antibody.pdb
Converting SMILES to graph: 211/500
3v4pBA_antigen.pdb  6p60AB_antibody.pdb
Converting SMILES to graph: 212/500
3v4pBA_antigen.pdb  5vakB_antibody.pdb
Converting SMILES to graph: 213/500
3v4uP_antigen.pdb  7qnwAB_antibody.pdb
Converting SMILES to graph: 214/500
3v4uP_antigen.pdb  5vebHL_antibody.pdb
Converting SMILES to graph: 215/500
3v4uP_antigen.pdb  5vk2DE_antibody.pdb
Converting SMILES to graph: 216/500
3v4uP_antigen.pdb  5w08KL_antibody.pdb
Converting SMILES to graph: 217/500
3v4uP_antigen.pdb  8im0B_antibody.pdb
Converting SMILES to graph: 218/500
3v4vBA_antigen.pdb  6bt3BA_antibody.pdb
Converting SMILES to graph: 219/500
3v4vBA_antigen.pdb  4uv7HL_antibody.pdb
Converting SMILES to graph: 220/500
3v4vBA_antigen.pdb  3u30FE_antibody.pdb
Converting SMILES to graph: 221/500
3v4vBA_antigen.pdb  7ljcN_antibody.pdb
Converting SMILES to graph: 222/500
3v4vBA_antigen.pdb  4ffvHL_antibody.pdb
Converting SMILES to graph: 223/500
3v4vBA_antigen.pdb  8defST_antibody.pdb
Converting SMILES to graph: 224/500
3v52P_antigen.pdb  2wzpJ_antibody.pdb
Converting SMILES to graph: 225/500
3v52P_antigen.pdb  7ejyHL_antibody.pdb
Converting SMILES to graph: 226/500
3v52P_antigen.pdb  3opzIM_antibody.pdb
Converting SMILES to graph: 227/500
3v52P_antigen.pdb  7e32Ee_antibody.pdb
Converting SMILES to graph: 228/500
3v52P_antigen.pdb  6ii4HL_antibody.pdb
Converting SMILES to graph: 229/500
3v52P_antigen.pdb  7a6cCB_antibody.pdb
Converting SMILES to graph: 230/500
3v6oA_antigen.pdb  8gptDE_antibody.pdb
Converting SMILES to graph: 231/500
3v6oA_antigen.pdb  7teqHL_antibody.pdb
Converting SMILES to graph: 232/500
3v6oA_antigen.pdb  2htlCD_antibody.pdb
Converting SMILES to graph: 233/500
3v6oA_antigen.pdb  8bb7D_antibody.pdb
Converting SMILES to graph: 234/500
3v6oA_antigen.pdb  8g8wB_antibody.pdb
Converting SMILES to graph: 235/500
3v6oA_antigen.pdb  5m15C_antibody.pdb
Converting SMILES to graph: 236/500
3v6zE_antigen.pdb  2p49B_antibody.pdb
Converting SMILES to graph: 237/500
3v6zE_antigen.pdb  8e9xEe_antibody.pdb
Converting SMILES to graph: 238/500
3v6zE_antigen.pdb  8crbAB_antibody.pdb
Converting SMILES to graph: 239/500
3v6zE_antigen.pdb  8dzvAa_antibody.pdb
Converting SMILES to graph: 240/500
3v6zE_antigen.pdb  7ekbHL_antibody.pdb
Converting SMILES to graph: 241/500
3v6zE_antigen.pdb  5tudFE_antibody.pdb
Converting SMILES to graph: 242/500
3v7aA_antigen.pdb  7mnoHL_antibody.pdb
Converting SMILES to graph: 243/500
3v7aA_antigen.pdb  7qvkB_antibody.pdb
Converting SMILES to graph: 244/500
3v7aA_antigen.pdb  8afhD_antibody.pdb
Converting SMILES to graph: 245/500
3v7aA_antigen.pdb  6ysqD_antibody.pdb
Converting SMILES to graph: 246/500
3v7aA_antigen.pdb  8ivwBC_antibody.pdb
Converting SMILES to graph: 247/500
3v7aA_antigen.pdb  8h7lDG_antibody.pdb
Converting SMILES to graph: 248/500
3ve0JJI_antigen.pdb  7yxuHL_antibody.pdb
Converting SMILES to graph: 249/500
3ve0JJI_antigen.pdb  7yu3Ss_antibody.pdb
Converting SMILES to graph: 250/500
3ve0JJI_antigen.pdb  4krlB_antibody.pdb
Converting SMILES to graph: 251/500
3ve0JJI_antigen.pdb  5hhxHL_antibody.pdb
Converting SMILES to graph: 252/500
3ve0JJI_antigen.pdb  6x19N_antibody.pdb
Converting SMILES to graph: 253/500
3ve0JJI_antigen.pdb  7fglHL_antibody.pdb
Converting SMILES to graph: 254/500
3vg9A_antigen.pdb  7e5sUQ_antibody.pdb
Converting SMILES to graph: 255/500
3vg9A_antigen.pdb  7vvkN_antibody.pdb
Converting SMILES to graph: 256/500
3vg9A_antigen.pdb  7f9yN_antibody.pdb
Converting SMILES to graph: 257/500
3vg9A_antigen.pdb  7a3pHL_antibody.pdb
Converting SMILES to graph: 258/500
3vg9A_antigen.pdb  4u1gEF_antibody.pdb
Converting SMILES to graph: 259/500
3vg9A_antigen.pdb  4z9kB_antibody.pdb
Converting SMILES to graph: 260/500
3vgaA_antigen.pdb  7lg6JM_antibody.pdb
Converting SMILES to graph: 261/500
3vgaA_antigen.pdb  6h7oD_antibody.pdb
Converting SMILES to graph: 262/500
3vgaA_antigen.pdb  4qciHL_antibody.pdb
Converting SMILES to graph: 263/500
3vgaA_antigen.pdb  5ec2AB_antibody.pdb
Converting SMILES to graph: 264/500
3vgaA_antigen.pdb  5y9fPO_antibody.pdb
Converting SMILES to graph: 265/500
3vi3B_antigen.pdb  3ab0BC_antibody.pdb
Converting SMILES to graph: 266/500
3vi3B_antigen.pdb  6hcoDC_antibody.pdb
Converting SMILES to graph: 267/500
3vi3B_antigen.pdb  7kf0AB_antibody.pdb
Converting SMILES to graph: 268/500
3vi3B_antigen.pdb  7ykdSs_antibody.pdb
Converting SMILES to graph: 269/500
3vi3B_antigen.pdb  5e7fB_antibody.pdb
Converting SMILES to graph: 270/500
3vi3B_antigen.pdb  7tyvHL_antibody.pdb
Converting SMILES to graph: 271/500
3vi4D_antigen.pdb  7zmmG_antibody.pdb
Converting SMILES to graph: 272/500
3vi4D_antigen.pdb  8jljSs_antibody.pdb
Converting SMILES to graph: 273/500
3vi4D_antigen.pdb  4lkxAB_antibody.pdb
Converting SMILES to graph: 274/500
3vi4D_antigen.pdb  6aq7HL_antibody.pdb
Converting SMILES to graph: 275/500
3vi4D_antigen.pdb  4ydlBC_antibody.pdb
Converting SMILES to graph: 276/500
3vi4D_antigen.pdb  7ufhEF_antibody.pdb
Converting SMILES to graph: 277/500
3vrlC_antigen.pdb  7o31HL_antibody.pdb
Converting SMILES to graph: 278/500
3vrlC_antigen.pdb  8jsoSs_antibody.pdb
Converting SMILES to graph: 279/500
3vrlC_antigen.pdb  7shzEF_antibody.pdb
Converting SMILES to graph: 280/500
3vrlC_antigen.pdb  8e99E_antibody.pdb
Converting SMILES to graph: 281/500
3vrlC_antigen.pdb  4nztHL_antibody.pdb
Converting SMILES to graph: 282/500
3vrlC_antigen.pdb  2x89A_antibody.pdb
Converting SMILES to graph: 283/500
3w11E_antigen.pdb  8c3lB_antibody.pdb
Converting SMILES to graph: 284/500
3w11E_antigen.pdb  1ai1HL_antibody.pdb
Converting SMILES to graph: 285/500
3w11E_antigen.pdb  6r0xCD_antibody.pdb
Converting SMILES to graph: 286/500
3w11E_antigen.pdb  8b1jB_antibody.pdb
Converting SMILES to graph: 287/500
3w11E_antigen.pdb  7k8wNS_antibody.pdb
Converting SMILES to graph: 288/500
3w11E_antigen.pdb  1uz8BA_antibody.pdb
Converting SMILES to graph: 289/500
3w12E_antigen.pdb  7wb5HL_antibody.pdb
Converting SMILES to graph: 290/500
3w12E_antigen.pdb  8iw4Ss_antibody.pdb
Converting SMILES to graph: 291/500
3w12E_antigen.pdb  3v4uHL_antibody.pdb
Converting SMILES to graph: 292/500
3w12E_antigen.pdb  6xcnHL_antibody.pdb
Converting SMILES to graph: 293/500
3w12E_antigen.pdb  6xc4HL_antibody.pdb
Converting SMILES to graph: 294/500
3w12E_antigen.pdb  3qg6BA_antibody.pdb
Converting SMILES to graph: 295/500
3w13E_antigen.pdb  8evgMm_antibody.pdb
Converting SMILES to graph: 296/500
3w13E_antigen.pdb  7td8EF_antibody.pdb
Converting SMILES to graph: 297/500
3w13E_antigen.pdb  3fb8AB_antibody.pdb
Converting SMILES to graph: 298/500
3w13E_antigen.pdb  7tn0MN_antibody.pdb
Converting SMILES to graph: 299/500
3w13E_antigen.pdb  2i5yRQ_antibody.pdb
Converting SMILES to graph: 300/500
3w13E_antigen.pdb  8x0tHL_antibody.pdb
Converting SMILES to graph: 301/500
3w14E_antigen.pdb  4kxzQP_antibody.pdb
Converting SMILES to graph: 302/500
3w14E_antigen.pdb  6w1cJN_antibody.pdb
Converting SMILES to graph: 303/500
3w14E_antigen.pdb  6li3N_antibody.pdb
Converting SMILES to graph: 304/500
3w14E_antigen.pdb  5vocHL_antibody.pdb
Converting SMILES to graph: 305/500
3w14E_antigen.pdb  6mhgGS_antibody.pdb
Converting SMILES to graph: 306/500
3w2dA_antigen.pdb  7txwHL_antibody.pdb
Converting SMILES to graph: 307/500
3w2dA_antigen.pdb  3s36HL_antibody.pdb
Converting SMILES to graph: 308/500
3w2dA_antigen.pdb  1sm3HL_antibody.pdb
Converting SMILES to graph: 309/500
3w2dA_antigen.pdb  8gp3HL_antibody.pdb
Converting SMILES to graph: 310/500
3w2dA_antigen.pdb  6os9Dd_antibody.pdb
Converting SMILES to graph: 311/500
3w9eC_antigen.pdb  7mxlJK_antibody.pdb
Converting SMILES to graph: 312/500
3w9eC_antigen.pdb  8sb2CD_antibody.pdb
Converting SMILES to graph: 313/500
3w9eC_antigen.pdb  5m95B_antibody.pdb
Converting SMILES to graph: 314/500
3w9eC_antigen.pdb  5epmAB_antibody.pdb
Converting SMILES to graph: 315/500
3w9eC_antigen.pdb  3idmBA_antibody.pdb
Converting SMILES to graph: 316/500
3w9eC_antigen.pdb  6ch9QR_antibody.pdb
Converting SMILES to graph: 317/500
3wd5A_antigen.pdb  5xxyHL_antibody.pdb
Converting SMILES to graph: 318/500
3wd5A_antigen.pdb  4w6wB_antibody.pdb
Converting SMILES to graph: 319/500
3wd5A_antigen.pdb  3bszNM_antibody.pdb
Converting SMILES to graph: 320/500
3wd5A_antigen.pdb  7fatB_antibody.pdb
Converting SMILES to graph: 321/500
3wd5A_antigen.pdb  6umgHL_antibody.pdb
Converting SMILES to graph: 322/500
3wd5A_antigen.pdb  7jtiHL_antibody.pdb
Converting SMILES to graph: 323/500
3wfbBC_antigen.pdb  7m7bHL_antibody.pdb
Converting SMILES to graph: 324/500
3wfbBC_antigen.pdb  7x2gHL_antibody.pdb
Converting SMILES to graph: 325/500
3wfbBC_antigen.pdb  7rkxDd_antibody.pdb
Converting SMILES to graph: 326/500
3wfbBC_antigen.pdb  4fhbD_antibody.pdb
Converting SMILES to graph: 327/500
3wfbBC_antigen.pdb  2j5lCB_antibody.pdb
Converting SMILES to graph: 328/500
3wfbBC_antigen.pdb  8iysEe_antibody.pdb
Converting SMILES to graph: 329/500
3wfcBC_antigen.pdb  7mubAB_antibody.pdb
Converting SMILES to graph: 330/500
3wfcBC_antigen.pdb  6jhqDE_antibody.pdb
Converting SMILES to graph: 331/500
3wfcBC_antigen.pdb  7k66BC_antibody.pdb
Converting SMILES to graph: 332/500
3wfcBC_antigen.pdb  7lllN_antibody.pdb
Converting SMILES to graph: 333/500
3wfcBC_antigen.pdb  2p8pBA_antibody.pdb
Converting SMILES to graph: 334/500
3wfcBC_antigen.pdb  2h32HA_antibody.pdb
Converting SMILES to graph: 335/500
3wfdBC_antigen.pdb  7vgrDC_antibody.pdb
Converting SMILES to graph: 336/500
3wfdBC_antigen.pdb  3ifoHL_antibody.pdb
Converting SMILES to graph: 337/500
3wfdBC_antigen.pdb  1ztxHL_antibody.pdb
Converting SMILES to graph: 338/500
3wfdBC_antigen.pdb  6n4rLK_antibody.pdb
Converting SMILES to graph: 339/500
3wfdBC_antigen.pdb  4pp2BA_antibody.pdb
Converting SMILES to graph: 340/500
3wfeBC_antigen.pdb  3rajHL_antibody.pdb
Converting SMILES to graph: 341/500
3wfeBC_antigen.pdb  6z3qHL_antibody.pdb
Converting SMILES to graph: 342/500
3wfeBC_antigen.pdb  6a79HL_antibody.pdb
Converting SMILES to graph: 343/500
3wfeBC_antigen.pdb  6vcbN_antibody.pdb
Converting SMILES to graph: 344/500
3wfeBC_antigen.pdb  4y8dC_antibody.pdb
Converting SMILES to graph: 345/500
3wfeBC_antigen.pdb  4uihFG_antibody.pdb
Converting SMILES to graph: 346/500
3wheB_antigen.pdb  6kvahl_antibody.pdb
Converting SMILES to graph: 347/500
3wheB_antigen.pdb  7xrpB_antibody.pdb
Converting SMILES to graph: 348/500
3wheB_antigen.pdb  7l3nDE_antibody.pdb
Converting SMILES to graph: 349/500
3wheB_antigen.pdb  7xkdN_antibody.pdb
Converting SMILES to graph: 350/500
3wheB_antigen.pdb  8si9JI_antibody.pdb
Converting SMILES to graph: 351/500
3wheB_antigen.pdb  7m30FG_antibody.pdb
Converting SMILES to graph: 352/500
3wihA_antigen.pdb  7s1mN_antibody.pdb
Converting SMILES to graph: 353/500
3wihA_antigen.pdb  6c08DE_antibody.pdb
Converting SMILES to graph: 354/500
3wihA_antigen.pdb  6x3uJI_antibody.pdb
Converting SMILES to graph: 355/500
3wihA_antigen.pdb  7yxuHL_antibody.pdb
Converting SMILES to graph: 356/500
3wihA_antigen.pdb  8dcrN_antibody.pdb
Converting SMILES to graph: 357/500
3wihA_antigen.pdb  5vxjD_antibody.pdb
Converting SMILES to graph: 358/500
3wkmA_antigen.pdb  6b9zBA_antibody.pdb
Converting SMILES to graph: 359/500
3wkmA_antigen.pdb  7kgvCE_antibody.pdb
Converting SMILES to graph: 360/500
3wkmA_antigen.pdb  7jvcHL_antibody.pdb
Converting SMILES to graph: 361/500
3wkmA_antigen.pdb  7t94Ee_antibody.pdb
Converting SMILES to graph: 362/500
3wkmA_antigen.pdb  1ktrHL_antibody.pdb
Converting SMILES to graph: 363/500
3wkmA_antigen.pdb  6kpfSs_antibody.pdb
Converting SMILES to graph: 364/500
3wlwA_antigen.pdb  5ig7GH_antibody.pdb
Converting SMILES to graph: 365/500
3wlwA_antigen.pdb  5gs0DC_antibody.pdb
Converting SMILES to graph: 366/500
3wlwA_antigen.pdb  6tejC_antibody.pdb
Converting SMILES to graph: 367/500
3wlwA_antigen.pdb  6z10B_antibody.pdb
Converting SMILES to graph: 368/500
3wlwA_antigen.pdb  5sv3C_antibody.pdb
Converting SMILES to graph: 369/500
3wlwA_antigen.pdb  8et0C_antibody.pdb
Converting SMILES to graph: 370/500
3wsqA_antigen.pdb  6xoxEe_antibody.pdb
Converting SMILES to graph: 371/500
3wsqA_antigen.pdb  6ldyAB_antibody.pdb
Converting SMILES to graph: 372/500
3wsqA_antigen.pdb  6oroDE_antibody.pdb
Converting SMILES to graph: 373/500
3wsqA_antigen.pdb  8hixN_antibody.pdb
Converting SMILES to graph: 374/500
3wsqA_antigen.pdb  7tz5HN_antibody.pdb
Converting SMILES to graph: 375/500
3wsqA_antigen.pdb  1c08BA_antibody.pdb
Converting SMILES to graph: 376/500
3wxvA_antigen.pdb  5t78DC_antibody.pdb
Converting SMILES to graph: 377/500
3wxvA_antigen.pdb  5w1kLK_antibody.pdb
Converting SMILES to graph: 378/500
3wxvA_antigen.pdb  7d00JN_antibody.pdb
Converting SMILES to graph: 379/500
3wxvA_antigen.pdb  7klhHL_antibody.pdb
Converting SMILES to graph: 380/500
3wxvA_antigen.pdb  5ushDE_antibody.pdb
Converting SMILES to graph: 381/500
3wxvA_antigen.pdb  6bkdHL_antibody.pdb
Converting SMILES to graph: 382/500
3wxwA_antigen.pdb  5f1oB_antibody.pdb
Converting SMILES to graph: 383/500
3wxwA_antigen.pdb  5drzHL_antibody.pdb
Converting SMILES to graph: 384/500
3wxwA_antigen.pdb  3j8ddD_antibody.pdb
Converting SMILES to graph: 385/500
3wxwA_antigen.pdb  6jjpDE_antibody.pdb
Converting SMILES to graph: 386/500
3wxwA_antigen.pdb  6qv0F_antibody.pdb
Converting SMILES to graph: 387/500
3wxwA_antigen.pdb  7sqpB_antibody.pdb
Converting SMILES to graph: 388/500
3x3fA_antigen.pdb  4mqtB_antibody.pdb
Converting SMILES to graph: 389/500
3x3fA_antigen.pdb  7raqHL_antibody.pdb
Converting SMILES to graph: 390/500
3x3fA_antigen.pdb  7ksgD_antibody.pdb
Converting SMILES to graph: 391/500
3x3fA_antigen.pdb  7belCD_antibody.pdb
Converting SMILES to graph: 392/500
3x3fA_antigen.pdb  5m14C_antibody.pdb
Converting SMILES to graph: 393/500
3x3fA_antigen.pdb  7urxHL_antibody.pdb
Converting SMILES to graph: 394/500
3zdxAD_antigen.pdb  7k8uHL_antibody.pdb
Converting SMILES to graph: 395/500
3zdxAD_antigen.pdb  7ureHL_antibody.pdb
Converting SMILES to graph: 396/500
3zdxAD_antigen.pdb  7cebCD_antibody.pdb
Converting SMILES to graph: 397/500
3zdxAD_antigen.pdb  6vy5HL_antibody.pdb
Converting SMILES to graph: 398/500
3zdxAD_antigen.pdb  3ietDC_antibody.pdb
Converting SMILES to graph: 399/500
3zdyAD_antigen.pdb  6ncpCD_antibody.pdb
Converting SMILES to graph: 400/500
3zdyAD_antigen.pdb  3uyrHL_antibody.pdb
Converting SMILES to graph: 401/500
3zdyAD_antigen.pdb  6bfsHL_antibody.pdb
Converting SMILES to graph: 402/500
3zdyAD_antigen.pdb  7skzHL_antibody.pdb
Converting SMILES to graph: 403/500
3zdyAD_antigen.pdb  1pz5BA_antibody.pdb
Converting SMILES to graph: 404/500
3zdyAD_antigen.pdb  7cwoHL_antibody.pdb
Converting SMILES to graph: 405/500
3zdzC_antigen.pdb  6utaAB_antibody.pdb
Converting SMILES to graph: 406/500
3zdzC_antigen.pdb  5lqbHL_antibody.pdb
Converting SMILES to graph: 407/500
3zdzC_antigen.pdb  5u8rHL_antibody.pdb
Converting SMILES to graph: 408/500
3zdzC_antigen.pdb  1rjcA_antibody.pdb
Converting SMILES to graph: 409/500
3zdzC_antigen.pdb  2xqyGL_antibody.pdb
Converting SMILES to graph: 410/500
3zdzC_antigen.pdb  6uynHL_antibody.pdb
Converting SMILES to graph: 411/500
3ze0AD_antigen.pdb  4ydjAB_antibody.pdb
Converting SMILES to graph: 412/500
3ze0AD_antigen.pdb  7x38HL_antibody.pdb
Converting SMILES to graph: 413/500
3ze0AD_antigen.pdb  5uhyHG_antibody.pdb
Converting SMILES to graph: 414/500
3ze0AD_antigen.pdb  7m2iAB_antibody.pdb
Converting SMILES to graph: 415/500
3ze0AD_antigen.pdb  7zfeJK_antibody.pdb
Converting SMILES to graph: 416/500
3ze0AD_antigen.pdb  1hezDC_antibody.pdb
Converting SMILES to graph: 417/500
3ze1C_antigen.pdb  8gpyCD_antibody.pdb
Converting SMILES to graph: 418/500
3ze1C_antigen.pdb  6mhrAB_antibody.pdb
Converting SMILES to graph: 419/500
3ze1C_antigen.pdb  3jccCB_antibody.pdb
Converting SMILES to graph: 420/500
3ze1C_antigen.pdb  5o2uD_antibody.pdb
Converting SMILES to graph: 421/500
3ze1C_antigen.pdb  6uftB_antibody.pdb
Converting SMILES to graph: 422/500
3ze1C_antigen.pdb  6whaEe_antibody.pdb
Converting SMILES to graph: 423/500
3ze2A_antigen.pdb  6bitJL_antibody.pdb
Converting SMILES to graph: 424/500
3ze2A_antigen.pdb  5otjHL_antibody.pdb
Converting SMILES to graph: 425/500
3ze2A_antigen.pdb  7dk7ab_antibody.pdb
Converting SMILES to graph: 426/500
3ze2A_antigen.pdb  7e3bBC_antibody.pdb
Converting SMILES to graph: 427/500
3ze2A_antigen.pdb  5udcBC_antibody.pdb
Converting SMILES to graph: 428/500
3ze2A_antigen.pdb  8e3xN_antibody.pdb
Converting SMILES to graph: 429/500
3zkmA_antigen.pdb  5gzoCD_antibody.pdb
Converting SMILES to graph: 430/500
3zkmA_antigen.pdb  7bu8JK_antibody.pdb
Converting SMILES to graph: 431/500
3zkmA_antigen.pdb  7bejHL_antibody.pdb
Converting SMILES to graph: 432/500
3zkmA_antigen.pdb  7cbpDE_antibody.pdb
Converting SMILES to graph: 433/500
3zkmA_antigen.pdb  7te8B_antibody.pdb
Converting SMILES to graph: 434/500
3zkmA_antigen.pdb  2r0lHL_antibody.pdb
Converting SMILES to graph: 435/500
3zknA_antigen.pdb  7sr0B_antibody.pdb
Converting SMILES to graph: 436/500
3zknA_antigen.pdb  7y3jHL_antibody.pdb
Converting SMILES to graph: 437/500
3zknA_antigen.pdb  5i71BC_antibody.pdb
Converting SMILES to graph: 438/500
3zknA_antigen.pdb  4dgiHL_antibody.pdb
Converting SMILES to graph: 439/500
3zknA_antigen.pdb  7mxeHL_antibody.pdb
Converting SMILES to graph: 440/500
3zknA_antigen.pdb  7zfdAB_antibody.pdb
Converting SMILES to graph: 441/500
3zkqA_antigen.pdb  6c08DE_antibody.pdb
Converting SMILES to graph: 442/500
3zkqA_antigen.pdb  2ypvHL_antibody.pdb
Converting SMILES to graph: 443/500
3zkqA_antigen.pdb  8bggY_antibody.pdb
Converting SMILES to graph: 444/500
3zkqA_antigen.pdb  6udkMN_antibody.pdb
Converting SMILES to graph: 445/500
3zkqA_antigen.pdb  7pryCD_antibody.pdb
Converting SMILES to graph: 446/500
3zkqA_antigen.pdb  1orqBA_antibody.pdb
Converting SMILES to graph: 447/500
3zksA_antigen.pdb  7n3iHL_antibody.pdb
Converting SMILES to graph: 448/500
3zksA_antigen.pdb  7my3E_antibody.pdb
Converting SMILES to graph: 449/500
3zksA_antigen.pdb  7wt7HD_antibody.pdb
Converting SMILES to graph: 450/500
3zksA_antigen.pdb  8tpaHL_antibody.pdb
Converting SMILES to graph: 451/500
3zksA_antigen.pdb  6mtnHL_antibody.pdb
Converting SMILES to graph: 452/500
3zksA_antigen.pdb  4grwF_antibody.pdb
Converting SMILES to graph: 453/500
3zkxA_antigen.pdb  7yj4Ss_antibody.pdb
Converting SMILES to graph: 454/500
3zkxA_antigen.pdb  7cacED_antibody.pdb
Converting SMILES to graph: 455/500
3zkxA_antigen.pdb  5w9lEF_antibody.pdb
Converting SMILES to graph: 456/500
3zkxA_antigen.pdb  6mqcAB_antibody.pdb
Converting SMILES to graph: 457/500
3zkxA_antigen.pdb  7d0bHL_antibody.pdb
Converting SMILES to graph: 458/500
3zkxA_antigen.pdb  7x28CD_antibody.pdb
Converting SMILES to graph: 459/500
3zlqA_antigen.pdb  7cyvHh_antibody.pdb
Converting SMILES to graph: 460/500
3zlqA_antigen.pdb  3leyHL_antibody.pdb
Converting SMILES to graph: 461/500
3zlqA_antigen.pdb  5f7yD_antibody.pdb
Converting SMILES to graph: 462/500
3zlqA_antigen.pdb  2h2pEF_antibody.pdb
Converting SMILES to graph: 463/500
3zlqA_antigen.pdb  5f21B_antibody.pdb
Converting SMILES to graph: 464/500
3zlqA_antigen.pdb  8jd6Dd_antibody.pdb
Converting SMILES to graph: 465/500
3ztjBA_antigen.pdb  8sb2CD_antibody.pdb
Converting SMILES to graph: 466/500
3ztjBA_antigen.pdb  7t4sHI_antibody.pdb
Converting SMILES to graph: 467/500
3ztjBA_antigen.pdb  7urqHL_antibody.pdb
Converting SMILES to graph: 468/500
3ztjBA_antigen.pdb  8g9xHL_antibody.pdb
Converting SMILES to graph: 469/500
3ztjBA_antigen.pdb  8f2bN_antibody.pdb
Converting SMILES to graph: 470/500
3ztjBA_antigen.pdb  7x7oHL_antibody.pdb
Converting SMILES to graph: 471/500
3ztnABA_antigen.pdb  7zfbN_antibody.pdb
Converting SMILES to graph: 472/500
3ztnABA_antigen.pdb  8ty1CB_antibody.pdb
Converting SMILES to graph: 473/500
3ztnABA_antigen.pdb  6j6yBC_antibody.pdb
Converting SMILES to graph: 474/500
3ztnABA_antigen.pdb  7d6iBC_antibody.pdb
Converting SMILES to graph: 475/500
3ztnABA_antigen.pdb  7zbuHL_antibody.pdb
Converting SMILES to graph: 476/500
3ztnABA_antigen.pdb  7wd8EF_antibody.pdb
Converting SMILES to graph: 477/500
4aeiA_antigen.pdb  7cvyNO_antibody.pdb
Converting SMILES to graph: 478/500
4aeiA_antigen.pdb  4m48HL_antibody.pdb
Converting SMILES to graph: 479/500
4aeiA_antigen.pdb  4yxkHL_antibody.pdb
Converting SMILES to graph: 480/500
4aeiA_antigen.pdb  6awnBC_antibody.pdb
Converting SMILES to graph: 481/500
4aeiA_antigen.pdb  3h42HL_antibody.pdb
Converting SMILES to graph: 482/500
4aeiA_antigen.pdb  6wdsHL_antibody.pdb
Converting SMILES to graph: 483/500
4ag4A_antigen.pdb  2fx9HL_antibody.pdb
Converting SMILES to graph: 484/500
4ag4A_antigen.pdb  8bg4Aa_antibody.pdb
Converting SMILES to graph: 485/500
4ag4A_antigen.pdb  7e3cBC_antibody.pdb
Converting SMILES to graph: 486/500
4ag4A_antigen.pdb  1sm3HL_antibody.pdb
Converting SMILES to graph: 487/500
4ag4A_antigen.pdb  6vtwHL_antibody.pdb
Converting SMILES to graph: 488/500
4al8C_antigen.pdb  7niwCB_antibody.pdb
Converting SMILES to graph: 489/500
4al8C_antigen.pdb  7xbdEe_antibody.pdb
Converting SMILES to graph: 490/500
4al8C_antigen.pdb  6x06K_antibody.pdb
Converting SMILES to graph: 491/500
4al8C_antigen.pdb  7x2gHL_antibody.pdb
Converting SMILES to graph: 492/500
4al8C_antigen.pdb  8skjA_antibody.pdb
Converting SMILES to graph: 493/500
4al8C_antigen.pdb  6x1tHL_antibody.pdb
Converting SMILES to graph: 494/500
4alaC_antigen.pdb  8c5hN_antibody.pdb
Converting SMILES to graph: 495/500
4alaC_antigen.pdb  5dhxBb_antibody.pdb
Converting SMILES to graph: 496/500
4alaC_antigen.pdb  8kh5E_antibody.pdb
Converting SMILES to graph: 497/500
4alaC_antigen.pdb  2vweEC_antibody.pdb
Converting SMILES to graph: 498/500
4alaC_antigen.pdb  6xc7CD_antibody.pdb
Converting SMILES to graph: 499/500
4alaC_antigen.pdb  3wxwHL_antibody.pdb
Converting SMILES to graph: 500/500
4am0T_antigen.pdb  5hvhB_antibody.pdb
Graph construction done. Saving to file.
