Converting SMILES to graph: 1/500
8f0hC_antigen.pdb  7m3iHL_antibody.pdb
Converting SMILES to graph: 2/500
8f0hC_antigen.pdb  7y1bHL_antibody.pdb
Converting SMILES to graph: 3/500
8f0hC_antigen.pdb  5t80HL_antibody.pdb
Converting SMILES to graph: 4/500
8f0hC_antigen.pdb  4xh2AB_antibody.pdb
Converting SMILES to graph: 5/500
8f0iA_antigen.pdb  4louCD_antibody.pdb
Converting SMILES to graph: 6/500
8f0iA_antigen.pdb  6bp2HL_antibody.pdb
Converting SMILES to graph: 7/500
8f0iA_antigen.pdb  6whkCB_antibody.pdb
Converting SMILES to graph: 8/500
8f0iA_antigen.pdb  4hj0CD_antibody.pdb
Converting SMILES to graph: 9/500
8f0iA_antigen.pdb  7sr0B_antibody.pdb
Converting SMILES to graph: 10/500
8f0iA_antigen.pdb  7msqDE_antibody.pdb
Converting SMILES to graph: 11/500
8f0jAGB_antigen.pdb  8damB_antibody.pdb
Converting SMILES to graph: 12/500
8f0jAGB_antigen.pdb  6mg7HL_antibody.pdb
Converting SMILES to graph: 13/500
8f0jAGB_antigen.pdb  4yzfGH_antibody.pdb
Converting SMILES to graph: 14/500
8f0jAGB_antigen.pdb  7p60H_antibody.pdb
Converting SMILES to graph: 15/500
8f0jAGB_antigen.pdb  6lraHL_antibody.pdb
Converting SMILES to graph: 16/500
8f0kAGB_antigen.pdb  4y5vDE_antibody.pdb
Converting SMILES to graph: 17/500
8f0kAGB_antigen.pdb  7xtqN_antibody.pdb
Converting SMILES to graph: 18/500
8f0kAGB_antigen.pdb  1orsBA_antibody.pdb
Converting SMILES to graph: 19/500
8f0kAGB_antigen.pdb  7x26HK_antibody.pdb
Converting SMILES to graph: 20/500
8f0kAGB_antigen.pdb  4fqrab_antibody.pdb
Converting SMILES to graph: 21/500
8f0kAGB_antigen.pdb  1op9A_antibody.pdb
Converting SMILES to graph: 22/500
8f0lP_antigen.pdb  6x4tDF_antibody.pdb
Converting SMILES to graph: 23/500
8f0lP_antigen.pdb  1u8mBA_antibody.pdb
Converting SMILES to graph: 24/500
8f0lP_antigen.pdb  6wtuHI_antibody.pdb
Converting SMILES to graph: 25/500
8f0lP_antigen.pdb  7vktEe_antibody.pdb
Converting SMILES to graph: 26/500
8f0lP_antigen.pdb  3u9uAB_antibody.pdb
Converting SMILES to graph: 27/500
8f0lP_antigen.pdb  6gffNM_antibody.pdb
Converting SMILES to graph: 28/500
8f2aAB_antigen.pdb  7sfvMN_antibody.pdb
Converting SMILES to graph: 29/500
8f2aAB_antigen.pdb  8kgkE_antibody.pdb
Converting SMILES to graph: 30/500
8f2aAB_antigen.pdb  7niuED_antibody.pdb
Converting SMILES to graph: 31/500
8f2aAB_antigen.pdb  6zwkF_antibody.pdb
Converting SMILES to graph: 32/500
8f2aAB_antigen.pdb  3levHL_antibody.pdb
Converting SMILES to graph: 33/500
8f2aAB_antigen.pdb  7cfnN_antibody.pdb
Converting SMILES to graph: 34/500
8f2bAGB_antigen.pdb  2r0lHL_antibody.pdb
Converting SMILES to graph: 35/500
8f2bAGB_antigen.pdb  8g85HL_antibody.pdb
Converting SMILES to graph: 36/500
8f2bAGB_antigen.pdb  8h91C_antibody.pdb
Converting SMILES to graph: 37/500
8f2bAGB_antigen.pdb  4pirH_antibody.pdb
Converting SMILES to graph: 38/500
8f2bAGB_antigen.pdb  4kucHD_antibody.pdb
Converting SMILES to graph: 39/500
8f2bAGB_antigen.pdb  8gq1HL_antibody.pdb
Converting SMILES to graph: 40/500
8f4pBA_antigen.pdb  5l0qCB_antibody.pdb
Converting SMILES to graph: 41/500
8f4pBA_antigen.pdb  1z3gIM_antibody.pdb
Converting SMILES to graph: 42/500
8f4pBA_antigen.pdb  5lxgHL_antibody.pdb
Converting SMILES to graph: 43/500
8f4pBA_antigen.pdb  7k8uHL_antibody.pdb
Converting SMILES to graph: 44/500
8f4pBA_antigen.pdb  6wzjCD_antibody.pdb
Converting SMILES to graph: 45/500
8f4pBA_antigen.pdb  6dfjHL_antibody.pdb
Converting SMILES to graph: 46/500
8f5iB_antigen.pdb  7yh6HL_antibody.pdb
Converting SMILES to graph: 47/500
8f5iB_antigen.pdb  8dphEe_antibody.pdb
Converting SMILES to graph: 48/500
8f5iB_antigen.pdb  7x49HL_antibody.pdb
Converting SMILES to graph: 49/500
8f5iB_antigen.pdb  7wy5N_antibody.pdb
Converting SMILES to graph: 50/500
8f5iB_antigen.pdb  8saxCD_antibody.pdb
Converting SMILES to graph: 51/500
8f5iB_antigen.pdb  7kf0AB_antibody.pdb
Converting SMILES to graph: 52/500
8f5nA_antigen.pdb  8dp1RM_antibody.pdb
Converting SMILES to graph: 53/500
8f5nA_antigen.pdb  5ivnA_antibody.pdb
Converting SMILES to graph: 54/500
8f5nA_antigen.pdb  5bozI_antibody.pdb
Converting SMILES to graph: 55/500
8f5nA_antigen.pdb  8f6xDd_antibody.pdb
Converting SMILES to graph: 56/500
8f5nA_antigen.pdb  8saiSs_antibody.pdb
Converting SMILES to graph: 57/500
8f5nA_antigen.pdb  8gniC_antibody.pdb
Converting SMILES to graph: 58/500
8f60C_antigen.pdb  4nc1D_antibody.pdb
Converting SMILES to graph: 59/500
8f60C_antigen.pdb  5ktz7_antibody.pdb
Converting SMILES to graph: 60/500
8f60C_antigen.pdb  6b5oHL_antibody.pdb
Converting SMILES to graph: 61/500
8f60C_antigen.pdb  7nabAB_antibody.pdb
Converting SMILES to graph: 62/500
8f60C_antigen.pdb  7uopHL_antibody.pdb
Converting SMILES to graph: 63/500
8f60C_antigen.pdb  7xjfAB_antibody.pdb
Converting SMILES to graph: 64/500
8f6eA_antigen.pdb  8crbAB_antibody.pdb
Converting SMILES to graph: 65/500
8f6eA_antigen.pdb  7ytnHL_antibody.pdb
Converting SMILES to graph: 66/500
8f6eA_antigen.pdb  4webHL_antibody.pdb
Converting SMILES to graph: 67/500
8f6eA_antigen.pdb  4u3xA_antibody.pdb
Converting SMILES to graph: 68/500
8f6eA_antigen.pdb  7kzzDC_antibody.pdb
Converting SMILES to graph: 69/500
8f6eA_antigen.pdb  6m58CD_antibody.pdb
Converting SMILES to graph: 70/500
8f6fA_antigen.pdb  6m47HL_antibody.pdb
Converting SMILES to graph: 71/500
8f6fA_antigen.pdb  7a3uHL_antibody.pdb
Converting SMILES to graph: 72/500
8f6fA_antigen.pdb  8cybD_antibody.pdb
Converting SMILES to graph: 73/500
8f6fA_antigen.pdb  1hezDC_antibody.pdb
Converting SMILES to graph: 74/500
8f6fA_antigen.pdb  7czyHK_antibody.pdb
Converting SMILES to graph: 75/500
8f6fA_antigen.pdb  6csyN_antibody.pdb
Converting SMILES to graph: 76/500
8f6hA_antigen.pdb  5ku27_antibody.pdb
Converting SMILES to graph: 77/500
8f6hA_antigen.pdb  7q3qB_antibody.pdb
Converting SMILES to graph: 78/500
8f6hA_antigen.pdb  6kvahl_antibody.pdb
Converting SMILES to graph: 79/500
8f6hA_antigen.pdb  7thtHL_antibody.pdb
Converting SMILES to graph: 80/500
8f6hA_antigen.pdb  4xnqHL_antibody.pdb
Converting SMILES to graph: 81/500
8f6hA_antigen.pdb  5y0aDE_antibody.pdb
Converting SMILES to graph: 82/500
8f6iB_antigen.pdb  6i2gA_antibody.pdb
Converting SMILES to graph: 83/500
8f6iB_antigen.pdb  2j4wHL_antibody.pdb
Converting SMILES to graph: 84/500
8f6iB_antigen.pdb  8a1eDE_antibody.pdb
Converting SMILES to graph: 85/500
8f6iB_antigen.pdb  7fiyN_antibody.pdb
Converting SMILES to graph: 86/500
8f6iB_antigen.pdb  1nmaHL_antibody.pdb
Converting SMILES to graph: 87/500
8f6iB_antigen.pdb  8b18B_antibody.pdb
Converting SMILES to graph: 88/500
8f6jB_antigen.pdb  2ltqFE_antibody.pdb
Converting SMILES to graph: 89/500
8f6jB_antigen.pdb  8fe4HL_antibody.pdb
Converting SMILES to graph: 90/500
8f6jB_antigen.pdb  7wwmIM_antibody.pdb
Converting SMILES to graph: 91/500
8f6jB_antigen.pdb  6hugG_antibody.pdb
Converting SMILES to graph: 92/500
8f6jB_antigen.pdb  3zkmHL_antibody.pdb
Converting SMILES to graph: 93/500
8f6jB_antigen.pdb  8p8jFE_antibody.pdb
Converting SMILES to graph: 94/500
8f6lC_antigen.pdb  8en1C_antibody.pdb
Converting SMILES to graph: 95/500
8f6lC_antigen.pdb  6x9sHL_antibody.pdb
Converting SMILES to graph: 96/500
8f6lC_antigen.pdb  3e8uHL_antibody.pdb
Converting SMILES to graph: 97/500
8f6lC_antigen.pdb  7ujkEF_antibody.pdb
Converting SMILES to graph: 98/500
8f6lC_antigen.pdb  3bszNM_antibody.pdb
Converting SMILES to graph: 99/500
8f6lC_antigen.pdb  3g5vBA_antibody.pdb
Converting SMILES to graph: 100/500
8f6oC_antigen.pdb  3ztnHL_antibody.pdb
Converting SMILES to graph: 101/500
8f6oC_antigen.pdb  5uqyDC_antibody.pdb
Converting SMILES to graph: 102/500
8f6oC_antigen.pdb  6c5wE_antibody.pdb
Converting SMILES to graph: 103/500
8f6oC_antigen.pdb  8gseHL_antibody.pdb
Converting SMILES to graph: 104/500
8f6oC_antigen.pdb  1ar1CD_antibody.pdb
Converting SMILES to graph: 105/500
8f6oC_antigen.pdb  7bu6B_antibody.pdb
Converting SMILES to graph: 106/500
8f6xB_antigen.pdb  7k9zHL_antibody.pdb
Converting SMILES to graph: 107/500
8f6xB_antigen.pdb  7fejHL_antibody.pdb
Converting SMILES to graph: 108/500
8f6xB_antigen.pdb  6udkMN_antibody.pdb
Converting SMILES to graph: 109/500
8f6xB_antigen.pdb  1n6qHL_antibody.pdb
Converting SMILES to graph: 110/500
8f6xB_antigen.pdb  5xcqAB_antibody.pdb
Converting SMILES to graph: 111/500
8f6xB_antigen.pdb  3or7AB_antibody.pdb
Converting SMILES to graph: 112/500
8f76XYZ_antigen.pdb  6mv5HL_antibody.pdb
Converting SMILES to graph: 113/500
8f76XYZ_antigen.pdb  8dkmAB_antibody.pdb
Converting SMILES to graph: 114/500
8f76XYZ_antigen.pdb  2r9hEF_antibody.pdb
Converting SMILES to graph: 115/500
8f76XYZ_antigen.pdb  7wwkGF_antibody.pdb
Converting SMILES to graph: 116/500
8f76XYZ_antigen.pdb  4d9qED_antibody.pdb
Converting SMILES to graph: 117/500
8f76XYZ_antigen.pdb  6lr7B_antibody.pdb
Converting SMILES to graph: 118/500
8f7qABC_antigen.pdb  8w8aN_antibody.pdb
Converting SMILES to graph: 119/500
8f7qABC_antigen.pdb  5yy5HL_antibody.pdb
Converting SMILES to graph: 120/500
8f7qABC_antigen.pdb  7w71HL_antibody.pdb
Converting SMILES to graph: 121/500
8f7qABC_antigen.pdb  7ru6L_antibody.pdb
Converting SMILES to graph: 122/500
8f7qABC_antigen.pdb  8e8lHL_antibody.pdb
Converting SMILES to graph: 123/500
8f7qABC_antigen.pdb  1e6jHL_antibody.pdb
Converting SMILES to graph: 124/500
8f7rABC_antigen.pdb  8dpiEe_antibody.pdb
Converting SMILES to graph: 125/500
8f7rABC_antigen.pdb  7ph7C_antibody.pdb
Converting SMILES to graph: 126/500
8f7rABC_antigen.pdb  8fe3HL_antibody.pdb
Converting SMILES to graph: 127/500
8f7rABC_antigen.pdb  8dw9CD_antibody.pdb
Converting SMILES to graph: 128/500
8f7rABC_antigen.pdb  6xzfB_antibody.pdb
Converting SMILES to graph: 129/500
8f7rABC_antigen.pdb  7cx2N_antibody.pdb
Converting SMILES to graph: 130/500
8f7wABC_antigen.pdb  8dplHh_antibody.pdb
Converting SMILES to graph: 131/500
8f7wABC_antigen.pdb  3l5wBA_antibody.pdb
Converting SMILES to graph: 132/500
8f7wABC_antigen.pdb  5ocxHL_antibody.pdb
Converting SMILES to graph: 133/500
8f7wABC_antigen.pdb  7ts0Hh_antibody.pdb
Converting SMILES to graph: 134/500
8f7wABC_antigen.pdb  6glxCD_antibody.pdb
Converting SMILES to graph: 135/500
8f7wABC_antigen.pdb  4ydvHL_antibody.pdb
Converting SMILES to graph: 136/500
8f7xAB_antigen.pdb  6dcaJN_antibody.pdb
Converting SMILES to graph: 137/500
8f7xAB_antigen.pdb  7b3oHL_antibody.pdb
Converting SMILES to graph: 138/500
8f7xAB_antigen.pdb  7y65Ss_antibody.pdb
Converting SMILES to graph: 139/500
8f7xAB_antigen.pdb  6zbvB_antibody.pdb
Converting SMILES to graph: 140/500
8f7xAB_antigen.pdb  4jfzHL_antibody.pdb
Converting SMILES to graph: 141/500
8f7xAB_antigen.pdb  7u0iKk_antibody.pdb
Converting SMILES to graph: 142/500
8f7zL_antigen.pdb  8ce4F_antibody.pdb
Converting SMILES to graph: 143/500
8f7zL_antigen.pdb  4m62IM_antibody.pdb
Converting SMILES to graph: 144/500
8f7zL_antigen.pdb  3h3pIM_antibody.pdb
Converting SMILES to graph: 145/500
8f7zL_antigen.pdb  5mhrPO_antibody.pdb
Converting SMILES to graph: 146/500
8f7zL_antigen.pdb  6iecJK_antibody.pdb
Converting SMILES to graph: 147/500
8f7zL_antigen.pdb  8j1aSs_antibody.pdb
Converting SMILES to graph: 148/500
8f8wB_antigen.pdb  7xavEe_antibody.pdb
Converting SMILES to graph: 149/500
8f8wB_antigen.pdb  7kn4MN_antibody.pdb
Converting SMILES to graph: 150/500
8f8wB_antigen.pdb  7x91HL_antibody.pdb
Converting SMILES to graph: 151/500
8f8wB_antigen.pdb  2ipuGK_antibody.pdb
Converting SMILES to graph: 152/500
8f8wB_antigen.pdb  5kemIJ_antibody.pdb
Converting SMILES to graph: 153/500
8f8wB_antigen.pdb  6c08DE_antibody.pdb
Converting SMILES to graph: 154/500
8f8xB_antigen.pdb  7wwiED_antibody.pdb
Converting SMILES to graph: 155/500
8f8xB_antigen.pdb  7zf5DF_antibody.pdb
Converting SMILES to graph: 156/500
8f8xB_antigen.pdb  1nmaHL_antibody.pdb
Converting SMILES to graph: 157/500
8f8xB_antigen.pdb  7x28CD_antibody.pdb
Converting SMILES to graph: 158/500
8f8xB_antigen.pdb  7elxHL_antibody.pdb
Converting SMILES to graph: 159/500
8f8xB_antigen.pdb  6bpaEF_antibody.pdb
Converting SMILES to graph: 160/500
8f95P_antigen.pdb  7la4HL_antibody.pdb
Converting SMILES to graph: 161/500
8f95P_antigen.pdb  8g6uCD_antibody.pdb
Converting SMILES to graph: 162/500
8f95P_antigen.pdb  5epmAB_antibody.pdb
Converting SMILES to graph: 163/500
8f95P_antigen.pdb  7wb5HL_antibody.pdb
Converting SMILES to graph: 164/500
8f95P_antigen.pdb  7d68N_antibody.pdb
Converting SMILES to graph: 165/500
8f95P_antigen.pdb  8trtAG_antibody.pdb
Converting SMILES to graph: 166/500
8f9eP_antigen.pdb  7xp6N_antibody.pdb
Converting SMILES to graph: 167/500
8f9eP_antigen.pdb  7cyvHh_antibody.pdb
Converting SMILES to graph: 168/500
8f9eP_antigen.pdb  8oprB_antibody.pdb
Converting SMILES to graph: 169/500
8f9eP_antigen.pdb  6oz9HL_antibody.pdb
Converting SMILES to graph: 170/500
8f9eP_antigen.pdb  5jw3HL_antibody.pdb
Converting SMILES to graph: 171/500
8f9eP_antigen.pdb  5f1oB_antibody.pdb
Converting SMILES to graph: 172/500
8f9fP_antigen.pdb  4kkaCD_antibody.pdb
Converting SMILES to graph: 173/500
8f9fP_antigen.pdb  5t80HL_antibody.pdb
Converting SMILES to graph: 174/500
8f9fP_antigen.pdb  7dd8AB_antibody.pdb
Converting SMILES to graph: 175/500
8f9fP_antigen.pdb  7yajC_antibody.pdb
Converting SMILES to graph: 176/500
8f9fP_antigen.pdb  5yaxBb_antibody.pdb
Converting SMILES to graph: 177/500
8f9fP_antigen.pdb  5vaqB_antibody.pdb
Converting SMILES to graph: 178/500
8f9sP_antigen.pdb  6o3lAB_antibody.pdb
Converting SMILES to graph: 179/500
8f9sP_antigen.pdb  5tkkHL_antibody.pdb
Converting SMILES to graph: 180/500
8f9sP_antigen.pdb  4jreHL_antibody.pdb
Converting SMILES to graph: 181/500
8f9sP_antigen.pdb  8f0lHL_antibody.pdb
Converting SMILES to graph: 182/500
8f9sP_antigen.pdb  5l21B_antibody.pdb
Converting SMILES to graph: 183/500
8f9sP_antigen.pdb  5fhcAB_antibody.pdb
Converting SMILES to graph: 184/500
8f9tC_antigen.pdb  8j18Ss_antibody.pdb
Converting SMILES to graph: 185/500
8f9tC_antigen.pdb  6o28AB_antibody.pdb
Converting SMILES to graph: 186/500
8f9tC_antigen.pdb  2dqiHL_antibody.pdb
Converting SMILES to graph: 187/500
8f9tC_antigen.pdb  3rvxDC_antibody.pdb
Converting SMILES to graph: 188/500
8f9tC_antigen.pdb  7a0wCD_antibody.pdb
Converting SMILES to graph: 189/500
8f9tC_antigen.pdb  7xavEe_antibody.pdb
Converting SMILES to graph: 190/500
8f9uP_antigen.pdb  5t3sDE_antibody.pdb
Converting SMILES to graph: 191/500
8f9uP_antigen.pdb  8ee5HL_antibody.pdb
Converting SMILES to graph: 192/500
8f9uP_antigen.pdb  7n9tD_antibody.pdb
Converting SMILES to graph: 193/500
8f9uP_antigen.pdb  7ejxSs_antibody.pdb
Converting SMILES to graph: 194/500
8f9uP_antigen.pdb  8spsKk_antibody.pdb
Converting SMILES to graph: 195/500
8f9uP_antigen.pdb  6hujG_antibody.pdb
Converting SMILES to graph: 196/500
8f9vM_antigen.pdb  7zljHL_antibody.pdb
Converting SMILES to graph: 197/500
8f9vM_antigen.pdb  7ezmHh_antibody.pdb
Converting SMILES to graph: 198/500
8f9vM_antigen.pdb  7wd9EF_antibody.pdb
Converting SMILES to graph: 199/500
8f9vM_antigen.pdb  6u38HL_antibody.pdb
Converting SMILES to graph: 200/500
8f9vM_antigen.pdb  7e3lHL_antibody.pdb
Converting SMILES to graph: 201/500
8f9vM_antigen.pdb  4lhjB_antibody.pdb
Converting SMILES to graph: 202/500
8f9wO_antigen.pdb  8dz4HL_antibody.pdb
Converting SMILES to graph: 203/500
8f9wO_antigen.pdb  5ukbe_antibody.pdb
Converting SMILES to graph: 204/500
8f9wO_antigen.pdb  7rajHL_antibody.pdb
Converting SMILES to graph: 205/500
8f9wO_antigen.pdb  6hujG_antibody.pdb
Converting SMILES to graph: 206/500
8f9wO_antigen.pdb  5u4mB_antibody.pdb
Converting SMILES to graph: 207/500
8f9wO_antigen.pdb  2w0fAB_antibody.pdb
Converting SMILES to graph: 208/500
8fa6P_antigen.pdb  7f12Bb_antibody.pdb
Converting SMILES to graph: 209/500
8fa6P_antigen.pdb  7dhrN_antibody.pdb
Converting SMILES to graph: 210/500
8fa6P_antigen.pdb  7utzN_antibody.pdb
Converting SMILES to graph: 211/500
8fa6P_antigen.pdb  7rsnHL_antibody.pdb
Converting SMILES to graph: 212/500
8fa6P_antigen.pdb  6u12B_antibody.pdb
Converting SMILES to graph: 213/500
8fa6P_antigen.pdb  6o41BA_antibody.pdb
Converting SMILES to graph: 214/500
8fa7P_antigen.pdb  3zksD_antibody.pdb
Converting SMILES to graph: 215/500
8fa7P_antigen.pdb  7sr8Ee_antibody.pdb
Converting SMILES to graph: 216/500
8fa7P_antigen.pdb  6pzeHL_antibody.pdb
Converting SMILES to graph: 217/500
8fa7P_antigen.pdb  8gx9HF_antibody.pdb
Converting SMILES to graph: 218/500
8fa7P_antigen.pdb  1n0xKM_antibody.pdb
Converting SMILES to graph: 219/500
8fa7P_antigen.pdb  8ejiHL_antibody.pdb
Converting SMILES to graph: 220/500
8fa8P_antigen.pdb  8fd0C_antibody.pdb
Converting SMILES to graph: 221/500
8fa8P_antigen.pdb  5iesHL_antibody.pdb
Converting SMILES to graph: 222/500
8fa8P_antigen.pdb  5vplDC_antibody.pdb
Converting SMILES to graph: 223/500
8fa8P_antigen.pdb  7vgrDC_antibody.pdb
Converting SMILES to graph: 224/500
8fa8P_antigen.pdb  6c6yAB_antibody.pdb
Converting SMILES to graph: 225/500
8fa8P_antigen.pdb  3pp4HL_antibody.pdb
Converting SMILES to graph: 226/500
8fa9P_antigen.pdb  4xh2AB_antibody.pdb
Converting SMILES to graph: 227/500
8fa9P_antigen.pdb  3uajCD_antibody.pdb
Converting SMILES to graph: 228/500
8fa9P_antigen.pdb  7zf8HL_antibody.pdb
Converting SMILES to graph: 229/500
8fa9P_antigen.pdb  6w0gAB_antibody.pdb
Converting SMILES to graph: 230/500
8fa9P_antigen.pdb  8ic0Ee_antibody.pdb
Converting SMILES to graph: 231/500
8fa9P_antigen.pdb  6pe9HL_antibody.pdb
Converting SMILES to graph: 232/500
8fanP_antigen.pdb  8fatAB_antibody.pdb
Converting SMILES to graph: 233/500
8fanP_antigen.pdb  7wsiHL_antibody.pdb
Converting SMILES to graph: 234/500
8fanP_antigen.pdb  5ip4A_antibody.pdb
Converting SMILES to graph: 235/500
8fanP_antigen.pdb  2eh8HL_antibody.pdb
Converting SMILES to graph: 236/500
8fanP_antigen.pdb  4wgwD_antibody.pdb
Converting SMILES to graph: 237/500
8fanP_antigen.pdb  7ws2ED_antibody.pdb
Converting SMILES to graph: 238/500
8fasC_antigen.pdb  6phfAB_antibody.pdb
Converting SMILES to graph: 239/500
8fasC_antigen.pdb  7ul4D_antibody.pdb
Converting SMILES to graph: 240/500
8fasC_antigen.pdb  7m7fCD_antibody.pdb
Converting SMILES to graph: 241/500
8fasC_antigen.pdb  7wczab_antibody.pdb
Converting SMILES to graph: 242/500
8fasC_antigen.pdb  4hkzBA_antibody.pdb
Converting SMILES to graph: 243/500
8fasC_antigen.pdb  6al5HL_antibody.pdb
Converting SMILES to graph: 244/500
8fatE_antigen.pdb  7xswHL_antibody.pdb
Converting SMILES to graph: 245/500
8fatE_antigen.pdb  5a8hFE_antibody.pdb
Converting SMILES to graph: 246/500
8fatE_antigen.pdb  4u3xA_antibody.pdb
Converting SMILES to graph: 247/500
8fatE_antigen.pdb  3eysHL_antibody.pdb
Converting SMILES to graph: 248/500
8fatE_antigen.pdb  7rugL_antibody.pdb
Converting SMILES to graph: 249/500
8fatE_antigen.pdb  7u8eHL_antibody.pdb
Converting SMILES to graph: 250/500
8faxL_antigen.pdb  3a6bHL_antibody.pdb
Converting SMILES to graph: 251/500
8faxL_antigen.pdb  7tugHL_antibody.pdb
Converting SMILES to graph: 252/500
8faxL_antigen.pdb  1kxvC_antibody.pdb
Converting SMILES to graph: 253/500
8faxL_antigen.pdb  7y7mFG_antibody.pdb
Converting SMILES to graph: 254/500
8faxL_antigen.pdb  2nr6FE_antibody.pdb
Converting SMILES to graph: 255/500
8faxL_antigen.pdb  5czxHL_antibody.pdb
Converting SMILES to graph: 256/500
8fb5O_antigen.pdb  7lkiDE_antibody.pdb
Converting SMILES to graph: 257/500
8fb5O_antigen.pdb  7vabN_antibody.pdb
Converting SMILES to graph: 258/500
8fb5O_antigen.pdb  7n9aA_antibody.pdb
Converting SMILES to graph: 259/500
8fb5O_antigen.pdb  7nxbAB_antibody.pdb
Converting SMILES to graph: 260/500
8fb5O_antigen.pdb  4bz1HL_antibody.pdb
Converting SMILES to graph: 261/500
8fb5O_antigen.pdb  8damB_antibody.pdb
Converting SMILES to graph: 262/500
8fb6P_antigen.pdb  7e88DE_antibody.pdb
Converting SMILES to graph: 263/500
8fb6P_antigen.pdb  7tpdEF_antibody.pdb
Converting SMILES to graph: 264/500
8fb6P_antigen.pdb  7xtcN_antibody.pdb
Converting SMILES to graph: 265/500
8fb6P_antigen.pdb  7xoxEe_antibody.pdb
Converting SMILES to graph: 266/500
8fb6P_antigen.pdb  6o24AB_antibody.pdb
Converting SMILES to graph: 267/500
8fb6P_antigen.pdb  7mzlHL_antibody.pdb
Converting SMILES to graph: 268/500
8fb7Q_antigen.pdb  7n4iHL_antibody.pdb
Converting SMILES to graph: 269/500
8fb7Q_antigen.pdb  6waqC_antibody.pdb
Converting SMILES to graph: 270/500
8fb7Q_antigen.pdb  7xcpHL_antibody.pdb
Converting SMILES to graph: 271/500
8fb7Q_antigen.pdb  7x7eB_antibody.pdb
Converting SMILES to graph: 272/500
8fb7Q_antigen.pdb  4fqyHL_antibody.pdb
Converting SMILES to graph: 273/500
8fb7Q_antigen.pdb  7qbgE_antibody.pdb
Converting SMILES to graph: 274/500
8fb8P_antigen.pdb  8skjA_antibody.pdb
Converting SMILES to graph: 275/500
8fb8P_antigen.pdb  7wczab_antibody.pdb
Converting SMILES to graph: 276/500
8fb8P_antigen.pdb  5t3xHL_antibody.pdb
Converting SMILES to graph: 277/500
8fb8P_antigen.pdb  7wbhUV_antibody.pdb
Converting SMILES to graph: 278/500
8fb8P_antigen.pdb  8e8zHL_antibody.pdb
Converting SMILES to graph: 279/500
8fbaP_antigen.pdb  7a0vD_antibody.pdb
Converting SMILES to graph: 280/500
8fbaP_antigen.pdb  6t3fHL_antibody.pdb
Converting SMILES to graph: 281/500
8fbaP_antigen.pdb  5ob5HL_antibody.pdb
Converting SMILES to graph: 282/500
8fbaP_antigen.pdb  4hixHL_antibody.pdb
Converting SMILES to graph: 283/500
8fbaP_antigen.pdb  1xctDC_antibody.pdb
Converting SMILES to graph: 284/500
8fbaP_antigen.pdb  6touAa_antibody.pdb
Converting SMILES to graph: 285/500
8fbwE_antigen.pdb  8f6xDd_antibody.pdb
Converting SMILES to graph: 286/500
8fbwE_antigen.pdb  4hjjH_antibody.pdb
Converting SMILES to graph: 287/500
8fbwE_antigen.pdb  7a6cCB_antibody.pdb
Converting SMILES to graph: 288/500
8fbwE_antigen.pdb  6t3jCD_antibody.pdb
Converting SMILES to graph: 289/500
8fbwE_antigen.pdb  7shuEF_antibody.pdb
Converting SMILES to graph: 290/500
8fbwE_antigen.pdb  7ebzEF_antibody.pdb
Converting SMILES to graph: 291/500
8fczA_antigen.pdb  7tctEF_antibody.pdb
Converting SMILES to graph: 292/500
8fczA_antigen.pdb  1ic4HL_antibody.pdb
Converting SMILES to graph: 293/500
8fczA_antigen.pdb  8tfnHL_antibody.pdb
Converting SMILES to graph: 294/500
8fczA_antigen.pdb  8j7wEC_antibody.pdb
Converting SMILES to graph: 295/500
8fczA_antigen.pdb  6cdmAB_antibody.pdb
Converting SMILES to graph: 296/500
8fczA_antigen.pdb  6h7kC_antibody.pdb
Converting SMILES to graph: 297/500
8fd0A_antigen.pdb  5ocaHL_antibody.pdb
Converting SMILES to graph: 298/500
8fd0A_antigen.pdb  8c9xF_antibody.pdb
Converting SMILES to graph: 299/500
8fd0A_antigen.pdb  4xrcBA_antibody.pdb
Converting SMILES to graph: 300/500
8fd0A_antigen.pdb  8wpuEe_antibody.pdb
Converting SMILES to graph: 301/500
8fd0A_antigen.pdb  8el2HL_antibody.pdb
Converting SMILES to graph: 302/500
8fd0A_antigen.pdb  7ps1AB_antibody.pdb
Converting SMILES to graph: 303/500
8fd1A_antigen.pdb  8flwHL_antibody.pdb
Converting SMILES to graph: 304/500
8fd1A_antigen.pdb  7dwuHL_antibody.pdb
Converting SMILES to graph: 305/500
8fd1A_antigen.pdb  7o31HL_antibody.pdb
Converting SMILES to graph: 306/500
8fd1A_antigen.pdb  4ye4HL_antibody.pdb
Converting SMILES to graph: 307/500
8fd1A_antigen.pdb  8gv7CD_antibody.pdb
Converting SMILES to graph: 308/500
8fd1A_antigen.pdb  6wzkAB_antibody.pdb
Converting SMILES to graph: 309/500
8fdcP_antigen.pdb  7mm0HL_antibody.pdb
Converting SMILES to graph: 310/500
8fdcP_antigen.pdb  8sazCD_antibody.pdb
Converting SMILES to graph: 311/500
8fdcP_antigen.pdb  6weqGH_antibody.pdb
Converting SMILES to graph: 312/500
8fdcP_antigen.pdb  6icfHL_antibody.pdb
Converting SMILES to graph: 313/500
8fdcP_antigen.pdb  7dk7ab_antibody.pdb
Converting SMILES to graph: 314/500
8fdcP_antigen.pdb  7ph2C_antibody.pdb
Converting SMILES to graph: 315/500
8fddP_antigen.pdb  8pg0HL_antibody.pdb
Converting SMILES to graph: 316/500
8fddP_antigen.pdb  5c6tHL_antibody.pdb
Converting SMILES to graph: 317/500
8fddP_antigen.pdb  8dedHL_antibody.pdb
Converting SMILES to graph: 318/500
8fddP_antigen.pdb  6werEF_antibody.pdb
Converting SMILES to graph: 319/500
8fddP_antigen.pdb  6pv7FG_antibody.pdb
Converting SMILES to graph: 320/500
8fddP_antigen.pdb  7n9aA_antibody.pdb
Converting SMILES to graph: 321/500
8fdoC_antigen.pdb  1ob1BA_antibody.pdb
Converting SMILES to graph: 322/500
8fdoC_antigen.pdb  5mhsED_antibody.pdb
Converting SMILES to graph: 323/500
8fdoC_antigen.pdb  5kelQU_antibody.pdb
Converting SMILES to graph: 324/500
8fdoC_antigen.pdb  6vl8HL_antibody.pdb
Converting SMILES to graph: 325/500
8fdoC_antigen.pdb  8sgoJI_antibody.pdb
Converting SMILES to graph: 326/500
8fdoC_antigen.pdb  7kfvFG_antibody.pdb
Converting SMILES to graph: 327/500
8fe3B_antigen.pdb  1xiwHG_antibody.pdb
Converting SMILES to graph: 328/500
8fe3B_antigen.pdb  1kipBA_antibody.pdb
Converting SMILES to graph: 329/500
8fe3B_antigen.pdb  6ccbDE_antibody.pdb
Converting SMILES to graph: 330/500
8fe3B_antigen.pdb  4ps4HL_antibody.pdb
Converting SMILES to graph: 331/500
8fe3B_antigen.pdb  8cwkHL_antibody.pdb
Converting SMILES to graph: 332/500
8fe3B_antigen.pdb  6gjqF_antibody.pdb
Converting SMILES to graph: 333/500
8fe4B_antigen.pdb  4m1gHL_antibody.pdb
Converting SMILES to graph: 334/500
8fe4B_antigen.pdb  7chbHL_antibody.pdb
Converting SMILES to graph: 335/500
8fe4B_antigen.pdb  8pe9HL_antibody.pdb
Converting SMILES to graph: 336/500
8fe4B_antigen.pdb  3mlsJN_antibody.pdb
Converting SMILES to graph: 337/500
8fe4B_antigen.pdb  5vxjD_antibody.pdb
Converting SMILES to graph: 338/500
8fe4B_antigen.pdb  6rtyB_antibody.pdb
Converting SMILES to graph: 339/500
8fegCD_antigen.pdb  7uvsAB_antibody.pdb
Converting SMILES to graph: 340/500
8fegCD_antigen.pdb  6n7jHL_antibody.pdb
Converting SMILES to graph: 341/500
8fegCD_antigen.pdb  6ieaHL_antibody.pdb
Converting SMILES to graph: 342/500
8fegCD_antigen.pdb  2htkCD_antibody.pdb
Converting SMILES to graph: 343/500
8fegCD_antigen.pdb  7t25HL_antibody.pdb
Converting SMILES to graph: 344/500
8fegCD_antigen.pdb  4hepG_antibody.pdb
Converting SMILES to graph: 345/500
8ffeA_antigen.pdb  5xf1HL_antibody.pdb
Converting SMILES to graph: 346/500
8ffeA_antigen.pdb  3sm5IM_antibody.pdb
Converting SMILES to graph: 347/500
8ffeA_antigen.pdb  8gsfHL_antibody.pdb
Converting SMILES to graph: 348/500
8ffeA_antigen.pdb  6me1AB_antibody.pdb
Converting SMILES to graph: 349/500
8ffeA_antigen.pdb  5vlpHL_antibody.pdb
Converting SMILES to graph: 350/500
8ffeA_antigen.pdb  5c2uB_antibody.pdb
Converting SMILES to graph: 351/500
8fg0P_antigen.pdb  6e0cMm_antibody.pdb
Converting SMILES to graph: 352/500
8fg0P_antigen.pdb  8be1AB_antibody.pdb
Converting SMILES to graph: 353/500
8fg0P_antigen.pdb  8sidJI_antibody.pdb
Converting SMILES to graph: 354/500
8fg0P_antigen.pdb  8taoC_antibody.pdb
Converting SMILES to graph: 355/500
8fg0P_antigen.pdb  8dd2JI_antibody.pdb
Converting SMILES to graph: 356/500
8fg0P_antigen.pdb  8g3oEF_antibody.pdb
Converting SMILES to graph: 357/500
8fgxC_antigen.pdb  7jwqAB_antibody.pdb
Converting SMILES to graph: 358/500
8fgxC_antigen.pdb  8jtdJN_antibody.pdb
Converting SMILES to graph: 359/500
8fgxC_antigen.pdb  7n0xHL_antibody.pdb
Converting SMILES to graph: 360/500
8fgxC_antigen.pdb  7t5oHL_antibody.pdb
Converting SMILES to graph: 361/500
8fgxC_antigen.pdb  4r3sAB_antibody.pdb
Converting SMILES to graph: 362/500
8fgxC_antigen.pdb  3ehbCD_antibody.pdb
Converting SMILES to graph: 363/500
8fk5IGC_antigen.pdb  5cd5CD_antibody.pdb
Converting SMILES to graph: 364/500
8fk5IGC_antigen.pdb  1ct8BA_antibody.pdb
Converting SMILES to graph: 365/500
8fk5IGC_antigen.pdb  7zmrC_antibody.pdb
Converting SMILES to graph: 366/500
8fk5IGC_antigen.pdb  6shgHL_antibody.pdb
Converting SMILES to graph: 367/500
8fk5IGC_antigen.pdb  6i53G_antibody.pdb
Converting SMILES to graph: 368/500
8fk5IGC_antigen.pdb  7nbbD_antibody.pdb
Converting SMILES to graph: 369/500
8fl1IGC_antigen.pdb  6cnjGF_antibody.pdb
Converting SMILES to graph: 370/500
8fl1IGC_antigen.pdb  6qv2F_antibody.pdb
Converting SMILES to graph: 371/500
8fl1IGC_antigen.pdb  7swoHL_antibody.pdb
Converting SMILES to graph: 372/500
8fl1IGC_antigen.pdb  7dm2HL_antibody.pdb
Converting SMILES to graph: 373/500
8fl1IGC_antigen.pdb  7a4dA_antibody.pdb
Converting SMILES to graph: 374/500
8fl1IGC_antigen.pdb  8il3BA_antibody.pdb
Converting SMILES to graph: 375/500
8flqAGB_antigen.pdb  7w53Ee_antibody.pdb
Converting SMILES to graph: 376/500
8flqAGB_antigen.pdb  7semBC_antibody.pdb
Converting SMILES to graph: 377/500
8flqAGB_antigen.pdb  4wenB_antibody.pdb
Converting SMILES to graph: 378/500
8flqAGB_antigen.pdb  7wy5N_antibody.pdb
Converting SMILES to graph: 379/500
8flqAGB_antigen.pdb  7p00Hh_antibody.pdb
Converting SMILES to graph: 380/500
8flqAGB_antigen.pdb  3rajHL_antibody.pdb
Converting SMILES to graph: 381/500
8flrAGB_antigen.pdb  3skjHL_antibody.pdb
Converting SMILES to graph: 382/500
8flrAGB_antigen.pdb  7cfmN_antibody.pdb
Converting SMILES to graph: 383/500
8flrAGB_antigen.pdb  1i8kBA_antibody.pdb
Converting SMILES to graph: 384/500
8flrAGB_antigen.pdb  7y9uC_antibody.pdb
Converting SMILES to graph: 385/500
8flrAGB_antigen.pdb  7sqpB_antibody.pdb
Converting SMILES to graph: 386/500
8flsAB_antigen.pdb  8dpzFG_antibody.pdb
Converting SMILES to graph: 387/500
8flsAB_antigen.pdb  7vnbA_antibody.pdb
Converting SMILES to graph: 388/500
8flsAB_antigen.pdb  6n51D_antibody.pdb
Converting SMILES to graph: 389/500
8flsAB_antigen.pdb  7triZY_antibody.pdb
Converting SMILES to graph: 390/500
8flsAB_antigen.pdb  8dunHL_antibody.pdb
Converting SMILES to graph: 391/500
8flsAB_antigen.pdb  7y3jHL_antibody.pdb
Converting SMILES to graph: 392/500
8fltAB_antigen.pdb  3h42HL_antibody.pdb
Converting SMILES to graph: 393/500
8fltAB_antigen.pdb  2r0zHL_antibody.pdb
Converting SMILES to graph: 394/500
8fltAB_antigen.pdb  4w2oA_antibody.pdb
Converting SMILES to graph: 395/500
8fltAB_antigen.pdb  7xcoHL_antibody.pdb
Converting SMILES to graph: 396/500
8fltAB_antigen.pdb  5wdfAB_antibody.pdb
Converting SMILES to graph: 397/500
8fltAB_antigen.pdb  4tujAB_antibody.pdb
Converting SMILES to graph: 398/500
8fluAB_antigen.pdb  8jz7Ss_antibody.pdb
Converting SMILES to graph: 399/500
8fluAB_antigen.pdb  7x6aHL_antibody.pdb
Converting SMILES to graph: 400/500
8fluAB_antigen.pdb  7c2tKL_antibody.pdb
Converting SMILES to graph: 401/500
8fluAB_antigen.pdb  6fy2XY_antibody.pdb
Converting SMILES to graph: 402/500
8fluAB_antigen.pdb  7e5rLH_antibody.pdb
Converting SMILES to graph: 403/500
8fluAB_antigen.pdb  7th2C_antibody.pdb
Converting SMILES to graph: 404/500
8flwIGC_antigen.pdb  7t5fF_antibody.pdb
Converting SMILES to graph: 405/500
8flwIGC_antigen.pdb  7vncV_antibody.pdb
Converting SMILES to graph: 406/500
8flwIGC_antigen.pdb  5ezoHL_antibody.pdb
Converting SMILES to graph: 407/500
8flwIGC_antigen.pdb  4i18HL_antibody.pdb
Converting SMILES to graph: 408/500
8flwIGC_antigen.pdb  3mlyHL_antibody.pdb
Converting SMILES to graph: 409/500
8flwIGC_antigen.pdb  4k24HL_antibody.pdb
Converting SMILES to graph: 410/500
8fmzBC_antigen.pdb  1yjdHL_antibody.pdb
Converting SMILES to graph: 411/500
8fmzBC_antigen.pdb  7rsoIK_antibody.pdb
Converting SMILES to graph: 412/500
8fmzBC_antigen.pdb  6x8sHL_antibody.pdb
Converting SMILES to graph: 413/500
8fmzBC_antigen.pdb  6lraHL_antibody.pdb
Converting SMILES to graph: 414/500
8fmzBC_antigen.pdb  8f8wC_antibody.pdb
Converting SMILES to graph: 415/500
8fmzBC_antigen.pdb  6cf2AB_antibody.pdb
Converting SMILES to graph: 416/500
8fn0BC_antigen.pdb  6z3qHL_antibody.pdb
Converting SMILES to graph: 417/500
8fn0BC_antigen.pdb  6hx4HL_antibody.pdb
Converting SMILES to graph: 418/500
8fn0BC_antigen.pdb  6i2gA_antibody.pdb
Converting SMILES to graph: 419/500
8fn0BC_antigen.pdb  8jlrSs_antibody.pdb
Converting SMILES to graph: 420/500
8fn0BC_antigen.pdb  7pi3TU_antibody.pdb
Converting SMILES to graph: 421/500
8fn0BC_antigen.pdb  6bgtBA_antibody.pdb
Converting SMILES to graph: 422/500
8fn1BC_antigen.pdb  4yblBC_antibody.pdb
Converting SMILES to graph: 423/500
8fn1BC_antigen.pdb  7o06A_antibody.pdb
Converting SMILES to graph: 424/500
8fn1BC_antigen.pdb  6t9eAB_antibody.pdb
Converting SMILES to graph: 425/500
8fn1BC_antigen.pdb  6n16KJ_antibody.pdb
Converting SMILES to graph: 426/500
8fn1BC_antigen.pdb  7ws2ED_antibody.pdb
Converting SMILES to graph: 427/500
8foiA_antigen.pdb  4plkHL_antibody.pdb
Converting SMILES to graph: 428/500
8foiA_antigen.pdb  6n51D_antibody.pdb
Converting SMILES to graph: 429/500
8foiA_antigen.pdb  8cimDE_antibody.pdb
Converting SMILES to graph: 430/500
8foiA_antigen.pdb  8im1B_antibody.pdb
Converting SMILES to graph: 431/500
8foiA_antigen.pdb  1pkqBA_antibody.pdb
Converting SMILES to graph: 432/500
8fr6AC_antigen.pdb  7rmgN_antibody.pdb
Converting SMILES to graph: 433/500
8fr6AC_antigen.pdb  7memHL_antibody.pdb
Converting SMILES to graph: 434/500
8fr6AC_antigen.pdb  6b9jAB_antibody.pdb
Converting SMILES to graph: 435/500
8fr6AC_antigen.pdb  5w23HL_antibody.pdb
Converting SMILES to graph: 436/500
8fr6AC_antigen.pdb  7d3kHL_antibody.pdb
Converting SMILES to graph: 437/500
8fr6AC_antigen.pdb  6touAa_antibody.pdb
Converting SMILES to graph: 438/500
8fsjE_antigen.pdb  7kddDE_antibody.pdb
Converting SMILES to graph: 439/500
8fsjE_antigen.pdb  2xqyGL_antibody.pdb
Converting SMILES to graph: 440/500
8fsjE_antigen.pdb  7sr8Ee_antibody.pdb
Converting SMILES to graph: 441/500
8fsjE_antigen.pdb  6bf7EF_antibody.pdb
Converting SMILES to graph: 442/500
8fsjE_antigen.pdb  7w6pHh_antibody.pdb
Converting SMILES to graph: 443/500
8fsjE_antigen.pdb  4pouB_antibody.pdb
Converting SMILES to graph: 444/500
8ftgB_antigen.pdb  3ujiHL_antibody.pdb
Converting SMILES to graph: 445/500
8ftgB_antigen.pdb  7y7jED_antibody.pdb
Converting SMILES to graph: 446/500
8ftgB_antigen.pdb  7s0eHL_antibody.pdb
Converting SMILES to graph: 447/500
8ftgB_antigen.pdb  6cwdBb_antibody.pdb
Converting SMILES to graph: 448/500
8ftgB_antigen.pdb  7wouDd_antibody.pdb
Converting SMILES to graph: 449/500
8ftgB_antigen.pdb  6wg2HL_antibody.pdb
Converting SMILES to graph: 450/500
8fu6AB_antigen.pdb  8ituED_antibody.pdb
Converting SMILES to graph: 451/500
8fu6AB_antigen.pdb  7lqvHL_antibody.pdb
Converting SMILES to graph: 452/500
8fu6AB_antigen.pdb  7m55HL_antibody.pdb
Converting SMILES to graph: 453/500
8fu6AB_antigen.pdb  7kgkB_antibody.pdb
Converting SMILES to graph: 454/500
8fu6AB_antigen.pdb  8gv5CD_antibody.pdb
Converting SMILES to graph: 455/500
8fu6AB_antigen.pdb  8hcqEe_antibody.pdb
Converting SMILES to graph: 456/500
8fx5AB_antigen.pdb  7m8jHL_antibody.pdb
Converting SMILES to graph: 457/500
8fx5AB_antigen.pdb  3c09HL_antibody.pdb
Converting SMILES to graph: 458/500
8fx5AB_antigen.pdb  7ow1HK_antibody.pdb
Converting SMILES to graph: 459/500
8fx5AB_antigen.pdb  6sv2HL_antibody.pdb
Converting SMILES to graph: 460/500
8fx5AB_antigen.pdb  7k7yC_antibody.pdb
Converting SMILES to graph: 461/500
8fx5AB_antigen.pdb  4kk9EF_antibody.pdb
Converting SMILES to graph: 462/500
8fxbE_antigen.pdb  8dwaHL_antibody.pdb
Converting SMILES to graph: 463/500
8fxbE_antigen.pdb  7sg5HL_antibody.pdb
Converting SMILES to graph: 464/500
8fxbE_antigen.pdb  3gjfHL_antibody.pdb
Converting SMILES to graph: 465/500
8fxbE_antigen.pdb  2xzqHL_antibody.pdb
Converting SMILES to graph: 466/500
8fxbE_antigen.pdb  7d7mE_antibody.pdb
Converting SMILES to graph: 467/500
8fxbE_antigen.pdb  7x1uDd_antibody.pdb
Converting SMILES to graph: 468/500
8fxcE_antigen.pdb  6rp8hl_antibody.pdb
Converting SMILES to graph: 469/500
8fxcE_antigen.pdb  7lr4AB_antibody.pdb
Converting SMILES to graph: 470/500
8fxcE_antigen.pdb  7wcrab_antibody.pdb
Converting SMILES to graph: 471/500
8fxcE_antigen.pdb  7vtjHL_antibody.pdb
Converting SMILES to graph: 472/500
8fxcE_antigen.pdb  7nivCB_antibody.pdb
Converting SMILES to graph: 473/500
8fxsA_antigen.pdb  6idlIJ_antibody.pdb
Converting SMILES to graph: 474/500
8fxsA_antigen.pdb  8ez8HL_antibody.pdb
Converting SMILES to graph: 475/500
8fxsA_antigen.pdb  6phcAB_antibody.pdb
Converting SMILES to graph: 476/500
8fxsA_antigen.pdb  8f60AB_antibody.pdb
Converting SMILES to graph: 477/500
8fxsA_antigen.pdb  6r0xCD_antibody.pdb
Converting SMILES to graph: 478/500
8fxsA_antigen.pdb  7x46HL_antibody.pdb
Converting SMILES to graph: 479/500
8fxvA_antigen.pdb  4zpvHL_antibody.pdb
Converting SMILES to graph: 480/500
8fxvA_antigen.pdb  4xzuEF_antibody.pdb
Converting SMILES to graph: 481/500
8fxvA_antigen.pdb  7ebzEF_antibody.pdb
Converting SMILES to graph: 482/500
8fxvA_antigen.pdb  4fqvJN_antibody.pdb
Converting SMILES to graph: 483/500
8fxvA_antigen.pdb  7nj5F_antibody.pdb
Converting SMILES to graph: 484/500
8fxvA_antigen.pdb  7raqHL_antibody.pdb
Converting SMILES to graph: 485/500
8fymP_antigen.pdb  7mlvLM_antibody.pdb
Converting SMILES to graph: 486/500
8fymP_antigen.pdb  6k65HL_antibody.pdb
Converting SMILES to graph: 487/500
8fymP_antigen.pdb  5ngvHL_antibody.pdb
Converting SMILES to graph: 488/500
8fymP_antigen.pdb  2mpaHL_antibody.pdb
Converting SMILES to graph: 489/500
8fymP_antigen.pdb  7lkiDE_antibody.pdb
Converting SMILES to graph: 490/500
8fymP_antigen.pdb  6ucfHL_antibody.pdb
Converting SMILES to graph: 491/500
8fz2P_antigen.pdb  8jljSs_antibody.pdb
Converting SMILES to graph: 492/500
8fz2P_antigen.pdb  8j80EC_antibody.pdb
Converting SMILES to graph: 493/500
8fz2P_antigen.pdb  7kdeHL_antibody.pdb
Converting SMILES to graph: 494/500
8fz2P_antigen.pdb  7kzzDC_antibody.pdb
Converting SMILES to graph: 495/500
8fz2P_antigen.pdb  3l5xHL_antibody.pdb
Converting SMILES to graph: 496/500
8fz2P_antigen.pdb  6wm9BC_antibody.pdb
Converting SMILES to graph: 497/500
8g05AGB_antigen.pdb  1tpxBC_antibody.pdb
Converting SMILES to graph: 498/500
8g05AGB_antigen.pdb  5mu2KL_antibody.pdb
Converting SMILES to graph: 499/500
8g05AGB_antigen.pdb  5y9jHL_antibody.pdb
Converting SMILES to graph: 500/500
8g05AGB_antigen.pdb  7l5bHL_antibody.pdb
Graph construction done. Saving to file.
