Converting SMILES to graph: 1/500
8gzzA_antigen.pdb  6mi2DE_antibody.pdb
Converting SMILES to graph: 2/500
8gzzA_antigen.pdb  4jm2DC_antibody.pdb
Converting SMILES to graph: 3/500
8h00A_antigen.pdb  7o3bA_antibody.pdb
Converting SMILES to graph: 4/500
8h00A_antigen.pdb  4nnpHL_antibody.pdb
Converting SMILES to graph: 5/500
8h00A_antigen.pdb  5vgjHL_antibody.pdb
Converting SMILES to graph: 6/500
8h00A_antigen.pdb  6vknIK_antibody.pdb
Converting SMILES to graph: 7/500
8h00A_antigen.pdb  1hi6BA_antibody.pdb
Converting SMILES to graph: 8/500
8h00A_antigen.pdb  8hnkSs_antibody.pdb
Converting SMILES to graph: 9/500
8h01A_antigen.pdb  3n85HL_antibody.pdb
Converting SMILES to graph: 10/500
8h01A_antigen.pdb  4n8cHL_antibody.pdb
Converting SMILES to graph: 11/500
8h01A_antigen.pdb  8dzvAa_antibody.pdb
Converting SMILES to graph: 12/500
8h01A_antigen.pdb  7c2lJN_antibody.pdb
Converting SMILES to graph: 13/500
8h01A_antigen.pdb  7x3cHL_antibody.pdb
Converting SMILES to graph: 14/500
8h01A_antigen.pdb  7zfbN_antibody.pdb
Converting SMILES to graph: 15/500
8h07C_antigen.pdb  5y7zD_antibody.pdb
Converting SMILES to graph: 16/500
8h07C_antigen.pdb  6n5eGF_antibody.pdb
Converting SMILES to graph: 17/500
8h07C_antigen.pdb  5u7oHL_antibody.pdb
Converting SMILES to graph: 18/500
8h07C_antigen.pdb  7lf2GI_antibody.pdb
Converting SMILES to graph: 19/500
8h07C_antigen.pdb  8hixN_antibody.pdb
Converting SMILES to graph: 20/500
8h08C_antigen.pdb  4wgvB_antibody.pdb
Converting SMILES to graph: 21/500
8h08C_antigen.pdb  8dyyHL_antibody.pdb
Converting SMILES to graph: 22/500
8h08C_antigen.pdb  7nj3F_antibody.pdb
Converting SMILES to graph: 23/500
8h08C_antigen.pdb  5ja9B_antibody.pdb
Converting SMILES to graph: 24/500
8h08C_antigen.pdb  8afhD_antibody.pdb
Converting SMILES to graph: 25/500
8h0pAB_antigen.pdb  5g5rB_antibody.pdb
Converting SMILES to graph: 26/500
8h0pAB_antigen.pdb  7nkiF_antibody.pdb
Converting SMILES to graph: 27/500
8h0pAB_antigen.pdb  1g7lBA_antibody.pdb
Converting SMILES to graph: 28/500
8h0pAB_antigen.pdb  5x2pJK_antibody.pdb
Converting SMILES to graph: 29/500
8h0pAB_antigen.pdb  7lzpH_antibody.pdb
Converting SMILES to graph: 30/500
8h0pAB_antigen.pdb  6ddvBA_antibody.pdb
Converting SMILES to graph: 31/500
8h0qAB_antigen.pdb  7y6nHL_antibody.pdb
Converting SMILES to graph: 32/500
8h0qAB_antigen.pdb  7swoHL_antibody.pdb
Converting SMILES to graph: 33/500
8h0qAB_antigen.pdb  5x2qHL_antibody.pdb
Converting SMILES to graph: 34/500
8h0qAB_antigen.pdb  7v4wBA_antibody.pdb
Converting SMILES to graph: 35/500
8h0qAB_antigen.pdb  8f0hBD_antibody.pdb
Converting SMILES to graph: 36/500
8h0qAB_antigen.pdb  7zmkBC_antibody.pdb
Converting SMILES to graph: 37/500
8h2gBC_antigen.pdb  6dzmJL_antibody.pdb
Converting SMILES to graph: 38/500
8h2gBC_antigen.pdb  6kz0HI_antibody.pdb
Converting SMILES to graph: 39/500
8h2gBC_antigen.pdb  8bvrB_antibody.pdb
Converting SMILES to graph: 40/500
8h2gBC_antigen.pdb  6ysqD_antibody.pdb
Converting SMILES to graph: 41/500
8h2gBC_antigen.pdb  6w09KO_antibody.pdb
Converting SMILES to graph: 42/500
8h2gBC_antigen.pdb  7bejHL_antibody.pdb
Converting SMILES to graph: 43/500
8h3cFG_antigen.pdb  5xhvHL_antibody.pdb
Converting SMILES to graph: 44/500
8h3cFG_antigen.pdb  4dkeIM_antibody.pdb
Converting SMILES to graph: 45/500
8h3cFG_antigen.pdb  7cu4DE_antibody.pdb
Converting SMILES to graph: 46/500
8h3cFG_antigen.pdb  6vo1GJ_antibody.pdb
Converting SMILES to graph: 47/500
8h3cFG_antigen.pdb  7xowEe_antibody.pdb
Converting SMILES to graph: 48/500
8h3cFG_antigen.pdb  5vjoCD_antibody.pdb
Converting SMILES to graph: 49/500
8h3xC_antigen.pdb  7o9wCB_antibody.pdb
Converting SMILES to graph: 50/500
8h3xC_antigen.pdb  7wu3N_antibody.pdb
Converting SMILES to graph: 51/500
8h3xC_antigen.pdb  1jhlHL_antibody.pdb
Converting SMILES to graph: 52/500
8h3xC_antigen.pdb  6bitJL_antibody.pdb
Converting SMILES to graph: 53/500
8h3xC_antigen.pdb  3jauHL_antibody.pdb
Converting SMILES to graph: 54/500
8h3xC_antigen.pdb  6hhdD_antibody.pdb
Converting SMILES to graph: 55/500
8h3yB_antigen.pdb  2h1pHL_antibody.pdb
Converting SMILES to graph: 56/500
8h3yB_antigen.pdb  4uujAB_antibody.pdb
Converting SMILES to graph: 57/500
8h3yB_antigen.pdb  6cxyHL_antibody.pdb
Converting SMILES to graph: 58/500
8h3yB_antigen.pdb  1t03HL_antibody.pdb
Converting SMILES to graph: 59/500
8h3yB_antigen.pdb  8hnnN_antibody.pdb
Converting SMILES to graph: 60/500
8h3yB_antigen.pdb  1ncaHL_antibody.pdb
Converting SMILES to graph: 61/500
8h4iAB_antigen.pdb  8j7tEC_antibody.pdb
Converting SMILES to graph: 62/500
8h4iAB_antigen.pdb  7wp1HL_antibody.pdb
Converting SMILES to graph: 63/500
8h4iAB_antigen.pdb  6wtuHI_antibody.pdb
Converting SMILES to graph: 64/500
8h4iAB_antigen.pdb  2hjfAB_antibody.pdb
Converting SMILES to graph: 65/500
8h4iAB_antigen.pdb  6tnpBA_antibody.pdb
Converting SMILES to graph: 66/500
8h4iAB_antigen.pdb  7uzcEF_antibody.pdb
Converting SMILES to graph: 67/500
8h4kAB_antigen.pdb  1u8kBA_antibody.pdb
Converting SMILES to graph: 68/500
8h4kAB_antigen.pdb  7ejzHL_antibody.pdb
Converting SMILES to graph: 69/500
8h4kAB_antigen.pdb  7tjqAB_antibody.pdb
Converting SMILES to graph: 70/500
8h4kAB_antigen.pdb  3mugFE_antibody.pdb
Converting SMILES to graph: 71/500
8h4kAB_antigen.pdb  7vujN_antibody.pdb
Converting SMILES to graph: 72/500
8h4kAB_antigen.pdb  7mmoAB_antibody.pdb
Converting SMILES to graph: 73/500
8h4lAB_antigen.pdb  6phfAB_antibody.pdb
Converting SMILES to graph: 74/500
8h4lAB_antigen.pdb  4risHL_antibody.pdb
Converting SMILES to graph: 75/500
8h4lAB_antigen.pdb  6b5lHL_antibody.pdb
Converting SMILES to graph: 76/500
8h4lAB_antigen.pdb  4g6mHL_antibody.pdb
Converting SMILES to graph: 77/500
8h4lAB_antigen.pdb  3grwHL_antibody.pdb
Converting SMILES to graph: 78/500
8h4lAB_antigen.pdb  5f9wBC_antibody.pdb
Converting SMILES to graph: 79/500
8h5tA_antigen.pdb  5kemIJ_antibody.pdb
Converting SMILES to graph: 80/500
8h5tA_antigen.pdb  7yk7Ss_antibody.pdb
Converting SMILES to graph: 81/500
8h5tA_antigen.pdb  7m6iHL_antibody.pdb
Converting SMILES to graph: 82/500
8h5tA_antigen.pdb  6mpg34_antibody.pdb
Converting SMILES to graph: 83/500
8h5tA_antigen.pdb  6w09KO_antibody.pdb
Converting SMILES to graph: 84/500
8h5tA_antigen.pdb  1u8mBA_antibody.pdb
Converting SMILES to graph: 85/500
8h5uA_antigen.pdb  6x19N_antibody.pdb
Converting SMILES to graph: 86/500
8h5uA_antigen.pdb  5c8jAB_antibody.pdb
Converting SMILES to graph: 87/500
8h5uA_antigen.pdb  7neqFE_antibody.pdb
Converting SMILES to graph: 88/500
8h5uA_antigen.pdb  4yxlHL_antibody.pdb
Converting SMILES to graph: 89/500
8h5uA_antigen.pdb  7qjjB_antibody.pdb
Converting SMILES to graph: 90/500
8h5uA_antigen.pdb  7qn8K_antibody.pdb
Converting SMILES to graph: 91/500
8h63A_antigen.pdb  7yqxHF_antibody.pdb
Converting SMILES to graph: 92/500
8h63A_antigen.pdb  4pljHL_antibody.pdb
Converting SMILES to graph: 93/500
8h63A_antigen.pdb  8fa7HL_antibody.pdb
Converting SMILES to graph: 94/500
8h63A_antigen.pdb  5i8hGH_antibody.pdb
Converting SMILES to graph: 95/500
8h63A_antigen.pdb  3csyEF_antibody.pdb
Converting SMILES to graph: 96/500
8h63A_antigen.pdb  5xjmHL_antibody.pdb
Converting SMILES to graph: 97/500
8h64A_antigen.pdb  7k8vMN_antibody.pdb
Converting SMILES to graph: 98/500
8h64A_antigen.pdb  5vk2DE_antibody.pdb
Converting SMILES to graph: 99/500
8h64A_antigen.pdb  1mpaHL_antibody.pdb
Converting SMILES to graph: 100/500
8h64A_antigen.pdb  8iruEe_antibody.pdb
Converting SMILES to graph: 101/500
8h64A_antigen.pdb  7ns6H_antibody.pdb
Converting SMILES to graph: 102/500
8h7lB_antigen.pdb  8sarCD_antibody.pdb
Converting SMILES to graph: 103/500
8h7lB_antigen.pdb  6p3sCD_antibody.pdb
Converting SMILES to graph: 104/500
8h7lB_antigen.pdb  6p50HL_antibody.pdb
Converting SMILES to graph: 105/500
8h7lB_antigen.pdb  3fb8AB_antibody.pdb
Converting SMILES to graph: 106/500
8h7lB_antigen.pdb  6idkHL_antibody.pdb
Converting SMILES to graph: 107/500
8h7lB_antigen.pdb  3k3qA_antibody.pdb
Converting SMILES to graph: 108/500
8h7zA_antigen.pdb  4m62IM_antibody.pdb
Converting SMILES to graph: 109/500
8h7zA_antigen.pdb  6j14AB_antibody.pdb
Converting SMILES to graph: 110/500
8h7zA_antigen.pdb  6xq4EF_antibody.pdb
Converting SMILES to graph: 111/500
8h7zA_antigen.pdb  7t8xEe_antibody.pdb
Converting SMILES to graph: 112/500
8h7zA_antigen.pdb  4g6mHL_antibody.pdb
Converting SMILES to graph: 113/500
8h7zA_antigen.pdb  7feiHL_antibody.pdb
Converting SMILES to graph: 114/500
8h8jABG_antigen.pdb  6hxwCD_antibody.pdb
Converting SMILES to graph: 115/500
8h8jABG_antigen.pdb  2dqfBA_antibody.pdb
Converting SMILES to graph: 116/500
8h8jABG_antigen.pdb  5i74BC_antibody.pdb
Converting SMILES to graph: 117/500
8h8jABG_antigen.pdb  7cm4HL_antibody.pdb
Converting SMILES to graph: 118/500
8h8jABG_antigen.pdb  3j8zIM_antibody.pdb
Converting SMILES to graph: 119/500
8h8jABG_antigen.pdb  5tq2HL_antibody.pdb
Converting SMILES to graph: 120/500
8h8qA_antigen.pdb  6hupG_antibody.pdb
Converting SMILES to graph: 121/500
8h8qA_antigen.pdb  6a78IM_antibody.pdb
Converting SMILES to graph: 122/500
8h8qA_antigen.pdb  8cw9JB_antibody.pdb
Converting SMILES to graph: 123/500
8h8qA_antigen.pdb  6lntPQ_antibody.pdb
Converting SMILES to graph: 124/500
8h8qA_antigen.pdb  6xr0HL_antibody.pdb
Converting SMILES to graph: 125/500
8h8qA_antigen.pdb  2ny3DC_antibody.pdb
Converting SMILES to graph: 126/500
8h91A_antigen.pdb  8h4kN_antibody.pdb
Converting SMILES to graph: 127/500
8h91A_antigen.pdb  4g80GH_antibody.pdb
Converting SMILES to graph: 128/500
8h91A_antigen.pdb  2otwBA_antibody.pdb
Converting SMILES to graph: 129/500
8h91A_antigen.pdb  6wtvHI_antibody.pdb
Converting SMILES to graph: 130/500
8h91A_antigen.pdb  6zdgBC_antibody.pdb
Converting SMILES to graph: 131/500
8h91A_antigen.pdb  7xtcN_antibody.pdb
Converting SMILES to graph: 132/500
8ha0AB_antigen.pdb  6x8uHL_antibody.pdb
Converting SMILES to graph: 133/500
8ha0AB_antigen.pdb  4wgvB_antibody.pdb
Converting SMILES to graph: 134/500
8ha0AB_antigen.pdb  8f0gXY_antibody.pdb
Converting SMILES to graph: 135/500
8ha0AB_antigen.pdb  6lhpHL_antibody.pdb
Converting SMILES to graph: 136/500
8ha0AB_antigen.pdb  7cheHL_antibody.pdb
Converting SMILES to graph: 137/500
8ha0AB_antigen.pdb  5w5xHL_antibody.pdb
Converting SMILES to graph: 138/500
8hafAB_antigen.pdb  5bk1HL_antibody.pdb
Converting SMILES to graph: 139/500
8hafAB_antigen.pdb  2uudJK_antibody.pdb
Converting SMILES to graph: 140/500
8hafAB_antigen.pdb  7s7iHL_antibody.pdb
Converting SMILES to graph: 141/500
8hafAB_antigen.pdb  3hb3CD_antibody.pdb
Converting SMILES to graph: 142/500
8hafAB_antigen.pdb  8hcqEe_antibody.pdb
Converting SMILES to graph: 143/500
8hafAB_antigen.pdb  8ekaHL_antibody.pdb
Converting SMILES to graph: 144/500
8haoCD_antigen.pdb  8w84AB_antibody.pdb
Converting SMILES to graph: 145/500
8haoCD_antigen.pdb  3rvxDC_antibody.pdb
Converting SMILES to graph: 146/500
8haoCD_antigen.pdb  8bbhHL_antibody.pdb
Converting SMILES to graph: 147/500
8haoCD_antigen.pdb  4xc3HL_antibody.pdb
Converting SMILES to graph: 148/500
8haoCD_antigen.pdb  7kfyHL_antibody.pdb
Converting SMILES to graph: 149/500
8haoCD_antigen.pdb  5nuzHL_antibody.pdb
Converting SMILES to graph: 150/500
8hbdAB_antigen.pdb  7sr5B_antibody.pdb
Converting SMILES to graph: 151/500
8hbdAB_antigen.pdb  7wy8D_antibody.pdb
Converting SMILES to graph: 152/500
8hbdAB_antigen.pdb  8irsEe_antibody.pdb
Converting SMILES to graph: 153/500
8hbdAB_antigen.pdb  6b3mCD_antibody.pdb
Converting SMILES to graph: 154/500
8hbdAB_antigen.pdb  2bocAB_antibody.pdb
Converting SMILES to graph: 155/500
8hbdAB_antigen.pdb  4n0yHL_antibody.pdb
Converting SMILES to graph: 156/500
8hbgC_antigen.pdb  7yziC_antibody.pdb
Converting SMILES to graph: 157/500
8hbgC_antigen.pdb  4xp6HL_antibody.pdb
Converting SMILES to graph: 158/500
8hbgC_antigen.pdb  5lxaHh_antibody.pdb
Converting SMILES to graph: 159/500
8hbgC_antigen.pdb  2eksBA_antibody.pdb
Converting SMILES to graph: 160/500
8hbgC_antigen.pdb  6vpxPQ_antibody.pdb
Converting SMILES to graph: 161/500
8hbgC_antigen.pdb  6lmlDd_antibody.pdb
Converting SMILES to graph: 162/500
8hbjC_antigen.pdb  3t3pEF_antibody.pdb
Converting SMILES to graph: 163/500
8hbjC_antigen.pdb  7a5vO_antibody.pdb
Converting SMILES to graph: 164/500
8hbjC_antigen.pdb  7vndD_antibody.pdb
Converting SMILES to graph: 165/500
8hbjC_antigen.pdb  5imkB_antibody.pdb
Converting SMILES to graph: 166/500
8hbjC_antigen.pdb  7jozN_antibody.pdb
Converting SMILES to graph: 167/500
8hbjC_antigen.pdb  6nf2ST_antibody.pdb
Converting SMILES to graph: 168/500
8hbvA_antigen.pdb  7ej8Hh_antibody.pdb
Converting SMILES to graph: 169/500
8hbvA_antigen.pdb  6b3sCD_antibody.pdb
Converting SMILES to graph: 170/500
8hbvA_antigen.pdb  8u4vHL_antibody.pdb
Converting SMILES to graph: 171/500
8hbvA_antigen.pdb  5jw3HL_antibody.pdb
Converting SMILES to graph: 172/500
8hbvA_antigen.pdb  7fgjHL_antibody.pdb
Converting SMILES to graph: 173/500
8hbvA_antigen.pdb  8sb4CD_antibody.pdb
Converting SMILES to graph: 174/500
8hbwA_antigen.pdb  8tpaHL_antibody.pdb
Converting SMILES to graph: 175/500
8hbwA_antigen.pdb  7vkeB_antibody.pdb
Converting SMILES to graph: 176/500
8hbwA_antigen.pdb  8bw7B_antibody.pdb
Converting SMILES to graph: 177/500
8hbwA_antigen.pdb  7np1IM_antibody.pdb
Converting SMILES to graph: 178/500
8hbwA_antigen.pdb  7p78H_antibody.pdb
Converting SMILES to graph: 179/500
8hbwA_antigen.pdb  2oz4HL_antibody.pdb
Converting SMILES to graph: 180/500
8hc2B_antigen.pdb  5npiAa_antibody.pdb
Converting SMILES to graph: 181/500
8hc2B_antigen.pdb  4ogyHL_antibody.pdb
Converting SMILES to graph: 182/500
8hc2B_antigen.pdb  6w0aAB_antibody.pdb
Converting SMILES to graph: 183/500
8hc2B_antigen.pdb  6j5fHL_antibody.pdb
Converting SMILES to graph: 184/500
8hc2B_antigen.pdb  6mhrAB_antibody.pdb
Converting SMILES to graph: 185/500
8hc2B_antigen.pdb  7w1sB_antibody.pdb
Converting SMILES to graph: 186/500
8hc3B_antigen.pdb  7vktEe_antibody.pdb
Converting SMILES to graph: 187/500
8hc3B_antigen.pdb  5mu2KL_antibody.pdb
Converting SMILES to graph: 188/500
8hc3B_antigen.pdb  1r3kBA_antibody.pdb
Converting SMILES to graph: 189/500
8hc3B_antigen.pdb  3jbc7_antibody.pdb
Converting SMILES to graph: 190/500
8hc3B_antigen.pdb  5c0nCD_antibody.pdb
Converting SMILES to graph: 191/500
8hc3B_antigen.pdb  3etbIi_antibody.pdb
Converting SMILES to graph: 192/500
8hc4A_antigen.pdb  7xz5N_antibody.pdb
Converting SMILES to graph: 193/500
8hc4A_antigen.pdb  7f0tE_antibody.pdb
Converting SMILES to graph: 194/500
8hc4A_antigen.pdb  3hplAB_antibody.pdb
Converting SMILES to graph: 195/500
8hc4A_antigen.pdb  6rnkB_antibody.pdb
Converting SMILES to graph: 196/500
8hc4A_antigen.pdb  5v8mSU_antibody.pdb
Converting SMILES to graph: 197/500
8hc4A_antigen.pdb  6b0hDC_antibody.pdb
Converting SMILES to graph: 198/500
8hc5C_antigen.pdb  7aueSs_antibody.pdb
Converting SMILES to graph: 199/500
8hc5C_antigen.pdb  5f9dC_antibody.pdb
Converting SMILES to graph: 200/500
8hc5C_antigen.pdb  8bh5HL_antibody.pdb
Converting SMILES to graph: 201/500
8hc5C_antigen.pdb  7d0dHL_antibody.pdb
Converting SMILES to graph: 202/500
8hc5C_antigen.pdb  7evmN_antibody.pdb
Converting SMILES to graph: 203/500
8hc5C_antigen.pdb  6li3N_antibody.pdb
Converting SMILES to graph: 204/500
8hc6C_antigen.pdb  5vk2DE_antibody.pdb
Converting SMILES to graph: 205/500
8hc6C_antigen.pdb  6h6yH_antibody.pdb
Converting SMILES to graph: 206/500
8hc6C_antigen.pdb  4ot1HL_antibody.pdb
Converting SMILES to graph: 207/500
8hc6C_antigen.pdb  3jcxHL_antibody.pdb
Converting SMILES to graph: 208/500
8hc6C_antigen.pdb  8gasHL_antibody.pdb
Converting SMILES to graph: 209/500
8hc6C_antigen.pdb  8fxvB_antibody.pdb
Converting SMILES to graph: 210/500
8hc7C_antigen.pdb  6f2wB_antibody.pdb
Converting SMILES to graph: 211/500
8hc7C_antigen.pdb  7vfbB_antibody.pdb
Converting SMILES to graph: 212/500
8hc7C_antigen.pdb  7soeBL_antibody.pdb
Converting SMILES to graph: 213/500
8hc7C_antigen.pdb  5vphDC_antibody.pdb
Converting SMILES to graph: 214/500
8hc7C_antigen.pdb  7sn2HL_antibody.pdb
Converting SMILES to graph: 215/500
8hc7C_antigen.pdb  7d85BC_antibody.pdb
Converting SMILES to graph: 216/500
8hc8C_antigen.pdb  8gutSs_antibody.pdb
Converting SMILES to graph: 217/500
8hc8C_antigen.pdb  7xsaBC_antibody.pdb
Converting SMILES to graph: 218/500
8hc8C_antigen.pdb  3v52HL_antibody.pdb
Converting SMILES to graph: 219/500
8hc8C_antigen.pdb  8j6pSs_antibody.pdb
Converting SMILES to graph: 220/500
8hc8C_antigen.pdb  8ffeHL_antibody.pdb
Converting SMILES to graph: 221/500
8hc8C_antigen.pdb  7m8lNQ_antibody.pdb
Converting SMILES to graph: 222/500
8hc9B_antigen.pdb  4ki5EF_antibody.pdb
Converting SMILES to graph: 223/500
8hc9B_antigen.pdb  6uktF_antibody.pdb
Converting SMILES to graph: 224/500
8hc9B_antigen.pdb  5gisHL_antibody.pdb
Converting SMILES to graph: 225/500
8hc9B_antigen.pdb  3levHL_antibody.pdb
Converting SMILES to graph: 226/500
8hc9B_antigen.pdb  7sbfEe_antibody.pdb
Converting SMILES to graph: 227/500
8hc9B_antigen.pdb  7a4tA_antibody.pdb
Converting SMILES to graph: 228/500
8hcaB_antigen.pdb  6do1E_antibody.pdb
Converting SMILES to graph: 229/500
8hcaB_antigen.pdb  7cahED_antibody.pdb
Converting SMILES to graph: 230/500
8hcaB_antigen.pdb  7e8mHL_antibody.pdb
Converting SMILES to graph: 231/500
8hcaB_antigen.pdb  6gs1H_antibody.pdb
Converting SMILES to graph: 232/500
8hcaB_antigen.pdb  7nxxB_antibody.pdb
Converting SMILES to graph: 233/500
8hcaB_antigen.pdb  5dmjE_antibody.pdb
Converting SMILES to graph: 234/500
8hcbB_antigen.pdb  6um7JK_antibody.pdb
Converting SMILES to graph: 235/500
8hcbB_antigen.pdb  7jhgHL_antibody.pdb
Converting SMILES to graph: 236/500
8hcbB_antigen.pdb  7mw6DE_antibody.pdb
Converting SMILES to graph: 237/500
8hcbB_antigen.pdb  7y7mFG_antibody.pdb
Converting SMILES to graph: 238/500
8hcbB_antigen.pdb  6jszD_antibody.pdb
Converting SMILES to graph: 239/500
8hcbB_antigen.pdb  8haoF_antibody.pdb
Converting SMILES to graph: 240/500
8hcqAB_antigen.pdb  7xw9Ss_antibody.pdb
Converting SMILES to graph: 241/500
8hcqAB_antigen.pdb  4k9eHL_antibody.pdb
Converting SMILES to graph: 242/500
8hcqAB_antigen.pdb  6v7yF_antibody.pdb
Converting SMILES to graph: 243/500
8hcqAB_antigen.pdb  7bemHL_antibody.pdb
Converting SMILES to graph: 244/500
8hcqAB_antigen.pdb  7vadHL_antibody.pdb
Converting SMILES to graph: 245/500
8hcqAB_antigen.pdb  6ru5C_antibody.pdb
Converting SMILES to graph: 246/500
8hcxBA_antigen.pdb  5npiAa_antibody.pdb
Converting SMILES to graph: 247/500
8hcxBA_antigen.pdb  4jkpHL_antibody.pdb
Converting SMILES to graph: 248/500
8hcxBA_antigen.pdb  1f3rbB_antibody.pdb
Converting SMILES to graph: 249/500
8hcxBA_antigen.pdb  1kxtB_antibody.pdb
Converting SMILES to graph: 250/500
8hcxBA_antigen.pdb  7x91HL_antibody.pdb
Converting SMILES to graph: 251/500
8hcxBA_antigen.pdb  8kh5E_antibody.pdb
Converting SMILES to graph: 252/500
8hdoAB_antigen.pdb  8bseHL_antibody.pdb
Converting SMILES to graph: 253/500
8hdoAB_antigen.pdb  6xq4EF_antibody.pdb
Converting SMILES to graph: 254/500
8hdoAB_antigen.pdb  6vo1GJ_antibody.pdb
Converting SMILES to graph: 255/500
8hdoAB_antigen.pdb  5utfDE_antibody.pdb
Converting SMILES to graph: 256/500
8hdoAB_antigen.pdb  3dvgBA_antibody.pdb
Converting SMILES to graph: 257/500
8hdoAB_antigen.pdb  6w00HL_antibody.pdb
Converting SMILES to graph: 258/500
8hdpAB_antigen.pdb  2r0wHL_antibody.pdb
Converting SMILES to graph: 259/500
8hdpAB_antigen.pdb  6oq8D_antibody.pdb
Converting SMILES to graph: 260/500
8hdpAB_antigen.pdb  6wtyHI_antibody.pdb
Converting SMILES to graph: 261/500
8hdpAB_antigen.pdb  3thmHL_antibody.pdb
Converting SMILES to graph: 262/500
8hdpAB_antigen.pdb  7chfAB_antibody.pdb
Converting SMILES to graph: 263/500
8hebA_antigen.pdb  6okmHL_antibody.pdb
Converting SMILES to graph: 264/500
8hebA_antigen.pdb  8ezkHh_antibody.pdb
Converting SMILES to graph: 265/500
8hebA_antigen.pdb  6uhtD_antibody.pdb
Converting SMILES to graph: 266/500
8hebA_antigen.pdb  3nidHL_antibody.pdb
Converting SMILES to graph: 267/500
8hebA_antigen.pdb  7mepIG_antibody.pdb
Converting SMILES to graph: 268/500
8hecA_antigen.pdb  7r8bCD_antibody.pdb
Converting SMILES to graph: 269/500
8hecA_antigen.pdb  7m71HL_antibody.pdb
Converting SMILES to graph: 270/500
8hecA_antigen.pdb  8e0eB_antibody.pdb
Converting SMILES to graph: 271/500
8hecA_antigen.pdb  8oxwBC_antibody.pdb
Converting SMILES to graph: 272/500
8hecA_antigen.pdb  7om4B_antibody.pdb
Converting SMILES to graph: 273/500
8hecA_antigen.pdb  8dwyHL_antibody.pdb
Converting SMILES to graph: 274/500
8hedB_antigen.pdb  8i0qHL_antibody.pdb
Converting SMILES to graph: 275/500
8hedB_antigen.pdb  5g64IM_antibody.pdb
Converting SMILES to graph: 276/500
8hedB_antigen.pdb  7w71HL_antibody.pdb
Converting SMILES to graph: 277/500
8hedB_antigen.pdb  3ze2EF_antibody.pdb
Converting SMILES to graph: 278/500
8hedB_antigen.pdb  7a3uHL_antibody.pdb
Converting SMILES to graph: 279/500
8hedB_antigen.pdb  8iw9Ss_antibody.pdb
Converting SMILES to graph: 280/500
8hegCB_antigen.pdb  8b7wH_antibody.pdb
Converting SMILES to graph: 281/500
8hegCB_antigen.pdb  7wo4DE_antibody.pdb
Converting SMILES to graph: 282/500
8hegCB_antigen.pdb  1uj3BA_antibody.pdb
Converting SMILES to graph: 283/500
8hegCB_antigen.pdb  7sg4HL_antibody.pdb
Converting SMILES to graph: 284/500
8hegCB_antigen.pdb  6zxnF_antibody.pdb
Converting SMILES to graph: 285/500
8hegCB_antigen.pdb  7q1uB_antibody.pdb
Converting SMILES to graph: 286/500
8hesC_antigen.pdb  8g3oEF_antibody.pdb
Converting SMILES to graph: 287/500
8hesC_antigen.pdb  6gffNM_antibody.pdb
Converting SMILES to graph: 288/500
8hesC_antigen.pdb  8ew6V_antibody.pdb
Converting SMILES to graph: 289/500
8hesC_antigen.pdb  4r9yNM_antibody.pdb
Converting SMILES to graph: 290/500
8hesC_antigen.pdb  7k9jHL_antibody.pdb
Converting SMILES to graph: 291/500
8hesC_antigen.pdb  8f0iCD_antibody.pdb
Converting SMILES to graph: 292/500
8hglA_antigen.pdb  5vaiN_antibody.pdb
Converting SMILES to graph: 293/500
8hglA_antigen.pdb  6knmA_antibody.pdb
Converting SMILES to graph: 294/500
8hglA_antigen.pdb  7d0cGF_antibody.pdb
Converting SMILES to graph: 295/500
8hglA_antigen.pdb  8hqcHh_antibody.pdb
Converting SMILES to graph: 296/500
8hglA_antigen.pdb  8jlnSs_antibody.pdb
Converting SMILES to graph: 297/500
8hglA_antigen.pdb  6wtvHI_antibody.pdb
Converting SMILES to graph: 298/500
8hgmB_antigen.pdb  6wg1HL_antibody.pdb
Converting SMILES to graph: 299/500
8hgmB_antigen.pdb  8j6rSs_antibody.pdb
Converting SMILES to graph: 300/500
8hgmB_antigen.pdb  3a6bHL_antibody.pdb
Converting SMILES to graph: 301/500
8hgmB_antigen.pdb  7yu3Ss_antibody.pdb
Converting SMILES to graph: 302/500
8hgmB_antigen.pdb  5dfwHh_antibody.pdb
Converting SMILES to graph: 303/500
8hgmB_antigen.pdb  7rd4AB_antibody.pdb
Converting SMILES to graph: 304/500
8hhxB_antigen.pdb  8b1cB_antibody.pdb
Converting SMILES to graph: 305/500
8hhxB_antigen.pdb  7p2dC_antibody.pdb
Converting SMILES to graph: 306/500
8hhxB_antigen.pdb  5sx4HL_antibody.pdb
Converting SMILES to graph: 307/500
8hhxB_antigen.pdb  7x3fHL_antibody.pdb
Converting SMILES to graph: 308/500
8hhxB_antigen.pdb  7n3cHL_antibody.pdb
Converting SMILES to graph: 309/500
8hhxB_antigen.pdb  7ew5QR_antibody.pdb
Converting SMILES to graph: 310/500
8hhyA_antigen.pdb  7zf3AB_antibody.pdb
Converting SMILES to graph: 311/500
8hhyA_antigen.pdb  7lfbHL_antibody.pdb
Converting SMILES to graph: 312/500
8hhyA_antigen.pdb  6cseHL_antibody.pdb
Converting SMILES to graph: 313/500
8hhyA_antigen.pdb  4z5rWV_antibody.pdb
Converting SMILES to graph: 314/500
8hhyA_antigen.pdb  6o26AB_antibody.pdb
Converting SMILES to graph: 315/500
8hhyA_antigen.pdb  7s1mN_antibody.pdb
Converting SMILES to graph: 316/500
8hhzB_antigen.pdb  7rt9CD_antibody.pdb
Converting SMILES to graph: 317/500
8hhzB_antigen.pdb  5ucbHL_antibody.pdb
Converting SMILES to graph: 318/500
8hhzB_antigen.pdb  7czuHK_antibody.pdb
Converting SMILES to graph: 319/500
8hhzB_antigen.pdb  7ll2IJ_antibody.pdb
Converting SMILES to graph: 320/500
8hhzB_antigen.pdb  7nikF_antibody.pdb
Converting SMILES to graph: 321/500
8hhzB_antigen.pdb  6e4zHL_antibody.pdb
Converting SMILES to graph: 322/500
8hiiA_antigen.pdb  8gw8N_antibody.pdb
Converting SMILES to graph: 323/500
8hiiA_antigen.pdb  3g6dHL_antibody.pdb
Converting SMILES to graph: 324/500
8hiiA_antigen.pdb  6b3sCD_antibody.pdb
Converting SMILES to graph: 325/500
8hiiA_antigen.pdb  5tljDC_antibody.pdb
Converting SMILES to graph: 326/500
8hiiA_antigen.pdb  2jixHL_antibody.pdb
Converting SMILES to graph: 327/500
8hiiA_antigen.pdb  1pkqBA_antibody.pdb
Converting SMILES to graph: 328/500
8hijA_antigen.pdb  7l58HL_antibody.pdb
Converting SMILES to graph: 329/500
8hijA_antigen.pdb  7lr4AB_antibody.pdb
Converting SMILES to graph: 330/500
8hijA_antigen.pdb  5guxHL_antibody.pdb
Converting SMILES to graph: 331/500
8hijA_antigen.pdb  7qvkB_antibody.pdb
Converting SMILES to graph: 332/500
8hijA_antigen.pdb  1cfsBA_antibody.pdb
Converting SMILES to graph: 333/500
8hijA_antigen.pdb  7y7kBC_antibody.pdb
Converting SMILES to graph: 334/500
8hikA_antigen.pdb  5vn8FJ_antibody.pdb
Converting SMILES to graph: 335/500
8hikA_antigen.pdb  5ogiBb_antibody.pdb
Converting SMILES to graph: 336/500
8hikA_antigen.pdb  7u0pEF_antibody.pdb
Converting SMILES to graph: 337/500
8hikA_antigen.pdb  7yh6HL_antibody.pdb
Converting SMILES to graph: 338/500
8hikA_antigen.pdb  7fejHL_antibody.pdb
Converting SMILES to graph: 339/500
8hikA_antigen.pdb  8jtmJN_antibody.pdb
Converting SMILES to graph: 340/500
8hitC_antigen.pdb  6o3uBA_antibody.pdb
Converting SMILES to graph: 341/500
8hitC_antigen.pdb  5v6lIM_antibody.pdb
Converting SMILES to graph: 342/500
8hitC_antigen.pdb  8h7lDG_antibody.pdb
Converting SMILES to graph: 343/500
8hitC_antigen.pdb  7x93EF_antibody.pdb
Converting SMILES to graph: 344/500
8hitC_antigen.pdb  2dqeHL_antibody.pdb
Converting SMILES to graph: 345/500
8hitC_antigen.pdb  7ndbHL_antibody.pdb
Converting SMILES to graph: 346/500
8hixAB_antigen.pdb  6wbvHL_antibody.pdb
Converting SMILES to graph: 347/500
8hixAB_antigen.pdb  7uviAB_antibody.pdb
Converting SMILES to graph: 348/500
8hixAB_antigen.pdb  4w6wB_antibody.pdb
Converting SMILES to graph: 349/500
8hixAB_antigen.pdb  1fptHL_antibody.pdb
Converting SMILES to graph: 350/500
8hixAB_antigen.pdb  7stgB_antibody.pdb
Converting SMILES to graph: 351/500
8hixAB_antigen.pdb  4rfoHL_antibody.pdb
Converting SMILES to graph: 352/500
8hj0AB_antigen.pdb  7urvDd_antibody.pdb
Converting SMILES to graph: 353/500
8hj0AB_antigen.pdb  7ubxD_antibody.pdb
Converting SMILES to graph: 354/500
8hj0AB_antigen.pdb  6awoBC_antibody.pdb
Converting SMILES to graph: 355/500
8hj0AB_antigen.pdb  7wd7ab_antibody.pdb
Converting SMILES to graph: 356/500
8hj0AB_antigen.pdb  7m6fCD_antibody.pdb
Converting SMILES to graph: 357/500
8hj0AB_antigen.pdb  7jwbD_antibody.pdb
Converting SMILES to graph: 358/500
8hj2AB_antigen.pdb  7y8jHL_antibody.pdb
Converting SMILES to graph: 359/500
8hj2AB_antigen.pdb  7l0nMN_antibody.pdb
Converting SMILES to graph: 360/500
8hj2AB_antigen.pdb  3l5wBA_antibody.pdb
Converting SMILES to graph: 361/500
8hj2AB_antigen.pdb  6xcjHL_antibody.pdb
Converting SMILES to graph: 362/500
8hj2AB_antigen.pdb  6qgyB_antibody.pdb
Converting SMILES to graph: 363/500
8hj2AB_antigen.pdb  7l56HL_antibody.pdb
Converting SMILES to graph: 364/500
8hj5A_antigen.pdb  7n3cHL_antibody.pdb
Converting SMILES to graph: 365/500
8hj5A_antigen.pdb  5v7jDE_antibody.pdb
Converting SMILES to graph: 366/500
8hj5A_antigen.pdb  3zdyHL_antibody.pdb
Converting SMILES to graph: 367/500
8hj5A_antigen.pdb  6li3N_antibody.pdb
Converting SMILES to graph: 368/500
8hj5A_antigen.pdb  7ki4HL_antibody.pdb
Converting SMILES to graph: 369/500
8hj5A_antigen.pdb  1qleHL_antibody.pdb
Converting SMILES to graph: 370/500
8hk2BC_antigen.pdb  7zf4F_antibody.pdb
Converting SMILES to graph: 371/500
8hk2BC_antigen.pdb  6dfhHL_antibody.pdb
Converting SMILES to graph: 372/500
8hk2BC_antigen.pdb  7d5pC_antibody.pdb
Converting SMILES to graph: 373/500
8hk2BC_antigen.pdb  6ww5EF_antibody.pdb
Converting SMILES to graph: 374/500
8hk2BC_antigen.pdb  7rkmDd_antibody.pdb
Converting SMILES to graph: 375/500
8hk2BC_antigen.pdb  7cz5N_antibody.pdb
Converting SMILES to graph: 376/500
8hk3AB_antigen.pdb  6cwtCD_antibody.pdb
Converting SMILES to graph: 377/500
8hk3AB_antigen.pdb  3h3bdD_antibody.pdb
Converting SMILES to graph: 378/500
8hk3AB_antigen.pdb  7semBC_antibody.pdb
Converting SMILES to graph: 379/500
8hk3AB_antigen.pdb  8aonBC_antibody.pdb
Converting SMILES to graph: 380/500
8hk3AB_antigen.pdb  6oe4EF_antibody.pdb
Converting SMILES to graph: 381/500
8hk3AB_antigen.pdb  4pd4JK_antibody.pdb
Converting SMILES to graph: 382/500
8hlbA_antigen.pdb  7qivC_antibody.pdb
Converting SMILES to graph: 383/500
8hlbA_antigen.pdb  5u5mBA_antibody.pdb
Converting SMILES to graph: 384/500
8hlbA_antigen.pdb  8en4C_antibody.pdb
Converting SMILES to graph: 385/500
8hlbA_antigen.pdb  7s6dEG_antibody.pdb
Converting SMILES to graph: 386/500
8hlbA_antigen.pdb  6vlwHL_antibody.pdb
Converting SMILES to graph: 387/500
8hlbA_antigen.pdb  8a1eDE_antibody.pdb
Converting SMILES to graph: 388/500
8hmpAB_antigen.pdb  7m7fCD_antibody.pdb
Converting SMILES to graph: 389/500
8hmpAB_antigen.pdb  7lqwHL_antibody.pdb
Converting SMILES to graph: 390/500
8hmpAB_antigen.pdb  1p4bHL_antibody.pdb
Converting SMILES to graph: 391/500
8hmpAB_antigen.pdb  6v80E_antibody.pdb
Converting SMILES to graph: 392/500
8hmpAB_antigen.pdb  4nrxHL_antibody.pdb
Converting SMILES to graph: 393/500
8hmpAB_antigen.pdb  7ew5QR_antibody.pdb
Converting SMILES to graph: 394/500
8hmvCB_antigen.pdb  6erxFG_antibody.pdb
Converting SMILES to graph: 395/500
8hmvCB_antigen.pdb  7k37JI_antibody.pdb
Converting SMILES to graph: 396/500
8hmvCB_antigen.pdb  7f23E_antibody.pdb
Converting SMILES to graph: 397/500
8hmvCB_antigen.pdb  1u93BA_antibody.pdb
Converting SMILES to graph: 398/500
8hmvCB_antigen.pdb  3j3oHL_antibody.pdb
Converting SMILES to graph: 399/500
8hmvCB_antigen.pdb  6lmkN_antibody.pdb
Converting SMILES to graph: 400/500
8hn6E_antigen.pdb  7eo0HL_antibody.pdb
Converting SMILES to graph: 401/500
8hn6E_antigen.pdb  6bkdHL_antibody.pdb
Converting SMILES to graph: 402/500
8hn6E_antigen.pdb  3riaIO_antibody.pdb
Converting SMILES to graph: 403/500
8hn6E_antigen.pdb  7upbBE_antibody.pdb
Converting SMILES to graph: 404/500
8hn6E_antigen.pdb  3ux9Bb_antibody.pdb
Converting SMILES to graph: 405/500
8hn7E_antigen.pdb  6w16HL_antibody.pdb
Converting SMILES to graph: 406/500
8hn7E_antigen.pdb  5ziaGL_antibody.pdb
Converting SMILES to graph: 407/500
8hn7E_antigen.pdb  6uj9HL_antibody.pdb
Converting SMILES to graph: 408/500
8hn7E_antigen.pdb  7l0nMN_antibody.pdb
Converting SMILES to graph: 409/500
8hn7E_antigen.pdb  7t76HL_antibody.pdb
Converting SMILES to graph: 410/500
8hn7E_antigen.pdb  7uopHL_antibody.pdb
Converting SMILES to graph: 411/500
8hnkAB_antigen.pdb  1ottCD_antibody.pdb
Converting SMILES to graph: 412/500
8hnkAB_antigen.pdb  8sb4CD_antibody.pdb
Converting SMILES to graph: 413/500
8hnkAB_antigen.pdb  7swdJK_antibody.pdb
Converting SMILES to graph: 414/500
8hnkAB_antigen.pdb  6rahC_antibody.pdb
Converting SMILES to graph: 415/500
8hnkAB_antigen.pdb  2fx8JN_antibody.pdb
Converting SMILES to graph: 416/500
8hnkAB_antigen.pdb  6b3jN_antibody.pdb
Converting SMILES to graph: 417/500
8hnlAB_antigen.pdb  7k7rED_antibody.pdb
Converting SMILES to graph: 418/500
8hnlAB_antigen.pdb  3lexHL_antibody.pdb
Converting SMILES to graph: 419/500
8hnlAB_antigen.pdb  3vrlHL_antibody.pdb
Converting SMILES to graph: 420/500
8hnlAB_antigen.pdb  7sobGI_antibody.pdb
Converting SMILES to graph: 421/500
8hnlAB_antigen.pdb  5ku27_antibody.pdb
Converting SMILES to graph: 422/500
8hnlAB_antigen.pdb  5ktz7_antibody.pdb
Converting SMILES to graph: 423/500
8hnmAB_antigen.pdb  7nktB_antibody.pdb
Converting SMILES to graph: 424/500
8hnmAB_antigen.pdb  1rjcA_antibody.pdb
Converting SMILES to graph: 425/500
8hnmAB_antigen.pdb  8spuNn_antibody.pdb
Converting SMILES to graph: 426/500
8hnmAB_antigen.pdb  6ws6CD_antibody.pdb
Converting SMILES to graph: 427/500
8hnmAB_antigen.pdb  6i04HL_antibody.pdb
Converting SMILES to graph: 428/500
8hnmAB_antigen.pdb  2ypvHL_antibody.pdb
Converting SMILES to graph: 429/500
8hnnR_antigen.pdb  7y27Dd_antibody.pdb
Converting SMILES to graph: 430/500
8hnnR_antigen.pdb  6b3jN_antibody.pdb
Converting SMILES to graph: 431/500
8hnnR_antigen.pdb  7dpmAB_antibody.pdb
Converting SMILES to graph: 432/500
8hnnR_antigen.pdb  3zdzEF_antibody.pdb
Converting SMILES to graph: 433/500
8hnnR_antigen.pdb  7mw5FG_antibody.pdb
Converting SMILES to graph: 434/500
8hnnR_antigen.pdb  7xk2Ss_antibody.pdb
Converting SMILES to graph: 435/500
8hpjA_antigen.pdb  2igfHL_antibody.pdb
Converting SMILES to graph: 436/500
8hpjA_antigen.pdb  6b5nHL_antibody.pdb
Converting SMILES to graph: 437/500
8hpjA_antigen.pdb  4f15KL_antibody.pdb
Converting SMILES to graph: 438/500
8hpjA_antigen.pdb  2p7tAB_antibody.pdb
Converting SMILES to graph: 439/500
8hpjA_antigen.pdb  7l5bHL_antibody.pdb
Converting SMILES to graph: 440/500
8hpjA_antigen.pdb  7rpuAB_antibody.pdb
Converting SMILES to graph: 441/500
8hpkA_antigen.pdb  7m6gHL_antibody.pdb
Converting SMILES to graph: 442/500
8hpkA_antigen.pdb  6cvkAa_antibody.pdb
Converting SMILES to graph: 443/500
8hpkA_antigen.pdb  7n4mHL_antibody.pdb
Converting SMILES to graph: 444/500
8hpkA_antigen.pdb  8sb1CD_antibody.pdb
Converting SMILES to graph: 445/500
8hpkA_antigen.pdb  7detDd_antibody.pdb
Converting SMILES to graph: 446/500
8hpkA_antigen.pdb  3j1sHL_antibody.pdb
Converting SMILES to graph: 447/500
8hptBC_antigen.pdb  5vkeAB_antibody.pdb
Converting SMILES to graph: 448/500
8hptBC_antigen.pdb  2fedCD_antibody.pdb
Converting SMILES to graph: 449/500
8hptBC_antigen.pdb  7l2cHL_antibody.pdb
Converting SMILES to graph: 450/500
8hptBC_antigen.pdb  6mfpHL_antibody.pdb
Converting SMILES to graph: 451/500
8hptBC_antigen.pdb  1jhlHL_antibody.pdb
Converting SMILES to graph: 452/500
8hptBC_antigen.pdb  6qupB_antibody.pdb
Converting SMILES to graph: 453/500
8hqcBC_antigen.pdb  2vxqHL_antibody.pdb
Converting SMILES to graph: 454/500
8hqcBC_antigen.pdb  6wtyHI_antibody.pdb
Converting SMILES to graph: 455/500
8hqcBC_antigen.pdb  6vo1GJ_antibody.pdb
Converting SMILES to graph: 456/500
8hqcBC_antigen.pdb  8dd3JI_antibody.pdb
Converting SMILES to graph: 457/500
8hqcBC_antigen.pdb  5mu0AB_antibody.pdb
Converting SMILES to graph: 458/500
8hqcBC_antigen.pdb  5hm1A_antibody.pdb
Converting SMILES to graph: 459/500
8hqeAB_antigen.pdb  6ldxHL_antibody.pdb
Converting SMILES to graph: 460/500
8hqeAB_antigen.pdb  6q20HL_antibody.pdb
Converting SMILES to graph: 461/500
8hqeAB_antigen.pdb  2b0sHL_antibody.pdb
Converting SMILES to graph: 462/500
8hqeAB_antigen.pdb  4qhuBA_antibody.pdb
Converting SMILES to graph: 463/500
8hqeAB_antigen.pdb  5bk0BA_antibody.pdb
Converting SMILES to graph: 464/500
8hqeAB_antigen.pdb  7wq3Ss_antibody.pdb
Converting SMILES to graph: 465/500
8hqmAB_antigen.pdb  3mnwBA_antibody.pdb
Converting SMILES to graph: 466/500
8hqmAB_antigen.pdb  7n9bF_antibody.pdb
Converting SMILES to graph: 467/500
8hqmAB_antigen.pdb  6wdtHL_antibody.pdb
Converting SMILES to graph: 468/500
8hqmAB_antigen.pdb  8ucdHL_antibody.pdb
Converting SMILES to graph: 469/500
8hqmAB_antigen.pdb  1ejoHL_antibody.pdb
Converting SMILES to graph: 470/500
8hqmAB_antigen.pdb  6lxkJK_antibody.pdb
Converting SMILES to graph: 471/500
8hqnAB_antigen.pdb  8g3pCI_antibody.pdb
Converting SMILES to graph: 472/500
8hqnAB_antigen.pdb  6dfgHL_antibody.pdb
Converting SMILES to graph: 473/500
8hqnAB_antigen.pdb  7sl8B_antibody.pdb
Converting SMILES to graph: 474/500
8hqnAB_antigen.pdb  7qneG_antibody.pdb
Converting SMILES to graph: 475/500
8hqnAB_antigen.pdb  6kvahl_antibody.pdb
Converting SMILES to graph: 476/500
8hqnAB_antigen.pdb  8faxAB_antibody.pdb
Converting SMILES to graph: 477/500
8hr2A_antigen.pdb  3wsqHL_antibody.pdb
Converting SMILES to graph: 478/500
8hr2A_antigen.pdb  7jtgAB_antibody.pdb
Converting SMILES to graph: 479/500
8hr2A_antigen.pdb  7y71OP_antibody.pdb
Converting SMILES to graph: 480/500
8hr2A_antigen.pdb  4lstHL_antibody.pdb
Converting SMILES to graph: 481/500
8hr2A_antigen.pdb  7f54N_antibody.pdb
Converting SMILES to graph: 482/500
8hr2A_antigen.pdb  7exdEe_antibody.pdb
Converting SMILES to graph: 483/500
8hs2R_antigen.pdb  1tzgIM_antibody.pdb
Converting SMILES to graph: 484/500
8hs2R_antigen.pdb  7djzAB_antibody.pdb
Converting SMILES to graph: 485/500
8hs2R_antigen.pdb  4hpyHL_antibody.pdb
Converting SMILES to graph: 486/500
8hs2R_antigen.pdb  6al0HL_antibody.pdb
Converting SMILES to graph: 487/500
8hs2R_antigen.pdb  5eocJM_antibody.pdb
Converting SMILES to graph: 488/500
8hs2R_antigen.pdb  7a48A_antibody.pdb
Converting SMILES to graph: 489/500
8hs3ABC_antigen.pdb  6a3wAB_antibody.pdb
Converting SMILES to graph: 490/500
8hs3ABC_antigen.pdb  8sb1CD_antibody.pdb
Converting SMILES to graph: 491/500
8hs3ABC_antigen.pdb  6iutHL_antibody.pdb
Converting SMILES to graph: 492/500
8hs3ABC_antigen.pdb  4dgvHL_antibody.pdb
Converting SMILES to graph: 493/500
8hs3ABC_antigen.pdb  1mvuBA_antibody.pdb
Converting SMILES to graph: 494/500
8hs3ABC_antigen.pdb  8bf4D_antibody.pdb
Converting SMILES to graph: 495/500
8hscAB_antigen.pdb  6iekBC_antibody.pdb
Converting SMILES to graph: 496/500
8hscAB_antigen.pdb  5m2mJ_antibody.pdb
Converting SMILES to graph: 497/500
8hscAB_antigen.pdb  7zraE_antibody.pdb
Converting SMILES to graph: 498/500
8hscAB_antigen.pdb  7daaHL_antibody.pdb
Converting SMILES to graph: 499/500
8hscAB_antigen.pdb  7a5rIM_antibody.pdb
Converting SMILES to graph: 500/500
8hscAB_antigen.pdb  7nftC_antibody.pdb
Graph construction done. Saving to file.
