Converting SMILES to graph: 1/500
6e4yP_antigen.pdb  8hijHL_antibody.pdb
Converting SMILES to graph: 2/500
6e4yP_antigen.pdb  1c08BA_antibody.pdb
Converting SMILES to graph: 3/500
6e4yP_antigen.pdb  8hhxFG_antibody.pdb
Converting SMILES to graph: 4/500
6e4yP_antigen.pdb  5ob5HL_antibody.pdb
Converting SMILES to graph: 5/500
6e4zP_antigen.pdb  5vk6AB_antibody.pdb
Converting SMILES to graph: 6/500
6e4zP_antigen.pdb  4whyMN_antibody.pdb
Converting SMILES to graph: 7/500
6e4zP_antigen.pdb  7mjsHL_antibody.pdb
Converting SMILES to graph: 8/500
6e4zP_antigen.pdb  8eviMm_antibody.pdb
Converting SMILES to graph: 9/500
6e4zP_antigen.pdb  8dplHh_antibody.pdb
Converting SMILES to graph: 10/500
6e4zP_antigen.pdb  8b01C_antibody.pdb
Converting SMILES to graph: 11/500
6e56D_antigen.pdb  7mnoHL_antibody.pdb
Converting SMILES to graph: 12/500
6e56D_antigen.pdb  7tp4HL_antibody.pdb
Converting SMILES to graph: 13/500
6e56D_antigen.pdb  7t4qJK_antibody.pdb
Converting SMILES to graph: 14/500
6e56D_antigen.pdb  5m95B_antibody.pdb
Converting SMILES to graph: 15/500
6e56D_antigen.pdb  8en0D_antibody.pdb
Converting SMILES to graph: 16/500
6e56D_antigen.pdb  1ob1BA_antibody.pdb
Converting SMILES to graph: 17/500
6e62P_antigen.pdb  8ek5Ee_antibody.pdb
Converting SMILES to graph: 18/500
6e62P_antigen.pdb  8bvtB_antibody.pdb
Converting SMILES to graph: 19/500
6e62P_antigen.pdb  2r69HL_antibody.pdb
Converting SMILES to graph: 20/500
6e62P_antigen.pdb  2otwBA_antibody.pdb
Converting SMILES to graph: 21/500
6e62P_antigen.pdb  8hptHh_antibody.pdb
Converting SMILES to graph: 22/500
6e62P_antigen.pdb  5lx9Hh_antibody.pdb
Converting SMILES to graph: 23/500
6e63P_antigen.pdb  7urfOP_antibody.pdb
Converting SMILES to graph: 24/500
6e63P_antigen.pdb  5wuxCD_antibody.pdb
Converting SMILES to graph: 25/500
6e63P_antigen.pdb  1g7jBA_antibody.pdb
Converting SMILES to graph: 26/500
6e63P_antigen.pdb  6n16KJ_antibody.pdb
Converting SMILES to graph: 27/500
6e63P_antigen.pdb  7t8xEe_antibody.pdb
Converting SMILES to graph: 28/500
6e63P_antigen.pdb  7sl9B_antibody.pdb
Converting SMILES to graph: 29/500
6ea5BCD_antigen.pdb  7ej5JN_antibody.pdb
Converting SMILES to graph: 30/500
6ea5BCD_antigen.pdb  7wsiHL_antibody.pdb
Converting SMILES to graph: 31/500
6ea5BCD_antigen.pdb  6q0hHL_antibody.pdb
Converting SMILES to graph: 32/500
6ea5BCD_antigen.pdb  8sgtHL_antibody.pdb
Converting SMILES to graph: 33/500
6ea5BCD_antigen.pdb  3uo1HL_antibody.pdb
Converting SMILES to graph: 34/500
6ea5BCD_antigen.pdb  4krmF_antibody.pdb
Converting SMILES to graph: 35/500
6ea7BCD_antigen.pdb  7qf1CB_antibody.pdb
Converting SMILES to graph: 36/500
6ea7BCD_antigen.pdb  6xzuA_antibody.pdb
Converting SMILES to graph: 37/500
6ea7BCD_antigen.pdb  6mfpHL_antibody.pdb
Converting SMILES to graph: 38/500
6ea7BCD_antigen.pdb  1g7jBA_antibody.pdb
Converting SMILES to graph: 39/500
6ea7BCD_antigen.pdb  8be2N_antibody.pdb
Converting SMILES to graph: 40/500
6eayAB_antigen.pdb  7wp2HL_antibody.pdb
Converting SMILES to graph: 41/500
6eayAB_antigen.pdb  4pirH_antibody.pdb
Converting SMILES to graph: 42/500
6eayAB_antigen.pdb  1uj3BA_antibody.pdb
Converting SMILES to graph: 43/500
6eayAB_antigen.pdb  6xsnHL_antibody.pdb
Converting SMILES to graph: 44/500
6eayAB_antigen.pdb  7kn4MN_antibody.pdb
Converting SMILES to graph: 45/500
6eayAB_antigen.pdb  7budGI_antibody.pdb
Converting SMILES to graph: 46/500
6eduDI_antigen.pdb  4hwbHL_antibody.pdb
Converting SMILES to graph: 47/500
6eduDI_antigen.pdb  2hg5AB_antibody.pdb
Converting SMILES to graph: 48/500
6eduDI_antigen.pdb  7yitD_antibody.pdb
Converting SMILES to graph: 49/500
6eduDI_antigen.pdb  7wk9ab_antibody.pdb
Converting SMILES to graph: 50/500
6eduDI_antigen.pdb  7f15Bb_antibody.pdb
Converting SMILES to graph: 51/500
6eduDI_antigen.pdb  5iesHL_antibody.pdb
Converting SMILES to graph: 52/500
6ehgBA_antigen.pdb  7qn6M_antibody.pdb
Converting SMILES to graph: 53/500
6ehgBA_antigen.pdb  1qfuHL_antibody.pdb
Converting SMILES to graph: 54/500
6ehgBA_antigen.pdb  7f9wBC_antibody.pdb
Converting SMILES to graph: 55/500
6ehgBA_antigen.pdb  5tqqHL_antibody.pdb
Converting SMILES to graph: 56/500
6ehgBA_antigen.pdb  7upaHL_antibody.pdb
Converting SMILES to graph: 57/500
6ehgBA_antigen.pdb  6b70EF_antibody.pdb
Converting SMILES to graph: 58/500
6ejgB_antigen.pdb  4hlzIJ_antibody.pdb
Converting SMILES to graph: 59/500
6ejgB_antigen.pdb  5bk1HL_antibody.pdb
Converting SMILES to graph: 60/500
6ejgB_antigen.pdb  7qbfB_antibody.pdb
Converting SMILES to graph: 61/500
6ejgB_antigen.pdb  3nigEF_antibody.pdb
Converting SMILES to graph: 62/500
6ejgB_antigen.pdb  7t9nHL_antibody.pdb
Converting SMILES to graph: 63/500
6ejgB_antigen.pdb  6mi2DE_antibody.pdb
Converting SMILES to graph: 64/500
6ejmA_antigen.pdb  4qhuBA_antibody.pdb
Converting SMILES to graph: 65/500
6ejmA_antigen.pdb  6vlrDK_antibody.pdb
Converting SMILES to graph: 66/500
6ejmA_antigen.pdb  8d7eFG_antibody.pdb
Converting SMILES to graph: 67/500
6ejmA_antigen.pdb  6w2bBC_antibody.pdb
Converting SMILES to graph: 68/500
6ejmA_antigen.pdb  5drzHL_antibody.pdb
Converting SMILES to graph: 69/500
6ejmA_antigen.pdb  7rksHL_antibody.pdb
Converting SMILES to graph: 70/500
6ek2A_antigen.pdb  1deeFE_antibody.pdb
Converting SMILES to graph: 71/500
6ek2A_antigen.pdb  6o2aCD_antibody.pdb
Converting SMILES to graph: 72/500
6ek2A_antigen.pdb  7qncG_antibody.pdb
Converting SMILES to graph: 73/500
6ek2A_antigen.pdb  6um7JK_antibody.pdb
Converting SMILES to graph: 74/500
6ek2A_antigen.pdb  8hikHL_antibody.pdb
Converting SMILES to graph: 75/500
6ek2A_antigen.pdb  5czxHL_antibody.pdb
Converting SMILES to graph: 76/500
6eluJ_antigen.pdb  7pijN_antibody.pdb
Converting SMILES to graph: 77/500
6eluJ_antigen.pdb  8jirN_antibody.pdb
Converting SMILES to graph: 78/500
6eluJ_antigen.pdb  8h0pEe_antibody.pdb
Converting SMILES to graph: 79/500
6eluJ_antigen.pdb  6x8qHL_antibody.pdb
Converting SMILES to graph: 80/500
6eluJ_antigen.pdb  7qe5B_antibody.pdb
Converting SMILES to graph: 81/500
6eluJ_antigen.pdb  6cdimn_antibody.pdb
Converting SMILES to graph: 82/500
6eqcC_antigen.pdb  7umnHL_antibody.pdb
Converting SMILES to graph: 83/500
6eqcC_antigen.pdb  7wvlHL_antibody.pdb
Converting SMILES to graph: 84/500
6eqcC_antigen.pdb  5wn9Hh_antibody.pdb
Converting SMILES to graph: 85/500
6eqcC_antigen.pdb  7k8zMN_antibody.pdb
Converting SMILES to graph: 86/500
6eqcC_antigen.pdb  6cwdBb_antibody.pdb
Converting SMILES to graph: 87/500
6eqcC_antigen.pdb  8dypB_antibody.pdb
Converting SMILES to graph: 88/500
6eqiCA_antigen.pdb  7wh8BA_antibody.pdb
Converting SMILES to graph: 89/500
6eqiCA_antigen.pdb  7uapMN_antibody.pdb
Converting SMILES to graph: 90/500
6eqiCA_antigen.pdb  8ezlHh_antibody.pdb
Converting SMILES to graph: 91/500
6eqiCA_antigen.pdb  7sj0BL_antibody.pdb
Converting SMILES to graph: 92/500
6eqiCA_antigen.pdb  6jhtED_antibody.pdb
Converting SMILES to graph: 93/500
6eqiCA_antigen.pdb  7wvfCc_antibody.pdb
Converting SMILES to graph: 94/500
6erxB_antigen.pdb  8cauF_antibody.pdb
Converting SMILES to graph: 95/500
6erxB_antigen.pdb  5vn8FJ_antibody.pdb
Converting SMILES to graph: 96/500
6erxB_antigen.pdb  7rk2Cc_antibody.pdb
Converting SMILES to graph: 97/500
6erxB_antigen.pdb  7y15Ss_antibody.pdb
Converting SMILES to graph: 98/500
6erxB_antigen.pdb  1nsnHL_antibody.pdb
Converting SMILES to graph: 99/500
6erxB_antigen.pdb  6ni2HL_antibody.pdb
Converting SMILES to graph: 100/500
6etiA_antigen.pdb  4p3cHL_antibody.pdb
Converting SMILES to graph: 101/500
6etiA_antigen.pdb  7p00Hh_antibody.pdb
Converting SMILES to graph: 102/500
6etiA_antigen.pdb  7sfwQR_antibody.pdb
Converting SMILES to graph: 103/500
6etiA_antigen.pdb  6x8pHL_antibody.pdb
Converting SMILES to graph: 104/500
6etiA_antigen.pdb  8en0D_antibody.pdb
Converting SMILES to graph: 105/500
6etiA_antigen.pdb  7x8yHL_antibody.pdb
Converting SMILES to graph: 106/500
6ewbD_antigen.pdb  3v52HL_antibody.pdb
Converting SMILES to graph: 107/500
6ewbD_antigen.pdb  4o58HL_antibody.pdb
Converting SMILES to graph: 108/500
6ewbD_antigen.pdb  5dwuHL_antibody.pdb
Converting SMILES to graph: 109/500
6ewbD_antigen.pdb  5y11AB_antibody.pdb
Converting SMILES to graph: 110/500
6ewbD_antigen.pdb  5jw3HL_antibody.pdb
Converting SMILES to graph: 111/500
6ewbD_antigen.pdb  6b5oHL_antibody.pdb
Converting SMILES to graph: 112/500
6ey0B_antigen.pdb  6pb0N_antibody.pdb
Converting SMILES to graph: 113/500
6ey0B_antigen.pdb  8gtpHL_antibody.pdb
Converting SMILES to graph: 114/500
6ey0B_antigen.pdb  6sv2HL_antibody.pdb
Converting SMILES to graph: 115/500
6ey0B_antigen.pdb  8jtmJN_antibody.pdb
Converting SMILES to graph: 116/500
6ey0B_antigen.pdb  4yhzHL_antibody.pdb
Converting SMILES to graph: 117/500
6ey0B_antigen.pdb  8wpuEe_antibody.pdb
Converting SMILES to graph: 118/500
6ey6C_antigen.pdb  7dr4HL_antibody.pdb
Converting SMILES to graph: 119/500
6ey6C_antigen.pdb  7kmlJN_antibody.pdb
Converting SMILES to graph: 120/500
6ey6C_antigen.pdb  7syzHL_antibody.pdb
Converting SMILES to graph: 121/500
6ey6C_antigen.pdb  6obmB_antibody.pdb
Converting SMILES to graph: 122/500
6ey6C_antigen.pdb  7wp5HL_antibody.pdb
Converting SMILES to graph: 123/500
6ey6C_antigen.pdb  5u3nHL_antibody.pdb
Converting SMILES to graph: 124/500
6eyoA_antigen.pdb  4utbIM_antibody.pdb
Converting SMILES to graph: 125/500
6eyoA_antigen.pdb  2g5bDC_antibody.pdb
Converting SMILES to graph: 126/500
6eyoA_antigen.pdb  8a67D_antibody.pdb
Converting SMILES to graph: 127/500
6eyoA_antigen.pdb  2vweEC_antibody.pdb
Converting SMILES to graph: 128/500
6eyoA_antigen.pdb  7f4dN_antibody.pdb
Converting SMILES to graph: 129/500
6eyoA_antigen.pdb  6mufHL_antibody.pdb
Converting SMILES to graph: 130/500
6f2gA_antigen.pdb  6b20F_antibody.pdb
Converting SMILES to graph: 131/500
6f2gA_antigen.pdb  7zwiBC_antibody.pdb
Converting SMILES to graph: 132/500
6f2gA_antigen.pdb  5gjtHL_antibody.pdb
Converting SMILES to graph: 133/500
6f2gA_antigen.pdb  6avqHL_antibody.pdb
Converting SMILES to graph: 134/500
6f2gA_antigen.pdb  5ebwAB_antibody.pdb
Converting SMILES to graph: 135/500
6f2gA_antigen.pdb  5o4gBA_antibody.pdb
Converting SMILES to graph: 136/500
6f2wA_antigen.pdb  6os9Dd_antibody.pdb
Converting SMILES to graph: 137/500
6f2wA_antigen.pdb  5n0aHL_antibody.pdb
Converting SMILES to graph: 138/500
6f2wA_antigen.pdb  8gtoHL_antibody.pdb
Converting SMILES to graph: 139/500
6f2wA_antigen.pdb  6azzFE_antibody.pdb
Converting SMILES to graph: 140/500
6f2wA_antigen.pdb  7xmzHL_antibody.pdb
Converting SMILES to graph: 141/500
6f5gA_antigen.pdb  2p42D_antibody.pdb
Converting SMILES to graph: 142/500
6f5gA_antigen.pdb  7b2pD_antibody.pdb
Converting SMILES to graph: 143/500
6f5gA_antigen.pdb  6oq5F_antibody.pdb
Converting SMILES to graph: 144/500
6f5gA_antigen.pdb  2wubRQ_antibody.pdb
Converting SMILES to graph: 145/500
6f5gA_antigen.pdb  7wwkGF_antibody.pdb
Converting SMILES to graph: 146/500
6f5gA_antigen.pdb  7sqoEe_antibody.pdb
Converting SMILES to graph: 147/500
6f7tD_antigen.pdb  2xt1B_antibody.pdb
Converting SMILES to graph: 148/500
6f7tD_antigen.pdb  2xqbHL_antibody.pdb
Converting SMILES to graph: 149/500
6f7tD_antigen.pdb  7olyHL_antibody.pdb
Converting SMILES to graph: 150/500
6f7tD_antigen.pdb  5n7wHL_antibody.pdb
Converting SMILES to graph: 151/500
6f7tD_antigen.pdb  7vqxN_antibody.pdb
Converting SMILES to graph: 152/500
6f7tD_antigen.pdb  7k8xDF_antibody.pdb
Converting SMILES to graph: 153/500
6faxR_antigen.pdb  5ywoNM_antibody.pdb
Converting SMILES to graph: 154/500
6faxR_antigen.pdb  6glwCD_antibody.pdb
Converting SMILES to graph: 155/500
6faxR_antigen.pdb  7rm3CD_antibody.pdb
Converting SMILES to graph: 156/500
6faxR_antigen.pdb  7ubrEF_antibody.pdb
Converting SMILES to graph: 157/500
6faxR_antigen.pdb  4kjpCD_antibody.pdb
Converting SMILES to graph: 158/500
6faxR_antigen.pdb  6vo3IK_antibody.pdb
Converting SMILES to graph: 159/500
6fe4A_antigen.pdb  6ss4HL_antibody.pdb
Converting SMILES to graph: 160/500
6fe4A_antigen.pdb  8ez3HL_antibody.pdb
Converting SMILES to graph: 161/500
6fe4A_antigen.pdb  7e39CB_antibody.pdb
Converting SMILES to graph: 162/500
6fe4A_antigen.pdb  5w3pHL_antibody.pdb
Converting SMILES to graph: 163/500
6fe4A_antigen.pdb  8g6iCB_antibody.pdb
Converting SMILES to graph: 164/500
6fe4A_antigen.pdb  8dmjDE_antibody.pdb
Converting SMILES to graph: 165/500
6feqB_antigen.pdb  7k4nCD_antibody.pdb
Converting SMILES to graph: 166/500
6feqB_antigen.pdb  8itlN_antibody.pdb
Converting SMILES to graph: 167/500
6feqB_antigen.pdb  6knmA_antibody.pdb
Converting SMILES to graph: 168/500
6feqB_antigen.pdb  4rgmHL_antibody.pdb
Converting SMILES to graph: 169/500
6feqB_antigen.pdb  7bekHL_antibody.pdb
Converting SMILES to graph: 170/500
6feqB_antigen.pdb  1tqbBC_antibody.pdb
Converting SMILES to graph: 171/500
6fgbAB_antigen.pdb  7xv3N_antibody.pdb
Converting SMILES to graph: 172/500
6fgbAB_antigen.pdb  5w0dBC_antibody.pdb
Converting SMILES to graph: 173/500
6fgbAB_antigen.pdb  5u4mB_antibody.pdb
Converting SMILES to graph: 174/500
6fgbAB_antigen.pdb  7jvbC_antibody.pdb
Converting SMILES to graph: 175/500
6fgbAB_antigen.pdb  7sd3GH_antibody.pdb
Converting SMILES to graph: 176/500
6fgbAB_antigen.pdb  8euuGH_antibody.pdb
Converting SMILES to graph: 177/500
6flaI_antigen.pdb  7xicKL_antibody.pdb
Converting SMILES to graph: 178/500
6flaI_antigen.pdb  8czzCD_antibody.pdb
Converting SMILES to graph: 179/500
6flaI_antigen.pdb  6pcuIH_antibody.pdb
Converting SMILES to graph: 180/500
6flaI_antigen.pdb  7jmpHL_antibody.pdb
Converting SMILES to graph: 181/500
6flaI_antigen.pdb  1fdlHL_antibody.pdb
Converting SMILES to graph: 182/500
6flaI_antigen.pdb  6adcEF_antibody.pdb
Converting SMILES to graph: 183/500
6flbG_antigen.pdb  6cbpAa_antibody.pdb
Converting SMILES to graph: 184/500
6flbG_antigen.pdb  7z2mBA_antibody.pdb
Converting SMILES to graph: 185/500
6flbG_antigen.pdb  1t03HL_antibody.pdb
Converting SMILES to graph: 186/500
6flbG_antigen.pdb  8as0BC_antibody.pdb
Converting SMILES to graph: 187/500
6flbG_antigen.pdb  2p48B_antibody.pdb
Converting SMILES to graph: 188/500
6flbG_antigen.pdb  8d9yBA_antibody.pdb
Converting SMILES to graph: 189/500
6flcI_antigen.pdb  1e4wHL_antibody.pdb
Converting SMILES to graph: 190/500
6flcI_antigen.pdb  8ia2Hh_antibody.pdb
Converting SMILES to graph: 191/500
6flcI_antigen.pdb  6mzjHL_antibody.pdb
Converting SMILES to graph: 192/500
6flcI_antigen.pdb  4s10B_antibody.pdb
Converting SMILES to graph: 193/500
6flcI_antigen.pdb  6q0eHL_antibody.pdb
Converting SMILES to graph: 194/500
6fn1A_antigen.pdb  8bb7D_antibody.pdb
Converting SMILES to graph: 195/500
6fn1A_antigen.pdb  7tr4LH_antibody.pdb
Converting SMILES to graph: 196/500
6fn1A_antigen.pdb  7qe5B_antibody.pdb
Converting SMILES to graph: 197/500
6fn1A_antigen.pdb  5eblAB_antibody.pdb
Converting SMILES to graph: 198/500
6fn1A_antigen.pdb  5a2jHh_antibody.pdb
Converting SMILES to graph: 199/500
6fn1A_antigen.pdb  8e3yN_antibody.pdb
Converting SMILES to graph: 200/500
6fn4A_antigen.pdb  7uzbHL_antibody.pdb
Converting SMILES to graph: 201/500
6fn4A_antigen.pdb  7e9hDd_antibody.pdb
Converting SMILES to graph: 202/500
6fn4A_antigen.pdb  4jzoGH_antibody.pdb
Converting SMILES to graph: 203/500
6fn4A_antigen.pdb  2atkAB_antibody.pdb
Converting SMILES to graph: 204/500
6fn4A_antigen.pdb  7ki0N_antibody.pdb
Converting SMILES to graph: 205/500
6fn4A_antigen.pdb  6wzmCD_antibody.pdb
Converting SMILES to graph: 206/500
6frjB_antigen.pdb  7deuBb_antibody.pdb
Converting SMILES to graph: 207/500
6frjB_antigen.pdb  5d93CB_antibody.pdb
Converting SMILES to graph: 208/500
6frjB_antigen.pdb  7udgEF_antibody.pdb
Converting SMILES to graph: 209/500
6frjB_antigen.pdb  6vlnHL_antibody.pdb
Converting SMILES to graph: 210/500
6frjB_antigen.pdb  8d5cHL_antibody.pdb
Converting SMILES to graph: 211/500
6frjB_antigen.pdb  7x08HL_antibody.pdb
Converting SMILES to graph: 212/500
6fuzA_antigen.pdb  6opoHL_antibody.pdb
Converting SMILES to graph: 213/500
6fuzA_antigen.pdb  7x4mHL_antibody.pdb
Converting SMILES to graph: 214/500
6fuzA_antigen.pdb  3j6a7_antibody.pdb
Converting SMILES to graph: 215/500
6fuzA_antigen.pdb  2pw2BA_antibody.pdb
Converting SMILES to graph: 216/500
6fuzA_antigen.pdb  7fglHL_antibody.pdb
Converting SMILES to graph: 217/500
6fuzA_antigen.pdb  7th2C_antibody.pdb
Converting SMILES to graph: 218/500
6fv0A_antigen.pdb  7zwiBC_antibody.pdb
Converting SMILES to graph: 219/500
6fv0A_antigen.pdb  8euvGH_antibody.pdb
Converting SMILES to graph: 220/500
6fv0A_antigen.pdb  7v3jHL_antibody.pdb
Converting SMILES to graph: 221/500
6fv0A_antigen.pdb  6cxgHL_antibody.pdb
Converting SMILES to graph: 222/500
6fv0A_antigen.pdb  3cfiL_antibody.pdb
Converting SMILES to graph: 223/500
6fv0A_antigen.pdb  5i75BC_antibody.pdb
Converting SMILES to graph: 224/500
6fxnA_antigen.pdb  5js9AB_antibody.pdb
Converting SMILES to graph: 225/500
6fxnA_antigen.pdb  6m2rHL_antibody.pdb
Converting SMILES to graph: 226/500
6fxnA_antigen.pdb  8dw3DC_antibody.pdb
Converting SMILES to graph: 227/500
6fxnA_antigen.pdb  6dfjHL_antibody.pdb
Converting SMILES to graph: 228/500
6fxnA_antigen.pdb  7k7yC_antibody.pdb
Converting SMILES to graph: 229/500
6fxnA_antigen.pdb  7e14N_antibody.pdb
Converting SMILES to graph: 230/500
6fy0A_antigen.pdb  7e8mHL_antibody.pdb
Converting SMILES to graph: 231/500
6fy0A_antigen.pdb  6oyhG_antibody.pdb
Converting SMILES to graph: 232/500
6fy0A_antigen.pdb  8hscSs_antibody.pdb
Converting SMILES to graph: 233/500
6fy0A_antigen.pdb  7kjhB_antibody.pdb
Converting SMILES to graph: 234/500
6fy0A_antigen.pdb  7amqHL_antibody.pdb
Converting SMILES to graph: 235/500
6fy0A_antigen.pdb  8be5C_antibody.pdb
Converting SMILES to graph: 236/500
6fy1G_antigen.pdb  7r0jDd_antibody.pdb
Converting SMILES to graph: 237/500
6fy1G_antigen.pdb  5sy8HL_antibody.pdb
Converting SMILES to graph: 238/500
6fy1G_antigen.pdb  8jisN_antibody.pdb
Converting SMILES to graph: 239/500
6fy1G_antigen.pdb  8gp3HL_antibody.pdb
Converting SMILES to graph: 240/500
6fy1G_antigen.pdb  6i8hB_antibody.pdb
Converting SMILES to graph: 241/500
6fy2Z_antigen.pdb  6dc5HI_antibody.pdb
Converting SMILES to graph: 242/500
6fy2Z_antigen.pdb  7a3tHL_antibody.pdb
Converting SMILES to graph: 243/500
6fy2Z_antigen.pdb  4k4mIM_antibody.pdb
Converting SMILES to graph: 244/500
6fy2Z_antigen.pdb  5k9qUV_antibody.pdb
Converting SMILES to graph: 245/500
6fy2Z_antigen.pdb  8errHL_antibody.pdb
Converting SMILES to graph: 246/500
6fy2Z_antigen.pdb  6b3jN_antibody.pdb
Converting SMILES to graph: 247/500
6fy3P_antigen.pdb  5yoyPM_antibody.pdb
Converting SMILES to graph: 248/500
6fy3P_antigen.pdb  5c0rHL_antibody.pdb
Converting SMILES to graph: 249/500
6fy3P_antigen.pdb  8ejkEe_antibody.pdb
Converting SMILES to graph: 250/500
6fy3P_antigen.pdb  4ydjAB_antibody.pdb
Converting SMILES to graph: 251/500
6fy3P_antigen.pdb  7czvHK_antibody.pdb
Converting SMILES to graph: 252/500
6fy3P_antigen.pdb  8iw4Ss_antibody.pdb
Converting SMILES to graph: 253/500
6fytBA_antigen.pdb  7u5bAB_antibody.pdb
Converting SMILES to graph: 254/500
6fytBA_antigen.pdb  3sqoHL_antibody.pdb
Converting SMILES to graph: 255/500
6fytBA_antigen.pdb  2r0kHL_antibody.pdb
Converting SMILES to graph: 256/500
6fytBA_antigen.pdb  3v0aC_antibody.pdb
Converting SMILES to graph: 257/500
6fytBA_antigen.pdb  1q1jIM_antibody.pdb
Converting SMILES to graph: 258/500
6fytBA_antigen.pdb  3j6a7_antibody.pdb
Converting SMILES to graph: 259/500
6fyuHG_antigen.pdb  3ixyIJ_antibody.pdb
Converting SMILES to graph: 260/500
6fyuHG_antigen.pdb  7tfnIJ_antibody.pdb
Converting SMILES to graph: 261/500
6fyuHG_antigen.pdb  7wroHL_antibody.pdb
Converting SMILES to graph: 262/500
6fyuHG_antigen.pdb  7qjiB_antibody.pdb
Converting SMILES to graph: 263/500
6fyuHG_antigen.pdb  8f5iHL_antibody.pdb
Converting SMILES to graph: 264/500
6fywAB_antigen.pdb  3ldbCB_antibody.pdb
Converting SMILES to graph: 265/500
6fywAB_antigen.pdb  7amrHL_antibody.pdb
Converting SMILES to graph: 266/500
6fywAB_antigen.pdb  7b27C_antibody.pdb
Converting SMILES to graph: 267/500
6fywAB_antigen.pdb  7a3tHL_antibody.pdb
Converting SMILES to graph: 268/500
6fywAB_antigen.pdb  2dqfBA_antibody.pdb
Converting SMILES to graph: 269/500
6fywAB_antigen.pdb  8ty1CB_antibody.pdb
Converting SMILES to graph: 270/500
6fzqP_antigen.pdb  5dfvCD_antibody.pdb
Converting SMILES to graph: 271/500
6fzqP_antigen.pdb  7x1tDd_antibody.pdb
Converting SMILES to graph: 272/500
6fzqP_antigen.pdb  4y5yDE_antibody.pdb
Converting SMILES to graph: 273/500
6fzqP_antigen.pdb  7x25AC_antibody.pdb
Converting SMILES to graph: 274/500
6fzqP_antigen.pdb  5m15C_antibody.pdb
Converting SMILES to graph: 275/500
6fzqP_antigen.pdb  6obeB_antibody.pdb
Converting SMILES to graph: 276/500
6fzrP_antigen.pdb  7x42HL_antibody.pdb
Converting SMILES to graph: 277/500
6fzrP_antigen.pdb  4tulHL_antibody.pdb
Converting SMILES to graph: 278/500
6fzrP_antigen.pdb  8g3qCB_antibody.pdb
Converting SMILES to graph: 279/500
6fzrP_antigen.pdb  7ksgD_antibody.pdb
Converting SMILES to graph: 280/500
6fzrP_antigen.pdb  4hfuHL_antibody.pdb
Converting SMILES to graph: 281/500
6fzrP_antigen.pdb  7zfcAB_antibody.pdb
Converting SMILES to graph: 282/500
6gciA_antigen.pdb  7x2gHL_antibody.pdb
Converting SMILES to graph: 283/500
6gciA_antigen.pdb  4uujAB_antibody.pdb
Converting SMILES to graph: 284/500
6gciA_antigen.pdb  7nftC_antibody.pdb
Converting SMILES to graph: 285/500
6gciA_antigen.pdb  7lokKJ_antibody.pdb
Converting SMILES to graph: 286/500
6gciA_antigen.pdb  4hemF_antibody.pdb
Converting SMILES to graph: 287/500
6gciA_antigen.pdb  7ljcN_antibody.pdb
Converting SMILES to graph: 288/500
6gdgDB_antigen.pdb  7ki4HL_antibody.pdb
Converting SMILES to graph: 289/500
6gdgDB_antigen.pdb  6yioHL_antibody.pdb
Converting SMILES to graph: 290/500
6gdgDB_antigen.pdb  1kirBA_antibody.pdb
Converting SMILES to graph: 291/500
6gdgDB_antigen.pdb  8hijHL_antibody.pdb
Converting SMILES to graph: 292/500
6gdgDB_antigen.pdb  1op9A_antibody.pdb
Converting SMILES to graph: 293/500
6gdgDB_antigen.pdb  7cvtEF_antibody.pdb
Converting SMILES to graph: 294/500
6gffJGH_antigen.pdb  8dyxHL_antibody.pdb
Converting SMILES to graph: 295/500
6gffJGH_antigen.pdb  7pa8YF_antibody.pdb
Converting SMILES to graph: 296/500
6gffJGH_antigen.pdb  6opoHL_antibody.pdb
Converting SMILES to graph: 297/500
6gffJGH_antigen.pdb  7lf2GI_antibody.pdb
Converting SMILES to graph: 298/500
6gffJGH_antigen.pdb  4lgsB_antibody.pdb
Converting SMILES to graph: 299/500
6gffJGH_antigen.pdb  6ddrBA_antibody.pdb
Converting SMILES to graph: 300/500
6gg043_antigen.pdb  4zffAB_antibody.pdb
Converting SMILES to graph: 301/500
6gg043_antigen.pdb  1u93BA_antibody.pdb
Converting SMILES to graph: 302/500
6gg043_antigen.pdb  7d00JN_antibody.pdb
Converting SMILES to graph: 303/500
6gg043_antigen.pdb  7x10Ee_antibody.pdb
Converting SMILES to graph: 304/500
6gg043_antigen.pdb  7p6kG_antibody.pdb
Converting SMILES to graph: 305/500
6gg043_antigen.pdb  5uk2Hh_antibody.pdb
Converting SMILES to graph: 306/500
6gjqE_antigen.pdb  7nkiF_antibody.pdb
Converting SMILES to graph: 307/500
6gjqE_antigen.pdb  7mrzXY_antibody.pdb
Converting SMILES to graph: 308/500
6gjqE_antigen.pdb  5vxlB_antibody.pdb
Converting SMILES to graph: 309/500
6gjqE_antigen.pdb  6xzuA_antibody.pdb
Converting SMILES to graph: 310/500
6gjqE_antigen.pdb  8sb1CD_antibody.pdb
Converting SMILES to graph: 311/500
6gjqE_antigen.pdb  4ma8HL_antibody.pdb
Converting SMILES to graph: 312/500
6gjsA_antigen.pdb  7q9fJK_antibody.pdb
Converting SMILES to graph: 313/500
6gjsA_antigen.pdb  7e8cMJ_antibody.pdb
Converting SMILES to graph: 314/500
6gjsA_antigen.pdb  4cniHL_antibody.pdb
Converting SMILES to graph: 315/500
6gjsA_antigen.pdb  7k66BC_antibody.pdb
Converting SMILES to graph: 316/500
6gjsA_antigen.pdb  7orbEF_antibody.pdb
Converting SMILES to graph: 317/500
6gjsA_antigen.pdb  7f4hN_antibody.pdb
Converting SMILES to graph: 318/500
6gjuA_antigen.pdb  3wfbHL_antibody.pdb
Converting SMILES to graph: 319/500
6gjuA_antigen.pdb  5fhcAB_antibody.pdb
Converting SMILES to graph: 320/500
6gjuA_antigen.pdb  4okvAB_antibody.pdb
Converting SMILES to graph: 321/500
6gjuA_antigen.pdb  6gk8HL_antibody.pdb
Converting SMILES to graph: 322/500
6gjuA_antigen.pdb  1vfbBA_antibody.pdb
Converting SMILES to graph: 323/500
6gk4D_antigen.pdb  6vcaEF_antibody.pdb
Converting SMILES to graph: 324/500
6gk4D_antigen.pdb  7pqzHL_antibody.pdb
Converting SMILES to graph: 325/500
6gk4D_antigen.pdb  8dzwHL_antibody.pdb
Converting SMILES to graph: 326/500
6gk4D_antigen.pdb  2nxyDC_antibody.pdb
Converting SMILES to graph: 327/500
6gk4D_antigen.pdb  8euuGH_antibody.pdb
Converting SMILES to graph: 328/500
6gk4D_antigen.pdb  2fx9HL_antibody.pdb
Converting SMILES to graph: 329/500
6gk7A_antigen.pdb  7yr1HL_antibody.pdb
Converting SMILES to graph: 330/500
6gk7A_antigen.pdb  7ymhD_antibody.pdb
Converting SMILES to graph: 331/500
6gk7A_antigen.pdb  3j5mHG_antibody.pdb
Converting SMILES to graph: 332/500
6gk7A_antigen.pdb  7n0iK_antibody.pdb
Converting SMILES to graph: 333/500
6gk7A_antigen.pdb  3l5xHL_antibody.pdb
Converting SMILES to graph: 334/500
6gk7A_antigen.pdb  5cjsHL_antibody.pdb
Converting SMILES to graph: 335/500
6gk8I_antigen.pdb  7nmuC_antibody.pdb
Converting SMILES to graph: 336/500
6gk8I_antigen.pdb  2p45B_antibody.pdb
Converting SMILES to graph: 337/500
6gk8I_antigen.pdb  6x1wHL_antibody.pdb
Converting SMILES to graph: 338/500
6gk8I_antigen.pdb  6d6tJI_antibody.pdb
Converting SMILES to graph: 339/500
6gk8I_antigen.pdb  8dm0H_antibody.pdb
Converting SMILES to graph: 340/500
6gk8I_antigen.pdb  3hplAB_antibody.pdb
Converting SMILES to graph: 341/500
6gkdF_antigen.pdb  8h4iD_antibody.pdb
Converting SMILES to graph: 342/500
6gkdF_antigen.pdb  7kmkHL_antibody.pdb
Converting SMILES to graph: 343/500
6gkdF_antigen.pdb  8dm0H_antibody.pdb
Converting SMILES to graph: 344/500
6gkdF_antigen.pdb  3r1gHL_antibody.pdb
Converting SMILES to graph: 345/500
6gkdF_antigen.pdb  7y36N_antibody.pdb
Converting SMILES to graph: 346/500
6gkdF_antigen.pdb  7azbB_antibody.pdb
Converting SMILES to graph: 347/500
6gkuA_antigen.pdb  7x90EF_antibody.pdb
Converting SMILES to graph: 348/500
6gkuA_antigen.pdb  5gxbB_antibody.pdb
Converting SMILES to graph: 349/500
6gkuA_antigen.pdb  7d3mHL_antibody.pdb
Converting SMILES to graph: 350/500
6gkuA_antigen.pdb  7e3cBC_antibody.pdb
Converting SMILES to graph: 351/500
6gkuA_antigen.pdb  4zpvHL_antibody.pdb
Converting SMILES to graph: 352/500
6gkuA_antigen.pdb  7su0IM_antibody.pdb
Converting SMILES to graph: 353/500
6glwB_antigen.pdb  6b7zEF_antibody.pdb
Converting SMILES to graph: 354/500
6glwB_antigen.pdb  7ws6IH_antibody.pdb
Converting SMILES to graph: 355/500
6glwB_antigen.pdb  7trpHh_antibody.pdb
Converting SMILES to graph: 356/500
6glwB_antigen.pdb  7ckwN_antibody.pdb
Converting SMILES to graph: 357/500
6glwB_antigen.pdb  4xbeHL_antibody.pdb
Converting SMILES to graph: 358/500
6glwB_antigen.pdb  5a2lHh_antibody.pdb
Converting SMILES to graph: 359/500
6glxB_antigen.pdb  5tqqHL_antibody.pdb
Converting SMILES to graph: 360/500
6glxB_antigen.pdb  7x94HL_antibody.pdb
Converting SMILES to graph: 361/500
6glxB_antigen.pdb  7deuBb_antibody.pdb
Converting SMILES to graph: 362/500
6glxB_antigen.pdb  3v4uHL_antibody.pdb
Converting SMILES to graph: 363/500
6glxB_antigen.pdb  7e9oHL_antibody.pdb
Converting SMILES to graph: 364/500
6glxB_antigen.pdb  7k78Kk_antibody.pdb
Converting SMILES to graph: 365/500
6gs1A_antigen.pdb  7cwmHL_antibody.pdb
Converting SMILES to graph: 366/500
6gs1A_antigen.pdb  7rkmDd_antibody.pdb
Converting SMILES to graph: 367/500
6gs1A_antigen.pdb  7ps0HL_antibody.pdb
Converting SMILES to graph: 368/500
6gs1A_antigen.pdb  7ej8Hh_antibody.pdb
Converting SMILES to graph: 369/500
6gs1A_antigen.pdb  3j8vFJ_antibody.pdb
Converting SMILES to graph: 370/500
6gs1A_antigen.pdb  6p8nBD_antibody.pdb
Converting SMILES to graph: 371/500
6gs4A_antigen.pdb  6mxtN_antibody.pdb
Converting SMILES to graph: 372/500
6gs4A_antigen.pdb  2jk5AB_antibody.pdb
Converting SMILES to graph: 373/500
6gs4A_antigen.pdb  5td8E_antibody.pdb
Converting SMILES to graph: 374/500
6gs4A_antigen.pdb  7e3cBC_antibody.pdb
Converting SMILES to graph: 375/500
6gs4A_antigen.pdb  6oz3HL_antibody.pdb
Converting SMILES to graph: 376/500
6gs4A_antigen.pdb  8h3yD_antibody.pdb
Converting SMILES to graph: 377/500
6gs7A_antigen.pdb  6wozEF_antibody.pdb
Converting SMILES to graph: 378/500
6gs7A_antigen.pdb  4f15KL_antibody.pdb
Converting SMILES to graph: 379/500
6gs7A_antigen.pdb  7yonSs_antibody.pdb
Converting SMILES to graph: 380/500
6gs7A_antigen.pdb  4z9kB_antibody.pdb
Converting SMILES to graph: 381/500
6gs7A_antigen.pdb  2vweEC_antibody.pdb
Converting SMILES to graph: 382/500
6gs7A_antigen.pdb  7czvHK_antibody.pdb
Converting SMILES to graph: 383/500
6gv1A_antigen.pdb  7x26HK_antibody.pdb
Converting SMILES to graph: 384/500
6gv1A_antigen.pdb  8gseHL_antibody.pdb
Converting SMILES to graph: 385/500
6gv1A_antigen.pdb  7ktxIJ_antibody.pdb
Converting SMILES to graph: 386/500
6gv1A_antigen.pdb  1ottCD_antibody.pdb
Converting SMILES to graph: 387/500
6gv1A_antigen.pdb  8gv7CD_antibody.pdb
Converting SMILES to graph: 388/500
6gv1A_antigen.pdb  1jp5aA_antibody.pdb
Converting SMILES to graph: 389/500
6gv4BA_antigen.pdb  6wezHL_antibody.pdb
Converting SMILES to graph: 390/500
6gv4BA_antigen.pdb  7vihEe_antibody.pdb
Converting SMILES to graph: 391/500
6gv4BA_antigen.pdb  6uudHL_antibody.pdb
Converting SMILES to graph: 392/500
6gv4BA_antigen.pdb  6xcnHL_antibody.pdb
Converting SMILES to graph: 393/500
6gv4BA_antigen.pdb  7sk6FE_antibody.pdb
Converting SMILES to graph: 394/500
6gv4BA_antigen.pdb  6mtpHL_antibody.pdb
Converting SMILES to graph: 395/500
6gwnA_antigen.pdb  8fasAB_antibody.pdb
Converting SMILES to graph: 396/500
6gwnA_antigen.pdb  7klwB_antibody.pdb
Converting SMILES to graph: 397/500
6gwnA_antigen.pdb  7bc6B_antibody.pdb
Converting SMILES to graph: 398/500
6gwnA_antigen.pdb  6pzzKJ_antibody.pdb
Converting SMILES to graph: 399/500
6gwnA_antigen.pdb  6hjxH_antibody.pdb
Converting SMILES to graph: 400/500
6gwnA_antigen.pdb  7sr8Ee_antibody.pdb
Converting SMILES to graph: 401/500
6gwpA_antigen.pdb  7t5fF_antibody.pdb
Converting SMILES to graph: 402/500
6gwpA_antigen.pdb  1kiqBA_antibody.pdb
Converting SMILES to graph: 403/500
6gwpA_antigen.pdb  6midHL_antibody.pdb
Converting SMILES to graph: 404/500
6gwpA_antigen.pdb  3idjBA_antibody.pdb
Converting SMILES to graph: 405/500
6gwpA_antigen.pdb  8dcsN_antibody.pdb
Converting SMILES to graph: 406/500
6gwpA_antigen.pdb  6kx1AB_antibody.pdb
Converting SMILES to graph: 407/500
6gwqA_antigen.pdb  7ydyHL_antibody.pdb
Converting SMILES to graph: 408/500
6gwqA_antigen.pdb  7n0hZ_antibody.pdb
Converting SMILES to graph: 409/500
6gwqA_antigen.pdb  7lfaHL_antibody.pdb
Converting SMILES to graph: 410/500
6gwqA_antigen.pdb  6zbpF_antibody.pdb
Converting SMILES to graph: 411/500
6gwqA_antigen.pdb  5ocyHL_antibody.pdb
Converting SMILES to graph: 412/500
6h02A_antigen.pdb  4xnqHL_antibody.pdb
Converting SMILES to graph: 413/500
6h02A_antigen.pdb  2hkfHL_antibody.pdb
Converting SMILES to graph: 414/500
6h02A_antigen.pdb  3se9HL_antibody.pdb
Converting SMILES to graph: 415/500
6h02A_antigen.pdb  6wpsFG_antibody.pdb
Converting SMILES to graph: 416/500
6h02A_antigen.pdb  7a29D_antibody.pdb
Converting SMILES to graph: 417/500
6h02A_antigen.pdb  7uaqHL_antibody.pdb
Converting SMILES to graph: 418/500
6h06J_antigen.pdb  8gb6HL_antibody.pdb
Converting SMILES to graph: 419/500
6h06J_antigen.pdb  4z7oHL_antibody.pdb
Converting SMILES to graph: 420/500
6h06J_antigen.pdb  7yvhCA_antibody.pdb
Converting SMILES to graph: 421/500
6h06J_antigen.pdb  6qexCB_antibody.pdb
Converting SMILES to graph: 422/500
6h06J_antigen.pdb  4f9pDd_antibody.pdb
Converting SMILES to graph: 423/500
6h06J_antigen.pdb  5j1tC_antibody.pdb
Converting SMILES to graph: 424/500
6h0eG_antigen.pdb  7z4tHL_antibody.pdb
Converting SMILES to graph: 425/500
6h0eG_antigen.pdb  7b2mD_antibody.pdb
Converting SMILES to graph: 426/500
6h0eG_antigen.pdb  1e4xHL_antibody.pdb
Converting SMILES to graph: 427/500
6h0eG_antigen.pdb  6lz4AB_antibody.pdb
Converting SMILES to graph: 428/500
6h0eG_antigen.pdb  6wn1EF_antibody.pdb
Converting SMILES to graph: 429/500
6h0eG_antigen.pdb  7u9wHh_antibody.pdb
Converting SMILES to graph: 430/500
6h15B_antigen.pdb  7nx9AB_antibody.pdb
Converting SMILES to graph: 431/500
6h15B_antigen.pdb  6wnoEF_antibody.pdb
Converting SMILES to graph: 432/500
6h15B_antigen.pdb  6lfoSs_antibody.pdb
Converting SMILES to graph: 433/500
6h15B_antigen.pdb  7t3mDL_antibody.pdb
Converting SMILES to graph: 434/500
6h15B_antigen.pdb  6ct7HL_antibody.pdb
Converting SMILES to graph: 435/500
6h15B_antigen.pdb  7t9nHL_antibody.pdb
Converting SMILES to graph: 436/500
6h16A_antigen.pdb  7vgxSs_antibody.pdb
Converting SMILES to graph: 437/500
6h16A_antigen.pdb  8en2C_antibody.pdb
Converting SMILES to graph: 438/500
6h16A_antigen.pdb  7wckAB_antibody.pdb
Converting SMILES to graph: 439/500
6h16A_antigen.pdb  4orzC_antibody.pdb
Converting SMILES to graph: 440/500
6h16A_antigen.pdb  5f9wBC_antibody.pdb
Converting SMILES to graph: 441/500
6h1fB_antigen.pdb  3rkdDC_antibody.pdb
Converting SMILES to graph: 442/500
6h1fB_antigen.pdb  6lxiCD_antibody.pdb
Converting SMILES to graph: 443/500
6h1fB_antigen.pdb  1e6jHL_antibody.pdb
Converting SMILES to graph: 444/500
6h1fB_antigen.pdb  7kcrHL_antibody.pdb
Converting SMILES to graph: 445/500
6h1fB_antigen.pdb  6li3N_antibody.pdb
Converting SMILES to graph: 446/500
6h1fB_antigen.pdb  5dfvCD_antibody.pdb
Converting SMILES to graph: 447/500
6h2yD_antigen.pdb  3ifoHL_antibody.pdb
Converting SMILES to graph: 448/500
6h2yD_antigen.pdb  7r7nHL_antibody.pdb
Converting SMILES to graph: 449/500
6h2yD_antigen.pdb  3g5yBA_antibody.pdb
Converting SMILES to graph: 450/500
6h2yD_antigen.pdb  7xsbHL_antibody.pdb
Converting SMILES to graph: 451/500
6h2yD_antigen.pdb  6q0lHL_antibody.pdb
Converting SMILES to graph: 452/500
6h2yD_antigen.pdb  7duqN_antibody.pdb
Converting SMILES to graph: 453/500
6h3tB_antigen.pdb  7q9kHL_antibody.pdb
Converting SMILES to graph: 454/500
6h3tB_antigen.pdb  6meiHL_antibody.pdb
Converting SMILES to graph: 455/500
6h3tB_antigen.pdb  6hjxH_antibody.pdb
Converting SMILES to graph: 456/500
6h3tB_antigen.pdb  7xliB_antibody.pdb
Converting SMILES to graph: 457/500
6h3tB_antigen.pdb  5i5kXY_antibody.pdb
Converting SMILES to graph: 458/500
6h3tB_antigen.pdb  6gkdG_antibody.pdb
Converting SMILES to graph: 459/500
6h3uA_antigen.pdb  3ldbCB_antibody.pdb
Converting SMILES to graph: 460/500
6h3uA_antigen.pdb  6feqDC_antibody.pdb
Converting SMILES to graph: 461/500
6h3uA_antigen.pdb  7wi0CE_antibody.pdb
Converting SMILES to graph: 462/500
6h3uA_antigen.pdb  7yqzIG_antibody.pdb
Converting SMILES to graph: 463/500
6h3uA_antigen.pdb  6jb8A_antibody.pdb
Converting SMILES to graph: 464/500
6h3uA_antigen.pdb  7ljdN_antibody.pdb
Converting SMILES to graph: 465/500
6h5nA_antigen.pdb  5hi3CD_antibody.pdb
Converting SMILES to graph: 466/500
6h5nA_antigen.pdb  7jv4FG_antibody.pdb
Converting SMILES to graph: 467/500
6h5nA_antigen.pdb  7nezDC_antibody.pdb
Converting SMILES to graph: 468/500
6h5nA_antigen.pdb  7f5gB_antibody.pdb
Converting SMILES to graph: 469/500
6h5nA_antigen.pdb  7ws7GF_antibody.pdb
Converting SMILES to graph: 470/500
6h5nA_antigen.pdb  7jv5N_antibody.pdb
Converting SMILES to graph: 471/500
6h6yD_antigen.pdb  5vaiN_antibody.pdb
Converting SMILES to graph: 472/500
6h6yD_antigen.pdb  7wjzAC_antibody.pdb
Converting SMILES to graph: 473/500
6h6yD_antigen.pdb  7wbzHL_antibody.pdb
Converting SMILES to graph: 474/500
6h6yD_antigen.pdb  7zxfDE_antibody.pdb
Converting SMILES to graph: 475/500
6h6yD_antigen.pdb  5kzcBD_antibody.pdb
Converting SMILES to graph: 476/500
6h6yD_antigen.pdb  5tkkHL_antibody.pdb
Converting SMILES to graph: 477/500
6h6zA_antigen.pdb  7xk2Ss_antibody.pdb
Converting SMILES to graph: 478/500
6h6zA_antigen.pdb  7x25AC_antibody.pdb
Converting SMILES to graph: 479/500
6h6zA_antigen.pdb  7ws3IH_antibody.pdb
Converting SMILES to graph: 480/500
6h6zA_antigen.pdb  6pefAB_antibody.pdb
Converting SMILES to graph: 481/500
6h6zA_antigen.pdb  1ncbHL_antibody.pdb
Converting SMILES to graph: 482/500
6h6zA_antigen.pdb  7ecyEF_antibody.pdb
Converting SMILES to graph: 483/500
6h70B_antigen.pdb  7akdHL_antibody.pdb
Converting SMILES to graph: 484/500
6h70B_antigen.pdb  7trqHh_antibody.pdb
Converting SMILES to graph: 485/500
6h70B_antigen.pdb  8iysEe_antibody.pdb
Converting SMILES to graph: 486/500
6h70B_antigen.pdb  4g6fHL_antibody.pdb
Converting SMILES to graph: 487/500
6h70B_antigen.pdb  5wkoKL_antibody.pdb
Converting SMILES to graph: 488/500
6h70B_antigen.pdb  3ma9HL_antibody.pdb
Converting SMILES to graph: 489/500
6h71B_antigen.pdb  5f7kD_antibody.pdb
Converting SMILES to graph: 490/500
6h71B_antigen.pdb  7f1oE_antibody.pdb
Converting SMILES to graph: 491/500
6h71B_antigen.pdb  5jymDd_antibody.pdb
Converting SMILES to graph: 492/500
6h71B_antigen.pdb  8daoCD_antibody.pdb
Converting SMILES to graph: 493/500
6h71B_antigen.pdb  7y89Ss_antibody.pdb
Converting SMILES to graph: 494/500
6h71B_antigen.pdb  4xc1HL_antibody.pdb
Converting SMILES to graph: 495/500
6h72B_antigen.pdb  7w56Ee_antibody.pdb
Converting SMILES to graph: 496/500
6h72B_antigen.pdb  8flqN_antibody.pdb
Converting SMILES to graph: 497/500
6h72B_antigen.pdb  8jd6Dd_antibody.pdb
Converting SMILES to graph: 498/500
6h72B_antigen.pdb  7rycEe_antibody.pdb
Converting SMILES to graph: 499/500
6h72B_antigen.pdb  7tp4HL_antibody.pdb
Converting SMILES to graph: 500/500
6h72B_antigen.pdb  7phwEF_antibody.pdb
Graph construction done. Saving to file.
