Converting SMILES to graph: 1/500
7bxaP_antigen.pdb  8sg1Ee_antibody.pdb
Converting SMILES to graph: 2/500
7bxaP_antigen.pdb  5fhxH_antibody.pdb
Converting SMILES to graph: 3/500
7bxaP_antigen.pdb  8de4BC_antibody.pdb
Converting SMILES to graph: 4/500
7bxaP_antigen.pdb  3ngbBC_antibody.pdb
Converting SMILES to graph: 5/500
7bxaP_antigen.pdb  6c5wE_antibody.pdb
Converting SMILES to graph: 6/500
7bxaP_antigen.pdb  8fxbHL_antibody.pdb
Converting SMILES to graph: 7/500
7bxvA_antigen.pdb  7llyN_antibody.pdb
Converting SMILES to graph: 8/500
7bxvA_antigen.pdb  8g9wHL_antibody.pdb
Converting SMILES to graph: 9/500
7bxvA_antigen.pdb  6nbiN_antibody.pdb
Converting SMILES to graph: 10/500
7bxvA_antigen.pdb  2q8aHL_antibody.pdb
Converting SMILES to graph: 11/500
7bxvA_antigen.pdb  7wdfDE_antibody.pdb
Converting SMILES to graph: 12/500
7bxvA_antigen.pdb  3vgaCB_antibody.pdb
Converting SMILES to graph: 13/500
7byrB_antigen.pdb  7upaHL_antibody.pdb
Converting SMILES to graph: 14/500
7byrB_antigen.pdb  7vncV_antibody.pdb
Converting SMILES to graph: 15/500
7byrB_antigen.pdb  6aj7HL_antibody.pdb
Converting SMILES to graph: 16/500
7byrB_antigen.pdb  6fuzN_antibody.pdb
Converting SMILES to graph: 17/500
7byrB_antigen.pdb  5eoqHL_antibody.pdb
Converting SMILES to graph: 18/500
7byrB_antigen.pdb  8bg2Aa_antibody.pdb
Converting SMILES to graph: 19/500
7bz2BA_antigen.pdb  6gg0HL_antibody.pdb
Converting SMILES to graph: 20/500
7bz2BA_antigen.pdb  6cezHL_antibody.pdb
Converting SMILES to graph: 21/500
7bz2BA_antigen.pdb  5kveHL_antibody.pdb
Converting SMILES to graph: 22/500
7bz2BA_antigen.pdb  7lqvHL_antibody.pdb
Converting SMILES to graph: 23/500
7bz2BA_antigen.pdb  4k2uIM_antibody.pdb
Converting SMILES to graph: 24/500
7bz2BA_antigen.pdb  4kvnHL_antibody.pdb
Converting SMILES to graph: 25/500
7bz5A_antigen.pdb  5esvHL_antibody.pdb
Converting SMILES to graph: 26/500
7bz5A_antigen.pdb  7lg6JM_antibody.pdb
Converting SMILES to graph: 27/500
7bz5A_antigen.pdb  3haeHL_antibody.pdb
Converting SMILES to graph: 28/500
7bz5A_antigen.pdb  5vj6QR_antibody.pdb
Converting SMILES to graph: 29/500
7bz5A_antigen.pdb  7rxcHL_antibody.pdb
Converting SMILES to graph: 30/500
7bz5A_antigen.pdb  5jhlHL_antibody.pdb
Converting SMILES to graph: 31/500
7c01A_antigen.pdb  7kzzDC_antibody.pdb
Converting SMILES to graph: 32/500
7c01A_antigen.pdb  7bz2N_antibody.pdb
Converting SMILES to graph: 33/500
7c01A_antigen.pdb  5iwlAa_antibody.pdb
Converting SMILES to graph: 34/500
7c01A_antigen.pdb  4mhhHL_antibody.pdb
Converting SMILES to graph: 35/500
7c01A_antigen.pdb  7m42DC_antibody.pdb
Converting SMILES to graph: 36/500
7c01A_antigen.pdb  4i1nB_antibody.pdb
Converting SMILES to graph: 37/500
7c2eAB_antigen.pdb  7y71OP_antibody.pdb
Converting SMILES to graph: 38/500
7c2eAB_antigen.pdb  8de4BC_antibody.pdb
Converting SMILES to graph: 39/500
7c2eAB_antigen.pdb  7kmlJN_antibody.pdb
Converting SMILES to graph: 40/500
7c2eAB_antigen.pdb  7xkeN_antibody.pdb
Converting SMILES to graph: 41/500
7c2eAB_antigen.pdb  4khtHL_antibody.pdb
Converting SMILES to graph: 42/500
7c2lC_antigen.pdb  7mepIG_antibody.pdb
Converting SMILES to graph: 43/500
7c2lC_antigen.pdb  7t01HL_antibody.pdb
Converting SMILES to graph: 44/500
7c2lC_antigen.pdb  7tasHL_antibody.pdb
Converting SMILES to graph: 45/500
7c2lC_antigen.pdb  5td8E_antibody.pdb
Converting SMILES to graph: 46/500
7c2lC_antigen.pdb  3tt3HL_antibody.pdb
Converting SMILES to graph: 47/500
7c2lC_antigen.pdb  4d3cHL_antibody.pdb
Converting SMILES to graph: 48/500
7c2sBA_antigen.pdb  7cwtIJ_antibody.pdb
Converting SMILES to graph: 49/500
7c2sBA_antigen.pdb  8tp5EF_antibody.pdb
Converting SMILES to graph: 50/500
7c2sBA_antigen.pdb  7x3cHL_antibody.pdb
Converting SMILES to graph: 51/500
7c2sBA_antigen.pdb  4utaHL_antibody.pdb
Converting SMILES to graph: 52/500
7c2sBA_antigen.pdb  5tsj1_antibody.pdb
Converting SMILES to graph: 53/500
7c2tB_antigen.pdb  7k45HL_antibody.pdb
Converting SMILES to graph: 54/500
7c2tB_antigen.pdb  7s0dHL_antibody.pdb
Converting SMILES to graph: 55/500
7c2tB_antigen.pdb  7rkfDd_antibody.pdb
Converting SMILES to graph: 56/500
7c2tB_antigen.pdb  7f1gD_antibody.pdb
Converting SMILES to graph: 57/500
7c2tB_antigen.pdb  2xt1B_antibody.pdb
Converting SMILES to graph: 58/500
7c2tB_antigen.pdb  4z7qHL_antibody.pdb
Converting SMILES to graph: 59/500
7c4sB_antigen.pdb  4eneCD_antibody.pdb
Converting SMILES to graph: 60/500
7c4sB_antigen.pdb  3fb5AB_antibody.pdb
Converting SMILES to graph: 61/500
7c4sB_antigen.pdb  8ee5HL_antibody.pdb
Converting SMILES to graph: 62/500
7c4sB_antigen.pdb  7x2mB_antibody.pdb
Converting SMILES to graph: 63/500
7c4sB_antigen.pdb  7epbC_antibody.pdb
Converting SMILES to graph: 64/500
7c4sB_antigen.pdb  3csyEF_antibody.pdb
Converting SMILES to graph: 65/500
7c61A_antigen.pdb  6i9iHL_antibody.pdb
Converting SMILES to graph: 66/500
7c61A_antigen.pdb  7rdaHL_antibody.pdb
Converting SMILES to graph: 67/500
7c61A_antigen.pdb  5lhrB_antibody.pdb
Converting SMILES to graph: 68/500
7c61A_antigen.pdb  7rr0BC_antibody.pdb
Converting SMILES to graph: 69/500
7c61A_antigen.pdb  6raiC_antibody.pdb
Converting SMILES to graph: 70/500
7c61A_antigen.pdb  4hjgBA_antibody.pdb
Converting SMILES to graph: 71/500
7c6aA_antigen.pdb  3u0tDC_antibody.pdb
Converting SMILES to graph: 72/500
7c6aA_antigen.pdb  6xeyJK_antibody.pdb
Converting SMILES to graph: 73/500
7c6aA_antigen.pdb  6p9xN_antibody.pdb
Converting SMILES to graph: 74/500
7c6aA_antigen.pdb  3drqBA_antibody.pdb
Converting SMILES to graph: 75/500
7c6aA_antigen.pdb  6zjgHL_antibody.pdb
Converting SMILES to graph: 76/500
7c6aA_antigen.pdb  7apjB_antibody.pdb
Converting SMILES to graph: 77/500
7c80ACB_antigen.pdb  6xoxEe_antibody.pdb
Converting SMILES to graph: 78/500
7c80ACB_antigen.pdb  8wpuEe_antibody.pdb
Converting SMILES to graph: 79/500
7c80ACB_antigen.pdb  4jfxHL_antibody.pdb
Converting SMILES to graph: 80/500
7c80ACB_antigen.pdb  3qa3BA_antibody.pdb
Converting SMILES to graph: 81/500
7c80ACB_antigen.pdb  5f8qC_antibody.pdb
Converting SMILES to graph: 82/500
7c80ACB_antigen.pdb  7e5yCB_antibody.pdb
Converting SMILES to graph: 83/500
7c81AC_antigen.pdb  7o30BA_antibody.pdb
Converting SMILES to graph: 84/500
7c81AC_antigen.pdb  6b20F_antibody.pdb
Converting SMILES to graph: 85/500
7c81AC_antigen.pdb  7t17JK_antibody.pdb
Converting SMILES to graph: 86/500
7c81AC_antigen.pdb  4mxvHL_antibody.pdb
Converting SMILES to graph: 87/500
7c81AC_antigen.pdb  5vocHL_antibody.pdb
Converting SMILES to graph: 88/500
7c88C_antigen.pdb  7si2GF_antibody.pdb
Converting SMILES to graph: 89/500
7c88C_antigen.pdb  8en1C_antibody.pdb
Converting SMILES to graph: 90/500
7c88C_antigen.pdb  7tatDE_antibody.pdb
Converting SMILES to graph: 91/500
7c88C_antigen.pdb  8flrN_antibody.pdb
Converting SMILES to graph: 92/500
7c88C_antigen.pdb  7t5fF_antibody.pdb
Converting SMILES to graph: 93/500
7c88C_antigen.pdb  5ug0DC_antibody.pdb
Converting SMILES to graph: 94/500
7c8vB_antigen.pdb  7ue0EF_antibody.pdb
Converting SMILES to graph: 95/500
7c8vB_antigen.pdb  7kgvCE_antibody.pdb
Converting SMILES to graph: 96/500
7c8vB_antigen.pdb  4f15KL_antibody.pdb
Converting SMILES to graph: 97/500
7c8vB_antigen.pdb  7t8wHL_antibody.pdb
Converting SMILES to graph: 98/500
7c8vB_antigen.pdb  7bc6B_antibody.pdb
Converting SMILES to graph: 99/500
7c8vB_antigen.pdb  8g3pCI_antibody.pdb
Converting SMILES to graph: 100/500
7c8wB_antigen.pdb  7thtHL_antibody.pdb
Converting SMILES to graph: 101/500
7c8wB_antigen.pdb  4fqyHL_antibody.pdb
Converting SMILES to graph: 102/500
7c8wB_antigen.pdb  8j1qBA_antibody.pdb
Converting SMILES to graph: 103/500
7c8wB_antigen.pdb  1r3kBA_antibody.pdb
Converting SMILES to graph: 104/500
7c8wB_antigen.pdb  5e5mD_antibody.pdb
Converting SMILES to graph: 105/500
7c8wB_antigen.pdb  1jtoB_antibody.pdb
Converting SMILES to graph: 106/500
7c94C_antigen.pdb  1ncaHL_antibody.pdb
Converting SMILES to graph: 107/500
7c94C_antigen.pdb  5bozI_antibody.pdb
Converting SMILES to graph: 108/500
7c94C_antigen.pdb  1tpxBC_antibody.pdb
Converting SMILES to graph: 109/500
7c94C_antigen.pdb  7cebCD_antibody.pdb
Converting SMILES to graph: 110/500
7c94C_antigen.pdb  3ghbHL_antibody.pdb
Converting SMILES to graph: 111/500
7c94C_antigen.pdb  8gasHL_antibody.pdb
Converting SMILES to graph: 112/500
7cacBA_antigen.pdb  6wg0HL_antibody.pdb
Converting SMILES to graph: 113/500
7cacBA_antigen.pdb  5j3dHL_antibody.pdb
Converting SMILES to graph: 114/500
7cacBA_antigen.pdb  6bliDE_antibody.pdb
Converting SMILES to graph: 115/500
7cacBA_antigen.pdb  7z1aE_antibody.pdb
Converting SMILES to graph: 116/500
7cacBA_antigen.pdb  7przHL_antibody.pdb
Converting SMILES to graph: 117/500
7cahA_antigen.pdb  6mekFE_antibody.pdb
Converting SMILES to graph: 118/500
7cahA_antigen.pdb  8dy1Cc_antibody.pdb
Converting SMILES to graph: 119/500
7cahA_antigen.pdb  6d01GH_antibody.pdb
Converting SMILES to graph: 120/500
7cahA_antigen.pdb  3rajHL_antibody.pdb
Converting SMILES to graph: 121/500
7cahA_antigen.pdb  7e5rLH_antibody.pdb
Converting SMILES to graph: 122/500
7cahA_antigen.pdb  6wtvHI_antibody.pdb
Converting SMILES to graph: 123/500
7caiA_antigen.pdb  2ibzXY_antibody.pdb
Converting SMILES to graph: 124/500
7caiA_antigen.pdb  7fcpHL_antibody.pdb
Converting SMILES to graph: 125/500
7caiA_antigen.pdb  7wpdXY_antibody.pdb
Converting SMILES to graph: 126/500
7caiA_antigen.pdb  7rdaHL_antibody.pdb
Converting SMILES to graph: 127/500
7caiA_antigen.pdb  7u0iKk_antibody.pdb
Converting SMILES to graph: 128/500
7cakC_antigen.pdb  6vbpJI_antibody.pdb
Converting SMILES to graph: 129/500
7cakC_antigen.pdb  8e8sHL_antibody.pdb
Converting SMILES to graph: 130/500
7cakC_antigen.pdb  7tpjHL_antibody.pdb
Converting SMILES to graph: 131/500
7cakC_antigen.pdb  5x2qHL_antibody.pdb
Converting SMILES to graph: 132/500
7cakC_antigen.pdb  5usfD_antibody.pdb
Converting SMILES to graph: 133/500
7cakC_antigen.pdb  1uacHL_antibody.pdb
Converting SMILES to graph: 134/500
7canB_antigen.pdb  8ihjSs_antibody.pdb
Converting SMILES to graph: 135/500
7canB_antigen.pdb  7rqrAB_antibody.pdb
Converting SMILES to graph: 136/500
7canB_antigen.pdb  1jhlHL_antibody.pdb
Converting SMILES to graph: 137/500
7canB_antigen.pdb  8sr0YZ_antibody.pdb
Converting SMILES to graph: 138/500
7canB_antigen.pdb  7cahED_antibody.pdb
Converting SMILES to graph: 139/500
7canB_antigen.pdb  4risHL_antibody.pdb
Converting SMILES to graph: 140/500
7cbpKQ_antigen.pdb  7m2jAB_antibody.pdb
Converting SMILES to graph: 141/500
7cbpKQ_antigen.pdb  7dw9Ss_antibody.pdb
Converting SMILES to graph: 142/500
7cbpKQ_antigen.pdb  7zlkHL_antibody.pdb
Converting SMILES to graph: 143/500
7cbpKQ_antigen.pdb  7w7eHh_antibody.pdb
Converting SMILES to graph: 144/500
7cbpKQ_antigen.pdb  6ocaD_antibody.pdb
Converting SMILES to graph: 145/500
7cbpKQ_antigen.pdb  6t3jCD_antibody.pdb
Converting SMILES to graph: 146/500
7cdiE_antigen.pdb  7nvnN_antibody.pdb
Converting SMILES to graph: 147/500
7cdiE_antigen.pdb  5u3nHL_antibody.pdb
Converting SMILES to graph: 148/500
7cdiE_antigen.pdb  4i1nB_antibody.pdb
Converting SMILES to graph: 149/500
7cdiE_antigen.pdb  6x06K_antibody.pdb
Converting SMILES to graph: 150/500
7cdiE_antigen.pdb  7yu7Ss_antibody.pdb
Converting SMILES to graph: 151/500
7cdiE_antigen.pdb  7webGI_antibody.pdb
Converting SMILES to graph: 152/500
7cdjE_antigen.pdb  7l3nDE_antibody.pdb
Converting SMILES to graph: 153/500
7cdjE_antigen.pdb  3j1sHL_antibody.pdb
Converting SMILES to graph: 154/500
7cdjE_antigen.pdb  4lsvHL_antibody.pdb
Converting SMILES to graph: 155/500
7cdjE_antigen.pdb  6oe4EF_antibody.pdb
Converting SMILES to graph: 156/500
7cdjE_antigen.pdb  7rfcAB_antibody.pdb
Converting SMILES to graph: 157/500
7cdjE_antigen.pdb  4khxHL_antibody.pdb
Converting SMILES to graph: 158/500
7ce2A_antigen.pdb  4tsaHL_antibody.pdb
Converting SMILES to graph: 159/500
7ce2A_antigen.pdb  7cztIM_antibody.pdb
Converting SMILES to graph: 160/500
7ce2A_antigen.pdb  4n9gMN_antibody.pdb
Converting SMILES to graph: 161/500
7ce2A_antigen.pdb  6q6zB_antibody.pdb
Converting SMILES to graph: 162/500
7ce2A_antigen.pdb  8ek5Ee_antibody.pdb
Converting SMILES to graph: 163/500
7ce2A_antigen.pdb  6p60AB_antibody.pdb
Converting SMILES to graph: 164/500
7cebB_antigen.pdb  5hysAB_antibody.pdb
Converting SMILES to graph: 165/500
7cebB_antigen.pdb  6idkHL_antibody.pdb
Converting SMILES to graph: 166/500
7cebB_antigen.pdb  4hlzIJ_antibody.pdb
Converting SMILES to graph: 167/500
7cebB_antigen.pdb  4wv1BA_antibody.pdb
Converting SMILES to graph: 168/500
7cebB_antigen.pdb  5tztHL_antibody.pdb
Converting SMILES to graph: 169/500
7cebB_antigen.pdb  7x2gHL_antibody.pdb
Converting SMILES to graph: 170/500
7cecB_antigen.pdb  8dulHL_antibody.pdb
Converting SMILES to graph: 171/500
7cecB_antigen.pdb  7lo6LK_antibody.pdb
Converting SMILES to graph: 172/500
7cecB_antigen.pdb  8hiiHL_antibody.pdb
Converting SMILES to graph: 173/500
7cecB_antigen.pdb  7r1zC_antibody.pdb
Converting SMILES to graph: 174/500
7cecB_antigen.pdb  8i9lHh_antibody.pdb
Converting SMILES to graph: 175/500
7cfmABG_antigen.pdb  8tpaHL_antibody.pdb
Converting SMILES to graph: 176/500
7cfmABG_antigen.pdb  8df5AB_antibody.pdb
Converting SMILES to graph: 177/500
7cfmABG_antigen.pdb  7t6sEe_antibody.pdb
Converting SMILES to graph: 178/500
7cfmABG_antigen.pdb  7sx7HL_antibody.pdb
Converting SMILES to graph: 179/500
7cfmABG_antigen.pdb  7zwfBb_antibody.pdb
Converting SMILES to graph: 180/500
7cfmABG_antigen.pdb  8fatAB_antibody.pdb
Converting SMILES to graph: 181/500
7cfnAB_antigen.pdb  5h37KL_antibody.pdb
Converting SMILES to graph: 182/500
7cfnAB_antigen.pdb  4plkHL_antibody.pdb
Converting SMILES to graph: 183/500
7cfnAB_antigen.pdb  8pnlB_antibody.pdb
Converting SMILES to graph: 184/500
7cfnAB_antigen.pdb  7x2tHL_antibody.pdb
Converting SMILES to graph: 185/500
7cfnAB_antigen.pdb  6ss4HL_antibody.pdb
Converting SMILES to graph: 186/500
7cfnAB_antigen.pdb  5kvfHL_antibody.pdb
Converting SMILES to graph: 187/500
7cgwC_antigen.pdb  7rlyCD_antibody.pdb
Converting SMILES to graph: 188/500
7cgwC_antigen.pdb  7tbfHL_antibody.pdb
Converting SMILES to graph: 189/500
7cgwC_antigen.pdb  8a96KJ_antibody.pdb
Converting SMILES to graph: 190/500
7cgwC_antigen.pdb  3dvgBA_antibody.pdb
Converting SMILES to graph: 191/500
7cgwC_antigen.pdb  2dqiHL_antibody.pdb
Converting SMILES to graph: 192/500
7cgwC_antigen.pdb  6ztrHL_antibody.pdb
Converting SMILES to graph: 193/500
7ch4R_antigen.pdb  7rxlHL_antibody.pdb
Converting SMILES to graph: 194/500
7ch4R_antigen.pdb  7zxuA_antibody.pdb
Converting SMILES to graph: 195/500
7ch4R_antigen.pdb  6uftB_antibody.pdb
Converting SMILES to graph: 196/500
7ch4R_antigen.pdb  3wfeHL_antibody.pdb
Converting SMILES to graph: 197/500
7ch4R_antigen.pdb  5w6dHL_antibody.pdb
Converting SMILES to graph: 198/500
7ch4R_antigen.pdb  7nd7HL_antibody.pdb
Converting SMILES to graph: 199/500
7ch5R_antigen.pdb  3gi8HL_antibody.pdb
Converting SMILES to graph: 200/500
7ch5R_antigen.pdb  6warD_antibody.pdb
Converting SMILES to graph: 201/500
7ch5R_antigen.pdb  7vazDC_antibody.pdb
Converting SMILES to graph: 202/500
7ch5R_antigen.pdb  7vdmSs_antibody.pdb
Converting SMILES to graph: 203/500
7ch5R_antigen.pdb  7urfOP_antibody.pdb
Converting SMILES to graph: 204/500
7ch5R_antigen.pdb  7epxHL_antibody.pdb
Converting SMILES to graph: 205/500
7chbR_antigen.pdb  7d2zA_antibody.pdb
Converting SMILES to graph: 206/500
7chbR_antigen.pdb  7bz5HL_antibody.pdb
Converting SMILES to graph: 207/500
7chbR_antigen.pdb  7m55HL_antibody.pdb
Converting SMILES to graph: 208/500
7chbR_antigen.pdb  8cy9D_antibody.pdb
Converting SMILES to graph: 209/500
7chbR_antigen.pdb  7k7rED_antibody.pdb
Converting SMILES to graph: 210/500
7chbR_antigen.pdb  6kvahl_antibody.pdb
Converting SMILES to graph: 211/500
7chcR_antigen.pdb  2dqhHL_antibody.pdb
Converting SMILES to graph: 212/500
7chcR_antigen.pdb  5vebHL_antibody.pdb
Converting SMILES to graph: 213/500
7chcR_antigen.pdb  6sspL_antibody.pdb
Converting SMILES to graph: 214/500
7chcR_antigen.pdb  7akdHL_antibody.pdb
Converting SMILES to graph: 215/500
7chcR_antigen.pdb  7u0aHL_antibody.pdb
Converting SMILES to graph: 216/500
7chcR_antigen.pdb  5e5mD_antibody.pdb
Converting SMILES to graph: 217/500
7cheR_antigen.pdb  6hjyJ_antibody.pdb
Converting SMILES to graph: 218/500
7cheR_antigen.pdb  7y8jHL_antibody.pdb
Converting SMILES to graph: 219/500
7cheR_antigen.pdb  5npjAa_antibody.pdb
Converting SMILES to graph: 220/500
7cheR_antigen.pdb  8h3yD_antibody.pdb
Converting SMILES to graph: 221/500
7cheR_antigen.pdb  8e8zHL_antibody.pdb
Converting SMILES to graph: 222/500
7cheR_antigen.pdb  7unzC_antibody.pdb
Converting SMILES to graph: 223/500
7chfR_antigen.pdb  7xv3N_antibody.pdb
Converting SMILES to graph: 224/500
7chfR_antigen.pdb  7phqN_antibody.pdb
Converting SMILES to graph: 225/500
7chfR_antigen.pdb  8j7vEC_antibody.pdb
Converting SMILES to graph: 226/500
7chfR_antigen.pdb  7lcvAB_antibody.pdb
Converting SMILES to graph: 227/500
7chfR_antigen.pdb  6m3cKJ_antibody.pdb
Converting SMILES to graph: 228/500
7chfR_antigen.pdb  7x1uDd_antibody.pdb
Converting SMILES to graph: 229/500
7chhC_antigen.pdb  2a0lFE_antibody.pdb
Converting SMILES to graph: 230/500
7chhC_antigen.pdb  3grwHL_antibody.pdb
Converting SMILES to graph: 231/500
7chhC_antigen.pdb  7wd8EF_antibody.pdb
Converting SMILES to graph: 232/500
7chhC_antigen.pdb  7kd2C_antibody.pdb
Converting SMILES to graph: 233/500
7chhC_antigen.pdb  4kfzD_antibody.pdb
Converting SMILES to graph: 234/500
7choE_antigen.pdb  5vxrHL_antibody.pdb
Converting SMILES to graph: 235/500
7choE_antigen.pdb  7u0eAB_antibody.pdb
Converting SMILES to graph: 236/500
7choE_antigen.pdb  5lwyHL_antibody.pdb
Converting SMILES to graph: 237/500
7choE_antigen.pdb  7jktHL_antibody.pdb
Converting SMILES to graph: 238/500
7choE_antigen.pdb  5kwl7_antibody.pdb
Converting SMILES to graph: 239/500
7choE_antigen.pdb  8hbvB_antibody.pdb
Converting SMILES to graph: 240/500
7chpE_antigen.pdb  8gpyCD_antibody.pdb
Converting SMILES to graph: 241/500
7chpE_antigen.pdb  7xd2DJ_antibody.pdb
Converting SMILES to graph: 242/500
7chpE_antigen.pdb  4h8wHL_antibody.pdb
Converting SMILES to graph: 243/500
7chpE_antigen.pdb  7qnbN_antibody.pdb
Converting SMILES to graph: 244/500
7chpE_antigen.pdb  7zxgBC_antibody.pdb
Converting SMILES to graph: 245/500
7chpE_antigen.pdb  5ig7GH_antibody.pdb
Converting SMILES to graph: 246/500
7chsE_antigen.pdb  4lssHL_antibody.pdb
Converting SMILES to graph: 247/500
7chsE_antigen.pdb  8fczC_antibody.pdb
Converting SMILES to graph: 248/500
7chsE_antigen.pdb  5vphDC_antibody.pdb
Converting SMILES to graph: 249/500
7chsE_antigen.pdb  8bboHL_antibody.pdb
Converting SMILES to graph: 250/500
7chsE_antigen.pdb  3v4pHL_antibody.pdb
Converting SMILES to graph: 251/500
7chsE_antigen.pdb  7unbHL_antibody.pdb
Converting SMILES to graph: 252/500
7chyI_antigen.pdb  5tpnHL_antibody.pdb
Converting SMILES to graph: 253/500
7chyI_antigen.pdb  7k8vMN_antibody.pdb
Converting SMILES to graph: 254/500
7chyI_antigen.pdb  7pc0F_antibody.pdb
Converting SMILES to graph: 255/500
7chyI_antigen.pdb  7ntcHL_antibody.pdb
Converting SMILES to graph: 256/500
7chyI_antigen.pdb  7pnqDF_antibody.pdb
Converting SMILES to graph: 257/500
7chyI_antigen.pdb  7pbdF_antibody.pdb
Converting SMILES to graph: 258/500
7chzI_antigen.pdb  7ui0HL_antibody.pdb
Converting SMILES to graph: 259/500
7chzI_antigen.pdb  7engHL_antibody.pdb
Converting SMILES to graph: 260/500
7chzI_antigen.pdb  8dziHL_antibody.pdb
Converting SMILES to graph: 261/500
7chzI_antigen.pdb  7zmpC_antibody.pdb
Converting SMILES to graph: 262/500
7chzI_antigen.pdb  7ezmHh_antibody.pdb
Converting SMILES to graph: 263/500
7chzI_antigen.pdb  5f97F_antibody.pdb
Converting SMILES to graph: 264/500
7cj2A_antigen.pdb  2wucHL_antibody.pdb
Converting SMILES to graph: 265/500
7cj2A_antigen.pdb  8gptDE_antibody.pdb
Converting SMILES to graph: 266/500
7cj2A_antigen.pdb  8dlxH_antibody.pdb
Converting SMILES to graph: 267/500
7cj2A_antigen.pdb  8dedHL_antibody.pdb
Converting SMILES to graph: 268/500
7cj2A_antigen.pdb  6h3uIM_antibody.pdb
Converting SMILES to graph: 269/500
7cj2A_antigen.pdb  5vcoDC_antibody.pdb
Converting SMILES to graph: 270/500
7cjfC_antigen.pdb  4rauBA_antibody.pdb
Converting SMILES to graph: 271/500
7cjfC_antigen.pdb  7ugqGJ_antibody.pdb
Converting SMILES to graph: 272/500
7cjfC_antigen.pdb  7dfaHL_antibody.pdb
Converting SMILES to graph: 273/500
7cjfC_antigen.pdb  5mykBA_antibody.pdb
Converting SMILES to graph: 274/500
7cjfC_antigen.pdb  8gasHL_antibody.pdb
Converting SMILES to graph: 275/500
7cjfC_antigen.pdb  6x9uHL_antibody.pdb
Converting SMILES to graph: 276/500
7ckwABG_antigen.pdb  8dkwAB_antibody.pdb
Converting SMILES to graph: 277/500
7ckwABG_antigen.pdb  5u3mHL_antibody.pdb
Converting SMILES to graph: 278/500
7ckwABG_antigen.pdb  8ituED_antibody.pdb
Converting SMILES to graph: 279/500
7ckwABG_antigen.pdb  7vkeB_antibody.pdb
Converting SMILES to graph: 280/500
7ckwABG_antigen.pdb  7xh8BC_antibody.pdb
Converting SMILES to graph: 281/500
7ckwABG_antigen.pdb  7o9sHL_antibody.pdb
Converting SMILES to graph: 282/500
7ckxABG_antigen.pdb  7qvmSs_antibody.pdb
Converting SMILES to graph: 283/500
7ckxABG_antigen.pdb  6m58CD_antibody.pdb
Converting SMILES to graph: 284/500
7ckxABG_antigen.pdb  5anyJN_antibody.pdb
Converting SMILES to graph: 285/500
7ckxABG_antigen.pdb  6gs1H_antibody.pdb
Converting SMILES to graph: 286/500
7ckxABG_antigen.pdb  7so9ED_antibody.pdb
Converting SMILES to graph: 287/500
7ckyABG_antigen.pdb  2ny4DC_antibody.pdb
Converting SMILES to graph: 288/500
7ckyABG_antigen.pdb  3wfcHL_antibody.pdb
Converting SMILES to graph: 289/500
7ckyABG_antigen.pdb  7pivN_antibody.pdb
Converting SMILES to graph: 290/500
7ckyABG_antigen.pdb  2nljBA_antibody.pdb
Converting SMILES to graph: 291/500
7ckyABG_antigen.pdb  8aiaD_antibody.pdb
Converting SMILES to graph: 292/500
7ckyABG_antigen.pdb  8hnlSs_antibody.pdb
Converting SMILES to graph: 293/500
7ckzABG_antigen.pdb  7n3cHL_antibody.pdb
Converting SMILES to graph: 294/500
7ckzABG_antigen.pdb  7teeHL_antibody.pdb
Converting SMILES to graph: 295/500
7ckzABG_antigen.pdb  6nfuAB_antibody.pdb
Converting SMILES to graph: 296/500
7ckzABG_antigen.pdb  7sl8B_antibody.pdb
Converting SMILES to graph: 297/500
7ckzABG_antigen.pdb  5u3kAB_antibody.pdb
Converting SMILES to graph: 298/500
7ckzABG_antigen.pdb  6b5oHL_antibody.pdb
Converting SMILES to graph: 299/500
7cm4A_antigen.pdb  7tbfHL_antibody.pdb
Converting SMILES to graph: 300/500
7cm4A_antigen.pdb  7x2iHL_antibody.pdb
Converting SMILES to graph: 301/500
7cm4A_antigen.pdb  7towHL_antibody.pdb
Converting SMILES to graph: 302/500
7cm4A_antigen.pdb  2nxzDC_antibody.pdb
Converting SMILES to graph: 303/500
7cm4A_antigen.pdb  6nfvAB_antibody.pdb
Converting SMILES to graph: 304/500
7cmkAC_antigen.pdb  3l5yHL_antibody.pdb
Converting SMILES to graph: 305/500
7cmkAC_antigen.pdb  4lsvHL_antibody.pdb
Converting SMILES to graph: 306/500
7cmkAC_antigen.pdb  7a0vD_antibody.pdb
Converting SMILES to graph: 307/500
7cmkAC_antigen.pdb  3w14CD_antibody.pdb
Converting SMILES to graph: 308/500
7cmkAC_antigen.pdb  4kk9EF_antibody.pdb
Converting SMILES to graph: 309/500
7cmkAC_antigen.pdb  8gtqHL_antibody.pdb
Converting SMILES to graph: 310/500
7cmuAB_antigen.pdb  7mdjAB_antibody.pdb
Converting SMILES to graph: 311/500
7cmuAB_antigen.pdb  1yntDC_antibody.pdb
Converting SMILES to graph: 312/500
7cmuAB_antigen.pdb  7nx0D_antibody.pdb
Converting SMILES to graph: 313/500
7cmuAB_antigen.pdb  3vi3FE_antibody.pdb
Converting SMILES to graph: 314/500
7cmuAB_antigen.pdb  7nxxB_antibody.pdb
Converting SMILES to graph: 315/500
7cmuAB_antigen.pdb  7phwEF_antibody.pdb
Converting SMILES to graph: 316/500
7cmvAB_antigen.pdb  7tufHL_antibody.pdb
Converting SMILES to graph: 317/500
7cmvAB_antigen.pdb  5v8mSU_antibody.pdb
Converting SMILES to graph: 318/500
7cmvAB_antigen.pdb  7wckAB_antibody.pdb
Converting SMILES to graph: 319/500
7cmvAB_antigen.pdb  7u0iKk_antibody.pdb
Converting SMILES to graph: 320/500
7cmvAB_antigen.pdb  3nh7KO_antibody.pdb
Converting SMILES to graph: 321/500
7cmvAB_antigen.pdb  7m30FG_antibody.pdb
Converting SMILES to graph: 322/500
7cn2E_antigen.pdb  8ee1BC_antibody.pdb
Converting SMILES to graph: 323/500
7cn2E_antigen.pdb  6k42Hh_antibody.pdb
Converting SMILES to graph: 324/500
7cn2E_antigen.pdb  3sm5IM_antibody.pdb
Converting SMILES to graph: 325/500
7cn2E_antigen.pdb  8gw8N_antibody.pdb
Converting SMILES to graph: 326/500
7cn2E_antigen.pdb  1xfpA_antibody.pdb
Converting SMILES to graph: 327/500
7cn2E_antigen.pdb  2otuDC_antibody.pdb
Converting SMILES to graph: 328/500
7coeA_antigen.pdb  7ox4AB_antibody.pdb
Converting SMILES to graph: 329/500
7coeA_antigen.pdb  8e1gHL_antibody.pdb
Converting SMILES to graph: 330/500
7coeA_antigen.pdb  1nsnHL_antibody.pdb
Converting SMILES to graph: 331/500
7coeA_antigen.pdb  7u9wHh_antibody.pdb
Converting SMILES to graph: 332/500
7coeA_antigen.pdb  7m6iHL_antibody.pdb
Converting SMILES to graph: 333/500
7coeA_antigen.pdb  1p2cBA_antibody.pdb
Converting SMILES to graph: 334/500
7cqcA_antigen.pdb  7kfvFG_antibody.pdb
Converting SMILES to graph: 335/500
7cqcA_antigen.pdb  7wueCD_antibody.pdb
Converting SMILES to graph: 336/500
7cqcA_antigen.pdb  7kcrHL_antibody.pdb
Converting SMILES to graph: 337/500
7cqcA_antigen.pdb  1yntDC_antibody.pdb
Converting SMILES to graph: 338/500
7cqcA_antigen.pdb  7t3dOQ_antibody.pdb
Converting SMILES to graph: 339/500
7cqcA_antigen.pdb  4grwF_antibody.pdb
Converting SMILES to graph: 340/500
7cqdB_antigen.pdb  2h32HA_antibody.pdb
Converting SMILES to graph: 341/500
7cqdB_antigen.pdb  7chbHL_antibody.pdb
Converting SMILES to graph: 342/500
7cqdB_antigen.pdb  2eksBA_antibody.pdb
Converting SMILES to graph: 343/500
7cqdB_antigen.pdb  7x8wHL_antibody.pdb
Converting SMILES to graph: 344/500
7cqdB_antigen.pdb  6nbfN_antibody.pdb
Converting SMILES to graph: 345/500
7cqdB_antigen.pdb  6co3HL_antibody.pdb
Converting SMILES to graph: 346/500
7cr5A_antigen.pdb  6pdsBA_antibody.pdb
Converting SMILES to graph: 347/500
7cr5A_antigen.pdb  7w3zHh_antibody.pdb
Converting SMILES to graph: 348/500
7cr5A_antigen.pdb  7sx6HL_antibody.pdb
Converting SMILES to graph: 349/500
7cr5A_antigen.pdb  7t72HL_antibody.pdb
Converting SMILES to graph: 350/500
7cr5A_antigen.pdb  7yu5Ss_antibody.pdb
Converting SMILES to graph: 351/500
7cr5A_antigen.pdb  7jhgHL_antibody.pdb
Converting SMILES to graph: 352/500
7crhAB_antigen.pdb  4lvhKL_antibody.pdb
Converting SMILES to graph: 353/500
7crhAB_antigen.pdb  7eh5HL_antibody.pdb
Converting SMILES to graph: 354/500
7crhAB_antigen.pdb  7v9mN_antibody.pdb
Converting SMILES to graph: 355/500
7crhAB_antigen.pdb  7bu6B_antibody.pdb
Converting SMILES to graph: 356/500
7crhAB_antigen.pdb  7k93Kk_antibody.pdb
Converting SMILES to graph: 357/500
7crhAB_antigen.pdb  5eu7FD_antibody.pdb
Converting SMILES to graph: 358/500
7cthCA_antigen.pdb  7nj3F_antibody.pdb
Converting SMILES to graph: 359/500
7cthCA_antigen.pdb  5dfzE_antibody.pdb
Converting SMILES to graph: 360/500
7cthCA_antigen.pdb  8h7zFI_antibody.pdb
Converting SMILES to graph: 361/500
7cthCA_antigen.pdb  7f58N_antibody.pdb
Converting SMILES to graph: 362/500
7cthCA_antigen.pdb  4jlrHL_antibody.pdb
Converting SMILES to graph: 363/500
7cthCA_antigen.pdb  6xc4HL_antibody.pdb
Converting SMILES to graph: 364/500
7ctuF_antigen.pdb  7ps0HL_antibody.pdb
Converting SMILES to graph: 365/500
7ctuF_antigen.pdb  7cwtIJ_antibody.pdb
Converting SMILES to graph: 366/500
7ctuF_antigen.pdb  7y8jHL_antibody.pdb
Converting SMILES to graph: 367/500
7ctuF_antigen.pdb  7uiaB_antibody.pdb
Converting SMILES to graph: 368/500
7ctuF_antigen.pdb  3ejzCD_antibody.pdb
Converting SMILES to graph: 369/500
7ctuF_antigen.pdb  6crkHh_antibody.pdb
Converting SMILES to graph: 370/500
7cu4F_antigen.pdb  6pxhCD_antibody.pdb
Converting SMILES to graph: 371/500
7cu4F_antigen.pdb  6wozEF_antibody.pdb
Converting SMILES to graph: 372/500
7cu4F_antigen.pdb  6dzmJL_antibody.pdb
Converting SMILES to graph: 373/500
7cu4F_antigen.pdb  7yvhCA_antibody.pdb
Converting SMILES to graph: 374/500
7cu4F_antigen.pdb  7durN_antibody.pdb
Converting SMILES to graph: 375/500
7cu4F_antigen.pdb  8jiuN_antibody.pdb
Converting SMILES to graph: 376/500
7cu5Q_antigen.pdb  5dfvCD_antibody.pdb
Converting SMILES to graph: 377/500
7cu5Q_antigen.pdb  7y3jHL_antibody.pdb
Converting SMILES to graph: 378/500
7cu5Q_antigen.pdb  8sb5CD_antibody.pdb
Converting SMILES to graph: 379/500
7cu5Q_antigen.pdb  5w9lEF_antibody.pdb
Converting SMILES to graph: 380/500
7cu5Q_antigen.pdb  7p5vG_antibody.pdb
Converting SMILES to graph: 381/500
7cu5Q_antigen.pdb  8g3mEF_antibody.pdb
Converting SMILES to graph: 382/500
7cvsA_antigen.pdb  5lhrB_antibody.pdb
Converting SMILES to graph: 383/500
7cvsA_antigen.pdb  1otuEF_antibody.pdb
Converting SMILES to graph: 384/500
7cvsA_antigen.pdb  7k8vMN_antibody.pdb
Converting SMILES to graph: 385/500
7cvsA_antigen.pdb  8hpkHL_antibody.pdb
Converting SMILES to graph: 386/500
7cvsA_antigen.pdb  7segHL_antibody.pdb
Converting SMILES to graph: 387/500
7cvsA_antigen.pdb  8gq5a_antibody.pdb
Converting SMILES to graph: 388/500
7cvtB_antigen.pdb  7mepIG_antibody.pdb
Converting SMILES to graph: 389/500
7cvtB_antigen.pdb  5vxrHL_antibody.pdb
Converting SMILES to graph: 390/500
7cvtB_antigen.pdb  6kpfSs_antibody.pdb
Converting SMILES to graph: 391/500
7cvtB_antigen.pdb  4xt1C_antibody.pdb
Converting SMILES to graph: 392/500
7cvtB_antigen.pdb  8dtnA_antibody.pdb
Converting SMILES to graph: 393/500
7cvtB_antigen.pdb  7um5Ee_antibody.pdb
Converting SMILES to graph: 394/500
7cvyL_antigen.pdb  8cz8Cc_antibody.pdb
Converting SMILES to graph: 395/500
7cvyL_antigen.pdb  7u0pEF_antibody.pdb
Converting SMILES to graph: 396/500
7cvyL_antigen.pdb  2or9IM_antibody.pdb
Converting SMILES to graph: 397/500
7cvyL_antigen.pdb  8f6eDC_antibody.pdb
Converting SMILES to graph: 398/500
7cvyL_antigen.pdb  5vagCB_antibody.pdb
Converting SMILES to graph: 399/500
7cvyL_antigen.pdb  8gasHL_antibody.pdb
Converting SMILES to graph: 400/500
7cvzHG_antigen.pdb  5uk4r_antibody.pdb
Converting SMILES to graph: 401/500
7cvzHG_antigen.pdb  8hj2N_antibody.pdb
Converting SMILES to graph: 402/500
7cvzHG_antigen.pdb  4n8cHL_antibody.pdb
Converting SMILES to graph: 403/500
7cvzHG_antigen.pdb  5j75Aa_antibody.pdb
Converting SMILES to graph: 404/500
7cvzHG_antigen.pdb  2brrHL_antibody.pdb
Converting SMILES to graph: 405/500
7cvzHG_antigen.pdb  7tyhN_antibody.pdb
Converting SMILES to graph: 406/500
7cw0ED_antigen.pdb  8dzwHL_antibody.pdb
Converting SMILES to graph: 407/500
7cw0ED_antigen.pdb  6ornAB_antibody.pdb
Converting SMILES to graph: 408/500
7cw0ED_antigen.pdb  6oyhG_antibody.pdb
Converting SMILES to graph: 409/500
7cw0ED_antigen.pdb  7u9oHL_antibody.pdb
Converting SMILES to graph: 410/500
7cw0ED_antigen.pdb  7ws6IH_antibody.pdb
Converting SMILES to graph: 411/500
7cw0ED_antigen.pdb  5eulV_antibody.pdb
Converting SMILES to graph: 412/500
7cw2ED_antigen.pdb  6nn3HL_antibody.pdb
Converting SMILES to graph: 413/500
7cw2ED_antigen.pdb  4g7vHL_antibody.pdb
Converting SMILES to graph: 414/500
7cw2ED_antigen.pdb  6eqiB_antibody.pdb
Converting SMILES to graph: 415/500
7cw2ED_antigen.pdb  1j5oHL_antibody.pdb
Converting SMILES to graph: 416/500
7cw2ED_antigen.pdb  5nh3IM_antibody.pdb
Converting SMILES to graph: 417/500
7cw2ED_antigen.pdb  7l1vHh_antibody.pdb
Converting SMILES to graph: 418/500
7cw3FE_antigen.pdb  8e9xEe_antibody.pdb
Converting SMILES to graph: 419/500
7cw3FE_antigen.pdb  6xzfB_antibody.pdb
Converting SMILES to graph: 420/500
7cw3FE_antigen.pdb  6fgbHL_antibody.pdb
Converting SMILES to graph: 421/500
7cw3FE_antigen.pdb  7y9tD_antibody.pdb
Converting SMILES to graph: 422/500
7cw3FE_antigen.pdb  7xy8HL_antibody.pdb
Converting SMILES to graph: 423/500
7cw3FE_antigen.pdb  3idgBA_antibody.pdb
Converting SMILES to graph: 424/500
7cwlC_antigen.pdb  7sqpB_antibody.pdb
Converting SMILES to graph: 425/500
7cwlC_antigen.pdb  7jvaHL_antibody.pdb
Converting SMILES to graph: 426/500
7cwlC_antigen.pdb  3nifEF_antibody.pdb
Converting SMILES to graph: 427/500
7cwlC_antigen.pdb  7yviJH_antibody.pdb
Converting SMILES to graph: 428/500
7cwlC_antigen.pdb  7ul1HL_antibody.pdb
Converting SMILES to graph: 429/500
7cwlC_antigen.pdb  1cfnBA_antibody.pdb
Converting SMILES to graph: 430/500
7cwmA_antigen.pdb  7x2vEe_antibody.pdb
Converting SMILES to graph: 431/500
7cwmA_antigen.pdb  6ruvR_antibody.pdb
Converting SMILES to graph: 432/500
7cwmA_antigen.pdb  7wd8EF_antibody.pdb
Converting SMILES to graph: 433/500
7cwmA_antigen.pdb  3dvgBA_antibody.pdb
Converting SMILES to graph: 434/500
7cwmA_antigen.pdb  7yu8Ss_antibody.pdb
Converting SMILES to graph: 435/500
7cwmA_antigen.pdb  4lvnCB_antibody.pdb
Converting SMILES to graph: 436/500
7cwnB_antigen.pdb  2f58HL_antibody.pdb
Converting SMILES to graph: 437/500
7cwnB_antigen.pdb  4n9oB_antibody.pdb
Converting SMILES to graph: 438/500
7cwnB_antigen.pdb  4lvoCB_antibody.pdb
Converting SMILES to graph: 439/500
7cwnB_antigen.pdb  4h0hBb_antibody.pdb
Converting SMILES to graph: 440/500
7cwnB_antigen.pdb  5t6pDC_antibody.pdb
Converting SMILES to graph: 441/500
7cwnB_antigen.pdb  5xcuDE_antibody.pdb
Converting SMILES to graph: 442/500
7cwoA_antigen.pdb  8j1qBA_antibody.pdb
Converting SMILES to graph: 443/500
7cwoA_antigen.pdb  5wi9HL_antibody.pdb
Converting SMILES to graph: 444/500
7cwoA_antigen.pdb  8efoEe_antibody.pdb
Converting SMILES to graph: 445/500
7cwoA_antigen.pdb  7exdEe_antibody.pdb
Converting SMILES to graph: 446/500
7cwoA_antigen.pdb  8p8aDC_antibody.pdb
Converting SMILES to graph: 447/500
7cwoA_antigen.pdb  7mwxAB_antibody.pdb
Converting SMILES to graph: 448/500
7cwsR_antigen.pdb  3wlwCD_antibody.pdb
Converting SMILES to graph: 449/500
7cwsR_antigen.pdb  7v4wBA_antibody.pdb
Converting SMILES to graph: 450/500
7cwsR_antigen.pdb  7segHL_antibody.pdb
Converting SMILES to graph: 451/500
7cwsR_antigen.pdb  5tztHL_antibody.pdb
Converting SMILES to graph: 452/500
7cwsR_antigen.pdb  8ee1BC_antibody.pdb
Converting SMILES to graph: 453/500
7cwsR_antigen.pdb  7wk9ab_antibody.pdb
Converting SMILES to graph: 454/500
7cwtC_antigen.pdb  4xp1HL_antibody.pdb
Converting SMILES to graph: 455/500
7cwtC_antigen.pdb  6cufhl_antibody.pdb
Converting SMILES to graph: 456/500
7cwtC_antigen.pdb  8ezkHh_antibody.pdb
Converting SMILES to graph: 457/500
7cwtC_antigen.pdb  5y11AB_antibody.pdb
Converting SMILES to graph: 458/500
7cwtC_antigen.pdb  1zvyA_antibody.pdb
Converting SMILES to graph: 459/500
7cwtC_antigen.pdb  6aj7HL_antibody.pdb
Converting SMILES to graph: 460/500
7cwuB_antigen.pdb  6b70EF_antibody.pdb
Converting SMILES to graph: 461/500
7cwuB_antigen.pdb  3p0yHL_antibody.pdb
Converting SMILES to graph: 462/500
7cwuB_antigen.pdb  7yarIM_antibody.pdb
Converting SMILES to graph: 463/500
7cwuB_antigen.pdb  7bb6B_antibody.pdb
Converting SMILES to graph: 464/500
7cwuB_antigen.pdb  7trkHh_antibody.pdb
Converting SMILES to graph: 465/500
7cwuB_antigen.pdb  6mwvKL_antibody.pdb
Converting SMILES to graph: 466/500
7cx2AB_antigen.pdb  5umnEF_antibody.pdb
Converting SMILES to graph: 467/500
7cx2AB_antigen.pdb  8g6uCD_antibody.pdb
Converting SMILES to graph: 468/500
7cx2AB_antigen.pdb  5sx5JK_antibody.pdb
Converting SMILES to graph: 469/500
7cx2AB_antigen.pdb  7f4dN_antibody.pdb
Converting SMILES to graph: 470/500
7cx2AB_antigen.pdb  6p3sCD_antibody.pdb
Converting SMILES to graph: 471/500
7cx2AB_antigen.pdb  7x2hAB_antibody.pdb
Converting SMILES to graph: 472/500
7cx3AB_antigen.pdb  5dyoHL_antibody.pdb
Converting SMILES to graph: 473/500
7cx3AB_antigen.pdb  6okpQR_antibody.pdb
Converting SMILES to graph: 474/500
7cx3AB_antigen.pdb  4louCD_antibody.pdb
Converting SMILES to graph: 475/500
7cx3AB_antigen.pdb  3sdyHL_antibody.pdb
Converting SMILES to graph: 476/500
7cx3AB_antigen.pdb  6x3sKL_antibody.pdb
Converting SMILES to graph: 477/500
7cx3AB_antigen.pdb  7zraE_antibody.pdb
Converting SMILES to graph: 478/500
7cx4AB_antigen.pdb  6avqHL_antibody.pdb
Converting SMILES to graph: 479/500
7cx4AB_antigen.pdb  8fatAB_antibody.pdb
Converting SMILES to graph: 480/500
7cx4AB_antigen.pdb  6opqHL_antibody.pdb
Converting SMILES to graph: 481/500
7cx4AB_antigen.pdb  6k5dEF_antibody.pdb
Converting SMILES to graph: 482/500
7cx4AB_antigen.pdb  3thmHL_antibody.pdb
Converting SMILES to graph: 483/500
7cx4AB_antigen.pdb  3hi6HL_antibody.pdb
Converting SMILES to graph: 484/500
7cyhA_antigen.pdb  5t85HL_antibody.pdb
Converting SMILES to graph: 485/500
7cyhA_antigen.pdb  7budGI_antibody.pdb
Converting SMILES to graph: 486/500
7cyhA_antigen.pdb  6y9bJN_antibody.pdb
Converting SMILES to graph: 487/500
7cyhA_antigen.pdb  1xguBA_antibody.pdb
Converting SMILES to graph: 488/500
7cyhA_antigen.pdb  7f46HL_antibody.pdb
Converting SMILES to graph: 489/500
7cyhA_antigen.pdb  4hcrMN_antibody.pdb
Converting SMILES to graph: 490/500
7cypA_antigen.pdb  8ivwBC_antibody.pdb
Converting SMILES to graph: 491/500
7cypA_antigen.pdb  7wf7Ee_antibody.pdb
Converting SMILES to graph: 492/500
7cypA_antigen.pdb  4u1gEF_antibody.pdb
Converting SMILES to graph: 493/500
7cypA_antigen.pdb  8c8tCD_antibody.pdb
Converting SMILES to graph: 494/500
7cypA_antigen.pdb  6wn1EF_antibody.pdb
Converting SMILES to graph: 495/500
7cypA_antigen.pdb  7nezDC_antibody.pdb
Converting SMILES to graph: 496/500
7cyvB_antigen.pdb  6dc8HL_antibody.pdb
Converting SMILES to graph: 497/500
7cyvB_antigen.pdb  5vobHL_antibody.pdb
Converting SMILES to graph: 498/500
7cyvB_antigen.pdb  8tuiHL_antibody.pdb
Converting SMILES to graph: 499/500
7cyvB_antigen.pdb  7rw2IK_antibody.pdb
Converting SMILES to graph: 500/500
7cyvB_antigen.pdb  8ihiSs_antibody.pdb
Graph construction done. Saving to file.
