Converting SMILES to graph: 1/500
4kroA_antigen.pdb  8dl7DC_antibody.pdb
Converting SMILES to graph: 2/500
4kroA_antigen.pdb  7v35N_antibody.pdb
Converting SMILES to graph: 3/500
4kroA_antigen.pdb  7evyEe_antibody.pdb
Converting SMILES to graph: 4/500
4kroA_antigen.pdb  7nmuC_antibody.pdb
Converting SMILES to graph: 5/500
4kroA_antigen.pdb  6nfcCD_antibody.pdb
Converting SMILES to graph: 6/500
4krpA_antigen.pdb  7z2mBA_antibody.pdb
Converting SMILES to graph: 7/500
4krpA_antigen.pdb  8iw9Ss_antibody.pdb
Converting SMILES to graph: 8/500
4krpA_antigen.pdb  8dedHL_antibody.pdb
Converting SMILES to graph: 9/500
4krpA_antigen.pdb  6pwcHL_antibody.pdb
Converting SMILES to graph: 10/500
4krpA_antigen.pdb  6id4HL_antibody.pdb
Converting SMILES to graph: 11/500
4ksdA_antigen.pdb  7oaqA_antibody.pdb
Converting SMILES to graph: 12/500
4ksdA_antigen.pdb  6vlwHL_antibody.pdb
Converting SMILES to graph: 13/500
4ksdA_antigen.pdb  7pnqDF_antibody.pdb
Converting SMILES to graph: 14/500
4ksdA_antigen.pdb  7yhkFH_antibody.pdb
Converting SMILES to graph: 15/500
4ksdA_antigen.pdb  7dfbHL_antibody.pdb
Converting SMILES to graph: 16/500
4ksdA_antigen.pdb  7oanF_antibody.pdb
Converting SMILES to graph: 17/500
4kucA_antigen.pdb  7sn2HL_antibody.pdb
Converting SMILES to graph: 18/500
4kucA_antigen.pdb  8oxyBC_antibody.pdb
Converting SMILES to graph: 19/500
4kucA_antigen.pdb  8cwiHL_antibody.pdb
Converting SMILES to graph: 20/500
4kucA_antigen.pdb  7ndaHL_antibody.pdb
Converting SMILES to graph: 21/500
4kucA_antigen.pdb  4u6hAB_antibody.pdb
Converting SMILES to graph: 22/500
4kucA_antigen.pdb  7kq7HL_antibody.pdb
Converting SMILES to graph: 23/500
4kv5B_antigen.pdb  6co3HL_antibody.pdb
Converting SMILES to graph: 24/500
4kv5B_antigen.pdb  5ja8D_antibody.pdb
Converting SMILES to graph: 25/500
4kv5B_antigen.pdb  7fahHL_antibody.pdb
Converting SMILES to graph: 26/500
4kv5B_antigen.pdb  7u2eHL_antibody.pdb
Converting SMILES to graph: 27/500
4kv5B_antigen.pdb  1u8hBA_antibody.pdb
Converting SMILES to graph: 28/500
4kv5B_antigen.pdb  7lr4AB_antibody.pdb
Converting SMILES to graph: 29/500
4kvnA_antigen.pdb  7pa6Kk_antibody.pdb
Converting SMILES to graph: 30/500
4kvnA_antigen.pdb  7zliHL_antibody.pdb
Converting SMILES to graph: 31/500
4kvnA_antigen.pdb  7jv5N_antibody.pdb
Converting SMILES to graph: 32/500
4kvnA_antigen.pdb  7w53Ee_antibody.pdb
Converting SMILES to graph: 33/500
4kvnA_antigen.pdb  6b5rHL_antibody.pdb
Converting SMILES to graph: 34/500
4kvnA_antigen.pdb  7zkzB_antibody.pdb
Converting SMILES to graph: 35/500
4kxzD_antigen.pdb  7ujkEF_antibody.pdb
Converting SMILES to graph: 36/500
4kxzD_antigen.pdb  7ubsHh_antibody.pdb
Converting SMILES to graph: 37/500
4kxzD_antigen.pdb  7stfHL_antibody.pdb
Converting SMILES to graph: 38/500
4kxzD_antigen.pdb  8h63B_antibody.pdb
Converting SMILES to graph: 39/500
4kxzD_antigen.pdb  4n8cHL_antibody.pdb
Converting SMILES to graph: 40/500
4kxzD_antigen.pdb  8dtoGH_antibody.pdb
Converting SMILES to graph: 41/500
4l5fE_antigen.pdb  5a2jHh_antibody.pdb
Converting SMILES to graph: 42/500
4l5fE_antigen.pdb  6x8pHL_antibody.pdb
Converting SMILES to graph: 43/500
4l5fE_antigen.pdb  7xtpC_antibody.pdb
Converting SMILES to graph: 44/500
4l5fE_antigen.pdb  7kf0AB_antibody.pdb
Converting SMILES to graph: 45/500
4l5fE_antigen.pdb  2x89A_antibody.pdb
Converting SMILES to graph: 46/500
4l5fE_antigen.pdb  4xnuHL_antibody.pdb
Converting SMILES to graph: 47/500
4lajFG_antigen.pdb  4glrJK_antibody.pdb
Converting SMILES to graph: 48/500
4lajFG_antigen.pdb  6b3jN_antibody.pdb
Converting SMILES to graph: 49/500
4lajFG_antigen.pdb  6ur5AB_antibody.pdb
Converting SMILES to graph: 50/500
4lajFG_antigen.pdb  8sayCD_antibody.pdb
Converting SMILES to graph: 51/500
4lajFG_antigen.pdb  6qexCB_antibody.pdb
Converting SMILES to graph: 52/500
4lajFG_antigen.pdb  2fedCD_antibody.pdb
Converting SMILES to graph: 53/500
4lbeC_antigen.pdb  7y3jHL_antibody.pdb
Converting SMILES to graph: 54/500
4lbeC_antigen.pdb  6ldvHL_antibody.pdb
Converting SMILES to graph: 55/500
4lbeC_antigen.pdb  7wuqN_antibody.pdb
Converting SMILES to graph: 56/500
4lbeC_antigen.pdb  3c09HL_antibody.pdb
Converting SMILES to graph: 57/500
4lbeC_antigen.pdb  8i5hHL_antibody.pdb
Converting SMILES to graph: 58/500
4lbeC_antigen.pdb  7s5pHL_antibody.pdb
Converting SMILES to graph: 59/500
4lcuC_antigen.pdb  7we8HL_antibody.pdb
Converting SMILES to graph: 60/500
4lcuC_antigen.pdb  1otsEF_antibody.pdb
Converting SMILES to graph: 61/500
4lcuC_antigen.pdb  6zvfHL_antibody.pdb
Converting SMILES to graph: 62/500
4lcuC_antigen.pdb  5lhqB_antibody.pdb
Converting SMILES to graph: 63/500
4lcuC_antigen.pdb  7wlyPO_antibody.pdb
Converting SMILES to graph: 64/500
4lcuC_antigen.pdb  7e9pHL_antibody.pdb
Converting SMILES to graph: 65/500
4ldeA_antigen.pdb  7e9bHL_antibody.pdb
Converting SMILES to graph: 66/500
4ldeA_antigen.pdb  8dy6CD_antibody.pdb
Converting SMILES to graph: 67/500
4ldeA_antigen.pdb  6fywC_antibody.pdb
Converting SMILES to graph: 68/500
4ldeA_antigen.pdb  5xf1HL_antibody.pdb
Converting SMILES to graph: 69/500
4ldeA_antigen.pdb  7si0IJ_antibody.pdb
Converting SMILES to graph: 70/500
4ldeA_antigen.pdb  7thoEF_antibody.pdb
Converting SMILES to graph: 71/500
4ldlA_antigen.pdb  2vdrHL_antibody.pdb
Converting SMILES to graph: 72/500
4ldlA_antigen.pdb  5kaqFG_antibody.pdb
Converting SMILES to graph: 73/500
4ldlA_antigen.pdb  7cvyNO_antibody.pdb
Converting SMILES to graph: 74/500
4ldlA_antigen.pdb  1kxtB_antibody.pdb
Converting SMILES to graph: 75/500
4ldlA_antigen.pdb  7zf9HL_antibody.pdb
Converting SMILES to graph: 76/500
4ldlA_antigen.pdb  6b3mCD_antibody.pdb
Converting SMILES to graph: 77/500
4ldoA_antigen.pdb  7w71HL_antibody.pdb
Converting SMILES to graph: 78/500
4ldoA_antigen.pdb  7raqHL_antibody.pdb
Converting SMILES to graph: 79/500
4ldoA_antigen.pdb  2hmiDC_antibody.pdb
Converting SMILES to graph: 80/500
4ldoA_antigen.pdb  6xdgBD_antibody.pdb
Converting SMILES to graph: 81/500
4ldoA_antigen.pdb  7shyCD_antibody.pdb
Converting SMILES to graph: 82/500
4ldoA_antigen.pdb  7nqaC_antibody.pdb
Converting SMILES to graph: 83/500
4leoC_antigen.pdb  8dtkCB_antibody.pdb
Converting SMILES to graph: 84/500
4leoC_antigen.pdb  7s7iHL_antibody.pdb
Converting SMILES to graph: 85/500
4leoC_antigen.pdb  6idkHL_antibody.pdb
Converting SMILES to graph: 86/500
4leoC_antigen.pdb  7bc6B_antibody.pdb
Converting SMILES to graph: 87/500
4leoC_antigen.pdb  7t87HL_antibody.pdb
Converting SMILES to graph: 88/500
4leoC_antigen.pdb  6n8dDB_antibody.pdb
Converting SMILES to graph: 89/500
4lf3C_antigen.pdb  3eoaHL_antibody.pdb
Converting SMILES to graph: 90/500
4lf3C_antigen.pdb  3zkxB_antibody.pdb
Converting SMILES to graph: 91/500
4lf3C_antigen.pdb  8d8rHL_antibody.pdb
Converting SMILES to graph: 92/500
4lf3C_antigen.pdb  6ddvBA_antibody.pdb
Converting SMILES to graph: 93/500
4lf3C_antigen.pdb  6wo5CD_antibody.pdb
Converting SMILES to graph: 94/500
4lf3C_antigen.pdb  5yd3Gg_antibody.pdb
Converting SMILES to graph: 95/500
4lgpC_antigen.pdb  4m1cEF_antibody.pdb
Converting SMILES to graph: 96/500
4lgpC_antigen.pdb  6pb0N_antibody.pdb
Converting SMILES to graph: 97/500
4lgpC_antigen.pdb  5nbmE_antibody.pdb
Converting SMILES to graph: 98/500
4lgpC_antigen.pdb  8f2bN_antibody.pdb
Converting SMILES to graph: 99/500
4lgpC_antigen.pdb  7udgEF_antibody.pdb
Converting SMILES to graph: 100/500
4lgpC_antigen.pdb  4olyHL_antibody.pdb
Converting SMILES to graph: 101/500
4lgrA_antigen.pdb  6p4bBA_antibody.pdb
Converting SMILES to graph: 102/500
4lgrA_antigen.pdb  5w08KL_antibody.pdb
Converting SMILES to graph: 103/500
4lgrA_antigen.pdb  7rlzDC_antibody.pdb
Converting SMILES to graph: 104/500
4lgrA_antigen.pdb  7t0lGK_antibody.pdb
Converting SMILES to graph: 105/500
4lgrA_antigen.pdb  7ox2AL_antibody.pdb
Converting SMILES to graph: 106/500
4lgrA_antigen.pdb  5t33HL_antibody.pdb
Converting SMILES to graph: 107/500
4lgsA_antigen.pdb  7upbBE_antibody.pdb
Converting SMILES to graph: 108/500
4lgsA_antigen.pdb  6cdpAB_antibody.pdb
Converting SMILES to graph: 109/500
4lgsA_antigen.pdb  7trhHB_antibody.pdb
Converting SMILES to graph: 110/500
4lgsA_antigen.pdb  8dokCD_antibody.pdb
Converting SMILES to graph: 111/500
4lgsA_antigen.pdb  7xbdEe_antibody.pdb
Converting SMILES to graph: 112/500
4lgsA_antigen.pdb  7st5HL_antibody.pdb
Converting SMILES to graph: 113/500
4lhjA_antigen.pdb  5xcuDE_antibody.pdb
Converting SMILES to graph: 114/500
4lhjA_antigen.pdb  7uqcBA_antibody.pdb
Converting SMILES to graph: 115/500
4lhjA_antigen.pdb  6b0nDE_antibody.pdb
Converting SMILES to graph: 116/500
4lhjA_antigen.pdb  3w11CD_antibody.pdb
Converting SMILES to graph: 117/500
4lhjA_antigen.pdb  8ia7Ee_antibody.pdb
Converting SMILES to graph: 118/500
4lhjA_antigen.pdb  5mjeB_antibody.pdb
Converting SMILES to graph: 119/500
4lhqC_antigen.pdb  7rr0BC_antibody.pdb
Converting SMILES to graph: 120/500
4lhqC_antigen.pdb  8sauCD_antibody.pdb
Converting SMILES to graph: 121/500
4lhqC_antigen.pdb  6nfvAB_antibody.pdb
Converting SMILES to graph: 122/500
4lhqC_antigen.pdb  3q3gKJ_antibody.pdb
Converting SMILES to graph: 123/500
4lhqC_antigen.pdb  1xguBA_antibody.pdb
Converting SMILES to graph: 124/500
4lhqC_antigen.pdb  7x9eAB_antibody.pdb
Converting SMILES to graph: 125/500
4liqE_antigen.pdb  8h8jHh_antibody.pdb
Converting SMILES to graph: 126/500
4liqE_antigen.pdb  6ragC_antibody.pdb
Converting SMILES to graph: 127/500
4liqE_antigen.pdb  7nozR_antibody.pdb
Converting SMILES to graph: 128/500
4liqE_antigen.pdb  7cz5N_antibody.pdb
Converting SMILES to graph: 129/500
4liqE_antigen.pdb  6uceHL_antibody.pdb
Converting SMILES to graph: 130/500
4liqE_antigen.pdb  5uk2Hh_antibody.pdb
Converting SMILES to graph: 131/500
4lkxR_antigen.pdb  8hdpN_antibody.pdb
Converting SMILES to graph: 132/500
4lkxR_antigen.pdb  7sx6HL_antibody.pdb
Converting SMILES to graph: 133/500
4lkxR_antigen.pdb  3drqBA_antibody.pdb
Converting SMILES to graph: 134/500
4lkxR_antigen.pdb  7kfxHL_antibody.pdb
Converting SMILES to graph: 135/500
4lkxR_antigen.pdb  7b27C_antibody.pdb
Converting SMILES to graph: 136/500
4lkxR_antigen.pdb  5i73BC_antibody.pdb
Converting SMILES to graph: 137/500
4lmqF_antigen.pdb  7figN_antibody.pdb
Converting SMILES to graph: 138/500
4lmqF_antigen.pdb  5owpHh_antibody.pdb
Converting SMILES to graph: 139/500
4lmqF_antigen.pdb  6aq7HL_antibody.pdb
Converting SMILES to graph: 140/500
4lmqF_antigen.pdb  2hvkAB_antibody.pdb
Converting SMILES to graph: 141/500
4lmqF_antigen.pdb  8gspHL_antibody.pdb
Converting SMILES to graph: 142/500
4lmqF_antigen.pdb  8dtxHL_antibody.pdb
Converting SMILES to graph: 143/500
4louA_antigen.pdb  7yqxHF_antibody.pdb
Converting SMILES to graph: 144/500
4louA_antigen.pdb  6qb4Xx_antibody.pdb
Converting SMILES to graph: 145/500
4louA_antigen.pdb  6xcjHL_antibody.pdb
Converting SMILES to graph: 146/500
4louA_antigen.pdb  7wtiHL_antibody.pdb
Converting SMILES to graph: 147/500
4louA_antigen.pdb  7vgrDC_antibody.pdb
Converting SMILES to graph: 148/500
4louA_antigen.pdb  8faxAB_antibody.pdb
Converting SMILES to graph: 149/500
4lqfA_antigen.pdb  7zf4F_antibody.pdb
Converting SMILES to graph: 150/500
4lqfA_antigen.pdb  7np1IM_antibody.pdb
Converting SMILES to graph: 151/500
4lqfA_antigen.pdb  2bobAB_antibody.pdb
Converting SMILES to graph: 152/500
4lqfA_antigen.pdb  8eayHL_antibody.pdb
Converting SMILES to graph: 153/500
4lqfA_antigen.pdb  7evmN_antibody.pdb
Converting SMILES to graph: 154/500
4lqfA_antigen.pdb  6mugHL_antibody.pdb
Converting SMILES to graph: 155/500
4lspG_antigen.pdb  7ndcHL_antibody.pdb
Converting SMILES to graph: 156/500
4lspG_antigen.pdb  8opiA_antibody.pdb
Converting SMILES to graph: 157/500
4lspG_antigen.pdb  7u0eAB_antibody.pdb
Converting SMILES to graph: 158/500
4lspG_antigen.pdb  6icfHL_antibody.pdb
Converting SMILES to graph: 159/500
4lspG_antigen.pdb  7v2aED_antibody.pdb
Converting SMILES to graph: 160/500
4lspG_antigen.pdb  1g7hBA_antibody.pdb
Converting SMILES to graph: 161/500
4lsqG_antigen.pdb  7uz4HL_antibody.pdb
Converting SMILES to graph: 162/500
4lsqG_antigen.pdb  8deqHL_antibody.pdb
Converting SMILES to graph: 163/500
4lsqG_antigen.pdb  3ks0KJ_antibody.pdb
Converting SMILES to graph: 164/500
4lsqG_antigen.pdb  7zoxB_antibody.pdb
Converting SMILES to graph: 165/500
4lsqG_antigen.pdb  2iffHL_antibody.pdb
Converting SMILES to graph: 166/500
4lsqG_antigen.pdb  8gtoHL_antibody.pdb
Converting SMILES to graph: 167/500
4lsrG_antigen.pdb  7wy0Cc_antibody.pdb
Converting SMILES to graph: 168/500
4lsrG_antigen.pdb  3ngbBC_antibody.pdb
Converting SMILES to graph: 169/500
4lsrG_antigen.pdb  7v05Aa_antibody.pdb
Converting SMILES to graph: 170/500
4lsrG_antigen.pdb  3modHL_antibody.pdb
Converting SMILES to graph: 171/500
4lsrG_antigen.pdb  4l5fHL_antibody.pdb
Converting SMILES to graph: 172/500
4lsrG_antigen.pdb  4xmkHL_antibody.pdb
Converting SMILES to graph: 173/500
4lssG_antigen.pdb  6x8uHL_antibody.pdb
Converting SMILES to graph: 174/500
4lssG_antigen.pdb  8g5hJK_antibody.pdb
Converting SMILES to graph: 175/500
4lssG_antigen.pdb  5w4lDE_antibody.pdb
Converting SMILES to graph: 176/500
4lssG_antigen.pdb  6avrHL_antibody.pdb
Converting SMILES to graph: 177/500
4lssG_antigen.pdb  8dtoGH_antibody.pdb
Converting SMILES to graph: 178/500
4lstG_antigen.pdb  2dqcHL_antibody.pdb
Converting SMILES to graph: 179/500
4lstG_antigen.pdb  4ydkHL_antibody.pdb
Converting SMILES to graph: 180/500
4lstG_antigen.pdb  7t73HL_antibody.pdb
Converting SMILES to graph: 181/500
4lstG_antigen.pdb  7t82DC_antibody.pdb
Converting SMILES to graph: 182/500
4lstG_antigen.pdb  7tyfN_antibody.pdb
Converting SMILES to graph: 183/500
4lstG_antigen.pdb  8h4kN_antibody.pdb
Converting SMILES to graph: 184/500
4lsuG_antigen.pdb  7w55Ee_antibody.pdb
Converting SMILES to graph: 185/500
4lsuG_antigen.pdb  7lrsDE_antibody.pdb
Converting SMILES to graph: 186/500
4lsuG_antigen.pdb  7ty0JN_antibody.pdb
Converting SMILES to graph: 187/500
4lsuG_antigen.pdb  7nwlDE_antibody.pdb
Converting SMILES to graph: 188/500
4lsuG_antigen.pdb  6iuvCD_antibody.pdb
Converting SMILES to graph: 189/500
4lsuG_antigen.pdb  4fqrab_antibody.pdb
Converting SMILES to graph: 190/500
4lsvG_antigen.pdb  6iw2KL_antibody.pdb
Converting SMILES to graph: 191/500
4lsvG_antigen.pdb  5lwyHL_antibody.pdb
Converting SMILES to graph: 192/500
4lsvG_antigen.pdb  6v4pCD_antibody.pdb
Converting SMILES to graph: 193/500
4lsvG_antigen.pdb  5xezHL_antibody.pdb
Converting SMILES to graph: 194/500
4lsvG_antigen.pdb  8jlqSs_antibody.pdb
Converting SMILES to graph: 195/500
4lsvG_antigen.pdb  2qqlHL_antibody.pdb
Converting SMILES to graph: 196/500
4lu5A_antigen.pdb  7bemHL_antibody.pdb
Converting SMILES to graph: 197/500
4lu5A_antigen.pdb  6x8qHL_antibody.pdb
Converting SMILES to graph: 198/500
4lu5A_antigen.pdb  8sk5B_antibody.pdb
Converting SMILES to graph: 199/500
4lu5A_antigen.pdb  6wh9EF_antibody.pdb
Converting SMILES to graph: 200/500
4lu5A_antigen.pdb  7f5hD_antibody.pdb
Converting SMILES to graph: 201/500
4lu5A_antigen.pdb  2zckHL_antibody.pdb
Converting SMILES to graph: 202/500
4lvhJ_antigen.pdb  7xouN_antibody.pdb
Converting SMILES to graph: 203/500
4lvhJ_antigen.pdb  3f7yAB_antibody.pdb
Converting SMILES to graph: 204/500
4lvhJ_antigen.pdb  5a3iGH_antibody.pdb
Converting SMILES to graph: 205/500
4lvhJ_antigen.pdb  7wvlHL_antibody.pdb
Converting SMILES to graph: 206/500
4lvhJ_antigen.pdb  6vjnHL_antibody.pdb
Converting SMILES to graph: 207/500
4lvhJ_antigen.pdb  7r40DF_antibody.pdb
Converting SMILES to graph: 208/500
4lvnA_antigen.pdb  4w2qG_antibody.pdb
Converting SMILES to graph: 209/500
4lvnA_antigen.pdb  3j8ddD_antibody.pdb
Converting SMILES to graph: 210/500
4lvnA_antigen.pdb  6bitJL_antibody.pdb
Converting SMILES to graph: 211/500
4lvnA_antigen.pdb  8ejkEe_antibody.pdb
Converting SMILES to graph: 212/500
4lvnA_antigen.pdb  7t2pHL_antibody.pdb
Converting SMILES to graph: 213/500
4lvnA_antigen.pdb  2virBA_antibody.pdb
Converting SMILES to graph: 214/500
4lvoA_antigen.pdb  6gs1H_antibody.pdb
Converting SMILES to graph: 215/500
4lvoA_antigen.pdb  3o2dHL_antibody.pdb
Converting SMILES to graph: 216/500
4lvoA_antigen.pdb  7t9bJK_antibody.pdb
Converting SMILES to graph: 217/500
4lvoA_antigen.pdb  3fb8AB_antibody.pdb
Converting SMILES to graph: 218/500
4lvoA_antigen.pdb  7k7rED_antibody.pdb
Converting SMILES to graph: 219/500
4lvoA_antigen.pdb  7rqrAB_antibody.pdb
Converting SMILES to graph: 220/500
4m1cB_antigen.pdb  8ibvEe_antibody.pdb
Converting SMILES to graph: 221/500
4m1cB_antigen.pdb  3p0yHL_antibody.pdb
Converting SMILES to graph: 222/500
4m1cB_antigen.pdb  4yxkHL_antibody.pdb
Converting SMILES to graph: 223/500
4m1cB_antigen.pdb  7th2C_antibody.pdb
Converting SMILES to graph: 224/500
4m1cB_antigen.pdb  5dupHL_antibody.pdb
Converting SMILES to graph: 225/500
4m1cB_antigen.pdb  7x10Ee_antibody.pdb
Converting SMILES to graph: 226/500
4m1dQ_antigen.pdb  7cwnKI_antibody.pdb
Converting SMILES to graph: 227/500
4m1dQ_antigen.pdb  8ib1BA_antibody.pdb
Converting SMILES to graph: 228/500
4m1dQ_antigen.pdb  8dl7DC_antibody.pdb
Converting SMILES to graph: 229/500
4m1dQ_antigen.pdb  7wk8CD_antibody.pdb
Converting SMILES to graph: 230/500
4m1dQ_antigen.pdb  8e3zN_antibody.pdb
Converting SMILES to graph: 231/500
4m1dQ_antigen.pdb  6wdtHL_antibody.pdb
Converting SMILES to graph: 232/500
4m1gBA_antigen.pdb  5kaqFG_antibody.pdb
Converting SMILES to graph: 233/500
4m1gBA_antigen.pdb  7bubGI_antibody.pdb
Converting SMILES to graph: 234/500
4m1gBA_antigen.pdb  6ubiDE_antibody.pdb
Converting SMILES to graph: 235/500
4m1gBA_antigen.pdb  7sl9B_antibody.pdb
Converting SMILES to graph: 236/500
4m1gBA_antigen.pdb  6cdpAB_antibody.pdb
Converting SMILES to graph: 237/500
4m1gBA_antigen.pdb  4hkxAB_antibody.pdb
Converting SMILES to graph: 238/500
4m3kA_antigen.pdb  4lgrB_antibody.pdb
Converting SMILES to graph: 239/500
4m3kA_antigen.pdb  7ws3IH_antibody.pdb
Converting SMILES to graph: 240/500
4m3kA_antigen.pdb  2dtgAB_antibody.pdb
Converting SMILES to graph: 241/500
4m3kA_antigen.pdb  7sbdHL_antibody.pdb
Converting SMILES to graph: 242/500
4m3kA_antigen.pdb  6rqmB_antibody.pdb
Converting SMILES to graph: 243/500
4m3kA_antigen.pdb  6phcAB_antibody.pdb
Converting SMILES to graph: 244/500
4m48A_antigen.pdb  7mejA_antibody.pdb
Converting SMILES to graph: 245/500
4m48A_antigen.pdb  3efdHL_antibody.pdb
Converting SMILES to graph: 246/500
4m48A_antigen.pdb  5w3pHL_antibody.pdb
Converting SMILES to graph: 247/500
4m48A_antigen.pdb  8s9gHL_antibody.pdb
Converting SMILES to graph: 248/500
4m48A_antigen.pdb  7qnyHL_antibody.pdb
Converting SMILES to graph: 249/500
4m48A_antigen.pdb  7upxHL_antibody.pdb
Converting SMILES to graph: 250/500
4m5zA_antigen.pdb  7wn0B_antibody.pdb
Converting SMILES to graph: 251/500
4m5zA_antigen.pdb  7r7nHL_antibody.pdb
Converting SMILES to graph: 252/500
4m5zA_antigen.pdb  7f2oSs_antibody.pdb
Converting SMILES to graph: 253/500
4m5zA_antigen.pdb  8dlrHL_antibody.pdb
Converting SMILES to graph: 254/500
4m5zA_antigen.pdb  3ztjGH_antibody.pdb
Converting SMILES to graph: 255/500
4m5zA_antigen.pdb  5imlB_antibody.pdb
Converting SMILES to graph: 256/500
4m62T_antigen.pdb  7f4dN_antibody.pdb
Converting SMILES to graph: 257/500
4m62T_antigen.pdb  7p14B_antibody.pdb
Converting SMILES to graph: 258/500
4m62T_antigen.pdb  2r0wHL_antibody.pdb
Converting SMILES to graph: 259/500
4m62T_antigen.pdb  7yfcCc_antibody.pdb
Converting SMILES to graph: 260/500
4m62T_antigen.pdb  7v64BA_antibody.pdb
Converting SMILES to graph: 261/500
4m7lT_antigen.pdb  1jp5aA_antibody.pdb
Converting SMILES to graph: 262/500
4m7lT_antigen.pdb  7rahBA_antibody.pdb
Converting SMILES to graph: 263/500
4m7lT_antigen.pdb  6b5nHL_antibody.pdb
Converting SMILES to graph: 264/500
4m7lT_antigen.pdb  4jdtHL_antibody.pdb
Converting SMILES to graph: 265/500
4m7lT_antigen.pdb  7x2lB_antibody.pdb
Converting SMILES to graph: 266/500
4m7lT_antigen.pdb  8gutSs_antibody.pdb
Converting SMILES to graph: 267/500
4m8qS_antigen.pdb  6uc6C_antibody.pdb
Converting SMILES to graph: 268/500
4m8qS_antigen.pdb  3stzAB_antibody.pdb
Converting SMILES to graph: 269/500
4m8qS_antigen.pdb  5o0wH_antibody.pdb
Converting SMILES to graph: 270/500
4m8qS_antigen.pdb  5o1rHL_antibody.pdb
Converting SMILES to graph: 271/500
4m8qS_antigen.pdb  3k81B_antibody.pdb
Converting SMILES to graph: 272/500
4m8qS_antigen.pdb  7pi7EF_antibody.pdb
Converting SMILES to graph: 273/500
4ma7A_antigen.pdb  6x9uHL_antibody.pdb
Converting SMILES to graph: 274/500
4ma7A_antigen.pdb  8irtEe_antibody.pdb
Converting SMILES to graph: 275/500
4ma7A_antigen.pdb  5kzpFJ_antibody.pdb
Converting SMILES to graph: 276/500
4ma7A_antigen.pdb  8irrN_antibody.pdb
Converting SMILES to graph: 277/500
4ma7A_antigen.pdb  3ncyPS_antibody.pdb
Converting SMILES to graph: 278/500
4ma7A_antigen.pdb  6veqIJ_antibody.pdb
Converting SMILES to graph: 279/500
4ma8C_antigen.pdb  7f5gB_antibody.pdb
Converting SMILES to graph: 280/500
4ma8C_antigen.pdb  8e8rHL_antibody.pdb
Converting SMILES to graph: 281/500
4ma8C_antigen.pdb  7kdeHL_antibody.pdb
Converting SMILES to graph: 282/500
4ma8C_antigen.pdb  5tkjJK_antibody.pdb
Converting SMILES to graph: 283/500
4ma8C_antigen.pdb  7na7Nn_antibody.pdb
Converting SMILES to graph: 284/500
4ma8C_antigen.pdb  5my6B_antibody.pdb
Converting SMILES to graph: 285/500
4mhhE_antigen.pdb  7semBC_antibody.pdb
Converting SMILES to graph: 286/500
4mhhE_antigen.pdb  1u8iBA_antibody.pdb
Converting SMILES to graph: 287/500
4mhhE_antigen.pdb  5f7wD_antibody.pdb
Converting SMILES to graph: 288/500
4mhhE_antigen.pdb  7ek0HL_antibody.pdb
Converting SMILES to graph: 289/500
4mhhE_antigen.pdb  7mklHL_antibody.pdb
Converting SMILES to graph: 290/500
4mhhE_antigen.pdb  5g64IM_antibody.pdb
Converting SMILES to graph: 291/500
4mhjG_antigen.pdb  6xbkSs_antibody.pdb
Converting SMILES to graph: 292/500
4mhjG_antigen.pdb  3skjHL_antibody.pdb
Converting SMILES to graph: 293/500
4mhjG_antigen.pdb  5w3mEG_antibody.pdb
Converting SMILES to graph: 294/500
4mhjG_antigen.pdb  7re7HL_antibody.pdb
Converting SMILES to graph: 295/500
4mhjG_antigen.pdb  7m30FG_antibody.pdb
Converting SMILES to graph: 296/500
4mhjG_antigen.pdb  7ufoHL_antibody.pdb
Converting SMILES to graph: 297/500
4mqsA_antigen.pdb  8euwGH_antibody.pdb
Converting SMILES to graph: 298/500
4mqsA_antigen.pdb  7mjtAB_antibody.pdb
Converting SMILES to graph: 299/500
4mqsA_antigen.pdb  8apyC_antibody.pdb
Converting SMILES to graph: 300/500
4mqsA_antigen.pdb  1r3iHL_antibody.pdb
Converting SMILES to graph: 301/500
4mqsA_antigen.pdb  7z7xF_antibody.pdb
Converting SMILES to graph: 302/500
4mqsA_antigen.pdb  2vh5HL_antibody.pdb
Converting SMILES to graph: 303/500
4mqtA_antigen.pdb  6d9wHL_antibody.pdb
Converting SMILES to graph: 304/500
4mqtA_antigen.pdb  8d8qHL_antibody.pdb
Converting SMILES to graph: 305/500
4mqtA_antigen.pdb  6b5pHL_antibody.pdb
Converting SMILES to graph: 306/500
4mqtA_antigen.pdb  5anyJN_antibody.pdb
Converting SMILES to graph: 307/500
4mqtA_antigen.pdb  6o9hAB_antibody.pdb
Converting SMILES to graph: 308/500
4mqtA_antigen.pdb  4ojfHL_antibody.pdb
Converting SMILES to graph: 309/500
4mqxB_antigen.pdb  7fgjHL_antibody.pdb
Converting SMILES to graph: 310/500
4mqxB_antigen.pdb  7jvpN_antibody.pdb
Converting SMILES to graph: 311/500
4mqxB_antigen.pdb  7v6oED_antibody.pdb
Converting SMILES to graph: 312/500
4mqxB_antigen.pdb  6d2pHL_antibody.pdb
Converting SMILES to graph: 313/500
4mqxB_antigen.pdb  8hiiHL_antibody.pdb
Converting SMILES to graph: 314/500
4mqxB_antigen.pdb  6r2sBA_antibody.pdb
Converting SMILES to graph: 315/500
4mswC_antigen.pdb  5fv2A_antibody.pdb
Converting SMILES to graph: 316/500
4mswC_antigen.pdb  8e8zHL_antibody.pdb
Converting SMILES to graph: 317/500
4mswC_antigen.pdb  7n9bF_antibody.pdb
Converting SMILES to graph: 318/500
4mswC_antigen.pdb  7urqHL_antibody.pdb
Converting SMILES to graph: 319/500
4mswC_antigen.pdb  5w9lEF_antibody.pdb
Converting SMILES to graph: 320/500
4mswC_antigen.pdb  5w3lEG_antibody.pdb
Converting SMILES to graph: 321/500
4mwfD_antigen.pdb  6didKE_antibody.pdb
Converting SMILES to graph: 322/500
4mwfD_antigen.pdb  7e5rLH_antibody.pdb
Converting SMILES to graph: 323/500
4mwfD_antigen.pdb  6lz9HL_antibody.pdb
Converting SMILES to graph: 324/500
4mwfD_antigen.pdb  8c02B_antibody.pdb
Converting SMILES to graph: 325/500
4mwfD_antigen.pdb  3j6a7_antibody.pdb
Converting SMILES to graph: 326/500
4mwfD_antigen.pdb  7pr0CB_antibody.pdb
Converting SMILES to graph: 327/500
4mxvA_antigen.pdb  2fecIL_antibody.pdb
Converting SMILES to graph: 328/500
4mxvA_antigen.pdb  6vi4C_antibody.pdb
Converting SMILES to graph: 329/500
4mxvA_antigen.pdb  8ag1HL_antibody.pdb
Converting SMILES to graph: 330/500
4mxvA_antigen.pdb  1t03HL_antibody.pdb
Converting SMILES to graph: 331/500
4mxvA_antigen.pdb  8c5hN_antibody.pdb
Converting SMILES to graph: 332/500
4mxvA_antigen.pdb  7z12BC_antibody.pdb
Converting SMILES to graph: 333/500
4mxwA_antigen.pdb  6h7oD_antibody.pdb
Converting SMILES to graph: 334/500
4mxwA_antigen.pdb  7u5bAB_antibody.pdb
Converting SMILES to graph: 335/500
4mxwA_antigen.pdb  3mnwBA_antibody.pdb
Converting SMILES to graph: 336/500
4mxwA_antigen.pdb  6gkdG_antibody.pdb
Converting SMILES to graph: 337/500
4mxwA_antigen.pdb  7vvoN_antibody.pdb
Converting SMILES to graph: 338/500
4mxwA_antigen.pdb  7ecyEF_antibody.pdb
Converting SMILES to graph: 339/500
4n0yA_antigen.pdb  3rhwFN_antibody.pdb
Converting SMILES to graph: 340/500
4n0yA_antigen.pdb  4wuuED_antibody.pdb
Converting SMILES to graph: 341/500
4n0yA_antigen.pdb  7wg3EA_antibody.pdb
Converting SMILES to graph: 342/500
4n0yA_antigen.pdb  7sq1HL_antibody.pdb
Converting SMILES to graph: 343/500
4n0yA_antigen.pdb  1ggiHL_antibody.pdb
Converting SMILES to graph: 344/500
4n0yA_antigen.pdb  7faeHL_antibody.pdb
Converting SMILES to graph: 345/500
4n1hC_antigen.pdb  7y8jHL_antibody.pdb
Converting SMILES to graph: 346/500
4n1hC_antigen.pdb  1tziBA_antibody.pdb
Converting SMILES to graph: 347/500
4n1hC_antigen.pdb  3gjfHL_antibody.pdb
Converting SMILES to graph: 348/500
4n1hC_antigen.pdb  6xxvAB_antibody.pdb
Converting SMILES to graph: 349/500
4n1hC_antigen.pdb  8gb7HL_antibody.pdb
Converting SMILES to graph: 350/500
4n1hC_antigen.pdb  7zmsK_antibody.pdb
Converting SMILES to graph: 351/500
4n8cX_antigen.pdb  7qf0HL_antibody.pdb
Converting SMILES to graph: 352/500
4n8cX_antigen.pdb  8f0hBD_antibody.pdb
Converting SMILES to graph: 353/500
4n8cX_antigen.pdb  4hlzIJ_antibody.pdb
Converting SMILES to graph: 354/500
4n8cX_antigen.pdb  7ps5HL_antibody.pdb
Converting SMILES to graph: 355/500
4n8cX_antigen.pdb  6ocdB_antibody.pdb
Converting SMILES to graph: 356/500
4n8cX_antigen.pdb  7m7eCD_antibody.pdb
Converting SMILES to graph: 357/500
4n90TC_antigen.pdb  6p50HL_antibody.pdb
Converting SMILES to graph: 358/500
4n90TC_antigen.pdb  6phdHL_antibody.pdb
Converting SMILES to graph: 359/500
4n90TC_antigen.pdb  7mznHL_antibody.pdb
Converting SMILES to graph: 360/500
4n90TC_antigen.pdb  5acoGJ_antibody.pdb
Converting SMILES to graph: 361/500
4n90TC_antigen.pdb  3macHL_antibody.pdb
Converting SMILES to graph: 362/500
4n90TC_antigen.pdb  6z2mBC_antibody.pdb
Converting SMILES to graph: 363/500
4n9gZ_antigen.pdb  5n7wHL_antibody.pdb
Converting SMILES to graph: 364/500
4n9gZ_antigen.pdb  7mdpHI_antibody.pdb
Converting SMILES to graph: 365/500
4n9gZ_antigen.pdb  6o29HL_antibody.pdb
Converting SMILES to graph: 366/500
4n9gZ_antigen.pdb  7x3fHL_antibody.pdb
Converting SMILES to graph: 367/500
4n9gZ_antigen.pdb  3mltHL_antibody.pdb
Converting SMILES to graph: 368/500
4n9gZ_antigen.pdb  4jb9HL_antibody.pdb
Converting SMILES to graph: 369/500
4n9oA_antigen.pdb  6wasHL_antibody.pdb
Converting SMILES to graph: 370/500
4n9oA_antigen.pdb  6wztHL_antibody.pdb
Converting SMILES to graph: 371/500
4n9oA_antigen.pdb  8b1jB_antibody.pdb
Converting SMILES to graph: 372/500
4n9oA_antigen.pdb  4hf5HL_antibody.pdb
Converting SMILES to graph: 373/500
4n9oA_antigen.pdb  7lk4FE_antibody.pdb
Converting SMILES to graph: 374/500
4n9oA_antigen.pdb  7zxkHL_antibody.pdb
Converting SMILES to graph: 375/500
4nbxA_antigen.pdb  5cjsHL_antibody.pdb
Converting SMILES to graph: 376/500
4nbxA_antigen.pdb  7d3sN_antibody.pdb
Converting SMILES to graph: 377/500
4nbxA_antigen.pdb  2x7lGI_antibody.pdb
Converting SMILES to graph: 378/500
4nbxA_antigen.pdb  8ekaHL_antibody.pdb
Converting SMILES to graph: 379/500
4nbxA_antigen.pdb  7df9HL_antibody.pdb
Converting SMILES to graph: 380/500
4nbxA_antigen.pdb  7f0tE_antibody.pdb
Converting SMILES to graph: 381/500
4nbyA_antigen.pdb  7kbiC_antibody.pdb
Converting SMILES to graph: 382/500
4nbyA_antigen.pdb  2p4aB_antibody.pdb
Converting SMILES to graph: 383/500
4nbyA_antigen.pdb  5f8rC_antibody.pdb
Converting SMILES to graph: 384/500
4nbyA_antigen.pdb  7mjsHL_antibody.pdb
Converting SMILES to graph: 385/500
4nbyA_antigen.pdb  7ahvAB_antibody.pdb
Converting SMILES to graph: 386/500
4nbyA_antigen.pdb  6cbvHL_antibody.pdb
Converting SMILES to graph: 387/500
4nbzC_antigen.pdb  7tgfB_antibody.pdb
Converting SMILES to graph: 388/500
4nbzC_antigen.pdb  4xnqHL_antibody.pdb
Converting SMILES to graph: 389/500
4nbzC_antigen.pdb  5vnwC_antibody.pdb
Converting SMILES to graph: 390/500
4nbzC_antigen.pdb  4jznIP_antibody.pdb
Converting SMILES to graph: 391/500
4nbzC_antigen.pdb  6x58CD_antibody.pdb
Converting SMILES to graph: 392/500
4nbzC_antigen.pdb  1g6vK_antibody.pdb
Converting SMILES to graph: 393/500
4nc0A_antigen.pdb  4fqkEF_antibody.pdb
Converting SMILES to graph: 394/500
4nc0A_antigen.pdb  8gnjC_antibody.pdb
Converting SMILES to graph: 395/500
4nc0A_antigen.pdb  8dokCD_antibody.pdb
Converting SMILES to graph: 396/500
4nc0A_antigen.pdb  5i75BC_antibody.pdb
Converting SMILES to graph: 397/500
4nc0A_antigen.pdb  8g9yHL_antibody.pdb
Converting SMILES to graph: 398/500
4nc0A_antigen.pdb  6j5dHL_antibody.pdb
Converting SMILES to graph: 399/500
4nc1B_antigen.pdb  4liqHL_antibody.pdb
Converting SMILES to graph: 400/500
4nc1B_antigen.pdb  4plkHL_antibody.pdb
Converting SMILES to graph: 401/500
4nc1B_antigen.pdb  7vndD_antibody.pdb
Converting SMILES to graph: 402/500
4nc1B_antigen.pdb  7f0xBb_antibody.pdb
Converting SMILES to graph: 403/500
4nc1B_antigen.pdb  6n50E_antibody.pdb
Converting SMILES to graph: 404/500
4nc1B_antigen.pdb  6wg0HL_antibody.pdb
Converting SMILES to graph: 405/500
4nc2A_antigen.pdb  7xd2DJ_antibody.pdb
Converting SMILES to graph: 406/500
4nc2A_antigen.pdb  5fb8BA_antibody.pdb
Converting SMILES to graph: 407/500
4nc2A_antigen.pdb  7yu7Ss_antibody.pdb
Converting SMILES to graph: 408/500
4nc2A_antigen.pdb  6nf5GI_antibody.pdb
Converting SMILES to graph: 409/500
4nc2A_antigen.pdb  7eanHL_antibody.pdb
Converting SMILES to graph: 410/500
4nc2A_antigen.pdb  3tygHL_antibody.pdb
Converting SMILES to graph: 411/500
4ncoI_antigen.pdb  4mhhHL_antibody.pdb
Converting SMILES to graph: 412/500
4ncoI_antigen.pdb  8el2HL_antibody.pdb
Converting SMILES to graph: 413/500
4ncoI_antigen.pdb  8evgMm_antibody.pdb
Converting SMILES to graph: 414/500
4ncoI_antigen.pdb  6z7yBA_antibody.pdb
Converting SMILES to graph: 415/500
4ncoI_antigen.pdb  7te8B_antibody.pdb
Converting SMILES to graph: 416/500
4ncoI_antigen.pdb  8aonBC_antibody.pdb
Converting SMILES to graph: 417/500
4nghP_antigen.pdb  6iblD_antibody.pdb
Converting SMILES to graph: 418/500
4nghP_antigen.pdb  7x3yHL_antibody.pdb
Converting SMILES to graph: 419/500
4nghP_antigen.pdb  5x8mBC_antibody.pdb
Converting SMILES to graph: 420/500
4nghP_antigen.pdb  7vadHL_antibody.pdb
Converting SMILES to graph: 421/500
4nghP_antigen.pdb  3zdxHL_antibody.pdb
Converting SMILES to graph: 422/500
4nghP_antigen.pdb  3w13CD_antibody.pdb
Converting SMILES to graph: 423/500
4nhcP_antigen.pdb  8g3pCI_antibody.pdb
Converting SMILES to graph: 424/500
4nhcP_antigen.pdb  6b70EF_antibody.pdb
Converting SMILES to graph: 425/500
4nhcP_antigen.pdb  7tzgAa_antibody.pdb
Converting SMILES to graph: 426/500
4nhcP_antigen.pdb  6h7nD_antibody.pdb
Converting SMILES to graph: 427/500
4nhcP_antigen.pdb  7dh5N_antibody.pdb
Converting SMILES to graph: 428/500
4nhcP_antigen.pdb  7y36N_antibody.pdb
Converting SMILES to graph: 429/500
4nhhC_antigen.pdb  5vqmDC_antibody.pdb
Converting SMILES to graph: 430/500
4nhhC_antigen.pdb  7vqxN_antibody.pdb
Converting SMILES to graph: 431/500
4nhhC_antigen.pdb  2vdmHL_antibody.pdb
Converting SMILES to graph: 432/500
4nhhC_antigen.pdb  8eqfHL_antibody.pdb
Converting SMILES to graph: 433/500
4nhhC_antigen.pdb  7sk4DC_antibody.pdb
Converting SMILES to graph: 434/500
4nhhC_antigen.pdb  8gh4HL_antibody.pdb
Converting SMILES to graph: 435/500
4nikA_antigen.pdb  2jk5AB_antibody.pdb
Converting SMILES to graph: 436/500
4nikA_antigen.pdb  1g7jBA_antibody.pdb
Converting SMILES to graph: 437/500
4nikA_antigen.pdb  7x4mHL_antibody.pdb
Converting SMILES to graph: 438/500
4nikA_antigen.pdb  5jqhD_antibody.pdb
Converting SMILES to graph: 439/500
4nikA_antigen.pdb  6avrHL_antibody.pdb
Converting SMILES to graph: 440/500
4nikA_antigen.pdb  5b8cBA_antibody.pdb
Converting SMILES to graph: 441/500
4nm8BA_antigen.pdb  7r8mHL_antibody.pdb
Converting SMILES to graph: 442/500
4nm8BA_antigen.pdb  6ea7MN_antibody.pdb
Converting SMILES to graph: 443/500
4nm8BA_antigen.pdb  6uigBC_antibody.pdb
Converting SMILES to graph: 444/500
4nm8BA_antigen.pdb  7c2lJN_antibody.pdb
Converting SMILES to graph: 445/500
4nm8BA_antigen.pdb  5wdfAB_antibody.pdb
Converting SMILES to graph: 446/500
4nm8BA_antigen.pdb  6pduHL_antibody.pdb
Converting SMILES to graph: 447/500
4nnpA_antigen.pdb  6ocdB_antibody.pdb
Converting SMILES to graph: 448/500
4nnpA_antigen.pdb  8hegD_antibody.pdb
Converting SMILES to graph: 449/500
4nnpA_antigen.pdb  6h16B_antibody.pdb
Converting SMILES to graph: 450/500
4nnpA_antigen.pdb  5o7pBA_antibody.pdb
Converting SMILES to graph: 451/500
4nnpA_antigen.pdb  3t3pEF_antibody.pdb
Converting SMILES to graph: 452/500
4nnpA_antigen.pdb  5vl7HL_antibody.pdb
Converting SMILES to graph: 453/500
4np4A_antigen.pdb  1t03HL_antibody.pdb
Converting SMILES to graph: 454/500
4np4A_antigen.pdb  6x3vJI_antibody.pdb
Converting SMILES to graph: 455/500
4np4A_antigen.pdb  7sk4DC_antibody.pdb
Converting SMILES to graph: 456/500
4np4A_antigen.pdb  7sbdHL_antibody.pdb
Converting SMILES to graph: 457/500
4np4A_antigen.pdb  8j7vEC_antibody.pdb
Converting SMILES to graph: 458/500
4np4A_antigen.pdb  7my2D_antibody.pdb
Converting SMILES to graph: 459/500
4nrxP_antigen.pdb  5hdbEF_antibody.pdb
Converting SMILES to graph: 460/500
4nrxP_antigen.pdb  7ezmHh_antibody.pdb
Converting SMILES to graph: 461/500
4nrxP_antigen.pdb  6wbvHL_antibody.pdb
Converting SMILES to graph: 462/500
4nrxP_antigen.pdb  7mzmHL_antibody.pdb
Converting SMILES to graph: 463/500
4nrxP_antigen.pdb  7nvln_antibody.pdb
Converting SMILES to graph: 464/500
4nrxP_antigen.pdb  4hfuHL_antibody.pdb
Converting SMILES to graph: 465/500
4nx3D_antigen.pdb  7mlyHI_antibody.pdb
Converting SMILES to graph: 466/500
4nx3D_antigen.pdb  6otcHL_antibody.pdb
Converting SMILES to graph: 467/500
4nx3D_antigen.pdb  2r29HL_antibody.pdb
Converting SMILES to graph: 468/500
4nx3D_antigen.pdb  3hplAB_antibody.pdb
Converting SMILES to graph: 469/500
4nx3D_antigen.pdb  5js9AB_antibody.pdb
Converting SMILES to graph: 470/500
4nzrM_antigen.pdb  7usvD_antibody.pdb
Converting SMILES to graph: 471/500
4nzrM_antigen.pdb  3ixtHL_antibody.pdb
Converting SMILES to graph: 472/500
4nzrM_antigen.pdb  6fy0IM_antibody.pdb
Converting SMILES to graph: 473/500
4nzrM_antigen.pdb  6r0xCD_antibody.pdb
Converting SMILES to graph: 474/500
4nzrM_antigen.pdb  7e5sUQ_antibody.pdb
Converting SMILES to graph: 475/500
4nzrM_antigen.pdb  8jtdJN_antibody.pdb
Converting SMILES to graph: 476/500
4nztM_antigen.pdb  6mxtN_antibody.pdb
Converting SMILES to graph: 477/500
4nztM_antigen.pdb  7tyoN_antibody.pdb
Converting SMILES to graph: 478/500
4nztM_antigen.pdb  7triZY_antibody.pdb
Converting SMILES to graph: 479/500
4nztM_antigen.pdb  1mhpHL_antibody.pdb
Converting SMILES to graph: 480/500
4nztM_antigen.pdb  2a6dBA_antibody.pdb
Converting SMILES to graph: 481/500
4nztM_antigen.pdb  1sm3HL_antibody.pdb
Converting SMILES to graph: 482/500
4o02A_antigen.pdb  7fimN_antibody.pdb
Converting SMILES to graph: 483/500
4o02A_antigen.pdb  3mlyHL_antibody.pdb
Converting SMILES to graph: 484/500
4o02A_antigen.pdb  7q6cHL_antibody.pdb
Converting SMILES to graph: 485/500
4o02A_antigen.pdb  3ogoG_antibody.pdb
Converting SMILES to graph: 486/500
4o02A_antigen.pdb  2htlCD_antibody.pdb
Converting SMILES to graph: 487/500
4o02A_antigen.pdb  6q20HL_antibody.pdb
Converting SMILES to graph: 488/500
4o4yA_antigen.pdb  7m6gHL_antibody.pdb
Converting SMILES to graph: 489/500
4o4yA_antigen.pdb  2b4cHL_antibody.pdb
Converting SMILES to graph: 490/500
4o4yA_antigen.pdb  5mvzHL_antibody.pdb
Converting SMILES to graph: 491/500
4o4yA_antigen.pdb  6xswAB_antibody.pdb
Converting SMILES to graph: 492/500
4o4yA_antigen.pdb  6yioHL_antibody.pdb
Converting SMILES to graph: 493/500
4o4yA_antigen.pdb  3v52HL_antibody.pdb
Converting SMILES to graph: 494/500
4o51N_antigen.pdb  3idyBC_antibody.pdb
Converting SMILES to graph: 495/500
4o51N_antigen.pdb  8dypB_antibody.pdb
Converting SMILES to graph: 496/500
4o51N_antigen.pdb  7vfxSs_antibody.pdb
Converting SMILES to graph: 497/500
4o51N_antigen.pdb  7xw9Ss_antibody.pdb
Converting SMILES to graph: 498/500
4o51N_antigen.pdb  1afvHL_antibody.pdb
Converting SMILES to graph: 499/500
4o51N_antigen.pdb  7lj4GF_antibody.pdb
Converting SMILES to graph: 500/500
4o58A_antigen.pdb  3zkmHL_antibody.pdb
Graph construction done. Saving to file.
