Converting SMILES to graph: 1/500
8aokA_antigen.pdb  6sgeD_antibody.pdb
Converting SMILES to graph: 2/500
8aokA_antigen.pdb  7thtHL_antibody.pdb
Converting SMILES to graph: 3/500
8aokA_antigen.pdb  6j5fHL_antibody.pdb
Converting SMILES to graph: 4/500
8aomA_antigen.pdb  5fv2A_antibody.pdb
Converting SMILES to graph: 5/500
8aomA_antigen.pdb  7cvyNO_antibody.pdb
Converting SMILES to graph: 6/500
8aomA_antigen.pdb  2hjfAB_antibody.pdb
Converting SMILES to graph: 7/500
8aomA_antigen.pdb  6ym0HL_antibody.pdb
Converting SMILES to graph: 8/500
8aomA_antigen.pdb  6n7jHL_antibody.pdb
Converting SMILES to graph: 9/500
8aomA_antigen.pdb  3idgBA_antibody.pdb
Converting SMILES to graph: 10/500
8aonA_antigen.pdb  6u52C_antibody.pdb
Converting SMILES to graph: 11/500
8aonA_antigen.pdb  7jvqN_antibody.pdb
Converting SMILES to graph: 12/500
8aonA_antigen.pdb  6u12B_antibody.pdb
Converting SMILES to graph: 13/500
8aonA_antigen.pdb  1tqbBC_antibody.pdb
Converting SMILES to graph: 14/500
8aonA_antigen.pdb  8jlzN_antibody.pdb
Converting SMILES to graph: 15/500
8aonA_antigen.pdb  8spuNn_antibody.pdb
Converting SMILES to graph: 16/500
8apyA_antigen.pdb  7wuiSs_antibody.pdb
Converting SMILES to graph: 17/500
8apyA_antigen.pdb  8piiA_antibody.pdb
Converting SMILES to graph: 18/500
8apyA_antigen.pdb  7mjtAB_antibody.pdb
Converting SMILES to graph: 19/500
8apyA_antigen.pdb  2ez0EF_antibody.pdb
Converting SMILES to graph: 20/500
8apyA_antigen.pdb  6zczF_antibody.pdb
Converting SMILES to graph: 21/500
8apyA_antigen.pdb  6wztHL_antibody.pdb
Converting SMILES to graph: 22/500
8as0A_antigen.pdb  7sq1HL_antibody.pdb
Converting SMILES to graph: 23/500
8as0A_antigen.pdb  6mtjDE_antibody.pdb
Converting SMILES to graph: 24/500
8as0A_antigen.pdb  7yvmCA_antibody.pdb
Converting SMILES to graph: 25/500
8as0A_antigen.pdb  6iutHL_antibody.pdb
Converting SMILES to graph: 26/500
8as0A_antigen.pdb  6bckHL_antibody.pdb
Converting SMILES to graph: 27/500
8as0A_antigen.pdb  8dzwHL_antibody.pdb
Converting SMILES to graph: 28/500
8as2AB_antigen.pdb  7cm4HL_antibody.pdb
Converting SMILES to graph: 29/500
8as2AB_antigen.pdb  8dm0H_antibody.pdb
Converting SMILES to graph: 30/500
8as2AB_antigen.pdb  8g2yN_antibody.pdb
Converting SMILES to graph: 31/500
8as2AB_antigen.pdb  7e9qHL_antibody.pdb
Converting SMILES to graph: 32/500
8as2AB_antigen.pdb  7epuAa_antibody.pdb
Converting SMILES to graph: 33/500
8as2AB_antigen.pdb  7lrsDE_antibody.pdb
Converting SMILES to graph: 34/500
8as3AB_antigen.pdb  7jvbC_antibody.pdb
Converting SMILES to graph: 35/500
8as3AB_antigen.pdb  5j1sC_antibody.pdb
Converting SMILES to graph: 36/500
8as3AB_antigen.pdb  8f9uAB_antibody.pdb
Converting SMILES to graph: 37/500
8as3AB_antigen.pdb  7k8wNS_antibody.pdb
Converting SMILES to graph: 38/500
8as3AB_antigen.pdb  7wk0AB_antibody.pdb
Converting SMILES to graph: 39/500
8as3AB_antigen.pdb  6gjqF_antibody.pdb
Converting SMILES to graph: 40/500
8athB_antigen.pdb  5ywpRQ_antibody.pdb
Converting SMILES to graph: 41/500
8athB_antigen.pdb  4nhhOQ_antibody.pdb
Converting SMILES to graph: 42/500
8athB_antigen.pdb  7s1bHL_antibody.pdb
Converting SMILES to graph: 43/500
8athB_antigen.pdb  5wn9Hh_antibody.pdb
Converting SMILES to graph: 44/500
8athB_antigen.pdb  3s88HL_antibody.pdb
Converting SMILES to graph: 45/500
8athB_antigen.pdb  4cdgD_antibody.pdb
Converting SMILES to graph: 46/500
8av9A_antigen.pdb  4xtrEF_antibody.pdb
Converting SMILES to graph: 47/500
8av9A_antigen.pdb  8b19B_antibody.pdb
Converting SMILES to graph: 48/500
8av9A_antigen.pdb  8dyyHL_antibody.pdb
Converting SMILES to graph: 49/500
8av9A_antigen.pdb  7s07XY_antibody.pdb
Converting SMILES to graph: 50/500
8av9A_antigen.pdb  6hugG_antibody.pdb
Converting SMILES to graph: 51/500
8av9A_antigen.pdb  8hbjE_antibody.pdb
Converting SMILES to graph: 52/500
8awmA_antigen.pdb  6ornAB_antibody.pdb
Converting SMILES to graph: 53/500
8awmA_antigen.pdb  8sarCD_antibody.pdb
Converting SMILES to graph: 54/500
8awmA_antigen.pdb  8eeeHL_antibody.pdb
Converting SMILES to graph: 55/500
8awmA_antigen.pdb  5vxrHL_antibody.pdb
Converting SMILES to graph: 56/500
8awmA_antigen.pdb  4xp1HL_antibody.pdb
Converting SMILES to graph: 57/500
8awmA_antigen.pdb  6lmlDd_antibody.pdb
Converting SMILES to graph: 58/500
8axhA_antigen.pdb  5f7mC_antibody.pdb
Converting SMILES to graph: 59/500
8axhA_antigen.pdb  7nqkB_antibody.pdb
Converting SMILES to graph: 60/500
8axhA_antigen.pdb  1sy6HL_antibody.pdb
Converting SMILES to graph: 61/500
8axhA_antigen.pdb  8da0BA_antibody.pdb
Converting SMILES to graph: 62/500
8axhA_antigen.pdb  8eooAB_antibody.pdb
Converting SMILES to graph: 63/500
8axhA_antigen.pdb  7p6kG_antibody.pdb
Converting SMILES to graph: 64/500
8b01BA_antigen.pdb  5ziaGL_antibody.pdb
Converting SMILES to graph: 65/500
8b01BA_antigen.pdb  8gb5BC_antibody.pdb
Converting SMILES to graph: 66/500
8b01BA_antigen.pdb  7y0vHL_antibody.pdb
Converting SMILES to graph: 67/500
8b01BA_antigen.pdb  7wn2HL_antibody.pdb
Converting SMILES to graph: 68/500
8b01BA_antigen.pdb  4dgvHL_antibody.pdb
Converting SMILES to graph: 69/500
8b01BA_antigen.pdb  4ocmF_antibody.pdb
Converting SMILES to graph: 70/500
8b17A_antigen.pdb  7olyHL_antibody.pdb
Converting SMILES to graph: 71/500
8b17A_antigen.pdb  7wu2N_antibody.pdb
Converting SMILES to graph: 72/500
8b17A_antigen.pdb  7k7hHL_antibody.pdb
Converting SMILES to graph: 73/500
8b17A_antigen.pdb  7mw6DE_antibody.pdb
Converting SMILES to graph: 74/500
8b17A_antigen.pdb  7ru4HL_antibody.pdb
Converting SMILES to graph: 75/500
8b17A_antigen.pdb  5tudFE_antibody.pdb
Converting SMILES to graph: 76/500
8b18A_antigen.pdb  5o04C_antibody.pdb
Converting SMILES to graph: 77/500
8b18A_antigen.pdb  7k3bLK_antibody.pdb
Converting SMILES to graph: 78/500
8b18A_antigen.pdb  7ndfC_antibody.pdb
Converting SMILES to graph: 79/500
8b18A_antigen.pdb  4nhcHL_antibody.pdb
Converting SMILES to graph: 80/500
8b18A_antigen.pdb  7oh1ED_antibody.pdb
Converting SMILES to graph: 81/500
8b19A_antigen.pdb  5dlmHL_antibody.pdb
Converting SMILES to graph: 82/500
8b19A_antigen.pdb  1mvuBA_antibody.pdb
Converting SMILES to graph: 83/500
8b19A_antigen.pdb  5b3jHL_antibody.pdb
Converting SMILES to graph: 84/500
8b19A_antigen.pdb  6o3gEF_antibody.pdb
Converting SMILES to graph: 85/500
8b19A_antigen.pdb  7u0pEF_antibody.pdb
Converting SMILES to graph: 86/500
8b1aA_antigen.pdb  5o14CD_antibody.pdb
Converting SMILES to graph: 87/500
8b1aA_antigen.pdb  7urfOP_antibody.pdb
Converting SMILES to graph: 88/500
8b1aA_antigen.pdb  6xpqBC_antibody.pdb
Converting SMILES to graph: 89/500
8b1aA_antigen.pdb  1za3HL_antibody.pdb
Converting SMILES to graph: 90/500
8b1aA_antigen.pdb  6e62HL_antibody.pdb
Converting SMILES to graph: 91/500
8b1aA_antigen.pdb  7chhJK_antibody.pdb
Converting SMILES to graph: 92/500
8b1bA_antigen.pdb  7q6eHL_antibody.pdb
Converting SMILES to graph: 93/500
8b1bA_antigen.pdb  6hcoDC_antibody.pdb
Converting SMILES to graph: 94/500
8b1bA_antigen.pdb  6e0cMm_antibody.pdb
Converting SMILES to graph: 95/500
8b1bA_antigen.pdb  6lz2D_antibody.pdb
Converting SMILES to graph: 96/500
8b1bA_antigen.pdb  7yvnLK_antibody.pdb
Converting SMILES to graph: 97/500
8b1bA_antigen.pdb  6x3vJI_antibody.pdb
Converting SMILES to graph: 98/500
8b1cA_antigen.pdb  5lbsHL_antibody.pdb
Converting SMILES to graph: 99/500
8b1cA_antigen.pdb  7tyyN_antibody.pdb
Converting SMILES to graph: 100/500
8b1cA_antigen.pdb  7ws3IH_antibody.pdb
Converting SMILES to graph: 101/500
8b1cA_antigen.pdb  6h5nCB_antibody.pdb
Converting SMILES to graph: 102/500
8b1cA_antigen.pdb  1xctDC_antibody.pdb
Converting SMILES to graph: 103/500
8b1cA_antigen.pdb  7kjiA_antibody.pdb
Converting SMILES to graph: 104/500
8b1dA_antigen.pdb  6nqdKL_antibody.pdb
Converting SMILES to graph: 105/500
8b1dA_antigen.pdb  8cxiHL_antibody.pdb
Converting SMILES to graph: 106/500
8b1dA_antigen.pdb  3nifEF_antibody.pdb
Converting SMILES to graph: 107/500
8b1dA_antigen.pdb  7w71HL_antibody.pdb
Converting SMILES to graph: 108/500
8b1dA_antigen.pdb  7cn2Gg_antibody.pdb
Converting SMILES to graph: 109/500
8b1dA_antigen.pdb  7lfdHL_antibody.pdb
Converting SMILES to graph: 110/500
8b1eA_antigen.pdb  8dl7DC_antibody.pdb
Converting SMILES to graph: 111/500
8b1eA_antigen.pdb  3ifpEF_antibody.pdb
Converting SMILES to graph: 112/500
8b1eA_antigen.pdb  7eajFL_antibody.pdb
Converting SMILES to graph: 113/500
8b1eA_antigen.pdb  7akjHL_antibody.pdb
Converting SMILES to graph: 114/500
8b1eA_antigen.pdb  3jbc7_antibody.pdb
Converting SMILES to graph: 115/500
8b1eA_antigen.pdb  6avrHL_antibody.pdb
Converting SMILES to graph: 116/500
8b1fA_antigen.pdb  8gb5BC_antibody.pdb
Converting SMILES to graph: 117/500
8b1fA_antigen.pdb  7mk6AB_antibody.pdb
Converting SMILES to graph: 118/500
8b1fA_antigen.pdb  7czpJN_antibody.pdb
Converting SMILES to graph: 119/500
8b1fA_antigen.pdb  7wd2C_antibody.pdb
Converting SMILES to graph: 120/500
8b1fA_antigen.pdb  4z7oHL_antibody.pdb
Converting SMILES to graph: 121/500
8b1fA_antigen.pdb  3droBA_antibody.pdb
Converting SMILES to graph: 122/500
8b1gA_antigen.pdb  6waqC_antibody.pdb
Converting SMILES to graph: 123/500
8b1gA_antigen.pdb  7wo7AB_antibody.pdb
Converting SMILES to graph: 124/500
8b1gA_antigen.pdb  7l7dHL_antibody.pdb
Converting SMILES to graph: 125/500
8b1gA_antigen.pdb  8w88N_antibody.pdb
Converting SMILES to graph: 126/500
8b1gA_antigen.pdb  6cxcGJ_antibody.pdb
Converting SMILES to graph: 127/500
8b1gA_antigen.pdb  6fy3HL_antibody.pdb
Converting SMILES to graph: 128/500
8b1hA_antigen.pdb  4tulHL_antibody.pdb
Converting SMILES to graph: 129/500
8b1hA_antigen.pdb  5lspHL_antibody.pdb
Converting SMILES to graph: 130/500
8b1hA_antigen.pdb  7wz7Cc_antibody.pdb
Converting SMILES to graph: 131/500
8b1hA_antigen.pdb  8dz3HL_antibody.pdb
Converting SMILES to graph: 132/500
8b1hA_antigen.pdb  8i0qHL_antibody.pdb
Converting SMILES to graph: 133/500
8b1hA_antigen.pdb  4gmsJN_antibody.pdb
Converting SMILES to graph: 134/500
8b1iA_antigen.pdb  4g6fHL_antibody.pdb
Converting SMILES to graph: 135/500
8b1iA_antigen.pdb  7w0pSs_antibody.pdb
Converting SMILES to graph: 136/500
8b1iA_antigen.pdb  8id3Ss_antibody.pdb
Converting SMILES to graph: 137/500
8b1iA_antigen.pdb  7k8zMN_antibody.pdb
Converting SMILES to graph: 138/500
8b1iA_antigen.pdb  6r8xCB_antibody.pdb
Converting SMILES to graph: 139/500
8b1iA_antigen.pdb  2vc2HL_antibody.pdb
Converting SMILES to graph: 140/500
8b1jA_antigen.pdb  8g0wC_antibody.pdb
Converting SMILES to graph: 141/500
8b1jA_antigen.pdb  7w57Ee_antibody.pdb
Converting SMILES to graph: 142/500
8b1jA_antigen.pdb  7zmmG_antibody.pdb
Converting SMILES to graph: 143/500
8b1jA_antigen.pdb  3modHL_antibody.pdb
Converting SMILES to graph: 144/500
8b1jA_antigen.pdb  7ranEe_antibody.pdb
Converting SMILES to graph: 145/500
8b1jA_antigen.pdb  1z3gIM_antibody.pdb
Converting SMILES to graph: 146/500
8b1kA_antigen.pdb  5ku27_antibody.pdb
Converting SMILES to graph: 147/500
8b1kA_antigen.pdb  3ze1EF_antibody.pdb
Converting SMILES to graph: 148/500
8b1kA_antigen.pdb  5dfwHh_antibody.pdb
Converting SMILES to graph: 149/500
8b1kA_antigen.pdb  5a3iGH_antibody.pdb
Converting SMILES to graph: 150/500
8b1kA_antigen.pdb  7te9MN_antibody.pdb
Converting SMILES to graph: 151/500
8b1kA_antigen.pdb  7evwN_antibody.pdb
Converting SMILES to graph: 152/500
8b41A_antigen.pdb  6az2CE_antibody.pdb
Converting SMILES to graph: 153/500
8b41A_antigen.pdb  5o4gBA_antibody.pdb
Converting SMILES to graph: 154/500
8b41A_antigen.pdb  6bt3BA_antibody.pdb
Converting SMILES to graph: 155/500
8b41A_antigen.pdb  4j8rBA_antibody.pdb
Converting SMILES to graph: 156/500
8b41A_antigen.pdb  7t01HL_antibody.pdb
Converting SMILES to graph: 157/500
8b41A_antigen.pdb  7cn2Gg_antibody.pdb
Converting SMILES to graph: 158/500
8b7wC_antigen.pdb  4xxdBA_antibody.pdb
Converting SMILES to graph: 159/500
8b7wC_antigen.pdb  7sk6FE_antibody.pdb
Converting SMILES to graph: 160/500
8b7wC_antigen.pdb  1u8lBA_antibody.pdb
Converting SMILES to graph: 161/500
8b7wC_antigen.pdb  6lr7B_antibody.pdb
Converting SMILES to graph: 162/500
8b7wC_antigen.pdb  2vh5HL_antibody.pdb
Converting SMILES to graph: 163/500
8b7wC_antigen.pdb  5yd5Cc_antibody.pdb
Converting SMILES to graph: 164/500
8b9vA_antigen.pdb  6dc9HL_antibody.pdb
Converting SMILES to graph: 165/500
8b9vA_antigen.pdb  7e5sUQ_antibody.pdb
Converting SMILES to graph: 166/500
8b9vA_antigen.pdb  7rg9N_antibody.pdb
Converting SMILES to graph: 167/500
8b9vA_antigen.pdb  8eliHL_antibody.pdb
Converting SMILES to graph: 168/500
8b9vA_antigen.pdb  1kb9JK_antibody.pdb
Converting SMILES to graph: 169/500
8bb7B_antigen.pdb  2dqjHL_antibody.pdb
Converting SMILES to graph: 170/500
8bb7B_antigen.pdb  8d8rHL_antibody.pdb
Converting SMILES to graph: 171/500
8bb7B_antigen.pdb  7ssvHL_antibody.pdb
Converting SMILES to graph: 172/500
8bb7B_antigen.pdb  8jsoSs_antibody.pdb
Converting SMILES to graph: 173/500
8bb7B_antigen.pdb  3hi6HL_antibody.pdb
Converting SMILES to graph: 174/500
8bb7B_antigen.pdb  1a3rHL_antibody.pdb
Converting SMILES to graph: 175/500
8bbhA_antigen.pdb  7q9gHL_antibody.pdb
Converting SMILES to graph: 176/500
8bbhA_antigen.pdb  6kn9Ff_antibody.pdb
Converting SMILES to graph: 177/500
8bbhA_antigen.pdb  2f58HL_antibody.pdb
Converting SMILES to graph: 178/500
8bbhA_antigen.pdb  6quzE_antibody.pdb
Converting SMILES to graph: 179/500
8bbhA_antigen.pdb  7c2lJN_antibody.pdb
Converting SMILES to graph: 180/500
8bbhA_antigen.pdb  7yu6Ss_antibody.pdb
Converting SMILES to graph: 181/500
8bbnY_antigen.pdb  7syzHL_antibody.pdb
Converting SMILES to graph: 182/500
8bbnY_antigen.pdb  6x97JK_antibody.pdb
Converting SMILES to graph: 183/500
8bbnY_antigen.pdb  6b70EF_antibody.pdb
Converting SMILES to graph: 184/500
8bbnY_antigen.pdb  8so3HL_antibody.pdb
Converting SMILES to graph: 185/500
8bbnY_antigen.pdb  1acyHL_antibody.pdb
Converting SMILES to graph: 186/500
8bbnY_antigen.pdb  5kzpFJ_antibody.pdb
Converting SMILES to graph: 187/500
8bboR_antigen.pdb  7f4fSs_antibody.pdb
Converting SMILES to graph: 188/500
8bboR_antigen.pdb  7xtcN_antibody.pdb
Converting SMILES to graph: 189/500
8bboR_antigen.pdb  7yk6Ss_antibody.pdb
Converting SMILES to graph: 190/500
8bboR_antigen.pdb  3ks0KJ_antibody.pdb
Converting SMILES to graph: 191/500
8bboR_antigen.pdb  6fuzN_antibody.pdb
Converting SMILES to graph: 192/500
8bboR_antigen.pdb  7kexGJ_antibody.pdb
Converting SMILES to graph: 193/500
8bczR_antigen.pdb  7oayL_antibody.pdb
Converting SMILES to graph: 194/500
8bczR_antigen.pdb  5kqvPQ_antibody.pdb
Converting SMILES to graph: 195/500
8bczR_antigen.pdb  7zr7DE_antibody.pdb
Converting SMILES to graph: 196/500
8bczR_antigen.pdb  5dwuHL_antibody.pdb
Converting SMILES to graph: 197/500
8bczR_antigen.pdb  5ob5HL_antibody.pdb
Converting SMILES to graph: 198/500
8bczR_antigen.pdb  7f54N_antibody.pdb
Converting SMILES to graph: 199/500
8be1C_antigen.pdb  5ucbHL_antibody.pdb
Converting SMILES to graph: 200/500
8be1C_antigen.pdb  3mlwHL_antibody.pdb
Converting SMILES to graph: 201/500
8be1C_antigen.pdb  8axhHh_antibody.pdb
Converting SMILES to graph: 202/500
8be1C_antigen.pdb  3lzfHL_antibody.pdb
Converting SMILES to graph: 203/500
8be1C_antigen.pdb  6vjtHL_antibody.pdb
Converting SMILES to graph: 204/500
8be1C_antigen.pdb  3efdHL_antibody.pdb
Converting SMILES to graph: 205/500
8be2S_antigen.pdb  8g6iCB_antibody.pdb
Converting SMILES to graph: 206/500
8be2S_antigen.pdb  6xobST_antibody.pdb
Converting SMILES to graph: 207/500
8be2S_antigen.pdb  6eluKL_antibody.pdb
Converting SMILES to graph: 208/500
8be2S_antigen.pdb  7sfwQR_antibody.pdb
Converting SMILES to graph: 209/500
8be2S_antigen.pdb  3qg6BA_antibody.pdb
Converting SMILES to graph: 210/500
8be2S_antigen.pdb  5mu2KL_antibody.pdb
Converting SMILES to graph: 211/500
8be5AR_antigen.pdb  8dtuA_antibody.pdb
Converting SMILES to graph: 212/500
8be5AR_antigen.pdb  1nccHL_antibody.pdb
Converting SMILES to graph: 213/500
8be5AR_antigen.pdb  7xw6YL_antibody.pdb
Converting SMILES to graph: 214/500
8be5AR_antigen.pdb  6apdJL_antibody.pdb
Converting SMILES to graph: 215/500
8be5AR_antigen.pdb  2h8pAB_antibody.pdb
Converting SMILES to graph: 216/500
8be5AR_antigen.pdb  4hkxAB_antibody.pdb
Converting SMILES to graph: 217/500
8becB_antigen.pdb  1xctDC_antibody.pdb
Converting SMILES to graph: 218/500
8becB_antigen.pdb  7ew7Ee_antibody.pdb
Converting SMILES to graph: 219/500
8becB_antigen.pdb  7urvDd_antibody.pdb
Converting SMILES to graph: 220/500
8becB_antigen.pdb  7s07XY_antibody.pdb
Converting SMILES to graph: 221/500
8becB_antigen.pdb  7ew3Ss_antibody.pdb
Converting SMILES to graph: 222/500
8becB_antigen.pdb  4ut6IM_antibody.pdb
Converting SMILES to graph: 223/500
8bevA_antigen.pdb  5czxHL_antibody.pdb
Converting SMILES to graph: 224/500
8bevA_antigen.pdb  6mufHL_antibody.pdb
Converting SMILES to graph: 225/500
8bevA_antigen.pdb  7ox4AB_antibody.pdb
Converting SMILES to graph: 226/500
8bevA_antigen.pdb  7qvkB_antibody.pdb
Converting SMILES to graph: 227/500
8bevA_antigen.pdb  7ugnGJ_antibody.pdb
Converting SMILES to graph: 228/500
8bevA_antigen.pdb  7w53Ee_antibody.pdb
Converting SMILES to graph: 229/500
8bf4F_antigen.pdb  8ilxC_antibody.pdb
Converting SMILES to graph: 230/500
8bf4F_antigen.pdb  4lsrHL_antibody.pdb
Converting SMILES to graph: 231/500
8bf4F_antigen.pdb  7zfbN_antibody.pdb
Converting SMILES to graph: 232/500
8bf4F_antigen.pdb  4d9rHL_antibody.pdb
Converting SMILES to graph: 233/500
8bf4F_antigen.pdb  6wzgN_antibody.pdb
Converting SMILES to graph: 234/500
8bg1C_antigen.pdb  7yrhFE_antibody.pdb
Converting SMILES to graph: 235/500
8bg1C_antigen.pdb  7wonHL_antibody.pdb
Converting SMILES to graph: 236/500
8bg1C_antigen.pdb  1fdlHL_antibody.pdb
Converting SMILES to graph: 237/500
8bg1C_antigen.pdb  7wkxAC_antibody.pdb
Converting SMILES to graph: 238/500
8bg1C_antigen.pdb  5i8cAB_antibody.pdb
Converting SMILES to graph: 239/500
8bg1C_antigen.pdb  6ywcAB_antibody.pdb
Converting SMILES to graph: 240/500
8bg2B_antigen.pdb  7ws5IH_antibody.pdb
Converting SMILES to graph: 241/500
8bg2B_antigen.pdb  2cmrHL_antibody.pdb
Converting SMILES to graph: 242/500
8bg2B_antigen.pdb  7mn8DC_antibody.pdb
Converting SMILES to graph: 243/500
8bg2B_antigen.pdb  5nphHL_antibody.pdb
Converting SMILES to graph: 244/500
8bg2B_antigen.pdb  7paaAa_antibody.pdb
Converting SMILES to graph: 245/500
8bg3B_antigen.pdb  2xzqHL_antibody.pdb
Converting SMILES to graph: 246/500
8bg3B_antigen.pdb  8fb5AB_antibody.pdb
Converting SMILES to graph: 247/500
8bg3B_antigen.pdb  7z6vX_antibody.pdb
Converting SMILES to graph: 248/500
8bg3B_antigen.pdb  7z1cD_antibody.pdb
Converting SMILES to graph: 249/500
8bg3B_antigen.pdb  6xcnHL_antibody.pdb
Converting SMILES to graph: 250/500
8bg3B_antigen.pdb  6xc3HL_antibody.pdb
Converting SMILES to graph: 251/500
8bg4B_antigen.pdb  3ujiHL_antibody.pdb
Converting SMILES to graph: 252/500
8bg4B_antigen.pdb  1vfbBA_antibody.pdb
Converting SMILES to graph: 253/500
8bg4B_antigen.pdb  8i3uHL_antibody.pdb
Converting SMILES to graph: 254/500
8bg4B_antigen.pdb  7jhgHL_antibody.pdb
Converting SMILES to graph: 255/500
8bg4B_antigen.pdb  7oaqA_antibody.pdb
Converting SMILES to graph: 256/500
8bg4B_antigen.pdb  5mesHL_antibody.pdb
Converting SMILES to graph: 257/500
8bg5B_antigen.pdb  5zv3HL_antibody.pdb
Converting SMILES to graph: 258/500
8bg5B_antigen.pdb  7ndbHL_antibody.pdb
Converting SMILES to graph: 259/500
8bg5B_antigen.pdb  8hcxEe_antibody.pdb
Converting SMILES to graph: 260/500
8bg5B_antigen.pdb  7elxHL_antibody.pdb
Converting SMILES to graph: 261/500
8bg5B_antigen.pdb  6aj9DE_antibody.pdb
Converting SMILES to graph: 262/500
8bg6E_antigen.pdb  3pnwBA_antibody.pdb
Converting SMILES to graph: 263/500
8bg6E_antigen.pdb  4ydlBC_antibody.pdb
Converting SMILES to graph: 264/500
8bg6E_antigen.pdb  6mv5HL_antibody.pdb
Converting SMILES to graph: 265/500
8bg6E_antigen.pdb  7weeHL_antibody.pdb
Converting SMILES to graph: 266/500
8bg6E_antigen.pdb  5vphDC_antibody.pdb
Converting SMILES to graph: 267/500
8bg6E_antigen.pdb  7ejkHh_antibody.pdb
Converting SMILES to graph: 268/500
8bg8A_antigen.pdb  7v05Aa_antibody.pdb
Converting SMILES to graph: 269/500
8bg8A_antigen.pdb  6qtlB_antibody.pdb
Converting SMILES to graph: 270/500
8bg8A_antigen.pdb  6k5dEF_antibody.pdb
Converting SMILES to graph: 271/500
8bg8A_antigen.pdb  1uz8BA_antibody.pdb
Converting SMILES to graph: 272/500
8bg8A_antigen.pdb  5utzFG_antibody.pdb
Converting SMILES to graph: 273/500
8bg8A_antigen.pdb  6ur5AB_antibody.pdb
Converting SMILES to graph: 274/500
8bggC_antigen.pdb  4lqfHL_antibody.pdb
Converting SMILES to graph: 275/500
8bggC_antigen.pdb  4k8rDC_antibody.pdb
Converting SMILES to graph: 276/500
8bggC_antigen.pdb  7qu2AB_antibody.pdb
Converting SMILES to graph: 277/500
8bggC_antigen.pdb  7ow1HK_antibody.pdb
Converting SMILES to graph: 278/500
8bggC_antigen.pdb  5j56B_antibody.pdb
Converting SMILES to graph: 279/500
8bggC_antigen.pdb  6c6zHL_antibody.pdb
Converting SMILES to graph: 280/500
8bh5E_antigen.pdb  6ym0HL_antibody.pdb
Converting SMILES to graph: 281/500
8bh5E_antigen.pdb  5hhvHL_antibody.pdb
Converting SMILES to graph: 282/500
8bh5E_antigen.pdb  7cwuNG_antibody.pdb
Converting SMILES to graph: 283/500
8bh5E_antigen.pdb  8athEF_antibody.pdb
Converting SMILES to graph: 284/500
8bh5E_antigen.pdb  7n0uHL_antibody.pdb
Converting SMILES to graph: 285/500
8bh5E_antigen.pdb  6xlzHL_antibody.pdb
Converting SMILES to graph: 286/500
8bk2A_antigen.pdb  5w42HL_antibody.pdb
Converting SMILES to graph: 287/500
8bk2A_antigen.pdb  7m52HL_antibody.pdb
Converting SMILES to graph: 288/500
8bk2A_antigen.pdb  6wo4HL_antibody.pdb
Converting SMILES to graph: 289/500
8bk2A_antigen.pdb  5cilHL_antibody.pdb
Converting SMILES to graph: 290/500
8bk2A_antigen.pdb  8b1hB_antibody.pdb
Converting SMILES to graph: 291/500
8bk2A_antigen.pdb  7lk4FE_antibody.pdb
Converting SMILES to graph: 292/500
8blqD_antigen.pdb  3nifEF_antibody.pdb
Converting SMILES to graph: 293/500
8blqD_antigen.pdb  7c2sIM_antibody.pdb
Converting SMILES to graph: 294/500
8blqD_antigen.pdb  7rmhN_antibody.pdb
Converting SMILES to graph: 295/500
8blqD_antigen.pdb  6n16KJ_antibody.pdb
Converting SMILES to graph: 296/500
8bpkA_antigen.pdb  1jp5aA_antibody.pdb
Converting SMILES to graph: 297/500
8bpkA_antigen.pdb  6z2lCB_antibody.pdb
Converting SMILES to graph: 298/500
8bpkA_antigen.pdb  4ybqDC_antibody.pdb
Converting SMILES to graph: 299/500
8bpkA_antigen.pdb  7n5hHL_antibody.pdb
Converting SMILES to graph: 300/500
8bpkA_antigen.pdb  5u4lB_antibody.pdb
Converting SMILES to graph: 301/500
8bpkA_antigen.pdb  1n6qHL_antibody.pdb
Converting SMILES to graph: 302/500
8bseA_antigen.pdb  7kqgBC_antibody.pdb
Converting SMILES to graph: 303/500
8bseA_antigen.pdb  2uudJK_antibody.pdb
Converting SMILES to graph: 304/500
8bseA_antigen.pdb  2f5bHL_antibody.pdb
Converting SMILES to graph: 305/500
8bseA_antigen.pdb  3b2vHL_antibody.pdb
Converting SMILES to graph: 306/500
8bseA_antigen.pdb  4lgrB_antibody.pdb
Converting SMILES to graph: 307/500
8bseA_antigen.pdb  5w0kHL_antibody.pdb
Converting SMILES to graph: 308/500
8bsfA_antigen.pdb  4wenB_antibody.pdb
Converting SMILES to graph: 309/500
8bsfA_antigen.pdb  2aeqHL_antibody.pdb
Converting SMILES to graph: 310/500
8bsfA_antigen.pdb  7l2eHL_antibody.pdb
Converting SMILES to graph: 311/500
8bsfA_antigen.pdb  3se9HL_antibody.pdb
Converting SMILES to graph: 312/500
8bsfA_antigen.pdb  2otwBA_antibody.pdb
Converting SMILES to graph: 313/500
8bsfA_antigen.pdb  7uz9HL_antibody.pdb
Converting SMILES to graph: 314/500
8bvrA_antigen.pdb  8flwHL_antibody.pdb
Converting SMILES to graph: 315/500
8bvrA_antigen.pdb  8t03CD_antibody.pdb
Converting SMILES to graph: 316/500
8bvrA_antigen.pdb  7k8yGI_antibody.pdb
Converting SMILES to graph: 317/500
8bvrA_antigen.pdb  7kpjAB_antibody.pdb
Converting SMILES to graph: 318/500
8bvrA_antigen.pdb  5bk1HL_antibody.pdb
Converting SMILES to graph: 319/500
8bvrA_antigen.pdb  7o2zHL_antibody.pdb
Converting SMILES to graph: 320/500
8bvsA_antigen.pdb  4gmsJN_antibody.pdb
Converting SMILES to graph: 321/500
8bvsA_antigen.pdb  4olyHL_antibody.pdb
Converting SMILES to graph: 322/500
8bvsA_antigen.pdb  7ljcN_antibody.pdb
Converting SMILES to graph: 323/500
8bvsA_antigen.pdb  3ietDC_antibody.pdb
Converting SMILES to graph: 324/500
8bvsA_antigen.pdb  5d70HL_antibody.pdb
Converting SMILES to graph: 325/500
8bvsA_antigen.pdb  8foiHL_antibody.pdb
Converting SMILES to graph: 326/500
8bvtA_antigen.pdb  2vyrE_antibody.pdb
Converting SMILES to graph: 327/500
8bvtA_antigen.pdb  4lgpD_antibody.pdb
Converting SMILES to graph: 328/500
8bvtA_antigen.pdb  7t0rHL_antibody.pdb
Converting SMILES to graph: 329/500
8bvtA_antigen.pdb  4jg1HL_antibody.pdb
Converting SMILES to graph: 330/500
8bvtA_antigen.pdb  8f0hBD_antibody.pdb
Converting SMILES to graph: 331/500
8bvtA_antigen.pdb  2or9IM_antibody.pdb
Converting SMILES to graph: 332/500
8bw7A_antigen.pdb  5vpgDC_antibody.pdb
Converting SMILES to graph: 333/500
8bw7A_antigen.pdb  6n81HL_antibody.pdb
Converting SMILES to graph: 334/500
8bw7A_antigen.pdb  1fj1BA_antibody.pdb
Converting SMILES to graph: 335/500
8bw7A_antigen.pdb  7uiaB_antibody.pdb
Converting SMILES to graph: 336/500
8bw7A_antigen.pdb  7przHL_antibody.pdb
Converting SMILES to graph: 337/500
8bw7A_antigen.pdb  7lcvAB_antibody.pdb
Converting SMILES to graph: 338/500
8byuA_antigen.pdb  7labYX_antibody.pdb
Converting SMILES to graph: 339/500
8byuA_antigen.pdb  5uemHL_antibody.pdb
Converting SMILES to graph: 340/500
8byuA_antigen.pdb  3mugFE_antibody.pdb
Converting SMILES to graph: 341/500
8byuA_antigen.pdb  5wduDE_antibody.pdb
Converting SMILES to graph: 342/500
8byuA_antigen.pdb  7fjcHL_antibody.pdb
Converting SMILES to graph: 343/500
8byuA_antigen.pdb  7vagHL_antibody.pdb
Converting SMILES to graph: 344/500
8bzyA_antigen.pdb  6mpg34_antibody.pdb
Converting SMILES to graph: 345/500
8bzyA_antigen.pdb  3zkqD_antibody.pdb
Converting SMILES to graph: 346/500
8bzyA_antigen.pdb  7wocAB_antibody.pdb
Converting SMILES to graph: 347/500
8bzyA_antigen.pdb  7rd4AB_antibody.pdb
Converting SMILES to graph: 348/500
8bzyA_antigen.pdb  2vxsJN_antibody.pdb
Converting SMILES to graph: 349/500
8bzyA_antigen.pdb  8efbEe_antibody.pdb
Converting SMILES to graph: 350/500
8c02A_antigen.pdb  6ir1B_antibody.pdb
Converting SMILES to graph: 351/500
8c02A_antigen.pdb  8jzzHh_antibody.pdb
Converting SMILES to graph: 352/500
8c02A_antigen.pdb  3vi3FE_antibody.pdb
Converting SMILES to graph: 353/500
8c02A_antigen.pdb  7cw3qr_antibody.pdb
Converting SMILES to graph: 354/500
8c02A_antigen.pdb  1r3lBA_antibody.pdb
Converting SMILES to graph: 355/500
8c02A_antigen.pdb  8sgjHL_antibody.pdb
Converting SMILES to graph: 356/500
8c3lA_antigen.pdb  7caiED_antibody.pdb
Converting SMILES to graph: 357/500
8c3lA_antigen.pdb  7ps1AB_antibody.pdb
Converting SMILES to graph: 358/500
8c3lA_antigen.pdb  2xqbHL_antibody.pdb
Converting SMILES to graph: 359/500
8c3lA_antigen.pdb  7stsAB_antibody.pdb
Converting SMILES to graph: 360/500
8c3lA_antigen.pdb  7vuiN_antibody.pdb
Converting SMILES to graph: 361/500
8c3vR_antigen.pdb  8euvGH_antibody.pdb
Converting SMILES to graph: 362/500
8c3vR_antigen.pdb  5ivnA_antibody.pdb
Converting SMILES to graph: 363/500
8c3vR_antigen.pdb  1cz8YX_antibody.pdb
Converting SMILES to graph: 364/500
8c3vR_antigen.pdb  4tscHL_antibody.pdb
Converting SMILES to graph: 365/500
8c3vR_antigen.pdb  1n6qHL_antibody.pdb
Converting SMILES to graph: 366/500
8c3vR_antigen.pdb  7kddDE_antibody.pdb
Converting SMILES to graph: 367/500
8c5hS_antigen.pdb  6nbiN_antibody.pdb
Converting SMILES to graph: 368/500
8c5hS_antigen.pdb  4alaHL_antibody.pdb
Converting SMILES to graph: 369/500
8c5hS_antigen.pdb  8ivxHL_antibody.pdb
Converting SMILES to graph: 370/500
8c5hS_antigen.pdb  6wf1HL_antibody.pdb
Converting SMILES to graph: 371/500
8c5hS_antigen.pdb  7lfaHL_antibody.pdb
Converting SMILES to graph: 372/500
8c5hS_antigen.pdb  3idgBA_antibody.pdb
Converting SMILES to graph: 373/500
8c7hIDC_antigen.pdb  8cniA_antibody.pdb
Converting SMILES to graph: 374/500
8c7hIDC_antigen.pdb  6x8qHL_antibody.pdb
Converting SMILES to graph: 375/500
8c7hIDC_antigen.pdb  7l7rBA_antibody.pdb
Converting SMILES to graph: 376/500
8c7hIDC_antigen.pdb  4lhjB_antibody.pdb
Converting SMILES to graph: 377/500
8c7hIDC_antigen.pdb  8evgMm_antibody.pdb
Converting SMILES to graph: 378/500
8c8pA_antigen.pdb  5nh3IM_antibody.pdb
Converting SMILES to graph: 379/500
8c8pA_antigen.pdb  2itcAB_antibody.pdb
Converting SMILES to graph: 380/500
8c8pA_antigen.pdb  7zxkHL_antibody.pdb
Converting SMILES to graph: 381/500
8c8pA_antigen.pdb  3tt1IM_antibody.pdb
Converting SMILES to graph: 382/500
8c8pA_antigen.pdb  1g9nHL_antibody.pdb
Converting SMILES to graph: 383/500
8c8pA_antigen.pdb  8k4nEe_antibody.pdb
Converting SMILES to graph: 384/500
8c8tA_antigen.pdb  5f6jHF_antibody.pdb
Converting SMILES to graph: 385/500
8c8tA_antigen.pdb  4ij3CB_antibody.pdb
Converting SMILES to graph: 386/500
8c8tA_antigen.pdb  3levHL_antibody.pdb
Converting SMILES to graph: 387/500
8c8tA_antigen.pdb  6m38HL_antibody.pdb
Converting SMILES to graph: 388/500
8c8tA_antigen.pdb  6tejC_antibody.pdb
Converting SMILES to graph: 389/500
8c8tA_antigen.pdb  8fe3HL_antibody.pdb
Converting SMILES to graph: 390/500
8c9xA_antigen.pdb  7wwmIM_antibody.pdb
Converting SMILES to graph: 391/500
8c9xA_antigen.pdb  7xsbHL_antibody.pdb
Converting SMILES to graph: 392/500
8c9xA_antigen.pdb  7eptN_antibody.pdb
Converting SMILES to graph: 393/500
8c9xA_antigen.pdb  5tihHL_antibody.pdb
Converting SMILES to graph: 394/500
8c9xA_antigen.pdb  7k3aLK_antibody.pdb
Converting SMILES to graph: 395/500
8c9xA_antigen.pdb  1xgrBA_antibody.pdb
Converting SMILES to graph: 396/500
8cafHF_antigen.pdb  3k2uHL_antibody.pdb
Converting SMILES to graph: 397/500
8cafHF_antigen.pdb  8b1iB_antibody.pdb
Converting SMILES to graph: 398/500
8cafHF_antigen.pdb  8gb6HL_antibody.pdb
Converting SMILES to graph: 399/500
8cafHF_antigen.pdb  2h2pEF_antibody.pdb
Converting SMILES to graph: 400/500
8cafHF_antigen.pdb  8ekfHL_antibody.pdb
Converting SMILES to graph: 401/500
8cafHF_antigen.pdb  7n64HL_antibody.pdb
Converting SMILES to graph: 402/500
8cauA_antigen.pdb  8d47HL_antibody.pdb
Converting SMILES to graph: 403/500
8cauA_antigen.pdb  7wslHL_antibody.pdb
Converting SMILES to graph: 404/500
8cauA_antigen.pdb  7t5fF_antibody.pdb
Converting SMILES to graph: 405/500
8cauA_antigen.pdb  8dt3HL_antibody.pdb
Converting SMILES to graph: 406/500
8cauA_antigen.pdb  7b2mD_antibody.pdb
Converting SMILES to graph: 407/500
8cauA_antigen.pdb  5u8rHL_antibody.pdb
Converting SMILES to graph: 408/500
8cddB_antigen.pdb  7um5Ee_antibody.pdb
Converting SMILES to graph: 409/500
8cddB_antigen.pdb  5x2qHL_antibody.pdb
Converting SMILES to graph: 410/500
8cddB_antigen.pdb  1ospHL_antibody.pdb
Converting SMILES to graph: 411/500
8cddB_antigen.pdb  2ht4EF_antibody.pdb
Converting SMILES to graph: 412/500
8cddB_antigen.pdb  6uceHL_antibody.pdb
Converting SMILES to graph: 413/500
8cddB_antigen.pdb  4ocmF_antibody.pdb
Converting SMILES to graph: 414/500
8cdeB_antigen.pdb  8sb1CD_antibody.pdb
Converting SMILES to graph: 415/500
8cdeB_antigen.pdb  4onfHL_antibody.pdb
Converting SMILES to graph: 416/500
8cdeB_antigen.pdb  7fjsCA_antibody.pdb
Converting SMILES to graph: 417/500
8cdeB_antigen.pdb  4zsoDC_antibody.pdb
Converting SMILES to graph: 418/500
8cdeB_antigen.pdb  7k84B_antibody.pdb
Converting SMILES to graph: 419/500
8cdeB_antigen.pdb  7lsgHL_antibody.pdb
Converting SMILES to graph: 420/500
8ce4A_antigen.pdb  2ypvHL_antibody.pdb
Converting SMILES to graph: 421/500
8ce4A_antigen.pdb  6xq4EF_antibody.pdb
Converting SMILES to graph: 422/500
8ce4A_antigen.pdb  7x2tHL_antibody.pdb
Converting SMILES to graph: 423/500
8ce4A_antigen.pdb  6kyzBC_antibody.pdb
Converting SMILES to graph: 424/500
8ce4A_antigen.pdb  8eevHL_antibody.pdb
Converting SMILES to graph: 425/500
8ce4A_antigen.pdb  5ywpRQ_antibody.pdb
Converting SMILES to graph: 426/500
8ci1A_antigen.pdb  6mugHL_antibody.pdb
Converting SMILES to graph: 427/500
8ci1A_antigen.pdb  8tp3HL_antibody.pdb
Converting SMILES to graph: 428/500
8ci1A_antigen.pdb  6do1E_antibody.pdb
Converting SMILES to graph: 429/500
8ci1A_antigen.pdb  3klhDC_antibody.pdb
Converting SMILES to graph: 430/500
8ci1A_antigen.pdb  1r3iHL_antibody.pdb
Converting SMILES to graph: 431/500
8ci1A_antigen.pdb  7n0aBA_antibody.pdb
Converting SMILES to graph: 432/500
8ci2A_antigen.pdb  7yvnLK_antibody.pdb
Converting SMILES to graph: 433/500
8ci2A_antigen.pdb  6mqcAB_antibody.pdb
Converting SMILES to graph: 434/500
8ci2A_antigen.pdb  6frjHh_antibody.pdb
Converting SMILES to graph: 435/500
8ci2A_antigen.pdb  6u0nHL_antibody.pdb
Converting SMILES to graph: 436/500
8ci2A_antigen.pdb  4mqxEF_antibody.pdb
Converting SMILES to graph: 437/500
8ci2A_antigen.pdb  7eo2Ee_antibody.pdb
Converting SMILES to graph: 438/500
8cimA_antigen.pdb  7a3pHL_antibody.pdb
Converting SMILES to graph: 439/500
8cimA_antigen.pdb  6csfHL_antibody.pdb
Converting SMILES to graph: 440/500
8cimA_antigen.pdb  6v6wDE_antibody.pdb
Converting SMILES to graph: 441/500
8cimA_antigen.pdb  8dwyHL_antibody.pdb
Converting SMILES to graph: 442/500
8cimA_antigen.pdb  3hr5BA_antibody.pdb
Converting SMILES to graph: 443/500
8cimA_antigen.pdb  7nd3HL_antibody.pdb
Converting SMILES to graph: 444/500
8cmlB_antigen.pdb  6qd8HL_antibody.pdb
Converting SMILES to graph: 445/500
8cmlB_antigen.pdb  6ddrBA_antibody.pdb
Converting SMILES to graph: 446/500
8cmlB_antigen.pdb  6xzfB_antibody.pdb
Converting SMILES to graph: 447/500
8cmlB_antigen.pdb  3idgBA_antibody.pdb
Converting SMILES to graph: 448/500
8cmlB_antigen.pdb  6h15D_antibody.pdb
Converting SMILES to graph: 449/500
8cmlB_antigen.pdb  6nyqHL_antibody.pdb
Converting SMILES to graph: 450/500
8cniB_antigen.pdb  8eb2JL_antibody.pdb
Converting SMILES to graph: 451/500
8cniB_antigen.pdb  1ic7HL_antibody.pdb
Converting SMILES to graph: 452/500
8cniB_antigen.pdb  7ldeKJ_antibody.pdb
Converting SMILES to graph: 453/500
8cniB_antigen.pdb  6mpg34_antibody.pdb
Converting SMILES to graph: 454/500
8cniB_antigen.pdb  7wujN_antibody.pdb
Converting SMILES to graph: 455/500
8cr9C_antigen.pdb  8itfSs_antibody.pdb
Converting SMILES to graph: 456/500
8cr9C_antigen.pdb  7rxpHL_antibody.pdb
Converting SMILES to graph: 457/500
8cr9C_antigen.pdb  7s6dEG_antibody.pdb
Converting SMILES to graph: 458/500
8cr9C_antigen.pdb  7x1tDd_antibody.pdb
Converting SMILES to graph: 459/500
8cr9C_antigen.pdb  7zoxB_antibody.pdb
Converting SMILES to graph: 460/500
8cr9C_antigen.pdb  4z9kB_antibody.pdb
Converting SMILES to graph: 461/500
8crbC_antigen.pdb  6jhtED_antibody.pdb
Converting SMILES to graph: 462/500
8crbC_antigen.pdb  7ru5HL_antibody.pdb
Converting SMILES to graph: 463/500
8crbC_antigen.pdb  3j6a7_antibody.pdb
Converting SMILES to graph: 464/500
8crbC_antigen.pdb  3thmHL_antibody.pdb
Converting SMILES to graph: 465/500
8crbC_antigen.pdb  7zmnK_antibody.pdb
Converting SMILES to graph: 466/500
8crbC_antigen.pdb  3w11CD_antibody.pdb
Converting SMILES to graph: 467/500
8csjA_antigen.pdb  5ngvHL_antibody.pdb
Converting SMILES to graph: 468/500
8csjA_antigen.pdb  7c6aHL_antibody.pdb
Converting SMILES to graph: 469/500
8csjA_antigen.pdb  8i9sHh_antibody.pdb
Converting SMILES to graph: 470/500
8csjA_antigen.pdb  6u1nHL_antibody.pdb
Converting SMILES to graph: 471/500
8csjA_antigen.pdb  7kn6C_antibody.pdb
Converting SMILES to graph: 472/500
8csjA_antigen.pdb  6k68CD_antibody.pdb
Converting SMILES to graph: 473/500
8ct6A_antigen.pdb  3wlwCD_antibody.pdb
Converting SMILES to graph: 474/500
8ct6A_antigen.pdb  8oxwBC_antibody.pdb
Converting SMILES to graph: 475/500
8ct6A_antigen.pdb  7jhgHL_antibody.pdb
Converting SMILES to graph: 476/500
8ct6A_antigen.pdb  4u0rBC_antibody.pdb
Converting SMILES to graph: 477/500
8ct6A_antigen.pdb  6x3tJI_antibody.pdb
Converting SMILES to graph: 478/500
8cw9E_antigen.pdb  7sd5HL_antibody.pdb
Converting SMILES to graph: 479/500
8cw9E_antigen.pdb  7rxdHL_antibody.pdb
Converting SMILES to graph: 480/500
8cw9E_antigen.pdb  8hiiHL_antibody.pdb
Converting SMILES to graph: 481/500
8cw9E_antigen.pdb  7n9aA_antibody.pdb
Converting SMILES to graph: 482/500
8cw9E_antigen.pdb  7n9vB_antibody.pdb
Converting SMILES to graph: 483/500
8cwiA_antigen.pdb  7um3IM_antibody.pdb
Converting SMILES to graph: 484/500
8cwiA_antigen.pdb  5mo3HL_antibody.pdb
Converting SMILES to graph: 485/500
8cwiA_antigen.pdb  7kpjAB_antibody.pdb
Converting SMILES to graph: 486/500
8cwiA_antigen.pdb  4f2mCD_antibody.pdb
Converting SMILES to graph: 487/500
8cwiA_antigen.pdb  6x08K_antibody.pdb
Converting SMILES to graph: 488/500
8cwjG_antigen.pdb  2bobAB_antibody.pdb
Converting SMILES to graph: 489/500
8cwjG_antigen.pdb  8dcmAB_antibody.pdb
Converting SMILES to graph: 490/500
8cwjG_antigen.pdb  7rd9HL_antibody.pdb
Converting SMILES to graph: 491/500
8cwjG_antigen.pdb  7kgvCE_antibody.pdb
Converting SMILES to graph: 492/500
8cwjG_antigen.pdb  7xp6N_antibody.pdb
Converting SMILES to graph: 493/500
8cwjG_antigen.pdb  4py8IJ_antibody.pdb
Converting SMILES to graph: 494/500
8cwkC_antigen.pdb  7qf1CB_antibody.pdb
Converting SMILES to graph: 495/500
8cwkC_antigen.pdb  4eneCD_antibody.pdb
Converting SMILES to graph: 496/500
8cwkC_antigen.pdb  7ommC_antibody.pdb
Converting SMILES to graph: 497/500
8cwkC_antigen.pdb  2visBA_antibody.pdb
Converting SMILES to graph: 498/500
8cwkC_antigen.pdb  5thrTU_antibody.pdb
Converting SMILES to graph: 499/500
8cwkC_antigen.pdb  7yr1HL_antibody.pdb
Converting SMILES to graph: 500/500
8cwuA_antigen.pdb  4xc3HL_antibody.pdb
Graph construction done. Saving to file.
