Converting SMILES to graph: 1/500
6o1fAI_antigen.pdb  4dagHL_antibody.pdb
Converting SMILES to graph: 2/500
6o1fAI_antigen.pdb  2ih3AB_antibody.pdb
Converting SMILES to graph: 3/500
6o1fAI_antigen.pdb  7mhyOP_antibody.pdb
Converting SMILES to graph: 4/500
6o1fAI_antigen.pdb  1ahwED_antibody.pdb
Converting SMILES to graph: 5/500
6o1fAI_antigen.pdb  7xatEe_antibody.pdb
Converting SMILES to graph: 6/500
6o1fAI_antigen.pdb  4o02HL_antibody.pdb
Converting SMILES to graph: 7/500
6o23E_antigen.pdb  8j1aSs_antibody.pdb
Converting SMILES to graph: 8/500
6o23E_antigen.pdb  7fejHL_antibody.pdb
Converting SMILES to graph: 9/500
6o23E_antigen.pdb  7ekbHL_antibody.pdb
Converting SMILES to graph: 10/500
6o23E_antigen.pdb  6f5gB_antibody.pdb
Converting SMILES to graph: 11/500
6o23E_antigen.pdb  8bg8HL_antibody.pdb
Converting SMILES to graph: 12/500
6o23E_antigen.pdb  2p44B_antibody.pdb
Converting SMILES to graph: 13/500
6o24I_antigen.pdb  7s3mHL_antibody.pdb
Converting SMILES to graph: 14/500
6o24I_antigen.pdb  6kx1AB_antibody.pdb
Converting SMILES to graph: 15/500
6o24I_antigen.pdb  8hqnHh_antibody.pdb
Converting SMILES to graph: 16/500
6o24I_antigen.pdb  3j1sHL_antibody.pdb
Converting SMILES to graph: 17/500
6o24I_antigen.pdb  1e4wHL_antibody.pdb
Converting SMILES to graph: 18/500
6o24I_antigen.pdb  3j42KL_antibody.pdb
Converting SMILES to graph: 19/500
6o25DG_antigen.pdb  6whkCB_antibody.pdb
Converting SMILES to graph: 20/500
6o25DG_antigen.pdb  6id4HL_antibody.pdb
Converting SMILES to graph: 21/500
6o25DG_antigen.pdb  5xmhHL_antibody.pdb
Converting SMILES to graph: 22/500
6o25DG_antigen.pdb  8eedHL_antibody.pdb
Converting SMILES to graph: 23/500
6o25DG_antigen.pdb  6o1fHL_antibody.pdb
Converting SMILES to graph: 24/500
6o25DG_antigen.pdb  5m14C_antibody.pdb
Converting SMILES to graph: 25/500
6o26C_antigen.pdb  8ahnHL_antibody.pdb
Converting SMILES to graph: 26/500
6o26C_antigen.pdb  7tz5HN_antibody.pdb
Converting SMILES to graph: 27/500
6o26C_antigen.pdb  3wfbHL_antibody.pdb
Converting SMILES to graph: 28/500
6o26C_antigen.pdb  8djmHL_antibody.pdb
Converting SMILES to graph: 29/500
6o26C_antigen.pdb  4qy8AB_antibody.pdb
Converting SMILES to graph: 30/500
6o26C_antigen.pdb  7sk7DC_antibody.pdb
Converting SMILES to graph: 31/500
6o28E_antigen.pdb  3h42HL_antibody.pdb
Converting SMILES to graph: 32/500
6o28E_antigen.pdb  7fiyN_antibody.pdb
Converting SMILES to graph: 33/500
6o28E_antigen.pdb  4ldlB_antibody.pdb
Converting SMILES to graph: 34/500
6o28E_antigen.pdb  6ogxCD_antibody.pdb
Converting SMILES to graph: 35/500
6o28E_antigen.pdb  7ps1AB_antibody.pdb
Converting SMILES to graph: 36/500
6o28E_antigen.pdb  7uovHL_antibody.pdb
Converting SMILES to graph: 37/500
6o29D_antigen.pdb  7e9nHL_antibody.pdb
Converting SMILES to graph: 38/500
6o29D_antigen.pdb  6jb2A_antibody.pdb
Converting SMILES to graph: 39/500
6o29D_antigen.pdb  6attHL_antibody.pdb
Converting SMILES to graph: 40/500
6o29D_antigen.pdb  7ws5IH_antibody.pdb
Converting SMILES to graph: 41/500
6o29D_antigen.pdb  8dv6CL_antibody.pdb
Converting SMILES to graph: 42/500
6o29D_antigen.pdb  6bftAB_antibody.pdb
Converting SMILES to graph: 43/500
6o2aGN_antigen.pdb  4o5iWX_antibody.pdb
Converting SMILES to graph: 44/500
6o2aGN_antigen.pdb  7ua2Bb_antibody.pdb
Converting SMILES to graph: 45/500
6o2aGN_antigen.pdb  7s4gHL_antibody.pdb
Converting SMILES to graph: 46/500
6o2aGN_antigen.pdb  7uz4HL_antibody.pdb
Converting SMILES to graph: 47/500
6o2aGN_antigen.pdb  3j3oHL_antibody.pdb
Converting SMILES to graph: 48/500
6o2aGN_antigen.pdb  4dkaA_antibody.pdb
Converting SMILES to graph: 49/500
6o2bLM_antigen.pdb  8fluN_antibody.pdb
Converting SMILES to graph: 50/500
6o2bLM_antigen.pdb  7n08HL_antibody.pdb
Converting SMILES to graph: 51/500
6o2bLM_antigen.pdb  8oxvBC_antibody.pdb
Converting SMILES to graph: 52/500
6o2bLM_antigen.pdb  7wd8EF_antibody.pdb
Converting SMILES to graph: 53/500
6o2bLM_antigen.pdb  7zqtCD_antibody.pdb
Converting SMILES to graph: 54/500
6o2bLM_antigen.pdb  5kvgHL_antibody.pdb
Converting SMILES to graph: 55/500
6o2cC_antigen.pdb  7mn8DC_antibody.pdb
Converting SMILES to graph: 56/500
6o2cC_antigen.pdb  3kj6HL_antibody.pdb
Converting SMILES to graph: 57/500
6o2cC_antigen.pdb  5vplDC_antibody.pdb
Converting SMILES to graph: 58/500
6o2cC_antigen.pdb  7f9wBC_antibody.pdb
Converting SMILES to graph: 59/500
6o2cC_antigen.pdb  8hc5HL_antibody.pdb
Converting SMILES to graph: 60/500
6o2cC_antigen.pdb  7ejkHh_antibody.pdb
Converting SMILES to graph: 61/500
6o39C_antigen.pdb  4hkxAB_antibody.pdb
Converting SMILES to graph: 62/500
6o39C_antigen.pdb  5myxBA_antibody.pdb
Converting SMILES to graph: 63/500
6o39C_antigen.pdb  7chpHL_antibody.pdb
Converting SMILES to graph: 64/500
6o39C_antigen.pdb  5immB_antibody.pdb
Converting SMILES to graph: 65/500
6o39C_antigen.pdb  6wexHL_antibody.pdb
Converting SMILES to graph: 66/500
6o39C_antigen.pdb  6lmkN_antibody.pdb
Converting SMILES to graph: 67/500
6o3aE_antigen.pdb  7cqcHL_antibody.pdb
Converting SMILES to graph: 68/500
6o3aE_antigen.pdb  4x7dC_antibody.pdb
Converting SMILES to graph: 69/500
6o3aE_antigen.pdb  8ibuEe_antibody.pdb
Converting SMILES to graph: 70/500
6o3aE_antigen.pdb  7yziC_antibody.pdb
Converting SMILES to graph: 71/500
6o3aE_antigen.pdb  3k81B_antibody.pdb
Converting SMILES to graph: 72/500
6o3aE_antigen.pdb  5jdsB_antibody.pdb
Converting SMILES to graph: 73/500
6o3bH_antigen.pdb  5gs2Hh_antibody.pdb
Converting SMILES to graph: 74/500
6o3bH_antigen.pdb  8bvtB_antibody.pdb
Converting SMILES to graph: 75/500
6o3bH_antigen.pdb  7ey5BC_antibody.pdb
Converting SMILES to graph: 76/500
6o3bH_antigen.pdb  7ri1B_antibody.pdb
Converting SMILES to graph: 77/500
6o3bH_antigen.pdb  7ebzEF_antibody.pdb
Converting SMILES to graph: 78/500
6o3bH_antigen.pdb  8f2aN_antibody.pdb
Converting SMILES to graph: 79/500
6o3cA_antigen.pdb  7jvpN_antibody.pdb
Converting SMILES to graph: 80/500
6o3cA_antigen.pdb  7vagHL_antibody.pdb
Converting SMILES to graph: 81/500
6o3cA_antigen.pdb  8tuiHL_antibody.pdb
Converting SMILES to graph: 82/500
6o3cA_antigen.pdb  5ip4A_antibody.pdb
Converting SMILES to graph: 83/500
6o3cA_antigen.pdb  5t78DC_antibody.pdb
Converting SMILES to graph: 84/500
6o3cA_antigen.pdb  8wpuEe_antibody.pdb
Converting SMILES to graph: 85/500
6o3gG_antigen.pdb  7xcoHL_antibody.pdb
Converting SMILES to graph: 86/500
6o3gG_antigen.pdb  6hjqKL_antibody.pdb
Converting SMILES to graph: 87/500
6o3gG_antigen.pdb  6w0jAB_antibody.pdb
Converting SMILES to graph: 88/500
6o3gG_antigen.pdb  4olyHL_antibody.pdb
Converting SMILES to graph: 89/500
6o3gG_antigen.pdb  3idmBA_antibody.pdb
Converting SMILES to graph: 90/500
6o3gG_antigen.pdb  7ki4HL_antibody.pdb
Converting SMILES to graph: 91/500
6o3jG_antigen.pdb  7ch5HL_antibody.pdb
Converting SMILES to graph: 92/500
6o3jG_antigen.pdb  7vl9Ss_antibody.pdb
Converting SMILES to graph: 93/500
6o3jG_antigen.pdb  7x1mAB_antibody.pdb
Converting SMILES to graph: 94/500
6o3jG_antigen.pdb  7nddFG_antibody.pdb
Converting SMILES to graph: 95/500
6o3jG_antigen.pdb  2ht4EF_antibody.pdb
Converting SMILES to graph: 96/500
6o3jG_antigen.pdb  2r0kHL_antibody.pdb
Converting SMILES to graph: 97/500
6o3lE_antigen.pdb  6o2cAB_antibody.pdb
Converting SMILES to graph: 98/500
6o3lE_antigen.pdb  7swpHL_antibody.pdb
Converting SMILES to graph: 99/500
6o3lE_antigen.pdb  7jhgHL_antibody.pdb
Converting SMILES to graph: 100/500
6o3lE_antigen.pdb  8be5C_antibody.pdb
Converting SMILES to graph: 101/500
6o3lE_antigen.pdb  7rlzDC_antibody.pdb
Converting SMILES to graph: 102/500
6o3lE_antigen.pdb  7shuEF_antibody.pdb
Converting SMILES to graph: 103/500
6o3uF_antigen.pdb  5tihHL_antibody.pdb
Converting SMILES to graph: 104/500
6o3uF_antigen.pdb  8dulHL_antibody.pdb
Converting SMILES to graph: 105/500
6o3uF_antigen.pdb  3sqoHL_antibody.pdb
Converting SMILES to graph: 106/500
6o3uF_antigen.pdb  6z2lCB_antibody.pdb
Converting SMILES to graph: 107/500
6o3uF_antigen.pdb  1nmcHL_antibody.pdb
Converting SMILES to graph: 108/500
6o3uF_antigen.pdb  7d4bB_antibody.pdb
Converting SMILES to graph: 109/500
6o41N_antigen.pdb  7ncsHL_antibody.pdb
Converting SMILES to graph: 110/500
6o41N_antigen.pdb  8t03CD_antibody.pdb
Converting SMILES to graph: 111/500
6o41N_antigen.pdb  6x5bIF_antibody.pdb
Converting SMILES to graph: 112/500
6o41N_antigen.pdb  6ayzBD_antibody.pdb
Converting SMILES to graph: 113/500
6o41N_antigen.pdb  7fgrHL_antibody.pdb
Converting SMILES to graph: 114/500
6o41N_antigen.pdb  5tpnHL_antibody.pdb
Converting SMILES to graph: 115/500
6o42G_antigen.pdb  6vttHL_antibody.pdb
Converting SMILES to graph: 116/500
6o42G_antigen.pdb  5gznCD_antibody.pdb
Converting SMILES to graph: 117/500
6o42G_antigen.pdb  6rqmB_antibody.pdb
Converting SMILES to graph: 118/500
6o42G_antigen.pdb  7wkxAC_antibody.pdb
Converting SMILES to graph: 119/500
6o42G_antigen.pdb  6s8dYU_antibody.pdb
Converting SMILES to graph: 120/500
6o42G_antigen.pdb  8u5bHL_antibody.pdb
Converting SMILES to graph: 121/500
6o8dC_antigen.pdb  5xezHL_antibody.pdb
Converting SMILES to graph: 122/500
6o8dC_antigen.pdb  7kfbIL_antibody.pdb
Converting SMILES to graph: 123/500
6o8dC_antigen.pdb  6h7kC_antibody.pdb
Converting SMILES to graph: 124/500
6o8dC_antigen.pdb  8hhzEF_antibody.pdb
Converting SMILES to graph: 125/500
6o8dC_antigen.pdb  7zljHL_antibody.pdb
Converting SMILES to graph: 126/500
6o8dC_antigen.pdb  4s1rHL_antibody.pdb
Converting SMILES to graph: 127/500
6o9hC_antigen.pdb  7anqB_antibody.pdb
Converting SMILES to graph: 128/500
6o9hC_antigen.pdb  4yr6AB_antibody.pdb
Converting SMILES to graph: 129/500
6o9hC_antigen.pdb  3lqaHL_antibody.pdb
Converting SMILES to graph: 130/500
6o9hC_antigen.pdb  8gyeEF_antibody.pdb
Converting SMILES to graph: 131/500
6o9hC_antigen.pdb  7f5gB_antibody.pdb
Converting SMILES to graph: 132/500
6o9hC_antigen.pdb  4lgrB_antibody.pdb
Converting SMILES to graph: 133/500
6o9iC_antigen.pdb  8bggY_antibody.pdb
Converting SMILES to graph: 134/500
6o9iC_antigen.pdb  7xcoHL_antibody.pdb
Converting SMILES to graph: 135/500
6o9iC_antigen.pdb  7x5hEe_antibody.pdb
Converting SMILES to graph: 136/500
6o9iC_antigen.pdb  6t9dAB_antibody.pdb
Converting SMILES to graph: 137/500
6o9iC_antigen.pdb  6lhqHL_antibody.pdb
Converting SMILES to graph: 138/500
6o9iC_antigen.pdb  5fgcEB_antibody.pdb
Converting SMILES to graph: 139/500
6oanA_antigen.pdb  6ii9PQ_antibody.pdb
Converting SMILES to graph: 140/500
6oanA_antigen.pdb  3ulvHL_antibody.pdb
Converting SMILES to graph: 141/500
6oanA_antigen.pdb  8q6jBA_antibody.pdb
Converting SMILES to graph: 142/500
6oanA_antigen.pdb  6ks1HL_antibody.pdb
Converting SMILES to graph: 143/500
6oanA_antigen.pdb  5viyHG_antibody.pdb
Converting SMILES to graph: 144/500
6oanA_antigen.pdb  3q3gKJ_antibody.pdb
Converting SMILES to graph: 145/500
6oaoK_antigen.pdb  4rauBA_antibody.pdb
Converting SMILES to graph: 146/500
6oaoK_antigen.pdb  3efdHL_antibody.pdb
Converting SMILES to graph: 147/500
6oaoK_antigen.pdb  4ldoB_antibody.pdb
Converting SMILES to graph: 148/500
6oaoK_antigen.pdb  8hglHL_antibody.pdb
Converting SMILES to graph: 149/500
6oaoK_antigen.pdb  7swpHL_antibody.pdb
Converting SMILES to graph: 150/500
6oaoK_antigen.pdb  5kzcBD_antibody.pdb
Converting SMILES to graph: 151/500
6obcA_antigen.pdb  6yz7D_antibody.pdb
Converting SMILES to graph: 152/500
6obcA_antigen.pdb  7txwHL_antibody.pdb
Converting SMILES to graph: 153/500
6obcA_antigen.pdb  5bjzDH_antibody.pdb
Converting SMILES to graph: 154/500
6obcA_antigen.pdb  7rk1Dd_antibody.pdb
Converting SMILES to graph: 155/500
6obcA_antigen.pdb  8fu6N_antibody.pdb
Converting SMILES to graph: 156/500
6obcA_antigen.pdb  7wwmIM_antibody.pdb
Converting SMILES to graph: 157/500
6obdF_antigen.pdb  8bg6AB_antibody.pdb
Converting SMILES to graph: 158/500
6obdF_antigen.pdb  8f0lHL_antibody.pdb
Converting SMILES to graph: 159/500
6obdF_antigen.pdb  6k65HL_antibody.pdb
Converting SMILES to graph: 160/500
6obdF_antigen.pdb  4pirH_antibody.pdb
Converting SMILES to graph: 161/500
6obdF_antigen.pdb  6pdrHL_antibody.pdb
Converting SMILES to graph: 162/500
6obdF_antigen.pdb  4krpB_antibody.pdb
Converting SMILES to graph: 163/500
6obeA_antigen.pdb  5vagCB_antibody.pdb
Converting SMILES to graph: 164/500
6obeA_antigen.pdb  7c8vA_antibody.pdb
Converting SMILES to graph: 165/500
6obeA_antigen.pdb  5l21B_antibody.pdb
Converting SMILES to graph: 166/500
6obeA_antigen.pdb  7wlyPO_antibody.pdb
Converting SMILES to graph: 167/500
6obeA_antigen.pdb  7kzxDC_antibody.pdb
Converting SMILES to graph: 168/500
6obeA_antigen.pdb  7x25AC_antibody.pdb
Converting SMILES to graph: 169/500
6obgA_antigen.pdb  4j6rHL_antibody.pdb
Converting SMILES to graph: 170/500
6obgA_antigen.pdb  6dzmJL_antibody.pdb
Converting SMILES to graph: 171/500
6obgA_antigen.pdb  5jylDd_antibody.pdb
Converting SMILES to graph: 172/500
6obgA_antigen.pdb  5w3oDE_antibody.pdb
Converting SMILES to graph: 173/500
6obgA_antigen.pdb  6m3bCB_antibody.pdb
Converting SMILES to graph: 174/500
6obgA_antigen.pdb  5vl7HL_antibody.pdb
Converting SMILES to graph: 175/500
6obmA_antigen.pdb  6d9wHL_antibody.pdb
Converting SMILES to graph: 176/500
6obmA_antigen.pdb  6i8sGK_antibody.pdb
Converting SMILES to graph: 177/500
6obmA_antigen.pdb  7eq1Ss_antibody.pdb
Converting SMILES to graph: 178/500
6obmA_antigen.pdb  5drzHL_antibody.pdb
Converting SMILES to graph: 179/500
6obmA_antigen.pdb  8pq2HL_antibody.pdb
Converting SMILES to graph: 180/500
6obmA_antigen.pdb  8dpiEe_antibody.pdb
Converting SMILES to graph: 181/500
6oboB_antigen.pdb  7x9eAB_antibody.pdb
Converting SMILES to graph: 182/500
6oboB_antigen.pdb  7n28SU_antibody.pdb
Converting SMILES to graph: 183/500
6oboB_antigen.pdb  7socHL_antibody.pdb
Converting SMILES to graph: 184/500
6oboB_antigen.pdb  6rloCD_antibody.pdb
Converting SMILES to graph: 185/500
6oboB_antigen.pdb  5j3hCD_antibody.pdb
Converting SMILES to graph: 186/500
6oboB_antigen.pdb  1kipBA_antibody.pdb
Converting SMILES to graph: 187/500
6oc3E_antigen.pdb  8cxiHL_antibody.pdb
Converting SMILES to graph: 188/500
6oc3E_antigen.pdb  7r7nHL_antibody.pdb
Converting SMILES to graph: 189/500
6oc3E_antigen.pdb  7t9tCD_antibody.pdb
Converting SMILES to graph: 190/500
6oc3E_antigen.pdb  6zerHL_antibody.pdb
Converting SMILES to graph: 191/500
6oc3E_antigen.pdb  4ffvHL_antibody.pdb
Converting SMILES to graph: 192/500
6oc3E_antigen.pdb  7unyB_antibody.pdb
Converting SMILES to graph: 193/500
6ocaB_antigen.pdb  7cwlIK_antibody.pdb
Converting SMILES to graph: 194/500
6ocaB_antigen.pdb  7upmB_antibody.pdb
Converting SMILES to graph: 195/500
6ocaB_antigen.pdb  1xgqBA_antibody.pdb
Converting SMILES to graph: 196/500
6ocaB_antigen.pdb  8da1BA_antibody.pdb
Converting SMILES to graph: 197/500
6ocaB_antigen.pdb  2qqkHL_antibody.pdb
Converting SMILES to graph: 198/500
6ocaB_antigen.pdb  4lsqHL_antibody.pdb
Converting SMILES to graph: 199/500
6ocbA_antigen.pdb  8tp3HL_antibody.pdb
Converting SMILES to graph: 200/500
6ocbA_antigen.pdb  5i6xBC_antibody.pdb
Converting SMILES to graph: 201/500
6ocbA_antigen.pdb  6fgbHL_antibody.pdb
Converting SMILES to graph: 202/500
6ocbA_antigen.pdb  7x9ySs_antibody.pdb
Converting SMILES to graph: 203/500
6ocbA_antigen.pdb  7bwjHL_antibody.pdb
Converting SMILES to graph: 204/500
6ocbA_antigen.pdb  6a0zHL_antibody.pdb
Converting SMILES to graph: 205/500
6ocdA_antigen.pdb  7y9uC_antibody.pdb
Converting SMILES to graph: 206/500
6ocdA_antigen.pdb  6wfxHL_antibody.pdb
Converting SMILES to graph: 207/500
6ocdA_antigen.pdb  8w84AB_antibody.pdb
Converting SMILES to graph: 208/500
6ocdA_antigen.pdb  6mqeAB_antibody.pdb
Converting SMILES to graph: 209/500
6ocdA_antigen.pdb  5i71BC_antibody.pdb
Converting SMILES to graph: 210/500
6ocdA_antigen.pdb  7tgiB_antibody.pdb
Converting SMILES to graph: 211/500
6oe4D_antigen.pdb  8h0pEe_antibody.pdb
Converting SMILES to graph: 212/500
6oe4D_antigen.pdb  6dfiHL_antibody.pdb
Converting SMILES to graph: 213/500
6oe4D_antigen.pdb  2ez0EF_antibody.pdb
Converting SMILES to graph: 214/500
6oe4D_antigen.pdb  7wuhDF_antibody.pdb
Converting SMILES to graph: 215/500
6oe4D_antigen.pdb  7lbeHG_antibody.pdb
Converting SMILES to graph: 216/500
6oe4D_antigen.pdb  7wopBb_antibody.pdb
Converting SMILES to graph: 217/500
6oe5A_antigen.pdb  7xdkFG_antibody.pdb
Converting SMILES to graph: 218/500
6oe5A_antigen.pdb  7sp7C_antibody.pdb
Converting SMILES to graph: 219/500
6oe5A_antigen.pdb  7sszE_antibody.pdb
Converting SMILES to graph: 220/500
6oe5A_antigen.pdb  7yzkC_antibody.pdb
Converting SMILES to graph: 221/500
6oe5A_antigen.pdb  3x3fHL_antibody.pdb
Converting SMILES to graph: 222/500
6oe5A_antigen.pdb  3o41HL_antibody.pdb
Converting SMILES to graph: 223/500
6oejA_antigen.pdb  8dnnBC_antibody.pdb
Converting SMILES to graph: 224/500
6oejA_antigen.pdb  7v05Aa_antibody.pdb
Converting SMILES to graph: 225/500
6oejA_antigen.pdb  7c61HL_antibody.pdb
Converting SMILES to graph: 226/500
6oejA_antigen.pdb  7x2jB_antibody.pdb
Converting SMILES to graph: 227/500
6oejA_antigen.pdb  5drzHL_antibody.pdb
Converting SMILES to graph: 228/500
6oejA_antigen.pdb  7x66HL_antibody.pdb
Converting SMILES to graph: 229/500
6oelBC_antigen.pdb  6x1aN_antibody.pdb
Converting SMILES to graph: 230/500
6oelBC_antigen.pdb  4pgjA_antibody.pdb
Converting SMILES to graph: 231/500
6oelBC_antigen.pdb  7ummHL_antibody.pdb
Converting SMILES to graph: 232/500
6oelBC_antigen.pdb  7xjlEe_antibody.pdb
Converting SMILES to graph: 233/500
6oelBC_antigen.pdb  6e62HL_antibody.pdb
Converting SMILES to graph: 234/500
6oelBC_antigen.pdb  1e6jHL_antibody.pdb
Converting SMILES to graph: 235/500
6ofiG_antigen.pdb  6x07B_antibody.pdb
Converting SMILES to graph: 236/500
6ofiG_antigen.pdb  7mdjAB_antibody.pdb
Converting SMILES to graph: 237/500
6ofiG_antigen.pdb  6pwcHL_antibody.pdb
Converting SMILES to graph: 238/500
6ofiG_antigen.pdb  8tp7DF_antibody.pdb
Converting SMILES to graph: 239/500
6ofiG_antigen.pdb  7x2lB_antibody.pdb
Converting SMILES to graph: 240/500
6ofiG_antigen.pdb  7qncG_antibody.pdb
Converting SMILES to graph: 241/500
6ogeA_antigen.pdb  7chyHL_antibody.pdb
Converting SMILES to graph: 242/500
6ogeA_antigen.pdb  4rqsDC_antibody.pdb
Converting SMILES to graph: 243/500
6ogeA_antigen.pdb  7u09HL_antibody.pdb
Converting SMILES to graph: 244/500
6ogeA_antigen.pdb  8fltN_antibody.pdb
Converting SMILES to graph: 245/500
6ogeA_antigen.pdb  4fqjHL_antibody.pdb
Converting SMILES to graph: 246/500
6ogeA_antigen.pdb  4ksdB_antibody.pdb
Converting SMILES to graph: 247/500
6ogxG_antigen.pdb  7nd0HL_antibody.pdb
Converting SMILES to graph: 248/500
6ogxG_antigen.pdb  8b1hB_antibody.pdb
Converting SMILES to graph: 249/500
6ogxG_antigen.pdb  6xqwHL_antibody.pdb
Converting SMILES to graph: 250/500
6ogxG_antigen.pdb  1frgHL_antibody.pdb
Converting SMILES to graph: 251/500
6ogxG_antigen.pdb  7bw0N_antibody.pdb
Converting SMILES to graph: 252/500
6ogxG_antigen.pdb  7ucgDE_antibody.pdb
Converting SMILES to graph: 253/500
6ohgA_antigen.pdb  5f72Tt_antibody.pdb
Converting SMILES to graph: 254/500
6ohgA_antigen.pdb  7ureHL_antibody.pdb
Converting SMILES to graph: 255/500
6ohgA_antigen.pdb  7lq7HL_antibody.pdb
Converting SMILES to graph: 256/500
6ohgA_antigen.pdb  6h02B_antibody.pdb
Converting SMILES to graph: 257/500
6ohgA_antigen.pdb  6mqsCD_antibody.pdb
Converting SMILES to graph: 258/500
6ohgA_antigen.pdb  6db7IM_antibody.pdb
Converting SMILES to graph: 259/500
6oijAB_antigen.pdb  8j6dHh_antibody.pdb
Converting SMILES to graph: 260/500
6oijAB_antigen.pdb  7jv4FG_antibody.pdb
Converting SMILES to graph: 261/500
6oijAB_antigen.pdb  7kxkIM_antibody.pdb
Converting SMILES to graph: 262/500
6oijAB_antigen.pdb  4ksdB_antibody.pdb
Converting SMILES to graph: 263/500
6oijAB_antigen.pdb  6sc6B_antibody.pdb
Converting SMILES to graph: 264/500
6oijAB_antigen.pdb  7x7vHL_antibody.pdb
Converting SMILES to graph: 265/500
6oikAB_antigen.pdb  5fylDE_antibody.pdb
Converting SMILES to graph: 266/500
6oikAB_antigen.pdb  3k81B_antibody.pdb
Converting SMILES to graph: 267/500
6oikAB_antigen.pdb  7e5oHL_antibody.pdb
Converting SMILES to graph: 268/500
6oikAB_antigen.pdb  5f9dC_antibody.pdb
Converting SMILES to graph: 269/500
6oikAB_antigen.pdb  7li7BC_antibody.pdb
Converting SMILES to graph: 270/500
6oikAB_antigen.pdb  7wvfCc_antibody.pdb
Converting SMILES to graph: 271/500
6okmR_antigen.pdb  3vg9CB_antibody.pdb
Converting SMILES to graph: 272/500
6okmR_antigen.pdb  6wzjCD_antibody.pdb
Converting SMILES to graph: 273/500
6okmR_antigen.pdb  7x94HL_antibody.pdb
Converting SMILES to graph: 274/500
6okmR_antigen.pdb  8e8zHL_antibody.pdb
Converting SMILES to graph: 275/500
6okmR_antigen.pdb  7e53B_antibody.pdb
Converting SMILES to graph: 276/500
6okmR_antigen.pdb  7ki6HL_antibody.pdb
Converting SMILES to graph: 277/500
6oknR_antigen.pdb  2q8aHL_antibody.pdb
Converting SMILES to graph: 278/500
6oknR_antigen.pdb  1ic5HL_antibody.pdb
Converting SMILES to graph: 279/500
6oknR_antigen.pdb  8dm0H_antibody.pdb
Converting SMILES to graph: 280/500
6oknR_antigen.pdb  7k3aLK_antibody.pdb
Converting SMILES to graph: 281/500
6oknR_antigen.pdb  6x3xJI_antibody.pdb
Converting SMILES to graph: 282/500
6oknR_antigen.pdb  8gx9HF_antibody.pdb
Converting SMILES to graph: 283/500
6okpF_antigen.pdb  7y9tD_antibody.pdb
Converting SMILES to graph: 284/500
6okpF_antigen.pdb  8f76N_antibody.pdb
Converting SMILES to graph: 285/500
6okpF_antigen.pdb  6mwxOP_antibody.pdb
Converting SMILES to graph: 286/500
6okpF_antigen.pdb  8bf4D_antibody.pdb
Converting SMILES to graph: 287/500
6okpF_antigen.pdb  7qbgE_antibody.pdb
Converting SMILES to graph: 288/500
6okpF_antigen.pdb  5v7jDE_antibody.pdb
Converting SMILES to graph: 289/500
6olpDCB_antigen.pdb  4hzlHL_antibody.pdb
Converting SMILES to graph: 290/500
6olpDCB_antigen.pdb  7webGI_antibody.pdb
Converting SMILES to graph: 291/500
6olpDCB_antigen.pdb  6b3jN_antibody.pdb
Converting SMILES to graph: 292/500
6olpDCB_antigen.pdb  1jhlHL_antibody.pdb
Converting SMILES to graph: 293/500
6olpDCB_antigen.pdb  5f9oHL_antibody.pdb
Converting SMILES to graph: 294/500
6olpDCB_antigen.pdb  5fv2A_antibody.pdb
Converting SMILES to graph: 295/500
6ommACB_antigen.pdb  7z86X_antibody.pdb
Converting SMILES to graph: 296/500
6ommACB_antigen.pdb  3ld8CB_antibody.pdb
Converting SMILES to graph: 297/500
6ommACB_antigen.pdb  8jsoSs_antibody.pdb
Converting SMILES to graph: 298/500
6ommACB_antigen.pdb  6cwtCD_antibody.pdb
Converting SMILES to graph: 299/500
6ommACB_antigen.pdb  7fg2D_antibody.pdb
Converting SMILES to graph: 300/500
6ommACB_antigen.pdb  6ul4B_antibody.pdb
Converting SMILES to graph: 301/500
6oorA_antigen.pdb  8t06CD_antibody.pdb
Converting SMILES to graph: 302/500
6oorA_antigen.pdb  6chbJK_antibody.pdb
Converting SMILES to graph: 303/500
6oorA_antigen.pdb  7jmwHL_antibody.pdb
Converting SMILES to graph: 304/500
6oorA_antigen.pdb  8df1MN_antibody.pdb
Converting SMILES to graph: 305/500
6oorA_antigen.pdb  4liqHL_antibody.pdb
Converting SMILES to graph: 306/500
6oorA_antigen.pdb  5c0nCD_antibody.pdb
Converting SMILES to graph: 307/500
6opaB_antigen.pdb  6k41Hh_antibody.pdb
Converting SMILES to graph: 308/500
6opaB_antigen.pdb  5ggsCD_antibody.pdb
Converting SMILES to graph: 309/500
6opaB_antigen.pdb  7nx8HL_antibody.pdb
Converting SMILES to graph: 310/500
6opaB_antigen.pdb  8fdoAB_antibody.pdb
Converting SMILES to graph: 311/500
6opaB_antigen.pdb  8cz8Cc_antibody.pdb
Converting SMILES to graph: 312/500
6opaB_antigen.pdb  8g4tHL_antibody.pdb
Converting SMILES to graph: 313/500
6opoA_antigen.pdb  7dhaCB_antibody.pdb
Converting SMILES to graph: 314/500
6opoA_antigen.pdb  6njnIi_antibody.pdb
Converting SMILES to graph: 315/500
6opoA_antigen.pdb  7zmoK_antibody.pdb
Converting SMILES to graph: 316/500
6opoA_antigen.pdb  8w8aN_antibody.pdb
Converting SMILES to graph: 317/500
6opoA_antigen.pdb  5o14CD_antibody.pdb
Converting SMILES to graph: 318/500
6opoA_antigen.pdb  7buaHL_antibody.pdb
Converting SMILES to graph: 319/500
6oppD_antigen.pdb  7td8EF_antibody.pdb
Converting SMILES to graph: 320/500
6oppD_antigen.pdb  7t17JK_antibody.pdb
Converting SMILES to graph: 321/500
6oppD_antigen.pdb  7k7iXY_antibody.pdb
Converting SMILES to graph: 322/500
6oppD_antigen.pdb  8gsdHL_antibody.pdb
Converting SMILES to graph: 323/500
6oppD_antigen.pdb  6xc2XY_antibody.pdb
Converting SMILES to graph: 324/500
6oppD_antigen.pdb  4rgmHL_antibody.pdb
Converting SMILES to graph: 325/500
6opqA_antigen.pdb  7a6oB_antibody.pdb
Converting SMILES to graph: 326/500
6opqA_antigen.pdb  7so7HL_antibody.pdb
Converting SMILES to graph: 327/500
6opqA_antigen.pdb  6oppGI_antibody.pdb
Converting SMILES to graph: 328/500
6opqA_antigen.pdb  6xgcIJ_antibody.pdb
Converting SMILES to graph: 329/500
6opqA_antigen.pdb  6herB_antibody.pdb
Converting SMILES to graph: 330/500
6opqA_antigen.pdb  6uceHL_antibody.pdb
Converting SMILES to graph: 331/500
6oq5A_antigen.pdb  5tpnHL_antibody.pdb
Converting SMILES to graph: 332/500
6oq5A_antigen.pdb  6h6yH_antibody.pdb
Converting SMILES to graph: 333/500
6oq5A_antigen.pdb  8gtoHL_antibody.pdb
Converting SMILES to graph: 334/500
6oq5A_antigen.pdb  1yy9DC_antibody.pdb
Converting SMILES to graph: 335/500
6oq5A_antigen.pdb  8fymHL_antibody.pdb
Converting SMILES to graph: 336/500
6oq5A_antigen.pdb  7w2zSs_antibody.pdb
Converting SMILES to graph: 337/500
6oq6A_antigen.pdb  7km5D_antibody.pdb
Converting SMILES to graph: 338/500
6oq6A_antigen.pdb  8en0D_antibody.pdb
Converting SMILES to graph: 339/500
6oq6A_antigen.pdb  2wzpJ_antibody.pdb
Converting SMILES to graph: 340/500
6oq6A_antigen.pdb  7unzC_antibody.pdb
Converting SMILES to graph: 341/500
6oq6A_antigen.pdb  6h7kC_antibody.pdb
Converting SMILES to graph: 342/500
6oq6A_antigen.pdb  7wf7Ee_antibody.pdb
Converting SMILES to graph: 343/500
6oq7A_antigen.pdb  2p7tAB_antibody.pdb
Converting SMILES to graph: 344/500
6oq7A_antigen.pdb  6k68CD_antibody.pdb
Converting SMILES to graph: 345/500
6oq7A_antigen.pdb  8erqHL_antibody.pdb
Converting SMILES to graph: 346/500
6oq7A_antigen.pdb  7k60Mm_antibody.pdb
Converting SMILES to graph: 347/500
6oq7A_antigen.pdb  7oxnHK_antibody.pdb
Converting SMILES to graph: 348/500
6oq7A_antigen.pdb  7wkdEe_antibody.pdb
Converting SMILES to graph: 349/500
6oq8A_antigen.pdb  8iv5HL_antibody.pdb
Converting SMILES to graph: 350/500
6oq8A_antigen.pdb  8dw9CD_antibody.pdb
Converting SMILES to graph: 351/500
6oq8A_antigen.pdb  7c2eN_antibody.pdb
Converting SMILES to graph: 352/500
6oq8A_antigen.pdb  7l2fHL_antibody.pdb
Converting SMILES to graph: 353/500
6oq8A_antigen.pdb  4o51BA_antibody.pdb
Converting SMILES to graph: 354/500
6oq8A_antigen.pdb  2w0fAB_antibody.pdb
Converting SMILES to graph: 355/500
6ornG_antigen.pdb  7kmkHL_antibody.pdb
Converting SMILES to graph: 356/500
6ornG_antigen.pdb  4ldeB_antibody.pdb
Converting SMILES to graph: 357/500
6ornG_antigen.pdb  7rkfDd_antibody.pdb
Converting SMILES to graph: 358/500
6ornG_antigen.pdb  7evwN_antibody.pdb
Converting SMILES to graph: 359/500
6ornG_antigen.pdb  5iq9HL_antibody.pdb
Converting SMILES to graph: 360/500
6ornG_antigen.pdb  6xq4EF_antibody.pdb
Converting SMILES to graph: 361/500
6oroB_antigen.pdb  7sjsHL_antibody.pdb
Converting SMILES to graph: 362/500
6oroB_antigen.pdb  6q1zHL_antibody.pdb
Converting SMILES to graph: 363/500
6oroB_antigen.pdb  8ew6V_antibody.pdb
Converting SMILES to graph: 364/500
6oroB_antigen.pdb  7qtiGH_antibody.pdb
Converting SMILES to graph: 365/500
6oroB_antigen.pdb  7yk7Ss_antibody.pdb
Converting SMILES to graph: 366/500
6oroB_antigen.pdb  6nbiN_antibody.pdb
Converting SMILES to graph: 367/500
6orpB_antigen.pdb  7lq7HL_antibody.pdb
Converting SMILES to graph: 368/500
6orpB_antigen.pdb  6u51A_antibody.pdb
Converting SMILES to graph: 369/500
6orpB_antigen.pdb  7wlyPO_antibody.pdb
Converting SMILES to graph: 370/500
6orpB_antigen.pdb  7teqHL_antibody.pdb
Converting SMILES to graph: 371/500
6orpB_antigen.pdb  7lopWV_antibody.pdb
Converting SMILES to graph: 372/500
6orpB_antigen.pdb  6bb4IM_antibody.pdb
Converting SMILES to graph: 373/500
6orqG_antigen.pdb  7zmoK_antibody.pdb
Converting SMILES to graph: 374/500
6orqG_antigen.pdb  7cthHL_antibody.pdb
Converting SMILES to graph: 375/500
6orqG_antigen.pdb  6mqeAB_antibody.pdb
Converting SMILES to graph: 376/500
6orqG_antigen.pdb  7s6dEG_antibody.pdb
Converting SMILES to graph: 377/500
6orqG_antigen.pdb  8gw8N_antibody.pdb
Converting SMILES to graph: 378/500
6orqG_antigen.pdb  5i5kXY_antibody.pdb
Converting SMILES to graph: 379/500
6os0A_antigen.pdb  7nd8HL_antibody.pdb
Converting SMILES to graph: 380/500
6os0A_antigen.pdb  6xzuA_antibody.pdb
Converting SMILES to graph: 381/500
6os0A_antigen.pdb  6pb1N_antibody.pdb
Converting SMILES to graph: 382/500
6os0A_antigen.pdb  7ketAB_antibody.pdb
Converting SMILES to graph: 383/500
6os0A_antigen.pdb  7qvkB_antibody.pdb
Converting SMILES to graph: 384/500
6os0A_antigen.pdb  4rgnBC_antibody.pdb
Converting SMILES to graph: 385/500
6os1A_antigen.pdb  8id6Ss_antibody.pdb
Converting SMILES to graph: 386/500
6os1A_antigen.pdb  8dzvAa_antibody.pdb
Converting SMILES to graph: 387/500
6os1A_antigen.pdb  8cxnD_antibody.pdb
Converting SMILES to graph: 388/500
6os1A_antigen.pdb  4q5zOP_antibody.pdb
Converting SMILES to graph: 389/500
6os1A_antigen.pdb  7ej8Hh_antibody.pdb
Converting SMILES to graph: 390/500
6os1A_antigen.pdb  5wttAB_antibody.pdb
Converting SMILES to graph: 391/500
6os2A_antigen.pdb  7u9gGD_antibody.pdb
Converting SMILES to graph: 392/500
6os2A_antigen.pdb  6dbfB_antibody.pdb
Converting SMILES to graph: 393/500
6os2A_antigen.pdb  7z1aE_antibody.pdb
Converting SMILES to graph: 394/500
6os2A_antigen.pdb  5xxyHL_antibody.pdb
Converting SMILES to graph: 395/500
6os2A_antigen.pdb  6b9zBA_antibody.pdb
Converting SMILES to graph: 396/500
6os2A_antigen.pdb  7ydjEe_antibody.pdb
Converting SMILES to graph: 397/500
6os9AB_antigen.pdb  6muiKL_antibody.pdb
Converting SMILES to graph: 398/500
6os9AB_antigen.pdb  7z1eF_antibody.pdb
Converting SMILES to graph: 399/500
6os9AB_antigen.pdb  7xxlAC_antibody.pdb
Converting SMILES to graph: 400/500
6os9AB_antigen.pdb  4ogaCD_antibody.pdb
Converting SMILES to graph: 401/500
6os9AB_antigen.pdb  7ph7C_antibody.pdb
Converting SMILES to graph: 402/500
6os9AB_antigen.pdb  5u7oHL_antibody.pdb
Converting SMILES to graph: 403/500
6oshK_antigen.pdb  8epaHL_antibody.pdb
Converting SMILES to graph: 404/500
6oshK_antigen.pdb  7sodHL_antibody.pdb
Converting SMILES to graph: 405/500
6oshK_antigen.pdb  6ieaHL_antibody.pdb
Converting SMILES to graph: 406/500
6oshK_antigen.pdb  4wy7HL_antibody.pdb
Converting SMILES to graph: 407/500
6oshK_antigen.pdb  7a3qHL_antibody.pdb
Converting SMILES to graph: 408/500
6oshK_antigen.pdb  7rahBA_antibody.pdb
Converting SMILES to graph: 409/500
6osvK_antigen.pdb  6sc6B_antibody.pdb
Converting SMILES to graph: 410/500
6osvK_antigen.pdb  7ly0HL_antibody.pdb
Converting SMILES to graph: 411/500
6osvK_antigen.pdb  8cxhHL_antibody.pdb
Converting SMILES to graph: 412/500
6osvK_antigen.pdb  7mziHL_antibody.pdb
Converting SMILES to graph: 413/500
6osvK_antigen.pdb  8savCD_antibody.pdb
Converting SMILES to graph: 414/500
6osvK_antigen.pdb  7d7mE_antibody.pdb
Converting SMILES to graph: 415/500
6osyA_antigen.pdb  4bfbE_antibody.pdb
Converting SMILES to graph: 416/500
6osyA_antigen.pdb  7um3IM_antibody.pdb
Converting SMILES to graph: 417/500
6osyA_antigen.pdb  5hhvHL_antibody.pdb
Converting SMILES to graph: 418/500
6osyA_antigen.pdb  7lfaHL_antibody.pdb
Converting SMILES to graph: 419/500
6osyA_antigen.pdb  6n8dDB_antibody.pdb
Converting SMILES to graph: 420/500
6osyA_antigen.pdb  5xj3AB_antibody.pdb
Converting SMILES to graph: 421/500
6ot0AB_antigen.pdb  5o0wH_antibody.pdb
Converting SMILES to graph: 422/500
6ot0AB_antigen.pdb  2dqfBA_antibody.pdb
Converting SMILES to graph: 423/500
6ot0AB_antigen.pdb  2a6dBA_antibody.pdb
Converting SMILES to graph: 424/500
6ot0AB_antigen.pdb  6xpxBC_antibody.pdb
Converting SMILES to graph: 425/500
6ot0AB_antigen.pdb  7dfpCB_antibody.pdb
Converting SMILES to graph: 426/500
6ot0AB_antigen.pdb  8w8bEe_antibody.pdb
Converting SMILES to graph: 427/500
6ot1E_antigen.pdb  5hbvDC_antibody.pdb
Converting SMILES to graph: 428/500
6ot1E_antigen.pdb  6q0eHL_antibody.pdb
Converting SMILES to graph: 429/500
6ot1E_antigen.pdb  6ea5MN_antibody.pdb
Converting SMILES to graph: 430/500
6ot1E_antigen.pdb  4gftB_antibody.pdb
Converting SMILES to graph: 431/500
6ot1E_antigen.pdb  8jlrSs_antibody.pdb
Converting SMILES to graph: 432/500
6ot1E_antigen.pdb  7c2eN_antibody.pdb
Converting SMILES to graph: 433/500
6otcA_antigen.pdb  6m2rHL_antibody.pdb
Converting SMILES to graph: 434/500
6otcA_antigen.pdb  5w23HL_antibody.pdb
Converting SMILES to graph: 435/500
6otcA_antigen.pdb  8im0B_antibody.pdb
Converting SMILES to graph: 436/500
6otcA_antigen.pdb  7k8xDF_antibody.pdb
Converting SMILES to graph: 437/500
6otcA_antigen.pdb  8sawCD_antibody.pdb
Converting SMILES to graph: 438/500
6otcA_antigen.pdb  7d8bB_antibody.pdb
Converting SMILES to graph: 439/500
6ousFE_antigen.pdb  7xjjSs_antibody.pdb
Converting SMILES to graph: 440/500
6ousFE_antigen.pdb  7qncG_antibody.pdb
Converting SMILES to graph: 441/500
6ousFE_antigen.pdb  7uzcEF_antibody.pdb
Converting SMILES to graph: 442/500
6ousFE_antigen.pdb  7tetHL_antibody.pdb
Converting SMILES to graph: 443/500
6ousFE_antigen.pdb  6x07B_antibody.pdb
Converting SMILES to graph: 444/500
6ousFE_antigen.pdb  7t72HL_antibody.pdb
Converting SMILES to graph: 445/500
6oy4A_antigen.pdb  7yk6Ss_antibody.pdb
Converting SMILES to graph: 446/500
6oy4A_antigen.pdb  4krlB_antibody.pdb
Converting SMILES to graph: 447/500
6oy4A_antigen.pdb  6vo0HL_antibody.pdb
Converting SMILES to graph: 448/500
6oy4A_antigen.pdb  7s0eHL_antibody.pdb
Converting SMILES to graph: 449/500
6oy4A_antigen.pdb  7zf9HL_antibody.pdb
Converting SMILES to graph: 450/500
6oy4A_antigen.pdb  6j5fHL_antibody.pdb
Converting SMILES to graph: 451/500
6oyaAB_antigen.pdb  7rxcHL_antibody.pdb
Converting SMILES to graph: 452/500
6oyaAB_antigen.pdb  7kbkC_antibody.pdb
Converting SMILES to graph: 453/500
6oyaAB_antigen.pdb  7s8oEe_antibody.pdb
Converting SMILES to graph: 454/500
6oyaAB_antigen.pdb  7ui0HL_antibody.pdb
Converting SMILES to graph: 455/500
6oyaAB_antigen.pdb  8oprB_antibody.pdb
Converting SMILES to graph: 456/500
6oyhC_antigen.pdb  5cjqHL_antibody.pdb
Converting SMILES to graph: 457/500
6oyhC_antigen.pdb  4p3cHL_antibody.pdb
Converting SMILES to graph: 458/500
6oyhC_antigen.pdb  7uarFG_antibody.pdb
Converting SMILES to graph: 459/500
6oyhC_antigen.pdb  8bb7D_antibody.pdb
Converting SMILES to graph: 460/500
6oyhC_antigen.pdb  7yqyHF_antibody.pdb
Converting SMILES to graph: 461/500
6oyzD_antigen.pdb  4xakDE_antibody.pdb
Converting SMILES to graph: 462/500
6oyzD_antigen.pdb  7cypED_antibody.pdb
Converting SMILES to graph: 463/500
6oyzD_antigen.pdb  7a0yEF_antibody.pdb
Converting SMILES to graph: 464/500
6oyzD_antigen.pdb  7woqDd_antibody.pdb
Converting SMILES to graph: 465/500
6oyzD_antigen.pdb  5w0dBC_antibody.pdb
Converting SMILES to graph: 466/500
6oyzD_antigen.pdb  8cafBA_antibody.pdb
Converting SMILES to graph: 467/500
6oz2G_antigen.pdb  7t4qJK_antibody.pdb
Converting SMILES to graph: 468/500
6oz2G_antigen.pdb  7chbHL_antibody.pdb
Converting SMILES to graph: 469/500
6oz2G_antigen.pdb  5xj4HL_antibody.pdb
Converting SMILES to graph: 470/500
6oz2G_antigen.pdb  6vyhDC_antibody.pdb
Converting SMILES to graph: 471/500
6oz2G_antigen.pdb  6bqbHL_antibody.pdb
Converting SMILES to graph: 472/500
6oz2G_antigen.pdb  3ghbHL_antibody.pdb
Converting SMILES to graph: 473/500
6oz3G_antigen.pdb  7a3tHL_antibody.pdb
Converting SMILES to graph: 474/500
6oz3G_antigen.pdb  5ziaGL_antibody.pdb
Converting SMILES to graph: 475/500
6oz3G_antigen.pdb  6bf9CD_antibody.pdb
Converting SMILES to graph: 476/500
6oz3G_antigen.pdb  7k93Kk_antibody.pdb
Converting SMILES to graph: 477/500
6oz3G_antigen.pdb  6p9yN_antibody.pdb
Converting SMILES to graph: 478/500
6oz3G_antigen.pdb  7e9nHL_antibody.pdb
Converting SMILES to graph: 479/500
6oz4G_antigen.pdb  6krzHI_antibody.pdb
Converting SMILES to graph: 480/500
6oz4G_antigen.pdb  7bekHL_antibody.pdb
Converting SMILES to graph: 481/500
6oz4G_antigen.pdb  7aejD_antibody.pdb
Converting SMILES to graph: 482/500
6oz4G_antigen.pdb  7tzfN_antibody.pdb
Converting SMILES to graph: 483/500
6oz4G_antigen.pdb  8cxcHL_antibody.pdb
Converting SMILES to graph: 484/500
6oz4G_antigen.pdb  7x4iE_antibody.pdb
Converting SMILES to graph: 485/500
6oz6D_antigen.pdb  8flwHL_antibody.pdb
Converting SMILES to graph: 486/500
6oz6D_antigen.pdb  4lajM_antibody.pdb
Converting SMILES to graph: 487/500
6oz6D_antigen.pdb  6tggHh_antibody.pdb
Converting SMILES to graph: 488/500
6oz6D_antigen.pdb  2y5tAB_antibody.pdb
Converting SMILES to graph: 489/500
6oz6D_antigen.pdb  7te1HL_antibody.pdb
Converting SMILES to graph: 490/500
6oz6D_antigen.pdb  7yv1HL_antibody.pdb
Converting SMILES to graph: 491/500
6oz9BA_antigen.pdb  6jjpDE_antibody.pdb
Converting SMILES to graph: 492/500
6oz9BA_antigen.pdb  6mhgGS_antibody.pdb
Converting SMILES to graph: 493/500
6oz9BA_antigen.pdb  3jbaHL_antibody.pdb
Converting SMILES to graph: 494/500
6oz9BA_antigen.pdb  2r0kHL_antibody.pdb
Converting SMILES to graph: 495/500
6oz9BA_antigen.pdb  7chhJK_antibody.pdb
Converting SMILES to graph: 496/500
6oz9BA_antigen.pdb  6p3rCD_antibody.pdb
Converting SMILES to graph: 497/500
6p3rE_antigen.pdb  3nifEF_antibody.pdb
Converting SMILES to graph: 498/500
6p3rE_antigen.pdb  6ct7HL_antibody.pdb
Converting SMILES to graph: 499/500
6p3rE_antigen.pdb  5f45HL_antibody.pdb
Converting SMILES to graph: 500/500
6p3rE_antigen.pdb  7e9hDd_antibody.pdb
Graph construction done. Saving to file.
