Converting SMILES to graph: 1/500
7ugpA_antigen.pdb  8fd0C_antibody.pdb
Converting SMILES to graph: 2/500
7ugpA_antigen.pdb  5dmjE_antibody.pdb
Converting SMILES to graph: 3/500
7ugpA_antigen.pdb  7nxbAB_antibody.pdb
Converting SMILES to graph: 4/500
7ugpA_antigen.pdb  6gs1H_antibody.pdb
Converting SMILES to graph: 5/500
7ugpA_antigen.pdb  7whbDE_antibody.pdb
Converting SMILES to graph: 6/500
7ugpA_antigen.pdb  8hixN_antibody.pdb
Converting SMILES to graph: 7/500
7ugqA_antigen.pdb  4bz1HL_antibody.pdb
Converting SMILES to graph: 8/500
7ugqA_antigen.pdb  7x7vHL_antibody.pdb
Converting SMILES to graph: 9/500
7ugqA_antigen.pdb  7t74KG_antibody.pdb
Converting SMILES to graph: 10/500
7ugqA_antigen.pdb  8ic0Ee_antibody.pdb
Converting SMILES to graph: 11/500
7ugqA_antigen.pdb  8flqN_antibody.pdb
Converting SMILES to graph: 12/500
7ugqA_antigen.pdb  6hhcHL_antibody.pdb
Converting SMILES to graph: 13/500
7uh8C_antigen.pdb  7uz5HL_antibody.pdb
Converting SMILES to graph: 14/500
7uh8C_antigen.pdb  6vcaEF_antibody.pdb
Converting SMILES to graph: 15/500
7uh8C_antigen.pdb  5ja8D_antibody.pdb
Converting SMILES to graph: 16/500
7uh8C_antigen.pdb  7akjHL_antibody.pdb
Converting SMILES to graph: 17/500
7uh8C_antigen.pdb  7dpmAB_antibody.pdb
Converting SMILES to graph: 18/500
7uh8C_antigen.pdb  4n0yHL_antibody.pdb
Converting SMILES to graph: 19/500
7uhzA_antigen.pdb  6hjxH_antibody.pdb
Converting SMILES to graph: 20/500
7uhzA_antigen.pdb  3zkxB_antibody.pdb
Converting SMILES to graph: 21/500
7uhzA_antigen.pdb  7nj5F_antibody.pdb
Converting SMILES to graph: 22/500
7uhzA_antigen.pdb  1q1jIM_antibody.pdb
Converting SMILES to graph: 23/500
7uhzA_antigen.pdb  7yk6Ss_antibody.pdb
Converting SMILES to graph: 24/500
7uhzA_antigen.pdb  7k3aLK_antibody.pdb
Converting SMILES to graph: 25/500
7ui0A_antigen.pdb  7kn5C_antibody.pdb
Converting SMILES to graph: 26/500
7ui0A_antigen.pdb  4m48HL_antibody.pdb
Converting SMILES to graph: 27/500
7ui0A_antigen.pdb  7yfdCc_antibody.pdb
Converting SMILES to graph: 28/500
7ui0A_antigen.pdb  7ki0N_antibody.pdb
Converting SMILES to graph: 29/500
7ui0A_antigen.pdb  7rd4AB_antibody.pdb
Converting SMILES to graph: 30/500
7ui0A_antigen.pdb  4w2qG_antibody.pdb
Converting SMILES to graph: 31/500
7ui1A_antigen.pdb  4z7qHL_antibody.pdb
Converting SMILES to graph: 32/500
7ui1A_antigen.pdb  5cd5CD_antibody.pdb
Converting SMILES to graph: 33/500
7ui1A_antigen.pdb  8afhD_antibody.pdb
Converting SMILES to graph: 34/500
7ui1A_antigen.pdb  7nktB_antibody.pdb
Converting SMILES to graph: 35/500
7ui1A_antigen.pdb  7c81HL_antibody.pdb
Converting SMILES to graph: 36/500
7uiaA_antigen.pdb  4wuuED_antibody.pdb
Converting SMILES to graph: 37/500
7uiaA_antigen.pdb  7nbbD_antibody.pdb
Converting SMILES to graph: 38/500
7uiaA_antigen.pdb  4s1rHL_antibody.pdb
Converting SMILES to graph: 39/500
7uiaA_antigen.pdb  8hj2N_antibody.pdb
Converting SMILES to graph: 40/500
7uiaA_antigen.pdb  7e53B_antibody.pdb
Converting SMILES to graph: 41/500
7uiaA_antigen.pdb  5yd5Cc_antibody.pdb
Converting SMILES to graph: 42/500
7uihA_antigen.pdb  6e0pMm_antibody.pdb
Converting SMILES to graph: 43/500
7uihA_antigen.pdb  3stzAB_antibody.pdb
Converting SMILES to graph: 44/500
7uihA_antigen.pdb  7oanF_antibody.pdb
Converting SMILES to graph: 45/500
7uihA_antigen.pdb  7jv2HL_antibody.pdb
Converting SMILES to graph: 46/500
7uihA_antigen.pdb  6o3aBA_antibody.pdb
Converting SMILES to graph: 47/500
7uihA_antigen.pdb  7v7kBA_antibody.pdb
Converting SMILES to graph: 48/500
7ujaA_antigen.pdb  6pbwDC_antibody.pdb
Converting SMILES to graph: 49/500
7ujaA_antigen.pdb  1hh6BA_antibody.pdb
Converting SMILES to graph: 50/500
7ujaA_antigen.pdb  5tr1IM_antibody.pdb
Converting SMILES to graph: 51/500
7ujaA_antigen.pdb  1s5hBA_antibody.pdb
Converting SMILES to graph: 52/500
7ujaA_antigen.pdb  5vlpHL_antibody.pdb
Converting SMILES to graph: 53/500
7ujdA_antigen.pdb  1xgqBA_antibody.pdb
Converting SMILES to graph: 54/500
7ujdA_antigen.pdb  8djgAB_antibody.pdb
Converting SMILES to graph: 55/500
7ujdA_antigen.pdb  6sf6AB_antibody.pdb
Converting SMILES to graph: 56/500
7ujdA_antigen.pdb  3fb6AB_antibody.pdb
Converting SMILES to graph: 57/500
7ujdA_antigen.pdb  8g05Ee_antibody.pdb
Converting SMILES to graph: 58/500
7ujdA_antigen.pdb  6wi9N_antibody.pdb
Converting SMILES to graph: 59/500
7ujeC_antigen.pdb  2qadDC_antibody.pdb
Converting SMILES to graph: 60/500
7ujeC_antigen.pdb  7y7mFG_antibody.pdb
Converting SMILES to graph: 61/500
7ujeC_antigen.pdb  3rifHL_antibody.pdb
Converting SMILES to graph: 62/500
7ujeC_antigen.pdb  4rfoHL_antibody.pdb
Converting SMILES to graph: 63/500
7ujeC_antigen.pdb  7n9aA_antibody.pdb
Converting SMILES to graph: 64/500
7ujeC_antigen.pdb  6ogxCD_antibody.pdb
Converting SMILES to graph: 65/500
7ujkC_antigen.pdb  3j8wFJ_antibody.pdb
Converting SMILES to graph: 66/500
7ujkC_antigen.pdb  7cvsCD_antibody.pdb
Converting SMILES to graph: 67/500
7ujkC_antigen.pdb  8j1nB_antibody.pdb
Converting SMILES to graph: 68/500
7ujkC_antigen.pdb  6o3uBA_antibody.pdb
Converting SMILES to graph: 69/500
7ujkC_antigen.pdb  1g7hBA_antibody.pdb
Converting SMILES to graph: 70/500
7ujkC_antigen.pdb  5lx9Hh_antibody.pdb
Converting SMILES to graph: 71/500
7uk9C_antigen.pdb  7wz4Ss_antibody.pdb
Converting SMILES to graph: 72/500
7uk9C_antigen.pdb  7fauB_antibody.pdb
Converting SMILES to graph: 73/500
7uk9C_antigen.pdb  5da0B_antibody.pdb
Converting SMILES to graph: 74/500
7uk9C_antigen.pdb  7zmsK_antibody.pdb
Converting SMILES to graph: 75/500
7uk9C_antigen.pdb  7po5HL_antibody.pdb
Converting SMILES to graph: 76/500
7uklC_antigen.pdb  1u8qBA_antibody.pdb
Converting SMILES to graph: 77/500
7uklC_antigen.pdb  1f58HL_antibody.pdb
Converting SMILES to graph: 78/500
7uklC_antigen.pdb  5vobHL_antibody.pdb
Converting SMILES to graph: 79/500
7uklC_antigen.pdb  7p5vG_antibody.pdb
Converting SMILES to graph: 80/500
7uklC_antigen.pdb  6shgHL_antibody.pdb
Converting SMILES to graph: 81/500
7uklC_antigen.pdb  7x1mAB_antibody.pdb
Converting SMILES to graph: 82/500
7ukmB_antigen.pdb  7pnmIE_antibody.pdb
Converting SMILES to graph: 83/500
7ukmB_antigen.pdb  2bseF_antibody.pdb
Converting SMILES to graph: 84/500
7ukmB_antigen.pdb  7t0zHL_antibody.pdb
Converting SMILES to graph: 85/500
7ukmB_antigen.pdb  7djzAB_antibody.pdb
Converting SMILES to graph: 86/500
7ukmB_antigen.pdb  3hi1HL_antibody.pdb
Converting SMILES to graph: 87/500
7ukmB_antigen.pdb  7q3qB_antibody.pdb
Converting SMILES to graph: 88/500
7ukoC_antigen.pdb  3se8HL_antibody.pdb
Converting SMILES to graph: 89/500
7ukoC_antigen.pdb  7jmoHL_antibody.pdb
Converting SMILES to graph: 90/500
7ukoC_antigen.pdb  7kezHL_antibody.pdb
Converting SMILES to graph: 91/500
7ukoC_antigen.pdb  1ottCD_antibody.pdb
Converting SMILES to graph: 92/500
7ukoC_antigen.pdb  4oiiIM_antibody.pdb
Converting SMILES to graph: 93/500
7ukoC_antigen.pdb  6ommEe_antibody.pdb
Converting SMILES to graph: 94/500
7ukpC_antigen.pdb  6h2yHL_antibody.pdb
Converting SMILES to graph: 95/500
7ukpC_antigen.pdb  5xcqAB_antibody.pdb
Converting SMILES to graph: 96/500
7ukpC_antigen.pdb  7bq5HL_antibody.pdb
Converting SMILES to graph: 97/500
7ukpC_antigen.pdb  7yr1HL_antibody.pdb
Converting SMILES to graph: 98/500
7ukpC_antigen.pdb  6uvoHL_antibody.pdb
Converting SMILES to graph: 99/500
7ukpC_antigen.pdb  5mesHL_antibody.pdb
Converting SMILES to graph: 100/500
7uktC_antigen.pdb  7lddKJ_antibody.pdb
Converting SMILES to graph: 101/500
7uktC_antigen.pdb  6k65HL_antibody.pdb
Converting SMILES to graph: 102/500
7uktC_antigen.pdb  2p43B_antibody.pdb
Converting SMILES to graph: 103/500
7uktC_antigen.pdb  8c8pH_antibody.pdb
Converting SMILES to graph: 104/500
7uktC_antigen.pdb  7ps4BC_antibody.pdb
Converting SMILES to graph: 105/500
7uktC_antigen.pdb  5gmqBC_antibody.pdb
Converting SMILES to graph: 106/500
7ul0A_antigen.pdb  8fe3HL_antibody.pdb
Converting SMILES to graph: 107/500
7ul0A_antigen.pdb  2a6kHL_antibody.pdb
Converting SMILES to graph: 108/500
7ul0A_antigen.pdb  3wfeHL_antibody.pdb
Converting SMILES to graph: 109/500
7ul0A_antigen.pdb  4iosE_antibody.pdb
Converting SMILES to graph: 110/500
7ul0A_antigen.pdb  8ghrC_antibody.pdb
Converting SMILES to graph: 111/500
7ul0A_antigen.pdb  8g3mEF_antibody.pdb
Converting SMILES to graph: 112/500
7ul1A_antigen.pdb  8dlwCD_antibody.pdb
Converting SMILES to graph: 113/500
7ul1A_antigen.pdb  6h16B_antibody.pdb
Converting SMILES to graph: 114/500
7ul1A_antigen.pdb  8bbnMN_antibody.pdb
Converting SMILES to graph: 115/500
7ul1A_antigen.pdb  6dfjHL_antibody.pdb
Converting SMILES to graph: 116/500
7ul1A_antigen.pdb  6lbhCD_antibody.pdb
Converting SMILES to graph: 117/500
7ul1A_antigen.pdb  7v68Ss_antibody.pdb
Converting SMILES to graph: 118/500
7ul2R_antigen.pdb  6aodBA_antibody.pdb
Converting SMILES to graph: 119/500
7ul2R_antigen.pdb  7wf7Ee_antibody.pdb
Converting SMILES to graph: 120/500
7ul2R_antigen.pdb  7yrhFE_antibody.pdb
Converting SMILES to graph: 121/500
7ul2R_antigen.pdb  6oikHh_antibody.pdb
Converting SMILES to graph: 122/500
7ul2R_antigen.pdb  6qigHL_antibody.pdb
Converting SMILES to graph: 123/500
7ul2R_antigen.pdb  7ps6HL_antibody.pdb
Converting SMILES to graph: 124/500
7ul3A_antigen.pdb  4r4fHL_antibody.pdb
Converting SMILES to graph: 125/500
7ul3A_antigen.pdb  8ia2Hh_antibody.pdb
Converting SMILES to graph: 126/500
7ul3A_antigen.pdb  7nxxB_antibody.pdb
Converting SMILES to graph: 127/500
7ul3A_antigen.pdb  7rknDd_antibody.pdb
Converting SMILES to graph: 128/500
7ul3A_antigen.pdb  5i9qBC_antibody.pdb
Converting SMILES to graph: 129/500
7ul3A_antigen.pdb  6o41BA_antibody.pdb
Converting SMILES to graph: 130/500
7ul4A_antigen.pdb  7y65Ss_antibody.pdb
Converting SMILES to graph: 131/500
7ul4A_antigen.pdb  7wvdGH_antibody.pdb
Converting SMILES to graph: 132/500
7ul4A_antigen.pdb  7k8zMN_antibody.pdb
Converting SMILES to graph: 133/500
7ul4A_antigen.pdb  4kk8EF_antibody.pdb
Converting SMILES to graph: 134/500
7ul4A_antigen.pdb  7fejHL_antibody.pdb
Converting SMILES to graph: 135/500
7ul5A_antigen.pdb  8dwoHL_antibody.pdb
Converting SMILES to graph: 136/500
7ul5A_antigen.pdb  7yaiC_antibody.pdb
Converting SMILES to graph: 137/500
7ul5A_antigen.pdb  7ey4HL_antibody.pdb
Converting SMILES to graph: 138/500
7ul5A_antigen.pdb  4o58HL_antibody.pdb
Converting SMILES to graph: 139/500
7ul5A_antigen.pdb  4wgvB_antibody.pdb
Converting SMILES to graph: 140/500
7ul7a_antigen.pdb  7u9gGD_antibody.pdb
Converting SMILES to graph: 141/500
7ul7a_antigen.pdb  1p4bHL_antibody.pdb
Converting SMILES to graph: 142/500
7ul7a_antigen.pdb  1hezDC_antibody.pdb
Converting SMILES to graph: 143/500
7ul7a_antigen.pdb  7yveIH_antibody.pdb
Converting SMILES to graph: 144/500
7ul7a_antigen.pdb  7sl9B_antibody.pdb
Converting SMILES to graph: 145/500
7ul7a_antigen.pdb  7tpjHL_antibody.pdb
Converting SMILES to graph: 146/500
7um3B_antigen.pdb  8ihfSs_antibody.pdb
Converting SMILES to graph: 147/500
7um3B_antigen.pdb  5fuuHL_antibody.pdb
Converting SMILES to graph: 148/500
7um3B_antigen.pdb  7m7hEF_antibody.pdb
Converting SMILES to graph: 149/500
7um3B_antigen.pdb  7sjnDE_antibody.pdb
Converting SMILES to graph: 150/500
7um3B_antigen.pdb  5kjrHL_antibody.pdb
Converting SMILES to graph: 151/500
7um3B_antigen.pdb  7rkvDH_antibody.pdb
Converting SMILES to graph: 152/500
7um5BC_antigen.pdb  6zlrHL_antibody.pdb
Converting SMILES to graph: 153/500
7um5BC_antigen.pdb  7lr4AB_antibody.pdb
Converting SMILES to graph: 154/500
7um5BC_antigen.pdb  6p65HL_antibody.pdb
Converting SMILES to graph: 155/500
7um5BC_antigen.pdb  3iflHL_antibody.pdb
Converting SMILES to graph: 156/500
7um5BC_antigen.pdb  8j7xEC_antibody.pdb
Converting SMILES to graph: 157/500
7um5BC_antigen.pdb  7m52HL_antibody.pdb
Converting SMILES to graph: 158/500
7um6BC_antigen.pdb  8wpuEe_antibody.pdb
Converting SMILES to graph: 159/500
7um6BC_antigen.pdb  8wsqAB_antibody.pdb
Converting SMILES to graph: 160/500
7um6BC_antigen.pdb  7m6gHL_antibody.pdb
Converting SMILES to graph: 161/500
7um6BC_antigen.pdb  7eb2Nn_antibody.pdb
Converting SMILES to graph: 162/500
7um6BC_antigen.pdb  6mfpHL_antibody.pdb
Converting SMILES to graph: 163/500
7um6BC_antigen.pdb  7na9D_antibody.pdb
Converting SMILES to graph: 164/500
7um7BC_antigen.pdb  6phbDC_antibody.pdb
Converting SMILES to graph: 165/500
7um7BC_antigen.pdb  1cftBA_antibody.pdb
Converting SMILES to graph: 166/500
7um7BC_antigen.pdb  6nfjB_antibody.pdb
Converting SMILES to graph: 167/500
7um7BC_antigen.pdb  8idnHL_antibody.pdb
Converting SMILES to graph: 168/500
7um7BC_antigen.pdb  6xrtHL_antibody.pdb
Converting SMILES to graph: 169/500
7um7BC_antigen.pdb  7yacSs_antibody.pdb
Converting SMILES to graph: 170/500
7ummA_antigen.pdb  8saiSs_antibody.pdb
Converting SMILES to graph: 171/500
7ummA_antigen.pdb  8ilxC_antibody.pdb
Converting SMILES to graph: 172/500
7ummA_antigen.pdb  8jiiSs_antibody.pdb
Converting SMILES to graph: 173/500
7ummA_antigen.pdb  7d3sN_antibody.pdb
Converting SMILES to graph: 174/500
7ummA_antigen.pdb  7f1gD_antibody.pdb
Converting SMILES to graph: 175/500
7ummA_antigen.pdb  7triZY_antibody.pdb
Converting SMILES to graph: 176/500
7umnA_antigen.pdb  7trqHh_antibody.pdb
Converting SMILES to graph: 177/500
7umnA_antigen.pdb  6nf5GI_antibody.pdb
Converting SMILES to graph: 178/500
7umnA_antigen.pdb  8taoC_antibody.pdb
Converting SMILES to graph: 179/500
7umnA_antigen.pdb  7bz2N_antibody.pdb
Converting SMILES to graph: 180/500
7umnA_antigen.pdb  7euoSs_antibody.pdb
Converting SMILES to graph: 181/500
7umnA_antigen.pdb  7q4qBA_antibody.pdb
Converting SMILES to graph: 182/500
7unbR_antigen.pdb  5cinHL_antibody.pdb
Converting SMILES to graph: 183/500
7unbR_antigen.pdb  7soeBL_antibody.pdb
Converting SMILES to graph: 184/500
7unbR_antigen.pdb  3zkmHL_antibody.pdb
Converting SMILES to graph: 185/500
7unbR_antigen.pdb  5v8mSU_antibody.pdb
Converting SMILES to graph: 186/500
7unbR_antigen.pdb  7s6jCD_antibody.pdb
Converting SMILES to graph: 187/500
7unbR_antigen.pdb  7ow1HK_antibody.pdb
Converting SMILES to graph: 188/500
7unyD_antigen.pdb  7ustB_antibody.pdb
Converting SMILES to graph: 189/500
7unyD_antigen.pdb  7ujeEF_antibody.pdb
Converting SMILES to graph: 190/500
7unyD_antigen.pdb  8gb7HL_antibody.pdb
Converting SMILES to graph: 191/500
7unyD_antigen.pdb  7ws7GF_antibody.pdb
Converting SMILES to graph: 192/500
7unyD_antigen.pdb  7wjyBC_antibody.pdb
Converting SMILES to graph: 193/500
7unyD_antigen.pdb  5dmiHL_antibody.pdb
Converting SMILES to graph: 194/500
7unzB_antigen.pdb  7nqaC_antibody.pdb
Converting SMILES to graph: 195/500
7unzB_antigen.pdb  8fanAB_antibody.pdb
Converting SMILES to graph: 196/500
7unzB_antigen.pdb  4cniHL_antibody.pdb
Converting SMILES to graph: 197/500
7unzB_antigen.pdb  6xskIK_antibody.pdb
Converting SMILES to graph: 198/500
7unzB_antigen.pdb  6gwpB_antibody.pdb
Converting SMILES to graph: 199/500
7unzB_antigen.pdb  8s9gHL_antibody.pdb
Converting SMILES to graph: 200/500
7uojG_antigen.pdb  7lkhHL_antibody.pdb
Converting SMILES to graph: 201/500
7uojG_antigen.pdb  7l6vD_antibody.pdb
Converting SMILES to graph: 202/500
7uojG_antigen.pdb  8f4pD_antibody.pdb
Converting SMILES to graph: 203/500
7uojG_antigen.pdb  3jbaHL_antibody.pdb
Converting SMILES to graph: 204/500
7uojG_antigen.pdb  7uarFG_antibody.pdb
Converting SMILES to graph: 205/500
7uojG_antigen.pdb  8as3HL_antibody.pdb
Converting SMILES to graph: 206/500
7uopA_antigen.pdb  3a6bHL_antibody.pdb
Converting SMILES to graph: 207/500
7uopA_antigen.pdb  2ap2DC_antibody.pdb
Converting SMILES to graph: 208/500
7uopA_antigen.pdb  6nb7HL_antibody.pdb
Converting SMILES to graph: 209/500
7uopA_antigen.pdb  8ftgA_antibody.pdb
Converting SMILES to graph: 210/500
7uopA_antigen.pdb  8fa7HL_antibody.pdb
Converting SMILES to graph: 211/500
7uopA_antigen.pdb  7zk1B_antibody.pdb
Converting SMILES to graph: 212/500
7uotc_antigen.pdb  5ec1AB_antibody.pdb
Converting SMILES to graph: 213/500
7uotc_antigen.pdb  7sj0BL_antibody.pdb
Converting SMILES to graph: 214/500
7uotc_antigen.pdb  1uwxHL_antibody.pdb
Converting SMILES to graph: 215/500
7uotc_antigen.pdb  4l5fHL_antibody.pdb
Converting SMILES to graph: 216/500
7uotc_antigen.pdb  6cbpAa_antibody.pdb
Converting SMILES to graph: 217/500
7uotc_antigen.pdb  7wnbHL_antibody.pdb
Converting SMILES to graph: 218/500
7uovA_antigen.pdb  6z3qHL_antibody.pdb
Converting SMILES to graph: 219/500
7uovA_antigen.pdb  6cezHL_antibody.pdb
Converting SMILES to graph: 220/500
7uovA_antigen.pdb  7f6zHL_antibody.pdb
Converting SMILES to graph: 221/500
7uovA_antigen.pdb  6fzqHh_antibody.pdb
Converting SMILES to graph: 222/500
7uovA_antigen.pdb  7fg3D_antibody.pdb
Converting SMILES to graph: 223/500
7uovA_antigen.pdb  7nd4HL_antibody.pdb
Converting SMILES to graph: 224/500
7uowA_antigen.pdb  4g7yHL_antibody.pdb
Converting SMILES to graph: 225/500
7uowA_antigen.pdb  6cvkAa_antibody.pdb
Converting SMILES to graph: 226/500
7uowA_antigen.pdb  6ofiHL_antibody.pdb
Converting SMILES to graph: 227/500
7uowA_antigen.pdb  7oapF_antibody.pdb
Converting SMILES to graph: 228/500
7uowA_antigen.pdb  7w6pHh_antibody.pdb
Converting SMILES to graph: 229/500
7uowA_antigen.pdb  5vn3MO_antibody.pdb
Converting SMILES to graph: 230/500
7up9GA_antigen.pdb  8erqHL_antibody.pdb
Converting SMILES to graph: 231/500
7up9GA_antigen.pdb  7um5Ee_antibody.pdb
Converting SMILES to graph: 232/500
7up9GA_antigen.pdb  7duqN_antibody.pdb
Converting SMILES to graph: 233/500
7up9GA_antigen.pdb  7xeiCD_antibody.pdb
Converting SMILES to graph: 234/500
7up9GA_antigen.pdb  8bbnMN_antibody.pdb
Converting SMILES to graph: 235/500
7up9GA_antigen.pdb  6vo3IK_antibody.pdb
Converting SMILES to graph: 236/500
7upaA_antigen.pdb  8id6Ss_antibody.pdb
Converting SMILES to graph: 237/500
7upaA_antigen.pdb  6k42Hh_antibody.pdb
Converting SMILES to graph: 238/500
7upaA_antigen.pdb  7d77Ss_antibody.pdb
Converting SMILES to graph: 239/500
7upaA_antigen.pdb  2hkfHL_antibody.pdb
Converting SMILES to graph: 240/500
7upaA_antigen.pdb  6huoG_antibody.pdb
Converting SMILES to graph: 241/500
7upaA_antigen.pdb  7dstE_antibody.pdb
Converting SMILES to graph: 242/500
7upbA_antigen.pdb  4y8dC_antibody.pdb
Converting SMILES to graph: 243/500
7upbA_antigen.pdb  8dedHL_antibody.pdb
Converting SMILES to graph: 244/500
7upbA_antigen.pdb  7e5sUQ_antibody.pdb
Converting SMILES to graph: 245/500
7upbA_antigen.pdb  6o1fHL_antibody.pdb
Converting SMILES to graph: 246/500
7upbA_antigen.pdb  8b1kB_antibody.pdb
Converting SMILES to graph: 247/500
7upbA_antigen.pdb  4xzuEF_antibody.pdb
Converting SMILES to graph: 248/500
7updA_antigen.pdb  5my4BA_antibody.pdb
Converting SMILES to graph: 249/500
7updA_antigen.pdb  7soaHL_antibody.pdb
Converting SMILES to graph: 250/500
7updA_antigen.pdb  8dimBC_antibody.pdb
Converting SMILES to graph: 251/500
7updA_antigen.pdb  7e6pHL_antibody.pdb
Converting SMILES to graph: 252/500
7updA_antigen.pdb  7nk8F_antibody.pdb
Converting SMILES to graph: 253/500
7updA_antigen.pdb  7rbvHL_antibody.pdb
Converting SMILES to graph: 254/500
7upkD_antigen.pdb  5kzcBD_antibody.pdb
Converting SMILES to graph: 255/500
7upkD_antigen.pdb  7xcoHL_antibody.pdb
Converting SMILES to graph: 256/500
7upkD_antigen.pdb  5f96HL_antibody.pdb
Converting SMILES to graph: 257/500
7upkD_antigen.pdb  2fjhBA_antibody.pdb
Converting SMILES to graph: 258/500
7upkD_antigen.pdb  7weaHL_antibody.pdb
Converting SMILES to graph: 259/500
7upkD_antigen.pdb  6wzmCD_antibody.pdb
Converting SMILES to graph: 260/500
7uplB_antigen.pdb  6oe4EF_antibody.pdb
Converting SMILES to graph: 261/500
7uplB_antigen.pdb  7kzbAB_antibody.pdb
Converting SMILES to graph: 262/500
7uplB_antigen.pdb  8ez8HL_antibody.pdb
Converting SMILES to graph: 263/500
7uplB_antigen.pdb  5w6gHL_antibody.pdb
Converting SMILES to graph: 264/500
7uplB_antigen.pdb  6bqbHL_antibody.pdb
Converting SMILES to graph: 265/500
7uplB_antigen.pdb  4khtHL_antibody.pdb
Converting SMILES to graph: 266/500
7upmA_antigen.pdb  4uaoCB_antibody.pdb
Converting SMILES to graph: 267/500
7upmA_antigen.pdb  6j6yBC_antibody.pdb
Converting SMILES to graph: 268/500
7upmA_antigen.pdb  6i07Bb_antibody.pdb
Converting SMILES to graph: 269/500
7upmA_antigen.pdb  7durN_antibody.pdb
Converting SMILES to graph: 270/500
7upmA_antigen.pdb  7y7mFG_antibody.pdb
Converting SMILES to graph: 271/500
7upmA_antigen.pdb  7x2kHL_antibody.pdb
Converting SMILES to graph: 272/500
7upwA_antigen.pdb  3so3CB_antibody.pdb
Converting SMILES to graph: 273/500
7upwA_antigen.pdb  1u8kBA_antibody.pdb
Converting SMILES to graph: 274/500
7upwA_antigen.pdb  3ze0HL_antibody.pdb
Converting SMILES to graph: 275/500
7upwA_antigen.pdb  5ghwHL_antibody.pdb
Converting SMILES to graph: 276/500
7upwA_antigen.pdb  3leyHL_antibody.pdb
Converting SMILES to graph: 277/500
7upwA_antigen.pdb  6dbgC_antibody.pdb
Converting SMILES to graph: 278/500
7upxA_antigen.pdb  5vlpHL_antibody.pdb
Converting SMILES to graph: 279/500
7upxA_antigen.pdb  6vknIK_antibody.pdb
Converting SMILES to graph: 280/500
7upxA_antigen.pdb  4s1rHL_antibody.pdb
Converting SMILES to graph: 281/500
7upxA_antigen.pdb  3riaIO_antibody.pdb
Converting SMILES to graph: 282/500
7upxA_antigen.pdb  6xbmSs_antibody.pdb
Converting SMILES to graph: 283/500
7upxA_antigen.pdb  5czvHL_antibody.pdb
Converting SMILES to graph: 284/500
7upyB_antigen.pdb  6uoeHL_antibody.pdb
Converting SMILES to graph: 285/500
7upyB_antigen.pdb  7x8wHL_antibody.pdb
Converting SMILES to graph: 286/500
7upyB_antigen.pdb  5hvfB_antibody.pdb
Converting SMILES to graph: 287/500
7upyB_antigen.pdb  4mhhHL_antibody.pdb
Converting SMILES to graph: 288/500
7upyB_antigen.pdb  5a2jHh_antibody.pdb
Converting SMILES to graph: 289/500
7upyB_antigen.pdb  7z12BC_antibody.pdb
Converting SMILES to graph: 290/500
7uqcC_antigen.pdb  1yylHL_antibody.pdb
Converting SMILES to graph: 291/500
7uqcC_antigen.pdb  8aflD_antibody.pdb
Converting SMILES to graph: 292/500
7uqcC_antigen.pdb  7yk7Ss_antibody.pdb
Converting SMILES to graph: 293/500
7uqcC_antigen.pdb  6xobST_antibody.pdb
Converting SMILES to graph: 294/500
7uqcC_antigen.pdb  5u8qHL_antibody.pdb
Converting SMILES to graph: 295/500
7uqcC_antigen.pdb  8dzrEe_antibody.pdb
Converting SMILES to graph: 296/500
7ur4B_antigen.pdb  8c7hLK_antibody.pdb
Converting SMILES to graph: 297/500
7ur4B_antigen.pdb  6xzfB_antibody.pdb
Converting SMILES to graph: 298/500
7ur4B_antigen.pdb  7q9mEF_antibody.pdb
Converting SMILES to graph: 299/500
7ur4B_antigen.pdb  4lgrB_antibody.pdb
Converting SMILES to graph: 300/500
7ur4B_antigen.pdb  7k8sHL_antibody.pdb
Converting SMILES to graph: 301/500
7ur4B_antigen.pdb  2w9eHL_antibody.pdb
Converting SMILES to graph: 302/500
7ur6BG_antigen.pdb  7d5zPO_antibody.pdb
Converting SMILES to graph: 303/500
7ur6BG_antigen.pdb  7wxwD_antibody.pdb
Converting SMILES to graph: 304/500
7ur6BG_antigen.pdb  3egsBA_antibody.pdb
Converting SMILES to graph: 305/500
7ur6BG_antigen.pdb  6dcqHL_antibody.pdb
Converting SMILES to graph: 306/500
7ur6BG_antigen.pdb  7mlvLM_antibody.pdb
Converting SMILES to graph: 307/500
7ur6BG_antigen.pdb  7kqkHL_antibody.pdb
Converting SMILES to graph: 308/500
7uraA_antigen.pdb  7ummHL_antibody.pdb
Converting SMILES to graph: 309/500
7uraA_antigen.pdb  5gruLl_antibody.pdb
Converting SMILES to graph: 310/500
7uraA_antigen.pdb  2b4cHL_antibody.pdb
Converting SMILES to graph: 311/500
7uraA_antigen.pdb  7swnHL_antibody.pdb
Converting SMILES to graph: 312/500
7uraA_antigen.pdb  6xxvAB_antibody.pdb
Converting SMILES to graph: 313/500
7uraA_antigen.pdb  3e8uHL_antibody.pdb
Converting SMILES to graph: 314/500
7urcA_antigen.pdb  7k5xNn_antibody.pdb
Converting SMILES to graph: 315/500
7urcA_antigen.pdb  7w3zHh_antibody.pdb
Converting SMILES to graph: 316/500
7urcA_antigen.pdb  7whkE_antibody.pdb
Converting SMILES to graph: 317/500
7urcA_antigen.pdb  5ushDE_antibody.pdb
Converting SMILES to graph: 318/500
7urcA_antigen.pdb  4onfHL_antibody.pdb
Converting SMILES to graph: 319/500
7urcA_antigen.pdb  8ibvEe_antibody.pdb
Converting SMILES to graph: 320/500
7urdA_antigen.pdb  7a4dA_antibody.pdb
Converting SMILES to graph: 321/500
7urdA_antigen.pdb  7dfpCB_antibody.pdb
Converting SMILES to graph: 322/500
7urdA_antigen.pdb  7sjnDE_antibody.pdb
Converting SMILES to graph: 323/500
7urdA_antigen.pdb  8hk3Hh_antibody.pdb
Converting SMILES to graph: 324/500
7urdA_antigen.pdb  8gpyCD_antibody.pdb
Converting SMILES to graph: 325/500
7urdA_antigen.pdb  5lhpB_antibody.pdb
Converting SMILES to graph: 326/500
7ureA_antigen.pdb  6bzuGH_antibody.pdb
Converting SMILES to graph: 327/500
7ureA_antigen.pdb  6vtwHL_antibody.pdb
Converting SMILES to graph: 328/500
7ureA_antigen.pdb  7o30BA_antibody.pdb
Converting SMILES to graph: 329/500
7ureA_antigen.pdb  8cxgHL_antibody.pdb
Converting SMILES to graph: 330/500
7ureA_antigen.pdb  7ra8CD_antibody.pdb
Converting SMILES to graph: 331/500
7ureA_antigen.pdb  7shyCD_antibody.pdb
Converting SMILES to graph: 332/500
7urfA_antigen.pdb  6lraHL_antibody.pdb
Converting SMILES to graph: 333/500
7urfA_antigen.pdb  6p3sCD_antibody.pdb
Converting SMILES to graph: 334/500
7urfA_antigen.pdb  6p8nBD_antibody.pdb
Converting SMILES to graph: 335/500
7urfA_antigen.pdb  5utfDE_antibody.pdb
Converting SMILES to graph: 336/500
7urfA_antigen.pdb  8dokCD_antibody.pdb
Converting SMILES to graph: 337/500
7urfA_antigen.pdb  8ia2Hh_antibody.pdb
Converting SMILES to graph: 338/500
7urqA_antigen.pdb  7v3lDE_antibody.pdb
Converting SMILES to graph: 339/500
7urqA_antigen.pdb  7yv7FE_antibody.pdb
Converting SMILES to graph: 340/500
7urqA_antigen.pdb  8bczHL_antibody.pdb
Converting SMILES to graph: 341/500
7urqA_antigen.pdb  6ad7CD_antibody.pdb
Converting SMILES to graph: 342/500
7urqA_antigen.pdb  5vcoDC_antibody.pdb
Converting SMILES to graph: 343/500
7urqA_antigen.pdb  6f2gB_antibody.pdb
Converting SMILES to graph: 344/500
7ursA_antigen.pdb  6oanBb_antibody.pdb
Converting SMILES to graph: 345/500
7ursA_antigen.pdb  7ph3C_antibody.pdb
Converting SMILES to graph: 346/500
7ursA_antigen.pdb  8errHL_antibody.pdb
Converting SMILES to graph: 347/500
7ursA_antigen.pdb  2exwCD_antibody.pdb
Converting SMILES to graph: 348/500
7ursA_antigen.pdb  4pgjA_antibody.pdb
Converting SMILES to graph: 349/500
7ursA_antigen.pdb  7ndfC_antibody.pdb
Converting SMILES to graph: 350/500
7urvC_antigen.pdb  7pqzHL_antibody.pdb
Converting SMILES to graph: 351/500
7urvC_antigen.pdb  6u3iHL_antibody.pdb
Converting SMILES to graph: 352/500
7urvC_antigen.pdb  4xawHL_antibody.pdb
Converting SMILES to graph: 353/500
7urvC_antigen.pdb  6cbpAa_antibody.pdb
Converting SMILES to graph: 354/500
7urvC_antigen.pdb  6wo5CD_antibody.pdb
Converting SMILES to graph: 355/500
7urvC_antigen.pdb  7nj3F_antibody.pdb
Converting SMILES to graph: 356/500
7urxC_antigen.pdb  6oc3CD_antibody.pdb
Converting SMILES to graph: 357/500
7urxC_antigen.pdb  4tsbHL_antibody.pdb
Converting SMILES to graph: 358/500
7urxC_antigen.pdb  7yu7Ss_antibody.pdb
Converting SMILES to graph: 359/500
7urxC_antigen.pdb  3iywHL_antibody.pdb
Converting SMILES to graph: 360/500
7urxC_antigen.pdb  4nc0B_antibody.pdb
Converting SMILES to graph: 361/500
7urxC_antigen.pdb  7czxIM_antibody.pdb
Converting SMILES to graph: 362/500
7uslC_antigen.pdb  7crhN_antibody.pdb
Converting SMILES to graph: 363/500
7uslC_antigen.pdb  7ul0HL_antibody.pdb
Converting SMILES to graph: 364/500
7uslC_antigen.pdb  7xw5N_antibody.pdb
Converting SMILES to graph: 365/500
7uslC_antigen.pdb  6wmwHL_antibody.pdb
Converting SMILES to graph: 366/500
7uslC_antigen.pdb  6qv2F_antibody.pdb
Converting SMILES to graph: 367/500
7uslC_antigen.pdb  7k60Mm_antibody.pdb
Converting SMILES to graph: 368/500
7ustA_antigen.pdb  6vi0HL_antibody.pdb
Converting SMILES to graph: 369/500
7ustA_antigen.pdb  5vkeAB_antibody.pdb
Converting SMILES to graph: 370/500
7ustA_antigen.pdb  6werEF_antibody.pdb
Converting SMILES to graph: 371/500
7ustA_antigen.pdb  6mtjDE_antibody.pdb
Converting SMILES to graph: 372/500
7ustA_antigen.pdb  7xmxEF_antibody.pdb
Converting SMILES to graph: 373/500
7ustA_antigen.pdb  7wowDd_antibody.pdb
Converting SMILES to graph: 374/500
7usvB_antigen.pdb  6y92CD_antibody.pdb
Converting SMILES to graph: 375/500
7usvB_antigen.pdb  7bbjMN_antibody.pdb
Converting SMILES to graph: 376/500
7usvB_antigen.pdb  8sb2CD_antibody.pdb
Converting SMILES to graph: 377/500
7usvB_antigen.pdb  7yckCD_antibody.pdb
Converting SMILES to graph: 378/500
7usvB_antigen.pdb  8fd1C_antibody.pdb
Converting SMILES to graph: 379/500
7usvB_antigen.pdb  7vq0D_antibody.pdb
Converting SMILES to graph: 380/500
7utzYZX_antigen.pdb  3jbc7_antibody.pdb
Converting SMILES to graph: 381/500
7utzYZX_antigen.pdb  7ts0Hh_antibody.pdb
Converting SMILES to graph: 382/500
7utzYZX_antigen.pdb  7wk9ab_antibody.pdb
Converting SMILES to graph: 383/500
7utzYZX_antigen.pdb  7dhiN_antibody.pdb
Converting SMILES to graph: 384/500
7utzYZX_antigen.pdb  4ldlB_antibody.pdb
Converting SMILES to graph: 385/500
7utzYZX_antigen.pdb  6uymHL_antibody.pdb
Converting SMILES to graph: 386/500
7uvfA_antigen.pdb  7enfPO_antibody.pdb
Converting SMILES to graph: 387/500
7uvfA_antigen.pdb  3u4eHL_antibody.pdb
Converting SMILES to graph: 388/500
7uvfA_antigen.pdb  4ij3CB_antibody.pdb
Converting SMILES to graph: 389/500
7uvfA_antigen.pdb  5w42HL_antibody.pdb
Converting SMILES to graph: 390/500
7uvfA_antigen.pdb  6p9xN_antibody.pdb
Converting SMILES to graph: 391/500
7uvfA_antigen.pdb  7y12Ss_antibody.pdb
Converting SMILES to graph: 392/500
7uvhC_antigen.pdb  2ypvHL_antibody.pdb
Converting SMILES to graph: 393/500
7uvhC_antigen.pdb  6j7wB_antibody.pdb
Converting SMILES to graph: 394/500
7uvhC_antigen.pdb  5y7zD_antibody.pdb
Converting SMILES to graph: 395/500
7uvhC_antigen.pdb  6o2cAB_antibody.pdb
Converting SMILES to graph: 396/500
7uvhC_antigen.pdb  7rkmDd_antibody.pdb
Converting SMILES to graph: 397/500
7uvhC_antigen.pdb  3d0lBA_antibody.pdb
Converting SMILES to graph: 398/500
7uviC_antigen.pdb  6oknAB_antibody.pdb
Converting SMILES to graph: 399/500
7uviC_antigen.pdb  3o2dHL_antibody.pdb
Converting SMILES to graph: 400/500
7uviC_antigen.pdb  6cxgHL_antibody.pdb
Converting SMILES to graph: 401/500
7uviC_antigen.pdb  7nx7HL_antibody.pdb
Converting SMILES to graph: 402/500
7uviC_antigen.pdb  7xtbN_antibody.pdb
Converting SMILES to graph: 403/500
7uviC_antigen.pdb  6rcuED_antibody.pdb
Converting SMILES to graph: 404/500
7uvoC_antigen.pdb  7rajHL_antibody.pdb
Converting SMILES to graph: 405/500
7uvoC_antigen.pdb  5lwyHL_antibody.pdb
Converting SMILES to graph: 406/500
7uvoC_antigen.pdb  7sr3B_antibody.pdb
Converting SMILES to graph: 407/500
7uvoC_antigen.pdb  7xw7AB_antibody.pdb
Converting SMILES to graph: 408/500
7uvoC_antigen.pdb  6o2aCD_antibody.pdb
Converting SMILES to graph: 409/500
7uvoC_antigen.pdb  4tukHL_antibody.pdb
Converting SMILES to graph: 410/500
7uvqA_antigen.pdb  8bevB_antibody.pdb
Converting SMILES to graph: 411/500
7uvqA_antigen.pdb  7lkfHL_antibody.pdb
Converting SMILES to graph: 412/500
7uvqA_antigen.pdb  7mmnDE_antibody.pdb
Converting SMILES to graph: 413/500
7uvqA_antigen.pdb  7ld1MN_antibody.pdb
Converting SMILES to graph: 414/500
7uvqA_antigen.pdb  6jszD_antibody.pdb
Converting SMILES to graph: 415/500
7uvqA_antigen.pdb  7mjkHI_antibody.pdb
Converting SMILES to graph: 416/500
7uvsC_antigen.pdb  7wryHL_antibody.pdb
Converting SMILES to graph: 417/500
7uvsC_antigen.pdb  7s8mEe_antibody.pdb
Converting SMILES to graph: 418/500
7uvsC_antigen.pdb  7nvmN_antibody.pdb
Converting SMILES to graph: 419/500
7uvsC_antigen.pdb  7n05HL_antibody.pdb
Converting SMILES to graph: 420/500
7uvsC_antigen.pdb  6o2bOP_antibody.pdb
Converting SMILES to graph: 421/500
7uxlR_antigen.pdb  6pz8CG_antibody.pdb
Converting SMILES to graph: 422/500
7uxlR_antigen.pdb  6wnoEF_antibody.pdb
Converting SMILES to graph: 423/500
7uxlR_antigen.pdb  7kbiC_antibody.pdb
Converting SMILES to graph: 424/500
7uxlR_antigen.pdb  2w0fAB_antibody.pdb
Converting SMILES to graph: 425/500
7uxlR_antigen.pdb  7fg2D_antibody.pdb
Converting SMILES to graph: 426/500
7uxlR_antigen.pdb  4uu9HL_antibody.pdb
Converting SMILES to graph: 427/500
7uymP_antigen.pdb  4kk5EF_antibody.pdb
Converting SMILES to graph: 428/500
7uymP_antigen.pdb  8gpiAC_antibody.pdb
Converting SMILES to graph: 429/500
7uymP_antigen.pdb  3k80B_antibody.pdb
Converting SMILES to graph: 430/500
7uymP_antigen.pdb  4xnzHL_antibody.pdb
Converting SMILES to graph: 431/500
7uymP_antigen.pdb  3uyrHL_antibody.pdb
Converting SMILES to graph: 432/500
7uymP_antigen.pdb  8j19Ss_antibody.pdb
Converting SMILES to graph: 433/500
7uz4A_antigen.pdb  7ldjG_antibody.pdb
Converting SMILES to graph: 434/500
7uz4A_antigen.pdb  6dfgHL_antibody.pdb
Converting SMILES to graph: 435/500
7uz4A_antigen.pdb  7z6vX_antibody.pdb
Converting SMILES to graph: 436/500
7uz4A_antigen.pdb  7stsAB_antibody.pdb
Converting SMILES to graph: 437/500
7uz4A_antigen.pdb  5vobHL_antibody.pdb
Converting SMILES to graph: 438/500
7uz4A_antigen.pdb  4ut6IM_antibody.pdb
Converting SMILES to graph: 439/500
7uz5A_antigen.pdb  1jttA_antibody.pdb
Converting SMILES to graph: 440/500
7uz5A_antigen.pdb  5wk3WV_antibody.pdb
Converting SMILES to graph: 441/500
7uz5A_antigen.pdb  5tjwK_antibody.pdb
Converting SMILES to graph: 442/500
7uz5A_antigen.pdb  7m6dAB_antibody.pdb
Converting SMILES to graph: 443/500
7uz5A_antigen.pdb  7mw5FG_antibody.pdb
Converting SMILES to graph: 444/500
7uz5A_antigen.pdb  6wzgN_antibody.pdb
Converting SMILES to graph: 445/500
7uz6A_antigen.pdb  6ldvHL_antibody.pdb
Converting SMILES to graph: 446/500
7uz6A_antigen.pdb  7wslHL_antibody.pdb
Converting SMILES to graph: 447/500
7uz6A_antigen.pdb  7q0aYZ_antibody.pdb
Converting SMILES to graph: 448/500
7uz6A_antigen.pdb  8g6iCB_antibody.pdb
Converting SMILES to graph: 449/500
7uz6A_antigen.pdb  7kbkC_antibody.pdb
Converting SMILES to graph: 450/500
7uz6A_antigen.pdb  4jlrHL_antibody.pdb
Converting SMILES to graph: 451/500
7uz7A_antigen.pdb  7kn7HL_antibody.pdb
Converting SMILES to graph: 452/500
7uz7A_antigen.pdb  7xmzHL_antibody.pdb
Converting SMILES to graph: 453/500
7uz7A_antigen.pdb  8f60AB_antibody.pdb
Converting SMILES to graph: 454/500
7uz7A_antigen.pdb  7uopHL_antibody.pdb
Converting SMILES to graph: 455/500
7uz7A_antigen.pdb  5n88A_antibody.pdb
Converting SMILES to graph: 456/500
7uz7A_antigen.pdb  5ggrHL_antibody.pdb
Converting SMILES to graph: 457/500
7uz8A_antigen.pdb  5vkeAB_antibody.pdb
Converting SMILES to graph: 458/500
7uz8A_antigen.pdb  3jwoHL_antibody.pdb
Converting SMILES to graph: 459/500
7uz8A_antigen.pdb  7m7hEF_antibody.pdb
Converting SMILES to graph: 460/500
7uz8A_antigen.pdb  7kbkC_antibody.pdb
Converting SMILES to graph: 461/500
7uz8A_antigen.pdb  3p0yHL_antibody.pdb
Converting SMILES to graph: 462/500
7uz8A_antigen.pdb  7bh8GH_antibody.pdb
Converting SMILES to graph: 463/500
7uz9A_antigen.pdb  7t86HL_antibody.pdb
Converting SMILES to graph: 464/500
7uz9A_antigen.pdb  5vxlB_antibody.pdb
Converting SMILES to graph: 465/500
7uz9A_antigen.pdb  6ukjHL_antibody.pdb
Converting SMILES to graph: 466/500
7uz9A_antigen.pdb  8tb0Ff_antibody.pdb
Converting SMILES to graph: 467/500
7uz9A_antigen.pdb  6mekFE_antibody.pdb
Converting SMILES to graph: 468/500
7uz9A_antigen.pdb  7tl0DE_antibody.pdb
Converting SMILES to graph: 469/500
7uzaAB_antigen.pdb  5ushDE_antibody.pdb
Converting SMILES to graph: 470/500
7uzaAB_antigen.pdb  8dlrHL_antibody.pdb
Converting SMILES to graph: 471/500
7uzaAB_antigen.pdb  7rlwCD_antibody.pdb
Converting SMILES to graph: 472/500
7uzaAB_antigen.pdb  8hcbDE_antibody.pdb
Converting SMILES to graph: 473/500
7uzaAB_antigen.pdb  8en1C_antibody.pdb
Converting SMILES to graph: 474/500
7uzaAB_antigen.pdb  7x2fE_antibody.pdb
Converting SMILES to graph: 475/500
7uzbA_antigen.pdb  6okmHL_antibody.pdb
Converting SMILES to graph: 476/500
7uzbA_antigen.pdb  7sfwQR_antibody.pdb
Converting SMILES to graph: 477/500
7uzbA_antigen.pdb  6vx4HK_antibody.pdb
Converting SMILES to graph: 478/500
7uzbA_antigen.pdb  6i3zHL_antibody.pdb
Converting SMILES to graph: 479/500
7uzbA_antigen.pdb  8ez8HL_antibody.pdb
Converting SMILES to graph: 480/500
7uzbA_antigen.pdb  6x1aN_antibody.pdb
Converting SMILES to graph: 481/500
7uzcB_antigen.pdb  6q1zHL_antibody.pdb
Converting SMILES to graph: 482/500
7uzcB_antigen.pdb  5utfDE_antibody.pdb
Converting SMILES to graph: 483/500
7uzcB_antigen.pdb  6ch8DE_antibody.pdb
Converting SMILES to graph: 484/500
7uzcB_antigen.pdb  7pnqDF_antibody.pdb
Converting SMILES to graph: 485/500
7uzcB_antigen.pdb  7mlvLM_antibody.pdb
Converting SMILES to graph: 486/500
7uzcB_antigen.pdb  4xnmBA_antibody.pdb
Converting SMILES to graph: 487/500
7uzdA_antigen.pdb  6i04HL_antibody.pdb
Converting SMILES to graph: 488/500
7uzdA_antigen.pdb  4wfhGF_antibody.pdb
Converting SMILES to graph: 489/500
7uzdA_antigen.pdb  1kc5HL_antibody.pdb
Converting SMILES to graph: 490/500
7uzdA_antigen.pdb  1egjHL_antibody.pdb
Converting SMILES to graph: 491/500
7uzdA_antigen.pdb  4ht1HL_antibody.pdb
Converting SMILES to graph: 492/500
7uzdA_antigen.pdb  7k3bLK_antibody.pdb
Converting SMILES to graph: 493/500
7v05X_antigen.pdb  7s6jCD_antibody.pdb
Converting SMILES to graph: 494/500
7v05X_antigen.pdb  6jb8A_antibody.pdb
Converting SMILES to graph: 495/500
7v05X_antigen.pdb  8g6uCD_antibody.pdb
Converting SMILES to graph: 496/500
7v05X_antigen.pdb  7s0eHL_antibody.pdb
Converting SMILES to graph: 497/500
7v05X_antigen.pdb  7anqB_antibody.pdb
Converting SMILES to graph: 498/500
7v05X_antigen.pdb  5nhrAB_antibody.pdb
Converting SMILES to graph: 499/500
7v23A_antigen.pdb  6nf5GI_antibody.pdb
Converting SMILES to graph: 500/500
7v23A_antigen.pdb  1kb9JK_antibody.pdb
Graph construction done. Saving to file.
