Converting SMILES to graph: 1/500
2ypvA_antigen.pdb  7qnxAB_antibody.pdb
Converting SMILES to graph: 2/500
2ypvA_antigen.pdb  8dtrAB_antibody.pdb
Converting SMILES to graph: 3/500
2ypvA_antigen.pdb  1vfbBA_antibody.pdb
Converting SMILES to graph: 4/500
2ypvA_antigen.pdb  4f9pDd_antibody.pdb
Converting SMILES to graph: 5/500
2ypvA_antigen.pdb  7uz7HL_antibody.pdb
Converting SMILES to graph: 6/500
2yssC_antigen.pdb  1ospHL_antibody.pdb
Converting SMILES to graph: 7/500
2yssC_antigen.pdb  5bk1HL_antibody.pdb
Converting SMILES to graph: 8/500
2yssC_antigen.pdb  6w51OP_antibody.pdb
Converting SMILES to graph: 9/500
2yssC_antigen.pdb  3a6bHL_antibody.pdb
Converting SMILES to graph: 10/500
2yssC_antigen.pdb  2p43B_antibody.pdb
Converting SMILES to graph: 11/500
2yssC_antigen.pdb  6yu8B_antibody.pdb
Converting SMILES to graph: 12/500
2zchP_antigen.pdb  8dytHL_antibody.pdb
Converting SMILES to graph: 13/500
2zchP_antigen.pdb  7rr0BC_antibody.pdb
Converting SMILES to graph: 14/500
2zchP_antigen.pdb  8fn0Ee_antibody.pdb
Converting SMILES to graph: 15/500
2zchP_antigen.pdb  7fjcHL_antibody.pdb
Converting SMILES to graph: 16/500
2zchP_antigen.pdb  2ht3CD_antibody.pdb
Converting SMILES to graph: 17/500
2zchP_antigen.pdb  6xbkSs_antibody.pdb
Converting SMILES to graph: 18/500
2zckP_antigen.pdb  4lgrB_antibody.pdb
Converting SMILES to graph: 19/500
2zckP_antigen.pdb  7qnxAB_antibody.pdb
Converting SMILES to graph: 20/500
2zckP_antigen.pdb  7a48A_antibody.pdb
Converting SMILES to graph: 21/500
2zckP_antigen.pdb  7th3B_antibody.pdb
Converting SMILES to graph: 22/500
2zckP_antigen.pdb  5lbsHL_antibody.pdb
Converting SMILES to graph: 23/500
2zckP_antigen.pdb  7whjE_antibody.pdb
Converting SMILES to graph: 24/500
2zclP_antigen.pdb  7sobGI_antibody.pdb
Converting SMILES to graph: 25/500
2zclP_antigen.pdb  1iqdBA_antibody.pdb
Converting SMILES to graph: 26/500
2zclP_antigen.pdb  5e8dHL_antibody.pdb
Converting SMILES to graph: 27/500
2zclP_antigen.pdb  7dzyOP_antibody.pdb
Converting SMILES to graph: 28/500
2zclP_antigen.pdb  7s0dHL_antibody.pdb
Converting SMILES to graph: 29/500
2zclP_antigen.pdb  5a2lHh_antibody.pdb
Converting SMILES to graph: 30/500
2zjsY_antigen.pdb  8afmD_antibody.pdb
Converting SMILES to graph: 31/500
2zjsY_antigen.pdb  8j5jE_antibody.pdb
Converting SMILES to graph: 32/500
2zjsY_antigen.pdb  7ttxHL_antibody.pdb
Converting SMILES to graph: 33/500
2zjsY_antigen.pdb  8aonBC_antibody.pdb
Converting SMILES to graph: 34/500
2zjsY_antigen.pdb  2itdAB_antibody.pdb
Converting SMILES to graph: 35/500
2zjsY_antigen.pdb  7k8wNS_antibody.pdb
Converting SMILES to graph: 36/500
2znwZ_antigen.pdb  2oz4HL_antibody.pdb
Converting SMILES to graph: 37/500
2znwZ_antigen.pdb  8hwsHL_antibody.pdb
Converting SMILES to graph: 38/500
2znwZ_antigen.pdb  7vvnN_antibody.pdb
Converting SMILES to graph: 39/500
2znwZ_antigen.pdb  6o42HL_antibody.pdb
Converting SMILES to graph: 40/500
2znwZ_antigen.pdb  7s6jCD_antibody.pdb
Converting SMILES to graph: 41/500
2znwZ_antigen.pdb  8b1gB_antibody.pdb
Converting SMILES to graph: 42/500
2znxY_antigen.pdb  8fe3HL_antibody.pdb
Converting SMILES to graph: 43/500
2znxY_antigen.pdb  5u1fHL_antibody.pdb
Converting SMILES to graph: 44/500
2znxY_antigen.pdb  5w0dBC_antibody.pdb
Converting SMILES to graph: 45/500
2znxY_antigen.pdb  7wicSs_antibody.pdb
Converting SMILES to graph: 46/500
2znxY_antigen.pdb  7x96HL_antibody.pdb
Converting SMILES to graph: 47/500
2znxY_antigen.pdb  7xz6N_antibody.pdb
Converting SMILES to graph: 48/500
2zpkQ_antigen.pdb  7ljaGF_antibody.pdb
Converting SMILES to graph: 49/500
2zpkQ_antigen.pdb  7b2mD_antibody.pdb
Converting SMILES to graph: 50/500
2zpkQ_antigen.pdb  3zkxB_antibody.pdb
Converting SMILES to graph: 51/500
2zpkQ_antigen.pdb  6m58CD_antibody.pdb
Converting SMILES to graph: 52/500
2zpkQ_antigen.pdb  6oz3HL_antibody.pdb
Converting SMILES to graph: 53/500
2zpkQ_antigen.pdb  4rwyHL_antibody.pdb
Converting SMILES to graph: 54/500
2zuqD_antigen.pdb  5fojA_antibody.pdb
Converting SMILES to graph: 55/500
2zuqD_antigen.pdb  7tryHh_antibody.pdb
Converting SMILES to graph: 56/500
2zuqD_antigen.pdb  7uz7HL_antibody.pdb
Converting SMILES to graph: 57/500
2zuqD_antigen.pdb  6ewbJK_antibody.pdb
Converting SMILES to graph: 58/500
2zuqD_antigen.pdb  7yitD_antibody.pdb
Converting SMILES to graph: 59/500
2zuqD_antigen.pdb  5w9kHI_antibody.pdb
Converting SMILES to graph: 60/500
3a67Y_antigen.pdb  6zbvB_antibody.pdb
Converting SMILES to graph: 61/500
3a67Y_antigen.pdb  1xfpA_antibody.pdb
Converting SMILES to graph: 62/500
3a67Y_antigen.pdb  8ct6HL_antibody.pdb
Converting SMILES to graph: 63/500
3a67Y_antigen.pdb  7k78Kk_antibody.pdb
Converting SMILES to graph: 64/500
3a67Y_antigen.pdb  1bgxHL_antibody.pdb
Converting SMILES to graph: 65/500
3a67Y_antigen.pdb  2y36HL_antibody.pdb
Converting SMILES to graph: 66/500
3a6bY_antigen.pdb  7v23OP_antibody.pdb
Converting SMILES to graph: 67/500
3a6bY_antigen.pdb  8eygE_antibody.pdb
Converting SMILES to graph: 68/500
3a6bY_antigen.pdb  7qcqA_antibody.pdb
Converting SMILES to graph: 69/500
3a6bY_antigen.pdb  7qbgE_antibody.pdb
Converting SMILES to graph: 70/500
3a6bY_antigen.pdb  1u8pBA_antibody.pdb
Converting SMILES to graph: 71/500
3a6bY_antigen.pdb  4wv1BA_antibody.pdb
Converting SMILES to graph: 72/500
3a6cY_antigen.pdb  4q0xHL_antibody.pdb
Converting SMILES to graph: 73/500
3a6cY_antigen.pdb  4xh2AB_antibody.pdb
Converting SMILES to graph: 74/500
3a6cY_antigen.pdb  6suzHL_antibody.pdb
Converting SMILES to graph: 75/500
3a6cY_antigen.pdb  7tdnHL_antibody.pdb
Converting SMILES to graph: 76/500
3a6cY_antigen.pdb  7wcdEF_antibody.pdb
Converting SMILES to graph: 77/500
3ab0A_antigen.pdb  4pd4JK_antibody.pdb
Converting SMILES to graph: 78/500
3ab0A_antigen.pdb  1p84JK_antibody.pdb
Converting SMILES to graph: 79/500
3ab0A_antigen.pdb  6idlIJ_antibody.pdb
Converting SMILES to graph: 80/500
3ab0A_antigen.pdb  4dvrHL_antibody.pdb
Converting SMILES to graph: 81/500
3ab0A_antigen.pdb  6wqoBC_antibody.pdb
Converting SMILES to graph: 82/500
3ab0A_antigen.pdb  8fg0CD_antibody.pdb
Converting SMILES to graph: 83/500
3b2uE_antigen.pdb  7x7dB_antibody.pdb
Converting SMILES to graph: 84/500
3b2uE_antigen.pdb  4rauBA_antibody.pdb
Converting SMILES to graph: 85/500
3b2uE_antigen.pdb  2p42D_antibody.pdb
Converting SMILES to graph: 86/500
3b2uE_antigen.pdb  7cakIH_antibody.pdb
Converting SMILES to graph: 87/500
3b2uE_antigen.pdb  4lgsB_antibody.pdb
Converting SMILES to graph: 88/500
3b2uE_antigen.pdb  6hhdD_antibody.pdb
Converting SMILES to graph: 89/500
3b2vA_antigen.pdb  7cfmN_antibody.pdb
Converting SMILES to graph: 90/500
3b2vA_antigen.pdb  5x2mJK_antibody.pdb
Converting SMILES to graph: 91/500
3b2vA_antigen.pdb  3riaIO_antibody.pdb
Converting SMILES to graph: 92/500
3b2vA_antigen.pdb  7nksCD_antibody.pdb
Converting SMILES to graph: 93/500
3b2vA_antigen.pdb  7tgfB_antibody.pdb
Converting SMILES to graph: 94/500
3b2vA_antigen.pdb  3eyfBA_antibody.pdb
Converting SMILES to graph: 95/500
3b9kB_antigen.pdb  8f6jFE_antibody.pdb
Converting SMILES to graph: 96/500
3b9kB_antigen.pdb  6fv0F_antibody.pdb
Converting SMILES to graph: 97/500
3b9kB_antigen.pdb  2fedCD_antibody.pdb
Converting SMILES to graph: 98/500
3b9kB_antigen.pdb  7vndD_antibody.pdb
Converting SMILES to graph: 99/500
3b9kB_antigen.pdb  4fqiHL_antibody.pdb
Converting SMILES to graph: 100/500
3b9kB_antigen.pdb  7f62HL_antibody.pdb
Converting SMILES to graph: 101/500
3baeA_antigen.pdb  8f7rEe_antibody.pdb
Converting SMILES to graph: 102/500
3baeA_antigen.pdb  7stsAB_antibody.pdb
Converting SMILES to graph: 103/500
3baeA_antigen.pdb  7x8zHL_antibody.pdb
Converting SMILES to graph: 104/500
3baeA_antigen.pdb  7d85BC_antibody.pdb
Converting SMILES to graph: 105/500
3baeA_antigen.pdb  2oslHL_antibody.pdb
Converting SMILES to graph: 106/500
3baeA_antigen.pdb  6nmuBA_antibody.pdb
Converting SMILES to graph: 107/500
3bdyV_antigen.pdb  6w2bBC_antibody.pdb
Converting SMILES to graph: 108/500
3bdyV_antigen.pdb  8x0tHL_antibody.pdb
Converting SMILES to graph: 109/500
3bdyV_antigen.pdb  5erwAB_antibody.pdb
Converting SMILES to graph: 110/500
3bdyV_antigen.pdb  8euuGH_antibody.pdb
Converting SMILES to graph: 111/500
3bdyV_antigen.pdb  7z1bF_antibody.pdb
Converting SMILES to graph: 112/500
3bdyV_antigen.pdb  3eoaHL_antibody.pdb
Converting SMILES to graph: 113/500
3be1A_antigen.pdb  7epxHL_antibody.pdb
Converting SMILES to graph: 114/500
3be1A_antigen.pdb  8f0jN_antibody.pdb
Converting SMILES to graph: 115/500
3be1A_antigen.pdb  2nxyDC_antibody.pdb
Converting SMILES to graph: 116/500
3be1A_antigen.pdb  7mjtAB_antibody.pdb
Converting SMILES to graph: 117/500
3be1A_antigen.pdb  7mdjAB_antibody.pdb
Converting SMILES to graph: 118/500
3be1A_antigen.pdb  5whkHL_antibody.pdb
Converting SMILES to graph: 119/500
3bgfS_antigen.pdb  4kv5Jj_antibody.pdb
Converting SMILES to graph: 120/500
3bgfS_antigen.pdb  7yvpLM_antibody.pdb
Converting SMILES to graph: 121/500
3bgfS_antigen.pdb  6otcHL_antibody.pdb
Converting SMILES to graph: 122/500
3bgfS_antigen.pdb  6wwzSs_antibody.pdb
Converting SMILES to graph: 123/500
3bgfS_antigen.pdb  7x2iHL_antibody.pdb
Converting SMILES to graph: 124/500
3bgfS_antigen.pdb  1nccHL_antibody.pdb
Converting SMILES to graph: 125/500
3bkjA_antigen.pdb  7pa5B_antibody.pdb
Converting SMILES to graph: 126/500
3bkjA_antigen.pdb  6oyhG_antibody.pdb
Converting SMILES to graph: 127/500
3bkjA_antigen.pdb  6xkpMN_antibody.pdb
Converting SMILES to graph: 128/500
3bkjA_antigen.pdb  7o9wCB_antibody.pdb
Converting SMILES to graph: 129/500
3bkjA_antigen.pdb  8hptHh_antibody.pdb
Converting SMILES to graph: 130/500
3bkjA_antigen.pdb  7wxuN_antibody.pdb
Converting SMILES to graph: 131/500
3bkyP_antigen.pdb  6gk8HL_antibody.pdb
Converting SMILES to graph: 132/500
3bkyP_antigen.pdb  4qkxB_antibody.pdb
Converting SMILES to graph: 133/500
3bkyP_antigen.pdb  7upmB_antibody.pdb
Converting SMILES to graph: 134/500
3bkyP_antigen.pdb  6mwvKL_antibody.pdb
Converting SMILES to graph: 135/500
3bkyP_antigen.pdb  8h7lDG_antibody.pdb
Converting SMILES to graph: 136/500
3bkyP_antigen.pdb  3dvnBA_antibody.pdb
Converting SMILES to graph: 137/500
3bn9B_antigen.pdb  4lvnCB_antibody.pdb
Converting SMILES to graph: 138/500
3bn9B_antigen.pdb  1g6vK_antibody.pdb
Converting SMILES to graph: 139/500
3bn9B_antigen.pdb  6lynAB_antibody.pdb
Converting SMILES to graph: 140/500
3bn9B_antigen.pdb  4oqtHL_antibody.pdb
Converting SMILES to graph: 141/500
3bn9B_antigen.pdb  8e6jHL_antibody.pdb
Converting SMILES to graph: 142/500
3bn9B_antigen.pdb  5mhsED_antibody.pdb
Converting SMILES to graph: 143/500
3bszE_antigen.pdb  3ixyIJ_antibody.pdb
Converting SMILES to graph: 144/500
3bszE_antigen.pdb  7b3oHL_antibody.pdb
Converting SMILES to graph: 145/500
3bszE_antigen.pdb  5wn9Hh_antibody.pdb
Converting SMILES to graph: 146/500
3bszE_antigen.pdb  5if0AB_antibody.pdb
Converting SMILES to graph: 147/500
3bszE_antigen.pdb  7p14B_antibody.pdb
Converting SMILES to graph: 148/500
3bszE_antigen.pdb  7umnHL_antibody.pdb
Converting SMILES to graph: 149/500
3bt2U_antigen.pdb  8db4AB_antibody.pdb
Converting SMILES to graph: 150/500
3bt2U_antigen.pdb  3mxwHL_antibody.pdb
Converting SMILES to graph: 151/500
3bt2U_antigen.pdb  3k81B_antibody.pdb
Converting SMILES to graph: 152/500
3bt2U_antigen.pdb  2y5tAB_antibody.pdb
Converting SMILES to graph: 153/500
3bt2U_antigen.pdb  7ymjD_antibody.pdb
Converting SMILES to graph: 154/500
3bt2U_antigen.pdb  6d01GH_antibody.pdb
Converting SMILES to graph: 155/500
3c09D_antigen.pdb  7si0IJ_antibody.pdb
Converting SMILES to graph: 156/500
3c09D_antigen.pdb  5mhsED_antibody.pdb
Converting SMILES to graph: 157/500
3c09D_antigen.pdb  8iysEe_antibody.pdb
Converting SMILES to graph: 158/500
3c09D_antigen.pdb  1p2cBA_antibody.pdb
Converting SMILES to graph: 159/500
3c09D_antigen.pdb  2exyEF_antibody.pdb
Converting SMILES to graph: 160/500
3c09D_antigen.pdb  7budGI_antibody.pdb
Converting SMILES to graph: 161/500
3c2aP_antigen.pdb  5f9aC_antibody.pdb
Converting SMILES to graph: 162/500
3c2aP_antigen.pdb  8dz3HL_antibody.pdb
Converting SMILES to graph: 163/500
3c2aP_antigen.pdb  7fg2D_antibody.pdb
Converting SMILES to graph: 164/500
3c2aP_antigen.pdb  6x08K_antibody.pdb
Converting SMILES to graph: 165/500
3c2aP_antigen.pdb  7ej8Hh_antibody.pdb
Converting SMILES to graph: 166/500
3c2aP_antigen.pdb  7x37HL_antibody.pdb
Converting SMILES to graph: 167/500
3cfiK_antigen.pdb  7xw7AB_antibody.pdb
Converting SMILES to graph: 168/500
3cfiK_antigen.pdb  7f3qHL_antibody.pdb
Converting SMILES to graph: 169/500
3cfiK_antigen.pdb  6n81HL_antibody.pdb
Converting SMILES to graph: 170/500
3cfiK_antigen.pdb  3ifoHL_antibody.pdb
Converting SMILES to graph: 171/500
3cfiK_antigen.pdb  3l95BA_antibody.pdb
Converting SMILES to graph: 172/500
3cfiK_antigen.pdb  4bh7BA_antibody.pdb
Converting SMILES to graph: 173/500
3ck0P_antigen.pdb  4dvrHL_antibody.pdb
Converting SMILES to graph: 174/500
3ck0P_antigen.pdb  5cjoHL_antibody.pdb
Converting SMILES to graph: 175/500
3ck0P_antigen.pdb  7sd3GH_antibody.pdb
Converting SMILES to graph: 176/500
3ck0P_antigen.pdb  4g7yHL_antibody.pdb
Converting SMILES to graph: 177/500
3ck0P_antigen.pdb  7rewAB_antibody.pdb
Converting SMILES to graph: 178/500
3ck0P_antigen.pdb  4fg6EF_antibody.pdb
Converting SMILES to graph: 179/500
3csyLK_antigen.pdb  5vyfBA_antibody.pdb
Converting SMILES to graph: 180/500
3csyLK_antigen.pdb  7xicKL_antibody.pdb
Converting SMILES to graph: 181/500
3csyLK_antigen.pdb  8fa9HL_antibody.pdb
Converting SMILES to graph: 182/500
3csyLK_antigen.pdb  5n7wHL_antibody.pdb
Converting SMILES to graph: 183/500
3csyLK_antigen.pdb  6cnkKJ_antibody.pdb
Converting SMILES to graph: 184/500
3csyLK_antigen.pdb  3sm5IM_antibody.pdb
Converting SMILES to graph: 185/500
3cvhAC_antigen.pdb  6hugG_antibody.pdb
Converting SMILES to graph: 186/500
3cvhAC_antigen.pdb  7tcaHL_antibody.pdb
Converting SMILES to graph: 187/500
3cvhAC_antigen.pdb  8sakHL_antibody.pdb
Converting SMILES to graph: 188/500
3cvhAC_antigen.pdb  7x4kHL_antibody.pdb
Converting SMILES to graph: 189/500
3cvhAC_antigen.pdb  8bvsB_antibody.pdb
Converting SMILES to graph: 190/500
3cvhAC_antigen.pdb  6qd7XZ_antibody.pdb
Converting SMILES to graph: 191/500
3cx5P_antigen.pdb  8g30EF_antibody.pdb
Converting SMILES to graph: 192/500
3cx5P_antigen.pdb  5v7jDE_antibody.pdb
Converting SMILES to graph: 193/500
3cx5P_antigen.pdb  7crhN_antibody.pdb
Converting SMILES to graph: 194/500
3cx5P_antigen.pdb  7lj5ED_antibody.pdb
Converting SMILES to graph: 195/500
3cx5P_antigen.pdb  7wxuN_antibody.pdb
Converting SMILES to graph: 196/500
3cx5P_antigen.pdb  4wy7HL_antibody.pdb
Converting SMILES to graph: 197/500
3cxdP_antigen.pdb  6yx9HL_antibody.pdb
Converting SMILES to graph: 198/500
3cxdP_antigen.pdb  3jbqHL_antibody.pdb
Converting SMILES to graph: 199/500
3cxdP_antigen.pdb  8p8aDC_antibody.pdb
Converting SMILES to graph: 200/500
3cxdP_antigen.pdb  7jgjHL_antibody.pdb
Converting SMILES to graph: 201/500
3cxdP_antigen.pdb  7s6dEG_antibody.pdb
Converting SMILES to graph: 202/500
3cxhP_antigen.pdb  7ebzEF_antibody.pdb
Converting SMILES to graph: 203/500
3cxhP_antigen.pdb  8grrHL_antibody.pdb
Converting SMILES to graph: 204/500
3cxhP_antigen.pdb  8x0tHL_antibody.pdb
Converting SMILES to graph: 205/500
3cxhP_antigen.pdb  8j5jE_antibody.pdb
Converting SMILES to graph: 206/500
3cxhP_antigen.pdb  5f7mC_antibody.pdb
Converting SMILES to graph: 207/500
3cxhP_antigen.pdb  7t4sHI_antibody.pdb
Converting SMILES to graph: 208/500
3d0lC_antigen.pdb  8crbAB_antibody.pdb
Converting SMILES to graph: 209/500
3d0lC_antigen.pdb  8szyAB_antibody.pdb
Converting SMILES to graph: 210/500
3d0lC_antigen.pdb  7pnmIE_antibody.pdb
Converting SMILES to graph: 211/500
3d0lC_antigen.pdb  2x7lGI_antibody.pdb
Converting SMILES to graph: 212/500
3d0lC_antigen.pdb  5xcuDE_antibody.pdb
Converting SMILES to graph: 213/500
3d0lC_antigen.pdb  4n9oB_antibody.pdb
Converting SMILES to graph: 214/500
3d0vC_antigen.pdb  4rgoHL_antibody.pdb
Converting SMILES to graph: 215/500
3d0vC_antigen.pdb  6oboD_antibody.pdb
Converting SMILES to graph: 216/500
3d0vC_antigen.pdb  7xj9GF_antibody.pdb
Converting SMILES to graph: 217/500
3d0vC_antigen.pdb  7cwnKI_antibody.pdb
Converting SMILES to graph: 218/500
3d0vC_antigen.pdb  7nx7HL_antibody.pdb
Converting SMILES to graph: 219/500
3d0vC_antigen.pdb  6nmrAB_antibody.pdb
Converting SMILES to graph: 220/500
3d85C_antigen.pdb  4g80GH_antibody.pdb
Converting SMILES to graph: 221/500
3d85C_antigen.pdb  8thlFf_antibody.pdb
Converting SMILES to graph: 222/500
3d85C_antigen.pdb  6n16KJ_antibody.pdb
Converting SMILES to graph: 223/500
3d85C_antigen.pdb  7b3oHL_antibody.pdb
Converting SMILES to graph: 224/500
3d85C_antigen.pdb  5kzcBD_antibody.pdb
Converting SMILES to graph: 225/500
3d85C_antigen.pdb  7cgwAB_antibody.pdb
Converting SMILES to graph: 226/500
3d9aC_antigen.pdb  6j5gHL_antibody.pdb
Converting SMILES to graph: 227/500
3d9aC_antigen.pdb  7xt8N_antibody.pdb
Converting SMILES to graph: 228/500
3d9aC_antigen.pdb  6tnpBA_antibody.pdb
Converting SMILES to graph: 229/500
3d9aC_antigen.pdb  7wgdHL_antibody.pdb
Converting SMILES to graph: 230/500
3d9aC_antigen.pdb  4tsbHL_antibody.pdb
Converting SMILES to graph: 231/500
3d9aC_antigen.pdb  7x2aHK_antibody.pdb
Converting SMILES to graph: 232/500
3detA_antigen.pdb  1xgrBA_antibody.pdb
Converting SMILES to graph: 233/500
3detA_antigen.pdb  6p9yN_antibody.pdb
Converting SMILES to graph: 234/500
3detA_antigen.pdb  8bg4Aa_antibody.pdb
Converting SMILES to graph: 235/500
3detA_antigen.pdb  1jttA_antibody.pdb
Converting SMILES to graph: 236/500
3detA_antigen.pdb  8jsoSs_antibody.pdb
Converting SMILES to graph: 237/500
3detA_antigen.pdb  7wp8DC_antibody.pdb
Converting SMILES to graph: 238/500
3droP_antigen.pdb  7f9wBC_antibody.pdb
Converting SMILES to graph: 239/500
3droP_antigen.pdb  7rxiHL_antibody.pdb
Converting SMILES to graph: 240/500
3droP_antigen.pdb  8a99RO_antibody.pdb
Converting SMILES to graph: 241/500
3droP_antigen.pdb  6u59HL_antibody.pdb
Converting SMILES to graph: 242/500
3droP_antigen.pdb  8hitAB_antibody.pdb
Converting SMILES to graph: 243/500
3droP_antigen.pdb  8dd3JI_antibody.pdb
Converting SMILES to graph: 244/500
3drqC_antigen.pdb  7wp6BI_antibody.pdb
Converting SMILES to graph: 245/500
3drqC_antigen.pdb  7zr9FG_antibody.pdb
Converting SMILES to graph: 246/500
3drqC_antigen.pdb  3k80B_antibody.pdb
Converting SMILES to graph: 247/500
3drqC_antigen.pdb  8duaHL_antibody.pdb
Converting SMILES to graph: 248/500
3drqC_antigen.pdb  7jtgAB_antibody.pdb
Converting SMILES to graph: 249/500
3drqC_antigen.pdb  7whdDE_antibody.pdb
Converting SMILES to graph: 250/500
3drtC_antigen.pdb  7uiaB_antibody.pdb
Converting SMILES to graph: 251/500
3drtC_antigen.pdb  7e8cMJ_antibody.pdb
Converting SMILES to graph: 252/500
3drtC_antigen.pdb  7yagC_antibody.pdb
Converting SMILES to graph: 253/500
3drtC_antigen.pdb  8gp5EF_antibody.pdb
Converting SMILES to graph: 254/500
3drtC_antigen.pdb  4louCD_antibody.pdb
Converting SMILES to graph: 255/500
3drtC_antigen.pdb  4pirH_antibody.pdb
Converting SMILES to graph: 256/500
3dsfP_antigen.pdb  8sg1Ee_antibody.pdb
Converting SMILES to graph: 257/500
3dsfP_antigen.pdb  8c9xF_antibody.pdb
Converting SMILES to graph: 258/500
3dsfP_antigen.pdb  7si2GF_antibody.pdb
Converting SMILES to graph: 259/500
3dsfP_antigen.pdb  8afhD_antibody.pdb
Converting SMILES to graph: 260/500
3dsfP_antigen.pdb  6wzkAB_antibody.pdb
Converting SMILES to graph: 261/500
3dsfP_antigen.pdb  7czdA_antibody.pdb
Converting SMILES to graph: 262/500
3dvgYX_antigen.pdb  4xvuCD_antibody.pdb
Converting SMILES to graph: 263/500
3dvgYX_antigen.pdb  1rvfHL_antibody.pdb
Converting SMILES to graph: 264/500
3dvgYX_antigen.pdb  1acyHL_antibody.pdb
Converting SMILES to graph: 265/500
3dvgYX_antigen.pdb  2r0wHL_antibody.pdb
Converting SMILES to graph: 266/500
3dvgYX_antigen.pdb  7t75HL_antibody.pdb
Converting SMILES to graph: 267/500
3dvgYX_antigen.pdb  8ee1BC_antibody.pdb
Converting SMILES to graph: 268/500
3dvnYX_antigen.pdb  3gb7AB_antibody.pdb
Converting SMILES to graph: 269/500
3dvnYX_antigen.pdb  7r7nHL_antibody.pdb
Converting SMILES to graph: 270/500
3dvnYX_antigen.pdb  7xmtSs_antibody.pdb
Converting SMILES to graph: 271/500
3dvnYX_antigen.pdb  7rt9CD_antibody.pdb
Converting SMILES to graph: 272/500
3dvnYX_antigen.pdb  4hj0CD_antibody.pdb
Converting SMILES to graph: 273/500
3dvnYX_antigen.pdb  6mekFE_antibody.pdb
Converting SMILES to graph: 274/500
3e8uP_antigen.pdb  7w55Ee_antibody.pdb
Converting SMILES to graph: 275/500
3e8uP_antigen.pdb  8cxiHL_antibody.pdb
Converting SMILES to graph: 276/500
3e8uP_antigen.pdb  7c01HL_antibody.pdb
Converting SMILES to graph: 277/500
3e8uP_antigen.pdb  2hfgHL_antibody.pdb
Converting SMILES to graph: 278/500
3e8uP_antigen.pdb  7dd8AB_antibody.pdb
Converting SMILES to graph: 279/500
3e8uP_antigen.pdb  3gjfHL_antibody.pdb
Converting SMILES to graph: 280/500
3ebaB_antigen.pdb  5w9kHI_antibody.pdb
Converting SMILES to graph: 281/500
3ebaB_antigen.pdb  7cacED_antibody.pdb
Converting SMILES to graph: 282/500
3ebaB_antigen.pdb  4kdtA_antibody.pdb
Converting SMILES to graph: 283/500
3ebaB_antigen.pdb  8sg1Ee_antibody.pdb
Converting SMILES to graph: 284/500
3ebaB_antigen.pdb  8j1nB_antibody.pdb
Converting SMILES to graph: 285/500
3ebaB_antigen.pdb  7uzaHL_antibody.pdb
Converting SMILES to graph: 286/500
3efdK_antigen.pdb  7m8jHL_antibody.pdb
Converting SMILES to graph: 287/500
3efdK_antigen.pdb  2atkAB_antibody.pdb
Converting SMILES to graph: 288/500
3efdK_antigen.pdb  7stsAB_antibody.pdb
Converting SMILES to graph: 289/500
3efdK_antigen.pdb  3vgaCB_antibody.pdb
Converting SMILES to graph: 290/500
3efdK_antigen.pdb  7c94BA_antibody.pdb
Converting SMILES to graph: 291/500
3efdK_antigen.pdb  7c61HL_antibody.pdb
Converting SMILES to graph: 292/500
3effMN_antigen.pdb  7xy8HL_antibody.pdb
Converting SMILES to graph: 293/500
3effMN_antigen.pdb  1i8iBA_antibody.pdb
Converting SMILES to graph: 294/500
3effMN_antigen.pdb  7yfdCc_antibody.pdb
Converting SMILES to graph: 295/500
3effMN_antigen.pdb  3droBA_antibody.pdb
Converting SMILES to graph: 296/500
3effMN_antigen.pdb  7u9fEF_antibody.pdb
Converting SMILES to graph: 297/500
3effMN_antigen.pdb  6nfcCD_antibody.pdb
Converting SMILES to graph: 298/500
3egsC_antigen.pdb  6o25AB_antibody.pdb
Converting SMILES to graph: 299/500
3egsC_antigen.pdb  6mcoDE_antibody.pdb
Converting SMILES to graph: 300/500
3egsC_antigen.pdb  4nc0B_antibody.pdb
Converting SMILES to graph: 301/500
3egsC_antigen.pdb  5o8fO_antibody.pdb
Converting SMILES to graph: 302/500
3egsC_antigen.pdb  7vihEe_antibody.pdb
Converting SMILES to graph: 303/500
3egsC_antigen.pdb  8dp1RM_antibody.pdb
Converting SMILES to graph: 304/500
3ehbB_antigen.pdb  5lhpB_antibody.pdb
Converting SMILES to graph: 305/500
3ehbB_antigen.pdb  3sm5IM_antibody.pdb
Converting SMILES to graph: 306/500
3ehbB_antigen.pdb  7kn5C_antibody.pdb
Converting SMILES to graph: 307/500
3ehbB_antigen.pdb  4xzuEF_antibody.pdb
Converting SMILES to graph: 308/500
3ehbB_antigen.pdb  5f3hEF_antibody.pdb
Converting SMILES to graph: 309/500
3ejyA_antigen.pdb  8dwaHL_antibody.pdb
Converting SMILES to graph: 310/500
3ejyA_antigen.pdb  5ip4A_antibody.pdb
Converting SMILES to graph: 311/500
3ejyA_antigen.pdb  4xnqHL_antibody.pdb
Converting SMILES to graph: 312/500
3ejyA_antigen.pdb  7upwDE_antibody.pdb
Converting SMILES to graph: 313/500
3ejyA_antigen.pdb  4ye4HL_antibody.pdb
Converting SMILES to graph: 314/500
3ejyA_antigen.pdb  7dk2DE_antibody.pdb
Converting SMILES to graph: 315/500
3ejzA_antigen.pdb  8dwoHL_antibody.pdb
Converting SMILES to graph: 316/500
3ejzA_antigen.pdb  5n09IM_antibody.pdb
Converting SMILES to graph: 317/500
3ejzA_antigen.pdb  8fb8HL_antibody.pdb
Converting SMILES to graph: 318/500
3ejzA_antigen.pdb  8pg0HL_antibody.pdb
Converting SMILES to graph: 319/500
3ejzA_antigen.pdb  4h8wHL_antibody.pdb
Converting SMILES to graph: 320/500
3ejzA_antigen.pdb  7t92HL_antibody.pdb
Converting SMILES to graph: 321/500
3eo1I_antigen.pdb  8e8rHL_antibody.pdb
Converting SMILES to graph: 322/500
3eo1I_antigen.pdb  3d9aHL_antibody.pdb
Converting SMILES to graph: 323/500
3eo1I_antigen.pdb  7rbyB_antibody.pdb
Converting SMILES to graph: 324/500
3eo1I_antigen.pdb  8h3yD_antibody.pdb
Converting SMILES to graph: 325/500
3eo1I_antigen.pdb  5wdfAB_antibody.pdb
Converting SMILES to graph: 326/500
3eoaI_antigen.pdb  8elpHL_antibody.pdb
Converting SMILES to graph: 327/500
3eoaI_antigen.pdb  7ckxN_antibody.pdb
Converting SMILES to graph: 328/500
3eoaI_antigen.pdb  2p45B_antibody.pdb
Converting SMILES to graph: 329/500
3eoaI_antigen.pdb  1dqjBA_antibody.pdb
Converting SMILES to graph: 330/500
3eoaI_antigen.pdb  7vadHL_antibody.pdb
Converting SMILES to graph: 331/500
3eoaI_antigen.pdb  6v8zCF_antibody.pdb
Converting SMILES to graph: 332/500
3eobI_antigen.pdb  8gngHL_antibody.pdb
Converting SMILES to graph: 333/500
3eobI_antigen.pdb  1tqbBC_antibody.pdb
Converting SMILES to graph: 334/500
3eobI_antigen.pdb  1bj1HL_antibody.pdb
Converting SMILES to graph: 335/500
3eobI_antigen.pdb  5a1zKL_antibody.pdb
Converting SMILES to graph: 336/500
3eobI_antigen.pdb  4om0HL_antibody.pdb
Converting SMILES to graph: 337/500
3etbM_antigen.pdb  5jhlHL_antibody.pdb
Converting SMILES to graph: 338/500
3etbM_antigen.pdb  5gjsHL_antibody.pdb
Converting SMILES to graph: 339/500
3etbM_antigen.pdb  1nmaHL_antibody.pdb
Converting SMILES to graph: 340/500
3etbM_antigen.pdb  4z7qHL_antibody.pdb
Converting SMILES to graph: 341/500
3etbM_antigen.pdb  6okmHL_antibody.pdb
Converting SMILES to graph: 342/500
3etbM_antigen.pdb  6rloCD_antibody.pdb
Converting SMILES to graph: 343/500
3eyfE_antigen.pdb  1u8mBA_antibody.pdb
Converting SMILES to graph: 344/500
3eyfE_antigen.pdb  3sm5IM_antibody.pdb
Converting SMILES to graph: 345/500
3eyfE_antigen.pdb  8da0BA_antibody.pdb
Converting SMILES to graph: 346/500
3eyfE_antigen.pdb  7kduC_antibody.pdb
Converting SMILES to graph: 347/500
3eyfE_antigen.pdb  5nqwC_antibody.pdb
Converting SMILES to graph: 348/500
3eyfE_antigen.pdb  4cauEe_antibody.pdb
Converting SMILES to graph: 349/500
3eysQ_antigen.pdb  6fywC_antibody.pdb
Converting SMILES to graph: 350/500
3eysQ_antigen.pdb  2a6iBA_antibody.pdb
Converting SMILES to graph: 351/500
3eysQ_antigen.pdb  8cxcHL_antibody.pdb
Converting SMILES to graph: 352/500
3eysQ_antigen.pdb  2ny3DC_antibody.pdb
Converting SMILES to graph: 353/500
3eysQ_antigen.pdb  8hnlSs_antibody.pdb
Converting SMILES to graph: 354/500
3eysQ_antigen.pdb  2gsiBA_antibody.pdb
Converting SMILES to graph: 355/500
3eyuQ_antigen.pdb  6yaxIM_antibody.pdb
Converting SMILES to graph: 356/500
3eyuQ_antigen.pdb  7x38HL_antibody.pdb
Converting SMILES to graph: 357/500
3eyuQ_antigen.pdb  5iblCD_antibody.pdb
Converting SMILES to graph: 358/500
3eyuQ_antigen.pdb  7euoSs_antibody.pdb
Converting SMILES to graph: 359/500
3eyuQ_antigen.pdb  7vktEe_antibody.pdb
Converting SMILES to graph: 360/500
3eyuQ_antigen.pdb  6o2aCD_antibody.pdb
Converting SMILES to graph: 361/500
3ezjA_antigen.pdb  6zg3J_antibody.pdb
Converting SMILES to graph: 362/500
3ezjA_antigen.pdb  7zw1C_antibody.pdb
Converting SMILES to graph: 363/500
3ezjA_antigen.pdb  6dcaJN_antibody.pdb
Converting SMILES to graph: 364/500
3ezjA_antigen.pdb  8tuiHL_antibody.pdb
Converting SMILES to graph: 365/500
3ezjA_antigen.pdb  5vj6QR_antibody.pdb
Converting SMILES to graph: 366/500
3ezjA_antigen.pdb  6fy3HL_antibody.pdb
Converting SMILES to graph: 367/500
3f58P_antigen.pdb  7t94Ee_antibody.pdb
Converting SMILES to graph: 368/500
3f58P_antigen.pdb  6h72D_antibody.pdb
Converting SMILES to graph: 369/500
3f58P_antigen.pdb  8f9sHL_antibody.pdb
Converting SMILES to graph: 370/500
3f58P_antigen.pdb  6xkpMN_antibody.pdb
Converting SMILES to graph: 371/500
3f58P_antigen.pdb  5tlkFE_antibody.pdb
Converting SMILES to graph: 372/500
3f58P_antigen.pdb  7vazDC_antibody.pdb
Converting SMILES to graph: 373/500
3f5wC_antigen.pdb  7ej8Hh_antibody.pdb
Converting SMILES to graph: 374/500
3f5wC_antigen.pdb  5mu0AB_antibody.pdb
Converting SMILES to graph: 375/500
3f5wC_antigen.pdb  3ld8CB_antibody.pdb
Converting SMILES to graph: 376/500
3f5wC_antigen.pdb  6pwuHL_antibody.pdb
Converting SMILES to graph: 377/500
3f5wC_antigen.pdb  2qqkHL_antibody.pdb
Converting SMILES to graph: 378/500
3f7vC_antigen.pdb  6bzvCD_antibody.pdb
Converting SMILES to graph: 379/500
3f7vC_antigen.pdb  6d0xAB_antibody.pdb
Converting SMILES to graph: 380/500
3f7vC_antigen.pdb  8f4pD_antibody.pdb
Converting SMILES to graph: 381/500
3f7vC_antigen.pdb  6jb2A_antibody.pdb
Converting SMILES to graph: 382/500
3f7vC_antigen.pdb  6ww5EF_antibody.pdb
Converting SMILES to graph: 383/500
3f7vC_antigen.pdb  1nmbHL_antibody.pdb
Converting SMILES to graph: 384/500
3f7yC_antigen.pdb  4m8qAB_antibody.pdb
Converting SMILES to graph: 385/500
3f7yC_antigen.pdb  8blqEC_antibody.pdb
Converting SMILES to graph: 386/500
3f7yC_antigen.pdb  5vigHL_antibody.pdb
Converting SMILES to graph: 387/500
3f7yC_antigen.pdb  8as2HL_antibody.pdb
Converting SMILES to graph: 388/500
3f7yC_antigen.pdb  5hdbEF_antibody.pdb
Converting SMILES to graph: 389/500
3f7yC_antigen.pdb  1fdlHL_antibody.pdb
Converting SMILES to graph: 390/500
3fb5C_antigen.pdb  6o3jHL_antibody.pdb
Converting SMILES to graph: 391/500
3fb5C_antigen.pdb  6ey6K_antibody.pdb
Converting SMILES to graph: 392/500
3fb5C_antigen.pdb  7ebzEF_antibody.pdb
Converting SMILES to graph: 393/500
3fb5C_antigen.pdb  5vl3HL_antibody.pdb
Converting SMILES to graph: 394/500
3fb5C_antigen.pdb  7v6aSs_antibody.pdb
Converting SMILES to graph: 395/500
3fb5C_antigen.pdb  8eayHL_antibody.pdb
Converting SMILES to graph: 396/500
3fb6C_antigen.pdb  7v64BA_antibody.pdb
Converting SMILES to graph: 397/500
3fb6C_antigen.pdb  1dzbAa_antibody.pdb
Converting SMILES to graph: 398/500
3fb6C_antigen.pdb  3egsBA_antibody.pdb
Converting SMILES to graph: 399/500
3fb6C_antigen.pdb  6nnjUV_antibody.pdb
Converting SMILES to graph: 400/500
3fb6C_antigen.pdb  8f6jFE_antibody.pdb
Converting SMILES to graph: 401/500
3fb6C_antigen.pdb  6vbpJI_antibody.pdb
Converting SMILES to graph: 402/500
3fb7C_antigen.pdb  7yvhCA_antibody.pdb
Converting SMILES to graph: 403/500
3fb7C_antigen.pdb  7qtkBC_antibody.pdb
Converting SMILES to graph: 404/500
3fb7C_antigen.pdb  3idiBA_antibody.pdb
Converting SMILES to graph: 405/500
3fb7C_antigen.pdb  6flcBA_antibody.pdb
Converting SMILES to graph: 406/500
3fb7C_antigen.pdb  8ucdHL_antibody.pdb
Converting SMILES to graph: 407/500
3fb7C_antigen.pdb  8j7wEC_antibody.pdb
Converting SMILES to graph: 408/500
3fb8C_antigen.pdb  7sj0BL_antibody.pdb
Converting SMILES to graph: 409/500
3fb8C_antigen.pdb  4orzC_antibody.pdb
Converting SMILES to graph: 410/500
3fb8C_antigen.pdb  4p59HL_antibody.pdb
Converting SMILES to graph: 411/500
3fb8C_antigen.pdb  2fjhBA_antibody.pdb
Converting SMILES to graph: 412/500
3fb8C_antigen.pdb  1ezvXY_antibody.pdb
Converting SMILES to graph: 413/500
3fb8C_antigen.pdb  7ws4IH_antibody.pdb
Converting SMILES to graph: 414/500
3ffdP_antigen.pdb  6mqcAB_antibody.pdb
Converting SMILES to graph: 415/500
3ffdP_antigen.pdb  8oxvBC_antibody.pdb
Converting SMILES to graph: 416/500
3ffdP_antigen.pdb  7wjyBC_antibody.pdb
Converting SMILES to graph: 417/500
3ffdP_antigen.pdb  7wjzAC_antibody.pdb
Converting SMILES to graph: 418/500
3ffdP_antigen.pdb  6z2lCB_antibody.pdb
Converting SMILES to graph: 419/500
3fkuHG_antigen.pdb  8dtuA_antibody.pdb
Converting SMILES to graph: 420/500
3fkuHG_antigen.pdb  6b08CB_antibody.pdb
Converting SMILES to graph: 421/500
3fkuHG_antigen.pdb  4bh7BA_antibody.pdb
Converting SMILES to graph: 422/500
3fkuHG_antigen.pdb  1u8pBA_antibody.pdb
Converting SMILES to graph: 423/500
3fkuHG_antigen.pdb  6wdsHL_antibody.pdb
Converting SMILES to graph: 424/500
3fkuHG_antigen.pdb  6vmjFE_antibody.pdb
Converting SMILES to graph: 425/500
3fmgA_antigen.pdb  8dn6CD_antibody.pdb
Converting SMILES to graph: 426/500
3fmgA_antigen.pdb  6wixDE_antibody.pdb
Converting SMILES to graph: 427/500
3fmgA_antigen.pdb  7s5pHL_antibody.pdb
Converting SMILES to graph: 428/500
3fmgA_antigen.pdb  7wo4DE_antibody.pdb
Converting SMILES to graph: 429/500
3fmgA_antigen.pdb  2jelHL_antibody.pdb
Converting SMILES to graph: 430/500
3fmgA_antigen.pdb  7zfbN_antibody.pdb
Converting SMILES to graph: 431/500
3fn0P_antigen.pdb  6o3gEF_antibody.pdb
Converting SMILES to graph: 432/500
3fn0P_antigen.pdb  6x78HL_antibody.pdb
Converting SMILES to graph: 433/500
3fn0P_antigen.pdb  5e2vHL_antibody.pdb
Converting SMILES to graph: 434/500
3fn0P_antigen.pdb  1ic4HL_antibody.pdb
Converting SMILES to graph: 435/500
3fn0P_antigen.pdb  8ffeHL_antibody.pdb
Converting SMILES to graph: 436/500
3fn0P_antigen.pdb  6fy3HL_antibody.pdb
Converting SMILES to graph: 437/500
3g04C_antigen.pdb  2y07HL_antibody.pdb
Converting SMILES to graph: 438/500
3g04C_antigen.pdb  6ws6CD_antibody.pdb
Converting SMILES to graph: 439/500
3g04C_antigen.pdb  6oq5F_antibody.pdb
Converting SMILES to graph: 440/500
3g04C_antigen.pdb  4uifKL_antibody.pdb
Converting SMILES to graph: 441/500
3g04C_antigen.pdb  7sgfHL_antibody.pdb
Converting SMILES to graph: 442/500
3g04C_antigen.pdb  3u9uAB_antibody.pdb
Converting SMILES to graph: 443/500
3g5vC_antigen.pdb  5w9oHI_antibody.pdb
Converting SMILES to graph: 444/500
3g5vC_antigen.pdb  7zfcAB_antibody.pdb
Converting SMILES to graph: 445/500
3g5vC_antigen.pdb  8bvsB_antibody.pdb
Converting SMILES to graph: 446/500
3g5vC_antigen.pdb  7nfdDC_antibody.pdb
Converting SMILES to graph: 447/500
3g5vC_antigen.pdb  8fxbHL_antibody.pdb
Converting SMILES to graph: 448/500
3g5vC_antigen.pdb  7e88DE_antibody.pdb
Converting SMILES to graph: 449/500
3g5yE_antigen.pdb  7tjqAB_antibody.pdb
Converting SMILES to graph: 450/500
3g5yE_antigen.pdb  5cusJN_antibody.pdb
Converting SMILES to graph: 451/500
3g5yE_antigen.pdb  3j3pHL_antibody.pdb
Converting SMILES to graph: 452/500
3g5yE_antigen.pdb  7s1bHL_antibody.pdb
Converting SMILES to graph: 453/500
3g5yE_antigen.pdb  8fb6AB_antibody.pdb
Converting SMILES to graph: 454/500
3g5yE_antigen.pdb  2znxAa_antibody.pdb
Converting SMILES to graph: 455/500
3g6dA_antigen.pdb  1u93BA_antibody.pdb
Converting SMILES to graph: 456/500
3g6dA_antigen.pdb  7lr3AB_antibody.pdb
Converting SMILES to graph: 457/500
3g6dA_antigen.pdb  7d77Ss_antibody.pdb
Converting SMILES to graph: 458/500
3g6dA_antigen.pdb  8d7eFG_antibody.pdb
Converting SMILES to graph: 459/500
3g6dA_antigen.pdb  8tp3HL_antibody.pdb
Converting SMILES to graph: 460/500
3g6dA_antigen.pdb  8j6rSs_antibody.pdb
Converting SMILES to graph: 461/500
3g6jDC_antigen.pdb  7urqHL_antibody.pdb
Converting SMILES to graph: 462/500
3g6jDC_antigen.pdb  6e0pMm_antibody.pdb
Converting SMILES to graph: 463/500
3g6jDC_antigen.pdb  6sf6AB_antibody.pdb
Converting SMILES to graph: 464/500
3g6jDC_antigen.pdb  7pryCD_antibody.pdb
Converting SMILES to graph: 465/500
3g6jDC_antigen.pdb  4xgzCD_antibody.pdb
Converting SMILES to graph: 466/500
3g6jDC_antigen.pdb  6qb6HL_antibody.pdb
Converting SMILES to graph: 467/500
3g9aA_antigen.pdb  8derXY_antibody.pdb
Converting SMILES to graph: 468/500
3g9aA_antigen.pdb  6ln2CB_antibody.pdb
Converting SMILES to graph: 469/500
3g9aA_antigen.pdb  6rajC_antibody.pdb
Converting SMILES to graph: 470/500
3g9aA_antigen.pdb  5ueaHL_antibody.pdb
Converting SMILES to graph: 471/500
3g9aA_antigen.pdb  6vy5HL_antibody.pdb
Converting SMILES to graph: 472/500
3gb7C_antigen.pdb  6uqrCc_antibody.pdb
Converting SMILES to graph: 473/500
3gb7C_antigen.pdb  6obdHL_antibody.pdb
Converting SMILES to graph: 474/500
3gb7C_antigen.pdb  6ssiH_antibody.pdb
Converting SMILES to graph: 475/500
3gb7C_antigen.pdb  8t7aDE_antibody.pdb
Converting SMILES to graph: 476/500
3gb7C_antigen.pdb  7rd4AB_antibody.pdb
Converting SMILES to graph: 477/500
3gb7C_antigen.pdb  7lxwHL_antibody.pdb
Converting SMILES to graph: 478/500
3gbmBA_antigen.pdb  6n1vXZ_antibody.pdb
Converting SMILES to graph: 479/500
3gbmBA_antigen.pdb  6p91HL_antibody.pdb
Converting SMILES to graph: 480/500
3gbmBA_antigen.pdb  1fbiHL_antibody.pdb
Converting SMILES to graph: 481/500
3gbmBA_antigen.pdb  6vyvKO_antibody.pdb
Converting SMILES to graph: 482/500
3gbmBA_antigen.pdb  3i50HL_antibody.pdb
Converting SMILES to graph: 483/500
3gbmBA_antigen.pdb  7bnvHL_antibody.pdb
Converting SMILES to graph: 484/500
3gbnBA_antigen.pdb  7vncV_antibody.pdb
Converting SMILES to graph: 485/500
3gbnBA_antigen.pdb  2hjfAB_antibody.pdb
Converting SMILES to graph: 486/500
3gbnBA_antigen.pdb  8eviMm_antibody.pdb
Converting SMILES to graph: 487/500
3gbnBA_antigen.pdb  7lsfHL_antibody.pdb
Converting SMILES to graph: 488/500
3gbnBA_antigen.pdb  5w3oDE_antibody.pdb
Converting SMILES to graph: 489/500
3gbnBA_antigen.pdb  8hpjBC_antibody.pdb
Converting SMILES to graph: 490/500
3ggwE_antigen.pdb  4xphHL_antibody.pdb
Converting SMILES to graph: 491/500
3ggwE_antigen.pdb  7rt9CD_antibody.pdb
Converting SMILES to graph: 492/500
3ggwE_antigen.pdb  4fqkEF_antibody.pdb
Converting SMILES to graph: 493/500
3ggwE_antigen.pdb  6uceHL_antibody.pdb
Converting SMILES to graph: 494/500
3ggwE_antigen.pdb  7mwwHL_antibody.pdb
Converting SMILES to graph: 495/500
3ggwE_antigen.pdb  6rpjB_antibody.pdb
Converting SMILES to graph: 496/500
3ghbP_antigen.pdb  7dk6ab_antibody.pdb
Converting SMILES to graph: 497/500
3ghbP_antigen.pdb  5m15C_antibody.pdb
Converting SMILES to graph: 498/500
3ghbP_antigen.pdb  7td8EF_antibody.pdb
Converting SMILES to graph: 499/500
3ghbP_antigen.pdb  7wuiSs_antibody.pdb
Converting SMILES to graph: 500/500
3ghbP_antigen.pdb  5tudFE_antibody.pdb
Graph construction done. Saving to file.
