Converting SMILES to graph: 1/500
4hf5A_antigen.pdb  6oy4DC_antibody.pdb
Converting SMILES to graph: 2/500
4hf5A_antigen.pdb  7pi3TU_antibody.pdb
Converting SMILES to graph: 3/500
4hf5A_antigen.pdb  6gkuHL_antibody.pdb
Converting SMILES to graph: 4/500
4hf5A_antigen.pdb  7uotST_antibody.pdb
Converting SMILES to graph: 5/500
4hf5A_antigen.pdb  5vyfBA_antibody.pdb
Converting SMILES to graph: 6/500
4hfuA_antigen.pdb  7xeiCD_antibody.pdb
Converting SMILES to graph: 7/500
4hfuA_antigen.pdb  7u0qGF_antibody.pdb
Converting SMILES to graph: 8/500
4hfuA_antigen.pdb  3zkxB_antibody.pdb
Converting SMILES to graph: 9/500
4hfuA_antigen.pdb  7u8mHL_antibody.pdb
Converting SMILES to graph: 10/500
4hfuA_antigen.pdb  7x38HL_antibody.pdb
Converting SMILES to graph: 11/500
4hfuA_antigen.pdb  7sueHL_antibody.pdb
Converting SMILES to graph: 12/500
4hg4Da_antigen.pdb  8cwkHL_antibody.pdb
Converting SMILES to graph: 13/500
4hg4Da_antigen.pdb  7v6nED_antibody.pdb
Converting SMILES to graph: 14/500
4hg4Da_antigen.pdb  4d3cHL_antibody.pdb
Converting SMILES to graph: 15/500
4hg4Da_antigen.pdb  8hmpN_antibody.pdb
Converting SMILES to graph: 16/500
4hg4Da_antigen.pdb  8as0BC_antibody.pdb
Converting SMILES to graph: 17/500
4hg4Da_antigen.pdb  3k3qA_antibody.pdb
Converting SMILES to graph: 18/500
4hhaP_antigen.pdb  5ebmAB_antibody.pdb
Converting SMILES to graph: 19/500
4hhaP_antigen.pdb  8d9yBA_antibody.pdb
Converting SMILES to graph: 20/500
4hhaP_antigen.pdb  8j26BA_antibody.pdb
Converting SMILES to graph: 21/500
4hhaP_antigen.pdb  6avuHL_antibody.pdb
Converting SMILES to graph: 22/500
4hhaP_antigen.pdb  8f7zEF_antibody.pdb
Converting SMILES to graph: 23/500
4hhaP_antigen.pdb  3rifHL_antibody.pdb
Converting SMILES to graph: 24/500
4hixA_antigen.pdb  7eb2Nn_antibody.pdb
Converting SMILES to graph: 25/500
4hixA_antigen.pdb  6k7oFG_antibody.pdb
Converting SMILES to graph: 26/500
4hixA_antigen.pdb  8jlqSs_antibody.pdb
Converting SMILES to graph: 27/500
4hixA_antigen.pdb  5mv4IJ_antibody.pdb
Converting SMILES to graph: 28/500
4hixA_antigen.pdb  6zrvB_antibody.pdb
Converting SMILES to graph: 29/500
4hixA_antigen.pdb  8fdcAB_antibody.pdb
Converting SMILES to graph: 30/500
4hj0B_antigen.pdb  7sp7C_antibody.pdb
Converting SMILES to graph: 31/500
4hj0B_antigen.pdb  8gb8HL_antibody.pdb
Converting SMILES to graph: 32/500
4hj0B_antigen.pdb  7mxeHL_antibody.pdb
Converting SMILES to graph: 33/500
4hj0B_antigen.pdb  5i8cAB_antibody.pdb
Converting SMILES to graph: 34/500
4hj0B_antigen.pdb  6uigBC_antibody.pdb
Converting SMILES to graph: 35/500
4hj0B_antigen.pdb  7u5bAB_antibody.pdb
Converting SMILES to graph: 36/500
4hjgHE_antigen.pdb  2visBA_antibody.pdb
Converting SMILES to graph: 37/500
4hjgHE_antigen.pdb  4lsuHL_antibody.pdb
Converting SMILES to graph: 38/500
4hjgHE_antigen.pdb  7q9mEF_antibody.pdb
Converting SMILES to graph: 39/500
4hjgHE_antigen.pdb  7ey0AB_antibody.pdb
Converting SMILES to graph: 40/500
4hjgHE_antigen.pdb  7spaB_antibody.pdb
Converting SMILES to graph: 41/500
4hjgHE_antigen.pdb  7a25D_antibody.pdb
Converting SMILES to graph: 42/500
4hjjA_antigen.pdb  6wn4AB_antibody.pdb
Converting SMILES to graph: 43/500
4hjjA_antigen.pdb  6phcAB_antibody.pdb
Converting SMILES to graph: 44/500
4hjjA_antigen.pdb  7ckzN_antibody.pdb
Converting SMILES to graph: 45/500
4hjjA_antigen.pdb  3zkqD_antibody.pdb
Converting SMILES to graph: 46/500
4hjjA_antigen.pdb  6yz5F_antibody.pdb
Converting SMILES to graph: 47/500
4hjjA_antigen.pdb  8fb5AB_antibody.pdb
Converting SMILES to graph: 48/500
4hkxE_antigen.pdb  7d3kHL_antibody.pdb
Converting SMILES to graph: 49/500
4hkxE_antigen.pdb  7ek0HL_antibody.pdb
Converting SMILES to graph: 50/500
4hkxE_antigen.pdb  8ty1CB_antibody.pdb
Converting SMILES to graph: 51/500
4hkxE_antigen.pdb  7wn8HL_antibody.pdb
Converting SMILES to graph: 52/500
4hkxE_antigen.pdb  6vn1JN_antibody.pdb
Converting SMILES to graph: 53/500
4hkxE_antigen.pdb  5vjoCD_antibody.pdb
Converting SMILES to graph: 54/500
4hkzHE_antigen.pdb  8sb1CD_antibody.pdb
Converting SMILES to graph: 55/500
4hkzHE_antigen.pdb  6tysCD_antibody.pdb
Converting SMILES to graph: 56/500
4hkzHE_antigen.pdb  8bh5HL_antibody.pdb
Converting SMILES to graph: 57/500
4hkzHE_antigen.pdb  8hn6AB_antibody.pdb
Converting SMILES to graph: 58/500
4hkzHE_antigen.pdb  6ze1B_antibody.pdb
Converting SMILES to graph: 59/500
4hkzHE_antigen.pdb  6xskIK_antibody.pdb
Converting SMILES to graph: 60/500
4hlzDC_antigen.pdb  5f3jDd_antibody.pdb
Converting SMILES to graph: 61/500
4hlzDC_antigen.pdb  7z86X_antibody.pdb
Converting SMILES to graph: 62/500
4hlzDC_antigen.pdb  5u68Ff_antibody.pdb
Converting SMILES to graph: 63/500
4hlzDC_antigen.pdb  2dqgHL_antibody.pdb
Converting SMILES to graph: 64/500
4hlzDC_antigen.pdb  4xh2AB_antibody.pdb
Converting SMILES to graph: 65/500
4hlzDC_antigen.pdb  5vk6AB_antibody.pdb
Converting SMILES to graph: 66/500
4hpoP_antigen.pdb  7y66Ss_antibody.pdb
Converting SMILES to graph: 67/500
4hpoP_antigen.pdb  6n48B_antibody.pdb
Converting SMILES to graph: 68/500
4hpoP_antigen.pdb  4xvtHL_antibody.pdb
Converting SMILES to graph: 69/500
4hpoP_antigen.pdb  5tokF_antibody.pdb
Converting SMILES to graph: 70/500
4hpoP_antigen.pdb  6iuvCD_antibody.pdb
Converting SMILES to graph: 71/500
4hpoP_antigen.pdb  4jm2DC_antibody.pdb
Converting SMILES to graph: 72/500
4hpyP_antigen.pdb  6dc9HL_antibody.pdb
Converting SMILES to graph: 73/500
4hpyP_antigen.pdb  3c2aHL_antibody.pdb
Converting SMILES to graph: 74/500
4hpyP_antigen.pdb  6bzvCD_antibody.pdb
Converting SMILES to graph: 75/500
4hpyP_antigen.pdb  6zdhHL_antibody.pdb
Converting SMILES to graph: 76/500
4hpyP_antigen.pdb  6sv2HL_antibody.pdb
Converting SMILES to graph: 77/500
4hpyP_antigen.pdb  7sfvMN_antibody.pdb
Converting SMILES to graph: 78/500
4hs6Z_antigen.pdb  7kf9GJ_antibody.pdb
Converting SMILES to graph: 79/500
4hs6Z_antigen.pdb  7rbyB_antibody.pdb
Converting SMILES to graph: 80/500
4hs6Z_antigen.pdb  7y71OP_antibody.pdb
Converting SMILES to graph: 81/500
4hs6Z_antigen.pdb  7txwHL_antibody.pdb
Converting SMILES to graph: 82/500
4hs6Z_antigen.pdb  4w6yB_antibody.pdb
Converting SMILES to graph: 83/500
4hs6Z_antigen.pdb  5vj6QR_antibody.pdb
Converting SMILES to graph: 84/500
4hs8A_antigen.pdb  7urvDd_antibody.pdb
Converting SMILES to graph: 85/500
4hs8A_antigen.pdb  2p48B_antibody.pdb
Converting SMILES to graph: 86/500
4hs8A_antigen.pdb  8ix3HL_antibody.pdb
Converting SMILES to graph: 87/500
4hs8A_antigen.pdb  7sr5B_antibody.pdb
Converting SMILES to graph: 88/500
4hs8A_antigen.pdb  7mzfHL_antibody.pdb
Converting SMILES to graph: 89/500
4ht1T_antigen.pdb  2p8lBA_antibody.pdb
Converting SMILES to graph: 90/500
4ht1T_antigen.pdb  8scxHL_antibody.pdb
Converting SMILES to graph: 91/500
4ht1T_antigen.pdb  7x3dHL_antibody.pdb
Converting SMILES to graph: 92/500
4ht1T_antigen.pdb  7y58B_antibody.pdb
Converting SMILES to graph: 93/500
4ht1T_antigen.pdb  7wonHL_antibody.pdb
Converting SMILES to graph: 94/500
4ht1T_antigen.pdb  7q0aYZ_antibody.pdb
Converting SMILES to graph: 95/500
4hwbA_antigen.pdb  7kn4MN_antibody.pdb
Converting SMILES to graph: 96/500
4hwbA_antigen.pdb  7rlzDC_antibody.pdb
Converting SMILES to graph: 97/500
4hwbA_antigen.pdb  8jljSs_antibody.pdb
Converting SMILES to graph: 98/500
4hwbA_antigen.pdb  7qn8K_antibody.pdb
Converting SMILES to graph: 99/500
4hwbA_antigen.pdb  5lbsHL_antibody.pdb
Converting SMILES to graph: 100/500
4hwbA_antigen.pdb  6qgwB_antibody.pdb
Converting SMILES to graph: 101/500
4hzlE_antigen.pdb  8cy7D_antibody.pdb
Converting SMILES to graph: 102/500
4hzlE_antigen.pdb  6idlIJ_antibody.pdb
Converting SMILES to graph: 103/500
4hzlE_antigen.pdb  6ct7HL_antibody.pdb
Converting SMILES to graph: 104/500
4hzlE_antigen.pdb  5y7zD_antibody.pdb
Converting SMILES to graph: 105/500
4hzlE_antigen.pdb  7zbuHL_antibody.pdb
Converting SMILES to graph: 106/500
4hzlE_antigen.pdb  7zf5DF_antibody.pdb
Converting SMILES to graph: 107/500
4i0cA_antigen.pdb  8i5hHL_antibody.pdb
Converting SMILES to graph: 108/500
4i0cA_antigen.pdb  7u8lHL_antibody.pdb
Converting SMILES to graph: 109/500
4i0cA_antigen.pdb  8ejiHL_antibody.pdb
Converting SMILES to graph: 110/500
4i0cA_antigen.pdb  6hcoDC_antibody.pdb
Converting SMILES to graph: 111/500
4i0cA_antigen.pdb  2arjHL_antibody.pdb
Converting SMILES to graph: 112/500
4i0cA_antigen.pdb  7lfdHL_antibody.pdb
Converting SMILES to graph: 113/500
4i13A_antigen.pdb  7wlzPO_antibody.pdb
Converting SMILES to graph: 114/500
4i13A_antigen.pdb  8jtdJN_antibody.pdb
Converting SMILES to graph: 115/500
4i13A_antigen.pdb  3j6a7_antibody.pdb
Converting SMILES to graph: 116/500
4i13A_antigen.pdb  4dk3A_antibody.pdb
Converting SMILES to graph: 117/500
4i13A_antigen.pdb  7tyoN_antibody.pdb
Converting SMILES to graph: 118/500
4i13A_antigen.pdb  5nmvHL_antibody.pdb
Converting SMILES to graph: 119/500
4i18C_antigen.pdb  7jksHL_antibody.pdb
Converting SMILES to graph: 120/500
4i18C_antigen.pdb  7vieEe_antibody.pdb
Converting SMILES to graph: 121/500
4i18C_antigen.pdb  3wfcHL_antibody.pdb
Converting SMILES to graph: 122/500
4i18C_antigen.pdb  1j1pHL_antibody.pdb
Converting SMILES to graph: 123/500
4i18C_antigen.pdb  1xgtBA_antibody.pdb
Converting SMILES to graph: 124/500
4i18C_antigen.pdb  8bg4Aa_antibody.pdb
Converting SMILES to graph: 125/500
4i1nA_antigen.pdb  6ldxHL_antibody.pdb
Converting SMILES to graph: 126/500
4i1nA_antigen.pdb  8iw7Ss_antibody.pdb
Converting SMILES to graph: 127/500
4i1nA_antigen.pdb  5wthED_antibody.pdb
Converting SMILES to graph: 128/500
4i1nA_antigen.pdb  7t11Ss_antibody.pdb
Converting SMILES to graph: 129/500
4i1nA_antigen.pdb  5cwsHG_antibody.pdb
Converting SMILES to graph: 130/500
4i1nA_antigen.pdb  8gpuHL_antibody.pdb
Converting SMILES to graph: 131/500
4i2xF_antigen.pdb  5ghwHL_antibody.pdb
Converting SMILES to graph: 132/500
4i2xF_antigen.pdb  8esvHL_antibody.pdb
Converting SMILES to graph: 133/500
4i2xF_antigen.pdb  7wryHL_antibody.pdb
Converting SMILES to graph: 134/500
4i2xF_antigen.pdb  7mmnDE_antibody.pdb
Converting SMILES to graph: 135/500
4i2xF_antigen.pdb  6qx3O_antibody.pdb
Converting SMILES to graph: 136/500
4i2xF_antigen.pdb  7voaA_antibody.pdb
Converting SMILES to graph: 137/500
4i3rG_antigen.pdb  7o9sHL_antibody.pdb
Converting SMILES to graph: 138/500
4i3rG_antigen.pdb  1ymhDC_antibody.pdb
Converting SMILES to graph: 139/500
4i3rG_antigen.pdb  6u52C_antibody.pdb
Converting SMILES to graph: 140/500
4i3rG_antigen.pdb  3h3pIM_antibody.pdb
Converting SMILES to graph: 141/500
4i3rG_antigen.pdb  7m51HL_antibody.pdb
Converting SMILES to graph: 142/500
4i3rG_antigen.pdb  7wtiHL_antibody.pdb
Converting SMILES to graph: 143/500
4i3sG_antigen.pdb  5wnaHL_antibody.pdb
Converting SMILES to graph: 144/500
4i3sG_antigen.pdb  8cafBA_antibody.pdb
Converting SMILES to graph: 145/500
4i3sG_antigen.pdb  7tb8JK_antibody.pdb
Converting SMILES to graph: 146/500
4i3sG_antigen.pdb  3or7AB_antibody.pdb
Converting SMILES to graph: 147/500
4i3sG_antigen.pdb  5d1zDC_antibody.pdb
Converting SMILES to graph: 148/500
4i3sG_antigen.pdb  7nqkB_antibody.pdb
Converting SMILES to graph: 149/500
4i77Z_antigen.pdb  8tp9DF_antibody.pdb
Converting SMILES to graph: 150/500
4i77Z_antigen.pdb  4zffAB_antibody.pdb
Converting SMILES to graph: 151/500
4i77Z_antigen.pdb  1kiqBA_antibody.pdb
Converting SMILES to graph: 152/500
4i77Z_antigen.pdb  7ue0EF_antibody.pdb
Converting SMILES to graph: 153/500
4i77Z_antigen.pdb  7ndaHL_antibody.pdb
Converting SMILES to graph: 154/500
4i77Z_antigen.pdb  7kezHL_antibody.pdb
Converting SMILES to graph: 155/500
4i9wA_antigen.pdb  7qtjBC_antibody.pdb
Converting SMILES to graph: 156/500
4i9wA_antigen.pdb  4hlzIJ_antibody.pdb
Converting SMILES to graph: 157/500
4i9wA_antigen.pdb  4pljHL_antibody.pdb
Converting SMILES to graph: 158/500
4i9wA_antigen.pdb  6xbkSs_antibody.pdb
Converting SMILES to graph: 159/500
4i9wA_antigen.pdb  5f6jHF_antibody.pdb
Converting SMILES to graph: 160/500
4i9wA_antigen.pdb  5bvpHL_antibody.pdb
Converting SMILES to graph: 161/500
4idjA_antigen.pdb  5xj3AB_antibody.pdb
Converting SMILES to graph: 162/500
4idjA_antigen.pdb  7raqHL_antibody.pdb
Converting SMILES to graph: 163/500
4idjA_antigen.pdb  7ri1B_antibody.pdb
Converting SMILES to graph: 164/500
4idjA_antigen.pdb  6b9jAB_antibody.pdb
Converting SMILES to graph: 165/500
4idjA_antigen.pdb  7vdlSs_antibody.pdb
Converting SMILES to graph: 166/500
4idjA_antigen.pdb  2ih3AB_antibody.pdb
Converting SMILES to graph: 167/500
4ij3A_antigen.pdb  7lezRP_antibody.pdb
Converting SMILES to graph: 168/500
4ij3A_antigen.pdb  6wzgN_antibody.pdb
Converting SMILES to graph: 169/500
4ij3A_antigen.pdb  8gpgAB_antibody.pdb
Converting SMILES to graph: 170/500
4ij3A_antigen.pdb  8pm2N_antibody.pdb
Converting SMILES to graph: 171/500
4ij3A_antigen.pdb  7lkhHL_antibody.pdb
Converting SMILES to graph: 172/500
4ij3A_antigen.pdb  5kenQP_antibody.pdb
Converting SMILES to graph: 173/500
4iofB_antigen.pdb  1jtoB_antibody.pdb
Converting SMILES to graph: 174/500
4iofB_antigen.pdb  7ntcHL_antibody.pdb
Converting SMILES to graph: 175/500
4iofB_antigen.pdb  5xf1HL_antibody.pdb
Converting SMILES to graph: 176/500
4iofB_antigen.pdb  8sb1CD_antibody.pdb
Converting SMILES to graph: 177/500
4iofB_antigen.pdb  5iwlAa_antibody.pdb
Converting SMILES to graph: 178/500
4iofB_antigen.pdb  6qgwB_antibody.pdb
Converting SMILES to graph: 179/500
4ioiHE_antigen.pdb  8j6qSs_antibody.pdb
Converting SMILES to graph: 180/500
4ioiHE_antigen.pdb  7thoEF_antibody.pdb
Converting SMILES to graph: 181/500
4ioiHE_antigen.pdb  7r8mHL_antibody.pdb
Converting SMILES to graph: 182/500
4ioiHE_antigen.pdb  7nj5F_antibody.pdb
Converting SMILES to graph: 183/500
4ioiHE_antigen.pdb  7re7HL_antibody.pdb
Converting SMILES to graph: 184/500
4ioiHE_antigen.pdb  7rnnC_antibody.pdb
Converting SMILES to graph: 185/500
4iosA_antigen.pdb  7fafgf_antibody.pdb
Converting SMILES to graph: 186/500
4iosA_antigen.pdb  7zmoK_antibody.pdb
Converting SMILES to graph: 187/500
4iosA_antigen.pdb  7f9yN_antibody.pdb
Converting SMILES to graph: 188/500
4iosA_antigen.pdb  8dccHL_antibody.pdb
Converting SMILES to graph: 189/500
4iosA_antigen.pdb  7nd3HL_antibody.pdb
Converting SMILES to graph: 190/500
4iosA_antigen.pdb  7s6kFG_antibody.pdb
Converting SMILES to graph: 191/500
4irzA_antigen.pdb  6rakC_antibody.pdb
Converting SMILES to graph: 192/500
4irzA_antigen.pdb  6nhaHL_antibody.pdb
Converting SMILES to graph: 193/500
4irzA_antigen.pdb  8f6xDd_antibody.pdb
Converting SMILES to graph: 194/500
4irzA_antigen.pdb  8ekfHL_antibody.pdb
Converting SMILES to graph: 195/500
4irzA_antigen.pdb  4kjwCD_antibody.pdb
Converting SMILES to graph: 196/500
4irzA_antigen.pdb  4wv1BA_antibody.pdb
Converting SMILES to graph: 197/500
4j4pA_antigen.pdb  1n8zBA_antibody.pdb
Converting SMILES to graph: 198/500
4j4pA_antigen.pdb  7xatEe_antibody.pdb
Converting SMILES to graph: 199/500
4j4pA_antigen.pdb  7ljcN_antibody.pdb
Converting SMILES to graph: 200/500
4j4pA_antigen.pdb  2iffHL_antibody.pdb
Converting SMILES to graph: 201/500
4j4pA_antigen.pdb  8e3xN_antibody.pdb
Converting SMILES to graph: 202/500
4j4pA_antigen.pdb  7y0vHL_antibody.pdb
Converting SMILES to graph: 203/500
4j6rG_antigen.pdb  7xbdEe_antibody.pdb
Converting SMILES to graph: 204/500
4j6rG_antigen.pdb  7v68Ss_antibody.pdb
Converting SMILES to graph: 205/500
4j6rG_antigen.pdb  7rkmDd_antibody.pdb
Converting SMILES to graph: 206/500
4j6rG_antigen.pdb  7f2oSs_antibody.pdb
Converting SMILES to graph: 207/500
4j6rG_antigen.pdb  6jodHL_antibody.pdb
Converting SMILES to graph: 208/500
4j8rI_antigen.pdb  7nvmN_antibody.pdb
Converting SMILES to graph: 209/500
4j8rI_antigen.pdb  7vq0D_antibody.pdb
Converting SMILES to graph: 210/500
4j8rI_antigen.pdb  6m2rHL_antibody.pdb
Converting SMILES to graph: 211/500
4j8rI_antigen.pdb  7wcnN_antibody.pdb
Converting SMILES to graph: 212/500
4j8rI_antigen.pdb  8b1kB_antibody.pdb
Converting SMILES to graph: 213/500
4janI_antigen.pdb  6wbvHL_antibody.pdb
Converting SMILES to graph: 214/500
4janI_antigen.pdb  8sr0YZ_antibody.pdb
Converting SMILES to graph: 215/500
4janI_antigen.pdb  7aqgC_antibody.pdb
Converting SMILES to graph: 216/500
4janI_antigen.pdb  5u5fBA_antibody.pdb
Converting SMILES to graph: 217/500
4janI_antigen.pdb  4fqkEF_antibody.pdb
Converting SMILES to graph: 218/500
4janI_antigen.pdb  6uyfHL_antibody.pdb
Converting SMILES to graph: 219/500
4jb9G_antigen.pdb  7d0bHL_antibody.pdb
Converting SMILES to graph: 220/500
4jb9G_antigen.pdb  5f7nD_antibody.pdb
Converting SMILES to graph: 221/500
4jb9G_antigen.pdb  7rr0BC_antibody.pdb
Converting SMILES to graph: 222/500
4jb9G_antigen.pdb  4hc1MN_antibody.pdb
Converting SMILES to graph: 223/500
4jb9G_antigen.pdb  7f0xBb_antibody.pdb
Converting SMILES to graph: 224/500
4jb9G_antigen.pdb  7cdiHL_antibody.pdb
Converting SMILES to graph: 225/500
4jdtG_antigen.pdb  7r89CD_antibody.pdb
Converting SMILES to graph: 226/500
4jdtG_antigen.pdb  8bg4Aa_antibody.pdb
Converting SMILES to graph: 227/500
4jdtG_antigen.pdb  7tccMN_antibody.pdb
Converting SMILES to graph: 228/500
4jdtG_antigen.pdb  7zmoK_antibody.pdb
Converting SMILES to graph: 229/500
4jdtG_antigen.pdb  5ueaHL_antibody.pdb
Converting SMILES to graph: 230/500
4jdtG_antigen.pdb  8ftgA_antibody.pdb
Converting SMILES to graph: 231/500
4jfxP_antigen.pdb  4lvnCB_antibody.pdb
Converting SMILES to graph: 232/500
4jfxP_antigen.pdb  4pouB_antibody.pdb
Converting SMILES to graph: 233/500
4jfxP_antigen.pdb  2b2xHL_antibody.pdb
Converting SMILES to graph: 234/500
4jfxP_antigen.pdb  3leyHL_antibody.pdb
Converting SMILES to graph: 235/500
4jfxP_antigen.pdb  7fcpHL_antibody.pdb
Converting SMILES to graph: 236/500
4jfxP_antigen.pdb  6wqoBC_antibody.pdb
Converting SMILES to graph: 237/500
4jfzP_antigen.pdb  8dzsEe_antibody.pdb
Converting SMILES to graph: 238/500
4jfzP_antigen.pdb  6vbpJI_antibody.pdb
Converting SMILES to graph: 239/500
4jfzP_antigen.pdb  1hh6BA_antibody.pdb
Converting SMILES to graph: 240/500
4jfzP_antigen.pdb  7wscHL_antibody.pdb
Converting SMILES to graph: 241/500
4jfzP_antigen.pdb  3ztnHL_antibody.pdb
Converting SMILES to graph: 242/500
4jfzP_antigen.pdb  7xsaBC_antibody.pdb
Converting SMILES to graph: 243/500
4jg0P_antigen.pdb  7tn9AB_antibody.pdb
Converting SMILES to graph: 244/500
4jg0P_antigen.pdb  6dztMm_antibody.pdb
Converting SMILES to graph: 245/500
4jg0P_antigen.pdb  6c6yAB_antibody.pdb
Converting SMILES to graph: 246/500
4jg0P_antigen.pdb  7bueJK_antibody.pdb
Converting SMILES to graph: 247/500
4jg0P_antigen.pdb  8bzyB_antibody.pdb
Converting SMILES to graph: 248/500
4jg0P_antigen.pdb  7x2oHL_antibody.pdb
Converting SMILES to graph: 249/500
4jg1P_antigen.pdb  6ocaD_antibody.pdb
Converting SMILES to graph: 250/500
4jg1P_antigen.pdb  3ejyCD_antibody.pdb
Converting SMILES to graph: 251/500
4jg1P_antigen.pdb  7vfaD_antibody.pdb
Converting SMILES to graph: 252/500
4jg1P_antigen.pdb  8b1cB_antibody.pdb
Converting SMILES to graph: 253/500
4jg1P_antigen.pdb  7t01HL_antibody.pdb
Converting SMILES to graph: 254/500
4jg1P_antigen.pdb  5da0B_antibody.pdb
Converting SMILES to graph: 255/500
4jhwF_antigen.pdb  7te8B_antibody.pdb
Converting SMILES to graph: 256/500
4jhwF_antigen.pdb  7r89CD_antibody.pdb
Converting SMILES to graph: 257/500
4jhwF_antigen.pdb  7o52HL_antibody.pdb
Converting SMILES to graph: 258/500
4jhwF_antigen.pdb  6jhtED_antibody.pdb
Converting SMILES to graph: 259/500
4jhwF_antigen.pdb  7m3nHL_antibody.pdb
Converting SMILES to graph: 260/500
4jhwF_antigen.pdb  7jx3HL_antibody.pdb
Converting SMILES to graph: 261/500
4jkpG_antigen.pdb  7oanF_antibody.pdb
Converting SMILES to graph: 262/500
4jkpG_antigen.pdb  5mvzHL_antibody.pdb
Converting SMILES to graph: 263/500
4jkpG_antigen.pdb  4fg6EF_antibody.pdb
Converting SMILES to graph: 264/500
4jkpG_antigen.pdb  6v4nCG_antibody.pdb
Converting SMILES to graph: 265/500
4jkpG_antigen.pdb  7x8yHL_antibody.pdb
Converting SMILES to graph: 266/500
4jkpG_antigen.pdb  7a4dA_antibody.pdb
Converting SMILES to graph: 267/500
4jlrS_antigen.pdb  6gdgE_antibody.pdb
Converting SMILES to graph: 268/500
4jlrS_antigen.pdb  5ikcBA_antibody.pdb
Converting SMILES to graph: 269/500
4jlrS_antigen.pdb  7k43CD_antibody.pdb
Converting SMILES to graph: 270/500
4jlrS_antigen.pdb  5mu0AB_antibody.pdb
Converting SMILES to graph: 271/500
4jlrS_antigen.pdb  8as3HL_antibody.pdb
Converting SMILES to graph: 272/500
4jlrS_antigen.pdb  4lbeAB_antibody.pdb
Converting SMILES to graph: 273/500
4jm2E_antigen.pdb  6lraHL_antibody.pdb
Converting SMILES to graph: 274/500
4jm2E_antigen.pdb  2pw1BA_antibody.pdb
Converting SMILES to graph: 275/500
4jm2E_antigen.pdb  6r0xCD_antibody.pdb
Converting SMILES to graph: 276/500
4jm2E_antigen.pdb  4qexIM_antibody.pdb
Converting SMILES to graph: 277/500
4jm2E_antigen.pdb  7st8HL_antibody.pdb
Converting SMILES to graph: 278/500
4jm2E_antigen.pdb  7wcdEF_antibody.pdb
Converting SMILES to graph: 279/500
4jo1P_antigen.pdb  7b3oHL_antibody.pdb
Converting SMILES to graph: 280/500
4jo1P_antigen.pdb  7evwN_antibody.pdb
Converting SMILES to graph: 281/500
4jo1P_antigen.pdb  7m6iHL_antibody.pdb
Converting SMILES to graph: 282/500
4jo1P_antigen.pdb  7jvqN_antibody.pdb
Converting SMILES to graph: 283/500
4jo1P_antigen.pdb  3baeHL_antibody.pdb
Converting SMILES to graph: 284/500
4jo1P_antigen.pdb  6mf7HL_antibody.pdb
Converting SMILES to graph: 285/500
4jo2P_antigen.pdb  7ydsBC_antibody.pdb
Converting SMILES to graph: 286/500
4jo2P_antigen.pdb  8dd3JI_antibody.pdb
Converting SMILES to graph: 287/500
4jo2P_antigen.pdb  7ri1B_antibody.pdb
Converting SMILES to graph: 288/500
4jo2P_antigen.pdb  5cszHL_antibody.pdb
Converting SMILES to graph: 289/500
4jo2P_antigen.pdb  5sx5JK_antibody.pdb
Converting SMILES to graph: 290/500
4jo2P_antigen.pdb  7b3oHL_antibody.pdb
Converting SMILES to graph: 291/500
4jo3Q_antigen.pdb  5o14CD_antibody.pdb
Converting SMILES to graph: 292/500
4jo3Q_antigen.pdb  6nb7HL_antibody.pdb
Converting SMILES to graph: 293/500
4jo3Q_antigen.pdb  8g5fJK_antibody.pdb
Converting SMILES to graph: 294/500
4jo3Q_antigen.pdb  5hvfB_antibody.pdb
Converting SMILES to graph: 295/500
4jo3Q_antigen.pdb  6wn4AB_antibody.pdb
Converting SMILES to graph: 296/500
4jo3Q_antigen.pdb  7c6aHL_antibody.pdb
Converting SMILES to graph: 297/500
4jpkA_antigen.pdb  7vuhN_antibody.pdb
Converting SMILES to graph: 298/500
4jpkA_antigen.pdb  2fd6HL_antibody.pdb
Converting SMILES to graph: 299/500
4jpkA_antigen.pdb  7yv7FE_antibody.pdb
Converting SMILES to graph: 300/500
4jpkA_antigen.pdb  2dqcHL_antibody.pdb
Converting SMILES to graph: 301/500
4jpkA_antigen.pdb  2adfHL_antibody.pdb
Converting SMILES to graph: 302/500
4jpkA_antigen.pdb  7cthHL_antibody.pdb
Converting SMILES to graph: 303/500
4jpvG_antigen.pdb  6mu6HL_antibody.pdb
Converting SMILES to graph: 304/500
4jpvG_antigen.pdb  7vuxHL_antibody.pdb
Converting SMILES to graph: 305/500
4jpvG_antigen.pdb  7bc7B_antibody.pdb
Converting SMILES to graph: 306/500
4jpvG_antigen.pdb  7vvmN_antibody.pdb
Converting SMILES to graph: 307/500
4jpwG_antigen.pdb  7cz0G_antibody.pdb
Converting SMILES to graph: 308/500
4jpwG_antigen.pdb  5lhrB_antibody.pdb
Converting SMILES to graph: 309/500
4jpwG_antigen.pdb  8bggY_antibody.pdb
Converting SMILES to graph: 310/500
4jpwG_antigen.pdb  8q6jBA_antibody.pdb
Converting SMILES to graph: 311/500
4jqiAV_antigen.pdb  7kh0N_antibody.pdb
Converting SMILES to graph: 312/500
4jqiAV_antigen.pdb  7cz5N_antibody.pdb
Converting SMILES to graph: 313/500
4jqiAV_antigen.pdb  7czyHK_antibody.pdb
Converting SMILES to graph: 314/500
4jqiAV_antigen.pdb  4s1rHL_antibody.pdb
Converting SMILES to graph: 315/500
4jqiAV_antigen.pdb  6oijHh_antibody.pdb
Converting SMILES to graph: 316/500
4jqiAV_antigen.pdb  8ci2F_antibody.pdb
Converting SMILES to graph: 317/500
4jr9A_antigen.pdb  7leyDE_antibody.pdb
Converting SMILES to graph: 318/500
4jr9A_antigen.pdb  7dv4H_antibody.pdb
Converting SMILES to graph: 319/500
4jr9A_antigen.pdb  8cr9AB_antibody.pdb
Converting SMILES to graph: 320/500
4jr9A_antigen.pdb  5xctAB_antibody.pdb
Converting SMILES to graph: 321/500
4jr9A_antigen.pdb  6az2CE_antibody.pdb
Converting SMILES to graph: 322/500
4jr9A_antigen.pdb  7a3nHL_antibody.pdb
Converting SMILES to graph: 323/500
4jreD_antigen.pdb  6orqHL_antibody.pdb
Converting SMILES to graph: 324/500
4jreD_antigen.pdb  1tqcBC_antibody.pdb
Converting SMILES to graph: 325/500
4jreD_antigen.pdb  3v4uHL_antibody.pdb
Converting SMILES to graph: 326/500
4jreD_antigen.pdb  7ow1HK_antibody.pdb
Converting SMILES to graph: 327/500
4jreD_antigen.pdb  7dfbHL_antibody.pdb
Converting SMILES to graph: 328/500
4jreD_antigen.pdb  3gi8HL_antibody.pdb
Converting SMILES to graph: 329/500
4jzjC_antigen.pdb  4jhwHL_antibody.pdb
Converting SMILES to graph: 330/500
4jzjC_antigen.pdb  6q0iHL_antibody.pdb
Converting SMILES to graph: 331/500
4jzjC_antigen.pdb  7uh8EF_antibody.pdb
Converting SMILES to graph: 332/500
4jzjC_antigen.pdb  7rxlHL_antibody.pdb
Converting SMILES to graph: 333/500
4jzjC_antigen.pdb  4w6wB_antibody.pdb
Converting SMILES to graph: 334/500
4jzjC_antigen.pdb  7mxeHL_antibody.pdb
Converting SMILES to graph: 335/500
4jznK_antigen.pdb  6pisIM_antibody.pdb
Converting SMILES to graph: 336/500
4jznK_antigen.pdb  7lfbHL_antibody.pdb
Converting SMILES to graph: 337/500
4jznK_antigen.pdb  2fecIL_antibody.pdb
Converting SMILES to graph: 338/500
4jznK_antigen.pdb  7yixCc_antibody.pdb
Converting SMILES to graph: 339/500
4jznK_antigen.pdb  8cwvHL_antibody.pdb
Converting SMILES to graph: 340/500
4jznK_antigen.pdb  7zauB_antibody.pdb
Converting SMILES to graph: 341/500
4jzoL_antigen.pdb  7b17B_antibody.pdb
Converting SMILES to graph: 342/500
4jzoL_antigen.pdb  7wvgCD_antibody.pdb
Converting SMILES to graph: 343/500
4jzoL_antigen.pdb  7lopWV_antibody.pdb
Converting SMILES to graph: 344/500
4jzoL_antigen.pdb  8dwaHL_antibody.pdb
Converting SMILES to graph: 345/500
4jzoL_antigen.pdb  8d0yDE_antibody.pdb
Converting SMILES to graph: 346/500
4jzoL_antigen.pdb  7e32Ee_antibody.pdb
Converting SMILES to graph: 347/500
4k24U_antigen.pdb  6pv8HI_antibody.pdb
Converting SMILES to graph: 348/500
4k24U_antigen.pdb  8hebED_antibody.pdb
Converting SMILES to graph: 349/500
4k24U_antigen.pdb  6ww5EF_antibody.pdb
Converting SMILES to graph: 350/500
4k24U_antigen.pdb  6wi9N_antibody.pdb
Converting SMILES to graph: 351/500
4k24U_antigen.pdb  6k5aEF_antibody.pdb
Converting SMILES to graph: 352/500
4k24U_antigen.pdb  2igfHL_antibody.pdb
Converting SMILES to graph: 353/500
4k2uB_antigen.pdb  8f5nHL_antibody.pdb
Converting SMILES to graph: 354/500
4k2uB_antigen.pdb  5i9qBC_antibody.pdb
Converting SMILES to graph: 355/500
4k2uB_antigen.pdb  3jabHL_antibody.pdb
Converting SMILES to graph: 356/500
4k2uB_antigen.pdb  6u6uHL_antibody.pdb
Converting SMILES to graph: 357/500
4k2uB_antigen.pdb  7sbzAB_antibody.pdb
Converting SMILES to graph: 358/500
4k2uB_antigen.pdb  4mxvHL_antibody.pdb
Converting SMILES to graph: 359/500
4k3jB_antigen.pdb  2znwBb_antibody.pdb
Converting SMILES to graph: 360/500
4k3jB_antigen.pdb  7bbgHL_antibody.pdb
Converting SMILES to graph: 361/500
4k3jB_antigen.pdb  7o3bA_antibody.pdb
Converting SMILES to graph: 362/500
4k3jB_antigen.pdb  6i07Bb_antibody.pdb
Converting SMILES to graph: 363/500
4k3jB_antigen.pdb  7mzlHL_antibody.pdb
Converting SMILES to graph: 364/500
4k3jB_antigen.pdb  7p5wL_antibody.pdb
Converting SMILES to graph: 365/500
4k4mB_antigen.pdb  8spsKk_antibody.pdb
Converting SMILES to graph: 366/500
4k4mB_antigen.pdb  7dq7HL_antibody.pdb
Converting SMILES to graph: 367/500
4k4mB_antigen.pdb  7beiHL_antibody.pdb
Converting SMILES to graph: 368/500
4k4mB_antigen.pdb  3ze2EF_antibody.pdb
Converting SMILES to graph: 369/500
4k4mB_antigen.pdb  4nbyB_antibody.pdb
Converting SMILES to graph: 370/500
4k4mB_antigen.pdb  8gh4HL_antibody.pdb
Converting SMILES to graph: 371/500
4k8rB_antigen.pdb  7r8mHL_antibody.pdb
Converting SMILES to graph: 372/500
4k8rB_antigen.pdb  7qbfB_antibody.pdb
Converting SMILES to graph: 373/500
4k8rB_antigen.pdb  8dlyH_antibody.pdb
Converting SMILES to graph: 374/500
4k8rB_antigen.pdb  8hijHL_antibody.pdb
Converting SMILES to graph: 375/500
4k8rB_antigen.pdb  1oakHL_antibody.pdb
Converting SMILES to graph: 376/500
4k94CC_antigen.pdb  7tzgAa_antibody.pdb
Converting SMILES to graph: 377/500
4k94CC_antigen.pdb  6eqiB_antibody.pdb
Converting SMILES to graph: 378/500
4k94CC_antigen.pdb  7f54N_antibody.pdb
Converting SMILES to graph: 379/500
4k94CC_antigen.pdb  5xezHL_antibody.pdb
Converting SMILES to graph: 380/500
4k94CC_antigen.pdb  7qvmSs_antibody.pdb
Converting SMILES to graph: 381/500
4k94CC_antigen.pdb  7xk9B_antibody.pdb
Converting SMILES to graph: 382/500
4k9eC_antigen.pdb  6q1zHL_antibody.pdb
Converting SMILES to graph: 383/500
4k9eC_antigen.pdb  8itfSs_antibody.pdb
Converting SMILES to graph: 384/500
4k9eC_antigen.pdb  2y6sHL_antibody.pdb
Converting SMILES to graph: 385/500
4k9eC_antigen.pdb  8bbnMN_antibody.pdb
Converting SMILES to graph: 386/500
4k9eC_antigen.pdb  7n0iK_antibody.pdb
Converting SMILES to graph: 387/500
4k9eC_antigen.pdb  8hijHL_antibody.pdb
Converting SMILES to graph: 388/500
4kdtD_antigen.pdb  8guqSs_antibody.pdb
Converting SMILES to graph: 389/500
4kdtD_antigen.pdb  1ztxHL_antibody.pdb
Converting SMILES to graph: 390/500
4kdtD_antigen.pdb  6iuvCD_antibody.pdb
Converting SMILES to graph: 391/500
4kdtD_antigen.pdb  5dd0HL_antibody.pdb
Converting SMILES to graph: 392/500
4kdtD_antigen.pdb  8gnjC_antibody.pdb
Converting SMILES to graph: 393/500
4kdtD_antigen.pdb  6v7yF_antibody.pdb
Converting SMILES to graph: 394/500
4kfzB_antigen.pdb  7unyB_antibody.pdb
Converting SMILES to graph: 395/500
4kfzB_antigen.pdb  7t3dOQ_antibody.pdb
Converting SMILES to graph: 396/500
4kfzB_antigen.pdb  6eyoHL_antibody.pdb
Converting SMILES to graph: 397/500
4kfzB_antigen.pdb  8c3lB_antibody.pdb
Converting SMILES to graph: 398/500
4kfzB_antigen.pdb  3ejyCD_antibody.pdb
Converting SMILES to graph: 399/500
4kfzB_antigen.pdb  8e99E_antibody.pdb
Converting SMILES to graph: 400/500
4khtA_antigen.pdb  3mnwBA_antibody.pdb
Converting SMILES to graph: 401/500
4khtA_antigen.pdb  6xc3HL_antibody.pdb
Converting SMILES to graph: 402/500
4khtA_antigen.pdb  1kiqBA_antibody.pdb
Converting SMILES to graph: 403/500
4khtA_antigen.pdb  7te6GH_antibody.pdb
Converting SMILES to graph: 404/500
4khtA_antigen.pdb  6ranC_antibody.pdb
Converting SMILES to graph: 405/500
4khtA_antigen.pdb  4xzuEF_antibody.pdb
Converting SMILES to graph: 406/500
4khxA_antigen.pdb  7jtiHL_antibody.pdb
Converting SMILES to graph: 407/500
4khxA_antigen.pdb  4jkpHL_antibody.pdb
Converting SMILES to graph: 408/500
4khxA_antigen.pdb  7yveIH_antibody.pdb
Converting SMILES to graph: 409/500
4khxA_antigen.pdb  5wttAB_antibody.pdb
Converting SMILES to graph: 410/500
4khxA_antigen.pdb  7q6cHL_antibody.pdb
Converting SMILES to graph: 411/500
4khxA_antigen.pdb  1bqlHL_antibody.pdb
Converting SMILES to graph: 412/500
4ki5M_antigen.pdb  7wb5HL_antibody.pdb
Converting SMILES to graph: 413/500
4ki5M_antigen.pdb  7ly9BC_antibody.pdb
Converting SMILES to graph: 414/500
4ki5M_antigen.pdb  7xmtSs_antibody.pdb
Converting SMILES to graph: 415/500
4ki5M_antigen.pdb  6s0yA_antibody.pdb
Converting SMILES to graph: 416/500
4ki5M_antigen.pdb  3cxdHL_antibody.pdb
Converting SMILES to graph: 417/500
4ki5M_antigen.pdb  7v9lN_antibody.pdb
Converting SMILES to graph: 418/500
4kjpA_antigen.pdb  7n9aA_antibody.pdb
Converting SMILES to graph: 419/500
4kjpA_antigen.pdb  7xy3D_antibody.pdb
Converting SMILES to graph: 420/500
4kjpA_antigen.pdb  8e6kHL_antibody.pdb
Converting SMILES to graph: 421/500
4kjpA_antigen.pdb  7zmtK_antibody.pdb
Converting SMILES to graph: 422/500
4kjpA_antigen.pdb  7engHL_antibody.pdb
Converting SMILES to graph: 423/500
4kjpA_antigen.pdb  6jb5A_antibody.pdb
Converting SMILES to graph: 424/500
4kjqB_antigen.pdb  4hpyHL_antibody.pdb
Converting SMILES to graph: 425/500
4kjqB_antigen.pdb  2f58HL_antibody.pdb
Converting SMILES to graph: 426/500
4kjqB_antigen.pdb  6x4tDF_antibody.pdb
Converting SMILES to graph: 427/500
4kjqB_antigen.pdb  7x7oHL_antibody.pdb
Converting SMILES to graph: 428/500
4kjqB_antigen.pdb  6ylaHL_antibody.pdb
Converting SMILES to graph: 429/500
4kjwA_antigen.pdb  7vvlN_antibody.pdb
Converting SMILES to graph: 430/500
4kjwA_antigen.pdb  7uz7HL_antibody.pdb
Converting SMILES to graph: 431/500
4kjwA_antigen.pdb  7whdDE_antibody.pdb
Converting SMILES to graph: 432/500
4kjwA_antigen.pdb  4ydiHL_antibody.pdb
Converting SMILES to graph: 433/500
4kjwA_antigen.pdb  7r6wAB_antibody.pdb
Converting SMILES to graph: 434/500
4kjwA_antigen.pdb  8trtAG_antibody.pdb
Converting SMILES to graph: 435/500
4kk5B_antigen.pdb  2v17HL_antibody.pdb
Converting SMILES to graph: 436/500
4kk5B_antigen.pdb  7bbjMN_antibody.pdb
Converting SMILES to graph: 437/500
4kk5B_antigen.pdb  5imkB_antibody.pdb
Converting SMILES to graph: 438/500
4kk5B_antigen.pdb  3pp4HL_antibody.pdb
Converting SMILES to graph: 439/500
4kk5B_antigen.pdb  5y7zD_antibody.pdb
Converting SMILES to graph: 440/500
4kk5B_antigen.pdb  5m2jD_antibody.pdb
Converting SMILES to graph: 441/500
4kk6B_antigen.pdb  6zfoBC_antibody.pdb
Converting SMILES to graph: 442/500
4kk6B_antigen.pdb  2p42D_antibody.pdb
Converting SMILES to graph: 443/500
4kk6B_antigen.pdb  7cu5Aa_antibody.pdb
Converting SMILES to graph: 444/500
4kk6B_antigen.pdb  7f62HL_antibody.pdb
Converting SMILES to graph: 445/500
4kk6B_antigen.pdb  7swwHL_antibody.pdb
Converting SMILES to graph: 446/500
4kk6B_antigen.pdb  2qqnHL_antibody.pdb
Converting SMILES to graph: 447/500
4kk8B_antigen.pdb  6nnfHL_antibody.pdb
Converting SMILES to graph: 448/500
4kk8B_antigen.pdb  7ktxIJ_antibody.pdb
Converting SMILES to graph: 449/500
4kk8B_antigen.pdb  5zs0BA_antibody.pdb
Converting SMILES to graph: 450/500
4kk8B_antigen.pdb  7uraHL_antibody.pdb
Converting SMILES to graph: 451/500
4kk8B_antigen.pdb  4ldoB_antibody.pdb
Converting SMILES to graph: 452/500
4kk9B_antigen.pdb  5eoqHL_antibody.pdb
Converting SMILES to graph: 453/500
4kk9B_antigen.pdb  2f5bHL_antibody.pdb
Converting SMILES to graph: 454/500
4kk9B_antigen.pdb  3egsBA_antibody.pdb
Converting SMILES to graph: 455/500
4kk9B_antigen.pdb  6gg0HL_antibody.pdb
Converting SMILES to graph: 456/500
4kk9B_antigen.pdb  6oz6H_antibody.pdb
Converting SMILES to graph: 457/500
4kk9B_antigen.pdb  8g6iCB_antibody.pdb
Converting SMILES to graph: 458/500
4kkaA_antigen.pdb  8jlzN_antibody.pdb
Converting SMILES to graph: 459/500
4kkaA_antigen.pdb  4zsoDC_antibody.pdb
Converting SMILES to graph: 460/500
4kkaA_antigen.pdb  7sr4B_antibody.pdb
Converting SMILES to graph: 461/500
4kkaA_antigen.pdb  3s36HL_antibody.pdb
Converting SMILES to graph: 462/500
4kkaA_antigen.pdb  7wq4N_antibody.pdb
Converting SMILES to graph: 463/500
4kkaA_antigen.pdb  4ocmF_antibody.pdb
Converting SMILES to graph: 464/500
4kkbB_antigen.pdb  8sarCD_antibody.pdb
Converting SMILES to graph: 465/500
4kkbB_antigen.pdb  7fh0B_antibody.pdb
Converting SMILES to graph: 466/500
4kkbB_antigen.pdb  6b3sCD_antibody.pdb
Converting SMILES to graph: 467/500
4kkbB_antigen.pdb  7a3nHL_antibody.pdb
Converting SMILES to graph: 468/500
4kkbB_antigen.pdb  3idiBA_antibody.pdb
Converting SMILES to graph: 469/500
4kkbB_antigen.pdb  6wdtHL_antibody.pdb
Converting SMILES to graph: 470/500
4kkcA_antigen.pdb  7te1HL_antibody.pdb
Converting SMILES to graph: 471/500
4kkcA_antigen.pdb  5lx9Hh_antibody.pdb
Converting SMILES to graph: 472/500
4kkcA_antigen.pdb  8dt3HL_antibody.pdb
Converting SMILES to graph: 473/500
4kkcA_antigen.pdb  7tatDE_antibody.pdb
Converting SMILES to graph: 474/500
4kkcA_antigen.pdb  6wdtHL_antibody.pdb
Converting SMILES to graph: 475/500
4kkcA_antigen.pdb  7e72AB_antibody.pdb
Converting SMILES to graph: 476/500
4kklA_antigen.pdb  7xkeN_antibody.pdb
Converting SMILES to graph: 477/500
4kklA_antigen.pdb  3g5vBA_antibody.pdb
Converting SMILES to graph: 478/500
4kklA_antigen.pdb  7m6fCD_antibody.pdb
Converting SMILES to graph: 479/500
4kklA_antigen.pdb  2vxsJN_antibody.pdb
Converting SMILES to graph: 480/500
4kklA_antigen.pdb  8hecED_antibody.pdb
Converting SMILES to graph: 481/500
4kklA_antigen.pdb  5f97F_antibody.pdb
Converting SMILES to graph: 482/500
4kmlA_antigen.pdb  6e0pMm_antibody.pdb
Converting SMILES to graph: 483/500
4kmlA_antigen.pdb  7sp6B_antibody.pdb
Converting SMILES to graph: 484/500
4kmlA_antigen.pdb  5vgjHL_antibody.pdb
Converting SMILES to graph: 485/500
4kmlA_antigen.pdb  6lbhCD_antibody.pdb
Converting SMILES to graph: 486/500
4kmlA_antigen.pdb  6itcC_antibody.pdb
Converting SMILES to graph: 487/500
4kmlA_antigen.pdb  8gq1HL_antibody.pdb
Converting SMILES to graph: 488/500
4krlA_antigen.pdb  6xpxBC_antibody.pdb
Converting SMILES to graph: 489/500
4krlA_antigen.pdb  7mw3HL_antibody.pdb
Converting SMILES to graph: 490/500
4krlA_antigen.pdb  7r8oMN_antibody.pdb
Converting SMILES to graph: 491/500
4krlA_antigen.pdb  6bpcBC_antibody.pdb
Converting SMILES to graph: 492/500
4krlA_antigen.pdb  4wenB_antibody.pdb
Converting SMILES to graph: 493/500
4krlA_antigen.pdb  5j9pAB_antibody.pdb
Converting SMILES to graph: 494/500
4krmE_antigen.pdb  7db6Ee_antibody.pdb
Converting SMILES to graph: 495/500
4krmE_antigen.pdb  8gspHL_antibody.pdb
Converting SMILES to graph: 496/500
4krmE_antigen.pdb  8dtnA_antibody.pdb
Converting SMILES to graph: 497/500
4krmE_antigen.pdb  7mf1HL_antibody.pdb
Converting SMILES to graph: 498/500
4krmE_antigen.pdb  6h70C_antibody.pdb
Converting SMILES to graph: 499/500
4krmE_antigen.pdb  3mlwHL_antibody.pdb
Converting SMILES to graph: 500/500
4kroA_antigen.pdb  5w4lDE_antibody.pdb
Graph construction done. Saving to file.
