Converting SMILES to graph: 1/500
7duqAB_antigen.pdb  7x25AC_antibody.pdb
Converting SMILES to graph: 2/500
7durAB_antigen.pdb  8esvHL_antibody.pdb
Converting SMILES to graph: 3/500
7durAB_antigen.pdb  7vlaSs_antibody.pdb
Converting SMILES to graph: 4/500
7durAB_antigen.pdb  6rahC_antibody.pdb
Converting SMILES to graph: 5/500
7durAB_antigen.pdb  5o03C_antibody.pdb
Converting SMILES to graph: 6/500
7durAB_antigen.pdb  8sauCD_antibody.pdb
Converting SMILES to graph: 7/500
7durAB_antigen.pdb  4xnuHL_antibody.pdb
Converting SMILES to graph: 8/500
7dv4G_antigen.pdb  6usfHL_antibody.pdb
Converting SMILES to graph: 9/500
7dv4G_antigen.pdb  6mehHL_antibody.pdb
Converting SMILES to graph: 10/500
7dv4G_antigen.pdb  8w85AB_antibody.pdb
Converting SMILES to graph: 11/500
7dv4G_antigen.pdb  7kn6C_antibody.pdb
Converting SMILES to graph: 12/500
7dv4G_antigen.pdb  8b17B_antibody.pdb
Converting SMILES to graph: 13/500
7dv4G_antigen.pdb  5v2aHL_antibody.pdb
Converting SMILES to graph: 14/500
7dw9A_antigen.pdb  5d96JI_antibody.pdb
Converting SMILES to graph: 15/500
7dw9A_antigen.pdb  6sneHL_antibody.pdb
Converting SMILES to graph: 16/500
7dw9A_antigen.pdb  4liqHL_antibody.pdb
Converting SMILES to graph: 17/500
7dw9A_antigen.pdb  5ocxHL_antibody.pdb
Converting SMILES to graph: 18/500
7dw9A_antigen.pdb  6iccHL_antibody.pdb
Converting SMILES to graph: 19/500
7dw9A_antigen.pdb  2oz4HL_antibody.pdb
Converting SMILES to graph: 20/500
7dwtA_antigen.pdb  7eo2Ee_antibody.pdb
Converting SMILES to graph: 21/500
7dwtA_antigen.pdb  5ifjJK_antibody.pdb
Converting SMILES to graph: 22/500
7dwtA_antigen.pdb  6hgaHL_antibody.pdb
Converting SMILES to graph: 23/500
7dwtA_antigen.pdb  3bdyHL_antibody.pdb
Converting SMILES to graph: 24/500
7dwtA_antigen.pdb  7vvmN_antibody.pdb
Converting SMILES to graph: 25/500
7dwtA_antigen.pdb  5ziaGL_antibody.pdb
Converting SMILES to graph: 26/500
7dwuA_antigen.pdb  1fskIH_antibody.pdb
Converting SMILES to graph: 27/500
7dwuA_antigen.pdb  7zxgBC_antibody.pdb
Converting SMILES to graph: 28/500
7dwuA_antigen.pdb  7uowHL_antibody.pdb
Converting SMILES to graph: 29/500
7dwuA_antigen.pdb  2bdnHL_antibody.pdb
Converting SMILES to graph: 30/500
7dwuA_antigen.pdb  4r2gNM_antibody.pdb
Converting SMILES to graph: 31/500
7dwuA_antigen.pdb  7p14B_antibody.pdb
Converting SMILES to graph: 32/500
7dx4E_antigen.pdb  5hdbEF_antibody.pdb
Converting SMILES to graph: 33/500
7dx4E_antigen.pdb  7wxwD_antibody.pdb
Converting SMILES to graph: 34/500
7dx4E_antigen.pdb  5m2mJ_antibody.pdb
Converting SMILES to graph: 35/500
7dx4E_antigen.pdb  8i3uHL_antibody.pdb
Converting SMILES to graph: 36/500
7dx4E_antigen.pdb  4kk5EF_antibody.pdb
Converting SMILES to graph: 37/500
7dx4E_antigen.pdb  8ucdHL_antibody.pdb
Converting SMILES to graph: 38/500
7dzxC_antigen.pdb  2p49B_antibody.pdb
Converting SMILES to graph: 39/500
7dzxC_antigen.pdb  7vazDC_antibody.pdb
Converting SMILES to graph: 40/500
7dzxC_antigen.pdb  7pi3TU_antibody.pdb
Converting SMILES to graph: 41/500
7dzxC_antigen.pdb  6urhHL_antibody.pdb
Converting SMILES to graph: 42/500
7dzxC_antigen.pdb  6yioHL_antibody.pdb
Converting SMILES to graph: 43/500
7dzxC_antigen.pdb  8d6zAB_antibody.pdb
Converting SMILES to graph: 44/500
7dzyA_antigen.pdb  5o8fO_antibody.pdb
Converting SMILES to graph: 45/500
7dzyA_antigen.pdb  6ieqDE_antibody.pdb
Converting SMILES to graph: 46/500
7dzyA_antigen.pdb  7vtjHL_antibody.pdb
Converting SMILES to graph: 47/500
7dzyA_antigen.pdb  4xmpHL_antibody.pdb
Converting SMILES to graph: 48/500
7dzyA_antigen.pdb  8hdpN_antibody.pdb
Converting SMILES to graph: 49/500
7dzyA_antigen.pdb  7zmvK_antibody.pdb
Converting SMILES to graph: 50/500
7e14AB_antigen.pdb  6weqGH_antibody.pdb
Converting SMILES to graph: 51/500
7e14AB_antigen.pdb  6zwkF_antibody.pdb
Converting SMILES to graph: 52/500
7e14AB_antigen.pdb  7udhEF_antibody.pdb
Converting SMILES to graph: 53/500
7e14AB_antigen.pdb  7d68N_antibody.pdb
Converting SMILES to graph: 54/500
7e14AB_antigen.pdb  7rcoFE_antibody.pdb
Converting SMILES to graph: 55/500
7e14AB_antigen.pdb  3q3gKJ_antibody.pdb
Converting SMILES to graph: 56/500
7e23A_antigen.pdb  7qbeE_antibody.pdb
Converting SMILES to graph: 57/500
7e23A_antigen.pdb  7x47HL_antibody.pdb
Converting SMILES to graph: 58/500
7e23A_antigen.pdb  7wrjAB_antibody.pdb
Converting SMILES to graph: 59/500
7e23A_antigen.pdb  7wn1C_antibody.pdb
Converting SMILES to graph: 60/500
7e23A_antigen.pdb  3csyEF_antibody.pdb
Converting SMILES to graph: 61/500
7e23A_antigen.pdb  7mw6DE_antibody.pdb
Converting SMILES to graph: 62/500
7e32AB_antigen.pdb  3k81B_antibody.pdb
Converting SMILES to graph: 63/500
7e32AB_antigen.pdb  5hvfB_antibody.pdb
Converting SMILES to graph: 64/500
7e32AB_antigen.pdb  7uc8Hh_antibody.pdb
Converting SMILES to graph: 65/500
7e32AB_antigen.pdb  7zf5DF_antibody.pdb
Converting SMILES to graph: 66/500
7e32AB_antigen.pdb  7uraHL_antibody.pdb
Converting SMILES to graph: 67/500
7e32AB_antigen.pdb  7pnmIE_antibody.pdb
Converting SMILES to graph: 68/500
7e33AB_antigen.pdb  6iapHL_antibody.pdb
Converting SMILES to graph: 69/500
7e33AB_antigen.pdb  4grwF_antibody.pdb
Converting SMILES to graph: 70/500
7e33AB_antigen.pdb  5zxvCD_antibody.pdb
Converting SMILES to graph: 71/500
7e33AB_antigen.pdb  3d0lBA_antibody.pdb
Converting SMILES to graph: 72/500
7e33AB_antigen.pdb  3bgfHL_antibody.pdb
Converting SMILES to graph: 73/500
7e33AB_antigen.pdb  7o3bA_antibody.pdb
Converting SMILES to graph: 74/500
7e39A_antigen.pdb  6kpfSs_antibody.pdb
Converting SMILES to graph: 75/500
7e39A_antigen.pdb  7z85F_antibody.pdb
Converting SMILES to graph: 76/500
7e39A_antigen.pdb  8t9zHL_antibody.pdb
Converting SMILES to graph: 77/500
7e39A_antigen.pdb  8ty1CB_antibody.pdb
Converting SMILES to graph: 78/500
7e39A_antigen.pdb  7x2tHL_antibody.pdb
Converting SMILES to graph: 79/500
7e39A_antigen.pdb  8ajbE_antibody.pdb
Converting SMILES to graph: 80/500
7e3bA_antigen.pdb  7l2fHL_antibody.pdb
Converting SMILES to graph: 81/500
7e3bA_antigen.pdb  6wi9N_antibody.pdb
Converting SMILES to graph: 82/500
7e3bA_antigen.pdb  8cwvHL_antibody.pdb
Converting SMILES to graph: 83/500
7e3bA_antigen.pdb  7x3fHL_antibody.pdb
Converting SMILES to graph: 84/500
7e3bA_antigen.pdb  6n7jHL_antibody.pdb
Converting SMILES to graph: 85/500
7e3bA_antigen.pdb  7wpfUV_antibody.pdb
Converting SMILES to graph: 86/500
7e3cA_antigen.pdb  4lvhKL_antibody.pdb
Converting SMILES to graph: 87/500
7e3cA_antigen.pdb  7um5Ee_antibody.pdb
Converting SMILES to graph: 88/500
7e3cA_antigen.pdb  5o1rHL_antibody.pdb
Converting SMILES to graph: 89/500
7e3cA_antigen.pdb  7sp6B_antibody.pdb
Converting SMILES to graph: 90/500
7e3cA_antigen.pdb  5uk4r_antibody.pdb
Converting SMILES to graph: 91/500
7e3cA_antigen.pdb  7fgjHL_antibody.pdb
Converting SMILES to graph: 92/500
7e3kB_antigen.pdb  2p8pBA_antibody.pdb
Converting SMILES to graph: 93/500
7e3kB_antigen.pdb  7ujeEF_antibody.pdb
Converting SMILES to graph: 94/500
7e3kB_antigen.pdb  6ucfHL_antibody.pdb
Converting SMILES to graph: 95/500
7e3kB_antigen.pdb  8b1dB_antibody.pdb
Converting SMILES to graph: 96/500
7e3kB_antigen.pdb  8j7wEC_antibody.pdb
Converting SMILES to graph: 97/500
7e3kB_antigen.pdb  7s7iHL_antibody.pdb
Converting SMILES to graph: 98/500
7e3lC_antigen.pdb  8h4lN_antibody.pdb
Converting SMILES to graph: 99/500
7e3lC_antigen.pdb  6awnBC_antibody.pdb
Converting SMILES to graph: 100/500
7e3lC_antigen.pdb  7sszE_antibody.pdb
Converting SMILES to graph: 101/500
7e3lC_antigen.pdb  7oaqA_antibody.pdb
Converting SMILES to graph: 102/500
7e3lC_antigen.pdb  6uj9HL_antibody.pdb
Converting SMILES to graph: 103/500
7e3lC_antigen.pdb  5omnC_antibody.pdb
Converting SMILES to graph: 104/500
7e3oR_antigen.pdb  5e1hB_antibody.pdb
Converting SMILES to graph: 105/500
7e3oR_antigen.pdb  7n8qHL_antibody.pdb
Converting SMILES to graph: 106/500
7e3oR_antigen.pdb  7eq1Ss_antibody.pdb
Converting SMILES to graph: 107/500
7e3oR_antigen.pdb  7ej0Hh_antibody.pdb
Converting SMILES to graph: 108/500
7e3oR_antigen.pdb  3idjBA_antibody.pdb
Converting SMILES to graph: 109/500
7e3oR_antigen.pdb  7eajFL_antibody.pdb
Converting SMILES to graph: 110/500
7e53A_antigen.pdb  7x7oHL_antibody.pdb
Converting SMILES to graph: 111/500
7e53A_antigen.pdb  7mmnDE_antibody.pdb
Converting SMILES to graph: 112/500
7e53A_antigen.pdb  2eksBA_antibody.pdb
Converting SMILES to graph: 113/500
7e53A_antigen.pdb  8dlsHL_antibody.pdb
Converting SMILES to graph: 114/500
7e53A_antigen.pdb  3go1HL_antibody.pdb
Converting SMILES to graph: 115/500
7e53A_antigen.pdb  3j5mHG_antibody.pdb
Converting SMILES to graph: 116/500
7e5oA_antigen.pdb  6fzqHh_antibody.pdb
Converting SMILES to graph: 117/500
7e5oA_antigen.pdb  5te4HL_antibody.pdb
Converting SMILES to graph: 118/500
7e5oA_antigen.pdb  6j6yBC_antibody.pdb
Converting SMILES to graph: 119/500
7e5oA_antigen.pdb  7q0iHL_antibody.pdb
Converting SMILES to graph: 120/500
7e5oA_antigen.pdb  4x7cC_antibody.pdb
Converting SMILES to graph: 121/500
7e5oA_antigen.pdb  6v6wDE_antibody.pdb
Converting SMILES to graph: 122/500
7e5rA_antigen.pdb  2mpaHL_antibody.pdb
Converting SMILES to graph: 123/500
7e5rA_antigen.pdb  7vngHL_antibody.pdb
Converting SMILES to graph: 124/500
7e5rA_antigen.pdb  5gmqBC_antibody.pdb
Converting SMILES to graph: 125/500
7e5rA_antigen.pdb  8u26N_antibody.pdb
Converting SMILES to graph: 126/500
7e5rA_antigen.pdb  3uzeAa_antibody.pdb
Converting SMILES to graph: 127/500
7e5rA_antigen.pdb  6ejmIi_antibody.pdb
Converting SMILES to graph: 128/500
7e5sB_antigen.pdb  4mxvHL_antibody.pdb
Converting SMILES to graph: 129/500
7e5sB_antigen.pdb  6tggHh_antibody.pdb
Converting SMILES to graph: 130/500
7e5sB_antigen.pdb  7uz6HL_antibody.pdb
Converting SMILES to graph: 131/500
7e5sB_antigen.pdb  7q0aYZ_antibody.pdb
Converting SMILES to graph: 132/500
7e5sB_antigen.pdb  4n9oB_antibody.pdb
Converting SMILES to graph: 133/500
7e5sB_antigen.pdb  5uoeMN_antibody.pdb
Converting SMILES to graph: 134/500
7e5yA_antigen.pdb  7wrzHL_antibody.pdb
Converting SMILES to graph: 135/500
7e5yA_antigen.pdb  5ugyIM_antibody.pdb
Converting SMILES to graph: 136/500
7e5yA_antigen.pdb  8u4vHL_antibody.pdb
Converting SMILES to graph: 137/500
7e5yA_antigen.pdb  8iv5HL_antibody.pdb
Converting SMILES to graph: 138/500
7e5yA_antigen.pdb  7tgfB_antibody.pdb
Converting SMILES to graph: 139/500
7e6pA_antigen.pdb  5kzpFJ_antibody.pdb
Converting SMILES to graph: 140/500
7e6pA_antigen.pdb  5v2aHL_antibody.pdb
Converting SMILES to graph: 141/500
7e6pA_antigen.pdb  7b27C_antibody.pdb
Converting SMILES to graph: 142/500
7e6pA_antigen.pdb  8dtuA_antibody.pdb
Converting SMILES to graph: 143/500
7e6pA_antigen.pdb  6gk7HL_antibody.pdb
Converting SMILES to graph: 144/500
7e6pA_antigen.pdb  4hf5HL_antibody.pdb
Converting SMILES to graph: 145/500
7e6uA_antigen.pdb  3moaHL_antibody.pdb
Converting SMILES to graph: 146/500
7e6uA_antigen.pdb  3pp4HL_antibody.pdb
Converting SMILES to graph: 147/500
7e6uA_antigen.pdb  4xpaHL_antibody.pdb
Converting SMILES to graph: 148/500
7e6uA_antigen.pdb  7a4tA_antibody.pdb
Converting SMILES to graph: 149/500
7e6uA_antigen.pdb  8ef5Ee_antibody.pdb
Converting SMILES to graph: 150/500
7e6uA_antigen.pdb  7x29FG_antibody.pdb
Converting SMILES to graph: 151/500
7e72E_antigen.pdb  6ii9PQ_antibody.pdb
Converting SMILES to graph: 152/500
7e72E_antigen.pdb  6sncBA_antibody.pdb
Converting SMILES to graph: 153/500
7e72E_antigen.pdb  3ab0BC_antibody.pdb
Converting SMILES to graph: 154/500
7e72E_antigen.pdb  3t3mEF_antibody.pdb
Converting SMILES to graph: 155/500
7e72E_antigen.pdb  7d0cGF_antibody.pdb
Converting SMILES to graph: 156/500
7e72E_antigen.pdb  1nbyBA_antibody.pdb
Converting SMILES to graph: 157/500
7e7eB_antigen.pdb  6iuvCD_antibody.pdb
Converting SMILES to graph: 158/500
7e7eB_antigen.pdb  5lbsHL_antibody.pdb
Converting SMILES to graph: 159/500
7e7eB_antigen.pdb  6b5mHL_antibody.pdb
Converting SMILES to graph: 160/500
7e7eB_antigen.pdb  7t72HL_antibody.pdb
Converting SMILES to graph: 161/500
7e7eB_antigen.pdb  6appA_antibody.pdb
Converting SMILES to graph: 162/500
7e7eB_antigen.pdb  7p02Hh_antibody.pdb
Converting SMILES to graph: 163/500
7e7xA_antigen.pdb  4xbeHL_antibody.pdb
Converting SMILES to graph: 164/500
7e7xA_antigen.pdb  7nd5HL_antibody.pdb
Converting SMILES to graph: 165/500
7e7xA_antigen.pdb  4x7dC_antibody.pdb
Converting SMILES to graph: 166/500
7e7xA_antigen.pdb  8tfnHL_antibody.pdb
Converting SMILES to graph: 167/500
7e7xA_antigen.pdb  6pcuIH_antibody.pdb
Converting SMILES to graph: 168/500
7e7xA_antigen.pdb  7ru5HL_antibody.pdb
Converting SMILES to graph: 169/500
7e7yE_antigen.pdb  6ulcHL_antibody.pdb
Converting SMILES to graph: 170/500
7e7yE_antigen.pdb  5u4lB_antibody.pdb
Converting SMILES to graph: 171/500
7e7yE_antigen.pdb  6h3uIM_antibody.pdb
Converting SMILES to graph: 172/500
7e7yE_antigen.pdb  7pc0F_antibody.pdb
Converting SMILES to graph: 173/500
7e7yE_antigen.pdb  5u3nHL_antibody.pdb
Converting SMILES to graph: 174/500
7e7yE_antigen.pdb  7ui0HL_antibody.pdb
Converting SMILES to graph: 175/500
7e86C_antigen.pdb  7wovDd_antibody.pdb
Converting SMILES to graph: 176/500
7e86C_antigen.pdb  6nmrAB_antibody.pdb
Converting SMILES to graph: 177/500
7e86C_antigen.pdb  7bejHL_antibody.pdb
Converting SMILES to graph: 178/500
7e86C_antigen.pdb  7czqJN_antibody.pdb
Converting SMILES to graph: 179/500
7e86C_antigen.pdb  1tqcBC_antibody.pdb
Converting SMILES to graph: 180/500
7e86C_antigen.pdb  7ly0HL_antibody.pdb
Converting SMILES to graph: 181/500
7e88F_antigen.pdb  7y7jED_antibody.pdb
Converting SMILES to graph: 182/500
7e88F_antigen.pdb  7k9hHL_antibody.pdb
Converting SMILES to graph: 183/500
7e88F_antigen.pdb  7rtaHL_antibody.pdb
Converting SMILES to graph: 184/500
7e88F_antigen.pdb  7bueJK_antibody.pdb
Converting SMILES to graph: 185/500
7e88F_antigen.pdb  3idyBC_antibody.pdb
Converting SMILES to graph: 186/500
7e88F_antigen.pdb  6u52C_antibody.pdb
Converting SMILES to graph: 187/500
7e8cA_antigen.pdb  7ranEe_antibody.pdb
Converting SMILES to graph: 188/500
7e8cA_antigen.pdb  4ubdST_antibody.pdb
Converting SMILES to graph: 189/500
7e8cA_antigen.pdb  7yqzIG_antibody.pdb
Converting SMILES to graph: 190/500
7e8cA_antigen.pdb  7fgjHL_antibody.pdb
Converting SMILES to graph: 191/500
7e8cA_antigen.pdb  7n9vB_antibody.pdb
Converting SMILES to graph: 192/500
7e8cA_antigen.pdb  7rgpEe_antibody.pdb
Converting SMILES to graph: 193/500
7e8fR_antigen.pdb  6pbwDC_antibody.pdb
Converting SMILES to graph: 194/500
7e8fR_antigen.pdb  7s8hHL_antibody.pdb
Converting SMILES to graph: 195/500
7e8fR_antigen.pdb  7pgbRS_antibody.pdb
Converting SMILES to graph: 196/500
7e8fR_antigen.pdb  6ywcAB_antibody.pdb
Converting SMILES to graph: 197/500
7e8fR_antigen.pdb  2dqcHL_antibody.pdb
Converting SMILES to graph: 198/500
7e8fR_antigen.pdb  1xgqBA_antibody.pdb
Converting SMILES to graph: 199/500
7e8mE_antigen.pdb  1xgpBA_antibody.pdb
Converting SMILES to graph: 200/500
7e8mE_antigen.pdb  6d0xAB_antibody.pdb
Converting SMILES to graph: 201/500
7e8mE_antigen.pdb  8ee0HL_antibody.pdb
Converting SMILES to graph: 202/500
7e8mE_antigen.pdb  6qigHL_antibody.pdb
Converting SMILES to graph: 203/500
7e8mE_antigen.pdb  1u95BA_antibody.pdb
Converting SMILES to graph: 204/500
7e8mE_antigen.pdb  7fcqHL_antibody.pdb
Converting SMILES to graph: 205/500
7e9bC_antigen.pdb  7tp3HL_antibody.pdb
Converting SMILES to graph: 206/500
7e9bC_antigen.pdb  5uhyHG_antibody.pdb
Converting SMILES to graph: 207/500
7e9bC_antigen.pdb  2nxyDC_antibody.pdb
Converting SMILES to graph: 208/500
7e9bC_antigen.pdb  7wo4DE_antibody.pdb
Converting SMILES to graph: 209/500
7e9bC_antigen.pdb  7tgiB_antibody.pdb
Converting SMILES to graph: 210/500
7e9bC_antigen.pdb  6wioAB_antibody.pdb
Converting SMILES to graph: 211/500
7e9gAB_antigen.pdb  3uajCD_antibody.pdb
Converting SMILES to graph: 212/500
7e9gAB_antigen.pdb  4dkaA_antibody.pdb
Converting SMILES to graph: 213/500
7e9gAB_antigen.pdb  7x46HL_antibody.pdb
Converting SMILES to graph: 214/500
7e9gAB_antigen.pdb  6wvzHL_antibody.pdb
Converting SMILES to graph: 215/500
7e9gAB_antigen.pdb  6wj1JK_antibody.pdb
Converting SMILES to graph: 216/500
7e9gAB_antigen.pdb  6pefAB_antibody.pdb
Converting SMILES to graph: 217/500
7e9hAB_antigen.pdb  3eyuHL_antibody.pdb
Converting SMILES to graph: 218/500
7e9hAB_antigen.pdb  2vyrE_antibody.pdb
Converting SMILES to graph: 219/500
7e9hAB_antigen.pdb  7wefCL_antibody.pdb
Converting SMILES to graph: 220/500
7e9hAB_antigen.pdb  4ffyHL_antibody.pdb
Converting SMILES to graph: 221/500
7e9hAB_antigen.pdb  6kn9Ff_antibody.pdb
Converting SMILES to graph: 222/500
7e9hAB_antigen.pdb  4mxvHL_antibody.pdb
Converting SMILES to graph: 223/500
7e9nA_antigen.pdb  3cfiL_antibody.pdb
Converting SMILES to graph: 224/500
7e9nA_antigen.pdb  4r0lHL_antibody.pdb
Converting SMILES to graph: 225/500
7e9nA_antigen.pdb  2v17HL_antibody.pdb
Converting SMILES to graph: 226/500
7e9nA_antigen.pdb  7jv2HL_antibody.pdb
Converting SMILES to graph: 227/500
7e9nA_antigen.pdb  7whjE_antibody.pdb
Converting SMILES to graph: 228/500
7e9nA_antigen.pdb  5hvfB_antibody.pdb
Converting SMILES to graph: 229/500
7e9oA_antigen.pdb  7ui1Hh_antibody.pdb
Converting SMILES to graph: 230/500
7e9oA_antigen.pdb  8hn6AB_antibody.pdb
Converting SMILES to graph: 231/500
7e9oA_antigen.pdb  7jn5HL_antibody.pdb
Converting SMILES to graph: 232/500
7e9oA_antigen.pdb  4z5rWV_antibody.pdb
Converting SMILES to graph: 233/500
7e9oA_antigen.pdb  7zxkHL_antibody.pdb
Converting SMILES to graph: 234/500
7e9oA_antigen.pdb  7xtcN_antibody.pdb
Converting SMILES to graph: 235/500
7e9pB_antigen.pdb  7lx5C_antibody.pdb
Converting SMILES to graph: 236/500
7e9pB_antigen.pdb  2bseF_antibody.pdb
Converting SMILES to graph: 237/500
7e9pB_antigen.pdb  3tjeHL_antibody.pdb
Converting SMILES to graph: 238/500
7e9pB_antigen.pdb  8evjMm_antibody.pdb
Converting SMILES to graph: 239/500
7e9pB_antigen.pdb  1g7lBA_antibody.pdb
Converting SMILES to graph: 240/500
7e9pB_antigen.pdb  7syyHL_antibody.pdb
Converting SMILES to graph: 241/500
7e9qA_antigen.pdb  4n90HI_antibody.pdb
Converting SMILES to graph: 242/500
7e9qA_antigen.pdb  5a7xHG_antibody.pdb
Converting SMILES to graph: 243/500
7e9qA_antigen.pdb  7sgfHL_antibody.pdb
Converting SMILES to graph: 244/500
7e9qA_antigen.pdb  3u2sHL_antibody.pdb
Converting SMILES to graph: 245/500
7e9qA_antigen.pdb  6cwdBb_antibody.pdb
Converting SMILES to graph: 246/500
7e9qA_antigen.pdb  7klwB_antibody.pdb
Converting SMILES to graph: 247/500
7eaj13_antigen.pdb  7wbhUV_antibody.pdb
Converting SMILES to graph: 248/500
7eaj13_antigen.pdb  6d0uHI_antibody.pdb
Converting SMILES to graph: 249/500
7eaj13_antigen.pdb  4lbeAB_antibody.pdb
Converting SMILES to graph: 250/500
7eaj13_antigen.pdb  6pefAB_antibody.pdb
Converting SMILES to graph: 251/500
7eaj13_antigen.pdb  5vj6QR_antibody.pdb
Converting SMILES to graph: 252/500
7eaj13_antigen.pdb  7mjkHI_antibody.pdb
Converting SMILES to graph: 253/500
7eakAC_antigen.pdb  5ywoNM_antibody.pdb
Converting SMILES to graph: 254/500
7eakAC_antigen.pdb  7teeHL_antibody.pdb
Converting SMILES to graph: 255/500
7eakAC_antigen.pdb  8s9gHL_antibody.pdb
Converting SMILES to graph: 256/500
7eakAC_antigen.pdb  7ubyD_antibody.pdb
Converting SMILES to graph: 257/500
7eakAC_antigen.pdb  6wixDE_antibody.pdb
Converting SMILES to graph: 258/500
7eakAC_antigen.pdb  8cr9AB_antibody.pdb
Converting SMILES to graph: 259/500
7eamA_antigen.pdb  2p4aB_antibody.pdb
Converting SMILES to graph: 260/500
7eamA_antigen.pdb  5ocaHL_antibody.pdb
Converting SMILES to graph: 261/500
7eamA_antigen.pdb  8gasHL_antibody.pdb
Converting SMILES to graph: 262/500
7eamA_antigen.pdb  5my6B_antibody.pdb
Converting SMILES to graph: 263/500
7eamA_antigen.pdb  7u0pEF_antibody.pdb
Converting SMILES to graph: 264/500
7eamA_antigen.pdb  6m58CD_antibody.pdb
Converting SMILES to graph: 265/500
7eanA_antigen.pdb  7tb8JK_antibody.pdb
Converting SMILES to graph: 266/500
7eanA_antigen.pdb  8g4xHL_antibody.pdb
Converting SMILES to graph: 267/500
7eanA_antigen.pdb  2bobAB_antibody.pdb
Converting SMILES to graph: 268/500
7eanA_antigen.pdb  8as2HL_antibody.pdb
Converting SMILES to graph: 269/500
7eanA_antigen.pdb  7ucqHh_antibody.pdb
Converting SMILES to graph: 270/500
7eanA_antigen.pdb  6axlDC_antibody.pdb
Converting SMILES to graph: 271/500
7eb2AB_antigen.pdb  7buaHL_antibody.pdb
Converting SMILES to graph: 272/500
7eb2AB_antigen.pdb  3l95BA_antibody.pdb
Converting SMILES to graph: 273/500
7eb2AB_antigen.pdb  7f6yHL_antibody.pdb
Converting SMILES to graph: 274/500
7eb2AB_antigen.pdb  5eorHL_antibody.pdb
Converting SMILES to graph: 275/500
7ebrCA_antigen.pdb  8hmpN_antibody.pdb
Converting SMILES to graph: 276/500
7ebrCA_antigen.pdb  6cvkAa_antibody.pdb
Converting SMILES to graph: 277/500
7ebrCA_antigen.pdb  7bxvHL_antibody.pdb
Converting SMILES to graph: 278/500
7ebrCA_antigen.pdb  6waqC_antibody.pdb
Converting SMILES to graph: 279/500
7ebrCA_antigen.pdb  1p2cBA_antibody.pdb
Converting SMILES to graph: 280/500
7ebzBAC_antigen.pdb  7niuED_antibody.pdb
Converting SMILES to graph: 281/500
7ebzBAC_antigen.pdb  3a6cHL_antibody.pdb
Converting SMILES to graph: 282/500
7ebzBAC_antigen.pdb  6x3tJI_antibody.pdb
Converting SMILES to graph: 283/500
7ebzBAC_antigen.pdb  7ubyD_antibody.pdb
Converting SMILES to graph: 284/500
7ebzBAC_antigen.pdb  7ki1N_antibody.pdb
Converting SMILES to graph: 285/500
7ebzBAC_antigen.pdb  8t05CD_antibody.pdb
Converting SMILES to graph: 286/500
7ec5BAC_antigen.pdb  2or9IM_antibody.pdb
Converting SMILES to graph: 287/500
7ec5BAC_antigen.pdb  7ws0GF_antibody.pdb
Converting SMILES to graph: 288/500
7ec5BAC_antigen.pdb  6a79HL_antibody.pdb
Converting SMILES to graph: 289/500
7ec5BAC_antigen.pdb  6b0gDC_antibody.pdb
Converting SMILES to graph: 290/500
7ec5BAC_antigen.pdb  8c8tCD_antibody.pdb
Converting SMILES to graph: 291/500
7ec5BAC_antigen.pdb  4m1dIM_antibody.pdb
Converting SMILES to graph: 292/500
7ecyCA_antigen.pdb  8di5H_antibody.pdb
Converting SMILES to graph: 293/500
7ecyCA_antigen.pdb  2a6iBA_antibody.pdb
Converting SMILES to graph: 294/500
7ecyCA_antigen.pdb  1dzbAa_antibody.pdb
Converting SMILES to graph: 295/500
7ecyCA_antigen.pdb  5w06HL_antibody.pdb
Converting SMILES to graph: 296/500
7ecyCA_antigen.pdb  8hhxFG_antibody.pdb
Converting SMILES to graph: 297/500
7ecyCA_antigen.pdb  1pkqBA_antibody.pdb
Converting SMILES to graph: 298/500
7eh5A_antigen.pdb  7tc9HL_antibody.pdb
Converting SMILES to graph: 299/500
7eh5A_antigen.pdb  7p02Hh_antibody.pdb
Converting SMILES to graph: 300/500
7eh5A_antigen.pdb  5vxjD_antibody.pdb
Converting SMILES to graph: 301/500
7eh5A_antigen.pdb  5vxrHL_antibody.pdb
Converting SMILES to graph: 302/500
7eh5A_antigen.pdb  4eigB_antibody.pdb
Converting SMILES to graph: 303/500
7eh5A_antigen.pdb  7coeHL_antibody.pdb
Converting SMILES to graph: 304/500
7ej0AB_antigen.pdb  6b5nHL_antibody.pdb
Converting SMILES to graph: 305/500
7ej0AB_antigen.pdb  6lfoSs_antibody.pdb
Converting SMILES to graph: 306/500
7ej0AB_antigen.pdb  6nc2PU_antibody.pdb
Converting SMILES to graph: 307/500
7ej0AB_antigen.pdb  7yu6Ss_antibody.pdb
Converting SMILES to graph: 308/500
7ej0AB_antigen.pdb  7kqiAC_antibody.pdb
Converting SMILES to graph: 309/500
7ej0AB_antigen.pdb  8ag1HL_antibody.pdb
Converting SMILES to graph: 310/500
7ej4C_antigen.pdb  3zkmHL_antibody.pdb
Converting SMILES to graph: 311/500
7ej4C_antigen.pdb  7k66BC_antibody.pdb
Converting SMILES to graph: 312/500
7ej4C_antigen.pdb  6u54A_antibody.pdb
Converting SMILES to graph: 313/500
7ej4C_antigen.pdb  7upkHL_antibody.pdb
Converting SMILES to graph: 314/500
7ej4C_antigen.pdb  5c1mB_antibody.pdb
Converting SMILES to graph: 315/500
7ej5C_antigen.pdb  7na7Nn_antibody.pdb
Converting SMILES to graph: 316/500
7ej5C_antigen.pdb  4jlrHL_antibody.pdb
Converting SMILES to graph: 317/500
7ej5C_antigen.pdb  6u51A_antibody.pdb
Converting SMILES to graph: 318/500
7ej5C_antigen.pdb  2zpkIM_antibody.pdb
Converting SMILES to graph: 319/500
7ej5C_antigen.pdb  7x7uHL_antibody.pdb
Converting SMILES to graph: 320/500
7ej5C_antigen.pdb  6vi1BA_antibody.pdb
Converting SMILES to graph: 321/500
7ej8AB_antigen.pdb  6c08DE_antibody.pdb
Converting SMILES to graph: 322/500
7ej8AB_antigen.pdb  8i9sHh_antibody.pdb
Converting SMILES to graph: 323/500
7ej8AB_antigen.pdb  7byrHL_antibody.pdb
Converting SMILES to graph: 324/500
7ej8AB_antigen.pdb  6cnjGF_antibody.pdb
Converting SMILES to graph: 325/500
7ej8AB_antigen.pdb  7mjiE_antibody.pdb
Converting SMILES to graph: 326/500
7ej8AB_antigen.pdb  3wxvHL_antibody.pdb
Converting SMILES to graph: 327/500
7ejaAB_antigen.pdb  3o45AB_antibody.pdb
Converting SMILES to graph: 328/500
7ejaAB_antigen.pdb  8dnnBC_antibody.pdb
Converting SMILES to graph: 329/500
7ejaAB_antigen.pdb  7wkxAC_antibody.pdb
Converting SMILES to graph: 330/500
7ejaAB_antigen.pdb  6nb7HL_antibody.pdb
Converting SMILES to graph: 331/500
7ejaAB_antigen.pdb  6wg1HL_antibody.pdb
Converting SMILES to graph: 332/500
7ejaAB_antigen.pdb  4nikBb_antibody.pdb
Converting SMILES to graph: 333/500
7ejkAB_antigen.pdb  7s7iHL_antibody.pdb
Converting SMILES to graph: 334/500
7ejkAB_antigen.pdb  6mi2DE_antibody.pdb
Converting SMILES to graph: 335/500
7ejkAB_antigen.pdb  7ckzN_antibody.pdb
Converting SMILES to graph: 336/500
7ejkAB_antigen.pdb  6u9sAB_antibody.pdb
Converting SMILES to graph: 337/500
7ejkAB_antigen.pdb  8ek1AB_antibody.pdb
Converting SMILES to graph: 338/500
7ejkAB_antigen.pdb  7zxkHL_antibody.pdb
Converting SMILES to graph: 339/500
7ejxAB_antigen.pdb  1eo8HL_antibody.pdb
Converting SMILES to graph: 340/500
7ejxAB_antigen.pdb  8dkeAB_antibody.pdb
Converting SMILES to graph: 341/500
7ejxAB_antigen.pdb  8en5E_antibody.pdb
Converting SMILES to graph: 342/500
7ejxAB_antigen.pdb  4xvtHL_antibody.pdb
Converting SMILES to graph: 343/500
7ejxAB_antigen.pdb  7wvgCD_antibody.pdb
Converting SMILES to graph: 344/500
7ejxAB_antigen.pdb  3wfcHL_antibody.pdb
Converting SMILES to graph: 345/500
7ejyR_antigen.pdb  2h32HA_antibody.pdb
Converting SMILES to graph: 346/500
7ejyR_antigen.pdb  7bw0N_antibody.pdb
Converting SMILES to graph: 347/500
7ejyR_antigen.pdb  7fgrHL_antibody.pdb
Converting SMILES to graph: 348/500
7ejyR_antigen.pdb  6v7yF_antibody.pdb
Converting SMILES to graph: 349/500
7ejyR_antigen.pdb  7eamHL_antibody.pdb
Converting SMILES to graph: 350/500
7ejyR_antigen.pdb  6lxiCD_antibody.pdb
Converting SMILES to graph: 351/500
7ejzR_antigen.pdb  5bk0BA_antibody.pdb
Converting SMILES to graph: 352/500
7ejzR_antigen.pdb  7uz5HL_antibody.pdb
Converting SMILES to graph: 353/500
7ejzR_antigen.pdb  7ph3C_antibody.pdb
Converting SMILES to graph: 354/500
7ejzR_antigen.pdb  7u0qGF_antibody.pdb
Converting SMILES to graph: 355/500
7ejzR_antigen.pdb  7e14N_antibody.pdb
Converting SMILES to graph: 356/500
7ejzR_antigen.pdb  3p11HL_antibody.pdb
Converting SMILES to graph: 357/500
7ek0R_antigen.pdb  8bsfHL_antibody.pdb
Converting SMILES to graph: 358/500
7ek0R_antigen.pdb  7jv5N_antibody.pdb
Converting SMILES to graph: 359/500
7ek0R_antigen.pdb  8im0B_antibody.pdb
Converting SMILES to graph: 360/500
7ek0R_antigen.pdb  7zw1C_antibody.pdb
Converting SMILES to graph: 361/500
7ek0R_antigen.pdb  5y2mIJ_antibody.pdb
Converting SMILES to graph: 362/500
7ek0R_antigen.pdb  5yd5Cc_antibody.pdb
Converting SMILES to graph: 363/500
7ekbP_antigen.pdb  7ns6H_antibody.pdb
Converting SMILES to graph: 364/500
7ekbP_antigen.pdb  7qtjBC_antibody.pdb
Converting SMILES to graph: 365/500
7ekbP_antigen.pdb  7sbgHL_antibody.pdb
Converting SMILES to graph: 366/500
7ekbP_antigen.pdb  2aepHL_antibody.pdb
Converting SMILES to graph: 367/500
7ekbP_antigen.pdb  2a0lFE_antibody.pdb
Converting SMILES to graph: 368/500
7ekbP_antigen.pdb  6zh9HL_antibody.pdb
Converting SMILES to graph: 369/500
7ekkP_antigen.pdb  8hitAB_antibody.pdb
Converting SMILES to graph: 370/500
7ekkP_antigen.pdb  3zksD_antibody.pdb
Converting SMILES to graph: 371/500
7ekkP_antigen.pdb  7ul1HL_antibody.pdb
Converting SMILES to graph: 372/500
7ekkP_antigen.pdb  6oe5HL_antibody.pdb
Converting SMILES to graph: 373/500
7ekkP_antigen.pdb  8ee2C_antibody.pdb
Converting SMILES to graph: 374/500
7ekkP_antigen.pdb  7eq1Ss_antibody.pdb
Converting SMILES to graph: 375/500
7elxC_antigen.pdb  7y24Ss_antibody.pdb
Converting SMILES to graph: 376/500
7elxC_antigen.pdb  5u5mBA_antibody.pdb
Converting SMILES to graph: 377/500
7elxC_antigen.pdb  7jmpHL_antibody.pdb
Converting SMILES to graph: 378/500
7elxC_antigen.pdb  7soaHL_antibody.pdb
Converting SMILES to graph: 379/500
7elxC_antigen.pdb  8hbvB_antibody.pdb
Converting SMILES to graph: 380/500
7elxC_antigen.pdb  7wcmN_antibody.pdb
Converting SMILES to graph: 381/500
7enfB_antigen.pdb  7e6pHL_antibody.pdb
Converting SMILES to graph: 382/500
7enfB_antigen.pdb  7ej5JN_antibody.pdb
Converting SMILES to graph: 383/500
7enfB_antigen.pdb  7sn2HL_antibody.pdb
Converting SMILES to graph: 384/500
7enfB_antigen.pdb  6oroDE_antibody.pdb
Converting SMILES to graph: 385/500
7enfB_antigen.pdb  2zclHL_antibody.pdb
Converting SMILES to graph: 386/500
7enfB_antigen.pdb  7u9vEF_antibody.pdb
Converting SMILES to graph: 387/500
7engB_antigen.pdb  4xt1C_antibody.pdb
Converting SMILES to graph: 388/500
7engB_antigen.pdb  6qv0F_antibody.pdb
Converting SMILES to graph: 389/500
7engB_antigen.pdb  8dt8H_antibody.pdb
Converting SMILES to graph: 390/500
7engB_antigen.pdb  4s1qHL_antibody.pdb
Converting SMILES to graph: 391/500
7engB_antigen.pdb  7ufhEF_antibody.pdb
Converting SMILES to graph: 392/500
7engB_antigen.pdb  7ui0HL_antibody.pdb
Converting SMILES to graph: 393/500
7eo03_antigen.pdb  7k93Kk_antibody.pdb
Converting SMILES to graph: 394/500
7eo03_antigen.pdb  3ldbCB_antibody.pdb
Converting SMILES to graph: 395/500
7eo03_antigen.pdb  7pqzHL_antibody.pdb
Converting SMILES to graph: 396/500
7eo03_antigen.pdb  7aqzD_antibody.pdb
Converting SMILES to graph: 397/500
7eo03_antigen.pdb  8athEF_antibody.pdb
Converting SMILES to graph: 398/500
7eo03_antigen.pdb  2ht4EF_antibody.pdb
Converting SMILES to graph: 399/500
7eo2BC_antigen.pdb  8cz5HL_antibody.pdb
Converting SMILES to graph: 400/500
7eo2BC_antigen.pdb  7we9HJ_antibody.pdb
Converting SMILES to graph: 401/500
7eo2BC_antigen.pdb  3csyEF_antibody.pdb
Converting SMILES to graph: 402/500
7eo2BC_antigen.pdb  4i13B_antibody.pdb
Converting SMILES to graph: 403/500
7eo2BC_antigen.pdb  7mw3HL_antibody.pdb
Converting SMILES to graph: 404/500
7eo2BC_antigen.pdb  6uqrCc_antibody.pdb
Converting SMILES to graph: 405/500
7eo4BC_antigen.pdb  7mnmKM_antibody.pdb
Converting SMILES to graph: 406/500
7eo4BC_antigen.pdb  7pc2GH_antibody.pdb
Converting SMILES to graph: 407/500
7eo4BC_antigen.pdb  7e8fCB_antibody.pdb
Converting SMILES to graph: 408/500
7eo4BC_antigen.pdb  8en6C_antibody.pdb
Converting SMILES to graph: 409/500
7eo4BC_antigen.pdb  7zlkHL_antibody.pdb
Converting SMILES to graph: 410/500
7eo4BC_antigen.pdb  6pisIM_antibody.pdb
Converting SMILES to graph: 411/500
7eowA_antigen.pdb  8go8HL_antibody.pdb
Converting SMILES to graph: 412/500
7eowA_antigen.pdb  8sgtHL_antibody.pdb
Converting SMILES to graph: 413/500
7eowA_antigen.pdb  7lvwK_antibody.pdb
Converting SMILES to graph: 414/500
7eowA_antigen.pdb  6qigHL_antibody.pdb
Converting SMILES to graph: 415/500
7eowA_antigen.pdb  4liqHL_antibody.pdb
Converting SMILES to graph: 416/500
7eowA_antigen.pdb  5w3eEG_antibody.pdb
Converting SMILES to graph: 417/500
7epbA_antigen.pdb  5a2kHh_antibody.pdb
Converting SMILES to graph: 418/500
7epbA_antigen.pdb  4yxkHL_antibody.pdb
Converting SMILES to graph: 419/500
7epbA_antigen.pdb  6fy0IM_antibody.pdb
Converting SMILES to graph: 420/500
7epbA_antigen.pdb  7ycnKL_antibody.pdb
Converting SMILES to graph: 421/500
7epbA_antigen.pdb  6pciIL_antibody.pdb
Converting SMILES to graph: 422/500
7epbA_antigen.pdb  5eulV_antibody.pdb
Converting SMILES to graph: 423/500
7eptAB_antigen.pdb  5l0qCB_antibody.pdb
Converting SMILES to graph: 424/500
7eptAB_antigen.pdb  6vc9HL_antibody.pdb
Converting SMILES to graph: 425/500
7eptAB_antigen.pdb  7bh8GH_antibody.pdb
Converting SMILES to graph: 426/500
7eptAB_antigen.pdb  8hc2HL_antibody.pdb
Converting SMILES to graph: 427/500
7eptAB_antigen.pdb  6cxyHL_antibody.pdb
Converting SMILES to graph: 428/500
7eptAB_antigen.pdb  7ps0HL_antibody.pdb
Converting SMILES to graph: 429/500
7epuB_antigen.pdb  8fe4HL_antibody.pdb
Converting SMILES to graph: 430/500
7epuB_antigen.pdb  7nx6HL_antibody.pdb
Converting SMILES to graph: 431/500
7epuB_antigen.pdb  8hc5HL_antibody.pdb
Converting SMILES to graph: 432/500
7epuB_antigen.pdb  3wfeHL_antibody.pdb
Converting SMILES to graph: 433/500
7epuB_antigen.pdb  4zsoDC_antibody.pdb
Converting SMILES to graph: 434/500
7epuB_antigen.pdb  6oppGI_antibody.pdb
Converting SMILES to graph: 435/500
7epxA_antigen.pdb  6dfiHL_antibody.pdb
Converting SMILES to graph: 436/500
7epxA_antigen.pdb  5ogiBb_antibody.pdb
Converting SMILES to graph: 437/500
7epxA_antigen.pdb  6ejmIi_antibody.pdb
Converting SMILES to graph: 438/500
7epxA_antigen.pdb  7xs8AL_antibody.pdb
Converting SMILES to graph: 439/500
7epxA_antigen.pdb  4m62IM_antibody.pdb
Converting SMILES to graph: 440/500
7epxA_antigen.pdb  7nksCD_antibody.pdb
Converting SMILES to graph: 441/500
7eq1AYB_antigen.pdb  7w0pSs_antibody.pdb
Converting SMILES to graph: 442/500
7eq1AYB_antigen.pdb  5usfD_antibody.pdb
Converting SMILES to graph: 443/500
7eq1AYB_antigen.pdb  2oz4HL_antibody.pdb
Converting SMILES to graph: 444/500
7eq1AYB_antigen.pdb  3mlsJN_antibody.pdb
Converting SMILES to graph: 445/500
7eq1AYB_antigen.pdb  7nghD_antibody.pdb
Converting SMILES to graph: 446/500
7eq1AYB_antigen.pdb  7nd6HL_antibody.pdb
Converting SMILES to graph: 447/500
7euoAB_antigen.pdb  3zkmHL_antibody.pdb
Converting SMILES to graph: 448/500
7euoAB_antigen.pdb  6hf1CB_antibody.pdb
Converting SMILES to graph: 449/500
7euoAB_antigen.pdb  7sqoEe_antibody.pdb
Converting SMILES to graph: 450/500
7euoAB_antigen.pdb  2vdkHL_antibody.pdb
Converting SMILES to graph: 451/500
7euoAB_antigen.pdb  2jelHL_antibody.pdb
Converting SMILES to graph: 452/500
7euoAB_antigen.pdb  4r9yNM_antibody.pdb
Converting SMILES to graph: 453/500
7evmAB_antigen.pdb  7po5HL_antibody.pdb
Converting SMILES to graph: 454/500
7evmAB_antigen.pdb  5u4mB_antibody.pdb
Converting SMILES to graph: 455/500
7evmAB_antigen.pdb  8dlsHL_antibody.pdb
Converting SMILES to graph: 456/500
7evmAB_antigen.pdb  7tp4HL_antibody.pdb
Converting SMILES to graph: 457/500
7evmAB_antigen.pdb  7o9wCB_antibody.pdb
Converting SMILES to graph: 458/500
7evmAB_antigen.pdb  4eneCD_antibody.pdb
Converting SMILES to graph: 459/500
7evwACB_antigen.pdb  3moaHL_antibody.pdb
Converting SMILES to graph: 460/500
7evwACB_antigen.pdb  7zljHL_antibody.pdb
Converting SMILES to graph: 461/500
7evwACB_antigen.pdb  5nmvHL_antibody.pdb
Converting SMILES to graph: 462/500
7evwACB_antigen.pdb  6wixDE_antibody.pdb
Converting SMILES to graph: 463/500
7evwACB_antigen.pdb  8ahlE_antibody.pdb
Converting SMILES to graph: 464/500
7evwACB_antigen.pdb  7p16B_antibody.pdb
Converting SMILES to graph: 465/500
7evyAB_antigen.pdb  8dz4HL_antibody.pdb
Converting SMILES to graph: 466/500
7evyAB_antigen.pdb  4u6vHL_antibody.pdb
Converting SMILES to graph: 467/500
7evyAB_antigen.pdb  7nvmN_antibody.pdb
Converting SMILES to graph: 468/500
7evyAB_antigen.pdb  3iflHL_antibody.pdb
Converting SMILES to graph: 469/500
7evyAB_antigen.pdb  7x7eB_antibody.pdb
Converting SMILES to graph: 470/500
7evyAB_antigen.pdb  7yacSs_antibody.pdb
Converting SMILES to graph: 471/500
7evzAB_antigen.pdb  7wkxAC_antibody.pdb
Converting SMILES to graph: 472/500
7evzAB_antigen.pdb  5hj3MN_antibody.pdb
Converting SMILES to graph: 473/500
7evzAB_antigen.pdb  3droBA_antibody.pdb
Converting SMILES to graph: 474/500
7evzAB_antigen.pdb  2i60HL_antibody.pdb
Converting SMILES to graph: 475/500
7evzAB_antigen.pdb  7a0yEF_antibody.pdb
Converting SMILES to graph: 476/500
7evzAB_antigen.pdb  6vy6HL_antibody.pdb
Converting SMILES to graph: 477/500
7ew0AB_antigen.pdb  4uihFG_antibody.pdb
Converting SMILES to graph: 478/500
7ew0AB_antigen.pdb  7e23BC_antibody.pdb
Converting SMILES to graph: 479/500
7ew0AB_antigen.pdb  8sazCD_antibody.pdb
Converting SMILES to graph: 480/500
7ew0AB_antigen.pdb  8ee2C_antibody.pdb
Converting SMILES to graph: 481/500
7ew0AB_antigen.pdb  5ywpRQ_antibody.pdb
Converting SMILES to graph: 482/500
7ew0AB_antigen.pdb  7stfHL_antibody.pdb
Converting SMILES to graph: 483/500
7ew1DB_antigen.pdb  7yzkC_antibody.pdb
Converting SMILES to graph: 484/500
7ew1DB_antigen.pdb  5cjoHL_antibody.pdb
Converting SMILES to graph: 485/500
7ew1DB_antigen.pdb  1afvHL_antibody.pdb
Converting SMILES to graph: 486/500
7ew1DB_antigen.pdb  2fx7HL_antibody.pdb
Converting SMILES to graph: 487/500
7ew1DB_antigen.pdb  7o33HL_antibody.pdb
Converting SMILES to graph: 488/500
7ew1DB_antigen.pdb  7jjoN_antibody.pdb
Converting SMILES to graph: 489/500
7ew2ACB_antigen.pdb  2j6eIM_antibody.pdb
Converting SMILES to graph: 490/500
7ew2ACB_antigen.pdb  8g9yHL_antibody.pdb
Converting SMILES to graph: 491/500
7ew2ACB_antigen.pdb  7usvD_antibody.pdb
Converting SMILES to graph: 492/500
7ew2ACB_antigen.pdb  8gspHL_antibody.pdb
Converting SMILES to graph: 493/500
7ew2ACB_antigen.pdb  5e7fB_antibody.pdb
Converting SMILES to graph: 494/500
7ew2ACB_antigen.pdb  5tokF_antibody.pdb
Converting SMILES to graph: 495/500
7ew3ACB_antigen.pdb  8fa7HL_antibody.pdb
Converting SMILES to graph: 496/500
7ew3ACB_antigen.pdb  6n51D_antibody.pdb
Converting SMILES to graph: 497/500
7ew3ACB_antigen.pdb  7f8wDd_antibody.pdb
Converting SMILES to graph: 498/500
7ew3ACB_antigen.pdb  8f9fHL_antibody.pdb
Converting SMILES to graph: 499/500
7ew3ACB_antigen.pdb  7ujaBD_antibody.pdb
Converting SMILES to graph: 500/500
7ew3ACB_antigen.pdb  7wonHL_antibody.pdb
Graph construction done. Saving to file.
