Converting SMILES to graph: 1/500
7t4gA_antigen.pdb  6z10B_antibody.pdb
Converting SMILES to graph: 2/500
7t4gA_antigen.pdb  5gruLl_antibody.pdb
Converting SMILES to graph: 3/500
7t4qA_antigen.pdb  6rp8hl_antibody.pdb
Converting SMILES to graph: 4/500
7t4qA_antigen.pdb  3cfiL_antibody.pdb
Converting SMILES to graph: 5/500
7t4qA_antigen.pdb  6mqcAB_antibody.pdb
Converting SMILES to graph: 6/500
7t4qA_antigen.pdb  4lhjB_antibody.pdb
Converting SMILES to graph: 7/500
7t4qA_antigen.pdb  6w0cAB_antibody.pdb
Converting SMILES to graph: 8/500
7t4qA_antigen.pdb  8gb8HL_antibody.pdb
Converting SMILES to graph: 9/500
7t4rK_antigen.pdb  2b1hHL_antibody.pdb
Converting SMILES to graph: 10/500
7t4rK_antigen.pdb  7nx7HL_antibody.pdb
Converting SMILES to graph: 11/500
7t4rK_antigen.pdb  5yd4Aa_antibody.pdb
Converting SMILES to graph: 12/500
7t4rK_antigen.pdb  4ioiBA_antibody.pdb
Converting SMILES to graph: 13/500
7t4rK_antigen.pdb  7uqcBA_antibody.pdb
Converting SMILES to graph: 14/500
7t4rK_antigen.pdb  7lr4AB_antibody.pdb
Converting SMILES to graph: 15/500
7t4sDB_antigen.pdb  8iysEe_antibody.pdb
Converting SMILES to graph: 16/500
7t4sDB_antigen.pdb  5h8oA_antibody.pdb
Converting SMILES to graph: 17/500
7t4sDB_antigen.pdb  7wouDd_antibody.pdb
Converting SMILES to graph: 18/500
7t4sDB_antigen.pdb  7dh5N_antibody.pdb
Converting SMILES to graph: 19/500
7t4sDB_antigen.pdb  6sndHL_antibody.pdb
Converting SMILES to graph: 20/500
7t4sDB_antigen.pdb  6xcmHL_antibody.pdb
Converting SMILES to graph: 21/500
7t5fD_antigen.pdb  7y66Ss_antibody.pdb
Converting SMILES to graph: 22/500
7t5fD_antigen.pdb  6ni3N_antibody.pdb
Converting SMILES to graph: 23/500
7t5fD_antigen.pdb  7uraHL_antibody.pdb
Converting SMILES to graph: 24/500
7t5fD_antigen.pdb  7cw0OP_antibody.pdb
Converting SMILES to graph: 25/500
7t5fD_antigen.pdb  7raiIM_antibody.pdb
Converting SMILES to graph: 26/500
7t5fD_antigen.pdb  5u8qHL_antibody.pdb
Converting SMILES to graph: 27/500
7t5oC_antigen.pdb  6u2fHL_antibody.pdb
Converting SMILES to graph: 28/500
7t5oC_antigen.pdb  5uweHL_antibody.pdb
Converting SMILES to graph: 29/500
7t5oC_antigen.pdb  3mlsJN_antibody.pdb
Converting SMILES to graph: 30/500
7t5oC_antigen.pdb  8be2N_antibody.pdb
Converting SMILES to graph: 31/500
7t5oC_antigen.pdb  3wxwHL_antibody.pdb
Converting SMILES to graph: 32/500
7t5oC_antigen.pdb  4k3jHL_antibody.pdb
Converting SMILES to graph: 33/500
7t6bAC_antigen.pdb  6hupG_antibody.pdb
Converting SMILES to graph: 34/500
7t6bAC_antigen.pdb  7mzkHL_antibody.pdb
Converting SMILES to graph: 35/500
7t6bAC_antigen.pdb  3bn9DC_antibody.pdb
Converting SMILES to graph: 36/500
7t6bAC_antigen.pdb  7fjnIJ_antibody.pdb
Converting SMILES to graph: 37/500
7t6bAC_antigen.pdb  4lspHL_antibody.pdb
Converting SMILES to graph: 38/500
7t6sAB_antigen.pdb  7lfaHL_antibody.pdb
Converting SMILES to graph: 39/500
7t6sAB_antigen.pdb  7anqB_antibody.pdb
Converting SMILES to graph: 40/500
7t6sAB_antigen.pdb  7rxcHL_antibody.pdb
Converting SMILES to graph: 41/500
7t6sAB_antigen.pdb  7tcaHL_antibody.pdb
Converting SMILES to graph: 42/500
7t6sAB_antigen.pdb  5t5bAB_antibody.pdb
Converting SMILES to graph: 43/500
7t6sAB_antigen.pdb  6csyN_antibody.pdb
Converting SMILES to graph: 44/500
7t6uAB_antigen.pdb  7vvmN_antibody.pdb
Converting SMILES to graph: 45/500
7t6uAB_antigen.pdb  8fxsD_antibody.pdb
Converting SMILES to graph: 46/500
7t6uAB_antigen.pdb  4v1dDE_antibody.pdb
Converting SMILES to graph: 47/500
7t6uAB_antigen.pdb  7r74D_antibody.pdb
Converting SMILES to graph: 48/500
7t6uAB_antigen.pdb  3or6AB_antibody.pdb
Converting SMILES to graph: 49/500
7t6uAB_antigen.pdb  7ej5JN_antibody.pdb
Converting SMILES to graph: 50/500
7t6vAB_antigen.pdb  6yx9HL_antibody.pdb
Converting SMILES to graph: 51/500
7t6vAB_antigen.pdb  7tyiN_antibody.pdb
Converting SMILES to graph: 52/500
7t6vAB_antigen.pdb  5sy8HL_antibody.pdb
Converting SMILES to graph: 53/500
7t6vAB_antigen.pdb  8g4tHL_antibody.pdb
Converting SMILES to graph: 54/500
7t6vAB_antigen.pdb  8cyjA_antibody.pdb
Converting SMILES to graph: 55/500
7t6vAB_antigen.pdb  7cvzQR_antibody.pdb
Converting SMILES to graph: 56/500
7t72A_antigen.pdb  8gv6GH_antibody.pdb
Converting SMILES to graph: 57/500
7t72A_antigen.pdb  2pw2BA_antibody.pdb
Converting SMILES to graph: 58/500
7t72A_antigen.pdb  1mpaHL_antibody.pdb
Converting SMILES to graph: 59/500
7t72A_antigen.pdb  7uowHL_antibody.pdb
Converting SMILES to graph: 60/500
7t72A_antigen.pdb  4o51BA_antibody.pdb
Converting SMILES to graph: 61/500
7t72A_antigen.pdb  1f3rbB_antibody.pdb
Converting SMILES to graph: 62/500
7t73ECA_antigen.pdb  5ushDE_antibody.pdb
Converting SMILES to graph: 63/500
7t73ECA_antigen.pdb  8g4oHL_antibody.pdb
Converting SMILES to graph: 64/500
7t73ECA_antigen.pdb  6njnIi_antibody.pdb
Converting SMILES to graph: 65/500
7t73ECA_antigen.pdb  7ezvMN_antibody.pdb
Converting SMILES to graph: 66/500
7t73ECA_antigen.pdb  4hcrMN_antibody.pdb
Converting SMILES to graph: 67/500
7t73ECA_antigen.pdb  7xp4N_antibody.pdb
Converting SMILES to graph: 68/500
7t74D_antigen.pdb  7z85F_antibody.pdb
Converting SMILES to graph: 69/500
7t74D_antigen.pdb  6nmvHL_antibody.pdb
Converting SMILES to graph: 70/500
7t74D_antigen.pdb  5xcuDE_antibody.pdb
Converting SMILES to graph: 71/500
7t74D_antigen.pdb  6fxnDE_antibody.pdb
Converting SMILES to graph: 72/500
7t74D_antigen.pdb  7p16B_antibody.pdb
Converting SMILES to graph: 73/500
7t74D_antigen.pdb  6cyfFE_antibody.pdb
Converting SMILES to graph: 74/500
7t75BA_antigen.pdb  6vtwHL_antibody.pdb
Converting SMILES to graph: 75/500
7t75BA_antigen.pdb  6x58CD_antibody.pdb
Converting SMILES to graph: 76/500
7t75BA_antigen.pdb  5j75Aa_antibody.pdb
Converting SMILES to graph: 77/500
7t75BA_antigen.pdb  6xskIK_antibody.pdb
Converting SMILES to graph: 78/500
7t75BA_antigen.pdb  7lqwHL_antibody.pdb
Converting SMILES to graph: 79/500
7t75BA_antigen.pdb  8i0nHL_antibody.pdb
Converting SMILES to graph: 80/500
7t76ECA_antigen.pdb  1fdlHL_antibody.pdb
Converting SMILES to graph: 81/500
7t76ECA_antigen.pdb  8dgxHL_antibody.pdb
Converting SMILES to graph: 82/500
7t76ECA_antigen.pdb  6crkHh_antibody.pdb
Converting SMILES to graph: 83/500
7t76ECA_antigen.pdb  7yvlAC_antibody.pdb
Converting SMILES to graph: 84/500
7t76ECA_antigen.pdb  6idkHL_antibody.pdb
Converting SMILES to graph: 85/500
7t76ECA_antigen.pdb  7cwmHL_antibody.pdb
Converting SMILES to graph: 86/500
7t77ECA_antigen.pdb  8ek1AB_antibody.pdb
Converting SMILES to graph: 87/500
7t77ECA_antigen.pdb  7vabN_antibody.pdb
Converting SMILES to graph: 88/500
7t77ECA_antigen.pdb  8gnjC_antibody.pdb
Converting SMILES to graph: 89/500
7t77ECA_antigen.pdb  6xkrHL_antibody.pdb
Converting SMILES to graph: 90/500
7t77ECA_antigen.pdb  7pg8IG_antibody.pdb
Converting SMILES to graph: 91/500
7t77ECA_antigen.pdb  6cbvHL_antibody.pdb
Converting SMILES to graph: 92/500
7t7bA_antigen.pdb  5c3lD_antibody.pdb
Converting SMILES to graph: 93/500
7t7bA_antigen.pdb  7ua8Hh_antibody.pdb
Converting SMILES to graph: 94/500
7t7bA_antigen.pdb  6shgHL_antibody.pdb
Converting SMILES to graph: 95/500
7t7bA_antigen.pdb  8s9gHL_antibody.pdb
Converting SMILES to graph: 96/500
7t7bA_antigen.pdb  7s8mEe_antibody.pdb
Converting SMILES to graph: 97/500
7t7bA_antigen.pdb  2b4cHL_antibody.pdb
Converting SMILES to graph: 98/500
7t82A_antigen.pdb  6mjzHL_antibody.pdb
Converting SMILES to graph: 99/500
7t82A_antigen.pdb  3h3pIM_antibody.pdb
Converting SMILES to graph: 100/500
7t82A_antigen.pdb  6i6jC_antibody.pdb
Converting SMILES to graph: 101/500
7t82A_antigen.pdb  6idiMN_antibody.pdb
Converting SMILES to graph: 102/500
7t82A_antigen.pdb  7ur6HL_antibody.pdb
Converting SMILES to graph: 103/500
7t82A_antigen.pdb  6qfaK_antibody.pdb
Converting SMILES to graph: 104/500
7t86I_antigen.pdb  5e1aAB_antibody.pdb
Converting SMILES to graph: 105/500
7t86I_antigen.pdb  6apdJL_antibody.pdb
Converting SMILES to graph: 106/500
7t86I_antigen.pdb  6apbHL_antibody.pdb
Converting SMILES to graph: 107/500
7t86I_antigen.pdb  8evjMm_antibody.pdb
Converting SMILES to graph: 108/500
7t86I_antigen.pdb  3ebaA_antibody.pdb
Converting SMILES to graph: 109/500
7t86I_antigen.pdb  4eneCD_antibody.pdb
Converting SMILES to graph: 110/500
7t87AB_antigen.pdb  7kewGJ_antibody.pdb
Converting SMILES to graph: 111/500
7t87AB_antigen.pdb  4r0lHL_antibody.pdb
Converting SMILES to graph: 112/500
7t87AB_antigen.pdb  6m0zHL_antibody.pdb
Converting SMILES to graph: 113/500
7t87AB_antigen.pdb  7dnhHL_antibody.pdb
Converting SMILES to graph: 114/500
7t87AB_antigen.pdb  8iulEe_antibody.pdb
Converting SMILES to graph: 115/500
7t87AB_antigen.pdb  5uk1Ii_antibody.pdb
Converting SMILES to graph: 116/500
7t8wD_antigen.pdb  7mn8DC_antibody.pdb
Converting SMILES to graph: 117/500
7t8wD_antigen.pdb  6o2aCD_antibody.pdb
Converting SMILES to graph: 118/500
7t8wD_antigen.pdb  8sk5B_antibody.pdb
Converting SMILES to graph: 119/500
7t8wD_antigen.pdb  8ez3HL_antibody.pdb
Converting SMILES to graph: 120/500
7t8wD_antigen.pdb  3mxwHL_antibody.pdb
Converting SMILES to graph: 121/500
7t8wD_antigen.pdb  7pg8IG_antibody.pdb
Converting SMILES to graph: 122/500
7t8xBC_antigen.pdb  4zs7HL_antibody.pdb
Converting SMILES to graph: 123/500
7t8xBC_antigen.pdb  4nrxHL_antibody.pdb
Converting SMILES to graph: 124/500
7t8xBC_antigen.pdb  3zlqC_antibody.pdb
Converting SMILES to graph: 125/500
7t8xBC_antigen.pdb  8sauCD_antibody.pdb
Converting SMILES to graph: 126/500
7t8xBC_antigen.pdb  7bxvHL_antibody.pdb
Converting SMILES to graph: 127/500
7t8xBC_antigen.pdb  7e3oHL_antibody.pdb
Converting SMILES to graph: 128/500
7t90BC_antigen.pdb  6mw9OP_antibody.pdb
Converting SMILES to graph: 129/500
7t90BC_antigen.pdb  8dw2DC_antibody.pdb
Converting SMILES to graph: 130/500
7t90BC_antigen.pdb  6b5tHL_antibody.pdb
Converting SMILES to graph: 131/500
7t90BC_antigen.pdb  7kjiA_antibody.pdb
Converting SMILES to graph: 132/500
7t90BC_antigen.pdb  7m7jCD_antibody.pdb
Converting SMILES to graph: 133/500
7t90BC_antigen.pdb  7ukpEF_antibody.pdb
Converting SMILES to graph: 134/500
7t92B_antigen.pdb  7sk5FE_antibody.pdb
Converting SMILES to graph: 135/500
7t92B_antigen.pdb  8cmlA_antibody.pdb
Converting SMILES to graph: 136/500
7t92B_antigen.pdb  6cwgD_antibody.pdb
Converting SMILES to graph: 137/500
7t92B_antigen.pdb  7ufoHL_antibody.pdb
Converting SMILES to graph: 138/500
7t92B_antigen.pdb  7fg2D_antibody.pdb
Converting SMILES to graph: 139/500
7t92B_antigen.pdb  7ljcN_antibody.pdb
Converting SMILES to graph: 140/500
7t94BC_antigen.pdb  6touAa_antibody.pdb
Converting SMILES to graph: 141/500
7t94BC_antigen.pdb  7f1oE_antibody.pdb
Converting SMILES to graph: 142/500
7t94BC_antigen.pdb  1bj1HL_antibody.pdb
Converting SMILES to graph: 143/500
7t94BC_antigen.pdb  5v8mSU_antibody.pdb
Converting SMILES to graph: 144/500
7t94BC_antigen.pdb  8hc4DE_antibody.pdb
Converting SMILES to graph: 145/500
7t94BC_antigen.pdb  3p0yHL_antibody.pdb
Converting SMILES to graph: 146/500
7t96BC_antigen.pdb  6mfpHL_antibody.pdb
Converting SMILES to graph: 147/500
7t96BC_antigen.pdb  7t9tCD_antibody.pdb
Converting SMILES to graph: 148/500
7t96BC_antigen.pdb  7my3E_antibody.pdb
Converting SMILES to graph: 149/500
7t96BC_antigen.pdb  7ws6IH_antibody.pdb
Converting SMILES to graph: 150/500
7t96BC_antigen.pdb  5lhnB_antibody.pdb
Converting SMILES to graph: 151/500
7t9aF_antigen.pdb  8fymHL_antibody.pdb
Converting SMILES to graph: 152/500
7t9aF_antigen.pdb  7fafgf_antibody.pdb
Converting SMILES to graph: 153/500
7t9aF_antigen.pdb  6id4HL_antibody.pdb
Converting SMILES to graph: 154/500
7t9aF_antigen.pdb  5l6yHL_antibody.pdb
Converting SMILES to graph: 155/500
7t9aF_antigen.pdb  6uydHL_antibody.pdb
Converting SMILES to graph: 156/500
7t9aF_antigen.pdb  8g59Ss_antibody.pdb
Converting SMILES to graph: 157/500
7t9bF_antigen.pdb  7r89CD_antibody.pdb
Converting SMILES to graph: 158/500
7t9bF_antigen.pdb  7ej0Hh_antibody.pdb
Converting SMILES to graph: 159/500
7t9bF_antigen.pdb  6qeeCB_antibody.pdb
Converting SMILES to graph: 160/500
7t9bF_antigen.pdb  7uymHL_antibody.pdb
Converting SMILES to graph: 161/500
7t9bF_antigen.pdb  1tjgHL_antibody.pdb
Converting SMILES to graph: 162/500
7t9bF_antigen.pdb  5i74BC_antibody.pdb
Converting SMILES to graph: 163/500
7t9iXY_antigen.pdb  3stlAB_antibody.pdb
Converting SMILES to graph: 164/500
7t9iXY_antigen.pdb  7ks9HL_antibody.pdb
Converting SMILES to graph: 165/500
7t9iXY_antigen.pdb  8hqeHh_antibody.pdb
Converting SMILES to graph: 166/500
7t9iXY_antigen.pdb  6iapHL_antibody.pdb
Converting SMILES to graph: 167/500
7t9iXY_antigen.pdb  5uz7N_antibody.pdb
Converting SMILES to graph: 168/500
7t9iXY_antigen.pdb  8hj2N_antibody.pdb
Converting SMILES to graph: 169/500
7t9mR_antigen.pdb  7shtHL_antibody.pdb
Converting SMILES to graph: 170/500
7t9mR_antigen.pdb  7mjjFG_antibody.pdb
Converting SMILES to graph: 171/500
7t9mR_antigen.pdb  6zrvB_antibody.pdb
Converting SMILES to graph: 172/500
7t9mR_antigen.pdb  8eeuHL_antibody.pdb
Converting SMILES to graph: 173/500
7t9mR_antigen.pdb  4louCD_antibody.pdb
Converting SMILES to graph: 174/500
7t9mR_antigen.pdb  6oq7C_antibody.pdb
Converting SMILES to graph: 175/500
7t9nR_antigen.pdb  7r89CD_antibody.pdb
Converting SMILES to graph: 176/500
7t9nR_antigen.pdb  4hepG_antibody.pdb
Converting SMILES to graph: 177/500
7t9nR_antigen.pdb  8cxcHL_antibody.pdb
Converting SMILES to graph: 178/500
7t9nR_antigen.pdb  7txtCD_antibody.pdb
Converting SMILES to graph: 179/500
7t9nR_antigen.pdb  6y97HL_antibody.pdb
Converting SMILES to graph: 180/500
7t9nR_antigen.pdb  5wobUV_antibody.pdb
Converting SMILES to graph: 181/500
7t9tA_antigen.pdb  7rbvHL_antibody.pdb
Converting SMILES to graph: 182/500
7t9tA_antigen.pdb  4nx3BA_antibody.pdb
Converting SMILES to graph: 183/500
7t9tA_antigen.pdb  7ejzHL_antibody.pdb
Converting SMILES to graph: 184/500
7t9tA_antigen.pdb  7t9aJK_antibody.pdb
Converting SMILES to graph: 185/500
7t9tA_antigen.pdb  7bu8JK_antibody.pdb
Converting SMILES to graph: 186/500
7t9tA_antigen.pdb  8ebpHL_antibody.pdb
Converting SMILES to graph: 187/500
7tasE_antigen.pdb  6gjqF_antibody.pdb
Converting SMILES to graph: 188/500
7tasE_antigen.pdb  8gzzED_antibody.pdb
Converting SMILES to graph: 189/500
7tasE_antigen.pdb  7txwHL_antibody.pdb
Converting SMILES to graph: 190/500
7tasE_antigen.pdb  6wfzHL_antibody.pdb
Converting SMILES to graph: 191/500
7tasE_antigen.pdb  4r4fHL_antibody.pdb
Converting SMILES to graph: 192/500
7tasE_antigen.pdb  8oxxBC_antibody.pdb
Converting SMILES to graph: 193/500
7tatB_antigen.pdb  7kq7HL_antibody.pdb
Converting SMILES to graph: 194/500
7tatB_antigen.pdb  7kqiAC_antibody.pdb
Converting SMILES to graph: 195/500
7tatB_antigen.pdb  3j8wFJ_antibody.pdb
Converting SMILES to graph: 196/500
7tatB_antigen.pdb  8jiqN_antibody.pdb
Converting SMILES to graph: 197/500
7tatB_antigen.pdb  6t9eAB_antibody.pdb
Converting SMILES to graph: 198/500
7tatB_antigen.pdb  4xmkHL_antibody.pdb
Converting SMILES to graph: 199/500
7tb8C_antigen.pdb  8g3nEF_antibody.pdb
Converting SMILES to graph: 200/500
7tb8C_antigen.pdb  7budGI_antibody.pdb
Converting SMILES to graph: 201/500
7tb8C_antigen.pdb  4janAB_antibody.pdb
Converting SMILES to graph: 202/500
7tb8C_antigen.pdb  7dfaHL_antibody.pdb
Converting SMILES to graph: 203/500
7tb8C_antigen.pdb  8dz3HL_antibody.pdb
Converting SMILES to graph: 204/500
7tb8C_antigen.pdb  4wy7HL_antibody.pdb
Converting SMILES to graph: 205/500
7tbfA_antigen.pdb  7wopBb_antibody.pdb
Converting SMILES to graph: 206/500
7tbfA_antigen.pdb  2nxyDC_antibody.pdb
Converting SMILES to graph: 207/500
7tbfA_antigen.pdb  7mw6DE_antibody.pdb
Converting SMILES to graph: 208/500
7tbfA_antigen.pdb  6udjHI_antibody.pdb
Converting SMILES to graph: 209/500
7tbfA_antigen.pdb  8ghvSs_antibody.pdb
Converting SMILES to graph: 210/500
7tc9B_antigen.pdb  8tuiHL_antibody.pdb
Converting SMILES to graph: 211/500
7tc9B_antigen.pdb  6rp8hl_antibody.pdb
Converting SMILES to graph: 212/500
7tc9B_antigen.pdb  7v05Aa_antibody.pdb
Converting SMILES to graph: 213/500
7tc9B_antigen.pdb  5w06HL_antibody.pdb
Converting SMILES to graph: 214/500
7tc9B_antigen.pdb  3sgeJI_antibody.pdb
Converting SMILES to graph: 215/500
7tc9B_antigen.pdb  6b0gDC_antibody.pdb
Converting SMILES to graph: 216/500
7tcaB_antigen.pdb  7qhaC_antibody.pdb
Converting SMILES to graph: 217/500
7tcaB_antigen.pdb  6h0eCD_antibody.pdb
Converting SMILES to graph: 218/500
7tcaB_antigen.pdb  7l7rBA_antibody.pdb
Converting SMILES to graph: 219/500
7tcaB_antigen.pdb  5w9kHI_antibody.pdb
Converting SMILES to graph: 220/500
7tcaB_antigen.pdb  8jzzHh_antibody.pdb
Converting SMILES to graph: 221/500
7tcaB_antigen.pdb  3k2uHL_antibody.pdb
Converting SMILES to graph: 222/500
7tccC_antigen.pdb  6umxHL_antibody.pdb
Converting SMILES to graph: 223/500
7tccC_antigen.pdb  4xcfHL_antibody.pdb
Converting SMILES to graph: 224/500
7tccC_antigen.pdb  6pzyIL_antibody.pdb
Converting SMILES to graph: 225/500
7tccC_antigen.pdb  1bogBA_antibody.pdb
Converting SMILES to graph: 226/500
7tccC_antigen.pdb  7xdkFG_antibody.pdb
Converting SMILES to graph: 227/500
7tccC_antigen.pdb  4hjgBA_antibody.pdb
Converting SMILES to graph: 228/500
7tcnA_antigen.pdb  4ocmF_antibody.pdb
Converting SMILES to graph: 229/500
7tcnA_antigen.pdb  7rfcAB_antibody.pdb
Converting SMILES to graph: 230/500
7tcnA_antigen.pdb  6b5oHL_antibody.pdb
Converting SMILES to graph: 231/500
7tcnA_antigen.pdb  7t9iN_antibody.pdb
Converting SMILES to graph: 232/500
7tcnA_antigen.pdb  4ut9JN_antibody.pdb
Converting SMILES to graph: 233/500
7tcnA_antigen.pdb  8ilxC_antibody.pdb
Converting SMILES to graph: 234/500
7tcoA_antigen.pdb  4v1dDE_antibody.pdb
Converting SMILES to graph: 235/500
7tcoA_antigen.pdb  5if0AB_antibody.pdb
Converting SMILES to graph: 236/500
7tcoA_antigen.pdb  1ymhDC_antibody.pdb
Converting SMILES to graph: 237/500
7tcoA_antigen.pdb  6wpwN_antibody.pdb
Converting SMILES to graph: 238/500
7tcoA_antigen.pdb  7tebHL_antibody.pdb
Converting SMILES to graph: 239/500
7tcqC_antigen.pdb  6do1E_antibody.pdb
Converting SMILES to graph: 240/500
7tcqC_antigen.pdb  1oakHL_antibody.pdb
Converting SMILES to graph: 241/500
7tcqC_antigen.pdb  7zmrC_antibody.pdb
Converting SMILES to graph: 242/500
7tcqC_antigen.pdb  5kanHL_antibody.pdb
Converting SMILES to graph: 243/500
7tcqC_antigen.pdb  7evwN_antibody.pdb
Converting SMILES to graph: 244/500
7tcqC_antigen.pdb  7ucgDE_antibody.pdb
Converting SMILES to graph: 245/500
7tctC_antigen.pdb  6lynAB_antibody.pdb
Converting SMILES to graph: 246/500
7tctC_antigen.pdb  7zg0G_antibody.pdb
Converting SMILES to graph: 247/500
7tctC_antigen.pdb  8f7zEF_antibody.pdb
Converting SMILES to graph: 248/500
7tctC_antigen.pdb  5xj4HL_antibody.pdb
Converting SMILES to graph: 249/500
7tctC_antigen.pdb  1fj1BA_antibody.pdb
Converting SMILES to graph: 250/500
7tctC_antigen.pdb  7zfeJK_antibody.pdb
Converting SMILES to graph: 251/500
7td8C_antigen.pdb  8sakHL_antibody.pdb
Converting SMILES to graph: 252/500
7td8C_antigen.pdb  7v6oED_antibody.pdb
Converting SMILES to graph: 253/500
7td8C_antigen.pdb  4m48HL_antibody.pdb
Converting SMILES to graph: 254/500
7td8C_antigen.pdb  6hjyJ_antibody.pdb
Converting SMILES to graph: 255/500
7td8C_antigen.pdb  6j15HL_antibody.pdb
Converting SMILES to graph: 256/500
7tdmB_antigen.pdb  7cyvHh_antibody.pdb
Converting SMILES to graph: 257/500
7tdmB_antigen.pdb  7r4rD_antibody.pdb
Converting SMILES to graph: 258/500
7tdmB_antigen.pdb  7ukoEF_antibody.pdb
Converting SMILES to graph: 259/500
7tdmB_antigen.pdb  7sszE_antibody.pdb
Converting SMILES to graph: 260/500
7tdmB_antigen.pdb  7upyHL_antibody.pdb
Converting SMILES to graph: 261/500
7tdmB_antigen.pdb  8j1tHK_antibody.pdb
Converting SMILES to graph: 262/500
7tdnB_antigen.pdb  7vgxSs_antibody.pdb
Converting SMILES to graph: 263/500
7tdnB_antigen.pdb  7cjfAB_antibody.pdb
Converting SMILES to graph: 264/500
7tdnB_antigen.pdb  6vlnHL_antibody.pdb
Converting SMILES to graph: 265/500
7tdnB_antigen.pdb  7sfxCD_antibody.pdb
Converting SMILES to graph: 266/500
7tdnB_antigen.pdb  8eqfHL_antibody.pdb
Converting SMILES to graph: 267/500
7tdnB_antigen.pdb  7y24Ss_antibody.pdb
Converting SMILES to graph: 268/500
7te1D_antigen.pdb  8q6jBA_antibody.pdb
Converting SMILES to graph: 269/500
7te1D_antigen.pdb  3stzAB_antibody.pdb
Converting SMILES to graph: 270/500
7te1D_antigen.pdb  6ss6IM_antibody.pdb
Converting SMILES to graph: 271/500
7te1D_antigen.pdb  8ftgA_antibody.pdb
Converting SMILES to graph: 272/500
7te1D_antigen.pdb  2j88HL_antibody.pdb
Converting SMILES to graph: 273/500
7te1D_antigen.pdb  7yzjHL_antibody.pdb
Converting SMILES to graph: 274/500
7te6FE_antigen.pdb  8f76N_antibody.pdb
Converting SMILES to graph: 275/500
7te6FE_antigen.pdb  3b2uFG_antibody.pdb
Converting SMILES to graph: 276/500
7te6FE_antigen.pdb  6ocdB_antibody.pdb
Converting SMILES to graph: 277/500
7te6FE_antigen.pdb  7la4HL_antibody.pdb
Converting SMILES to graph: 278/500
7te6FE_antigen.pdb  8dtoGH_antibody.pdb
Converting SMILES to graph: 279/500
7te6FE_antigen.pdb  1rzjHL_antibody.pdb
Converting SMILES to graph: 280/500
7te8D_antigen.pdb  8sidJI_antibody.pdb
Converting SMILES to graph: 281/500
7te8D_antigen.pdb  6cueHL_antibody.pdb
Converting SMILES to graph: 282/500
7te8D_antigen.pdb  7sp6B_antibody.pdb
Converting SMILES to graph: 283/500
7te8D_antigen.pdb  8gptDE_antibody.pdb
Converting SMILES to graph: 284/500
7te8D_antigen.pdb  1jp5aA_antibody.pdb
Converting SMILES to graph: 285/500
7te8D_antigen.pdb  5uz7N_antibody.pdb
Converting SMILES to graph: 286/500
7te9B_antigen.pdb  2vxtHL_antibody.pdb
Converting SMILES to graph: 287/500
7te9B_antigen.pdb  8iw4Ss_antibody.pdb
Converting SMILES to graph: 288/500
7te9B_antigen.pdb  7yarIM_antibody.pdb
Converting SMILES to graph: 289/500
7te9B_antigen.pdb  7uqcBA_antibody.pdb
Converting SMILES to graph: 290/500
7te9B_antigen.pdb  5vnwC_antibody.pdb
Converting SMILES to graph: 291/500
7te9B_antigen.pdb  4c59B_antibody.pdb
Converting SMILES to graph: 292/500
7tebD_antigen.pdb  3be1HL_antibody.pdb
Converting SMILES to graph: 293/500
7tebD_antigen.pdb  4xawHL_antibody.pdb
Converting SMILES to graph: 294/500
7tebD_antigen.pdb  7tgfB_antibody.pdb
Converting SMILES to graph: 295/500
7tebD_antigen.pdb  6w00HL_antibody.pdb
Converting SMILES to graph: 296/500
7tebD_antigen.pdb  7n65CD_antibody.pdb
Converting SMILES to graph: 297/500
7tebD_antigen.pdb  7a0xEF_antibody.pdb
Converting SMILES to graph: 298/500
7teeD_antigen.pdb  6mzjHL_antibody.pdb
Converting SMILES to graph: 299/500
7teeD_antigen.pdb  7yu8Ss_antibody.pdb
Converting SMILES to graph: 300/500
7teeD_antigen.pdb  7kyoHL_antibody.pdb
Converting SMILES to graph: 301/500
7teeD_antigen.pdb  6qx4D_antibody.pdb
Converting SMILES to graph: 302/500
7teeD_antigen.pdb  3skjHL_antibody.pdb
Converting SMILES to graph: 303/500
7teqBA_antigen.pdb  4hemF_antibody.pdb
Converting SMILES to graph: 304/500
7teqBA_antigen.pdb  6yorBC_antibody.pdb
Converting SMILES to graph: 305/500
7teqBA_antigen.pdb  6j11FG_antibody.pdb
Converting SMILES to graph: 306/500
7teqBA_antigen.pdb  7rlwCD_antibody.pdb
Converting SMILES to graph: 307/500
7teqBA_antigen.pdb  3j6uHL_antibody.pdb
Converting SMILES to graph: 308/500
7teqBA_antigen.pdb  5vocHL_antibody.pdb
Converting SMILES to graph: 309/500
7terBA_antigen.pdb  7k8wNS_antibody.pdb
Converting SMILES to graph: 310/500
7terBA_antigen.pdb  8g4oHL_antibody.pdb
Converting SMILES to graph: 311/500
7terBA_antigen.pdb  6lfoSs_antibody.pdb
Converting SMILES to graph: 312/500
7terBA_antigen.pdb  7rsoIK_antibody.pdb
Converting SMILES to graph: 313/500
7terBA_antigen.pdb  6sspL_antibody.pdb
Converting SMILES to graph: 314/500
7terBA_antigen.pdb  7towHL_antibody.pdb
Converting SMILES to graph: 315/500
7tesBA_antigen.pdb  7wr9AB_antibody.pdb
Converting SMILES to graph: 316/500
7tesBA_antigen.pdb  2p8lBA_antibody.pdb
Converting SMILES to graph: 317/500
7tesBA_antigen.pdb  7kmkHL_antibody.pdb
Converting SMILES to graph: 318/500
7tesBA_antigen.pdb  7ce2ZB_antibody.pdb
Converting SMILES to graph: 319/500
7tesBA_antigen.pdb  8hdoN_antibody.pdb
Converting SMILES to graph: 320/500
7tesBA_antigen.pdb  8hc6HL_antibody.pdb
Converting SMILES to graph: 321/500
7tetBA_antigen.pdb  8euvGH_antibody.pdb
Converting SMILES to graph: 322/500
7tetBA_antigen.pdb  4z7qHL_antibody.pdb
Converting SMILES to graph: 323/500
7tetBA_antigen.pdb  5ebwAB_antibody.pdb
Converting SMILES to graph: 324/500
7tetBA_antigen.pdb  7kkkB_antibody.pdb
Converting SMILES to graph: 325/500
7tetBA_antigen.pdb  4ij3CB_antibody.pdb
Converting SMILES to graph: 326/500
7tetBA_antigen.pdb  8jr9N_antibody.pdb
Converting SMILES to graph: 327/500
7tfnB_antigen.pdb  3wxwHL_antibody.pdb
Converting SMILES to graph: 328/500
7tfnB_antigen.pdb  6mugHL_antibody.pdb
Converting SMILES to graph: 329/500
7tfnB_antigen.pdb  4ocmF_antibody.pdb
Converting SMILES to graph: 330/500
7tfnB_antigen.pdb  7tlyAB_antibody.pdb
Converting SMILES to graph: 331/500
7tfnB_antigen.pdb  8hglHL_antibody.pdb
Converting SMILES to graph: 332/500
7tfnB_antigen.pdb  8gs9HK_antibody.pdb
Converting SMILES to graph: 333/500
7tfoA_antigen.pdb  4jreHL_antibody.pdb
Converting SMILES to graph: 334/500
7tfoA_antigen.pdb  6ibbB_antibody.pdb
Converting SMILES to graph: 335/500
7tfoA_antigen.pdb  7u2dHL_antibody.pdb
Converting SMILES to graph: 336/500
7tfoA_antigen.pdb  8f6jFE_antibody.pdb
Converting SMILES to graph: 337/500
7tfoA_antigen.pdb  3u2sHL_antibody.pdb
Converting SMILES to graph: 338/500
7tgfA_antigen.pdb  7rt9CD_antibody.pdb
Converting SMILES to graph: 339/500
7tgfA_antigen.pdb  3eoaHL_antibody.pdb
Converting SMILES to graph: 340/500
7tgfA_antigen.pdb  8jd6Dd_antibody.pdb
Converting SMILES to graph: 341/500
7tgfA_antigen.pdb  7r23C_antibody.pdb
Converting SMILES to graph: 342/500
7tgfA_antigen.pdb  5hhvHL_antibody.pdb
Converting SMILES to graph: 343/500
7tgfA_antigen.pdb  8dmhFE_antibody.pdb
Converting SMILES to graph: 344/500
7tgiA_antigen.pdb  7vnbA_antibody.pdb
Converting SMILES to graph: 345/500
7tgiA_antigen.pdb  7f54N_antibody.pdb
Converting SMILES to graph: 346/500
7tgiA_antigen.pdb  2vdkHL_antibody.pdb
Converting SMILES to graph: 347/500
7tgiA_antigen.pdb  7qnyHL_antibody.pdb
Converting SMILES to graph: 348/500
7tgiA_antigen.pdb  7re7HL_antibody.pdb
Converting SMILES to graph: 349/500
7tgiA_antigen.pdb  7kzzDC_antibody.pdb
Converting SMILES to graph: 350/500
7th2A_antigen.pdb  7ursHL_antibody.pdb
Converting SMILES to graph: 351/500
7th2A_antigen.pdb  6cwdBb_antibody.pdb
Converting SMILES to graph: 352/500
7th2A_antigen.pdb  3sgeJI_antibody.pdb
Converting SMILES to graph: 353/500
7th2A_antigen.pdb  6i2gA_antibody.pdb
Converting SMILES to graph: 354/500
7th2A_antigen.pdb  6oboD_antibody.pdb
Converting SMILES to graph: 355/500
7th2A_antigen.pdb  5i71BC_antibody.pdb
Converting SMILES to graph: 356/500
7th3A_antigen.pdb  3bt2HL_antibody.pdb
Converting SMILES to graph: 357/500
7th3A_antigen.pdb  6dzlHK_antibody.pdb
Converting SMILES to graph: 358/500
7th3A_antigen.pdb  7fh0B_antibody.pdb
Converting SMILES to graph: 359/500
7th3A_antigen.pdb  7u2dHL_antibody.pdb
Converting SMILES to graph: 360/500
7th3A_antigen.pdb  6tybHL_antibody.pdb
Converting SMILES to graph: 361/500
7th3A_antigen.pdb  1kenTU_antibody.pdb
Converting SMILES to graph: 362/500
7theA_antigen.pdb  8b1hB_antibody.pdb
Converting SMILES to graph: 363/500
7theA_antigen.pdb  8hqnHh_antibody.pdb
Converting SMILES to graph: 364/500
7theA_antigen.pdb  7u8mHL_antibody.pdb
Converting SMILES to graph: 365/500
7theA_antigen.pdb  8i5hHL_antibody.pdb
Converting SMILES to graph: 366/500
7theA_antigen.pdb  7nezDC_antibody.pdb
Converting SMILES to graph: 367/500
7thoC_antigen.pdb  7n0rD_antibody.pdb
Converting SMILES to graph: 368/500
7thoC_antigen.pdb  7z1cD_antibody.pdb
Converting SMILES to graph: 369/500
7thoC_antigen.pdb  6o3gEF_antibody.pdb
Converting SMILES to graph: 370/500
7thoC_antigen.pdb  1mlcBA_antibody.pdb
Converting SMILES to graph: 371/500
7thoC_antigen.pdb  4kv5Jj_antibody.pdb
Converting SMILES to graph: 372/500
7thoC_antigen.pdb  6mu6HL_antibody.pdb
Converting SMILES to graph: 373/500
7thtC_antigen.pdb  5erwAB_antibody.pdb
Converting SMILES to graph: 374/500
7thtC_antigen.pdb  8ituED_antibody.pdb
Converting SMILES to graph: 375/500
7thtC_antigen.pdb  7tdmHL_antibody.pdb
Converting SMILES to graph: 376/500
7thtC_antigen.pdb  8fl1HL_antibody.pdb
Converting SMILES to graph: 377/500
7thtC_antigen.pdb  8d0aHL_antibody.pdb
Converting SMILES to graph: 378/500
7thtC_antigen.pdb  7fjoHL_antibody.pdb
Converting SMILES to graph: 379/500
7tjqC_antigen.pdb  7ebzEF_antibody.pdb
Converting SMILES to graph: 380/500
7tjqC_antigen.pdb  6avqHL_antibody.pdb
Converting SMILES to graph: 381/500
7tjqC_antigen.pdb  4ij3CB_antibody.pdb
Converting SMILES to graph: 382/500
7tjqC_antigen.pdb  8j1qBA_antibody.pdb
Converting SMILES to graph: 383/500
7tjqC_antigen.pdb  7wlzPO_antibody.pdb
Converting SMILES to graph: 384/500
7tjqC_antigen.pdb  7v05Aa_antibody.pdb
Converting SMILES to graph: 385/500
7tl0A_antigen.pdb  3idxHL_antibody.pdb
Converting SMILES to graph: 386/500
7tl0A_antigen.pdb  8dkeAB_antibody.pdb
Converting SMILES to graph: 387/500
7tl0A_antigen.pdb  7ycnKL_antibody.pdb
Converting SMILES to graph: 388/500
7tl0A_antigen.pdb  5xctAB_antibody.pdb
Converting SMILES to graph: 389/500
7tl0A_antigen.pdb  8ib1BA_antibody.pdb
Converting SMILES to graph: 390/500
7tl0A_antigen.pdb  3vi4HL_antibody.pdb
Converting SMILES to graph: 391/500
7tlyI_antigen.pdb  6mu7HL_antibody.pdb
Converting SMILES to graph: 392/500
7tlyI_antigen.pdb  6whkCB_antibody.pdb
Converting SMILES to graph: 393/500
7tlyI_antigen.pdb  8sarCD_antibody.pdb
Converting SMILES to graph: 394/500
7tlyI_antigen.pdb  1yjdHL_antibody.pdb
Converting SMILES to graph: 395/500
7tlyI_antigen.pdb  6xcnHL_antibody.pdb
Converting SMILES to graph: 396/500
7tlyI_antigen.pdb  7jjoN_antibody.pdb
Converting SMILES to graph: 397/500
7tlzJ_antigen.pdb  7s1mN_antibody.pdb
Converting SMILES to graph: 398/500
7tlzJ_antigen.pdb  6pbwDC_antibody.pdb
Converting SMILES to graph: 399/500
7tlzJ_antigen.pdb  7bq5HL_antibody.pdb
Converting SMILES to graph: 400/500
7tlzJ_antigen.pdb  8j5jE_antibody.pdb
Converting SMILES to graph: 401/500
7tlzJ_antigen.pdb  8opiA_antibody.pdb
Converting SMILES to graph: 402/500
7tlzJ_antigen.pdb  8hixN_antibody.pdb
Converting SMILES to graph: 403/500
7tm0C_antigen.pdb  6nnjUV_antibody.pdb
Converting SMILES to graph: 404/500
7tm0C_antigen.pdb  3j8vFJ_antibody.pdb
Converting SMILES to graph: 405/500
7tm0C_antigen.pdb  3mlyHL_antibody.pdb
Converting SMILES to graph: 406/500
7tm0C_antigen.pdb  7uz7HL_antibody.pdb
Converting SMILES to graph: 407/500
7tm0C_antigen.pdb  8dwoHL_antibody.pdb
Converting SMILES to graph: 408/500
7tmwRB_antigen.pdb  8dtoGH_antibody.pdb
Converting SMILES to graph: 409/500
7tmwRB_antigen.pdb  7yooSs_antibody.pdb
Converting SMILES to graph: 410/500
7tmwRB_antigen.pdb  8gooDE_antibody.pdb
Converting SMILES to graph: 411/500
7tmwRB_antigen.pdb  4iofEF_antibody.pdb
Converting SMILES to graph: 412/500
7tmwRB_antigen.pdb  6ywcAB_antibody.pdb
Converting SMILES to graph: 413/500
7tmwRB_antigen.pdb  7dfpCB_antibody.pdb
Converting SMILES to graph: 414/500
7tmzC_antigen.pdb  4lspHL_antibody.pdb
Converting SMILES to graph: 415/500
7tmzC_antigen.pdb  7zjlji_antibody.pdb
Converting SMILES to graph: 416/500
7tmzC_antigen.pdb  3wkmHL_antibody.pdb
Converting SMILES to graph: 417/500
7tmzC_antigen.pdb  6zbvB_antibody.pdb
Converting SMILES to graph: 418/500
7tmzC_antigen.pdb  6by3AB_antibody.pdb
Converting SMILES to graph: 419/500
7tmzC_antigen.pdb  8j7wEC_antibody.pdb
Converting SMILES to graph: 420/500
7tn0S_antigen.pdb  7m8jHL_antibody.pdb
Converting SMILES to graph: 421/500
7tn0S_antigen.pdb  7wk0AB_antibody.pdb
Converting SMILES to graph: 422/500
7tn0S_antigen.pdb  6wwzSs_antibody.pdb
Converting SMILES to graph: 423/500
7tn0S_antigen.pdb  4plkHL_antibody.pdb
Converting SMILES to graph: 424/500
7tn0S_antigen.pdb  4yxlHL_antibody.pdb
Converting SMILES to graph: 425/500
7tn0S_antigen.pdb  7m6iHL_antibody.pdb
Converting SMILES to graph: 426/500
7tn9U_antigen.pdb  4nztHL_antibody.pdb
Converting SMILES to graph: 427/500
7tn9U_antigen.pdb  7x8zHL_antibody.pdb
Converting SMILES to graph: 428/500
7tn9U_antigen.pdb  6idlIJ_antibody.pdb
Converting SMILES to graph: 429/500
7tn9U_antigen.pdb  1fptHL_antibody.pdb
Converting SMILES to graph: 430/500
7tn9U_antigen.pdb  7wo7AB_antibody.pdb
Converting SMILES to graph: 431/500
7tn9U_antigen.pdb  7ri2B_antibody.pdb
Converting SMILES to graph: 432/500
7towE_antigen.pdb  4jg0HL_antibody.pdb
Converting SMILES to graph: 433/500
7towE_antigen.pdb  2hmiDC_antibody.pdb
Converting SMILES to graph: 434/500
7towE_antigen.pdb  6x8qHL_antibody.pdb
Converting SMILES to graph: 435/500
7towE_antigen.pdb  5kzcBD_antibody.pdb
Converting SMILES to graph: 436/500
7towE_antigen.pdb  4nikBb_antibody.pdb
Converting SMILES to graph: 437/500
7towE_antigen.pdb  7wu2N_antibody.pdb
Converting SMILES to graph: 438/500
7tp3Z_antigen.pdb  7yd1AB_antibody.pdb
Converting SMILES to graph: 439/500
7tp3Z_antigen.pdb  2ez0EF_antibody.pdb
Converting SMILES to graph: 440/500
7tp3Z_antigen.pdb  8f9fHL_antibody.pdb
Converting SMILES to graph: 441/500
7tp3Z_antigen.pdb  6p95DE_antibody.pdb
Converting SMILES to graph: 442/500
7tp3Z_antigen.pdb  5kwl7_antibody.pdb
Converting SMILES to graph: 443/500
7tp3Z_antigen.pdb  7w57Ee_antibody.pdb
Converting SMILES to graph: 444/500
7tp4Z_antigen.pdb  7nfdDC_antibody.pdb
Converting SMILES to graph: 445/500
7tp4Z_antigen.pdb  4dk3A_antibody.pdb
Converting SMILES to graph: 446/500
7tp4Z_antigen.pdb  7mubAB_antibody.pdb
Converting SMILES to graph: 447/500
7tp4Z_antigen.pdb  6hjxH_antibody.pdb
Converting SMILES to graph: 448/500
7tp4Z_antigen.pdb  7myzIM_antibody.pdb
Converting SMILES to graph: 449/500
7tp4Z_antigen.pdb  7k60Mm_antibody.pdb
Converting SMILES to graph: 450/500
7tpdC_antigen.pdb  4oclF_antibody.pdb
Converting SMILES to graph: 451/500
7tpdC_antigen.pdb  8dwcEe_antibody.pdb
Converting SMILES to graph: 452/500
7tpdC_antigen.pdb  7wuqN_antibody.pdb
Converting SMILES to graph: 453/500
7tpdC_antigen.pdb  6i8sGK_antibody.pdb
Converting SMILES to graph: 454/500
7tpdC_antigen.pdb  7qe5B_antibody.pdb
Converting SMILES to graph: 455/500
7tpdC_antigen.pdb  6h0eCD_antibody.pdb
Converting SMILES to graph: 456/500
7tpgB_antigen.pdb  2vdoHL_antibody.pdb
Converting SMILES to graph: 457/500
7tpgB_antigen.pdb  6pdrHL_antibody.pdb
Converting SMILES to graph: 458/500
7tpgB_antigen.pdb  7t6sEe_antibody.pdb
Converting SMILES to graph: 459/500
7tpgB_antigen.pdb  7uplED_antibody.pdb
Converting SMILES to graph: 460/500
7tpgB_antigen.pdb  7dzyOP_antibody.pdb
Converting SMILES to graph: 461/500
7tpgB_antigen.pdb  7rkuJK_antibody.pdb
Converting SMILES to graph: 462/500
7tpjB_antigen.pdb  5x2qHL_antibody.pdb
Converting SMILES to graph: 463/500
7tpjB_antigen.pdb  7v8qBA_antibody.pdb
Converting SMILES to graph: 464/500
7tpjB_antigen.pdb  3hplAB_antibody.pdb
Converting SMILES to graph: 465/500
7tpjB_antigen.pdb  4xnuHL_antibody.pdb
Converting SMILES to graph: 466/500
7tpjB_antigen.pdb  2dd8HL_antibody.pdb
Converting SMILES to graph: 467/500
7tprB_antigen.pdb  5truHL_antibody.pdb
Converting SMILES to graph: 468/500
7tprB_antigen.pdb  1tzgIM_antibody.pdb
Converting SMILES to graph: 469/500
7tprB_antigen.pdb  1orqBA_antibody.pdb
Converting SMILES to graph: 470/500
7tprB_antigen.pdb  4v1dDE_antibody.pdb
Converting SMILES to graph: 471/500
7tprB_antigen.pdb  6uftB_antibody.pdb
Converting SMILES to graph: 472/500
7tprB_antigen.pdb  8cwjHL_antibody.pdb
Converting SMILES to graph: 473/500
7tr4AP_antigen.pdb  7chhJK_antibody.pdb
Converting SMILES to graph: 474/500
7tr4AP_antigen.pdb  7x3yHL_antibody.pdb
Converting SMILES to graph: 475/500
7tr4AP_antigen.pdb  5tq0HL_antibody.pdb
Converting SMILES to graph: 476/500
7tr4AP_antigen.pdb  3o41HL_antibody.pdb
Converting SMILES to graph: 477/500
7tr4AP_antigen.pdb  8sb5CD_antibody.pdb
Converting SMILES to graph: 478/500
7tr4AP_antigen.pdb  6v6wDE_antibody.pdb
Converting SMILES to graph: 479/500
7trhG_antigen.pdb  7yu7Ss_antibody.pdb
Converting SMILES to graph: 480/500
7trhG_antigen.pdb  5x8mBC_antibody.pdb
Converting SMILES to graph: 481/500
7trhG_antigen.pdb  6vlwHL_antibody.pdb
Converting SMILES to graph: 482/500
7trhG_antigen.pdb  6bpcBC_antibody.pdb
Converting SMILES to graph: 483/500
7trhG_antigen.pdb  7kpbHL_antibody.pdb
Converting SMILES to graph: 484/500
7triB_antigen.pdb  6d0uHI_antibody.pdb
Converting SMILES to graph: 485/500
7triB_antigen.pdb  7mklHL_antibody.pdb
Converting SMILES to graph: 486/500
7triB_antigen.pdb  6d6tJI_antibody.pdb
Converting SMILES to graph: 487/500
7triB_antigen.pdb  7n5hHL_antibody.pdb
Converting SMILES to graph: 488/500
7triB_antigen.pdb  6j71Bb_antibody.pdb
Converting SMILES to graph: 489/500
7triB_antigen.pdb  8bw7B_antibody.pdb
Converting SMILES to graph: 490/500
7trkAB_antigen.pdb  7cmvEe_antibody.pdb
Converting SMILES to graph: 491/500
7trkAB_antigen.pdb  7czxIM_antibody.pdb
Converting SMILES to graph: 492/500
7trkAB_antigen.pdb  7rsoIK_antibody.pdb
Converting SMILES to graph: 493/500
7trkAB_antigen.pdb  5fv2A_antibody.pdb
Converting SMILES to graph: 494/500
7trkAB_antigen.pdb  3c09HL_antibody.pdb
Converting SMILES to graph: 495/500
7trkAB_antigen.pdb  8ty1CB_antibody.pdb
Converting SMILES to graph: 496/500
7trpAB_antigen.pdb  6cueHL_antibody.pdb
Converting SMILES to graph: 497/500
7trpAB_antigen.pdb  7or9HL_antibody.pdb
Converting SMILES to graph: 498/500
7trpAB_antigen.pdb  6w0aAB_antibody.pdb
Converting SMILES to graph: 499/500
7trpAB_antigen.pdb  3w13CD_antibody.pdb
Converting SMILES to graph: 500/500
7trpAB_antigen.pdb  7y24Ss_antibody.pdb
Graph construction done. Saving to file.
