Converting SMILES to graph: 1/500
5c2uA_antigen.pdb  7bubGI_antibody.pdb
Converting SMILES to graph: 2/500
5c2uA_antigen.pdb  7a6eCB_antibody.pdb
Converting SMILES to graph: 3/500
5c3lCAB_antigen.pdb  7yvgIH_antibody.pdb
Converting SMILES to graph: 4/500
5c3lCAB_antigen.pdb  7st3B_antibody.pdb
Converting SMILES to graph: 5/500
5c3lCAB_antigen.pdb  5ueaHL_antibody.pdb
Converting SMILES to graph: 6/500
5c3lCAB_antigen.pdb  2ny1DC_antibody.pdb
Converting SMILES to graph: 7/500
5c3lCAB_antigen.pdb  6pzyIL_antibody.pdb
Converting SMILES to graph: 8/500
5c3lCAB_antigen.pdb  7rd5BA_antibody.pdb
Converting SMILES to graph: 9/500
5c6tA_antigen.pdb  7y0vHL_antibody.pdb
Converting SMILES to graph: 10/500
5c6tA_antigen.pdb  6vyhDC_antibody.pdb
Converting SMILES to graph: 11/500
5c6tA_antigen.pdb  8hviHh_antibody.pdb
Converting SMILES to graph: 12/500
5c6tA_antigen.pdb  7x4mHL_antibody.pdb
Converting SMILES to graph: 13/500
5c6tA_antigen.pdb  7rkuJK_antibody.pdb
Converting SMILES to graph: 14/500
5c6tA_antigen.pdb  5g64IM_antibody.pdb
Converting SMILES to graph: 15/500
5c7kC_antigen.pdb  8b1bB_antibody.pdb
Converting SMILES to graph: 16/500
5c7kC_antigen.pdb  7uiaB_antibody.pdb
Converting SMILES to graph: 17/500
5c7kC_antigen.pdb  8sawCD_antibody.pdb
Converting SMILES to graph: 18/500
5c7kC_antigen.pdb  6b70EF_antibody.pdb
Converting SMILES to graph: 19/500
5c7kC_antigen.pdb  8bg8HL_antibody.pdb
Converting SMILES to graph: 20/500
5c7kC_antigen.pdb  2fx8JN_antibody.pdb
Converting SMILES to graph: 21/500
5c7xB_antigen.pdb  7f9zEe_antibody.pdb
Converting SMILES to graph: 22/500
5c7xB_antigen.pdb  4fqjHL_antibody.pdb
Converting SMILES to graph: 23/500
5c7xB_antigen.pdb  4pd4JK_antibody.pdb
Converting SMILES to graph: 24/500
5c7xB_antigen.pdb  8ds5CB_antibody.pdb
Converting SMILES to graph: 25/500
5c7xB_antigen.pdb  8dgvHL_antibody.pdb
Converting SMILES to graph: 26/500
5c7xB_antigen.pdb  1r3lBA_antibody.pdb
Converting SMILES to graph: 27/500
5c8jI_antigen.pdb  8eqfHL_antibody.pdb
Converting SMILES to graph: 28/500
5c8jI_antigen.pdb  5kvdHL_antibody.pdb
Converting SMILES to graph: 29/500
5c8jI_antigen.pdb  7u0xFG_antibody.pdb
Converting SMILES to graph: 30/500
5c8jI_antigen.pdb  4qyoAB_antibody.pdb
Converting SMILES to graph: 31/500
5c8jI_antigen.pdb  8ty1CB_antibody.pdb
Converting SMILES to graph: 32/500
5c8jI_antigen.pdb  7p77H_antibody.pdb
Converting SMILES to graph: 33/500
5cbaE_antigen.pdb  8dypB_antibody.pdb
Converting SMILES to graph: 34/500
5cbaE_antigen.pdb  7sk8DC_antibody.pdb
Converting SMILES to graph: 35/500
5cbaE_antigen.pdb  6mu8DE_antibody.pdb
Converting SMILES to graph: 36/500
5cbaE_antigen.pdb  8sidJI_antibody.pdb
Converting SMILES to graph: 37/500
5cbaE_antigen.pdb  8e1gHL_antibody.pdb
Converting SMILES to graph: 38/500
5cbaE_antigen.pdb  4rauBA_antibody.pdb
Converting SMILES to graph: 39/500
5cbeF_antigen.pdb  6az2CE_antibody.pdb
Converting SMILES to graph: 40/500
5cbeF_antigen.pdb  5wnbHL_antibody.pdb
Converting SMILES to graph: 41/500
5cbeF_antigen.pdb  8t7aDE_antibody.pdb
Converting SMILES to graph: 42/500
5cbeF_antigen.pdb  5ogiBb_antibody.pdb
Converting SMILES to graph: 43/500
5cbeF_antigen.pdb  6xliAB_antibody.pdb
Converting SMILES to graph: 44/500
5cbeF_antigen.pdb  7uz7HL_antibody.pdb
Converting SMILES to graph: 45/500
5cd5A_antigen.pdb  7usvD_antibody.pdb
Converting SMILES to graph: 46/500
5cd5A_antigen.pdb  6sc9B_antibody.pdb
Converting SMILES to graph: 47/500
5cd5A_antigen.pdb  7sk3DC_antibody.pdb
Converting SMILES to graph: 48/500
5cd5A_antigen.pdb  6e62HL_antibody.pdb
Converting SMILES to graph: 49/500
5cd5A_antigen.pdb  3k2uHL_antibody.pdb
Converting SMILES to graph: 50/500
5cd5A_antigen.pdb  6hukG_antibody.pdb
Converting SMILES to graph: 51/500
5cezG_antigen.pdb  7e5sUQ_antibody.pdb
Converting SMILES to graph: 52/500
5cezG_antigen.pdb  6hxwCD_antibody.pdb
Converting SMILES to graph: 53/500
5cezG_antigen.pdb  5vjqCD_antibody.pdb
Converting SMILES to graph: 54/500
5cezG_antigen.pdb  3rifHL_antibody.pdb
Converting SMILES to graph: 55/500
5cezG_antigen.pdb  2vh5HL_antibody.pdb
Converting SMILES to graph: 56/500
5cezG_antigen.pdb  7llyN_antibody.pdb
Converting SMILES to graph: 57/500
5cilP_antigen.pdb  3tt3HL_antibody.pdb
Converting SMILES to graph: 58/500
5cilP_antigen.pdb  3h42HL_antibody.pdb
Converting SMILES to graph: 59/500
5cilP_antigen.pdb  8hwsHL_antibody.pdb
Converting SMILES to graph: 60/500
5cilP_antigen.pdb  7kmdAE_antibody.pdb
Converting SMILES to graph: 61/500
5cilP_antigen.pdb  8cxnD_antibody.pdb
Converting SMILES to graph: 62/500
5cilP_antigen.pdb  7wpfUV_antibody.pdb
Converting SMILES to graph: 63/500
5cinP_antigen.pdb  7s2rB_antibody.pdb
Converting SMILES to graph: 64/500
5cinP_antigen.pdb  7sx7HL_antibody.pdb
Converting SMILES to graph: 65/500
5cinP_antigen.pdb  7v23OP_antibody.pdb
Converting SMILES to graph: 66/500
5cinP_antigen.pdb  7dnkHL_antibody.pdb
Converting SMILES to graph: 67/500
5cinP_antigen.pdb  8en4C_antibody.pdb
Converting SMILES to graph: 68/500
5cinP_antigen.pdb  8jlzN_antibody.pdb
Converting SMILES to graph: 69/500
5cjoA_antigen.pdb  7yubN_antibody.pdb
Converting SMILES to graph: 70/500
5cjoA_antigen.pdb  6zg3J_antibody.pdb
Converting SMILES to graph: 71/500
5cjoA_antigen.pdb  7kxkIM_antibody.pdb
Converting SMILES to graph: 72/500
5cjoA_antigen.pdb  3s88HL_antibody.pdb
Converting SMILES to graph: 73/500
5cjoA_antigen.pdb  5jqhD_antibody.pdb
Converting SMILES to graph: 74/500
5cjqBA_antigen.pdb  6w09KO_antibody.pdb
Converting SMILES to graph: 75/500
5cjqBA_antigen.pdb  4yo0CD_antibody.pdb
Converting SMILES to graph: 76/500
5cjqBA_antigen.pdb  8g5hJK_antibody.pdb
Converting SMILES to graph: 77/500
5cjqBA_antigen.pdb  8im1B_antibody.pdb
Converting SMILES to graph: 78/500
5cjqBA_antigen.pdb  6apdJL_antibody.pdb
Converting SMILES to graph: 79/500
5cjqBA_antigen.pdb  7wb5HL_antibody.pdb
Converting SMILES to graph: 80/500
5cjsDC_antigen.pdb  6jfiHL_antibody.pdb
Converting SMILES to graph: 81/500
5cjsDC_antigen.pdb  7xdbDE_antibody.pdb
Converting SMILES to graph: 82/500
5cjsDC_antigen.pdb  5tpwHL_antibody.pdb
Converting SMILES to graph: 83/500
5cjsDC_antigen.pdb  4m3kB_antibody.pdb
Converting SMILES to graph: 84/500
5cjsDC_antigen.pdb  7saiC_antibody.pdb
Converting SMILES to graph: 85/500
5cjsDC_antigen.pdb  4xrcBA_antibody.pdb
Converting SMILES to graph: 86/500
5cjxJK_antigen.pdb  7r6xHL_antibody.pdb
Converting SMILES to graph: 87/500
5cjxJK_antigen.pdb  6touAa_antibody.pdb
Converting SMILES to graph: 88/500
5cjxJK_antigen.pdb  7l6vD_antibody.pdb
Converting SMILES to graph: 89/500
5cjxJK_antigen.pdb  7vihEe_antibody.pdb
Converting SMILES to graph: 90/500
5cjxJK_antigen.pdb  7wvlHL_antibody.pdb
Converting SMILES to graph: 91/500
5cjxJK_antigen.pdb  6q20HL_antibody.pdb
Converting SMILES to graph: 92/500
5cszD_antigen.pdb  6m58CD_antibody.pdb
Converting SMILES to graph: 93/500
5cszD_antigen.pdb  6oanBb_antibody.pdb
Converting SMILES to graph: 94/500
5cszD_antigen.pdb  7m6fCD_antibody.pdb
Converting SMILES to graph: 95/500
5cszD_antigen.pdb  7a3tHL_antibody.pdb
Converting SMILES to graph: 96/500
5cszD_antigen.pdb  6k42Hh_antibody.pdb
Converting SMILES to graph: 97/500
5cszD_antigen.pdb  8fb7AB_antibody.pdb
Converting SMILES to graph: 98/500
5cusC_antigen.pdb  6wj1JK_antibody.pdb
Converting SMILES to graph: 99/500
5cusC_antigen.pdb  6sc8B_antibody.pdb
Converting SMILES to graph: 100/500
5cusC_antigen.pdb  7r8aCD_antibody.pdb
Converting SMILES to graph: 101/500
5cusC_antigen.pdb  7rfcAB_antibody.pdb
Converting SMILES to graph: 102/500
5cusC_antigen.pdb  6mu6HL_antibody.pdb
Converting SMILES to graph: 103/500
5cusC_antigen.pdb  7slaB_antibody.pdb
Converting SMILES to graph: 104/500
5cwsKIJL_antigen.pdb  5f9wBC_antibody.pdb
Converting SMILES to graph: 105/500
5cwsKIJL_antigen.pdb  7lvwK_antibody.pdb
Converting SMILES to graph: 106/500
5cwsKIJL_antigen.pdb  2j6eIM_antibody.pdb
Converting SMILES to graph: 107/500
5cwsKIJL_antigen.pdb  4etqHL_antibody.pdb
Converting SMILES to graph: 108/500
5cwsKIJL_antigen.pdb  8b1cB_antibody.pdb
Converting SMILES to graph: 109/500
5cwsKIJL_antigen.pdb  6ze1B_antibody.pdb
Converting SMILES to graph: 110/500
5czvA_antigen.pdb  7p5wL_antibody.pdb
Converting SMILES to graph: 111/500
5czvA_antigen.pdb  7re7HL_antibody.pdb
Converting SMILES to graph: 112/500
5czvA_antigen.pdb  7nvoN_antibody.pdb
Converting SMILES to graph: 113/500
5czvA_antigen.pdb  7skzHL_antibody.pdb
Converting SMILES to graph: 114/500
5czvA_antigen.pdb  1uacHL_antibody.pdb
Converting SMILES to graph: 115/500
5czvA_antigen.pdb  7kpjAB_antibody.pdb
Converting SMILES to graph: 116/500
5czxA_antigen.pdb  1r3kBA_antibody.pdb
Converting SMILES to graph: 117/500
5czxA_antigen.pdb  6udkMN_antibody.pdb
Converting SMILES to graph: 118/500
5czxA_antigen.pdb  8e0eB_antibody.pdb
Converting SMILES to graph: 119/500
5czxA_antigen.pdb  6fuzN_antibody.pdb
Converting SMILES to graph: 120/500
5czxA_antigen.pdb  8sanCD_antibody.pdb
Converting SMILES to graph: 121/500
5d1qE_antigen.pdb  8sidJI_antibody.pdb
Converting SMILES to graph: 122/500
5d1qE_antigen.pdb  6x9sHL_antibody.pdb
Converting SMILES to graph: 123/500
5d1qE_antigen.pdb  7nvln_antibody.pdb
Converting SMILES to graph: 124/500
5d1qE_antigen.pdb  2oz4HL_antibody.pdb
Converting SMILES to graph: 125/500
5d1qE_antigen.pdb  5wdfAB_antibody.pdb
Converting SMILES to graph: 126/500
5d1qE_antigen.pdb  8ihfSs_antibody.pdb
Converting SMILES to graph: 127/500
5d1xE_antigen.pdb  7uarFG_antibody.pdb
Converting SMILES to graph: 128/500
5d1xE_antigen.pdb  7zyiHL_antibody.pdb
Converting SMILES to graph: 129/500
5d1xE_antigen.pdb  7s11KO_antibody.pdb
Converting SMILES to graph: 130/500
5d1xE_antigen.pdb  6cw3CD_antibody.pdb
Converting SMILES to graph: 131/500
5d1xE_antigen.pdb  4w6yB_antibody.pdb
Converting SMILES to graph: 132/500
5d1xE_antigen.pdb  7ubyD_antibody.pdb
Converting SMILES to graph: 133/500
5d1zI_antigen.pdb  6awoBC_antibody.pdb
Converting SMILES to graph: 134/500
5d1zI_antigen.pdb  7kezHL_antibody.pdb
Converting SMILES to graph: 135/500
5d1zI_antigen.pdb  6vo1GJ_antibody.pdb
Converting SMILES to graph: 136/500
5d1zI_antigen.pdb  8fb6AB_antibody.pdb
Converting SMILES to graph: 137/500
5d1zI_antigen.pdb  6u55A_antibody.pdb
Converting SMILES to graph: 138/500
5d1zI_antigen.pdb  5y80B_antibody.pdb
Converting SMILES to graph: 139/500
5d70A_antigen.pdb  6herB_antibody.pdb
Converting SMILES to graph: 140/500
5d70A_antigen.pdb  7durN_antibody.pdb
Converting SMILES to graph: 141/500
5d70A_antigen.pdb  7lf2GI_antibody.pdb
Converting SMILES to graph: 142/500
5d70A_antigen.pdb  2ny0DC_antibody.pdb
Converting SMILES to graph: 143/500
5d70A_antigen.pdb  5t78DC_antibody.pdb
Converting SMILES to graph: 144/500
5d70A_antigen.pdb  7ru3HL_antibody.pdb
Converting SMILES to graph: 145/500
5d71A_antigen.pdb  4ot1HL_antibody.pdb
Converting SMILES to graph: 146/500
5d71A_antigen.pdb  7kn7HL_antibody.pdb
Converting SMILES to graph: 147/500
5d71A_antigen.pdb  8haoF_antibody.pdb
Converting SMILES to graph: 148/500
5d71A_antigen.pdb  7oayL_antibody.pdb
Converting SMILES to graph: 149/500
5d71A_antigen.pdb  5vcoDC_antibody.pdb
Converting SMILES to graph: 150/500
5d71A_antigen.pdb  4odxHB_antibody.pdb
Converting SMILES to graph: 151/500
5d72B_antigen.pdb  7d3rHL_antibody.pdb
Converting SMILES to graph: 152/500
5d72B_antigen.pdb  8dulHL_antibody.pdb
Converting SMILES to graph: 153/500
5d72B_antigen.pdb  6obeB_antibody.pdb
Converting SMILES to graph: 154/500
5d72B_antigen.pdb  6wozEF_antibody.pdb
Converting SMILES to graph: 155/500
5d72B_antigen.pdb  8iw1Ss_antibody.pdb
Converting SMILES to graph: 156/500
5d72B_antigen.pdb  7f7eCL_antibody.pdb
Converting SMILES to graph: 157/500
5d8jA_antigen.pdb  7ucfDE_antibody.pdb
Converting SMILES to graph: 158/500
5d8jA_antigen.pdb  7lj4GF_antibody.pdb
Converting SMILES to graph: 159/500
5d8jA_antigen.pdb  7klcHL_antibody.pdb
Converting SMILES to graph: 160/500
5d8jA_antigen.pdb  7lr3AB_antibody.pdb
Converting SMILES to graph: 161/500
5d8jA_antigen.pdb  7u2dHL_antibody.pdb
Converting SMILES to graph: 162/500
5d8jA_antigen.pdb  7ra8CD_antibody.pdb
Converting SMILES to graph: 163/500
5d93A_antigen.pdb  5kanHL_antibody.pdb
Converting SMILES to graph: 164/500
5d93A_antigen.pdb  6wfxHL_antibody.pdb
Converting SMILES to graph: 165/500
5d93A_antigen.pdb  7kbiC_antibody.pdb
Converting SMILES to graph: 166/500
5d93A_antigen.pdb  7wd0cd_antibody.pdb
Converting SMILES to graph: 167/500
5d93A_antigen.pdb  7bscHL_antibody.pdb
Converting SMILES to graph: 168/500
5d93A_antigen.pdb  7cdjHL_antibody.pdb
Converting SMILES to graph: 169/500
5d96D_antigen.pdb  5cusJN_antibody.pdb
Converting SMILES to graph: 170/500
5d96D_antigen.pdb  5utfDE_antibody.pdb
Converting SMILES to graph: 171/500
5d96D_antigen.pdb  7ujaBD_antibody.pdb
Converting SMILES to graph: 172/500
5d96D_antigen.pdb  4qhuBA_antibody.pdb
Converting SMILES to graph: 173/500
5d96D_antigen.pdb  5yd5Cc_antibody.pdb
Converting SMILES to graph: 174/500
5d96D_antigen.pdb  7teeHL_antibody.pdb
Converting SMILES to graph: 175/500
5d9qG_antigen.pdb  8gtoHL_antibody.pdb
Converting SMILES to graph: 176/500
5d9qG_antigen.pdb  8w83AB_antibody.pdb
Converting SMILES to graph: 177/500
5d9qG_antigen.pdb  7cypED_antibody.pdb
Converting SMILES to graph: 178/500
5d9qG_antigen.pdb  7x8yHL_antibody.pdb
Converting SMILES to graph: 179/500
5d9qG_antigen.pdb  6ws6CD_antibody.pdb
Converting SMILES to graph: 180/500
5d9qG_antigen.pdb  7n4jHL_antibody.pdb
Converting SMILES to graph: 181/500
5da0A_antigen.pdb  7ckyN_antibody.pdb
Converting SMILES to graph: 182/500
5da0A_antigen.pdb  5nblE_antibody.pdb
Converting SMILES to graph: 183/500
5da0A_antigen.pdb  7t9mHL_antibody.pdb
Converting SMILES to graph: 184/500
5da0A_antigen.pdb  6xrtHL_antibody.pdb
Converting SMILES to graph: 185/500
5da0A_antigen.pdb  4ogaCD_antibody.pdb
Converting SMILES to graph: 186/500
5da0A_antigen.pdb  6dfgHL_antibody.pdb
Converting SMILES to graph: 187/500
5dd0P_antigen.pdb  7zmqC_antibody.pdb
Converting SMILES to graph: 188/500
5dd0P_antigen.pdb  5erwAB_antibody.pdb
Converting SMILES to graph: 189/500
5dd0P_antigen.pdb  7r74D_antibody.pdb
Converting SMILES to graph: 190/500
5dd0P_antigen.pdb  6x8uHL_antibody.pdb
Converting SMILES to graph: 191/500
5dd0P_antigen.pdb  5njdTS_antibody.pdb
Converting SMILES to graph: 192/500
5dd0P_antigen.pdb  7t87HL_antibody.pdb
Converting SMILES to graph: 193/500
5dfvA_antigen.pdb  3g6dHL_antibody.pdb
Converting SMILES to graph: 194/500
5dfvA_antigen.pdb  6dbfB_antibody.pdb
Converting SMILES to graph: 195/500
5dfvA_antigen.pdb  2hvjAB_antibody.pdb
Converting SMILES to graph: 196/500
5dfvA_antigen.pdb  7n8hED_antibody.pdb
Converting SMILES to graph: 197/500
5dfvA_antigen.pdb  7kfyHL_antibody.pdb
Converting SMILES to graph: 198/500
5dfvA_antigen.pdb  7la4HL_antibody.pdb
Converting SMILES to graph: 199/500
5dfwA_antigen.pdb  7c2tKL_antibody.pdb
Converting SMILES to graph: 200/500
5dfwA_antigen.pdb  4q0xHL_antibody.pdb
Converting SMILES to graph: 201/500
5dfwA_antigen.pdb  5t5fHL_antibody.pdb
Converting SMILES to graph: 202/500
5dfwA_antigen.pdb  5wuxCD_antibody.pdb
Converting SMILES to graph: 203/500
5dfwA_antigen.pdb  6hupG_antibody.pdb
Converting SMILES to graph: 204/500
5dfwA_antigen.pdb  6uj9HL_antibody.pdb
Converting SMILES to graph: 205/500
5dfzC_antigen.pdb  3tt1IM_antibody.pdb
Converting SMILES to graph: 206/500
5dfzC_antigen.pdb  8g8wB_antibody.pdb
Converting SMILES to graph: 207/500
5dfzC_antigen.pdb  7dstE_antibody.pdb
Converting SMILES to graph: 208/500
5dfzC_antigen.pdb  5v8mSU_antibody.pdb
Converting SMILES to graph: 209/500
5dfzC_antigen.pdb  1xguBA_antibody.pdb
Converting SMILES to graph: 210/500
5dfzC_antigen.pdb  6nnjUV_antibody.pdb
Converting SMILES to graph: 211/500
5dhvM_antigen.pdb  6xcmHL_antibody.pdb
Converting SMILES to graph: 212/500
5dhvM_antigen.pdb  6witHL_antibody.pdb
Converting SMILES to graph: 213/500
5dhvM_antigen.pdb  4kv5Jj_antibody.pdb
Converting SMILES to graph: 214/500
5dhvM_antigen.pdb  6oq5F_antibody.pdb
Converting SMILES to graph: 215/500
5dhvM_antigen.pdb  6pa0AB_antibody.pdb
Converting SMILES to graph: 216/500
5dhxC_antigen.pdb  4r4hHL_antibody.pdb
Converting SMILES to graph: 217/500
5dhxC_antigen.pdb  7lssHL_antibody.pdb
Converting SMILES to graph: 218/500
5dhxC_antigen.pdb  7zxgBC_antibody.pdb
Converting SMILES to graph: 219/500
5dhxC_antigen.pdb  7sp6B_antibody.pdb
Converting SMILES to graph: 220/500
5dhxC_antigen.pdb  6hhuG_antibody.pdb
Converting SMILES to graph: 221/500
5dhyM_antigen.pdb  4kk8EF_antibody.pdb
Converting SMILES to graph: 222/500
5dhyM_antigen.pdb  7q0iHL_antibody.pdb
Converting SMILES to graph: 223/500
5dhyM_antigen.pdb  7oh1ED_antibody.pdb
Converting SMILES to graph: 224/500
5dhyM_antigen.pdb  5yd5Cc_antibody.pdb
Converting SMILES to graph: 225/500
5dhyM_antigen.pdb  7lbeHG_antibody.pdb
Converting SMILES to graph: 226/500
5dhyM_antigen.pdb  7p16B_antibody.pdb
Converting SMILES to graph: 227/500
5dhzM_antigen.pdb  6b3sCD_antibody.pdb
Converting SMILES to graph: 228/500
5dhzM_antigen.pdb  6adaCD_antibody.pdb
Converting SMILES to graph: 229/500
5dhzM_antigen.pdb  7qvkB_antibody.pdb
Converting SMILES to graph: 230/500
5dhzM_antigen.pdb  6umgHL_antibody.pdb
Converting SMILES to graph: 231/500
5dhzM_antigen.pdb  7mepIG_antibody.pdb
Converting SMILES to graph: 232/500
5dhzM_antigen.pdb  7yrhFE_antibody.pdb
Converting SMILES to graph: 233/500
5dlmX_antigen.pdb  7yu5Ss_antibody.pdb
Converting SMILES to graph: 234/500
5dlmX_antigen.pdb  6bfsHL_antibody.pdb
Converting SMILES to graph: 235/500
5dlmX_antigen.pdb  8fanAB_antibody.pdb
Converting SMILES to graph: 236/500
5dlmX_antigen.pdb  8ee1BC_antibody.pdb
Converting SMILES to graph: 237/500
5dlmX_antigen.pdb  1ob1BA_antibody.pdb
Converting SMILES to graph: 238/500
5dlmX_antigen.pdb  6gciB_antibody.pdb
Converting SMILES to graph: 239/500
5dmgX_antigen.pdb  2dweAB_antibody.pdb
Converting SMILES to graph: 240/500
5dmgX_antigen.pdb  6jb5A_antibody.pdb
Converting SMILES to graph: 241/500
5dmgX_antigen.pdb  7xd2DJ_antibody.pdb
Converting SMILES to graph: 242/500
5dmgX_antigen.pdb  7r8uHL_antibody.pdb
Converting SMILES to graph: 243/500
5dmgX_antigen.pdb  8p7wDG_antibody.pdb
Converting SMILES to graph: 244/500
5dmgX_antigen.pdb  7tb8JK_antibody.pdb
Converting SMILES to graph: 245/500
5dmiA_antigen.pdb  7e8mHL_antibody.pdb
Converting SMILES to graph: 246/500
5dmiA_antigen.pdb  8fb7AB_antibody.pdb
Converting SMILES to graph: 247/500
5dmiA_antigen.pdb  7qneG_antibody.pdb
Converting SMILES to graph: 248/500
5dmiA_antigen.pdb  7a65CB_antibody.pdb
Converting SMILES to graph: 249/500
5dmiA_antigen.pdb  7v3hGH_antibody.pdb
Converting SMILES to graph: 250/500
5dmiA_antigen.pdb  7xj8GF_antibody.pdb
Converting SMILES to graph: 251/500
5dmjD_antigen.pdb  7zxkHL_antibody.pdb
Converting SMILES to graph: 252/500
5dmjD_antigen.pdb  8u4vHL_antibody.pdb
Converting SMILES to graph: 253/500
5dmjD_antigen.pdb  5xcqAB_antibody.pdb
Converting SMILES to graph: 254/500
5dmjD_antigen.pdb  7b2pD_antibody.pdb
Converting SMILES to graph: 255/500
5dmjD_antigen.pdb  3jbf7_antibody.pdb
Converting SMILES to graph: 256/500
5dmjD_antigen.pdb  8thkFf_antibody.pdb
Converting SMILES to graph: 257/500
5do2A_antigen.pdb  5nbmE_antibody.pdb
Converting SMILES to graph: 258/500
5do2A_antigen.pdb  7n4jHL_antibody.pdb
Converting SMILES to graph: 259/500
5do2A_antigen.pdb  7nx7HL_antibody.pdb
Converting SMILES to graph: 260/500
5do2A_antigen.pdb  7uzcEF_antibody.pdb
Converting SMILES to graph: 261/500
5do2A_antigen.pdb  3g9aB_antibody.pdb
Converting SMILES to graph: 262/500
5do2A_antigen.pdb  6hcoDC_antibody.pdb
Converting SMILES to graph: 263/500
5drzP_antigen.pdb  5c7xMN_antibody.pdb
Converting SMILES to graph: 264/500
5drzP_antigen.pdb  6uydHL_antibody.pdb
Converting SMILES to graph: 265/500
5drzP_antigen.pdb  3o0rHL_antibody.pdb
Converting SMILES to graph: 266/500
5drzP_antigen.pdb  5tbdEF_antibody.pdb
Converting SMILES to graph: 267/500
5drzP_antigen.pdb  5vpgDC_antibody.pdb
Converting SMILES to graph: 268/500
5drzP_antigen.pdb  8gf2CD_antibody.pdb
Converting SMILES to graph: 269/500
5dumA_antigen.pdb  6cnvHL_antibody.pdb
Converting SMILES to graph: 270/500
5dumA_antigen.pdb  2y07HL_antibody.pdb
Converting SMILES to graph: 271/500
5dumA_antigen.pdb  6n81HL_antibody.pdb
Converting SMILES to graph: 272/500
5dumA_antigen.pdb  3droBA_antibody.pdb
Converting SMILES to graph: 273/500
5dumA_antigen.pdb  7yonSs_antibody.pdb
Converting SMILES to graph: 274/500
5dumA_antigen.pdb  6o3lAB_antibody.pdb
Converting SMILES to graph: 275/500
5dupA_antigen.pdb  7bw0N_antibody.pdb
Converting SMILES to graph: 276/500
5dupA_antigen.pdb  4krpB_antibody.pdb
Converting SMILES to graph: 277/500
5dupA_antigen.pdb  1jnhDC_antibody.pdb
Converting SMILES to graph: 278/500
5dupA_antigen.pdb  7a0yEF_antibody.pdb
Converting SMILES to graph: 279/500
5dupA_antigen.pdb  5dmiHL_antibody.pdb
Converting SMILES to graph: 280/500
5dupA_antigen.pdb  7o30BA_antibody.pdb
Converting SMILES to graph: 281/500
5durC_antigen.pdb  7eycAB_antibody.pdb
Converting SMILES to graph: 282/500
5durC_antigen.pdb  3p0gB_antibody.pdb
Converting SMILES to graph: 283/500
5durC_antigen.pdb  5o4oBA_antibody.pdb
Converting SMILES to graph: 284/500
5durC_antigen.pdb  6bfsHL_antibody.pdb
Converting SMILES to graph: 285/500
5durC_antigen.pdb  5t5fHL_antibody.pdb
Converting SMILES to graph: 286/500
5durC_antigen.pdb  7ugoMP_antibody.pdb
Converting SMILES to graph: 287/500
5dwuAB_antigen.pdb  7upwDE_antibody.pdb
Converting SMILES to graph: 288/500
5dwuAB_antigen.pdb  7tccMN_antibody.pdb
Converting SMILES to graph: 289/500
5dwuAB_antigen.pdb  3fb7AB_antibody.pdb
Converting SMILES to graph: 290/500
5dwuAB_antigen.pdb  4nbxB_antibody.pdb
Converting SMILES to graph: 291/500
5dwuAB_antigen.pdb  2ap2DC_antibody.pdb
Converting SMILES to graph: 292/500
5dwuAB_antigen.pdb  7a3oHL_antibody.pdb
Converting SMILES to graph: 293/500
5dyoA_antigen.pdb  4yr6AB_antibody.pdb
Converting SMILES to graph: 294/500
5dyoA_antigen.pdb  7uapMN_antibody.pdb
Converting SMILES to graph: 295/500
5dyoA_antigen.pdb  7nvln_antibody.pdb
Converting SMILES to graph: 296/500
5dyoA_antigen.pdb  3j70MN_antibody.pdb
Converting SMILES to graph: 297/500
5dyoA_antigen.pdb  7u2lEe_antibody.pdb
Converting SMILES to graph: 298/500
5dyoA_antigen.pdb  7kzbAB_antibody.pdb
Converting SMILES to graph: 299/500
5e0qB_antigen.pdb  6k65HL_antibody.pdb
Converting SMILES to graph: 300/500
5e0qB_antigen.pdb  7stzHL_antibody.pdb
Converting SMILES to graph: 301/500
5e0qB_antigen.pdb  5w2bHL_antibody.pdb
Converting SMILES to graph: 302/500
5e0qB_antigen.pdb  1w72IM_antibody.pdb
Converting SMILES to graph: 303/500
5e0qB_antigen.pdb  7jmoHL_antibody.pdb
Converting SMILES to graph: 304/500
5e0qB_antigen.pdb  4gftB_antibody.pdb
Converting SMILES to graph: 305/500
5e1aC_antigen.pdb  1zmyA_antibody.pdb
Converting SMILES to graph: 306/500
5e1aC_antigen.pdb  6b5oHL_antibody.pdb
Converting SMILES to graph: 307/500
5e1aC_antigen.pdb  8hhyHL_antibody.pdb
Converting SMILES to graph: 308/500
5e1aC_antigen.pdb  7eo2Ee_antibody.pdb
Converting SMILES to graph: 309/500
5e1aC_antigen.pdb  7f6yHL_antibody.pdb
Converting SMILES to graph: 310/500
5e1aC_antigen.pdb  5e2vHL_antibody.pdb
Converting SMILES to graph: 311/500
5e1hA_antigen.pdb  7uvqCB_antibody.pdb
Converting SMILES to graph: 312/500
5e1hA_antigen.pdb  3j8wFJ_antibody.pdb
Converting SMILES to graph: 313/500
5e1hA_antigen.pdb  8f6jFE_antibody.pdb
Converting SMILES to graph: 314/500
5e1hA_antigen.pdb  7ey0AB_antibody.pdb
Converting SMILES to graph: 315/500
5e1hA_antigen.pdb  6b0aHL_antibody.pdb
Converting SMILES to graph: 316/500
5e1hA_antigen.pdb  7c01HL_antibody.pdb
Converting SMILES to graph: 317/500
5e2vP_antigen.pdb  5jdsB_antibody.pdb
Converting SMILES to graph: 318/500
5e2vP_antigen.pdb  7f4fSs_antibody.pdb
Converting SMILES to graph: 319/500
5e2vP_antigen.pdb  8e99E_antibody.pdb
Converting SMILES to graph: 320/500
5e2vP_antigen.pdb  4fqjHL_antibody.pdb
Converting SMILES to graph: 321/500
5e2vP_antigen.pdb  7zmoK_antibody.pdb
Converting SMILES to graph: 322/500
5e5mC_antigen.pdb  7lx2HL_antibody.pdb
Converting SMILES to graph: 323/500
5e5mC_antigen.pdb  5ghwHL_antibody.pdb
Converting SMILES to graph: 324/500
5e5mC_antigen.pdb  8e8sHL_antibody.pdb
Converting SMILES to graph: 325/500
5e5mC_antigen.pdb  8dg9HL_antibody.pdb
Converting SMILES to graph: 326/500
5e5mC_antigen.pdb  5vk6AB_antibody.pdb
Converting SMILES to graph: 327/500
5e5mC_antigen.pdb  5fgbEB_antibody.pdb
Converting SMILES to graph: 328/500
5e7fH_antigen.pdb  5zufED_antibody.pdb
Converting SMILES to graph: 329/500
5e7fH_antigen.pdb  7ll2IJ_antibody.pdb
Converting SMILES to graph: 330/500
5e7fH_antigen.pdb  7e86AB_antibody.pdb
Converting SMILES to graph: 331/500
5e7fH_antigen.pdb  4xx1HL_antibody.pdb
Converting SMILES to graph: 332/500
5e7fH_antigen.pdb  8i95Hh_antibody.pdb
Converting SMILES to graph: 333/500
5e7fH_antigen.pdb  8izbN_antibody.pdb
Converting SMILES to graph: 334/500
5e8dA_antigen.pdb  7lf0FH_antibody.pdb
Converting SMILES to graph: 335/500
5e8dA_antigen.pdb  6cf2AB_antibody.pdb
Converting SMILES to graph: 336/500
5e8dA_antigen.pdb  5w1mDC_antibody.pdb
Converting SMILES to graph: 337/500
5e8dA_antigen.pdb  6fytI_antibody.pdb
Converting SMILES to graph: 338/500
5e8dA_antigen.pdb  8gs9HK_antibody.pdb
Converting SMILES to graph: 339/500
5e8dA_antigen.pdb  7bsdHL_antibody.pdb
Converting SMILES to graph: 340/500
5e8eH_antigen.pdb  7wthHL_antibody.pdb
Converting SMILES to graph: 341/500
5e8eH_antigen.pdb  7wt8HD_antibody.pdb
Converting SMILES to graph: 342/500
5e8eH_antigen.pdb  7t77HL_antibody.pdb
Converting SMILES to graph: 343/500
5e8eH_antigen.pdb  7cu5Aa_antibody.pdb
Converting SMILES to graph: 344/500
5e8eH_antigen.pdb  8diuGC_antibody.pdb
Converting SMILES to graph: 345/500
5e8eH_antigen.pdb  7xj9GF_antibody.pdb
Converting SMILES to graph: 346/500
5e94G_antigen.pdb  8gsdHL_antibody.pdb
Converting SMILES to graph: 347/500
5e94G_antigen.pdb  8op0A_antibody.pdb
Converting SMILES to graph: 348/500
5e94G_antigen.pdb  7w9eDE_antibody.pdb
Converting SMILES to graph: 349/500
5e94G_antigen.pdb  3lzfHL_antibody.pdb
Converting SMILES to graph: 350/500
5e94G_antigen.pdb  6n51D_antibody.pdb
Converting SMILES to graph: 351/500
5e94G_antigen.pdb  3mobHL_antibody.pdb
Converting SMILES to graph: 352/500
5ea0P_antigen.pdb  6dfjHL_antibody.pdb
Converting SMILES to graph: 353/500
5ea0P_antigen.pdb  6dzzBC_antibody.pdb
Converting SMILES to graph: 354/500
5ea0P_antigen.pdb  7tr4LH_antibody.pdb
Converting SMILES to graph: 355/500
5ea0P_antigen.pdb  6bf9CD_antibody.pdb
Converting SMILES to graph: 356/500
5ea0P_antigen.pdb  4xmmHL_antibody.pdb
Converting SMILES to graph: 357/500
5ea0P_antigen.pdb  6s8jYU_antibody.pdb
Converting SMILES to graph: 358/500
5eblC_antigen.pdb  7zkzB_antibody.pdb
Converting SMILES to graph: 359/500
5eblC_antigen.pdb  7tn9AB_antibody.pdb
Converting SMILES to graph: 360/500
5eblC_antigen.pdb  7n8qHL_antibody.pdb
Converting SMILES to graph: 361/500
5eblC_antigen.pdb  4h88HL_antibody.pdb
Converting SMILES to graph: 362/500
5eblC_antigen.pdb  4s1sHL_antibody.pdb
Converting SMILES to graph: 363/500
5eblC_antigen.pdb  7vvnN_antibody.pdb
Converting SMILES to graph: 364/500
5ebmC_antigen.pdb  5vxrHL_antibody.pdb
Converting SMILES to graph: 365/500
5ebmC_antigen.pdb  3cfiL_antibody.pdb
Converting SMILES to graph: 366/500
5ebmC_antigen.pdb  1z3gIM_antibody.pdb
Converting SMILES to graph: 367/500
5ebmC_antigen.pdb  4yzfGH_antibody.pdb
Converting SMILES to graph: 368/500
5ebmC_antigen.pdb  8grrHL_antibody.pdb
Converting SMILES to graph: 369/500
5ebmC_antigen.pdb  6itcC_antibody.pdb
Converting SMILES to graph: 370/500
5ebwC_antigen.pdb  6blhHL_antibody.pdb
Converting SMILES to graph: 371/500
5ebwC_antigen.pdb  4w2oA_antibody.pdb
Converting SMILES to graph: 372/500
5ebwC_antigen.pdb  6jhsED_antibody.pdb
Converting SMILES to graph: 373/500
5ebwC_antigen.pdb  6h2yHL_antibody.pdb
Converting SMILES to graph: 374/500
5ebwC_antigen.pdb  5vyfBA_antibody.pdb
Converting SMILES to graph: 375/500
5ebwC_antigen.pdb  3moaHL_antibody.pdb
Converting SMILES to graph: 376/500
5ec1C_antigen.pdb  7p16B_antibody.pdb
Converting SMILES to graph: 377/500
5ec1C_antigen.pdb  7f1gD_antibody.pdb
Converting SMILES to graph: 378/500
5ec1C_antigen.pdb  4xakDE_antibody.pdb
Converting SMILES to graph: 379/500
5ec1C_antigen.pdb  8pe9HL_antibody.pdb
Converting SMILES to graph: 380/500
5ec1C_antigen.pdb  7yvfCA_antibody.pdb
Converting SMILES to graph: 381/500
5ec1C_antigen.pdb  6fe4F_antibody.pdb
Converting SMILES to graph: 382/500
5ec2C_antigen.pdb  7r8lHL_antibody.pdb
Converting SMILES to graph: 383/500
5ec2C_antigen.pdb  4gagHL_antibody.pdb
Converting SMILES to graph: 384/500
5ec2C_antigen.pdb  7wn2HL_antibody.pdb
Converting SMILES to graph: 385/500
5ec2C_antigen.pdb  6oijHh_antibody.pdb
Converting SMILES to graph: 386/500
5ec2C_antigen.pdb  1rjlBA_antibody.pdb
Converting SMILES to graph: 387/500
5ec2C_antigen.pdb  6yxkAB_antibody.pdb
Converting SMILES to graph: 388/500
5eiiG_antigen.pdb  6pdrHL_antibody.pdb
Converting SMILES to graph: 389/500
5eiiG_antigen.pdb  5lhqB_antibody.pdb
Converting SMILES to graph: 390/500
5eiiG_antigen.pdb  8djmHL_antibody.pdb
Converting SMILES to graph: 391/500
5eiiG_antigen.pdb  7myzIM_antibody.pdb
Converting SMILES to graph: 392/500
5eiiG_antigen.pdb  7cu4DE_antibody.pdb
Converting SMILES to graph: 393/500
5eiiG_antigen.pdb  7pryCD_antibody.pdb
Converting SMILES to graph: 394/500
5en2C_antigen.pdb  7sg6HL_antibody.pdb
Converting SMILES to graph: 395/500
5en2C_antigen.pdb  8gsfHL_antibody.pdb
Converting SMILES to graph: 396/500
5en2C_antigen.pdb  7tyiN_antibody.pdb
Converting SMILES to graph: 397/500
5en2C_antigen.pdb  5mp1FG_antibody.pdb
Converting SMILES to graph: 398/500
5en2C_antigen.pdb  7xjfAB_antibody.pdb
Converting SMILES to graph: 399/500
5en2C_antigen.pdb  6obgC_antibody.pdb
Converting SMILES to graph: 400/500
5eocQ_antigen.pdb  4al8HL_antibody.pdb
Converting SMILES to graph: 401/500
5eocQ_antigen.pdb  4ypgHL_antibody.pdb
Converting SMILES to graph: 402/500
5eocQ_antigen.pdb  1i9rKM_antibody.pdb
Converting SMILES to graph: 403/500
5eocQ_antigen.pdb  6b9zBA_antibody.pdb
Converting SMILES to graph: 404/500
5eocQ_antigen.pdb  7ubyD_antibody.pdb
Converting SMILES to graph: 405/500
5eocQ_antigen.pdb  7tzgAa_antibody.pdb
Converting SMILES to graph: 406/500
5eoqA_antigen.pdb  8ef6Ee_antibody.pdb
Converting SMILES to graph: 407/500
5eoqA_antigen.pdb  4dgyHL_antibody.pdb
Converting SMILES to graph: 408/500
5eoqA_antigen.pdb  8g9yHL_antibody.pdb
Converting SMILES to graph: 409/500
5eoqA_antigen.pdb  4zfgHL_antibody.pdb
Converting SMILES to graph: 410/500
5eoqA_antigen.pdb  7wd1C_antibody.pdb
Converting SMILES to graph: 411/500
5eoqA_antigen.pdb  4ffzZY_antibody.pdb
Converting SMILES to graph: 412/500
5eorA_antigen.pdb  8w84AB_antibody.pdb
Converting SMILES to graph: 413/500
5eorA_antigen.pdb  7k7yC_antibody.pdb
Converting SMILES to graph: 414/500
5eorA_antigen.pdb  5wk3WV_antibody.pdb
Converting SMILES to graph: 415/500
5eorA_antigen.pdb  1kb9JK_antibody.pdb
Converting SMILES to graph: 416/500
5eorA_antigen.pdb  3uzqAa_antibody.pdb
Converting SMILES to graph: 417/500
5eorA_antigen.pdb  5wi9HL_antibody.pdb
Converting SMILES to graph: 418/500
5epmC_antigen.pdb  5vgjHL_antibody.pdb
Converting SMILES to graph: 419/500
5epmC_antigen.pdb  4jo3IM_antibody.pdb
Converting SMILES to graph: 420/500
5epmC_antigen.pdb  6i9iHL_antibody.pdb
Converting SMILES to graph: 421/500
5epmC_antigen.pdb  5t78DC_antibody.pdb
Converting SMILES to graph: 422/500
5epmC_antigen.pdb  6lz2D_antibody.pdb
Converting SMILES to graph: 423/500
5epmC_antigen.pdb  4mwfAB_antibody.pdb
Converting SMILES to graph: 424/500
5erwC_antigen.pdb  5xcrAB_antibody.pdb
Converting SMILES to graph: 425/500
5erwC_antigen.pdb  3lizHL_antibody.pdb
Converting SMILES to graph: 426/500
5erwC_antigen.pdb  8id4Ss_antibody.pdb
Converting SMILES to graph: 427/500
5erwC_antigen.pdb  7wsiHL_antibody.pdb
Converting SMILES to graph: 428/500
5erwC_antigen.pdb  4z5rWV_antibody.pdb
Converting SMILES to graph: 429/500
5erwC_antigen.pdb  5vjoCD_antibody.pdb
Converting SMILES to graph: 430/500
5esvG_antigen.pdb  3rvxDC_antibody.pdb
Converting SMILES to graph: 431/500
5esvG_antigen.pdb  7uz7HL_antibody.pdb
Converting SMILES to graph: 432/500
5esvG_antigen.pdb  1u8nBA_antibody.pdb
Converting SMILES to graph: 433/500
5esvG_antigen.pdb  4w6yB_antibody.pdb
Converting SMILES to graph: 434/500
5esvG_antigen.pdb  4od2BA_antibody.pdb
Converting SMILES to graph: 435/500
5esvG_antigen.pdb  5y9jHL_antibody.pdb
Converting SMILES to graph: 436/500
5eszC_antigen.pdb  4xrcBA_antibody.pdb
Converting SMILES to graph: 437/500
5eszC_antigen.pdb  4yo0CD_antibody.pdb
Converting SMILES to graph: 438/500
5eszC_antigen.pdb  7kqkHL_antibody.pdb
Converting SMILES to graph: 439/500
5eszC_antigen.pdb  3u2sHL_antibody.pdb
Converting SMILES to graph: 440/500
5eszC_antigen.pdb  7jx3HL_antibody.pdb
Converting SMILES to graph: 441/500
5eszC_antigen.pdb  6niyN_antibody.pdb
Converting SMILES to graph: 442/500
5eu7B_antigen.pdb  7l2fHL_antibody.pdb
Converting SMILES to graph: 443/500
5eu7B_antigen.pdb  8fddAB_antibody.pdb
Converting SMILES to graph: 444/500
5eu7B_antigen.pdb  8j7yEC_antibody.pdb
Converting SMILES to graph: 445/500
5eu7B_antigen.pdb  8djkHL_antibody.pdb
Converting SMILES to graph: 446/500
5eu7B_antigen.pdb  7qbdE_antibody.pdb
Converting SMILES to graph: 447/500
5eu7B_antigen.pdb  7t77HL_antibody.pdb
Converting SMILES to graph: 448/500
5eulYE_antigen.pdb  6fytI_antibody.pdb
Converting SMILES to graph: 449/500
5eulYE_antigen.pdb  8aixD_antibody.pdb
Converting SMILES to graph: 450/500
5eulYE_antigen.pdb  7dh5N_antibody.pdb
Converting SMILES to graph: 451/500
5eulYE_antigen.pdb  4r8wHL_antibody.pdb
Converting SMILES to graph: 452/500
5eulYE_antigen.pdb  8ci1F_antibody.pdb
Converting SMILES to graph: 453/500
5eulYE_antigen.pdb  7x90EF_antibody.pdb
Converting SMILES to graph: 454/500
5ezoA_antigen.pdb  7f6zHL_antibody.pdb
Converting SMILES to graph: 455/500
5ezoA_antigen.pdb  7xouN_antibody.pdb
Converting SMILES to graph: 456/500
5ezoA_antigen.pdb  7cahED_antibody.pdb
Converting SMILES to graph: 457/500
5ezoA_antigen.pdb  3hb3CD_antibody.pdb
Converting SMILES to graph: 458/500
5ezoA_antigen.pdb  5xkuCB_antibody.pdb
Converting SMILES to graph: 459/500
5ezoA_antigen.pdb  5x8mBC_antibody.pdb
Converting SMILES to graph: 460/500
5f1kB_antigen.pdb  6udkMN_antibody.pdb
Converting SMILES to graph: 461/500
5f1kB_antigen.pdb  6ek2Hh_antibody.pdb
Converting SMILES to graph: 462/500
5f1kB_antigen.pdb  7wp2HL_antibody.pdb
Converting SMILES to graph: 463/500
5f1kB_antigen.pdb  5j56B_antibody.pdb
Converting SMILES to graph: 464/500
5f1kB_antigen.pdb  7yitD_antibody.pdb
Converting SMILES to graph: 465/500
5f1kB_antigen.pdb  8scxHL_antibody.pdb
Converting SMILES to graph: 466/500
5f1oA_antigen.pdb  4uifKL_antibody.pdb
Converting SMILES to graph: 467/500
5f1oA_antigen.pdb  8t7aDE_antibody.pdb
Converting SMILES to graph: 468/500
5f1oA_antigen.pdb  6ubiDE_antibody.pdb
Converting SMILES to graph: 469/500
5f1oA_antigen.pdb  7v7kBA_antibody.pdb
Converting SMILES to graph: 470/500
5f1oA_antigen.pdb  8dkwAB_antibody.pdb
Converting SMILES to graph: 471/500
5f1oA_antigen.pdb  5u1fHL_antibody.pdb
Converting SMILES to graph: 472/500
5f21A_antigen.pdb  7tc9HL_antibody.pdb
Converting SMILES to graph: 473/500
5f21A_antigen.pdb  6wzkAB_antibody.pdb
Converting SMILES to graph: 474/500
5f21A_antigen.pdb  7y12Ss_antibody.pdb
Converting SMILES to graph: 475/500
5f21A_antigen.pdb  8g6uCD_antibody.pdb
Converting SMILES to graph: 476/500
5f21A_antigen.pdb  3dsfHL_antibody.pdb
Converting SMILES to graph: 477/500
5f21A_antigen.pdb  7dhrN_antibody.pdb
Converting SMILES to graph: 478/500
5f3bD_antigen.pdb  7fg3D_antibody.pdb
Converting SMILES to graph: 479/500
5f3bD_antigen.pdb  5w5xHL_antibody.pdb
Converting SMILES to graph: 480/500
5f3bD_antigen.pdb  6xq0BC_antibody.pdb
Converting SMILES to graph: 481/500
5f3bD_antigen.pdb  8c3lB_antibody.pdb
Converting SMILES to graph: 482/500
5f3bD_antigen.pdb  6n4qJI_antibody.pdb
Converting SMILES to graph: 483/500
5f3bD_antigen.pdb  4dvrHL_antibody.pdb
Converting SMILES to graph: 484/500
5f3hL_antigen.pdb  4cdgD_antibody.pdb
Converting SMILES to graph: 485/500
5f3hL_antigen.pdb  6x8qHL_antibody.pdb
Converting SMILES to graph: 486/500
5f3hL_antigen.pdb  6x9rHL_antibody.pdb
Converting SMILES to graph: 487/500
5f3hL_antigen.pdb  7uslHL_antibody.pdb
Converting SMILES to graph: 488/500
5f3hL_antigen.pdb  3g5vBA_antibody.pdb
Converting SMILES to graph: 489/500
5f3hL_antigen.pdb  7rg9N_antibody.pdb
Converting SMILES to graph: 490/500
5f3jB_antigen.pdb  6o3aBA_antibody.pdb
Converting SMILES to graph: 491/500
5f3jB_antigen.pdb  5x2pJK_antibody.pdb
Converting SMILES to graph: 492/500
5f3jB_antigen.pdb  7n3dHL_antibody.pdb
Converting SMILES to graph: 493/500
5f3jB_antigen.pdb  6mugHL_antibody.pdb
Converting SMILES to graph: 494/500
5f3jB_antigen.pdb  6jszD_antibody.pdb
Converting SMILES to graph: 495/500
5f3jB_antigen.pdb  7u8cHL_antibody.pdb
Converting SMILES to graph: 496/500
5f45A_antigen.pdb  6cvkAa_antibody.pdb
Converting SMILES to graph: 497/500
5f45A_antigen.pdb  7vtjHL_antibody.pdb
Converting SMILES to graph: 498/500
5f45A_antigen.pdb  7w56Ee_antibody.pdb
Converting SMILES to graph: 499/500
5f45A_antigen.pdb  7um5Ee_antibody.pdb
Converting SMILES to graph: 500/500
5f45A_antigen.pdb  7vaeHL_antibody.pdb
Graph construction done. Saving to file.
