Converting SMILES to graph: 1/500
7sixAB_antigen.pdb  7kezHL_antibody.pdb
Converting SMILES to graph: 2/500
7sixAB_antigen.pdb  7bh8GH_antibody.pdb
Converting SMILES to graph: 3/500
7sixAB_antigen.pdb  7lo7HL_antibody.pdb
Converting SMILES to graph: 4/500
7sixAB_antigen.pdb  7v69Ss_antibody.pdb
Converting SMILES to graph: 5/500
7sixAB_antigen.pdb  7qnyHL_antibody.pdb
Converting SMILES to graph: 6/500
7sj0A_antigen.pdb  7ckxN_antibody.pdb
Converting SMILES to graph: 7/500
7sj0A_antigen.pdb  7vngHL_antibody.pdb
Converting SMILES to graph: 8/500
7sj0A_antigen.pdb  6ujbEF_antibody.pdb
Converting SMILES to graph: 9/500
7sj0A_antigen.pdb  7rxlHL_antibody.pdb
Converting SMILES to graph: 10/500
7sj0A_antigen.pdb  6x9rHL_antibody.pdb
Converting SMILES to graph: 11/500
7sj0A_antigen.pdb  6n48B_antibody.pdb
Converting SMILES to graph: 12/500
7sjnB_antigen.pdb  7tylN_antibody.pdb
Converting SMILES to graph: 13/500
7sjnB_antigen.pdb  1afvHL_antibody.pdb
Converting SMILES to graph: 14/500
7sjnB_antigen.pdb  5b8cBA_antibody.pdb
Converting SMILES to graph: 15/500
7sjnB_antigen.pdb  6yxgHh_antibody.pdb
Converting SMILES to graph: 16/500
7sjnB_antigen.pdb  7rlzDC_antibody.pdb
Converting SMILES to graph: 17/500
7sjnB_antigen.pdb  7x5hEe_antibody.pdb
Converting SMILES to graph: 18/500
7sjoC_antigen.pdb  3c2aHL_antibody.pdb
Converting SMILES to graph: 19/500
7sjoC_antigen.pdb  4tujAB_antibody.pdb
Converting SMILES to graph: 20/500
7sjoC_antigen.pdb  7l2fHL_antibody.pdb
Converting SMILES to graph: 21/500
7sjoC_antigen.pdb  5npjAa_antibody.pdb
Converting SMILES to graph: 22/500
7sjoC_antigen.pdb  4kk8EF_antibody.pdb
Converting SMILES to graph: 23/500
7sjoC_antigen.pdb  7v6aSs_antibody.pdb
Converting SMILES to graph: 24/500
7sjpE_antigen.pdb  8g3oEF_antibody.pdb
Converting SMILES to graph: 25/500
7sjpE_antigen.pdb  8gsfHL_antibody.pdb
Converting SMILES to graph: 26/500
7sjpE_antigen.pdb  2xtjDB_antibody.pdb
Converting SMILES to graph: 27/500
7sjpE_antigen.pdb  7x40HL_antibody.pdb
Converting SMILES to graph: 28/500
7sjpE_antigen.pdb  7dx4HL_antibody.pdb
Converting SMILES to graph: 29/500
7sjpE_antigen.pdb  6awoBC_antibody.pdb
Converting SMILES to graph: 30/500
7sjsC_antigen.pdb  6appA_antibody.pdb
Converting SMILES to graph: 31/500
7sjsC_antigen.pdb  8ia8Ss_antibody.pdb
Converting SMILES to graph: 32/500
7sjsC_antigen.pdb  7ps5HL_antibody.pdb
Converting SMILES to graph: 33/500
7sjsC_antigen.pdb  7tlyAB_antibody.pdb
Converting SMILES to graph: 34/500
7sjsC_antigen.pdb  5mv4IJ_antibody.pdb
Converting SMILES to graph: 35/500
7sjsC_antigen.pdb  7xrzHL_antibody.pdb
Converting SMILES to graph: 36/500
7sk3B_antigen.pdb  7saiC_antibody.pdb
Converting SMILES to graph: 37/500
7sk3B_antigen.pdb  7f6zHL_antibody.pdb
Converting SMILES to graph: 38/500
7sk3B_antigen.pdb  7xtqN_antibody.pdb
Converting SMILES to graph: 39/500
7sk3B_antigen.pdb  3j697_antibody.pdb
Converting SMILES to graph: 40/500
7sk3B_antigen.pdb  7nehHL_antibody.pdb
Converting SMILES to graph: 41/500
7sk3B_antigen.pdb  7upwDE_antibody.pdb
Converting SMILES to graph: 42/500
7sk4B_antigen.pdb  5h8oA_antibody.pdb
Converting SMILES to graph: 43/500
7sk4B_antigen.pdb  7spaB_antibody.pdb
Converting SMILES to graph: 44/500
7sk4B_antigen.pdb  8jhySs_antibody.pdb
Converting SMILES to graph: 45/500
7sk4B_antigen.pdb  7oaoF_antibody.pdb
Converting SMILES to graph: 46/500
7sk4B_antigen.pdb  1tzhBA_antibody.pdb
Converting SMILES to graph: 47/500
7sk4B_antigen.pdb  3l95BA_antibody.pdb
Converting SMILES to graph: 48/500
7sk5A_antigen.pdb  6nmrAB_antibody.pdb
Converting SMILES to graph: 49/500
7sk5A_antigen.pdb  8dtuA_antibody.pdb
Converting SMILES to graph: 50/500
7sk5A_antigen.pdb  7cakIH_antibody.pdb
Converting SMILES to graph: 51/500
7sk5A_antigen.pdb  7d3rHL_antibody.pdb
Converting SMILES to graph: 52/500
7sk5A_antigen.pdb  8b9vHL_antibody.pdb
Converting SMILES to graph: 53/500
7sk5A_antigen.pdb  7mxlJK_antibody.pdb
Converting SMILES to graph: 54/500
7sk6A_antigen.pdb  6o42HL_antibody.pdb
Converting SMILES to graph: 55/500
7sk6A_antigen.pdb  1rzkHL_antibody.pdb
Converting SMILES to graph: 56/500
7sk6A_antigen.pdb  5th9JN_antibody.pdb
Converting SMILES to graph: 57/500
7sk6A_antigen.pdb  6hgaHL_antibody.pdb
Converting SMILES to graph: 58/500
7sk6A_antigen.pdb  6n81HL_antibody.pdb
Converting SMILES to graph: 59/500
7sk7BA_antigen.pdb  6nfcCD_antibody.pdb
Converting SMILES to graph: 60/500
7sk7BA_antigen.pdb  7x2hAB_antibody.pdb
Converting SMILES to graph: 61/500
7sk7BA_antigen.pdb  8apyC_antibody.pdb
Converting SMILES to graph: 62/500
7sk7BA_antigen.pdb  8en5E_antibody.pdb
Converting SMILES to graph: 63/500
7sk7BA_antigen.pdb  7f6zHL_antibody.pdb
Converting SMILES to graph: 64/500
7sk7BA_antigen.pdb  6njlNM_antibody.pdb
Converting SMILES to graph: 65/500
7sk8B_antigen.pdb  8h8qHL_antibody.pdb
Converting SMILES to graph: 66/500
7sk8B_antigen.pdb  4r9yNM_antibody.pdb
Converting SMILES to graph: 67/500
7sk8B_antigen.pdb  6flaHL_antibody.pdb
Converting SMILES to graph: 68/500
7sk8B_antigen.pdb  2znxAa_antibody.pdb
Converting SMILES to graph: 69/500
7sk8B_antigen.pdb  1a14HL_antibody.pdb
Converting SMILES to graph: 70/500
7sk9A_antigen.pdb  6nyqHL_antibody.pdb
Converting SMILES to graph: 71/500
7sk9A_antigen.pdb  7e3oHL_antibody.pdb
Converting SMILES to graph: 72/500
7sk9A_antigen.pdb  7a4dA_antibody.pdb
Converting SMILES to graph: 73/500
7sk9A_antigen.pdb  2x89A_antibody.pdb
Converting SMILES to graph: 74/500
7sk9A_antigen.pdb  7xz5N_antibody.pdb
Converting SMILES to graph: 75/500
7sk9A_antigen.pdb  8g85HL_antibody.pdb
Converting SMILES to graph: 76/500
7skzA_antigen.pdb  7kmhAB_antibody.pdb
Converting SMILES to graph: 77/500
7skzA_antigen.pdb  2htlCD_antibody.pdb
Converting SMILES to graph: 78/500
7skzA_antigen.pdb  8fsjHL_antibody.pdb
Converting SMILES to graph: 79/500
7skzA_antigen.pdb  7a4tA_antibody.pdb
Converting SMILES to graph: 80/500
7skzA_antigen.pdb  3uypAa_antibody.pdb
Converting SMILES to graph: 81/500
7skzA_antigen.pdb  3s88HL_antibody.pdb
Converting SMILES to graph: 82/500
7sl5C_antigen.pdb  7w7eHh_antibody.pdb
Converting SMILES to graph: 83/500
7sl5C_antigen.pdb  7wp5HL_antibody.pdb
Converting SMILES to graph: 84/500
7sl5C_antigen.pdb  7k3bLK_antibody.pdb
Converting SMILES to graph: 85/500
7sl5C_antigen.pdb  7rmiN_antibody.pdb
Converting SMILES to graph: 86/500
7sl5C_antigen.pdb  8pq2HL_antibody.pdb
Converting SMILES to graph: 87/500
7sl5C_antigen.pdb  7mnnKM_antibody.pdb
Converting SMILES to graph: 88/500
7sl8A_antigen.pdb  5w1mDC_antibody.pdb
Converting SMILES to graph: 89/500
7sl8A_antigen.pdb  4p3cHL_antibody.pdb
Converting SMILES to graph: 90/500
7sl8A_antigen.pdb  8euwGH_antibody.pdb
Converting SMILES to graph: 91/500
7sl8A_antigen.pdb  1xgtBA_antibody.pdb
Converting SMILES to graph: 92/500
7sl8A_antigen.pdb  4wgvB_antibody.pdb
Converting SMILES to graph: 93/500
7sl8A_antigen.pdb  5hm1A_antibody.pdb
Converting SMILES to graph: 94/500
7sl9A_antigen.pdb  7xstLM_antibody.pdb
Converting SMILES to graph: 95/500
7sl9A_antigen.pdb  7l6vD_antibody.pdb
Converting SMILES to graph: 96/500
7sl9A_antigen.pdb  7p6kG_antibody.pdb
Converting SMILES to graph: 97/500
7sl9A_antigen.pdb  6x19N_antibody.pdb
Converting SMILES to graph: 98/500
7sl9A_antigen.pdb  5jqhD_antibody.pdb
Converting SMILES to graph: 99/500
7sl9A_antigen.pdb  7xldB_antibody.pdb
Converting SMILES to graph: 100/500
7slaA_antigen.pdb  3j5mHG_antibody.pdb
Converting SMILES to graph: 101/500
7slaA_antigen.pdb  6vn0IK_antibody.pdb
Converting SMILES to graph: 102/500
7slaA_antigen.pdb  5w2bHL_antibody.pdb
Converting SMILES to graph: 103/500
7slaA_antigen.pdb  8errHL_antibody.pdb
Converting SMILES to graph: 104/500
7slaA_antigen.pdb  7vihEe_antibody.pdb
Converting SMILES to graph: 105/500
7slaA_antigen.pdb  7m71HL_antibody.pdb
Converting SMILES to graph: 106/500
7sn2A_antigen.pdb  7ym8D_antibody.pdb
Converting SMILES to graph: 107/500
7sn2A_antigen.pdb  7a5rIM_antibody.pdb
Converting SMILES to graph: 108/500
7sn2A_antigen.pdb  7m2iAB_antibody.pdb
Converting SMILES to graph: 109/500
7sn2A_antigen.pdb  7rp3HI_antibody.pdb
Converting SMILES to graph: 110/500
7sn2A_antigen.pdb  7wocAB_antibody.pdb
Converting SMILES to graph: 111/500
7sn2A_antigen.pdb  7kxjHL_antibody.pdb
Converting SMILES to graph: 112/500
7sn3B_antigen.pdb  1hinHL_antibody.pdb
Converting SMILES to graph: 113/500
7sn3B_antigen.pdb  6x8uHL_antibody.pdb
Converting SMILES to graph: 114/500
7sn3B_antigen.pdb  6p9xN_antibody.pdb
Converting SMILES to graph: 115/500
7sn3B_antigen.pdb  1xgqBA_antibody.pdb
Converting SMILES to graph: 116/500
7sn3B_antigen.pdb  2hfeAB_antibody.pdb
Converting SMILES to graph: 117/500
7sn3B_antigen.pdb  6weqGH_antibody.pdb
Converting SMILES to graph: 118/500
7so5A_antigen.pdb  6zlrHL_antibody.pdb
Converting SMILES to graph: 119/500
7so5A_antigen.pdb  7x2tHL_antibody.pdb
Converting SMILES to graph: 120/500
7so5A_antigen.pdb  7vdmSs_antibody.pdb
Converting SMILES to graph: 121/500
7so5A_antigen.pdb  7u8lHL_antibody.pdb
Converting SMILES to graph: 122/500
7so5A_antigen.pdb  7s8hHL_antibody.pdb
Converting SMILES to graph: 123/500
7so5A_antigen.pdb  6e4xZY_antibody.pdb
Converting SMILES to graph: 124/500
7so7A_antigen.pdb  7byrHL_antibody.pdb
Converting SMILES to graph: 125/500
7so7A_antigen.pdb  3drqBA_antibody.pdb
Converting SMILES to graph: 126/500
7so7A_antigen.pdb  7m7bHL_antibody.pdb
Converting SMILES to graph: 127/500
7so7A_antigen.pdb  7xodXY_antibody.pdb
Converting SMILES to graph: 128/500
7so7A_antigen.pdb  4om0HL_antibody.pdb
Converting SMILES to graph: 129/500
7so7A_antigen.pdb  3droBA_antibody.pdb
Converting SMILES to graph: 130/500
7so9A_antigen.pdb  6iecJK_antibody.pdb
Converting SMILES to graph: 131/500
7so9A_antigen.pdb  1ic4HL_antibody.pdb
Converting SMILES to graph: 132/500
7so9A_antigen.pdb  8jr9N_antibody.pdb
Converting SMILES to graph: 133/500
7so9A_antigen.pdb  6fn4CB_antibody.pdb
Converting SMILES to graph: 134/500
7so9A_antigen.pdb  7wxuN_antibody.pdb
Converting SMILES to graph: 135/500
7so9A_antigen.pdb  3ejyCD_antibody.pdb
Converting SMILES to graph: 136/500
7soaA_antigen.pdb  7mmoAB_antibody.pdb
Converting SMILES to graph: 137/500
7soaA_antigen.pdb  2y06HL_antibody.pdb
Converting SMILES to graph: 138/500
7soaA_antigen.pdb  6vjaHL_antibody.pdb
Converting SMILES to graph: 139/500
7soaA_antigen.pdb  4jm2DC_antibody.pdb
Converting SMILES to graph: 140/500
7soaA_antigen.pdb  6tylH_antibody.pdb
Converting SMILES to graph: 141/500
7soaA_antigen.pdb  7m6fCD_antibody.pdb
Converting SMILES to graph: 142/500
7sobA_antigen.pdb  4j8rBA_antibody.pdb
Converting SMILES to graph: 143/500
7sobA_antigen.pdb  5bjzDH_antibody.pdb
Converting SMILES to graph: 144/500
7sobA_antigen.pdb  8e9zEe_antibody.pdb
Converting SMILES to graph: 145/500
7sobA_antigen.pdb  4mxwHL_antibody.pdb
Converting SMILES to graph: 146/500
7sobA_antigen.pdb  7ndaHL_antibody.pdb
Converting SMILES to graph: 147/500
7sobA_antigen.pdb  7rdaHL_antibody.pdb
Converting SMILES to graph: 148/500
7socA_antigen.pdb  5lspHL_antibody.pdb
Converting SMILES to graph: 149/500
7socA_antigen.pdb  1g7lBA_antibody.pdb
Converting SMILES to graph: 150/500
7socA_antigen.pdb  7dpmAB_antibody.pdb
Converting SMILES to graph: 151/500
7socA_antigen.pdb  7m8lNQ_antibody.pdb
Converting SMILES to graph: 152/500
7socA_antigen.pdb  8thkFf_antibody.pdb
Converting SMILES to graph: 153/500
7socA_antigen.pdb  3jabHL_antibody.pdb
Converting SMILES to graph: 154/500
7sodA_antigen.pdb  6qgyB_antibody.pdb
Converting SMILES to graph: 155/500
7sodA_antigen.pdb  5fv2A_antibody.pdb
Converting SMILES to graph: 156/500
7sodA_antigen.pdb  7cgwAB_antibody.pdb
Converting SMILES to graph: 157/500
7sodA_antigen.pdb  6qb3Xx_antibody.pdb
Converting SMILES to graph: 158/500
7sodA_antigen.pdb  5hysAB_antibody.pdb
Converting SMILES to graph: 159/500
7soeA_antigen.pdb  7wpdXY_antibody.pdb
Converting SMILES to graph: 160/500
7soeA_antigen.pdb  7ul2D_antibody.pdb
Converting SMILES to graph: 161/500
7soeA_antigen.pdb  7f5gB_antibody.pdb
Converting SMILES to graph: 162/500
7soeA_antigen.pdb  7u9wHh_antibody.pdb
Converting SMILES to graph: 163/500
7soeA_antigen.pdb  7zmmG_antibody.pdb
Converting SMILES to graph: 164/500
7soeA_antigen.pdb  4tulHL_antibody.pdb
Converting SMILES to graph: 165/500
7sofA_antigen.pdb  4w2oA_antibody.pdb
Converting SMILES to graph: 166/500
7sofA_antigen.pdb  8dtnA_antibody.pdb
Converting SMILES to graph: 167/500
7sofA_antigen.pdb  1u95BA_antibody.pdb
Converting SMILES to graph: 168/500
7sofA_antigen.pdb  3so3CB_antibody.pdb
Converting SMILES to graph: 169/500
7sofA_antigen.pdb  7wrzHL_antibody.pdb
Converting SMILES to graph: 170/500
7sp6A_antigen.pdb  1hezDC_antibody.pdb
Converting SMILES to graph: 171/500
7sp6A_antigen.pdb  8esvHL_antibody.pdb
Converting SMILES to graph: 172/500
7sp6A_antigen.pdb  8iulEe_antibody.pdb
Converting SMILES to graph: 173/500
7sp6A_antigen.pdb  6k5fCD_antibody.pdb
Converting SMILES to graph: 174/500
7sp6A_antigen.pdb  8f9uAB_antibody.pdb
Converting SMILES to graph: 175/500
7sp6A_antigen.pdb  7yk6Ss_antibody.pdb
Converting SMILES to graph: 176/500
7sp7A_antigen.pdb  6oz9HL_antibody.pdb
Converting SMILES to graph: 177/500
7sp7A_antigen.pdb  5ukbe_antibody.pdb
Converting SMILES to graph: 178/500
7sp7A_antigen.pdb  7xp4N_antibody.pdb
Converting SMILES to graph: 179/500
7sp7A_antigen.pdb  7n4mHL_antibody.pdb
Converting SMILES to graph: 180/500
7sp7A_antigen.pdb  5cjqHL_antibody.pdb
Converting SMILES to graph: 181/500
7sp7A_antigen.pdb  7qn7G_antibody.pdb
Converting SMILES to graph: 182/500
7sp8A_antigen.pdb  7ye9HL_antibody.pdb
Converting SMILES to graph: 183/500
7sp8A_antigen.pdb  5ku07_antibody.pdb
Converting SMILES to graph: 184/500
7sp8A_antigen.pdb  4oluHL_antibody.pdb
Converting SMILES to graph: 185/500
7sp8A_antigen.pdb  6weqGH_antibody.pdb
Converting SMILES to graph: 186/500
7sp8A_antigen.pdb  4janAB_antibody.pdb
Converting SMILES to graph: 187/500
7sp8A_antigen.pdb  5g64IM_antibody.pdb
Converting SMILES to graph: 188/500
7sp9A_antigen.pdb  6zbpF_antibody.pdb
Converting SMILES to graph: 189/500
7sp9A_antigen.pdb  8gngHL_antibody.pdb
Converting SMILES to graph: 190/500
7sp9A_antigen.pdb  7uz6HL_antibody.pdb
Converting SMILES to graph: 191/500
7sp9A_antigen.pdb  5dwuHL_antibody.pdb
Converting SMILES to graph: 192/500
7sp9A_antigen.pdb  8ffeHL_antibody.pdb
Converting SMILES to graph: 193/500
7sp9A_antigen.pdb  6svlOP_antibody.pdb
Converting SMILES to graph: 194/500
7spaA_antigen.pdb  5j13CB_antibody.pdb
Converting SMILES to graph: 195/500
7spaA_antigen.pdb  7cahED_antibody.pdb
Converting SMILES to graph: 196/500
7spaA_antigen.pdb  4idjHL_antibody.pdb
Converting SMILES to graph: 197/500
7spaA_antigen.pdb  7v2aED_antibody.pdb
Converting SMILES to graph: 198/500
7spaA_antigen.pdb  8be5C_antibody.pdb
Converting SMILES to graph: 199/500
7spaA_antigen.pdb  8evhMm_antibody.pdb
Converting SMILES to graph: 200/500
7sq1E_antigen.pdb  3ztnHL_antibody.pdb
Converting SMILES to graph: 201/500
7sq1E_antigen.pdb  8hcqEe_antibody.pdb
Converting SMILES to graph: 202/500
7sq1E_antigen.pdb  7u9wHh_antibody.pdb
Converting SMILES to graph: 203/500
7sq1E_antigen.pdb  5aawKk_antibody.pdb
Converting SMILES to graph: 204/500
7sq1E_antigen.pdb  7k61Mm_antibody.pdb
Converting SMILES to graph: 205/500
7sq1E_antigen.pdb  7wh8BA_antibody.pdb
Converting SMILES to graph: 206/500
7sqoABG_antigen.pdb  4cniHL_antibody.pdb
Converting SMILES to graph: 207/500
7sqoABG_antigen.pdb  7vndD_antibody.pdb
Converting SMILES to graph: 208/500
7sqoABG_antigen.pdb  4tulHL_antibody.pdb
Converting SMILES to graph: 209/500
7sqoABG_antigen.pdb  7k9zHL_antibody.pdb
Converting SMILES to graph: 210/500
7sqoABG_antigen.pdb  7mdjAB_antibody.pdb
Converting SMILES to graph: 211/500
7sqoABG_antigen.pdb  7mjiE_antibody.pdb
Converting SMILES to graph: 212/500
7sqpA_antigen.pdb  6uktF_antibody.pdb
Converting SMILES to graph: 213/500
7sqpA_antigen.pdb  3cfiL_antibody.pdb
Converting SMILES to graph: 214/500
7sqpA_antigen.pdb  5vodHL_antibody.pdb
Converting SMILES to graph: 215/500
7sqpA_antigen.pdb  8hcxEe_antibody.pdb
Converting SMILES to graph: 216/500
7sqpA_antigen.pdb  4rdqGF_antibody.pdb
Converting SMILES to graph: 217/500
7sqpA_antigen.pdb  7mkmHL_antibody.pdb
Converting SMILES to graph: 218/500
7sqwC_antigen.pdb  7rdwGI_antibody.pdb
Converting SMILES to graph: 219/500
7sqwC_antigen.pdb  7wckAB_antibody.pdb
Converting SMILES to graph: 220/500
7sqwC_antigen.pdb  1fj1BA_antibody.pdb
Converting SMILES to graph: 221/500
7sqwC_antigen.pdb  1wejHL_antibody.pdb
Converting SMILES to graph: 222/500
7sqwC_antigen.pdb  8ibuEe_antibody.pdb
Converting SMILES to graph: 223/500
7sqwC_antigen.pdb  7xouN_antibody.pdb
Converting SMILES to graph: 224/500
7sr0A_antigen.pdb  6mekFE_antibody.pdb
Converting SMILES to graph: 225/500
7sr0A_antigen.pdb  7t4rPQ_antibody.pdb
Converting SMILES to graph: 226/500
7sr0A_antigen.pdb  7d5zPO_antibody.pdb
Converting SMILES to graph: 227/500
7sr0A_antigen.pdb  5sv3C_antibody.pdb
Converting SMILES to graph: 228/500
7sr0A_antigen.pdb  7bepDF_antibody.pdb
Converting SMILES to graph: 229/500
7sr0A_antigen.pdb  7y3jHL_antibody.pdb
Converting SMILES to graph: 230/500
7sr3A_antigen.pdb  7sscHL_antibody.pdb
Converting SMILES to graph: 231/500
7sr3A_antigen.pdb  6xpxBC_antibody.pdb
Converting SMILES to graph: 232/500
7sr3A_antigen.pdb  7x10Ee_antibody.pdb
Converting SMILES to graph: 233/500
7sr3A_antigen.pdb  2dqhHL_antibody.pdb
Converting SMILES to graph: 234/500
7sr3A_antigen.pdb  7x92HL_antibody.pdb
Converting SMILES to graph: 235/500
7sr3A_antigen.pdb  1tzhBA_antibody.pdb
Converting SMILES to graph: 236/500
7sr4A_antigen.pdb  8f7qEe_antibody.pdb
Converting SMILES to graph: 237/500
7sr4A_antigen.pdb  8fa9HL_antibody.pdb
Converting SMILES to graph: 238/500
7sr4A_antigen.pdb  5cbaAB_antibody.pdb
Converting SMILES to graph: 239/500
7sr4A_antigen.pdb  6rcuED_antibody.pdb
Converting SMILES to graph: 240/500
7sr4A_antigen.pdb  7kfbIL_antibody.pdb
Converting SMILES to graph: 241/500
7sr4A_antigen.pdb  4iosE_antibody.pdb
Converting SMILES to graph: 242/500
7sr5A_antigen.pdb  7tctEF_antibody.pdb
Converting SMILES to graph: 243/500
7sr5A_antigen.pdb  7towHL_antibody.pdb
Converting SMILES to graph: 244/500
7sr5A_antigen.pdb  8bboHL_antibody.pdb
Converting SMILES to graph: 245/500
7sr5A_antigen.pdb  7rkvDH_antibody.pdb
Converting SMILES to graph: 246/500
7sr5A_antigen.pdb  7tjqAB_antibody.pdb
Converting SMILES to graph: 247/500
7sr5A_antigen.pdb  6qgyB_antibody.pdb
Converting SMILES to graph: 248/500
7sr8AB_antigen.pdb  6wf1HL_antibody.pdb
Converting SMILES to graph: 249/500
7sr8AB_antigen.pdb  2b2xHL_antibody.pdb
Converting SMILES to graph: 250/500
7sr8AB_antigen.pdb  7c94BA_antibody.pdb
Converting SMILES to graph: 251/500
7sr8AB_antigen.pdb  7jhhHL_antibody.pdb
Converting SMILES to graph: 252/500
7sr8AB_antigen.pdb  2ny7HL_antibody.pdb
Converting SMILES to graph: 253/500
7sr8AB_antigen.pdb  5cjxAC_antibody.pdb
Converting SMILES to graph: 254/500
7srkA_antigen.pdb  5cszHL_antibody.pdb
Converting SMILES to graph: 255/500
7srkA_antigen.pdb  8gnhHL_antibody.pdb
Converting SMILES to graph: 256/500
7srkA_antigen.pdb  7mlyHI_antibody.pdb
Converting SMILES to graph: 257/500
7srkA_antigen.pdb  7v6nED_antibody.pdb
Converting SMILES to graph: 258/500
7srkA_antigen.pdb  7x8yHL_antibody.pdb
Converting SMILES to graph: 259/500
7srkA_antigen.pdb  1r3iHL_antibody.pdb
Converting SMILES to graph: 260/500
7srrBC_antigen.pdb  5jmoC_antibody.pdb
Converting SMILES to graph: 261/500
7srrBC_antigen.pdb  4hemF_antibody.pdb
Converting SMILES to graph: 262/500
7srrBC_antigen.pdb  3ifpEF_antibody.pdb
Converting SMILES to graph: 263/500
7srrBC_antigen.pdb  6vcbN_antibody.pdb
Converting SMILES to graph: 264/500
7srrBC_antigen.pdb  8oxwBC_antibody.pdb
Converting SMILES to graph: 265/500
7srrBC_antigen.pdb  7ndfC_antibody.pdb
Converting SMILES to graph: 266/500
7srsR_antigen.pdb  8skjA_antibody.pdb
Converting SMILES to graph: 267/500
7srsR_antigen.pdb  7kf1DE_antibody.pdb
Converting SMILES to graph: 268/500
7srsR_antigen.pdb  7rnnC_antibody.pdb
Converting SMILES to graph: 269/500
7srsR_antigen.pdb  7ew0Ee_antibody.pdb
Converting SMILES to graph: 270/500
7srsR_antigen.pdb  4nrxHL_antibody.pdb
Converting SMILES to graph: 271/500
7srsR_antigen.pdb  6zfoBC_antibody.pdb
Converting SMILES to graph: 272/500
7sscP_antigen.pdb  4xh2AB_antibody.pdb
Converting SMILES to graph: 273/500
7sscP_antigen.pdb  6x08K_antibody.pdb
Converting SMILES to graph: 274/500
7sscP_antigen.pdb  5a7xHG_antibody.pdb
Converting SMILES to graph: 275/500
7sscP_antigen.pdb  6ul4B_antibody.pdb
Converting SMILES to graph: 276/500
7sscP_antigen.pdb  6o9iDE_antibody.pdb
Converting SMILES to graph: 277/500
7sscP_antigen.pdb  6p7hAB_antibody.pdb
Converting SMILES to graph: 278/500
7sshA_antigen.pdb  7dgeC_antibody.pdb
Converting SMILES to graph: 279/500
7sshA_antigen.pdb  7akdHL_antibody.pdb
Converting SMILES to graph: 280/500
7sshA_antigen.pdb  4kxzQP_antibody.pdb
Converting SMILES to graph: 281/500
7sshA_antigen.pdb  1v7mIM_antibody.pdb
Converting SMILES to graph: 282/500
7sshA_antigen.pdb  6raiC_antibody.pdb
Converting SMILES to graph: 283/500
7sshA_antigen.pdb  6oq8D_antibody.pdb
Converting SMILES to graph: 284/500
7ssvBACD_antigen.pdb  7xsaBC_antibody.pdb
Converting SMILES to graph: 285/500
7ssvBACD_antigen.pdb  3etbIi_antibody.pdb
Converting SMILES to graph: 286/500
7ssvBACD_antigen.pdb  4lspHL_antibody.pdb
Converting SMILES to graph: 287/500
7ssvBACD_antigen.pdb  6ck9HL_antibody.pdb
Converting SMILES to graph: 288/500
7ssvBACD_antigen.pdb  8si9JI_antibody.pdb
Converting SMILES to graph: 289/500
7sszA_antigen.pdb  1cfsBA_antibody.pdb
Converting SMILES to graph: 290/500
7sszA_antigen.pdb  7rahBA_antibody.pdb
Converting SMILES to graph: 291/500
7sszA_antigen.pdb  5wobUV_antibody.pdb
Converting SMILES to graph: 292/500
7sszA_antigen.pdb  7yowHL_antibody.pdb
Converting SMILES to graph: 293/500
7sszA_antigen.pdb  8ef5Ee_antibody.pdb
Converting SMILES to graph: 294/500
7sszA_antigen.pdb  7y1fEe_antibody.pdb
Converting SMILES to graph: 295/500
7st3A_antigen.pdb  6whcN_antibody.pdb
Converting SMILES to graph: 296/500
7st3A_antigen.pdb  7zfcAB_antibody.pdb
Converting SMILES to graph: 297/500
7st3A_antigen.pdb  5yy4Aa_antibody.pdb
Converting SMILES to graph: 298/500
7st3A_antigen.pdb  4s1qHL_antibody.pdb
Converting SMILES to graph: 299/500
7st3A_antigen.pdb  8hnnN_antibody.pdb
Converting SMILES to graph: 300/500
7st3A_antigen.pdb  7xsbHL_antibody.pdb
Converting SMILES to graph: 301/500
7st5A_antigen.pdb  1p4bHL_antibody.pdb
Converting SMILES to graph: 302/500
7st5A_antigen.pdb  7vieEe_antibody.pdb
Converting SMILES to graph: 303/500
7st5A_antigen.pdb  8id8Ss_antibody.pdb
Converting SMILES to graph: 304/500
7st5A_antigen.pdb  3vi4HL_antibody.pdb
Converting SMILES to graph: 305/500
7st5A_antigen.pdb  5uz7N_antibody.pdb
Converting SMILES to graph: 306/500
7st5A_antigen.pdb  8fx5Hh_antibody.pdb
Converting SMILES to graph: 307/500
7st8S_antigen.pdb  2htlCD_antibody.pdb
Converting SMILES to graph: 308/500
7st8S_antigen.pdb  7xoxEe_antibody.pdb
Converting SMILES to graph: 309/500
7st8S_antigen.pdb  5t5bAB_antibody.pdb
Converting SMILES to graph: 310/500
7st8S_antigen.pdb  7xw7AB_antibody.pdb
Converting SMILES to graph: 311/500
7st8S_antigen.pdb  7nftC_antibody.pdb
Converting SMILES to graph: 312/500
7st8S_antigen.pdb  4kkbEF_antibody.pdb
Converting SMILES to graph: 313/500
7stfAC_antigen.pdb  7tylN_antibody.pdb
Converting SMILES to graph: 314/500
7stfAC_antigen.pdb  7scgEe_antibody.pdb
Converting SMILES to graph: 315/500
7stfAC_antigen.pdb  7qicB_antibody.pdb
Converting SMILES to graph: 316/500
7stfAC_antigen.pdb  4hs8HL_antibody.pdb
Converting SMILES to graph: 317/500
7stfAC_antigen.pdb  7wu9Ss_antibody.pdb
Converting SMILES to graph: 318/500
7stfAC_antigen.pdb  3iywHL_antibody.pdb
Converting SMILES to graph: 319/500
7stgA_antigen.pdb  6ws6CD_antibody.pdb
Converting SMILES to graph: 320/500
7stgA_antigen.pdb  7kmgAB_antibody.pdb
Converting SMILES to graph: 321/500
7stgA_antigen.pdb  1fj1BA_antibody.pdb
Converting SMILES to graph: 322/500
7stgA_antigen.pdb  8thkFf_antibody.pdb
Converting SMILES to graph: 323/500
7stgA_antigen.pdb  4c58B_antibody.pdb
Converting SMILES to graph: 324/500
7stgA_antigen.pdb  8fxbHL_antibody.pdb
Converting SMILES to graph: 325/500
7strC_antigen.pdb  7m6fCD_antibody.pdb
Converting SMILES to graph: 326/500
7strC_antigen.pdb  6njlNM_antibody.pdb
Converting SMILES to graph: 327/500
7strC_antigen.pdb  8t07CD_antibody.pdb
Converting SMILES to graph: 328/500
7strC_antigen.pdb  7yvjCA_antibody.pdb
Converting SMILES to graph: 329/500
7strC_antigen.pdb  6q18HL_antibody.pdb
Converting SMILES to graph: 330/500
7strC_antigen.pdb  4olzHL_antibody.pdb
Converting SMILES to graph: 331/500
7stsD_antigen.pdb  6o2bOP_antibody.pdb
Converting SMILES to graph: 332/500
7stsD_antigen.pdb  3sobHL_antibody.pdb
Converting SMILES to graph: 333/500
7stsD_antigen.pdb  4k3jHL_antibody.pdb
Converting SMILES to graph: 334/500
7stsD_antigen.pdb  6f5gB_antibody.pdb
Converting SMILES to graph: 335/500
7stsD_antigen.pdb  8jd6Dd_antibody.pdb
Converting SMILES to graph: 336/500
7stsD_antigen.pdb  2p8pBA_antibody.pdb
Converting SMILES to graph: 337/500
7stzC_antigen.pdb  7v5jED_antibody.pdb
Converting SMILES to graph: 338/500
7stzC_antigen.pdb  8b1aB_antibody.pdb
Converting SMILES to graph: 339/500
7stzC_antigen.pdb  6qv1E_antibody.pdb
Converting SMILES to graph: 340/500
7stzC_antigen.pdb  8ee0HL_antibody.pdb
Converting SMILES to graph: 341/500
7stzC_antigen.pdb  5jylDd_antibody.pdb
Converting SMILES to graph: 342/500
7stzC_antigen.pdb  8gsbHK_antibody.pdb
Converting SMILES to graph: 343/500
7su0D_antigen.pdb  7mnmKM_antibody.pdb
Converting SMILES to graph: 344/500
7su0D_antigen.pdb  4h0hBb_antibody.pdb
Converting SMILES to graph: 345/500
7su0D_antigen.pdb  7trkHh_antibody.pdb
Converting SMILES to graph: 346/500
7su0D_antigen.pdb  7sn3FG_antibody.pdb
Converting SMILES to graph: 347/500
7su0D_antigen.pdb  1fe8HL_antibody.pdb
Converting SMILES to graph: 348/500
7su1C_antigen.pdb  4zsoDC_antibody.pdb
Converting SMILES to graph: 349/500
7su1C_antigen.pdb  7bh8GH_antibody.pdb
Converting SMILES to graph: 350/500
7su1C_antigen.pdb  8g5fJK_antibody.pdb
Converting SMILES to graph: 351/500
7su1C_antigen.pdb  8ghvSs_antibody.pdb
Converting SMILES to graph: 352/500
7su1C_antigen.pdb  7rqqHL_antibody.pdb
Converting SMILES to graph: 353/500
7su1C_antigen.pdb  8i3uHL_antibody.pdb
Converting SMILES to graph: 354/500
7sueC_antigen.pdb  7detDd_antibody.pdb
Converting SMILES to graph: 355/500
7sueC_antigen.pdb  4z9kB_antibody.pdb
Converting SMILES to graph: 356/500
7sueC_antigen.pdb  6ocaD_antibody.pdb
Converting SMILES to graph: 357/500
7sueC_antigen.pdb  8e1pFI_antibody.pdb
Converting SMILES to graph: 358/500
7sueC_antigen.pdb  5hd8CD_antibody.pdb
Converting SMILES to graph: 359/500
7sueC_antigen.pdb  7ls9HL_antibody.pdb
Converting SMILES to graph: 360/500
7swdAC_antigen.pdb  8t06CD_antibody.pdb
Converting SMILES to graph: 361/500
7swdAC_antigen.pdb  8q6jBA_antibody.pdb
Converting SMILES to graph: 362/500
7swdAC_antigen.pdb  6s3dCD_antibody.pdb
Converting SMILES to graph: 363/500
7swdAC_antigen.pdb  8i0qHL_antibody.pdb
Converting SMILES to graph: 364/500
7swdAC_antigen.pdb  7jvrEe_antibody.pdb
Converting SMILES to graph: 365/500
7swdAC_antigen.pdb  4u3xA_antibody.pdb
Converting SMILES to graph: 366/500
7swnA_antigen.pdb  7cahED_antibody.pdb
Converting SMILES to graph: 367/500
7swnA_antigen.pdb  8en1C_antibody.pdb
Converting SMILES to graph: 368/500
7swnA_antigen.pdb  6pzzKJ_antibody.pdb
Converting SMILES to graph: 369/500
7swnA_antigen.pdb  7xsbHL_antibody.pdb
Converting SMILES to graph: 370/500
7swnA_antigen.pdb  6ayzBD_antibody.pdb
Converting SMILES to graph: 371/500
7swnA_antigen.pdb  8j1nB_antibody.pdb
Converting SMILES to graph: 372/500
7swoA_antigen.pdb  1g7iBA_antibody.pdb
Converting SMILES to graph: 373/500
7swoA_antigen.pdb  4y7mB_antibody.pdb
Converting SMILES to graph: 374/500
7swoA_antigen.pdb  4m48HL_antibody.pdb
Converting SMILES to graph: 375/500
7swoA_antigen.pdb  6pzfHL_antibody.pdb
Converting SMILES to graph: 376/500
7swoA_antigen.pdb  7sk9FE_antibody.pdb
Converting SMILES to graph: 377/500
7swoA_antigen.pdb  7uxlFE_antibody.pdb
Converting SMILES to graph: 378/500
7swpA_antigen.pdb  4pd4JK_antibody.pdb
Converting SMILES to graph: 379/500
7swpA_antigen.pdb  7jhgHL_antibody.pdb
Converting SMILES to graph: 380/500
7swpA_antigen.pdb  8hqmHh_antibody.pdb
Converting SMILES to graph: 381/500
7swpA_antigen.pdb  5uk1Ii_antibody.pdb
Converting SMILES to graph: 382/500
7swpA_antigen.pdb  7qu1AB_antibody.pdb
Converting SMILES to graph: 383/500
7swpA_antigen.pdb  8ghpHL_antibody.pdb
Converting SMILES to graph: 384/500
7swwA_antigen.pdb  8g59Ss_antibody.pdb
Converting SMILES to graph: 385/500
7swwA_antigen.pdb  8dwyHL_antibody.pdb
Converting SMILES to graph: 386/500
7swwA_antigen.pdb  8fegFf_antibody.pdb
Converting SMILES to graph: 387/500
7swwA_antigen.pdb  5lhrB_antibody.pdb
Converting SMILES to graph: 388/500
7swwA_antigen.pdb  7yueAa_antibody.pdb
Converting SMILES to graph: 389/500
7swwA_antigen.pdb  7xegCD_antibody.pdb
Converting SMILES to graph: 390/500
7swxA_antigen.pdb  7mzhBC_antibody.pdb
Converting SMILES to graph: 391/500
7swxA_antigen.pdb  7wvmAB_antibody.pdb
Converting SMILES to graph: 392/500
7swxA_antigen.pdb  7d4bB_antibody.pdb
Converting SMILES to graph: 393/500
7swxA_antigen.pdb  6nfcCD_antibody.pdb
Converting SMILES to graph: 394/500
7swxA_antigen.pdb  7qtiGH_antibody.pdb
Converting SMILES to graph: 395/500
7swxA_antigen.pdb  6al1HL_antibody.pdb
Converting SMILES to graph: 396/500
7sx6G_antigen.pdb  7kcrHL_antibody.pdb
Converting SMILES to graph: 397/500
7sx6G_antigen.pdb  6adaCD_antibody.pdb
Converting SMILES to graph: 398/500
7sx6G_antigen.pdb  3eysHL_antibody.pdb
Converting SMILES to graph: 399/500
7sx6G_antigen.pdb  7wwmIM_antibody.pdb
Converting SMILES to graph: 400/500
7sx6G_antigen.pdb  8e1mHL_antibody.pdb
Converting SMILES to graph: 401/500
7sx7G_antigen.pdb  6jb2A_antibody.pdb
Converting SMILES to graph: 402/500
7sx7G_antigen.pdb  7lr3AB_antibody.pdb
Converting SMILES to graph: 403/500
7sx7G_antigen.pdb  7ws7GF_antibody.pdb
Converting SMILES to graph: 404/500
7sx7G_antigen.pdb  4z7qHL_antibody.pdb
Converting SMILES to graph: 405/500
7sx7G_antigen.pdb  5mp1FG_antibody.pdb
Converting SMILES to graph: 406/500
7sx7G_antigen.pdb  6niyN_antibody.pdb
Converting SMILES to graph: 407/500
7syyA_antigen.pdb  4jlrHL_antibody.pdb
Converting SMILES to graph: 408/500
7syyA_antigen.pdb  1uacHL_antibody.pdb
Converting SMILES to graph: 409/500
7syyA_antigen.pdb  2a0lFE_antibody.pdb
Converting SMILES to graph: 410/500
7syyA_antigen.pdb  5ommC_antibody.pdb
Converting SMILES to graph: 411/500
7syyA_antigen.pdb  7xy3D_antibody.pdb
Converting SMILES to graph: 412/500
7syyA_antigen.pdb  8hcaDE_antibody.pdb
Converting SMILES to graph: 413/500
7syzA_antigen.pdb  3k3qA_antibody.pdb
Converting SMILES to graph: 414/500
7syzA_antigen.pdb  6ieqDE_antibody.pdb
Converting SMILES to graph: 415/500
7syzA_antigen.pdb  5myoBA_antibody.pdb
Converting SMILES to graph: 416/500
7syzA_antigen.pdb  8a95RO_antibody.pdb
Converting SMILES to graph: 417/500
7syzA_antigen.pdb  7lm9HL_antibody.pdb
Converting SMILES to graph: 418/500
7syzA_antigen.pdb  7zfaMN_antibody.pdb
Converting SMILES to graph: 419/500
7t01A_antigen.pdb  7x2wHL_antibody.pdb
Converting SMILES to graph: 420/500
7t01A_antigen.pdb  7whdDE_antibody.pdb
Converting SMILES to graph: 421/500
7t01A_antigen.pdb  8f0hBD_antibody.pdb
Converting SMILES to graph: 422/500
7t01A_antigen.pdb  7t72HL_antibody.pdb
Converting SMILES to graph: 423/500
7t01A_antigen.pdb  5a2kHh_antibody.pdb
Converting SMILES to graph: 424/500
7t01A_antigen.pdb  5jz7HL_antibody.pdb
Converting SMILES to graph: 425/500
7t0lED_antigen.pdb  7rugL_antibody.pdb
Converting SMILES to graph: 426/500
7t0lED_antigen.pdb  7o30BA_antibody.pdb
Converting SMILES to graph: 427/500
7t0lED_antigen.pdb  8cwiHL_antibody.pdb
Converting SMILES to graph: 428/500
7t0lED_antigen.pdb  2r0kHL_antibody.pdb
Converting SMILES to graph: 429/500
7t0lED_antigen.pdb  5utfDE_antibody.pdb
Converting SMILES to graph: 430/500
7t0lED_antigen.pdb  6w0iAB_antibody.pdb
Converting SMILES to graph: 431/500
7t0rA_antigen.pdb  5f93H_antibody.pdb
Converting SMILES to graph: 432/500
7t0rA_antigen.pdb  8j19Ss_antibody.pdb
Converting SMILES to graph: 433/500
7t0rA_antigen.pdb  5mzvD_antibody.pdb
Converting SMILES to graph: 434/500
7t0rA_antigen.pdb  7u9gGD_antibody.pdb
Converting SMILES to graph: 435/500
7t0rA_antigen.pdb  7ejkHh_antibody.pdb
Converting SMILES to graph: 436/500
7t0rA_antigen.pdb  8dlxH_antibody.pdb
Converting SMILES to graph: 437/500
7t0wDC_antigen.pdb  8eyhD_antibody.pdb
Converting SMILES to graph: 438/500
7t0wDC_antigen.pdb  8gy5AB_antibody.pdb
Converting SMILES to graph: 439/500
7t0wDC_antigen.pdb  5o04C_antibody.pdb
Converting SMILES to graph: 440/500
7t0wDC_antigen.pdb  8sgtHL_antibody.pdb
Converting SMILES to graph: 441/500
7t0wDC_antigen.pdb  4i2xDC_antibody.pdb
Converting SMILES to graph: 442/500
7t0wDC_antigen.pdb  2p4aB_antibody.pdb
Converting SMILES to graph: 443/500
7t0zDE_antigen.pdb  6u0nHL_antibody.pdb
Converting SMILES to graph: 444/500
7t0zDE_antigen.pdb  8hc4DE_antibody.pdb
Converting SMILES to graph: 445/500
7t0zDE_antigen.pdb  1w72IM_antibody.pdb
Converting SMILES to graph: 446/500
7t0zDE_antigen.pdb  2qqnHL_antibody.pdb
Converting SMILES to graph: 447/500
7t0zDE_antigen.pdb  8cwiHL_antibody.pdb
Converting SMILES to graph: 448/500
7t0zDE_antigen.pdb  6nhaHL_antibody.pdb
Converting SMILES to graph: 449/500
7t10AB_antigen.pdb  7ukpEF_antibody.pdb
Converting SMILES to graph: 450/500
7t10AB_antigen.pdb  5mwnN_antibody.pdb
Converting SMILES to graph: 451/500
7t10AB_antigen.pdb  6e4xZY_antibody.pdb
Converting SMILES to graph: 452/500
7t10AB_antigen.pdb  5t3sDE_antibody.pdb
Converting SMILES to graph: 453/500
7t10AB_antigen.pdb  8sk5B_antibody.pdb
Converting SMILES to graph: 454/500
7t10AB_antigen.pdb  4ut6IM_antibody.pdb
Converting SMILES to graph: 455/500
7t11AB_antigen.pdb  7nfqD_antibody.pdb
Converting SMILES to graph: 456/500
7t11AB_antigen.pdb  6vo3IK_antibody.pdb
Converting SMILES to graph: 457/500
7t11AB_antigen.pdb  4lf3BA_antibody.pdb
Converting SMILES to graph: 458/500
7t11AB_antigen.pdb  7bu7B_antibody.pdb
Converting SMILES to graph: 459/500
7t11AB_antigen.pdb  7bueJK_antibody.pdb
Converting SMILES to graph: 460/500
7t11AB_antigen.pdb  6huoG_antibody.pdb
Converting SMILES to graph: 461/500
7t17C_antigen.pdb  6cxyHL_antibody.pdb
Converting SMILES to graph: 462/500
7t17C_antigen.pdb  7vvjN_antibody.pdb
Converting SMILES to graph: 463/500
7t17C_antigen.pdb  8f7xEe_antibody.pdb
Converting SMILES to graph: 464/500
7t17C_antigen.pdb  1p4bHL_antibody.pdb
Converting SMILES to graph: 465/500
7t17C_antigen.pdb  8f9uAB_antibody.pdb
Converting SMILES to graph: 466/500
7t17C_antigen.pdb  4uu9HL_antibody.pdb
Converting SMILES to graph: 467/500
7t25E_antigen.pdb  7ul0HL_antibody.pdb
Converting SMILES to graph: 468/500
7t25E_antigen.pdb  7yqyHF_antibody.pdb
Converting SMILES to graph: 469/500
7t25E_antigen.pdb  7wpfUV_antibody.pdb
Converting SMILES to graph: 470/500
7t25E_antigen.pdb  8cwuB_antibody.pdb
Converting SMILES to graph: 471/500
7t25E_antigen.pdb  7udsDE_antibody.pdb
Converting SMILES to graph: 472/500
7t25E_antigen.pdb  6y9aHL_antibody.pdb
Converting SMILES to graph: 473/500
7t2hAB_antigen.pdb  7fh0B_antibody.pdb
Converting SMILES to graph: 474/500
7t2hAB_antigen.pdb  5yy4Aa_antibody.pdb
Converting SMILES to graph: 475/500
7t2hAB_antigen.pdb  2virBA_antibody.pdb
Converting SMILES to graph: 476/500
7t2hAB_antigen.pdb  4lgpD_antibody.pdb
Converting SMILES to graph: 477/500
7t2hAB_antigen.pdb  5ovwI_antibody.pdb
Converting SMILES to graph: 478/500
7t2hAB_antigen.pdb  8ekfHL_antibody.pdb
Converting SMILES to graph: 479/500
7t2pAB_antigen.pdb  8bbhHL_antibody.pdb
Converting SMILES to graph: 480/500
7t2pAB_antigen.pdb  8errHL_antibody.pdb
Converting SMILES to graph: 481/500
7t2pAB_antigen.pdb  6e56GI_antibody.pdb
Converting SMILES to graph: 482/500
7t2pAB_antigen.pdb  7st8HL_antibody.pdb
Converting SMILES to graph: 483/500
7t2pAB_antigen.pdb  5xs7HL_antibody.pdb
Converting SMILES to graph: 484/500
7t2pAB_antigen.pdb  7jksHL_antibody.pdb
Converting SMILES to graph: 485/500
7t3dG_antigen.pdb  7su1HL_antibody.pdb
Converting SMILES to graph: 486/500
7t3dG_antigen.pdb  6p60AB_antibody.pdb
Converting SMILES to graph: 487/500
7t3dG_antigen.pdb  8hitAB_antibody.pdb
Converting SMILES to graph: 488/500
7t3dG_antigen.pdb  4khtHL_antibody.pdb
Converting SMILES to graph: 489/500
7t3dG_antigen.pdb  6e0cMm_antibody.pdb
Converting SMILES to graph: 490/500
7t3dG_antigen.pdb  7ej4JN_antibody.pdb
Converting SMILES to graph: 491/500
7t3mA_antigen.pdb  7wicSs_antibody.pdb
Converting SMILES to graph: 492/500
7t3mA_antigen.pdb  6o2bOP_antibody.pdb
Converting SMILES to graph: 493/500
7t3mA_antigen.pdb  7y35N_antibody.pdb
Converting SMILES to graph: 494/500
7t3mA_antigen.pdb  8dlxH_antibody.pdb
Converting SMILES to graph: 495/500
7t3mA_antigen.pdb  6xq2FE_antibody.pdb
Converting SMILES to graph: 496/500
7t3mA_antigen.pdb  7p16B_antibody.pdb
Converting SMILES to graph: 497/500
7t4gA_antigen.pdb  8dywHL_antibody.pdb
Converting SMILES to graph: 498/500
7t4gA_antigen.pdb  8tp2HL_antibody.pdb
Converting SMILES to graph: 499/500
7t4gA_antigen.pdb  7na8Nn_antibody.pdb
Converting SMILES to graph: 500/500
7t4gA_antigen.pdb  7sbdHL_antibody.pdb
Graph construction done. Saving to file.
