Converting SMILES to graph: 1/500
7cyvB_antigen.pdb  4l5fHL_antibody.pdb
Converting SMILES to graph: 2/500
7cz0C_antigen.pdb  7ufwHh_antibody.pdb
Converting SMILES to graph: 3/500
7cz0C_antigen.pdb  7yu5Ss_antibody.pdb
Converting SMILES to graph: 4/500
7cz0C_antigen.pdb  3wlwCD_antibody.pdb
Converting SMILES to graph: 5/500
7cz0C_antigen.pdb  5yoyPM_antibody.pdb
Converting SMILES to graph: 6/500
7cz0C_antigen.pdb  7b14D_antibody.pdb
Converting SMILES to graph: 7/500
7cz0C_antigen.pdb  6wg0HL_antibody.pdb
Converting SMILES to graph: 8/500
7cz5AB_antigen.pdb  7ejxSs_antibody.pdb
Converting SMILES to graph: 9/500
7cz5AB_antigen.pdb  6quzE_antibody.pdb
Converting SMILES to graph: 10/500
7cz5AB_antigen.pdb  3jbc7_antibody.pdb
Converting SMILES to graph: 11/500
7cz5AB_antigen.pdb  8d0zHL_antibody.pdb
Converting SMILES to graph: 12/500
7cz5AB_antigen.pdb  7x93EF_antibody.pdb
Converting SMILES to graph: 13/500
7czdB_antigen.pdb  7semBC_antibody.pdb
Converting SMILES to graph: 14/500
7czdB_antigen.pdb  7mlhCA_antibody.pdb
Converting SMILES to graph: 15/500
7czdB_antigen.pdb  6wzjCD_antibody.pdb
Converting SMILES to graph: 16/500
7czdB_antigen.pdb  7ew2Ss_antibody.pdb
Converting SMILES to graph: 17/500
7czdB_antigen.pdb  7zkzB_antibody.pdb
Converting SMILES to graph: 18/500
7czdB_antigen.pdb  8hscSs_antibody.pdb
Converting SMILES to graph: 19/500
7czpC_antigen.pdb  5wk3WV_antibody.pdb
Converting SMILES to graph: 20/500
7czpC_antigen.pdb  6w0eAB_antibody.pdb
Converting SMILES to graph: 21/500
7czpC_antigen.pdb  8f9uAB_antibody.pdb
Converting SMILES to graph: 22/500
7czpC_antigen.pdb  5cjxAC_antibody.pdb
Converting SMILES to graph: 23/500
7czpC_antigen.pdb  8dg8HL_antibody.pdb
Converting SMILES to graph: 24/500
7czpC_antigen.pdb  7thtHL_antibody.pdb
Converting SMILES to graph: 25/500
7czqC_antigen.pdb  5f1oB_antibody.pdb
Converting SMILES to graph: 26/500
7czqC_antigen.pdb  3uluDC_antibody.pdb
Converting SMILES to graph: 27/500
7czqC_antigen.pdb  6cxyHL_antibody.pdb
Converting SMILES to graph: 28/500
7czqC_antigen.pdb  5do2HL_antibody.pdb
Converting SMILES to graph: 29/500
7czqC_antigen.pdb  8gngHL_antibody.pdb
Converting SMILES to graph: 30/500
7czqC_antigen.pdb  8diuGC_antibody.pdb
Converting SMILES to graph: 31/500
7czrA_antigen.pdb  3u9pHL_antibody.pdb
Converting SMILES to graph: 32/500
7czrA_antigen.pdb  4utaHL_antibody.pdb
Converting SMILES to graph: 33/500
7czrA_antigen.pdb  5zs0BA_antibody.pdb
Converting SMILES to graph: 34/500
7czrA_antigen.pdb  7lkfHL_antibody.pdb
Converting SMILES to graph: 35/500
7czrA_antigen.pdb  6xmiED_antibody.pdb
Converting SMILES to graph: 36/500
7czrA_antigen.pdb  7x2tHL_antibody.pdb
Converting SMILES to graph: 37/500
7czsB_antigen.pdb  8en5E_antibody.pdb
Converting SMILES to graph: 38/500
7czsB_antigen.pdb  7e8fCB_antibody.pdb
Converting SMILES to graph: 39/500
7czsB_antigen.pdb  4ogyHL_antibody.pdb
Converting SMILES to graph: 40/500
7czsB_antigen.pdb  5x0tAB_antibody.pdb
Converting SMILES to graph: 41/500
7czsB_antigen.pdb  6okpQR_antibody.pdb
Converting SMILES to graph: 42/500
7czsB_antigen.pdb  7t6sEe_antibody.pdb
Converting SMILES to graph: 43/500
7cztC_antigen.pdb  7lddKJ_antibody.pdb
Converting SMILES to graph: 44/500
7cztC_antigen.pdb  7woaDB_antibody.pdb
Converting SMILES to graph: 45/500
7cztC_antigen.pdb  7ldeKJ_antibody.pdb
Converting SMILES to graph: 46/500
7cztC_antigen.pdb  7n28SU_antibody.pdb
Converting SMILES to graph: 47/500
7cztC_antigen.pdb  6bpeEF_antibody.pdb
Converting SMILES to graph: 48/500
7cztC_antigen.pdb  8h64B_antibody.pdb
Converting SMILES to graph: 49/500
7czuA_antigen.pdb  7mkmHL_antibody.pdb
Converting SMILES to graph: 50/500
7czuA_antigen.pdb  7t90Ee_antibody.pdb
Converting SMILES to graph: 51/500
7czuA_antigen.pdb  6t3fHL_antibody.pdb
Converting SMILES to graph: 52/500
7czuA_antigen.pdb  1oazHL_antibody.pdb
Converting SMILES to graph: 53/500
7czuA_antigen.pdb  4kk6EF_antibody.pdb
Converting SMILES to graph: 54/500
7czuA_antigen.pdb  7ar0B_antibody.pdb
Converting SMILES to graph: 55/500
7czvA_antigen.pdb  7ek0HL_antibody.pdb
Converting SMILES to graph: 56/500
7czvA_antigen.pdb  7x26HK_antibody.pdb
Converting SMILES to graph: 57/500
7czvA_antigen.pdb  7xz6N_antibody.pdb
Converting SMILES to graph: 58/500
7czvA_antigen.pdb  7o0sA_antibody.pdb
Converting SMILES to graph: 59/500
7czvA_antigen.pdb  8tuiHL_antibody.pdb
Converting SMILES to graph: 60/500
7czvA_antigen.pdb  4hhaBA_antibody.pdb
Converting SMILES to graph: 61/500
7czwA_antigen.pdb  7srsQP_antibody.pdb
Converting SMILES to graph: 62/500
7czwA_antigen.pdb  6jhtED_antibody.pdb
Converting SMILES to graph: 63/500
7czwA_antigen.pdb  6ulcHL_antibody.pdb
Converting SMILES to graph: 64/500
7czwA_antigen.pdb  5c7xMN_antibody.pdb
Converting SMILES to graph: 65/500
7czwA_antigen.pdb  7yv1HL_antibody.pdb
Converting SMILES to graph: 66/500
7czxB_antigen.pdb  6xqwHL_antibody.pdb
Converting SMILES to graph: 67/500
7czxB_antigen.pdb  6dkjHL_antibody.pdb
Converting SMILES to graph: 68/500
7czxB_antigen.pdb  1cu4HL_antibody.pdb
Converting SMILES to graph: 69/500
7czxB_antigen.pdb  8eitEe_antibody.pdb
Converting SMILES to graph: 70/500
7czxB_antigen.pdb  3droBA_antibody.pdb
Converting SMILES to graph: 71/500
7czxB_antigen.pdb  7amrHL_antibody.pdb
Converting SMILES to graph: 72/500
7czyA_antigen.pdb  6dzvBC_antibody.pdb
Converting SMILES to graph: 73/500
7czyA_antigen.pdb  7ew2Ss_antibody.pdb
Converting SMILES to graph: 74/500
7czyA_antigen.pdb  1k4dAB_antibody.pdb
Converting SMILES to graph: 75/500
7czyA_antigen.pdb  8hwtHL_antibody.pdb
Converting SMILES to graph: 76/500
7czyA_antigen.pdb  7t76HL_antibody.pdb
Converting SMILES to graph: 77/500
7czyA_antigen.pdb  8ia7Ee_antibody.pdb
Converting SMILES to graph: 78/500
7czzB_antigen.pdb  6yz7D_antibody.pdb
Converting SMILES to graph: 79/500
7czzB_antigen.pdb  7f9wBC_antibody.pdb
Converting SMILES to graph: 80/500
7czzB_antigen.pdb  7o0sA_antibody.pdb
Converting SMILES to graph: 81/500
7czzB_antigen.pdb  7e9oHL_antibody.pdb
Converting SMILES to graph: 82/500
7czzB_antigen.pdb  7m2iAB_antibody.pdb
Converting SMILES to graph: 83/500
7czzB_antigen.pdb  8h7lDG_antibody.pdb
Converting SMILES to graph: 84/500
7d00C_antigen.pdb  1yntDC_antibody.pdb
Converting SMILES to graph: 85/500
7d00C_antigen.pdb  7wn1C_antibody.pdb
Converting SMILES to graph: 86/500
7d00C_antigen.pdb  2p8mBA_antibody.pdb
Converting SMILES to graph: 87/500
7d00C_antigen.pdb  7p00Hh_antibody.pdb
Converting SMILES to graph: 88/500
7d00C_antigen.pdb  3rvxDC_antibody.pdb
Converting SMILES to graph: 89/500
7d00C_antigen.pdb  4fqyHL_antibody.pdb
Converting SMILES to graph: 90/500
7d03A_antigen.pdb  7f46HL_antibody.pdb
Converting SMILES to graph: 91/500
7d03A_antigen.pdb  6h7mD_antibody.pdb
Converting SMILES to graph: 92/500
7d03A_antigen.pdb  7xegCD_antibody.pdb
Converting SMILES to graph: 93/500
7d03A_antigen.pdb  3mlvNM_antibody.pdb
Converting SMILES to graph: 94/500
7d0bA_antigen.pdb  8eflEe_antibody.pdb
Converting SMILES to graph: 95/500
7d0bA_antigen.pdb  4xvtHL_antibody.pdb
Converting SMILES to graph: 96/500
7d0bA_antigen.pdb  4xp9HL_antibody.pdb
Converting SMILES to graph: 97/500
7d0bA_antigen.pdb  5viyHG_antibody.pdb
Converting SMILES to graph: 98/500
7d0bA_antigen.pdb  7wv9Ss_antibody.pdb
Converting SMILES to graph: 99/500
7d0bA_antigen.pdb  2nxzDC_antibody.pdb
Converting SMILES to graph: 100/500
7d0cC_antigen.pdb  6cwdBb_antibody.pdb
Converting SMILES to graph: 101/500
7d0cC_antigen.pdb  7ydiHL_antibody.pdb
Converting SMILES to graph: 102/500
7d0cC_antigen.pdb  3mltHL_antibody.pdb
Converting SMILES to graph: 103/500
7d0cC_antigen.pdb  2p46B_antibody.pdb
Converting SMILES to graph: 104/500
7d0cC_antigen.pdb  7k9zHL_antibody.pdb
Converting SMILES to graph: 105/500
7d0cC_antigen.pdb  6zdhHL_antibody.pdb
Converting SMILES to graph: 106/500
7d0dA_antigen.pdb  7czxIM_antibody.pdb
Converting SMILES to graph: 107/500
7d0dA_antigen.pdb  6j71Bb_antibody.pdb
Converting SMILES to graph: 108/500
7d0dA_antigen.pdb  7o9wCB_antibody.pdb
Converting SMILES to graph: 109/500
7d0dA_antigen.pdb  5o4oBA_antibody.pdb
Converting SMILES to graph: 110/500
7d0dA_antigen.pdb  4xnuHL_antibody.pdb
Converting SMILES to graph: 111/500
7d0dA_antigen.pdb  7xcpHL_antibody.pdb
Converting SMILES to graph: 112/500
7d2zB_antigen.pdb  3ri5IO_antibody.pdb
Converting SMILES to graph: 113/500
7d2zB_antigen.pdb  7r8bCD_antibody.pdb
Converting SMILES to graph: 114/500
7d2zB_antigen.pdb  8savCD_antibody.pdb
Converting SMILES to graph: 115/500
7d2zB_antigen.pdb  5d96JI_antibody.pdb
Converting SMILES to graph: 116/500
7d2zB_antigen.pdb  5t85HL_antibody.pdb
Converting SMILES to graph: 117/500
7d2zB_antigen.pdb  8sazCD_antibody.pdb
Converting SMILES to graph: 118/500
7d30B_antigen.pdb  4m1gHL_antibody.pdb
Converting SMILES to graph: 119/500
7d30B_antigen.pdb  7vztBC_antibody.pdb
Converting SMILES to graph: 120/500
7d30B_antigen.pdb  1pkqBA_antibody.pdb
Converting SMILES to graph: 121/500
7d30B_antigen.pdb  8h91C_antibody.pdb
Converting SMILES to graph: 122/500
7d30B_antigen.pdb  6xc3HL_antibody.pdb
Converting SMILES to graph: 123/500
7d30B_antigen.pdb  7f9wBC_antibody.pdb
Converting SMILES to graph: 124/500
7d3k2_antigen.pdb  7vbhN_antibody.pdb
Converting SMILES to graph: 125/500
7d3k2_antigen.pdb  4dn4HL_antibody.pdb
Converting SMILES to graph: 126/500
7d3k2_antigen.pdb  8savCD_antibody.pdb
Converting SMILES to graph: 127/500
7d3k2_antigen.pdb  7rpuAB_antibody.pdb
Converting SMILES to graph: 128/500
7d3k2_antigen.pdb  6pe8HL_antibody.pdb
Converting SMILES to graph: 129/500
7d3k2_antigen.pdb  7sn3FG_antibody.pdb
Converting SMILES to graph: 130/500
7d3l2_antigen.pdb  7dcxBG_antibody.pdb
Converting SMILES to graph: 131/500
7d3l2_antigen.pdb  7r7nHL_antibody.pdb
Converting SMILES to graph: 132/500
7d3l2_antigen.pdb  6ohgCB_antibody.pdb
Converting SMILES to graph: 133/500
7d3l2_antigen.pdb  3zkqD_antibody.pdb
Converting SMILES to graph: 134/500
7d3l2_antigen.pdb  1cfnBA_antibody.pdb
Converting SMILES to graph: 135/500
7d3l2_antigen.pdb  7nd5HL_antibody.pdb
Converting SMILES to graph: 136/500
7d3m13_antigen.pdb  6w09KO_antibody.pdb
Converting SMILES to graph: 137/500
7d3m13_antigen.pdb  7vbhN_antibody.pdb
Converting SMILES to graph: 138/500
7d3m13_antigen.pdb  5gs2Hh_antibody.pdb
Converting SMILES to graph: 139/500
7d3m13_antigen.pdb  8damB_antibody.pdb
Converting SMILES to graph: 140/500
7d3m13_antigen.pdb  6hhdD_antibody.pdb
Converting SMILES to graph: 141/500
7d3m13_antigen.pdb  4lu5IM_antibody.pdb
Converting SMILES to graph: 142/500
7d3r13_antigen.pdb  7sakB_antibody.pdb
Converting SMILES to graph: 143/500
7d3r13_antigen.pdb  7eamHL_antibody.pdb
Converting SMILES to graph: 144/500
7d3r13_antigen.pdb  8e99E_antibody.pdb
Converting SMILES to graph: 145/500
7d3r13_antigen.pdb  7jtfAB_antibody.pdb
Converting SMILES to graph: 146/500
7d3r13_antigen.pdb  8b1gB_antibody.pdb
Converting SMILES to graph: 147/500
7d3sABG_antigen.pdb  2xqyGL_antibody.pdb
Converting SMILES to graph: 148/500
7d3sABG_antigen.pdb  5thrTU_antibody.pdb
Converting SMILES to graph: 149/500
7d3sABG_antigen.pdb  7ycnKL_antibody.pdb
Converting SMILES to graph: 150/500
7d3sABG_antigen.pdb  7bubGI_antibody.pdb
Converting SMILES to graph: 151/500
7d3sABG_antigen.pdb  7nghD_antibody.pdb
Converting SMILES to graph: 152/500
7d3sABG_antigen.pdb  7m7fCD_antibody.pdb
Converting SMILES to graph: 153/500
7d4bA_antigen.pdb  7ejzHL_antibody.pdb
Converting SMILES to graph: 154/500
7d4bA_antigen.pdb  7wlwHL_antibody.pdb
Converting SMILES to graph: 155/500
7d4bA_antigen.pdb  8hitAB_antibody.pdb
Converting SMILES to graph: 156/500
7d4bA_antigen.pdb  7s4gHL_antibody.pdb
Converting SMILES to graph: 157/500
7d4bA_antigen.pdb  7xtqN_antibody.pdb
Converting SMILES to graph: 158/500
7d4bA_antigen.pdb  7mzlHL_antibody.pdb
Converting SMILES to graph: 159/500
7d4gB_antigen.pdb  6hupG_antibody.pdb
Converting SMILES to graph: 160/500
7d4gB_antigen.pdb  8a94RO_antibody.pdb
Converting SMILES to graph: 161/500
7d4gB_antigen.pdb  6yaxIM_antibody.pdb
Converting SMILES to graph: 162/500
7d4gB_antigen.pdb  7v6aSs_antibody.pdb
Converting SMILES to graph: 163/500
7d4gB_antigen.pdb  8dyxHL_antibody.pdb
Converting SMILES to graph: 164/500
7d4gB_antigen.pdb  6bt3BA_antibody.pdb
Converting SMILES to graph: 165/500
7d5bA_antigen.pdb  7urfOP_antibody.pdb
Converting SMILES to graph: 166/500
7d5bA_antigen.pdb  7z1xB_antibody.pdb
Converting SMILES to graph: 167/500
7d5bA_antigen.pdb  1r0aHL_antibody.pdb
Converting SMILES to graph: 168/500
7d5bA_antigen.pdb  7ymsFE_antibody.pdb
Converting SMILES to graph: 169/500
7d5bA_antigen.pdb  7d0cGF_antibody.pdb
Converting SMILES to graph: 170/500
7d5bA_antigen.pdb  7s0bCD_antibody.pdb
Converting SMILES to graph: 171/500
7d5pA_antigen.pdb  7srrEe_antibody.pdb
Converting SMILES to graph: 172/500
7d5pA_antigen.pdb  8dkxAB_antibody.pdb
Converting SMILES to graph: 173/500
7d5pA_antigen.pdb  7om4B_antibody.pdb
Converting SMILES to graph: 174/500
7d5pA_antigen.pdb  6ln2CB_antibody.pdb
Converting SMILES to graph: 175/500
7d5pA_antigen.pdb  7sk8DC_antibody.pdb
Converting SMILES to graph: 176/500
7d5pA_antigen.pdb  2fjhBA_antibody.pdb
Converting SMILES to graph: 177/500
7d5qB_antigen.pdb  7t17JK_antibody.pdb
Converting SMILES to graph: 178/500
7d5qB_antigen.pdb  7l2cHL_antibody.pdb
Converting SMILES to graph: 179/500
7d5qB_antigen.pdb  2ybrAB_antibody.pdb
Converting SMILES to graph: 180/500
7d5qB_antigen.pdb  2h2pEF_antibody.pdb
Converting SMILES to graph: 181/500
7d5qB_antigen.pdb  8f9uAB_antibody.pdb
Converting SMILES to graph: 182/500
7d5qB_antigen.pdb  7ufwHh_antibody.pdb
Converting SMILES to graph: 183/500
7d5uA_antigen.pdb  7sjpHL_antibody.pdb
Converting SMILES to graph: 184/500
7d5uA_antigen.pdb  6aodBA_antibody.pdb
Converting SMILES to graph: 185/500
7d5uA_antigen.pdb  6lr7B_antibody.pdb
Converting SMILES to graph: 186/500
7d5uA_antigen.pdb  7jumIi_antibody.pdb
Converting SMILES to graph: 187/500
7d5uA_antigen.pdb  7ey4HL_antibody.pdb
Converting SMILES to graph: 188/500
7d5uA_antigen.pdb  7nktB_antibody.pdb
Converting SMILES to graph: 189/500
7d5zM_antigen.pdb  7y66Ss_antibody.pdb
Converting SMILES to graph: 190/500
7d5zM_antigen.pdb  1jttA_antibody.pdb
Converting SMILES to graph: 191/500
7d5zM_antigen.pdb  6vcaEF_antibody.pdb
Converting SMILES to graph: 192/500
7d5zM_antigen.pdb  7y27Dd_antibody.pdb
Converting SMILES to graph: 193/500
7d5zM_antigen.pdb  7ur6HL_antibody.pdb
Converting SMILES to graph: 194/500
7d5zM_antigen.pdb  7cgwAB_antibody.pdb
Converting SMILES to graph: 195/500
7d68AB_antigen.pdb  7nd8HL_antibody.pdb
Converting SMILES to graph: 196/500
7d68AB_antigen.pdb  7s6kFG_antibody.pdb
Converting SMILES to graph: 197/500
7d68AB_antigen.pdb  5ocxHL_antibody.pdb
Converting SMILES to graph: 198/500
7d68AB_antigen.pdb  6csyN_antibody.pdb
Converting SMILES to graph: 199/500
7d68AB_antigen.pdb  5d9qDd_antibody.pdb
Converting SMILES to graph: 200/500
7d68AB_antigen.pdb  7ucxHL_antibody.pdb
Converting SMILES to graph: 201/500
7d6iA_antigen.pdb  4lbeAB_antibody.pdb
Converting SMILES to graph: 202/500
7d6iA_antigen.pdb  2oz4HL_antibody.pdb
Converting SMILES to graph: 203/500
7d6iA_antigen.pdb  8w84AB_antibody.pdb
Converting SMILES to graph: 204/500
7d6iA_antigen.pdb  7thoEF_antibody.pdb
Converting SMILES to graph: 205/500
7d6iA_antigen.pdb  6ln2CB_antibody.pdb
Converting SMILES to graph: 206/500
7d6iA_antigen.pdb  7cecHI_antibody.pdb
Converting SMILES to graph: 207/500
7d6yA_antigen.pdb  7t73HL_antibody.pdb
Converting SMILES to graph: 208/500
7d6yA_antigen.pdb  7nfqD_antibody.pdb
Converting SMILES to graph: 209/500
7d6yA_antigen.pdb  6dkjHL_antibody.pdb
Converting SMILES to graph: 210/500
7d6yA_antigen.pdb  1adqHL_antibody.pdb
Converting SMILES to graph: 211/500
7d6yA_antigen.pdb  6s8dYU_antibody.pdb
Converting SMILES to graph: 212/500
7d6yA_antigen.pdb  7mejA_antibody.pdb
Converting SMILES to graph: 213/500
7d77AB_antigen.pdb  6avuHL_antibody.pdb
Converting SMILES to graph: 214/500
7d77AB_antigen.pdb  7ucxHL_antibody.pdb
Converting SMILES to graph: 215/500
7d77AB_antigen.pdb  7l7rBA_antibody.pdb
Converting SMILES to graph: 216/500
7d77AB_antigen.pdb  5aumAB_antibody.pdb
Converting SMILES to graph: 217/500
7d77AB_antigen.pdb  1r3iHL_antibody.pdb
Converting SMILES to graph: 218/500
7d77AB_antigen.pdb  5w9nEF_antibody.pdb
Converting SMILES to graph: 219/500
7d7mDB_antigen.pdb  5nblE_antibody.pdb
Converting SMILES to graph: 220/500
7d7mDB_antigen.pdb  3lh2KO_antibody.pdb
Converting SMILES to graph: 221/500
7d7mDB_antigen.pdb  7pnmIE_antibody.pdb
Converting SMILES to graph: 222/500
7d7mDB_antigen.pdb  3n85HL_antibody.pdb
Converting SMILES to graph: 223/500
7d7mDB_antigen.pdb  6xlzHL_antibody.pdb
Converting SMILES to graph: 224/500
7d7mDB_antigen.pdb  7oanF_antibody.pdb
Converting SMILES to graph: 225/500
7d85A_antigen.pdb  7xkaB_antibody.pdb
Converting SMILES to graph: 226/500
7d85A_antigen.pdb  7s0cHL_antibody.pdb
Converting SMILES to graph: 227/500
7d85A_antigen.pdb  8dceHh_antibody.pdb
Converting SMILES to graph: 228/500
7d85A_antigen.pdb  6m3cKJ_antibody.pdb
Converting SMILES to graph: 229/500
7d85A_antigen.pdb  7cahED_antibody.pdb
Converting SMILES to graph: 230/500
7d85A_antigen.pdb  7terHL_antibody.pdb
Converting SMILES to graph: 231/500
7d8bA_antigen.pdb  7t76HL_antibody.pdb
Converting SMILES to graph: 232/500
7d8bA_antigen.pdb  7pa6Kk_antibody.pdb
Converting SMILES to graph: 233/500
7d8bA_antigen.pdb  6ousQR_antibody.pdb
Converting SMILES to graph: 234/500
7d8bA_antigen.pdb  6z2lCB_antibody.pdb
Converting SMILES to graph: 235/500
7d8bA_antigen.pdb  7wcrab_antibody.pdb
Converting SMILES to graph: 236/500
7d8bA_antigen.pdb  5vjqCD_antibody.pdb
Converting SMILES to graph: 237/500
7daaA_antigen.pdb  1zwiAB_antibody.pdb
Converting SMILES to graph: 238/500
7daaA_antigen.pdb  4ydiHL_antibody.pdb
Converting SMILES to graph: 239/500
7daaA_antigen.pdb  8hc2HL_antibody.pdb
Converting SMILES to graph: 240/500
7daaA_antigen.pdb  7nx6HL_antibody.pdb
Converting SMILES to graph: 241/500
7daaA_antigen.pdb  3uzvBb_antibody.pdb
Converting SMILES to graph: 242/500
7daaA_antigen.pdb  5tbdEF_antibody.pdb
Converting SMILES to graph: 243/500
7db6AB_antigen.pdb  7ldjG_antibody.pdb
Converting SMILES to graph: 244/500
7db6AB_antigen.pdb  8dgvHL_antibody.pdb
Converting SMILES to graph: 245/500
7db6AB_antigen.pdb  7klwB_antibody.pdb
Converting SMILES to graph: 246/500
7db6AB_antigen.pdb  6u0lIJ_antibody.pdb
Converting SMILES to graph: 247/500
7db6AB_antigen.pdb  8hnnN_antibody.pdb
Converting SMILES to graph: 248/500
7dc8C_antigen.pdb  8dmhFE_antibody.pdb
Converting SMILES to graph: 249/500
7dc8C_antigen.pdb  7ws7GF_antibody.pdb
Converting SMILES to graph: 250/500
7dc8C_antigen.pdb  6ywdAB_antibody.pdb
Converting SMILES to graph: 251/500
7dc8C_antigen.pdb  5cjoHL_antibody.pdb
Converting SMILES to graph: 252/500
7dc8C_antigen.pdb  4xvjHL_antibody.pdb
Converting SMILES to graph: 253/500
7dc8C_antigen.pdb  7sajB_antibody.pdb
Converting SMILES to graph: 254/500
7dccE_antigen.pdb  7yj4Ss_antibody.pdb
Converting SMILES to graph: 255/500
7dccE_antigen.pdb  3hi6HL_antibody.pdb
Converting SMILES to graph: 256/500
7dccE_antigen.pdb  7y12Ss_antibody.pdb
Converting SMILES to graph: 257/500
7dccE_antigen.pdb  4rfnBC_antibody.pdb
Converting SMILES to graph: 258/500
7dccE_antigen.pdb  6ww5EF_antibody.pdb
Converting SMILES to graph: 259/500
7dccE_antigen.pdb  1ifhHL_antibody.pdb
Converting SMILES to graph: 260/500
7dceBX_antigen.pdb  8fatAB_antibody.pdb
Converting SMILES to graph: 261/500
7dceBX_antigen.pdb  7ufhEF_antibody.pdb
Converting SMILES to graph: 262/500
7dceBX_antigen.pdb  8bg6AB_antibody.pdb
Converting SMILES to graph: 263/500
7dceBX_antigen.pdb  6b9zBA_antibody.pdb
Converting SMILES to graph: 264/500
7dceBX_antigen.pdb  5d93CB_antibody.pdb
Converting SMILES to graph: 265/500
7dceBX_antigen.pdb  8dowCD_antibody.pdb
Converting SMILES to graph: 266/500
7dcxD_antigen.pdb  6u36HL_antibody.pdb
Converting SMILES to graph: 267/500
7dcxD_antigen.pdb  6xq4EF_antibody.pdb
Converting SMILES to graph: 268/500
7dcxD_antigen.pdb  6nipHL_antibody.pdb
Converting SMILES to graph: 269/500
7dcxD_antigen.pdb  7paaAa_antibody.pdb
Converting SMILES to graph: 270/500
7dcxD_antigen.pdb  7y58B_antibody.pdb
Converting SMILES to graph: 271/500
7dcxD_antigen.pdb  5durHL_antibody.pdb
Converting SMILES to graph: 272/500
7dd2KD_antigen.pdb  6sc6B_antibody.pdb
Converting SMILES to graph: 273/500
7dd2KD_antigen.pdb  4qxuHL_antibody.pdb
Converting SMILES to graph: 274/500
7dd2KD_antigen.pdb  6al0HL_antibody.pdb
Converting SMILES to graph: 275/500
7dd2KD_antigen.pdb  7ul2D_antibody.pdb
Converting SMILES to graph: 276/500
7dd2KD_antigen.pdb  7yqzIG_antibody.pdb
Converting SMILES to graph: 277/500
7dd2KD_antigen.pdb  8bvsB_antibody.pdb
Converting SMILES to graph: 278/500
7dd8CD_antigen.pdb  5u8rHL_antibody.pdb
Converting SMILES to graph: 279/500
7dd8CD_antigen.pdb  7wpeXY_antibody.pdb
Converting SMILES to graph: 280/500
7dd8CD_antigen.pdb  8dlrHL_antibody.pdb
Converting SMILES to graph: 281/500
7dd8CD_antigen.pdb  3ztnHL_antibody.pdb
Converting SMILES to graph: 282/500
7dd8CD_antigen.pdb  7l1vHh_antibody.pdb
Converting SMILES to graph: 283/500
7deoB_antigen.pdb  3rajHL_antibody.pdb
Converting SMILES to graph: 284/500
7deoB_antigen.pdb  5f21B_antibody.pdb
Converting SMILES to graph: 285/500
7deoB_antigen.pdb  3zlqC_antibody.pdb
Converting SMILES to graph: 286/500
7deoB_antigen.pdb  7ki0N_antibody.pdb
Converting SMILES to graph: 287/500
7deoB_antigen.pdb  7rm3CD_antibody.pdb
Converting SMILES to graph: 288/500
7deoB_antigen.pdb  8cyhHL_antibody.pdb
Converting SMILES to graph: 289/500
7detC_antigen.pdb  1deeFE_antibody.pdb
Converting SMILES to graph: 290/500
7detC_antigen.pdb  1e4wHL_antibody.pdb
Converting SMILES to graph: 291/500
7detC_antigen.pdb  6lz2D_antibody.pdb
Converting SMILES to graph: 292/500
7detC_antigen.pdb  5jxeDC_antibody.pdb
Converting SMILES to graph: 293/500
7detC_antigen.pdb  4lu5IM_antibody.pdb
Converting SMILES to graph: 294/500
7detC_antigen.pdb  1nl0HL_antibody.pdb
Converting SMILES to graph: 295/500
7deuA_antigen.pdb  7k66BC_antibody.pdb
Converting SMILES to graph: 296/500
7deuA_antigen.pdb  8t04CD_antibody.pdb
Converting SMILES to graph: 297/500
7deuA_antigen.pdb  7nkiF_antibody.pdb
Converting SMILES to graph: 298/500
7deuA_antigen.pdb  5ywyHL_antibody.pdb
Converting SMILES to graph: 299/500
7deuA_antigen.pdb  7mnoHL_antibody.pdb
Converting SMILES to graph: 300/500
7deuA_antigen.pdb  8dlwCD_antibody.pdb
Converting SMILES to graph: 301/500
7df1D_antigen.pdb  7trsHh_antibody.pdb
Converting SMILES to graph: 302/500
7df1D_antigen.pdb  8e8lHL_antibody.pdb
Converting SMILES to graph: 303/500
7df1D_antigen.pdb  6nqdKL_antibody.pdb
Converting SMILES to graph: 304/500
7df1D_antigen.pdb  3jwdPO_antibody.pdb
Converting SMILES to graph: 305/500
7df1D_antigen.pdb  7m6gHL_antibody.pdb
Converting SMILES to graph: 306/500
7df1D_antigen.pdb  7wovDd_antibody.pdb
Converting SMILES to graph: 307/500
7df9AV_antigen.pdb  4fp8IM_antibody.pdb
Converting SMILES to graph: 308/500
7df9AV_antigen.pdb  1a2yBA_antibody.pdb
Converting SMILES to graph: 309/500
7df9AV_antigen.pdb  6b7zEF_antibody.pdb
Converting SMILES to graph: 310/500
7df9AV_antigen.pdb  7slaB_antibody.pdb
Converting SMILES to graph: 311/500
7df9AV_antigen.pdb  6ayzBD_antibody.pdb
Converting SMILES to graph: 312/500
7df9AV_antigen.pdb  6kpfSs_antibody.pdb
Converting SMILES to graph: 313/500
7dfaAV_antigen.pdb  7jwgAB_antibody.pdb
Converting SMILES to graph: 314/500
7dfaAV_antigen.pdb  7s4gHL_antibody.pdb
Converting SMILES to graph: 315/500
7dfaAV_antigen.pdb  7ul7HL_antibody.pdb
Converting SMILES to graph: 316/500
7dfaAV_antigen.pdb  7vujN_antibody.pdb
Converting SMILES to graph: 317/500
7dfaAV_antigen.pdb  7ld1MN_antibody.pdb
Converting SMILES to graph: 318/500
7dfaAV_antigen.pdb  8dtxHL_antibody.pdb
Converting SMILES to graph: 319/500
7dfbAV_antigen.pdb  3uzqAa_antibody.pdb
Converting SMILES to graph: 320/500
7dfbAV_antigen.pdb  7vneU_antibody.pdb
Converting SMILES to graph: 321/500
7dfbAV_antigen.pdb  7ey5BC_antibody.pdb
Converting SMILES to graph: 322/500
7dfbAV_antigen.pdb  7f58N_antibody.pdb
Converting SMILES to graph: 323/500
7dfbAV_antigen.pdb  7p79D_antibody.pdb
Converting SMILES to graph: 324/500
7dfbAV_antigen.pdb  8dtxHL_antibody.pdb
Converting SMILES to graph: 325/500
7dfcAV_antigen.pdb  5mwnN_antibody.pdb
Converting SMILES to graph: 326/500
7dfcAV_antigen.pdb  1jtoB_antibody.pdb
Converting SMILES to graph: 327/500
7dfcAV_antigen.pdb  2hmiDC_antibody.pdb
Converting SMILES to graph: 328/500
7dfcAV_antigen.pdb  3uluDC_antibody.pdb
Converting SMILES to graph: 329/500
7dfcAV_antigen.pdb  4lvhKL_antibody.pdb
Converting SMILES to graph: 330/500
7dfcAV_antigen.pdb  3eyuHL_antibody.pdb
Converting SMILES to graph: 331/500
7dflAB_antigen.pdb  7nllA_antibody.pdb
Converting SMILES to graph: 332/500
7dflAB_antigen.pdb  6nf5GI_antibody.pdb
Converting SMILES to graph: 333/500
7dflAB_antigen.pdb  8oxyBC_antibody.pdb
Converting SMILES to graph: 334/500
7dflAB_antigen.pdb  4z7oHL_antibody.pdb
Converting SMILES to graph: 335/500
7dflAB_antigen.pdb  7mduHL_antibody.pdb
Converting SMILES to graph: 336/500
7dflAB_antigen.pdb  3gb7AB_antibody.pdb
Converting SMILES to graph: 337/500
7dfpA_antigen.pdb  7bq5HL_antibody.pdb
Converting SMILES to graph: 338/500
7dfpA_antigen.pdb  7pafB_antibody.pdb
Converting SMILES to graph: 339/500
7dfpA_antigen.pdb  6vo0HL_antibody.pdb
Converting SMILES to graph: 340/500
7dfpA_antigen.pdb  3ghbHL_antibody.pdb
Converting SMILES to graph: 341/500
7dfpA_antigen.pdb  7wk0AB_antibody.pdb
Converting SMILES to graph: 342/500
7dfpA_antigen.pdb  7cmuEe_antibody.pdb
Converting SMILES to graph: 343/500
7dgeA_antigen.pdb  7x2tHL_antibody.pdb
Converting SMILES to graph: 344/500
7dgeA_antigen.pdb  6q23HL_antibody.pdb
Converting SMILES to graph: 345/500
7dgeA_antigen.pdb  7w1sB_antibody.pdb
Converting SMILES to graph: 346/500
7dgeA_antigen.pdb  7s0cHL_antibody.pdb
Converting SMILES to graph: 347/500
7dgeA_antigen.pdb  2eksBA_antibody.pdb
Converting SMILES to graph: 348/500
7dh5AB_antigen.pdb  7zfcAB_antibody.pdb
Converting SMILES to graph: 349/500
7dh5AB_antigen.pdb  8dziHL_antibody.pdb
Converting SMILES to graph: 350/500
7dh5AB_antigen.pdb  4jo1HL_antibody.pdb
Converting SMILES to graph: 351/500
7dh5AB_antigen.pdb  7rm0AB_antibody.pdb
Converting SMILES to graph: 352/500
7dh5AB_antigen.pdb  4r9yNM_antibody.pdb
Converting SMILES to graph: 353/500
7dhaA_antigen.pdb  6hujG_antibody.pdb
Converting SMILES to graph: 354/500
7dhaA_antigen.pdb  7n05HL_antibody.pdb
Converting SMILES to graph: 355/500
7dhaA_antigen.pdb  6obcB_antibody.pdb
Converting SMILES to graph: 356/500
7dhaA_antigen.pdb  7nxxB_antibody.pdb
Converting SMILES to graph: 357/500
7dhaA_antigen.pdb  7tp4HL_antibody.pdb
Converting SMILES to graph: 358/500
7dhaA_antigen.pdb  7q6eHL_antibody.pdb
Converting SMILES to graph: 359/500
7dhiAB_antigen.pdb  6ru5C_antibody.pdb
Converting SMILES to graph: 360/500
7dhiAB_antigen.pdb  6ieaHL_antibody.pdb
Converting SMILES to graph: 361/500
7dhiAB_antigen.pdb  5dfzE_antibody.pdb
Converting SMILES to graph: 362/500
7dhiAB_antigen.pdb  8a1eDE_antibody.pdb
Converting SMILES to graph: 363/500
7dhiAB_antigen.pdb  8aflD_antibody.pdb
Converting SMILES to graph: 364/500
7dhiAB_antigen.pdb  8kh5E_antibody.pdb
Converting SMILES to graph: 365/500
7dhrABG_antigen.pdb  5d1zDC_antibody.pdb
Converting SMILES to graph: 366/500
7dhrABG_antigen.pdb  7xy8HL_antibody.pdb
Converting SMILES to graph: 367/500
7dhrABG_antigen.pdb  7l0lGJ_antibody.pdb
Converting SMILES to graph: 368/500
7dhrABG_antigen.pdb  7lucFG_antibody.pdb
Converting SMILES to graph: 369/500
7dhrABG_antigen.pdb  4ogxHL_antibody.pdb
Converting SMILES to graph: 370/500
7dhrABG_antigen.pdb  5m95B_antibody.pdb
Converting SMILES to graph: 371/500
7djzC_antigen.pdb  6b0aHL_antibody.pdb
Converting SMILES to graph: 372/500
7djzC_antigen.pdb  7ny5IH_antibody.pdb
Converting SMILES to graph: 373/500
7djzC_antigen.pdb  7yqyHF_antibody.pdb
Converting SMILES to graph: 374/500
7djzC_antigen.pdb  5a8hFE_antibody.pdb
Converting SMILES to graph: 375/500
7djzC_antigen.pdb  1zv5A_antibody.pdb
Converting SMILES to graph: 376/500
7djzC_antigen.pdb  6wztHL_antibody.pdb
Converting SMILES to graph: 377/500
7dk0C_antigen.pdb  6mufHL_antibody.pdb
Converting SMILES to graph: 378/500
7dk0C_antigen.pdb  7sjsHL_antibody.pdb
Converting SMILES to graph: 379/500
7dk0C_antigen.pdb  6x08K_antibody.pdb
Converting SMILES to graph: 380/500
7dk0C_antigen.pdb  7nx6HL_antibody.pdb
Converting SMILES to graph: 381/500
7dk0C_antigen.pdb  5wi9HL_antibody.pdb
Converting SMILES to graph: 382/500
7dk0C_antigen.pdb  7b0bHL_antibody.pdb
Converting SMILES to graph: 383/500
7dk2F_antigen.pdb  8hn7BA_antibody.pdb
Converting SMILES to graph: 384/500
7dk2F_antigen.pdb  4ncoLK_antibody.pdb
Converting SMILES to graph: 385/500
7dk2F_antigen.pdb  6vmklk_antibody.pdb
Converting SMILES to graph: 386/500
7dk2F_antigen.pdb  7xicKL_antibody.pdb
Converting SMILES to graph: 387/500
7dk2F_antigen.pdb  8ee0HL_antibody.pdb
Converting SMILES to graph: 388/500
7dk2F_antigen.pdb  6bf4BC_antibody.pdb
Converting SMILES to graph: 389/500
7dk4A_antigen.pdb  6wvzHL_antibody.pdb
Converting SMILES to graph: 390/500
7dk4A_antigen.pdb  3mlrHL_antibody.pdb
Converting SMILES to graph: 391/500
7dk4A_antigen.pdb  7u8jHL_antibody.pdb
Converting SMILES to graph: 392/500
7dk4A_antigen.pdb  4kmlB_antibody.pdb
Converting SMILES to graph: 393/500
7dk4A_antigen.pdb  7trkHh_antibody.pdb
Converting SMILES to graph: 394/500
7dk4A_antigen.pdb  6eyoHL_antibody.pdb
Converting SMILES to graph: 395/500
7dk5A_antigen.pdb  5gruLl_antibody.pdb
Converting SMILES to graph: 396/500
7dk5A_antigen.pdb  7wd9EF_antibody.pdb
Converting SMILES to graph: 397/500
7dk5A_antigen.pdb  6chbJK_antibody.pdb
Converting SMILES to graph: 398/500
7dk5A_antigen.pdb  4xc1HL_antibody.pdb
Converting SMILES to graph: 399/500
7dk5A_antigen.pdb  5fylDE_antibody.pdb
Converting SMILES to graph: 400/500
7dk5A_antigen.pdb  7p40FB_antibody.pdb
Converting SMILES to graph: 401/500
7dk6A_antigen.pdb  3j6uHL_antibody.pdb
Converting SMILES to graph: 402/500
7dk6A_antigen.pdb  8iocN_antibody.pdb
Converting SMILES to graph: 403/500
7dk6A_antigen.pdb  7dceHL_antibody.pdb
Converting SMILES to graph: 404/500
7dk6A_antigen.pdb  6eayHL_antibody.pdb
Converting SMILES to graph: 405/500
7dk6A_antigen.pdb  8aixD_antibody.pdb
Converting SMILES to graph: 406/500
7dk6A_antigen.pdb  4wfeGF_antibody.pdb
Converting SMILES to graph: 407/500
7dk7A_antigen.pdb  7negHL_antibody.pdb
Converting SMILES to graph: 408/500
7dk7A_antigen.pdb  7mtaHL_antibody.pdb
Converting SMILES to graph: 409/500
7dk7A_antigen.pdb  7nx8HL_antibody.pdb
Converting SMILES to graph: 410/500
7dk7A_antigen.pdb  7p7aA_antibody.pdb
Converting SMILES to graph: 411/500
7dk7A_antigen.pdb  6qexCB_antibody.pdb
Converting SMILES to graph: 412/500
7dk7A_antigen.pdb  6rtyB_antibody.pdb
Converting SMILES to graph: 413/500
7dkjA_antigen.pdb  5vagCB_antibody.pdb
Converting SMILES to graph: 414/500
7dkjA_antigen.pdb  6ddeEe_antibody.pdb
Converting SMILES to graph: 415/500
7dkjA_antigen.pdb  5cbeCD_antibody.pdb
Converting SMILES to graph: 416/500
7dkjA_antigen.pdb  2p49B_antibody.pdb
Converting SMILES to graph: 417/500
7dkjA_antigen.pdb  7eo4Ee_antibody.pdb
Converting SMILES to graph: 418/500
7dkjA_antigen.pdb  7jtfAB_antibody.pdb
Converting SMILES to graph: 419/500
7dm1A_antigen.pdb  5grjHL_antibody.pdb
Converting SMILES to graph: 420/500
7dm1A_antigen.pdb  6whkCB_antibody.pdb
Converting SMILES to graph: 421/500
7dm1A_antigen.pdb  2dqdHL_antibody.pdb
Converting SMILES to graph: 422/500
7dm1A_antigen.pdb  8i2gN_antibody.pdb
Converting SMILES to graph: 423/500
7dm1A_antigen.pdb  5mvzHL_antibody.pdb
Converting SMILES to graph: 424/500
7dm1A_antigen.pdb  2pw2BA_antibody.pdb
Converting SMILES to graph: 425/500
7dm2A_antigen.pdb  6pzeHL_antibody.pdb
Converting SMILES to graph: 426/500
7dm2A_antigen.pdb  7pryCD_antibody.pdb
Converting SMILES to graph: 427/500
7dm2A_antigen.pdb  7ow1HK_antibody.pdb
Converting SMILES to graph: 428/500
7dm2A_antigen.pdb  7zjlji_antibody.pdb
Converting SMILES to graph: 429/500
7dm2A_antigen.pdb  7e53B_antibody.pdb
Converting SMILES to graph: 430/500
7dnhEA_antigen.pdb  8jtdJN_antibody.pdb
Converting SMILES to graph: 431/500
7dnhEA_antigen.pdb  7n05HL_antibody.pdb
Converting SMILES to graph: 432/500
7dnhEA_antigen.pdb  7bw0N_antibody.pdb
Converting SMILES to graph: 433/500
7dnhEA_antigen.pdb  3d85BA_antibody.pdb
Converting SMILES to graph: 434/500
7dnhEA_antigen.pdb  7qnyHL_antibody.pdb
Converting SMILES to graph: 435/500
7dnhEA_antigen.pdb  1kenTU_antibody.pdb
Converting SMILES to graph: 436/500
7dnkDACE_antigen.pdb  6v4pCD_antibody.pdb
Converting SMILES to graph: 437/500
7dnkDACE_antigen.pdb  5cbaAB_antibody.pdb
Converting SMILES to graph: 438/500
7dnkDACE_antigen.pdb  6a0zHL_antibody.pdb
Converting SMILES to graph: 439/500
7dnkDACE_antigen.pdb  7vfaD_antibody.pdb
Converting SMILES to graph: 440/500
7dnkDACE_antigen.pdb  7kmlJN_antibody.pdb
Converting SMILES to graph: 441/500
7dnkDACE_antigen.pdb  2oz4HL_antibody.pdb
Converting SMILES to graph: 442/500
7dnlBA_antigen.pdb  2p8pBA_antibody.pdb
Converting SMILES to graph: 443/500
7dnlBA_antigen.pdb  7oztA_antibody.pdb
Converting SMILES to graph: 444/500
7dnlBA_antigen.pdb  8eviMm_antibody.pdb
Converting SMILES to graph: 445/500
7dnlBA_antigen.pdb  8bggY_antibody.pdb
Converting SMILES to graph: 446/500
7dnlBA_antigen.pdb  3w9eAB_antibody.pdb
Converting SMILES to graph: 447/500
7dnlBA_antigen.pdb  7n0aBA_antibody.pdb
Converting SMILES to graph: 448/500
7dohI_antigen.pdb  6nyqHL_antibody.pdb
Converting SMILES to graph: 449/500
7dohI_antigen.pdb  6o3bGE_antibody.pdb
Converting SMILES to graph: 450/500
7dohI_antigen.pdb  6w4mHL_antibody.pdb
Converting SMILES to graph: 451/500
7dohI_antigen.pdb  6nipHL_antibody.pdb
Converting SMILES to graph: 452/500
7dohI_antigen.pdb  6yxmHL_antibody.pdb
Converting SMILES to graph: 453/500
7dohI_antigen.pdb  7sk8DC_antibody.pdb
Converting SMILES to graph: 454/500
7dpmC_antigen.pdb  7f55N_antibody.pdb
Converting SMILES to graph: 455/500
7dpmC_antigen.pdb  6cmgCB_antibody.pdb
Converting SMILES to graph: 456/500
7dpmC_antigen.pdb  6bpcBC_antibody.pdb
Converting SMILES to graph: 457/500
7dpmC_antigen.pdb  8gq1HL_antibody.pdb
Converting SMILES to graph: 458/500
7dpmC_antigen.pdb  4qexIM_antibody.pdb
Converting SMILES to graph: 459/500
7dpmC_antigen.pdb  6hjqKL_antibody.pdb
Converting SMILES to graph: 460/500
7dq7B_antigen.pdb  6ldyAB_antibody.pdb
Converting SMILES to graph: 461/500
7dq7B_antigen.pdb  7zf5DF_antibody.pdb
Converting SMILES to graph: 462/500
7dq7B_antigen.pdb  3b2uFG_antibody.pdb
Converting SMILES to graph: 463/500
7dq7B_antigen.pdb  1tqbBC_antibody.pdb
Converting SMILES to graph: 464/500
7dq7B_antigen.pdb  8afmD_antibody.pdb
Converting SMILES to graph: 465/500
7dq7B_antigen.pdb  4mhhHL_antibody.pdb
Converting SMILES to graph: 466/500
7dr4K_antigen.pdb  5tojE_antibody.pdb
Converting SMILES to graph: 467/500
7dr4K_antigen.pdb  8flrN_antibody.pdb
Converting SMILES to graph: 468/500
7dr4K_antigen.pdb  6h72D_antibody.pdb
Converting SMILES to graph: 469/500
7dr4K_antigen.pdb  6n4bSs_antibody.pdb
Converting SMILES to graph: 470/500
7dr4K_antigen.pdb  8c9xF_antibody.pdb
Converting SMILES to graph: 471/500
7dr4K_antigen.pdb  3h3pIM_antibody.pdb
Converting SMILES to graph: 472/500
7dss13_antigen.pdb  8x0tHL_antibody.pdb
Converting SMILES to graph: 473/500
7dss13_antigen.pdb  6h72D_antibody.pdb
Converting SMILES to graph: 474/500
7dss13_antigen.pdb  7wthHL_antibody.pdb
Converting SMILES to graph: 475/500
7dss13_antigen.pdb  4nikBb_antibody.pdb
Converting SMILES to graph: 476/500
7dss13_antigen.pdb  7c94BA_antibody.pdb
Converting SMILES to graph: 477/500
7dss13_antigen.pdb  6p9xN_antibody.pdb
Converting SMILES to graph: 478/500
7dstC_antigen.pdb  5u3jHL_antibody.pdb
Converting SMILES to graph: 479/500
7dstC_antigen.pdb  2bocAB_antibody.pdb
Converting SMILES to graph: 480/500
7dstC_antigen.pdb  7u9eBb_antibody.pdb
Converting SMILES to graph: 481/500
7dstC_antigen.pdb  4yo0CD_antibody.pdb
Converting SMILES to graph: 482/500
7dstC_antigen.pdb  3h0tBA_antibody.pdb
Converting SMILES to graph: 483/500
7dstC_antigen.pdb  8cz8Cc_antibody.pdb
Converting SMILES to graph: 484/500
7dtyABG_antigen.pdb  8dz3HL_antibody.pdb
Converting SMILES to graph: 485/500
7dtyABG_antigen.pdb  7vieEe_antibody.pdb
Converting SMILES to graph: 486/500
7dtyABG_antigen.pdb  7s4sHL_antibody.pdb
Converting SMILES to graph: 487/500
7dtyABG_antigen.pdb  5m2iJ_antibody.pdb
Converting SMILES to graph: 488/500
7dtyABG_antigen.pdb  7zmvK_antibody.pdb
Converting SMILES to graph: 489/500
7dtyABG_antigen.pdb  7qbdE_antibody.pdb
Converting SMILES to graph: 490/500
7duoB_antigen.pdb  8cyhHL_antibody.pdb
Converting SMILES to graph: 491/500
7duoB_antigen.pdb  6e4yHL_antibody.pdb
Converting SMILES to graph: 492/500
7duoB_antigen.pdb  7eo4Ee_antibody.pdb
Converting SMILES to graph: 493/500
7duoB_antigen.pdb  7qe5B_antibody.pdb
Converting SMILES to graph: 494/500
7duoB_antigen.pdb  6pecHL_antibody.pdb
Converting SMILES to graph: 495/500
7duoB_antigen.pdb  7pi3TU_antibody.pdb
Converting SMILES to graph: 496/500
7duqAB_antigen.pdb  6nnjUV_antibody.pdb
Converting SMILES to graph: 497/500
7duqAB_antigen.pdb  5dumHL_antibody.pdb
Converting SMILES to graph: 498/500
7duqAB_antigen.pdb  8crbAB_antibody.pdb
Converting SMILES to graph: 499/500
7duqAB_antigen.pdb  5eblAB_antibody.pdb
Converting SMILES to graph: 500/500
7duqAB_antigen.pdb  5ywoNM_antibody.pdb
Graph construction done. Saving to file.
