Converting SMILES to graph: 1/500
7wopA_antigen.pdb  6k0yAB_antibody.pdb
Converting SMILES to graph: 2/500
7wopA_antigen.pdb  7t25HL_antibody.pdb
Converting SMILES to graph: 3/500
7wopA_antigen.pdb  6x1vHL_antibody.pdb
Converting SMILES to graph: 4/500
7woqB_antigen.pdb  8bbhHL_antibody.pdb
Converting SMILES to graph: 5/500
7woqB_antigen.pdb  7kfxHL_antibody.pdb
Converting SMILES to graph: 6/500
7woqB_antigen.pdb  7zfbN_antibody.pdb
Converting SMILES to graph: 7/500
7woqB_antigen.pdb  1op9A_antibody.pdb
Converting SMILES to graph: 8/500
7woqB_antigen.pdb  7wpeXY_antibody.pdb
Converting SMILES to graph: 9/500
7woqB_antigen.pdb  6vl8HL_antibody.pdb
Converting SMILES to graph: 10/500
7worB_antigen.pdb  6cnkKJ_antibody.pdb
Converting SMILES to graph: 11/500
7worB_antigen.pdb  7lwdHL_antibody.pdb
Converting SMILES to graph: 12/500
7worB_antigen.pdb  5u68Ff_antibody.pdb
Converting SMILES to graph: 13/500
7worB_antigen.pdb  7uz5HL_antibody.pdb
Converting SMILES to graph: 14/500
7worB_antigen.pdb  7sl5AB_antibody.pdb
Converting SMILES to graph: 15/500
7worB_antigen.pdb  8epaHL_antibody.pdb
Converting SMILES to graph: 16/500
7wosB_antigen.pdb  7sqpB_antibody.pdb
Converting SMILES to graph: 17/500
7wosB_antigen.pdb  6rpsNM_antibody.pdb
Converting SMILES to graph: 18/500
7wosB_antigen.pdb  8c02B_antibody.pdb
Converting SMILES to graph: 19/500
7wosB_antigen.pdb  8g30EF_antibody.pdb
Converting SMILES to graph: 20/500
7wosB_antigen.pdb  3h0tBA_antibody.pdb
Converting SMILES to graph: 21/500
7wosB_antigen.pdb  8aonBC_antibody.pdb
Converting SMILES to graph: 22/500
7wouB_antigen.pdb  4j6rHL_antibody.pdb
Converting SMILES to graph: 23/500
7wouB_antigen.pdb  7tn9AB_antibody.pdb
Converting SMILES to graph: 24/500
7wouB_antigen.pdb  3b2uFG_antibody.pdb
Converting SMILES to graph: 25/500
7wouB_antigen.pdb  7u8mHL_antibody.pdb
Converting SMILES to graph: 26/500
7wouB_antigen.pdb  7sjsHL_antibody.pdb
Converting SMILES to graph: 27/500
7wouB_antigen.pdb  8djgAB_antibody.pdb
Converting SMILES to graph: 28/500
7wovA_antigen.pdb  8g0wC_antibody.pdb
Converting SMILES to graph: 29/500
7wovA_antigen.pdb  4hlzIJ_antibody.pdb
Converting SMILES to graph: 30/500
7wovA_antigen.pdb  7wg3EA_antibody.pdb
Converting SMILES to graph: 31/500
7wovA_antigen.pdb  4hkzBA_antibody.pdb
Converting SMILES to graph: 32/500
7wovA_antigen.pdb  4am0CD_antibody.pdb
Converting SMILES to graph: 33/500
7wovA_antigen.pdb  4u6hAB_antibody.pdb
Converting SMILES to graph: 34/500
7wowA_antigen.pdb  4hlzIJ_antibody.pdb
Converting SMILES to graph: 35/500
7wowA_antigen.pdb  7ws7GF_antibody.pdb
Converting SMILES to graph: 36/500
7wowA_antigen.pdb  6aj9DE_antibody.pdb
Converting SMILES to graph: 37/500
7wowA_antigen.pdb  7kn4MN_antibody.pdb
Converting SMILES to graph: 38/500
7wowA_antigen.pdb  4c59B_antibody.pdb
Converting SMILES to graph: 39/500
7wowA_antigen.pdb  8iulEe_antibody.pdb
Converting SMILES to graph: 40/500
7wp0F_antigen.pdb  8sr0YZ_antibody.pdb
Converting SMILES to graph: 41/500
7wp0F_antigen.pdb  5c7xMN_antibody.pdb
Converting SMILES to graph: 42/500
7wp0F_antigen.pdb  8u26N_antibody.pdb
Converting SMILES to graph: 43/500
7wp0F_antigen.pdb  4qciHL_antibody.pdb
Converting SMILES to graph: 44/500
7wp0F_antigen.pdb  5a2iHh_antibody.pdb
Converting SMILES to graph: 45/500
7wp0F_antigen.pdb  5f3jDd_antibody.pdb
Converting SMILES to graph: 46/500
7wp1F_antigen.pdb  2xt1B_antibody.pdb
Converting SMILES to graph: 47/500
7wp1F_antigen.pdb  3skjHL_antibody.pdb
Converting SMILES to graph: 48/500
7wp1F_antigen.pdb  6dbgC_antibody.pdb
Converting SMILES to graph: 49/500
7wp1F_antigen.pdb  3se9HL_antibody.pdb
Converting SMILES to graph: 50/500
7wp1F_antigen.pdb  5jdsB_antibody.pdb
Converting SMILES to graph: 51/500
7wp1F_antigen.pdb  7nd5HL_antibody.pdb
Converting SMILES to graph: 52/500
7wp2F_antigen.pdb  2i9lFE_antibody.pdb
Converting SMILES to graph: 53/500
7wp2F_antigen.pdb  7r89CD_antibody.pdb
Converting SMILES to graph: 54/500
7wp2F_antigen.pdb  7mnlHL_antibody.pdb
Converting SMILES to graph: 55/500
7wp2F_antigen.pdb  6wzjCD_antibody.pdb
Converting SMILES to graph: 56/500
7wp2F_antigen.pdb  7fiyN_antibody.pdb
Converting SMILES to graph: 57/500
7wp5F_antigen.pdb  8kgkE_antibody.pdb
Converting SMILES to graph: 58/500
7wp5F_antigen.pdb  8hnnN_antibody.pdb
Converting SMILES to graph: 59/500
7wp5F_antigen.pdb  7wvmAB_antibody.pdb
Converting SMILES to graph: 60/500
7wp5F_antigen.pdb  7wnbHL_antibody.pdb
Converting SMILES to graph: 61/500
7wp5F_antigen.pdb  7tr4LH_antibody.pdb
Converting SMILES to graph: 62/500
7wp5F_antigen.pdb  6cf2AB_antibody.pdb
Converting SMILES to graph: 63/500
7wp6F_antigen.pdb  8cyaD_antibody.pdb
Converting SMILES to graph: 64/500
7wp6F_antigen.pdb  7f53N_antibody.pdb
Converting SMILES to graph: 65/500
7wp6F_antigen.pdb  7e5rLH_antibody.pdb
Converting SMILES to graph: 66/500
7wp6F_antigen.pdb  7wt7HD_antibody.pdb
Converting SMILES to graph: 67/500
7wp6F_antigen.pdb  6n6bKL_antibody.pdb
Converting SMILES to graph: 68/500
7wp6F_antigen.pdb  4hpyHL_antibody.pdb
Converting SMILES to graph: 69/500
7wp8F_antigen.pdb  5bo1IM_antibody.pdb
Converting SMILES to graph: 70/500
7wp8F_antigen.pdb  8dt3HL_antibody.pdb
Converting SMILES to graph: 71/500
7wp8F_antigen.pdb  7zfdAB_antibody.pdb
Converting SMILES to graph: 72/500
7wp8F_antigen.pdb  7ubrEF_antibody.pdb
Converting SMILES to graph: 73/500
7wp8F_antigen.pdb  6e4zHL_antibody.pdb
Converting SMILES to graph: 74/500
7wp8F_antigen.pdb  5f7nD_antibody.pdb
Converting SMILES to graph: 75/500
7wpdA_antigen.pdb  7v9lN_antibody.pdb
Converting SMILES to graph: 76/500
7wpdA_antigen.pdb  8jiuN_antibody.pdb
Converting SMILES to graph: 77/500
7wpdA_antigen.pdb  4hkxAB_antibody.pdb
Converting SMILES to graph: 78/500
7wpdA_antigen.pdb  8im1B_antibody.pdb
Converting SMILES to graph: 79/500
7wpdA_antigen.pdb  8de3BC_antibody.pdb
Converting SMILES to graph: 80/500
7wpdA_antigen.pdb  6co3HL_antibody.pdb
Converting SMILES to graph: 81/500
7wpeB_antigen.pdb  4jb9HL_antibody.pdb
Converting SMILES to graph: 82/500
7wpeB_antigen.pdb  7e3cBC_antibody.pdb
Converting SMILES to graph: 83/500
7wpeB_antigen.pdb  6h5nCB_antibody.pdb
Converting SMILES to graph: 84/500
7wpeB_antigen.pdb  6h7kC_antibody.pdb
Converting SMILES to graph: 85/500
7wpeB_antigen.pdb  6urhHL_antibody.pdb
Converting SMILES to graph: 86/500
7wpfC_antigen.pdb  7ugpMP_antibody.pdb
Converting SMILES to graph: 87/500
7wpfC_antigen.pdb  4oluHL_antibody.pdb
Converting SMILES to graph: 88/500
7wpfC_antigen.pdb  6oq5F_antibody.pdb
Converting SMILES to graph: 89/500
7wpfC_antigen.pdb  6nfjB_antibody.pdb
Converting SMILES to graph: 90/500
7wpfC_antigen.pdb  7ljdN_antibody.pdb
Converting SMILES to graph: 91/500
7wpfC_antigen.pdb  7cmvEe_antibody.pdb
Converting SMILES to graph: 92/500
7wphA_antigen.pdb  6b5pHL_antibody.pdb
Converting SMILES to graph: 93/500
7wphA_antigen.pdb  4yx2HL_antibody.pdb
Converting SMILES to graph: 94/500
7wphA_antigen.pdb  4h88HL_antibody.pdb
Converting SMILES to graph: 95/500
7wphA_antigen.pdb  7e9gDd_antibody.pdb
Converting SMILES to graph: 96/500
7wphA_antigen.pdb  4kkcCD_antibody.pdb
Converting SMILES to graph: 97/500
7wphA_antigen.pdb  8dpzFG_antibody.pdb
Converting SMILES to graph: 98/500
7wq3AB_antigen.pdb  7r40DF_antibody.pdb
Converting SMILES to graph: 99/500
7wq3AB_antigen.pdb  8hr2B_antibody.pdb
Converting SMILES to graph: 100/500
7wq3AB_antigen.pdb  8bg8HL_antibody.pdb
Converting SMILES to graph: 101/500
7wq3AB_antigen.pdb  7f1oE_antibody.pdb
Converting SMILES to graph: 102/500
7wq3AB_antigen.pdb  7x2gHL_antibody.pdb
Converting SMILES to graph: 103/500
7wq3AB_antigen.pdb  4dgiHL_antibody.pdb
Converting SMILES to graph: 104/500
7wq4AB_antigen.pdb  3jbc7_antibody.pdb
Converting SMILES to graph: 105/500
7wq4AB_antigen.pdb  3qa3BA_antibody.pdb
Converting SMILES to graph: 106/500
7wq4AB_antigen.pdb  5tudFE_antibody.pdb
Converting SMILES to graph: 107/500
7wq4AB_antigen.pdb  6mhrAB_antibody.pdb
Converting SMILES to graph: 108/500
7wq4AB_antigen.pdb  1ospHL_antibody.pdb
Converting SMILES to graph: 109/500
7wqvA_antigen.pdb  7wlwHL_antibody.pdb
Converting SMILES to graph: 110/500
7wqvA_antigen.pdb  4olzHL_antibody.pdb
Converting SMILES to graph: 111/500
7wqvA_antigen.pdb  3be1HL_antibody.pdb
Converting SMILES to graph: 112/500
7wqvA_antigen.pdb  7yagC_antibody.pdb
Converting SMILES to graph: 113/500
7wqvA_antigen.pdb  5d72MN_antibody.pdb
Converting SMILES to graph: 114/500
7wqvA_antigen.pdb  8iukEe_antibody.pdb
Converting SMILES to graph: 115/500
7wr8R_antigen.pdb  5td8E_antibody.pdb
Converting SMILES to graph: 116/500
7wr8R_antigen.pdb  4ztoHL_antibody.pdb
Converting SMILES to graph: 117/500
7wr8R_antigen.pdb  5czvHL_antibody.pdb
Converting SMILES to graph: 118/500
7wr8R_antigen.pdb  8e8sHL_antibody.pdb
Converting SMILES to graph: 119/500
7wr8R_antigen.pdb  7czzIM_antibody.pdb
Converting SMILES to graph: 120/500
7wr8R_antigen.pdb  1xcqDC_antibody.pdb
Converting SMILES to graph: 121/500
7wr9F_antigen.pdb  7sx7HL_antibody.pdb
Converting SMILES to graph: 122/500
7wr9F_antigen.pdb  6wtvHI_antibody.pdb
Converting SMILES to graph: 123/500
7wr9F_antigen.pdb  8dnnBC_antibody.pdb
Converting SMILES to graph: 124/500
7wr9F_antigen.pdb  2y6sHL_antibody.pdb
Converting SMILES to graph: 125/500
7wr9F_antigen.pdb  8h7lDG_antibody.pdb
Converting SMILES to graph: 126/500
7wr9F_antigen.pdb  7ej8Hh_antibody.pdb
Converting SMILES to graph: 127/500
7wrjR_antigen.pdb  8emyG_antibody.pdb
Converting SMILES to graph: 128/500
7wrjR_antigen.pdb  7e9bHL_antibody.pdb
Converting SMILES to graph: 129/500
7wrjR_antigen.pdb  3dvgBA_antibody.pdb
Converting SMILES to graph: 130/500
7wrjR_antigen.pdb  5eblAB_antibody.pdb
Converting SMILES to graph: 131/500
7wrjR_antigen.pdb  7nj5F_antibody.pdb
Converting SMILES to graph: 132/500
7wrjR_antigen.pdb  1g9nHL_antibody.pdb
Converting SMILES to graph: 133/500
7wrlR_antigen.pdb  7ox4AB_antibody.pdb
Converting SMILES to graph: 134/500
7wrlR_antigen.pdb  7ki4HL_antibody.pdb
Converting SMILES to graph: 135/500
7wrlR_antigen.pdb  4etqHL_antibody.pdb
Converting SMILES to graph: 136/500
7wrlR_antigen.pdb  8gocDE_antibody.pdb
Converting SMILES to graph: 137/500
7wrlR_antigen.pdb  6opoHL_antibody.pdb
Converting SMILES to graph: 138/500
7wrlR_antigen.pdb  4bz2HL_antibody.pdb
Converting SMILES to graph: 139/500
7wroR_antigen.pdb  7tb8JK_antibody.pdb
Converting SMILES to graph: 140/500
7wroR_antigen.pdb  5uk2Hh_antibody.pdb
Converting SMILES to graph: 141/500
7wroR_antigen.pdb  4krlB_antibody.pdb
Converting SMILES to graph: 142/500
7wroR_antigen.pdb  6x07B_antibody.pdb
Converting SMILES to graph: 143/500
7wroR_antigen.pdb  8bzyB_antibody.pdb
Converting SMILES to graph: 144/500
7wroR_antigen.pdb  6h72D_antibody.pdb
Converting SMILES to graph: 145/500
7wrvC_antigen.pdb  7vmuAa_antibody.pdb
Converting SMILES to graph: 146/500
7wrvC_antigen.pdb  7btsB_antibody.pdb
Converting SMILES to graph: 147/500
7wrvC_antigen.pdb  8g3nEF_antibody.pdb
Converting SMILES to graph: 148/500
7wrvC_antigen.pdb  5xcrAB_antibody.pdb
Converting SMILES to graph: 149/500
7wrvC_antigen.pdb  4pp2BA_antibody.pdb
Converting SMILES to graph: 150/500
7wrvC_antigen.pdb  7ahuBA_antibody.pdb
Converting SMILES to graph: 151/500
7wryR_antigen.pdb  6i2gA_antibody.pdb
Converting SMILES to graph: 152/500
7wryR_antigen.pdb  7deuBb_antibody.pdb
Converting SMILES to graph: 153/500
7wryR_antigen.pdb  8dwaHL_antibody.pdb
Converting SMILES to graph: 154/500
7wryR_antigen.pdb  8t7hC_antibody.pdb
Converting SMILES to graph: 155/500
7wryR_antigen.pdb  4ydvHL_antibody.pdb
Converting SMILES to graph: 156/500
7wryR_antigen.pdb  8derXY_antibody.pdb
Converting SMILES to graph: 157/500
7wrzR_antigen.pdb  6xgcIJ_antibody.pdb
Converting SMILES to graph: 158/500
7wrzR_antigen.pdb  7lj5ED_antibody.pdb
Converting SMILES to graph: 159/500
7wrzR_antigen.pdb  6xcjHL_antibody.pdb
Converting SMILES to graph: 160/500
7wrzR_antigen.pdb  8d36HL_antibody.pdb
Converting SMILES to graph: 161/500
7wrzR_antigen.pdb  8fgxBA_antibody.pdb
Converting SMILES to graph: 162/500
7wrzR_antigen.pdb  5hdbEF_antibody.pdb
Converting SMILES to graph: 163/500
7ws0B_antigen.pdb  7jieCD_antibody.pdb
Converting SMILES to graph: 164/500
7ws0B_antigen.pdb  4u6vHL_antibody.pdb
Converting SMILES to graph: 165/500
7ws0B_antigen.pdb  7s6jCD_antibody.pdb
Converting SMILES to graph: 166/500
7ws0B_antigen.pdb  6b7zEF_antibody.pdb
Converting SMILES to graph: 167/500
7ws0B_antigen.pdb  5mevHL_antibody.pdb
Converting SMILES to graph: 168/500
7ws0B_antigen.pdb  8a96KJ_antibody.pdb
Converting SMILES to graph: 169/500
7ws1A_antigen.pdb  7a69CB_antibody.pdb
Converting SMILES to graph: 170/500
7ws1A_antigen.pdb  6vttHL_antibody.pdb
Converting SMILES to graph: 171/500
7ws1A_antigen.pdb  5gs2Hh_antibody.pdb
Converting SMILES to graph: 172/500
7ws1A_antigen.pdb  7z12BC_antibody.pdb
Converting SMILES to graph: 173/500
7ws1A_antigen.pdb  5vzyHL_antibody.pdb
Converting SMILES to graph: 174/500
7ws1A_antigen.pdb  6uunN_antibody.pdb
Converting SMILES to graph: 175/500
7ws2A_antigen.pdb  7mbxN_antibody.pdb
Converting SMILES to graph: 176/500
7ws2A_antigen.pdb  7y3gN_antibody.pdb
Converting SMILES to graph: 177/500
7ws2A_antigen.pdb  6oyzH_antibody.pdb
Converting SMILES to graph: 178/500
7ws2A_antigen.pdb  7t0zHL_antibody.pdb
Converting SMILES to graph: 179/500
7ws2A_antigen.pdb  7kexGJ_antibody.pdb
Converting SMILES to graph: 180/500
7ws2A_antigen.pdb  7ox2AL_antibody.pdb
Converting SMILES to graph: 181/500
7ws3C_antigen.pdb  6e4zHL_antibody.pdb
Converting SMILES to graph: 182/500
7ws3C_antigen.pdb  8dtnA_antibody.pdb
Converting SMILES to graph: 183/500
7ws3C_antigen.pdb  6ko5HL_antibody.pdb
Converting SMILES to graph: 184/500
7ws3C_antigen.pdb  7u09HL_antibody.pdb
Converting SMILES to graph: 185/500
7ws3C_antigen.pdb  8cybD_antibody.pdb
Converting SMILES to graph: 186/500
7ws3C_antigen.pdb  6rvcF_antibody.pdb
Converting SMILES to graph: 187/500
7ws4CAB_antigen.pdb  8b18B_antibody.pdb
Converting SMILES to graph: 188/500
7ws4CAB_antigen.pdb  1tjgHL_antibody.pdb
Converting SMILES to graph: 189/500
7ws4CAB_antigen.pdb  8ha0N_antibody.pdb
Converting SMILES to graph: 190/500
7ws4CAB_antigen.pdb  7sk4DC_antibody.pdb
Converting SMILES to graph: 191/500
7ws4CAB_antigen.pdb  8as0BC_antibody.pdb
Converting SMILES to graph: 192/500
7ws4CAB_antigen.pdb  7w0oSs_antibody.pdb
Converting SMILES to graph: 193/500
7ws5C_antigen.pdb  2or9IM_antibody.pdb
Converting SMILES to graph: 194/500
7ws5C_antigen.pdb  5zxvCD_antibody.pdb
Converting SMILES to graph: 195/500
7ws5C_antigen.pdb  8dwwHL_antibody.pdb
Converting SMILES to graph: 196/500
7ws5C_antigen.pdb  7re7HL_antibody.pdb
Converting SMILES to graph: 197/500
7ws5C_antigen.pdb  6idkHL_antibody.pdb
Converting SMILES to graph: 198/500
7ws5C_antigen.pdb  7lwdHL_antibody.pdb
Converting SMILES to graph: 199/500
7ws6C_antigen.pdb  6x9rHL_antibody.pdb
Converting SMILES to graph: 200/500
7ws6C_antigen.pdb  4xc1HL_antibody.pdb
Converting SMILES to graph: 201/500
7ws6C_antigen.pdb  8bf4D_antibody.pdb
Converting SMILES to graph: 202/500
7ws6C_antigen.pdb  7fgrHL_antibody.pdb
Converting SMILES to graph: 203/500
7ws6C_antigen.pdb  7epuAa_antibody.pdb
Converting SMILES to graph: 204/500
7ws6C_antigen.pdb  7mxdJK_antibody.pdb
Converting SMILES to graph: 205/500
7ws7B_antigen.pdb  8j7eAB_antibody.pdb
Converting SMILES to graph: 206/500
7ws7B_antigen.pdb  7b14D_antibody.pdb
Converting SMILES to graph: 207/500
7ws7B_antigen.pdb  7klwB_antibody.pdb
Converting SMILES to graph: 208/500
7ws7B_antigen.pdb  3sobHL_antibody.pdb
Converting SMILES to graph: 209/500
7ws7B_antigen.pdb  7wn8HL_antibody.pdb
Converting SMILES to graph: 210/500
7wscR_antigen.pdb  2bobAB_antibody.pdb
Converting SMILES to graph: 211/500
7wscR_antigen.pdb  7c61HL_antibody.pdb
Converting SMILES to graph: 212/500
7wscR_antigen.pdb  6azmBA_antibody.pdb
Converting SMILES to graph: 213/500
7wscR_antigen.pdb  6sncBA_antibody.pdb
Converting SMILES to graph: 214/500
7wscR_antigen.pdb  7tywN_antibody.pdb
Converting SMILES to graph: 215/500
7wscR_antigen.pdb  4ocnC_antibody.pdb
Converting SMILES to graph: 216/500
7wsiA_antigen.pdb  6d01GH_antibody.pdb
Converting SMILES to graph: 217/500
7wsiA_antigen.pdb  3wxvHL_antibody.pdb
Converting SMILES to graph: 218/500
7wsiA_antigen.pdb  7tn9AB_antibody.pdb
Converting SMILES to graph: 219/500
7wsiA_antigen.pdb  8im0B_antibody.pdb
Converting SMILES to graph: 220/500
7wsiA_antigen.pdb  3f7yAB_antibody.pdb
Converting SMILES to graph: 221/500
7wsiA_antigen.pdb  7q9iEF_antibody.pdb
Converting SMILES to graph: 222/500
7wslD_antigen.pdb  5hhvHL_antibody.pdb
Converting SMILES to graph: 223/500
7wslD_antigen.pdb  5mp5AB_antibody.pdb
Converting SMILES to graph: 224/500
7wslD_antigen.pdb  8gb6HL_antibody.pdb
Converting SMILES to graph: 225/500
7wslD_antigen.pdb  1yy9DC_antibody.pdb
Converting SMILES to graph: 226/500
7wslD_antigen.pdb  8h8jHh_antibody.pdb
Converting SMILES to graph: 227/500
7wslD_antigen.pdb  4ps4HL_antibody.pdb
Converting SMILES to graph: 228/500
7wt7C_antigen.pdb  1u8kBA_antibody.pdb
Converting SMILES to graph: 229/500
7wt7C_antigen.pdb  8wsqAB_antibody.pdb
Converting SMILES to graph: 230/500
7wt7C_antigen.pdb  6o26AB_antibody.pdb
Converting SMILES to graph: 231/500
7wt7C_antigen.pdb  3rjqB_antibody.pdb
Converting SMILES to graph: 232/500
7wt7C_antigen.pdb  6feqDC_antibody.pdb
Converting SMILES to graph: 233/500
7wt7C_antigen.pdb  2y5tAB_antibody.pdb
Converting SMILES to graph: 234/500
7wt8C_antigen.pdb  5do2HL_antibody.pdb
Converting SMILES to graph: 235/500
7wt8C_antigen.pdb  2ny3DC_antibody.pdb
Converting SMILES to graph: 236/500
7wt8C_antigen.pdb  8sanCD_antibody.pdb
Converting SMILES to graph: 237/500
7wt8C_antigen.pdb  1kc5HL_antibody.pdb
Converting SMILES to graph: 238/500
7wt8C_antigen.pdb  4tsaHL_antibody.pdb
Converting SMILES to graph: 239/500
7wt8C_antigen.pdb  6x5bIF_antibody.pdb
Converting SMILES to graph: 240/500
7wt9E_antigen.pdb  1kxqG_antibody.pdb
Converting SMILES to graph: 241/500
7wt9E_antigen.pdb  6e3yN_antibody.pdb
Converting SMILES to graph: 242/500
7wt9E_antigen.pdb  5k9qUV_antibody.pdb
Converting SMILES to graph: 243/500
7wt9E_antigen.pdb  6aq7HL_antibody.pdb
Converting SMILES to graph: 244/500
7wt9E_antigen.pdb  6pciIL_antibody.pdb
Converting SMILES to graph: 245/500
7wt9E_antigen.pdb  7v3jHL_antibody.pdb
Converting SMILES to graph: 246/500
7wtfB_antigen.pdb  4gxuMN_antibody.pdb
Converting SMILES to graph: 247/500
7wtfB_antigen.pdb  8awmHL_antibody.pdb
Converting SMILES to graph: 248/500
7wtfB_antigen.pdb  7cvzQR_antibody.pdb
Converting SMILES to graph: 249/500
7wtfB_antigen.pdb  7zozHL_antibody.pdb
Converting SMILES to graph: 250/500
7wtfB_antigen.pdb  5xcsAB_antibody.pdb
Converting SMILES to graph: 251/500
7wtfB_antigen.pdb  8bg6AB_antibody.pdb
Converting SMILES to graph: 252/500
7wtgE_antigen.pdb  6qeeCB_antibody.pdb
Converting SMILES to graph: 253/500
7wtgE_antigen.pdb  7cw3qr_antibody.pdb
Converting SMILES to graph: 254/500
7wtgE_antigen.pdb  7x2gHL_antibody.pdb
Converting SMILES to graph: 255/500
7wtgE_antigen.pdb  6d2pHL_antibody.pdb
Converting SMILES to graph: 256/500
7wtgE_antigen.pdb  5wb9HL_antibody.pdb
Converting SMILES to graph: 257/500
7wtgE_antigen.pdb  6ujcEF_antibody.pdb
Converting SMILES to graph: 258/500
7wthE_antigen.pdb  8f5nHL_antibody.pdb
Converting SMILES to graph: 259/500
7wthE_antigen.pdb  4ocmF_antibody.pdb
Converting SMILES to graph: 260/500
7wthE_antigen.pdb  7kn4MN_antibody.pdb
Converting SMILES to graph: 261/500
7wthE_antigen.pdb  1ic5HL_antibody.pdb
Converting SMILES to graph: 262/500
7wthE_antigen.pdb  1qkzHL_antibody.pdb
Converting SMILES to graph: 263/500
7wthE_antigen.pdb  6x3tJI_antibody.pdb
Converting SMILES to graph: 264/500
7wtiA_antigen.pdb  7wq3Ss_antibody.pdb
Converting SMILES to graph: 265/500
7wtiA_antigen.pdb  8gpxHL_antibody.pdb
Converting SMILES to graph: 266/500
7wtiA_antigen.pdb  7qn7G_antibody.pdb
Converting SMILES to graph: 267/500
7wtiA_antigen.pdb  7xj6ED_antibody.pdb
Converting SMILES to graph: 268/500
7wtiA_antigen.pdb  5f45HL_antibody.pdb
Converting SMILES to graph: 269/500
7wtiA_antigen.pdb  7vacBA_antibody.pdb
Converting SMILES to graph: 270/500
7wtjE_antigen.pdb  7z1eF_antibody.pdb
Converting SMILES to graph: 271/500
7wtjE_antigen.pdb  7vvmN_antibody.pdb
Converting SMILES to graph: 272/500
7wtjE_antigen.pdb  7swxHL_antibody.pdb
Converting SMILES to graph: 273/500
7wtjE_antigen.pdb  7a6cCB_antibody.pdb
Converting SMILES to graph: 274/500
7wtjE_antigen.pdb  7nksCD_antibody.pdb
Converting SMILES to graph: 275/500
7wtjE_antigen.pdb  6lraHL_antibody.pdb
Converting SMILES to graph: 276/500
7wtkC_antigen.pdb  8gurSs_antibody.pdb
Converting SMILES to graph: 277/500
7wtkC_antigen.pdb  5n7bHh_antibody.pdb
Converting SMILES to graph: 278/500
7wtkC_antigen.pdb  4jg0HL_antibody.pdb
Converting SMILES to graph: 279/500
7wtkC_antigen.pdb  7xkdN_antibody.pdb
Converting SMILES to graph: 280/500
7wtkC_antigen.pdb  8fbaAB_antibody.pdb
Converting SMILES to graph: 281/500
7wtkC_antigen.pdb  6ousQR_antibody.pdb
Converting SMILES to graph: 282/500
7wu2AB_antigen.pdb  6cxcGJ_antibody.pdb
Converting SMILES to graph: 283/500
7wu2AB_antigen.pdb  8dwaHL_antibody.pdb
Converting SMILES to graph: 284/500
7wu2AB_antigen.pdb  8dy5Aa_antibody.pdb
Converting SMILES to graph: 285/500
7wu2AB_antigen.pdb  8jitN_antibody.pdb
Converting SMILES to graph: 286/500
7wu2AB_antigen.pdb  5ggtHL_antibody.pdb
Converting SMILES to graph: 287/500
7wu2AB_antigen.pdb  7lj5ED_antibody.pdb
Converting SMILES to graph: 288/500
7wu3AB_antigen.pdb  7mjkHI_antibody.pdb
Converting SMILES to graph: 289/500
7wu3AB_antigen.pdb  7r23C_antibody.pdb
Converting SMILES to graph: 290/500
7wu3AB_antigen.pdb  1xguBA_antibody.pdb
Converting SMILES to graph: 291/500
7wu3AB_antigen.pdb  3csyEF_antibody.pdb
Converting SMILES to graph: 292/500
7wu3AB_antigen.pdb  5njgEF_antibody.pdb
Converting SMILES to graph: 293/500
7wu9AB_antigen.pdb  3zksD_antibody.pdb
Converting SMILES to graph: 294/500
7wu9AB_antigen.pdb  4u1gEF_antibody.pdb
Converting SMILES to graph: 295/500
7wu9AB_antigen.pdb  3cfiL_antibody.pdb
Converting SMILES to graph: 296/500
7wu9AB_antigen.pdb  7bb7G_antibody.pdb
Converting SMILES to graph: 297/500
7wu9AB_antigen.pdb  6vl8HL_antibody.pdb
Converting SMILES to graph: 298/500
7wu9AB_antigen.pdb  7qbfB_antibody.pdb
Converting SMILES to graph: 299/500
7wueA_antigen.pdb  8scxHL_antibody.pdb
Converting SMILES to graph: 300/500
7wueA_antigen.pdb  5f93H_antibody.pdb
Converting SMILES to graph: 301/500
7wueA_antigen.pdb  7e9bHL_antibody.pdb
Converting SMILES to graph: 302/500
7wueA_antigen.pdb  7c80HL_antibody.pdb
Converting SMILES to graph: 303/500
7wueA_antigen.pdb  5h35HI_antibody.pdb
Converting SMILES to graph: 304/500
7wueA_antigen.pdb  8dadHL_antibody.pdb
Converting SMILES to graph: 305/500
7wuhC_antigen.pdb  3k2uHL_antibody.pdb
Converting SMILES to graph: 306/500
7wuhC_antigen.pdb  7mhrAB_antibody.pdb
Converting SMILES to graph: 307/500
7wuhC_antigen.pdb  7cw0OP_antibody.pdb
Converting SMILES to graph: 308/500
7wuhC_antigen.pdb  7li9BC_antibody.pdb
Converting SMILES to graph: 309/500
7wuhC_antigen.pdb  7xtaEe_antibody.pdb
Converting SMILES to graph: 310/500
7wuhC_antigen.pdb  4kxzQP_antibody.pdb
Converting SMILES to graph: 311/500
7wuiABG_antigen.pdb  7zraE_antibody.pdb
Converting SMILES to graph: 312/500
7wuiABG_antigen.pdb  8et0C_antibody.pdb
Converting SMILES to graph: 313/500
7wuiABG_antigen.pdb  7nd3HL_antibody.pdb
Converting SMILES to graph: 314/500
7wuiABG_antigen.pdb  6vmjFE_antibody.pdb
Converting SMILES to graph: 315/500
7wuiABG_antigen.pdb  7ljbED_antibody.pdb
Converting SMILES to graph: 316/500
7wuiABG_antigen.pdb  6wfyHL_antibody.pdb
Converting SMILES to graph: 317/500
7wujA_antigen.pdb  7vacBA_antibody.pdb
Converting SMILES to graph: 318/500
7wujA_antigen.pdb  4fqiHL_antibody.pdb
Converting SMILES to graph: 319/500
7wujA_antigen.pdb  4dn4HL_antibody.pdb
Converting SMILES to graph: 320/500
7wujA_antigen.pdb  5j3hCD_antibody.pdb
Converting SMILES to graph: 321/500
7wujA_antigen.pdb  7rnjHL_antibody.pdb
Converting SMILES to graph: 322/500
7wujA_antigen.pdb  5tbdEF_antibody.pdb
Converting SMILES to graph: 323/500
7wuqABG_antigen.pdb  3ux9Bb_antibody.pdb
Converting SMILES to graph: 324/500
7wuqABG_antigen.pdb  5dupHL_antibody.pdb
Converting SMILES to graph: 325/500
7wuqABG_antigen.pdb  4z7qHL_antibody.pdb
Converting SMILES to graph: 326/500
7wuqABG_antigen.pdb  6yo6C_antibody.pdb
Converting SMILES to graph: 327/500
7wuqABG_antigen.pdb  8f6oAB_antibody.pdb
Converting SMILES to graph: 328/500
7wuqABG_antigen.pdb  7ymjD_antibody.pdb
Converting SMILES to graph: 329/500
7wurA_antigen.pdb  6ocbHL_antibody.pdb
Converting SMILES to graph: 330/500
7wurA_antigen.pdb  5t3zHL_antibody.pdb
Converting SMILES to graph: 331/500
7wurA_antigen.pdb  8tp4HL_antibody.pdb
Converting SMILES to graph: 332/500
7wurA_antigen.pdb  7qcqA_antibody.pdb
Converting SMILES to graph: 333/500
7wurA_antigen.pdb  7z1bF_antibody.pdb
Converting SMILES to graph: 334/500
7wurA_antigen.pdb  1u93BA_antibody.pdb
Converting SMILES to graph: 335/500
7wv9ACB_antigen.pdb  7vuiN_antibody.pdb
Converting SMILES to graph: 336/500
7wv9ACB_antigen.pdb  3wlwCD_antibody.pdb
Converting SMILES to graph: 337/500
7wv9ACB_antigen.pdb  8dgxHL_antibody.pdb
Converting SMILES to graph: 338/500
7wv9ACB_antigen.pdb  7wo7AB_antibody.pdb
Converting SMILES to graph: 339/500
7wv9ACB_antigen.pdb  5ogiBb_antibody.pdb
Converting SMILES to graph: 340/500
7wv9ACB_antigen.pdb  6z7zBA_antibody.pdb
Converting SMILES to graph: 341/500
7wvdDC_antigen.pdb  7pivN_antibody.pdb
Converting SMILES to graph: 342/500
7wvdDC_antigen.pdb  6v8xGH_antibody.pdb
Converting SMILES to graph: 343/500
7wvdDC_antigen.pdb  3bdyHL_antibody.pdb
Converting SMILES to graph: 344/500
7wvdDC_antigen.pdb  6jodHL_antibody.pdb
Converting SMILES to graph: 345/500
7wvdDC_antigen.pdb  8il3BA_antibody.pdb
Converting SMILES to graph: 346/500
7wvdDC_antigen.pdb  1jttA_antibody.pdb
Converting SMILES to graph: 347/500
7wvfA_antigen.pdb  7k8sHL_antibody.pdb
Converting SMILES to graph: 348/500
7wvfA_antigen.pdb  8ee5HL_antibody.pdb
Converting SMILES to graph: 349/500
7wvfA_antigen.pdb  6b0aHL_antibody.pdb
Converting SMILES to graph: 350/500
7wvfA_antigen.pdb  7f12Bb_antibody.pdb
Converting SMILES to graph: 351/500
7wvfA_antigen.pdb  6lraHL_antibody.pdb
Converting SMILES to graph: 352/500
7wvfA_antigen.pdb  4gftB_antibody.pdb
Converting SMILES to graph: 353/500
7wvgBA_antigen.pdb  6wxlKJ_antibody.pdb
Converting SMILES to graph: 354/500
7wvgBA_antigen.pdb  7mw5FG_antibody.pdb
Converting SMILES to graph: 355/500
7wvgBA_antigen.pdb  6pb0N_antibody.pdb
Converting SMILES to graph: 356/500
7wvgBA_antigen.pdb  3g5vBA_antibody.pdb
Converting SMILES to graph: 357/500
7wvgBA_antigen.pdb  7kn5C_antibody.pdb
Converting SMILES to graph: 358/500
7wvgBA_antigen.pdb  8t06CD_antibody.pdb
Converting SMILES to graph: 359/500
7wvlF_antigen.pdb  7ri1B_antibody.pdb
Converting SMILES to graph: 360/500
7wvlF_antigen.pdb  3lhpHL_antibody.pdb
Converting SMILES to graph: 361/500
7wvlF_antigen.pdb  6ranC_antibody.pdb
Converting SMILES to graph: 362/500
7wvlF_antigen.pdb  6q0oZB_antibody.pdb
Converting SMILES to graph: 363/500
7wvlF_antigen.pdb  6cseHL_antibody.pdb
Converting SMILES to graph: 364/500
7wvlF_antigen.pdb  4bfbE_antibody.pdb
Converting SMILES to graph: 365/500
7wvmE_antigen.pdb  7bepDF_antibody.pdb
Converting SMILES to graph: 366/500
7wvmE_antigen.pdb  4z9kB_antibody.pdb
Converting SMILES to graph: 367/500
7wvmE_antigen.pdb  7slaB_antibody.pdb
Converting SMILES to graph: 368/500
7wvmE_antigen.pdb  3j697_antibody.pdb
Converting SMILES to graph: 369/500
7wvmE_antigen.pdb  7n8qHL_antibody.pdb
Converting SMILES to graph: 370/500
7wvmE_antigen.pdb  7r8bCD_antibody.pdb
Converting SMILES to graph: 371/500
7wwiA_antigen.pdb  8dccHL_antibody.pdb
Converting SMILES to graph: 372/500
7wwiA_antigen.pdb  6mwxOP_antibody.pdb
Converting SMILES to graph: 373/500
7wwiA_antigen.pdb  5f9dC_antibody.pdb
Converting SMILES to graph: 374/500
7wwiA_antigen.pdb  5vn3MO_antibody.pdb
Converting SMILES to graph: 375/500
7wwiA_antigen.pdb  5mu0AB_antibody.pdb
Converting SMILES to graph: 376/500
7wwiA_antigen.pdb  6higHL_antibody.pdb
Converting SMILES to graph: 377/500
7wwjB_antigen.pdb  7pg8IG_antibody.pdb
Converting SMILES to graph: 378/500
7wwjB_antigen.pdb  3be1HL_antibody.pdb
Converting SMILES to graph: 379/500
7wwjB_antigen.pdb  3o41HL_antibody.pdb
Converting SMILES to graph: 380/500
7wwjB_antigen.pdb  6vlrDK_antibody.pdb
Converting SMILES to graph: 381/500
7wwjB_antigen.pdb  5ja8D_antibody.pdb
Converting SMILES to graph: 382/500
7wwjB_antigen.pdb  6qtlB_antibody.pdb
Converting SMILES to graph: 383/500
7wwkB_antigen.pdb  7lxxHL_antibody.pdb
Converting SMILES to graph: 384/500
7wwkB_antigen.pdb  7ldeKJ_antibody.pdb
Converting SMILES to graph: 385/500
7wwkB_antigen.pdb  7ukoEF_antibody.pdb
Converting SMILES to graph: 386/500
7wwkB_antigen.pdb  8sb5CD_antibody.pdb
Converting SMILES to graph: 387/500
7wwkB_antigen.pdb  8f6eDC_antibody.pdb
Converting SMILES to graph: 388/500
7wwkB_antigen.pdb  7wu3N_antibody.pdb
Converting SMILES to graph: 389/500
7wwlA_antigen.pdb  3zknHL_antibody.pdb
Converting SMILES to graph: 390/500
7wwlA_antigen.pdb  7vuzSs_antibody.pdb
Converting SMILES to graph: 391/500
7wwlA_antigen.pdb  8g0wC_antibody.pdb
Converting SMILES to graph: 392/500
7wwlA_antigen.pdb  8jljSs_antibody.pdb
Converting SMILES to graph: 393/500
7wwlA_antigen.pdb  7wt8HD_antibody.pdb
Converting SMILES to graph: 394/500
7wwlA_antigen.pdb  7kmlJN_antibody.pdb
Converting SMILES to graph: 395/500
7wwmB_antigen.pdb  8g85HL_antibody.pdb
Converting SMILES to graph: 396/500
7wwmB_antigen.pdb  8as3HL_antibody.pdb
Converting SMILES to graph: 397/500
7wwmB_antigen.pdb  6z2mBC_antibody.pdb
Converting SMILES to graph: 398/500
7wwmB_antigen.pdb  7d3rHL_antibody.pdb
Converting SMILES to graph: 399/500
7wwmB_antigen.pdb  4krlB_antibody.pdb
Converting SMILES to graph: 400/500
7wwmB_antigen.pdb  7jn5HL_antibody.pdb
Converting SMILES to graph: 401/500
7wxuAB_antigen.pdb  7d03HL_antibody.pdb
Converting SMILES to graph: 402/500
7wxuAB_antigen.pdb  7e72AB_antibody.pdb
Converting SMILES to graph: 403/500
7wxuAB_antigen.pdb  6wztHL_antibody.pdb
Converting SMILES to graph: 404/500
7wxuAB_antigen.pdb  4i18HL_antibody.pdb
Converting SMILES to graph: 405/500
7wxuAB_antigen.pdb  7xmxEF_antibody.pdb
Converting SMILES to graph: 406/500
7wxuAB_antigen.pdb  6csfHL_antibody.pdb
Converting SMILES to graph: 407/500
7wxwAB_antigen.pdb  7m71HL_antibody.pdb
Converting SMILES to graph: 408/500
7wxwAB_antigen.pdb  7si2GF_antibody.pdb
Converting SMILES to graph: 409/500
7wxwAB_antigen.pdb  8gptDE_antibody.pdb
Converting SMILES to graph: 410/500
7wxwAB_antigen.pdb  7wu3N_antibody.pdb
Converting SMILES to graph: 411/500
7wxwAB_antigen.pdb  5fb8BA_antibody.pdb
Converting SMILES to graph: 412/500
7wxwAB_antigen.pdb  6vmsEe_antibody.pdb
Converting SMILES to graph: 413/500
7wy0AB_antigen.pdb  8hnmSs_antibody.pdb
Converting SMILES to graph: 414/500
7wy0AB_antigen.pdb  8e3xN_antibody.pdb
Converting SMILES to graph: 415/500
7wy0AB_antigen.pdb  4rqsDC_antibody.pdb
Converting SMILES to graph: 416/500
7wy0AB_antigen.pdb  7v7kBA_antibody.pdb
Converting SMILES to graph: 417/500
7wy0AB_antigen.pdb  7m7fCD_antibody.pdb
Converting SMILES to graph: 418/500
7wy0AB_antigen.pdb  8iv4HL_antibody.pdb
Converting SMILES to graph: 419/500
7wy5AB_antigen.pdb  8errHL_antibody.pdb
Converting SMILES to graph: 420/500
7wy5AB_antigen.pdb  4eigB_antibody.pdb
Converting SMILES to graph: 421/500
7wy5AB_antigen.pdb  2vyrE_antibody.pdb
Converting SMILES to graph: 422/500
7wy5AB_antigen.pdb  4jpwHL_antibody.pdb
Converting SMILES to graph: 423/500
7wy5AB_antigen.pdb  6w51OP_antibody.pdb
Converting SMILES to graph: 424/500
7wy5AB_antigen.pdb  5vl7HL_antibody.pdb
Converting SMILES to graph: 425/500
7wy8AB_antigen.pdb  5ovwI_antibody.pdb
Converting SMILES to graph: 426/500
7wy8AB_antigen.pdb  1xgqBA_antibody.pdb
Converting SMILES to graph: 427/500
7wy8AB_antigen.pdb  7wd7ab_antibody.pdb
Converting SMILES to graph: 428/500
7wy8AB_antigen.pdb  8dcrN_antibody.pdb
Converting SMILES to graph: 429/500
7wy8AB_antigen.pdb  7d77Ss_antibody.pdb
Converting SMILES to graph: 430/500
7wy8AB_antigen.pdb  5umnEF_antibody.pdb
Converting SMILES to graph: 431/500
7wybBC_antigen.pdb  7q9mEF_antibody.pdb
Converting SMILES to graph: 432/500
7wybBC_antigen.pdb  7akdHL_antibody.pdb
Converting SMILES to graph: 433/500
7wybBC_antigen.pdb  7x8rN_antibody.pdb
Converting SMILES to graph: 434/500
7wybBC_antigen.pdb  5a7xHG_antibody.pdb
Converting SMILES to graph: 435/500
7wybBC_antigen.pdb  6ks0HL_antibody.pdb
Converting SMILES to graph: 436/500
7wybBC_antigen.pdb  1tqcBC_antibody.pdb
Converting SMILES to graph: 437/500
7wz4AB_antigen.pdb  7xj8GF_antibody.pdb
Converting SMILES to graph: 438/500
7wz4AB_antigen.pdb  4ioiBA_antibody.pdb
Converting SMILES to graph: 439/500
7wz4AB_antigen.pdb  1u8oBA_antibody.pdb
Converting SMILES to graph: 440/500
7wz4AB_antigen.pdb  6xlqEF_antibody.pdb
Converting SMILES to graph: 441/500
7wz4AB_antigen.pdb  5n88A_antibody.pdb
Converting SMILES to graph: 442/500
7wz4AB_antigen.pdb  5hd8CD_antibody.pdb
Converting SMILES to graph: 443/500
7wz7AB_antigen.pdb  8fsjHL_antibody.pdb
Converting SMILES to graph: 444/500
7wz7AB_antigen.pdb  7ljaGF_antibody.pdb
Converting SMILES to graph: 445/500
7wz7AB_antigen.pdb  8gpiAC_antibody.pdb
Converting SMILES to graph: 446/500
7wz7AB_antigen.pdb  6al5HL_antibody.pdb
Converting SMILES to graph: 447/500
7wz7AB_antigen.pdb  6awqBC_antibody.pdb
Converting SMILES to graph: 448/500
7wz7AB_antigen.pdb  8dzpEe_antibody.pdb
Converting SMILES to graph: 449/500
7x08A_antigen.pdb  6w0iAB_antibody.pdb
Converting SMILES to graph: 450/500
7x08A_antigen.pdb  8ucdHL_antibody.pdb
Converting SMILES to graph: 451/500
7x08A_antigen.pdb  8be1AB_antibody.pdb
Converting SMILES to graph: 452/500
7x08A_antigen.pdb  8w86AB_antibody.pdb
Converting SMILES to graph: 453/500
7x08A_antigen.pdb  6nb6IM_antibody.pdb
Converting SMILES to graph: 454/500
7x08A_antigen.pdb  7wy5N_antibody.pdb
Converting SMILES to graph: 455/500
7x10AB_antigen.pdb  8d9zBA_antibody.pdb
Converting SMILES to graph: 456/500
7x10AB_antigen.pdb  6h5nCB_antibody.pdb
Converting SMILES to graph: 457/500
7x10AB_antigen.pdb  7ul0HL_antibody.pdb
Converting SMILES to graph: 458/500
7x10AB_antigen.pdb  7ljdN_antibody.pdb
Converting SMILES to graph: 459/500
7x10AB_antigen.pdb  7c94BA_antibody.pdb
Converting SMILES to graph: 460/500
7x10AB_antigen.pdb  7m8jHL_antibody.pdb
Converting SMILES to graph: 461/500
7x1mM_antigen.pdb  3uyrHL_antibody.pdb
Converting SMILES to graph: 462/500
7x1mM_antigen.pdb  6k65HL_antibody.pdb
Converting SMILES to graph: 463/500
7x1mM_antigen.pdb  8scxHL_antibody.pdb
Converting SMILES to graph: 464/500
7x1mM_antigen.pdb  6n1whl_antibody.pdb
Converting SMILES to graph: 465/500
7x1mM_antigen.pdb  4kv5Jj_antibody.pdb
Converting SMILES to graph: 466/500
7x1mM_antigen.pdb  7enfPO_antibody.pdb
Converting SMILES to graph: 467/500
7x1tBC_antigen.pdb  6u51A_antibody.pdb
Converting SMILES to graph: 468/500
7x1tBC_antigen.pdb  7m2iAB_antibody.pdb
Converting SMILES to graph: 469/500
7x1tBC_antigen.pdb  3s88HL_antibody.pdb
Converting SMILES to graph: 470/500
7x1tBC_antigen.pdb  4krpB_antibody.pdb
Converting SMILES to graph: 471/500
7x1tBC_antigen.pdb  6eqiB_antibody.pdb
Converting SMILES to graph: 472/500
7x1tBC_antigen.pdb  7x2hAB_antibody.pdb
Converting SMILES to graph: 473/500
7x1uBFC_antigen.pdb  6dkjHL_antibody.pdb
Converting SMILES to graph: 474/500
7x1uBFC_antigen.pdb  7ks9HL_antibody.pdb
Converting SMILES to graph: 475/500
7x1uBFC_antigen.pdb  5yhlHL_antibody.pdb
Converting SMILES to graph: 476/500
7x1uBFC_antigen.pdb  7pbdF_antibody.pdb
Converting SMILES to graph: 477/500
7x1uBFC_antigen.pdb  6gs4H_antibody.pdb
Converting SMILES to graph: 478/500
7x1uBFC_antigen.pdb  6p9hHL_antibody.pdb
Converting SMILES to graph: 479/500
7x25G_antigen.pdb  4xnuHL_antibody.pdb
Converting SMILES to graph: 480/500
7x25G_antigen.pdb  7uplED_antibody.pdb
Converting SMILES to graph: 481/500
7x25G_antigen.pdb  7or9HL_antibody.pdb
Converting SMILES to graph: 482/500
7x25G_antigen.pdb  7kpgHL_antibody.pdb
Converting SMILES to graph: 483/500
7x25G_antigen.pdb  7d5uD_antibody.pdb
Converting SMILES to graph: 484/500
7x25G_antigen.pdb  1hh6BA_antibody.pdb
Converting SMILES to graph: 485/500
7x26I_antigen.pdb  5aumAB_antibody.pdb
Converting SMILES to graph: 486/500
7x26I_antigen.pdb  7mjjFG_antibody.pdb
Converting SMILES to graph: 487/500
7x26I_antigen.pdb  7zmtK_antibody.pdb
Converting SMILES to graph: 488/500
7x26I_antigen.pdb  6h3tIM_antibody.pdb
Converting SMILES to graph: 489/500
7x26I_antigen.pdb  6oorHL_antibody.pdb
Converting SMILES to graph: 490/500
7x26I_antigen.pdb  7ru3HL_antibody.pdb
Converting SMILES to graph: 491/500
7x28F_antigen.pdb  4jo2HL_antibody.pdb
Converting SMILES to graph: 492/500
7x28F_antigen.pdb  5b8cBA_antibody.pdb
Converting SMILES to graph: 493/500
7x28F_antigen.pdb  7cwnKI_antibody.pdb
Converting SMILES to graph: 494/500
7x28F_antigen.pdb  8f2aN_antibody.pdb
Converting SMILES to graph: 495/500
7x28F_antigen.pdb  5ocyHL_antibody.pdb
Converting SMILES to graph: 496/500
7x28F_antigen.pdb  2dwdAB_antibody.pdb
Converting SMILES to graph: 497/500
7x29C_antigen.pdb  8be5C_antibody.pdb
Converting SMILES to graph: 498/500
7x29C_antigen.pdb  7yadAB_antibody.pdb
Converting SMILES to graph: 499/500
7x29C_antigen.pdb  7vaeHL_antibody.pdb
Converting SMILES to graph: 500/500
7x29C_antigen.pdb  6i9iHL_antibody.pdb
Graph construction done. Saving to file.
