Converting SMILES to graph: 1/500
3lhpS_antigen.pdb  7nabAB_antibody.pdb
Converting SMILES to graph: 2/500
3lhpS_antigen.pdb  6adbCD_antibody.pdb
Converting SMILES to graph: 3/500
3lhpS_antigen.pdb  7x26HK_antibody.pdb
Converting SMILES to graph: 4/500
3lhpS_antigen.pdb  6b08CB_antibody.pdb
Converting SMILES to graph: 5/500
3lizA_antigen.pdb  6ww5EF_antibody.pdb
Converting SMILES to graph: 6/500
3lizA_antigen.pdb  6ii9PQ_antibody.pdb
Converting SMILES to graph: 7/500
3lizA_antigen.pdb  7n0iK_antibody.pdb
Converting SMILES to graph: 8/500
3lizA_antigen.pdb  7ugoMP_antibody.pdb
Converting SMILES to graph: 9/500
3lizA_antigen.pdb  7ps4BC_antibody.pdb
Converting SMILES to graph: 10/500
3lizA_antigen.pdb  3g04BA_antibody.pdb
Converting SMILES to graph: 11/500
3lohE_antigen.pdb  6i2gA_antibody.pdb
Converting SMILES to graph: 12/500
3lohE_antigen.pdb  6f2gB_antibody.pdb
Converting SMILES to graph: 13/500
3lohE_antigen.pdb  2ny7HL_antibody.pdb
Converting SMILES to graph: 14/500
3lohE_antigen.pdb  4cadED_antibody.pdb
Converting SMILES to graph: 15/500
3lohE_antigen.pdb  7uojHL_antibody.pdb
Converting SMILES to graph: 16/500
3lohE_antigen.pdb  8gs9HK_antibody.pdb
Converting SMILES to graph: 17/500
3lqaGC_antigen.pdb  5hd8CD_antibody.pdb
Converting SMILES to graph: 18/500
3lqaGC_antigen.pdb  4rrpLF_antibody.pdb
Converting SMILES to graph: 19/500
3lqaGC_antigen.pdb  7o9sHL_antibody.pdb
Converting SMILES to graph: 20/500
3lqaGC_antigen.pdb  6h70C_antibody.pdb
Converting SMILES to graph: 21/500
3lqaGC_antigen.pdb  6vtwHL_antibody.pdb
Converting SMILES to graph: 22/500
3lqaGC_antigen.pdb  7y1bHL_antibody.pdb
Converting SMILES to graph: 23/500
3lzfA_antigen.pdb  5i75BC_antibody.pdb
Converting SMILES to graph: 24/500
3lzfA_antigen.pdb  8hbjE_antibody.pdb
Converting SMILES to graph: 25/500
3lzfA_antigen.pdb  7df1HL_antibody.pdb
Converting SMILES to graph: 26/500
3lzfA_antigen.pdb  7sfwQR_antibody.pdb
Converting SMILES to graph: 27/500
3lzfA_antigen.pdb  4yblBC_antibody.pdb
Converting SMILES to graph: 28/500
3lzfA_antigen.pdb  5anyJN_antibody.pdb
Converting SMILES to graph: 29/500
3ma9A_antigen.pdb  7vncV_antibody.pdb
Converting SMILES to graph: 30/500
3ma9A_antigen.pdb  4xnxHL_antibody.pdb
Converting SMILES to graph: 31/500
3ma9A_antigen.pdb  1xfpA_antibody.pdb
Converting SMILES to graph: 32/500
3ma9A_antigen.pdb  6svlOP_antibody.pdb
Converting SMILES to graph: 33/500
3ma9A_antigen.pdb  6qgyB_antibody.pdb
Converting SMILES to graph: 34/500
3ma9A_antigen.pdb  3w11CD_antibody.pdb
Converting SMILES to graph: 35/500
3macA_antigen.pdb  8gz5B_antibody.pdb
Converting SMILES to graph: 36/500
3macA_antigen.pdb  6s0yA_antibody.pdb
Converting SMILES to graph: 37/500
3macA_antigen.pdb  7bbgHL_antibody.pdb
Converting SMILES to graph: 38/500
3macA_antigen.pdb  6pt0Ee_antibody.pdb
Converting SMILES to graph: 39/500
3macA_antigen.pdb  5ocaHL_antibody.pdb
Converting SMILES to graph: 40/500
3macA_antigen.pdb  3v4uHL_antibody.pdb
Converting SMILES to graph: 41/500
3mj9A_antigen.pdb  7uiaB_antibody.pdb
Converting SMILES to graph: 42/500
3mj9A_antigen.pdb  7x8wHL_antibody.pdb
Converting SMILES to graph: 43/500
3mj9A_antigen.pdb  7e9bHL_antibody.pdb
Converting SMILES to graph: 44/500
3mj9A_antigen.pdb  6d6tJI_antibody.pdb
Converting SMILES to graph: 45/500
3mj9A_antigen.pdb  7u0jKk_antibody.pdb
Converting SMILES to graph: 46/500
3mj9A_antigen.pdb  6k68CD_antibody.pdb
Converting SMILES to graph: 47/500
3mlrP_antigen.pdb  8sazCD_antibody.pdb
Converting SMILES to graph: 48/500
3mlrP_antigen.pdb  2j6eIM_antibody.pdb
Converting SMILES to graph: 49/500
3mlrP_antigen.pdb  4eigB_antibody.pdb
Converting SMILES to graph: 50/500
3mlrP_antigen.pdb  6e0cMm_antibody.pdb
Converting SMILES to graph: 51/500
3mlrP_antigen.pdb  6pzfHL_antibody.pdb
Converting SMILES to graph: 52/500
3mlrP_antigen.pdb  8gw8N_antibody.pdb
Converting SMILES to graph: 53/500
3mlsR_antigen.pdb  7kmkHL_antibody.pdb
Converting SMILES to graph: 54/500
3mlsR_antigen.pdb  7ps4BC_antibody.pdb
Converting SMILES to graph: 55/500
3mlsR_antigen.pdb  7x8qCB_antibody.pdb
Converting SMILES to graph: 56/500
3mlsR_antigen.pdb  6dc5HI_antibody.pdb
Converting SMILES to graph: 57/500
3mlsR_antigen.pdb  7ki6HL_antibody.pdb
Converting SMILES to graph: 58/500
3mlsR_antigen.pdb  5fecHL_antibody.pdb
Converting SMILES to graph: 59/500
3mltP_antigen.pdb  4v1dDE_antibody.pdb
Converting SMILES to graph: 60/500
3mltP_antigen.pdb  4ej1C_antibody.pdb
Converting SMILES to graph: 61/500
3mltP_antigen.pdb  7xkeN_antibody.pdb
Converting SMILES to graph: 62/500
3mltP_antigen.pdb  7tm0ED_antibody.pdb
Converting SMILES to graph: 63/500
3mltP_antigen.pdb  6crkHh_antibody.pdb
Converting SMILES to graph: 64/500
3mltP_antigen.pdb  6pwuHL_antibody.pdb
Converting SMILES to graph: 65/500
3mluP_antigen.pdb  8tcoED_antibody.pdb
Converting SMILES to graph: 66/500
3mluP_antigen.pdb  4liqHL_antibody.pdb
Converting SMILES to graph: 67/500
3mluP_antigen.pdb  2b1aHL_antibody.pdb
Converting SMILES to graph: 68/500
3mluP_antigen.pdb  8udgHL_antibody.pdb
Converting SMILES to graph: 69/500
3mluP_antigen.pdb  7cebCD_antibody.pdb
Converting SMILES to graph: 70/500
3mluP_antigen.pdb  8fddAB_antibody.pdb
Converting SMILES to graph: 71/500
3mlvQ_antigen.pdb  7xw6YL_antibody.pdb
Converting SMILES to graph: 72/500
3mlvQ_antigen.pdb  6flcBA_antibody.pdb
Converting SMILES to graph: 73/500
3mlvQ_antigen.pdb  8trsAG_antibody.pdb
Converting SMILES to graph: 74/500
3mlvQ_antigen.pdb  4oluHL_antibody.pdb
Converting SMILES to graph: 75/500
3mlvQ_antigen.pdb  6ncpCD_antibody.pdb
Converting SMILES to graph: 76/500
3mlvQ_antigen.pdb  7lqvHL_antibody.pdb
Converting SMILES to graph: 77/500
3mlwP_antigen.pdb  2fx7HL_antibody.pdb
Converting SMILES to graph: 78/500
3mlwP_antigen.pdb  6x3zJI_antibody.pdb
Converting SMILES to graph: 79/500
3mlwP_antigen.pdb  5m30D_antibody.pdb
Converting SMILES to graph: 80/500
3mlwP_antigen.pdb  7xliB_antibody.pdb
Converting SMILES to graph: 81/500
3mlwP_antigen.pdb  7vfaD_antibody.pdb
Converting SMILES to graph: 82/500
3mlwP_antigen.pdb  5ocaHL_antibody.pdb
Converting SMILES to graph: 83/500
3mlxQ_antigen.pdb  7wkiB_antibody.pdb
Converting SMILES to graph: 84/500
3mlxQ_antigen.pdb  7btsB_antibody.pdb
Converting SMILES to graph: 85/500
3mlxQ_antigen.pdb  7e3lHL_antibody.pdb
Converting SMILES to graph: 86/500
3mlxQ_antigen.pdb  2hh0HL_antibody.pdb
Converting SMILES to graph: 87/500
3mlxQ_antigen.pdb  8euvGH_antibody.pdb
Converting SMILES to graph: 88/500
3mlxQ_antigen.pdb  4hkxAB_antibody.pdb
Converting SMILES to graph: 89/500
3mlyP_antigen.pdb  7wv9Ss_antibody.pdb
Converting SMILES to graph: 90/500
3mlyP_antigen.pdb  7bemHL_antibody.pdb
Converting SMILES to graph: 91/500
3mlyP_antigen.pdb  6zhdD_antibody.pdb
Converting SMILES to graph: 92/500
3mlyP_antigen.pdb  5vkdHL_antibody.pdb
Converting SMILES to graph: 93/500
3mlyP_antigen.pdb  5cusJN_antibody.pdb
Converting SMILES to graph: 94/500
3mlyP_antigen.pdb  2otwBA_antibody.pdb
Converting SMILES to graph: 95/500
3mlzP_antigen.pdb  3drqBA_antibody.pdb
Converting SMILES to graph: 96/500
3mlzP_antigen.pdb  7rqrAB_antibody.pdb
Converting SMILES to graph: 97/500
3mlzP_antigen.pdb  6de7DE_antibody.pdb
Converting SMILES to graph: 98/500
3mlzP_antigen.pdb  7m7hEF_antibody.pdb
Converting SMILES to graph: 99/500
3mlzP_antigen.pdb  8iw7Ss_antibody.pdb
Converting SMILES to graph: 100/500
3mlzP_antigen.pdb  7kmlJN_antibody.pdb
Converting SMILES to graph: 101/500
3mnwP_antigen.pdb  8w89N_antibody.pdb
Converting SMILES to graph: 102/500
3mnwP_antigen.pdb  6qtlB_antibody.pdb
Converting SMILES to graph: 103/500
3mnwP_antigen.pdb  5uk2Hh_antibody.pdb
Converting SMILES to graph: 104/500
3mnwP_antigen.pdb  7x2gHL_antibody.pdb
Converting SMILES to graph: 105/500
3mnwP_antigen.pdb  7eycAB_antibody.pdb
Converting SMILES to graph: 106/500
3mnwP_antigen.pdb  7vafHL_antibody.pdb
Converting SMILES to graph: 107/500
3mnzP_antigen.pdb  7rkxDd_antibody.pdb
Converting SMILES to graph: 108/500
3mnzP_antigen.pdb  7f2oSs_antibody.pdb
Converting SMILES to graph: 109/500
3mnzP_antigen.pdb  6ejmIi_antibody.pdb
Converting SMILES to graph: 110/500
3mnzP_antigen.pdb  6ck9HL_antibody.pdb
Converting SMILES to graph: 111/500
3moaP_antigen.pdb  7kfxHL_antibody.pdb
Converting SMILES to graph: 112/500
3moaP_antigen.pdb  8id6Ss_antibody.pdb
Converting SMILES to graph: 113/500
3moaP_antigen.pdb  8dy1Cc_antibody.pdb
Converting SMILES to graph: 114/500
3moaP_antigen.pdb  4jg0HL_antibody.pdb
Converting SMILES to graph: 115/500
3moaP_antigen.pdb  7tpgHL_antibody.pdb
Converting SMILES to graph: 116/500
3moaP_antigen.pdb  6os9Dd_antibody.pdb
Converting SMILES to graph: 117/500
3mobP_antigen.pdb  1mpaHL_antibody.pdb
Converting SMILES to graph: 118/500
3mobP_antigen.pdb  5c7xMN_antibody.pdb
Converting SMILES to graph: 119/500
3mobP_antigen.pdb  2htlCD_antibody.pdb
Converting SMILES to graph: 120/500
3mobP_antigen.pdb  7jv6FG_antibody.pdb
Converting SMILES to graph: 121/500
3mobP_antigen.pdb  7wcnN_antibody.pdb
Converting SMILES to graph: 122/500
3mobP_antigen.pdb  8ilxC_antibody.pdb
Converting SMILES to graph: 123/500
3modP_antigen.pdb  2vdlHL_antibody.pdb
Converting SMILES to graph: 124/500
3modP_antigen.pdb  8e3yN_antibody.pdb
Converting SMILES to graph: 125/500
3modP_antigen.pdb  8f7wEe_antibody.pdb
Converting SMILES to graph: 126/500
3modP_antigen.pdb  2nxzDC_antibody.pdb
Converting SMILES to graph: 127/500
3modP_antigen.pdb  8q6jBA_antibody.pdb
Converting SMILES to graph: 128/500
3modP_antigen.pdb  6kyzBC_antibody.pdb
Converting SMILES to graph: 129/500
3mugC_antigen.pdb  3bt2HL_antibody.pdb
Converting SMILES to graph: 130/500
3mugC_antigen.pdb  7x2kHL_antibody.pdb
Converting SMILES to graph: 131/500
3mugC_antigen.pdb  8ee2C_antibody.pdb
Converting SMILES to graph: 132/500
3mugC_antigen.pdb  7dd2EH_antibody.pdb
Converting SMILES to graph: 133/500
3mugC_antigen.pdb  4utbIM_antibody.pdb
Converting SMILES to graph: 134/500
3mugC_antigen.pdb  7eo0HL_antibody.pdb
Converting SMILES to graph: 135/500
3mxwA_antigen.pdb  6gk7HL_antibody.pdb
Converting SMILES to graph: 136/500
3mxwA_antigen.pdb  5dlmHL_antibody.pdb
Converting SMILES to graph: 137/500
3mxwA_antigen.pdb  3g04BA_antibody.pdb
Converting SMILES to graph: 138/500
3mxwA_antigen.pdb  7sr0B_antibody.pdb
Converting SMILES to graph: 139/500
3mxwA_antigen.pdb  7a6oB_antibody.pdb
Converting SMILES to graph: 140/500
3mxwA_antigen.pdb  1cu4HL_antibody.pdb
Converting SMILES to graph: 141/500
3n85A_antigen.pdb  6f2wB_antibody.pdb
Converting SMILES to graph: 142/500
3n85A_antigen.pdb  7ssvHL_antibody.pdb
Converting SMILES to graph: 143/500
3n85A_antigen.pdb  6ncpCD_antibody.pdb
Converting SMILES to graph: 144/500
3n85A_antigen.pdb  6orpDE_antibody.pdb
Converting SMILES to graph: 145/500
3n85A_antigen.pdb  3idnBA_antibody.pdb
Converting SMILES to graph: 146/500
3n85A_antigen.pdb  7yonSs_antibody.pdb
Converting SMILES to graph: 147/500
3ncyBA_antigen.pdb  6olpGI_antibody.pdb
Converting SMILES to graph: 148/500
3ncyBA_antigen.pdb  7vgsDC_antibody.pdb
Converting SMILES to graph: 149/500
3ncyBA_antigen.pdb  7wk8CD_antibody.pdb
Converting SMILES to graph: 150/500
3ncyBA_antigen.pdb  7phgHL_antibody.pdb
Converting SMILES to graph: 151/500
3ncyBA_antigen.pdb  7uz4HL_antibody.pdb
Converting SMILES to graph: 152/500
3ncyBA_antigen.pdb  7wcmN_antibody.pdb
Converting SMILES to graph: 153/500
3nfpI_antigen.pdb  5j13CB_antibody.pdb
Converting SMILES to graph: 154/500
3nfpI_antigen.pdb  8bseHL_antibody.pdb
Converting SMILES to graph: 155/500
3nfpI_antigen.pdb  2v17HL_antibody.pdb
Converting SMILES to graph: 156/500
3nfpI_antigen.pdb  8dwaHL_antibody.pdb
Converting SMILES to graph: 157/500
3nfpI_antigen.pdb  5mo3HL_antibody.pdb
Converting SMILES to graph: 158/500
3nfpI_antigen.pdb  3modHL_antibody.pdb
Converting SMILES to graph: 159/500
3ngbA_antigen.pdb  2eizBA_antibody.pdb
Converting SMILES to graph: 160/500
3ngbA_antigen.pdb  6s5aHL_antibody.pdb
Converting SMILES to graph: 161/500
3ngbA_antigen.pdb  4jreHL_antibody.pdb
Converting SMILES to graph: 162/500
3ngbA_antigen.pdb  6ru5C_antibody.pdb
Converting SMILES to graph: 163/500
3ngbA_antigen.pdb  7k5xNn_antibody.pdb
Converting SMILES to graph: 164/500
3ngbA_antigen.pdb  6wn4AB_antibody.pdb
Converting SMILES to graph: 165/500
3nh7D_antigen.pdb  7ps7AB_antibody.pdb
Converting SMILES to graph: 166/500
3nh7D_antigen.pdb  6dfgHL_antibody.pdb
Converting SMILES to graph: 167/500
3nh7D_antigen.pdb  3zkxB_antibody.pdb
Converting SMILES to graph: 168/500
3nh7D_antigen.pdb  6o24AB_antibody.pdb
Converting SMILES to graph: 169/500
3nh7D_antigen.pdb  8tb0Ff_antibody.pdb
Converting SMILES to graph: 170/500
3nh7D_antigen.pdb  4jr9HL_antibody.pdb
Converting SMILES to graph: 171/500
3nidAD_antigen.pdb  6w7sHL_antibody.pdb
Converting SMILES to graph: 172/500
3nidAD_antigen.pdb  8dypB_antibody.pdb
Converting SMILES to graph: 173/500
3nidAD_antigen.pdb  8iulEe_antibody.pdb
Converting SMILES to graph: 174/500
3nidAD_antigen.pdb  4xc3HL_antibody.pdb
Converting SMILES to graph: 175/500
3nidAD_antigen.pdb  4fhbD_antibody.pdb
Converting SMILES to graph: 176/500
3nidAD_antigen.pdb  7b2mD_antibody.pdb
Converting SMILES to graph: 177/500
3nifC_antigen.pdb  6wbvHL_antibody.pdb
Converting SMILES to graph: 178/500
3nifC_antigen.pdb  1hinHL_antibody.pdb
Converting SMILES to graph: 179/500
3nifC_antigen.pdb  5w1kLK_antibody.pdb
Converting SMILES to graph: 180/500
3nifC_antigen.pdb  4tukHL_antibody.pdb
Converting SMILES to graph: 181/500
3nifC_antigen.pdb  4eizC_antibody.pdb
Converting SMILES to graph: 182/500
3nifC_antigen.pdb  4pljHL_antibody.pdb
Converting SMILES to graph: 183/500
3nigC_antigen.pdb  1xiwHG_antibody.pdb
Converting SMILES to graph: 184/500
3nigC_antigen.pdb  7r4iD_antibody.pdb
Converting SMILES to graph: 185/500
3nigC_antigen.pdb  7e39CB_antibody.pdb
Converting SMILES to graph: 186/500
3nigC_antigen.pdb  8eh5HL_antibody.pdb
Converting SMILES to graph: 187/500
3nigC_antigen.pdb  8dy1Cc_antibody.pdb
Converting SMILES to graph: 188/500
3nigC_antigen.pdb  4risHL_antibody.pdb
Converting SMILES to graph: 189/500
3npsA_antigen.pdb  7te1HL_antibody.pdb
Converting SMILES to graph: 190/500
3npsA_antigen.pdb  8gpuHL_antibody.pdb
Converting SMILES to graph: 191/500
3npsA_antigen.pdb  7budGI_antibody.pdb
Converting SMILES to graph: 192/500
3npsA_antigen.pdb  5t78DC_antibody.pdb
Converting SMILES to graph: 193/500
3npsA_antigen.pdb  7rcoFE_antibody.pdb
Converting SMILES to graph: 194/500
3npsA_antigen.pdb  4p3cHL_antibody.pdb
Converting SMILES to graph: 195/500
3o0rBC_antigen.pdb  7b2mD_antibody.pdb
Converting SMILES to graph: 196/500
3o0rBC_antigen.pdb  7m30FG_antibody.pdb
Converting SMILES to graph: 197/500
3o0rBC_antigen.pdb  6e0cMm_antibody.pdb
Converting SMILES to graph: 198/500
3o0rBC_antigen.pdb  7rycEe_antibody.pdb
Converting SMILES to graph: 199/500
3o0rBC_antigen.pdb  8ekfHL_antibody.pdb
Converting SMILES to graph: 200/500
3o0rBC_antigen.pdb  2y36HL_antibody.pdb
Converting SMILES to graph: 201/500
3o2dA_antigen.pdb  7nx9AB_antibody.pdb
Converting SMILES to graph: 202/500
3o2dA_antigen.pdb  6azmBA_antibody.pdb
Converting SMILES to graph: 203/500
3o2dA_antigen.pdb  4nbyB_antibody.pdb
Converting SMILES to graph: 204/500
3o2dA_antigen.pdb  2y07HL_antibody.pdb
Converting SMILES to graph: 205/500
3o2dA_antigen.pdb  6li3N_antibody.pdb
Converting SMILES to graph: 206/500
3o2dA_antigen.pdb  7u0xFG_antibody.pdb
Converting SMILES to graph: 207/500
3o41P_antigen.pdb  5jw3HL_antibody.pdb
Converting SMILES to graph: 208/500
3o41P_antigen.pdb  7k76HL_antibody.pdb
Converting SMILES to graph: 209/500
3o41P_antigen.pdb  2r0wHL_antibody.pdb
Converting SMILES to graph: 210/500
3o41P_antigen.pdb  8d7eFG_antibody.pdb
Converting SMILES to graph: 211/500
3o41P_antigen.pdb  3kr3HL_antibody.pdb
Converting SMILES to graph: 212/500
3o41P_antigen.pdb  8i2gN_antibody.pdb
Converting SMILES to graph: 213/500
3o45C_antigen.pdb  3j8ddD_antibody.pdb
Converting SMILES to graph: 214/500
3o45C_antigen.pdb  8t06CD_antibody.pdb
Converting SMILES to graph: 215/500
3o45C_antigen.pdb  8dt8H_antibody.pdb
Converting SMILES to graph: 216/500
3o45C_antigen.pdb  8i97Hh_antibody.pdb
Converting SMILES to graph: 217/500
3o45C_antigen.pdb  8wsqAB_antibody.pdb
Converting SMILES to graph: 218/500
3o45C_antigen.pdb  5f9dC_antibody.pdb
Converting SMILES to graph: 219/500
3o6lC_antigen.pdb  6xq2FE_antibody.pdb
Converting SMILES to graph: 220/500
3o6lC_antigen.pdb  7sbzAB_antibody.pdb
Converting SMILES to graph: 221/500
3o6lC_antigen.pdb  6vo3IK_antibody.pdb
Converting SMILES to graph: 222/500
3o6lC_antigen.pdb  7ustB_antibody.pdb
Converting SMILES to graph: 223/500
3o6lC_antigen.pdb  1ncdHL_antibody.pdb
Converting SMILES to graph: 224/500
3o6lC_antigen.pdb  6cm3ON_antibody.pdb
Converting SMILES to graph: 225/500
3o6mC_antigen.pdb  6udkMN_antibody.pdb
Converting SMILES to graph: 226/500
3o6mC_antigen.pdb  1nmaHL_antibody.pdb
Converting SMILES to graph: 227/500
3o6mC_antigen.pdb  6vn0IK_antibody.pdb
Converting SMILES to graph: 228/500
3o6mC_antigen.pdb  5f7yD_antibody.pdb
Converting SMILES to graph: 229/500
3o6mC_antigen.pdb  7yvhCA_antibody.pdb
Converting SMILES to graph: 230/500
3o6mC_antigen.pdb  6phcAB_antibody.pdb
Converting SMILES to graph: 231/500
3ogcC_antigen.pdb  7ru3HL_antibody.pdb
Converting SMILES to graph: 232/500
3ogcC_antigen.pdb  5c7xMN_antibody.pdb
Converting SMILES to graph: 233/500
3ogcC_antigen.pdb  7qn9L_antibody.pdb
Converting SMILES to graph: 234/500
3ogcC_antigen.pdb  8dvdHL_antibody.pdb
Converting SMILES to graph: 235/500
3ogcC_antigen.pdb  7jixHL_antibody.pdb
Converting SMILES to graph: 236/500
3ogcC_antigen.pdb  6xw7C_antibody.pdb
Converting SMILES to graph: 237/500
3ogoB_antigen.pdb  8be2N_antibody.pdb
Converting SMILES to graph: 238/500
3ogoB_antigen.pdb  7mzkHL_antibody.pdb
Converting SMILES to graph: 239/500
3ogoB_antigen.pdb  3a6cHL_antibody.pdb
Converting SMILES to graph: 240/500
3ogoB_antigen.pdb  5x2nJK_antibody.pdb
Converting SMILES to graph: 241/500
3ogoB_antigen.pdb  7w3zHh_antibody.pdb
Converting SMILES to graph: 242/500
3ogoB_antigen.pdb  8elqHL_antibody.pdb
Converting SMILES to graph: 243/500
3opzB_antigen.pdb  6jjpDE_antibody.pdb
Converting SMILES to graph: 244/500
3opzB_antigen.pdb  6sc8B_antibody.pdb
Converting SMILES to graph: 245/500
3opzB_antigen.pdb  7ujkEF_antibody.pdb
Converting SMILES to graph: 246/500
3opzB_antigen.pdb  3idxHL_antibody.pdb
Converting SMILES to graph: 247/500
3opzB_antigen.pdb  8gpuHL_antibody.pdb
Converting SMILES to graph: 248/500
3opzB_antigen.pdb  5ujzIi_antibody.pdb
Converting SMILES to graph: 249/500
3or6C_antigen.pdb  7kcrHL_antibody.pdb
Converting SMILES to graph: 250/500
3or6C_antigen.pdb  5v6lIM_antibody.pdb
Converting SMILES to graph: 251/500
3or6C_antigen.pdb  8jr9N_antibody.pdb
Converting SMILES to graph: 252/500
3or6C_antigen.pdb  7mhyOP_antibody.pdb
Converting SMILES to graph: 253/500
3or6C_antigen.pdb  7bw0N_antibody.pdb
Converting SMILES to graph: 254/500
3or6C_antigen.pdb  7t4rPQ_antibody.pdb
Converting SMILES to graph: 255/500
3or7C_antigen.pdb  7yvkHI_antibody.pdb
Converting SMILES to graph: 256/500
3or7C_antigen.pdb  7o52HL_antibody.pdb
Converting SMILES to graph: 257/500
3or7C_antigen.pdb  2dweAB_antibody.pdb
Converting SMILES to graph: 258/500
3or7C_antigen.pdb  7wchDE_antibody.pdb
Converting SMILES to graph: 259/500
3or7C_antigen.pdb  7f4dN_antibody.pdb
Converting SMILES to graph: 260/500
3or7C_antigen.pdb  6ofiHL_antibody.pdb
Converting SMILES to graph: 261/500
3p0gA_antigen.pdb  5te4HL_antibody.pdb
Converting SMILES to graph: 262/500
3p0gA_antigen.pdb  7uz7HL_antibody.pdb
Converting SMILES to graph: 263/500
3p0gA_antigen.pdb  7a50C_antibody.pdb
Converting SMILES to graph: 264/500
3p0gA_antigen.pdb  3v4uHL_antibody.pdb
Converting SMILES to graph: 265/500
3p0gA_antigen.pdb  6o28AB_antibody.pdb
Converting SMILES to graph: 266/500
3p0gA_antigen.pdb  8d36HL_antibody.pdb
Converting SMILES to graph: 267/500
3p0yA_antigen.pdb  7fauB_antibody.pdb
Converting SMILES to graph: 268/500
3p0yA_antigen.pdb  3jbd7_antibody.pdb
Converting SMILES to graph: 269/500
3p0yA_antigen.pdb  7byrHL_antibody.pdb
Converting SMILES to graph: 270/500
3p0yA_antigen.pdb  7tyiN_antibody.pdb
Converting SMILES to graph: 271/500
3p0yA_antigen.pdb  7vncV_antibody.pdb
Converting SMILES to graph: 272/500
3p0yA_antigen.pdb  6wx2AB_antibody.pdb
Converting SMILES to graph: 273/500
3p11A_antigen.pdb  6glwCD_antibody.pdb
Converting SMILES to graph: 274/500
3p11A_antigen.pdb  3jcxHL_antibody.pdb
Converting SMILES to graph: 275/500
3p11A_antigen.pdb  7sc1PQ_antibody.pdb
Converting SMILES to graph: 276/500
3p11A_antigen.pdb  7w6pHh_antibody.pdb
Converting SMILES to graph: 277/500
3p11A_antigen.pdb  8j6rSs_antibody.pdb
Converting SMILES to graph: 278/500
3p11A_antigen.pdb  7ljcN_antibody.pdb
Converting SMILES to graph: 279/500
3p30A_antigen.pdb  6vo0HL_antibody.pdb
Converting SMILES to graph: 280/500
3p30A_antigen.pdb  1ezvXY_antibody.pdb
Converting SMILES to graph: 281/500
3p30A_antigen.pdb  7uaqHL_antibody.pdb
Converting SMILES to graph: 282/500
3p30A_antigen.pdb  7xrpB_antibody.pdb
Converting SMILES to graph: 283/500
3p30A_antigen.pdb  5c0nCD_antibody.pdb
Converting SMILES to graph: 284/500
3p30A_antigen.pdb  8eb2JL_antibody.pdb
Converting SMILES to graph: 285/500
3p9wE_antigen.pdb  7caiED_antibody.pdb
Converting SMILES to graph: 286/500
3p9wE_antigen.pdb  7vgsDC_antibody.pdb
Converting SMILES to graph: 287/500
3p9wE_antigen.pdb  3ogoG_antibody.pdb
Converting SMILES to graph: 288/500
3p9wE_antigen.pdb  4utaHL_antibody.pdb
Converting SMILES to graph: 289/500
3p9wE_antigen.pdb  5e2vHL_antibody.pdb
Converting SMILES to graph: 290/500
3pgfA_antigen.pdb  5gjtHL_antibody.pdb
Converting SMILES to graph: 291/500
3pgfA_antigen.pdb  8gurSs_antibody.pdb
Converting SMILES to graph: 292/500
3pgfA_antigen.pdb  7ox4AB_antibody.pdb
Converting SMILES to graph: 293/500
3pgfA_antigen.pdb  5aamBb_antibody.pdb
Converting SMILES to graph: 294/500
3pgfA_antigen.pdb  4mqsB_antibody.pdb
Converting SMILES to graph: 295/500
3pgfA_antigen.pdb  7eq1Ss_antibody.pdb
Converting SMILES to graph: 296/500
3pjsKL_antigen.pdb  7wcnN_antibody.pdb
Converting SMILES to graph: 297/500
3pjsKL_antigen.pdb  7uz5HL_antibody.pdb
Converting SMILES to graph: 298/500
3pjsKL_antigen.pdb  6x9uHL_antibody.pdb
Converting SMILES to graph: 299/500
3pjsKL_antigen.pdb  8eflEe_antibody.pdb
Converting SMILES to graph: 300/500
3pjsKL_antigen.pdb  4dqoHL_antibody.pdb
Converting SMILES to graph: 301/500
3pjsKL_antigen.pdb  7d6iBC_antibody.pdb
Converting SMILES to graph: 302/500
3pnwC_antigen.pdb  6x96JK_antibody.pdb
Converting SMILES to graph: 303/500
3pnwC_antigen.pdb  7e7eCD_antibody.pdb
Converting SMILES to graph: 304/500
3pnwC_antigen.pdb  8et0C_antibody.pdb
Converting SMILES to graph: 305/500
3pnwC_antigen.pdb  7m7eCD_antibody.pdb
Converting SMILES to graph: 306/500
3pnwC_antigen.pdb  5k59EF_antibody.pdb
Converting SMILES to graph: 307/500
3pnwC_antigen.pdb  4nnpHL_antibody.pdb
Converting SMILES to graph: 308/500
3pp4P_antigen.pdb  7uviAB_antibody.pdb
Converting SMILES to graph: 309/500
3pp4P_antigen.pdb  3hi1HL_antibody.pdb
Converting SMILES to graph: 310/500
3pp4P_antigen.pdb  8b1dB_antibody.pdb
Converting SMILES to graph: 311/500
3pp4P_antigen.pdb  7soaHL_antibody.pdb
Converting SMILES to graph: 312/500
3pp4P_antigen.pdb  6dcqHL_antibody.pdb
Converting SMILES to graph: 313/500
3pp4P_antigen.pdb  5cwsHG_antibody.pdb
Converting SMILES to graph: 314/500
3q1sI_antigen.pdb  7vdlSs_antibody.pdb
Converting SMILES to graph: 315/500
3q1sI_antigen.pdb  3dvgBA_antibody.pdb
Converting SMILES to graph: 316/500
3q1sI_antigen.pdb  4ioiBA_antibody.pdb
Converting SMILES to graph: 317/500
3q1sI_antigen.pdb  2p8lBA_antibody.pdb
Converting SMILES to graph: 318/500
3q1sI_antigen.pdb  6vcaEF_antibody.pdb
Converting SMILES to graph: 319/500
3q1sI_antigen.pdb  1i9rKM_antibody.pdb
Converting SMILES to graph: 320/500
3q3gL_antigen.pdb  7tdmHL_antibody.pdb
Converting SMILES to graph: 321/500
3q3gL_antigen.pdb  7uraHL_antibody.pdb
Converting SMILES to graph: 322/500
3q3gL_antigen.pdb  8dfiHL_antibody.pdb
Converting SMILES to graph: 323/500
3q3gL_antigen.pdb  7k75AB_antibody.pdb
Converting SMILES to graph: 324/500
3q3gL_antigen.pdb  4ye4HL_antibody.pdb
Converting SMILES to graph: 325/500
3q3gL_antigen.pdb  3detCD_antibody.pdb
Converting SMILES to graph: 326/500
3qa3E_antigen.pdb  4rgmHL_antibody.pdb
Converting SMILES to graph: 327/500
3qa3E_antigen.pdb  3hfmHL_antibody.pdb
Converting SMILES to graph: 328/500
3qa3E_antigen.pdb  5ldnHL_antibody.pdb
Converting SMILES to graph: 329/500
3qa3E_antigen.pdb  6mf7HL_antibody.pdb
Converting SMILES to graph: 330/500
3qg6D_antigen.pdb  7um5Ee_antibody.pdb
Converting SMILES to graph: 331/500
3qg6D_antigen.pdb  1r3iHL_antibody.pdb
Converting SMILES to graph: 332/500
3qg6D_antigen.pdb  7r8oMN_antibody.pdb
Converting SMILES to graph: 333/500
3qg6D_antigen.pdb  7m2iAB_antibody.pdb
Converting SMILES to graph: 334/500
3qg6D_antigen.pdb  8ttwCD_antibody.pdb
Converting SMILES to graph: 335/500
3qg6D_antigen.pdb  5u3oHL_antibody.pdb
Converting SMILES to graph: 336/500
3qskA_antigen.pdb  6nijHL_antibody.pdb
Converting SMILES to graph: 337/500
3qskA_antigen.pdb  5if0AB_antibody.pdb
Converting SMILES to graph: 338/500
3qskA_antigen.pdb  6qgyB_antibody.pdb
Converting SMILES to graph: 339/500
3qskA_antigen.pdb  7a3qHL_antibody.pdb
Converting SMILES to graph: 340/500
3qskA_antigen.pdb  1a14HL_antibody.pdb
Converting SMILES to graph: 341/500
3qskA_antigen.pdb  7oaoF_antibody.pdb
Converting SMILES to graph: 342/500
3qumP_antigen.pdb  8tuiHL_antibody.pdb
Converting SMILES to graph: 343/500
3qumP_antigen.pdb  5vanB_antibody.pdb
Converting SMILES to graph: 344/500
3qumP_antigen.pdb  8ejjHL_antibody.pdb
Converting SMILES to graph: 345/500
3qumP_antigen.pdb  4k2uIM_antibody.pdb
Converting SMILES to graph: 346/500
3qumP_antigen.pdb  4jkpHL_antibody.pdb
Converting SMILES to graph: 347/500
3qumP_antigen.pdb  6qeeCB_antibody.pdb
Converting SMILES to graph: 348/500
3qwoP_antigen.pdb  5jsaEF_antibody.pdb
Converting SMILES to graph: 349/500
3qwoP_antigen.pdb  8aomV_antibody.pdb
Converting SMILES to graph: 350/500
3qwoP_antigen.pdb  7fatB_antibody.pdb
Converting SMILES to graph: 351/500
3qwoP_antigen.pdb  1ztxHL_antibody.pdb
Converting SMILES to graph: 352/500
3qwoP_antigen.pdb  5j1tC_antibody.pdb
Converting SMILES to graph: 353/500
3r08E_antigen.pdb  7cgwAB_antibody.pdb
Converting SMILES to graph: 354/500
3r08E_antigen.pdb  4dgiHL_antibody.pdb
Converting SMILES to graph: 355/500
3r08E_antigen.pdb  4n90HI_antibody.pdb
Converting SMILES to graph: 356/500
3r08E_antigen.pdb  6pi7CB_antibody.pdb
Converting SMILES to graph: 357/500
3r08E_antigen.pdb  2wubRQ_antibody.pdb
Converting SMILES to graph: 358/500
3r08E_antigen.pdb  6yyeCc_antibody.pdb
Converting SMILES to graph: 359/500
3r1gB_antigen.pdb  6db6HL_antibody.pdb
Converting SMILES to graph: 360/500
3r1gB_antigen.pdb  4i9wED_antibody.pdb
Converting SMILES to graph: 361/500
3r1gB_antigen.pdb  7ox2AL_antibody.pdb
Converting SMILES to graph: 362/500
3r1gB_antigen.pdb  2f5bHL_antibody.pdb
Converting SMILES to graph: 363/500
3r1gB_antigen.pdb  7mluNO_antibody.pdb
Converting SMILES to graph: 364/500
3r1gB_antigen.pdb  8dcsN_antibody.pdb
Converting SMILES to graph: 365/500
3rajA_antigen.pdb  2aeqHL_antibody.pdb
Converting SMILES to graph: 366/500
3rajA_antigen.pdb  5v2aHL_antibody.pdb
Converting SMILES to graph: 367/500
3rajA_antigen.pdb  7ws6IH_antibody.pdb
Converting SMILES to graph: 368/500
3rajA_antigen.pdb  7yvlAC_antibody.pdb
Converting SMILES to graph: 369/500
3rajA_antigen.pdb  7xauEe_antibody.pdb
Converting SMILES to graph: 370/500
3rajA_antigen.pdb  7ll2IJ_antibody.pdb
Converting SMILES to graph: 371/500
3rhwB_antigen.pdb  4zpvHL_antibody.pdb
Converting SMILES to graph: 372/500
3rhwB_antigen.pdb  8en4C_antibody.pdb
Converting SMILES to graph: 373/500
3rhwB_antigen.pdb  4eneCD_antibody.pdb
Converting SMILES to graph: 374/500
3rhwB_antigen.pdb  5cezHL_antibody.pdb
Converting SMILES to graph: 375/500
3rhwB_antigen.pdb  4ybqDC_antibody.pdb
Converting SMILES to graph: 376/500
3rhwB_antigen.pdb  7ew1Ee_antibody.pdb
Converting SMILES to graph: 377/500
3ri5D_antigen.pdb  7yclAB_antibody.pdb
Converting SMILES to graph: 378/500
3ri5D_antigen.pdb  7jwgAB_antibody.pdb
Converting SMILES to graph: 379/500
3ri5D_antigen.pdb  8dziHL_antibody.pdb
Converting SMILES to graph: 380/500
3ri5D_antigen.pdb  8hcaDE_antibody.pdb
Converting SMILES to graph: 381/500
3ri5D_antigen.pdb  7si0IJ_antibody.pdb
Converting SMILES to graph: 382/500
3ri5D_antigen.pdb  7tc9HL_antibody.pdb
Converting SMILES to graph: 383/500
3riaD_antigen.pdb  2bseF_antibody.pdb
Converting SMILES to graph: 384/500
3riaD_antigen.pdb  6z6vH_antibody.pdb
Converting SMILES to graph: 385/500
3riaD_antigen.pdb  6cmgCB_antibody.pdb
Converting SMILES to graph: 386/500
3riaD_antigen.pdb  8phwHL_antibody.pdb
Converting SMILES to graph: 387/500
3riaD_antigen.pdb  6mqcAB_antibody.pdb
Converting SMILES to graph: 388/500
3riaD_antigen.pdb  8ejhHL_antibody.pdb
Converting SMILES to graph: 389/500
3rifA_antigen.pdb  2uudJK_antibody.pdb
Converting SMILES to graph: 390/500
3rifA_antigen.pdb  7yh6HL_antibody.pdb
Converting SMILES to graph: 391/500
3rifA_antigen.pdb  8dedHL_antibody.pdb
Converting SMILES to graph: 392/500
3rifA_antigen.pdb  8hikHL_antibody.pdb
Converting SMILES to graph: 393/500
3rifA_antigen.pdb  8f7qEe_antibody.pdb
Converting SMILES to graph: 394/500
3rifA_antigen.pdb  6vepOP_antibody.pdb
Converting SMILES to graph: 395/500
3rjqA_antigen.pdb  8ezkHh_antibody.pdb
Converting SMILES to graph: 396/500
3rjqA_antigen.pdb  1n8zBA_antibody.pdb
Converting SMILES to graph: 397/500
3rjqA_antigen.pdb  2ap2DC_antibody.pdb
Converting SMILES to graph: 398/500
3rjqA_antigen.pdb  6bt3BA_antibody.pdb
Converting SMILES to graph: 399/500
3rjqA_antigen.pdb  4jreHL_antibody.pdb
Converting SMILES to graph: 400/500
3rjqA_antigen.pdb  1f3rbB_antibody.pdb
Converting SMILES to graph: 401/500
3rkdB_antigen.pdb  7b2qD_antibody.pdb
Converting SMILES to graph: 402/500
3rkdB_antigen.pdb  6r8xCB_antibody.pdb
Converting SMILES to graph: 403/500
3rkdB_antigen.pdb  8dwaHL_antibody.pdb
Converting SMILES to graph: 404/500
3rkdB_antigen.pdb  7ursHL_antibody.pdb
Converting SMILES to graph: 405/500
3rkdB_antigen.pdb  6ztrHL_antibody.pdb
Converting SMILES to graph: 406/500
3rkdB_antigen.pdb  8k2xSs_antibody.pdb
Converting SMILES to graph: 407/500
3ru8X_antigen.pdb  4krmF_antibody.pdb
Converting SMILES to graph: 408/500
3ru8X_antigen.pdb  7w1sB_antibody.pdb
Converting SMILES to graph: 409/500
3ru8X_antigen.pdb  8esvHL_antibody.pdb
Converting SMILES to graph: 410/500
3ru8X_antigen.pdb  7sjsHL_antibody.pdb
Converting SMILES to graph: 411/500
3ru8X_antigen.pdb  6rloCD_antibody.pdb
Converting SMILES to graph: 412/500
3ru8X_antigen.pdb  1eo8HL_antibody.pdb
Converting SMILES to graph: 413/500
3rvvA_antigen.pdb  7wtjHL_antibody.pdb
Converting SMILES to graph: 414/500
3rvvA_antigen.pdb  8hdpN_antibody.pdb
Converting SMILES to graph: 415/500
3rvvA_antigen.pdb  6wzgN_antibody.pdb
Converting SMILES to graph: 416/500
3rvvA_antigen.pdb  2g5bDC_antibody.pdb
Converting SMILES to graph: 417/500
3rvvA_antigen.pdb  7wpeXY_antibody.pdb
Converting SMILES to graph: 418/500
3rvvA_antigen.pdb  7z1eF_antibody.pdb
Converting SMILES to graph: 419/500
3rvwA_antigen.pdb  8fb7AB_antibody.pdb
Converting SMILES to graph: 420/500
3rvwA_antigen.pdb  7k8zMN_antibody.pdb
Converting SMILES to graph: 421/500
3rvwA_antigen.pdb  8f8wC_antibody.pdb
Converting SMILES to graph: 422/500
3rvwA_antigen.pdb  8ia7Ee_antibody.pdb
Converting SMILES to graph: 423/500
3rvwA_antigen.pdb  4fhbD_antibody.pdb
Converting SMILES to graph: 424/500
3rvwA_antigen.pdb  7so7HL_antibody.pdb
Converting SMILES to graph: 425/500
3rvxA_antigen.pdb  5aawKk_antibody.pdb
Converting SMILES to graph: 426/500
3rvxA_antigen.pdb  6j5gHL_antibody.pdb
Converting SMILES to graph: 427/500
3rvxA_antigen.pdb  6bliDE_antibody.pdb
Converting SMILES to graph: 428/500
3rvxA_antigen.pdb  5vigHL_antibody.pdb
Converting SMILES to graph: 429/500
3rvxA_antigen.pdb  7a65CB_antibody.pdb
Converting SMILES to graph: 430/500
3rvxA_antigen.pdb  7s3iN_antibody.pdb
Converting SMILES to graph: 431/500
3s35X_antigen.pdb  4krlB_antibody.pdb
Converting SMILES to graph: 432/500
3s35X_antigen.pdb  5f96HL_antibody.pdb
Converting SMILES to graph: 433/500
3s35X_antigen.pdb  3wheOP_antibody.pdb
Converting SMILES to graph: 434/500
3s35X_antigen.pdb  7om4B_antibody.pdb
Converting SMILES to graph: 435/500
3s35X_antigen.pdb  1g7iBA_antibody.pdb
Converting SMILES to graph: 436/500
3s35X_antigen.pdb  8el2HL_antibody.pdb
Converting SMILES to graph: 437/500
3s36X_antigen.pdb  6x87EF_antibody.pdb
Converting SMILES to graph: 438/500
3s36X_antigen.pdb  7wvlHL_antibody.pdb
Converting SMILES to graph: 439/500
3s36X_antigen.pdb  7yrnDE_antibody.pdb
Converting SMILES to graph: 440/500
3s36X_antigen.pdb  6vknIK_antibody.pdb
Converting SMILES to graph: 441/500
3s36X_antigen.pdb  8w89N_antibody.pdb
Converting SMILES to graph: 442/500
3s36X_antigen.pdb  8hesHL_antibody.pdb
Converting SMILES to graph: 443/500
3s37X_antigen.pdb  4nzrHL_antibody.pdb
Converting SMILES to graph: 444/500
3s37X_antigen.pdb  8gb7HL_antibody.pdb
Converting SMILES to graph: 445/500
3s37X_antigen.pdb  7beoHL_antibody.pdb
Converting SMILES to graph: 446/500
3s37X_antigen.pdb  3wheOP_antibody.pdb
Converting SMILES to graph: 447/500
3s37X_antigen.pdb  3ngbBC_antibody.pdb
Converting SMILES to graph: 448/500
3s37X_antigen.pdb  8fbaAB_antibody.pdb
Converting SMILES to graph: 449/500
3s88JJI_antigen.pdb  2otuDC_antibody.pdb
Converting SMILES to graph: 450/500
3s88JJI_antigen.pdb  6o3uBA_antibody.pdb
Converting SMILES to graph: 451/500
3s88JJI_antigen.pdb  7lllN_antibody.pdb
Converting SMILES to graph: 452/500
3s88JJI_antigen.pdb  8ezkHh_antibody.pdb
Converting SMILES to graph: 453/500
3s88JJI_antigen.pdb  7ek0HL_antibody.pdb
Converting SMILES to graph: 454/500
3s88JJI_antigen.pdb  7k9iHL_antibody.pdb
Converting SMILES to graph: 455/500
3sdyBA_antigen.pdb  8hj5Cc_antibody.pdb
Converting SMILES to graph: 456/500
3sdyBA_antigen.pdb  8f9wAB_antibody.pdb
Converting SMILES to graph: 457/500
3sdyBA_antigen.pdb  6f7tBA_antibody.pdb
Converting SMILES to graph: 458/500
3sdyBA_antigen.pdb  2otuDC_antibody.pdb
Converting SMILES to graph: 459/500
3sdyBA_antigen.pdb  7cvtEF_antibody.pdb
Converting SMILES to graph: 460/500
3sdyBA_antigen.pdb  6b5mHL_antibody.pdb
Converting SMILES to graph: 461/500
3se8G_antigen.pdb  6cdimn_antibody.pdb
Converting SMILES to graph: 462/500
3se8G_antigen.pdb  5mp5AB_antibody.pdb
Converting SMILES to graph: 463/500
3se8G_antigen.pdb  5w0kHL_antibody.pdb
Converting SMILES to graph: 464/500
3se8G_antigen.pdb  7e5rLH_antibody.pdb
Converting SMILES to graph: 465/500
3se8G_antigen.pdb  6lz9HL_antibody.pdb
Converting SMILES to graph: 466/500
3se8G_antigen.pdb  7xrpB_antibody.pdb
Converting SMILES to graph: 467/500
3se9G_antigen.pdb  5i5kXY_antibody.pdb
Converting SMILES to graph: 468/500
3se9G_antigen.pdb  6iutHL_antibody.pdb
Converting SMILES to graph: 469/500
3se9G_antigen.pdb  4am0CD_antibody.pdb
Converting SMILES to graph: 470/500
3se9G_antigen.pdb  7r88CD_antibody.pdb
Converting SMILES to graph: 471/500
3se9G_antigen.pdb  6a78IM_antibody.pdb
Converting SMILES to graph: 472/500
3se9G_antigen.pdb  8e8lHL_antibody.pdb
Converting SMILES to graph: 473/500
3sgeM_antigen.pdb  4p9hHL_antibody.pdb
Converting SMILES to graph: 474/500
3sgeM_antigen.pdb  6rp8hl_antibody.pdb
Converting SMILES to graph: 475/500
3sgeM_antigen.pdb  5v8lJN_antibody.pdb
Converting SMILES to graph: 476/500
3sgeM_antigen.pdb  7dceHL_antibody.pdb
Converting SMILES to graph: 477/500
3sgeM_antigen.pdb  2vdrHL_antibody.pdb
Converting SMILES to graph: 478/500
3sgeM_antigen.pdb  8sk5B_antibody.pdb
Converting SMILES to graph: 479/500
3skjE_antigen.pdb  8j19Ss_antibody.pdb
Converting SMILES to graph: 480/500
3skjE_antigen.pdb  3wsqHL_antibody.pdb
Converting SMILES to graph: 481/500
3skjE_antigen.pdb  4yjzlL_antibody.pdb
Converting SMILES to graph: 482/500
3skjE_antigen.pdb  5l21B_antibody.pdb
Converting SMILES to graph: 483/500
3skjE_antigen.pdb  8dphEe_antibody.pdb
Converting SMILES to graph: 484/500
3sm5C_antigen.pdb  6plhBA_antibody.pdb
Converting SMILES to graph: 485/500
3sm5C_antigen.pdb  7kklE_antibody.pdb
Converting SMILES to graph: 486/500
3sm5C_antigen.pdb  7umnHL_antibody.pdb
Converting SMILES to graph: 487/500
3sm5C_antigen.pdb  7ej5JN_antibody.pdb
Converting SMILES to graph: 488/500
3sm5C_antigen.pdb  1kxvC_antibody.pdb
Converting SMILES to graph: 489/500
3sm5C_antigen.pdb  4tsbHL_antibody.pdb
Converting SMILES to graph: 490/500
3sn6AB_antigen.pdb  6mvlHL_antibody.pdb
Converting SMILES to graph: 491/500
3sn6AB_antigen.pdb  5acoGJ_antibody.pdb
Converting SMILES to graph: 492/500
3sn6AB_antigen.pdb  6mph34_antibody.pdb
Converting SMILES to graph: 493/500
3sn6AB_antigen.pdb  4k3jHL_antibody.pdb
Converting SMILES to graph: 494/500
3sn6AB_antigen.pdb  4u6hAB_antibody.pdb
Converting SMILES to graph: 495/500
3sn6AB_antigen.pdb  7o33HL_antibody.pdb
Converting SMILES to graph: 496/500
3so3A_antigen.pdb  6eqcFf_antibody.pdb
Converting SMILES to graph: 497/500
3so3A_antigen.pdb  7ykjAD_antibody.pdb
Converting SMILES to graph: 498/500
3so3A_antigen.pdb  3fb5AB_antibody.pdb
Converting SMILES to graph: 499/500
3so3A_antigen.pdb  7yrhFE_antibody.pdb
Converting SMILES to graph: 500/500
3so3A_antigen.pdb  7mlyHI_antibody.pdb
Graph construction done. Saving to file.
