Converting SMILES to graph: 1/500
1a14N_antigen.pdb 1a14HL_antibody.pdb
Converting SMILES to graph: 2/500
1a2yC_antigen.pdb 1a2yBA_antibody.pdb
Converting SMILES to graph: 3/500
1a3rP_antigen.pdb 1a3rHL_antibody.pdb
Converting SMILES to graph: 4/500
1acyP_antigen.pdb 1acyHL_antibody.pdb
Converting SMILES to graph: 5/500
1adqA_antigen.pdb 1adqHL_antibody.pdb
Converting SMILES to graph: 6/500
1afvA_antigen.pdb 1afvHL_antibody.pdb
Converting SMILES to graph: 7/500
1ahwF_antigen.pdb 1ahwED_antibody.pdb
Converting SMILES to graph: 8/500
1ai1P_antigen.pdb 1ai1HL_antibody.pdb
Converting SMILES to graph: 9/500
1ar1B_antigen.pdb 1ar1CD_antibody.pdb
Converting SMILES to graph: 10/500
1bgxT_antigen.pdb 1bgxHL_antibody.pdb
Converting SMILES to graph: 11/500
1bj1W_antigen.pdb 1bj1HL_antibody.pdb
Converting SMILES to graph: 12/500
1bogC_antigen.pdb 1bogBA_antibody.pdb
Converting SMILES to graph: 13/500
1bqlY_antigen.pdb 1bqlHL_antibody.pdb
Converting SMILES to graph: 14/500
1bvkC_antigen.pdb 1bvkBA_antibody.pdb
Converting SMILES to graph: 15/500
1bzqD_antigen.pdb 1bzqK_antibody.pdb
Converting SMILES to graph: 16/500
1c08C_antigen.pdb 1c08BA_antibody.pdb
Converting SMILES to graph: 17/500
1ce1P_antigen.pdb 1ce1HL_antibody.pdb
Converting SMILES to graph: 18/500
1cfnC_antigen.pdb 1cfnBA_antibody.pdb
Converting SMILES to graph: 19/500
1cfsC_antigen.pdb 1cfsBA_antibody.pdb
Converting SMILES to graph: 20/500
1cftC_antigen.pdb 1cftBA_antibody.pdb
Converting SMILES to graph: 21/500
1ct8D_antigen.pdb 1ct8BA_antibody.pdb
Converting SMILES to graph: 22/500
1cu4P_antigen.pdb 1cu4HL_antibody.pdb
Converting SMILES to graph: 23/500
1cz8V_antigen.pdb 1cz8YX_antibody.pdb
Converting SMILES to graph: 24/500
1deeH_antigen.pdb 1deeFE_antibody.pdb
Converting SMILES to graph: 25/500
1dqjC_antigen.pdb 1dqjBA_antibody.pdb
Converting SMILES to graph: 26/500
1dzbX_antigen.pdb 1dzbAa_antibody.pdb
Converting SMILES to graph: 27/500
1e4wP_antigen.pdb 1e4wHL_antibody.pdb
Converting SMILES to graph: 28/500
1e4xP_antigen.pdb 1e4xHL_antibody.pdb
Converting SMILES to graph: 29/500
1e6jP_antigen.pdb 1e6jHL_antibody.pdb
Converting SMILES to graph: 30/500
1egjA_antigen.pdb 1egjHL_antibody.pdb
Converting SMILES to graph: 31/500
1ejoP_antigen.pdb 1ejoHL_antibody.pdb
Converting SMILES to graph: 32/500
1eo8A_antigen.pdb 1eo8HL_antibody.pdb
Converting SMILES to graph: 33/500
1ezvE_antigen.pdb 1ezvXY_antibody.pdb
Converting SMILES to graph: 34/500
1f3rA_antigen.pdb 1f3rbB_antibody.pdb
Converting SMILES to graph: 35/500
1f58P_antigen.pdb 1f58HL_antibody.pdb
Converting SMILES to graph: 36/500
1f90E_antigen.pdb 1f90HL_antibody.pdb
Converting SMILES to graph: 37/500
1fbiX_antigen.pdb 1fbiHL_antibody.pdb
Converting SMILES to graph: 38/500
1fdlY_antigen.pdb 1fdlHL_antibody.pdb
Converting SMILES to graph: 39/500
1fe8A_antigen.pdb 1fe8HL_antibody.pdb
Converting SMILES to graph: 40/500
1fj1F_antigen.pdb 1fj1BA_antibody.pdb
Converting SMILES to graph: 41/500
1fnsA_antigen.pdb 1fnsHL_antibody.pdb
Converting SMILES to graph: 42/500
1fptP_antigen.pdb 1fptHL_antibody.pdb
Converting SMILES to graph: 43/500
1frgP_antigen.pdb 1frgHL_antibody.pdb
Converting SMILES to graph: 44/500
1fskG_antigen.pdb 1fskIH_antibody.pdb
Converting SMILES to graph: 45/500
1g6vA_antigen.pdb 1g6vK_antibody.pdb
Converting SMILES to graph: 46/500
1g7hC_antigen.pdb 1g7hBA_antibody.pdb
Converting SMILES to graph: 47/500
1g7iC_antigen.pdb 1g7iBA_antibody.pdb
Converting SMILES to graph: 48/500
1g7jC_antigen.pdb 1g7jBA_antibody.pdb
Converting SMILES to graph: 49/500
1g7lC_antigen.pdb 1g7lBA_antibody.pdb
Converting SMILES to graph: 50/500
1g7mC_antigen.pdb 1g7mBA_antibody.pdb
Converting SMILES to graph: 51/500
1g9mG_antigen.pdb 1g9mHL_antibody.pdb
Converting SMILES to graph: 52/500
1g9nG_antigen.pdb 1g9nHL_antibody.pdb
Converting SMILES to graph: 53/500
1gc1G_antigen.pdb 1gc1HL_antibody.pdb
Converting SMILES to graph: 54/500
1ggiP_antigen.pdb 1ggiHL_antibody.pdb
Converting SMILES to graph: 55/500
1h0dC_antigen.pdb 1h0dBA_antibody.pdb
Converting SMILES to graph: 56/500
1hezE_antigen.pdb 1hezDC_antibody.pdb
Converting SMILES to graph: 57/500
1hh6C_antigen.pdb 1hh6BA_antibody.pdb
Converting SMILES to graph: 58/500
1hh9C_antigen.pdb 1hh9BA_antibody.pdb
Converting SMILES to graph: 59/500
1hi6C_antigen.pdb 1hi6BA_antibody.pdb
Converting SMILES to graph: 60/500
1himP_antigen.pdb 1himLH_antibody.pdb
Converting SMILES to graph: 61/500
1hinP_antigen.pdb 1hinHL_antibody.pdb
Converting SMILES to graph: 62/500
1hysB_antigen.pdb 1hysDC_antibody.pdb
Converting SMILES to graph: 63/500
1i8iC_antigen.pdb 1i8iBA_antibody.pdb
Converting SMILES to graph: 64/500
1i8kC_antigen.pdb 1i8kBA_antibody.pdb
Converting SMILES to graph: 65/500
1i9rB_antigen.pdb 1i9rKM_antibody.pdb
Converting SMILES to graph: 66/500
1ic4Y_antigen.pdb 1ic4HL_antibody.pdb
Converting SMILES to graph: 67/500
1ic5Y_antigen.pdb 1ic5HL_antibody.pdb
Converting SMILES to graph: 68/500
1ic7Y_antigen.pdb 1ic7HL_antibody.pdb
Converting SMILES to graph: 69/500
1ifhP_antigen.pdb 1ifhHL_antibody.pdb
Converting SMILES to graph: 70/500
1iqdC_antigen.pdb 1iqdBA_antibody.pdb
Converting SMILES to graph: 71/500
1j1oY_antigen.pdb 1j1oHL_antibody.pdb
Converting SMILES to graph: 72/500
1j1pY_antigen.pdb 1j1pHL_antibody.pdb
Converting SMILES to graph: 73/500
1j1xY_antigen.pdb 1j1xHL_antibody.pdb
Converting SMILES to graph: 74/500
1j5oB_antigen.pdb 1j5oHL_antibody.pdb
Converting SMILES to graph: 75/500
1jhlA_antigen.pdb 1jhlHL_antibody.pdb
Converting SMILES to graph: 76/500
1jnhH_antigen.pdb 1jnhDC_antibody.pdb
Converting SMILES to graph: 77/500
1jp5C_antigen.pdb 1jp5aA_antibody.pdb
Converting SMILES to graph: 78/500
1jpsT_antigen.pdb 1jpsHL_antibody.pdb
Converting SMILES to graph: 79/500
1jrhI_antigen.pdb 1jrhHL_antibody.pdb
Converting SMILES to graph: 80/500
1jtoM_antigen.pdb 1jtoB_antibody.pdb
Converting SMILES to graph: 81/500
1jtpM_antigen.pdb 1jtpB_antibody.pdb
Converting SMILES to graph: 82/500
1jttL_antigen.pdb 1jttA_antibody.pdb
Converting SMILES to graph: 83/500
1k4cC_antigen.pdb 1k4cAB_antibody.pdb
Converting SMILES to graph: 84/500
1k4dC_antigen.pdb 1k4dAB_antibody.pdb
Converting SMILES to graph: 85/500
1kb5AB_antigen.pdb 1kb5HL_antibody.pdb
Converting SMILES to graph: 86/500
1kb9E_antigen.pdb 1kb9JK_antibody.pdb
Converting SMILES to graph: 87/500
1kc5P_antigen.pdb 1kc5HL_antibody.pdb
Converting SMILES to graph: 88/500
1kcrP_antigen.pdb 1kcrHL_antibody.pdb
Converting SMILES to graph: 89/500
1kcsP_antigen.pdb 1kcsHL_antibody.pdb
Converting SMILES to graph: 90/500
1kenCE_antigen.pdb 1kenTU_antibody.pdb
Converting SMILES to graph: 91/500
1kipC_antigen.pdb 1kipBA_antibody.pdb
Converting SMILES to graph: 92/500
1kiqC_antigen.pdb 1kiqBA_antibody.pdb
Converting SMILES to graph: 93/500
1kirC_antigen.pdb 1kirBA_antibody.pdb
Converting SMILES to graph: 94/500
1ktrP_antigen.pdb 1ktrHL_antibody.pdb
Converting SMILES to graph: 95/500
1kxqB_antigen.pdb 1kxqG_antibody.pdb
Converting SMILES to graph: 96/500
1kxtA_antigen.pdb 1kxtB_antibody.pdb
Converting SMILES to graph: 97/500
1kxvA_antigen.pdb 1kxvC_antibody.pdb
Converting SMILES to graph: 98/500
1kyoE_antigen.pdb 1kyoJK_antibody.pdb
Converting SMILES to graph: 99/500
1lk3B_antigen.pdb 1lk3IM_antibody.pdb
Converting SMILES to graph: 100/500
1melL_antigen.pdb 1melA_antibody.pdb
Converting SMILES to graph: 101/500
1mhpA_antigen.pdb 1mhpHL_antibody.pdb
Converting SMILES to graph: 102/500
1mlcE_antigen.pdb 1mlcBA_antibody.pdb
Converting SMILES to graph: 103/500
1mpaP_antigen.pdb 1mpaHL_antibody.pdb
Converting SMILES to graph: 104/500
1mvfD_antigen.pdb 1mvfB_antibody.pdb
Converting SMILES to graph: 105/500
1mvuP_antigen.pdb 1mvuBA_antibody.pdb
Converting SMILES to graph: 106/500
1n0xR_antigen.pdb 1n0xKM_antibody.pdb
Converting SMILES to graph: 107/500
1n5yB_antigen.pdb 1n5yHL_antibody.pdb
Converting SMILES to graph: 108/500
1n64P_antigen.pdb 1n64HL_antibody.pdb
Converting SMILES to graph: 109/500
1n6qB_antigen.pdb 1n6qHL_antibody.pdb
Converting SMILES to graph: 110/500
1n8zC_antigen.pdb 1n8zBA_antibody.pdb
Converting SMILES to graph: 111/500
1nakP_antigen.pdb 1nakHL_antibody.pdb
Converting SMILES to graph: 112/500
1nbyC_antigen.pdb 1nbyBA_antibody.pdb
Converting SMILES to graph: 113/500
1nbzC_antigen.pdb 1nbzBA_antibody.pdb
Converting SMILES to graph: 114/500
1ncaN_antigen.pdb 1ncaHL_antibody.pdb
Converting SMILES to graph: 115/500
1ncbN_antigen.pdb 1ncbHL_antibody.pdb
Converting SMILES to graph: 116/500
1nccN_antigen.pdb 1nccHL_antibody.pdb
Converting SMILES to graph: 117/500
1ncdN_antigen.pdb 1ncdHL_antibody.pdb
Converting SMILES to graph: 118/500
1ndgC_antigen.pdb 1ndgBA_antibody.pdb
Converting SMILES to graph: 119/500
1ndmC_antigen.pdb 1ndmBA_antibody.pdb
Converting SMILES to graph: 120/500
1nfdD_antigen.pdb 1nfdHG_antibody.pdb
Converting SMILES to graph: 121/500
1nl0G_antigen.pdb 1nl0HL_antibody.pdb
Converting SMILES to graph: 122/500
1nmaN_antigen.pdb 1nmaHL_antibody.pdb
Converting SMILES to graph: 123/500
1nmbN_antigen.pdb 1nmbHL_antibody.pdb
Converting SMILES to graph: 124/500
1nmcN_antigen.pdb 1nmcHL_antibody.pdb
Converting SMILES to graph: 125/500
1nsnS_antigen.pdb 1nsnHL_antibody.pdb
Converting SMILES to graph: 126/500
1oakA_antigen.pdb 1oakHL_antibody.pdb
Converting SMILES to graph: 127/500
1oazA_antigen.pdb 1oazHL_antibody.pdb
Converting SMILES to graph: 128/500
1ob1C_antigen.pdb 1ob1BA_antibody.pdb
Converting SMILES to graph: 129/500
1op9B_antigen.pdb 1op9A_antibody.pdb
Converting SMILES to graph: 130/500
1orqC_antigen.pdb 1orqBA_antibody.pdb
Converting SMILES to graph: 131/500
1orsC_antigen.pdb 1orsBA_antibody.pdb
Converting SMILES to graph: 132/500
1ospO_antigen.pdb 1ospHL_antibody.pdb
Converting SMILES to graph: 133/500
1otsB_antigen.pdb 1otsEF_antibody.pdb
Converting SMILES to graph: 134/500
1ottA_antigen.pdb 1ottCD_antibody.pdb
Converting SMILES to graph: 135/500
1otuB_antigen.pdb 1otuEF_antibody.pdb
Converting SMILES to graph: 136/500
1p2cC_antigen.pdb 1p2cBA_antibody.pdb
Converting SMILES to graph: 137/500
1p4bP_antigen.pdb 1p4bHL_antibody.pdb
Converting SMILES to graph: 138/500
1p84E_antigen.pdb 1p84JK_antibody.pdb
Converting SMILES to graph: 139/500
1pkqE_antigen.pdb 1pkqBA_antibody.pdb
Converting SMILES to graph: 140/500
1pz5C_antigen.pdb 1pz5BA_antibody.pdb
Converting SMILES to graph: 141/500
1q1jQ_antigen.pdb 1q1jIM_antibody.pdb
Converting SMILES to graph: 142/500
1qfuA_antigen.pdb 1qfuHL_antibody.pdb
Converting SMILES to graph: 143/500
1qfwB_antigen.pdb 1qfwIM_antibody.pdb
Converting SMILES to graph: 144/500
1qgc513_antigen.pdb 1qgcA4_antibody.pdb
Converting SMILES to graph: 145/500
1qkzP_antigen.pdb 1qkzHL_antibody.pdb
Converting SMILES to graph: 146/500
1qleB_antigen.pdb 1qleHL_antibody.pdb
Converting SMILES to graph: 147/500
1qnzP_antigen.pdb 1qnzHL_antibody.pdb
Converting SMILES to graph: 148/500
1r0aB_antigen.pdb 1r0aHL_antibody.pdb
Converting SMILES to graph: 149/500
1r3iC_antigen.pdb 1r3iHL_antibody.pdb
Converting SMILES to graph: 150/500
1r3jC_antigen.pdb 1r3jBA_antibody.pdb
Converting SMILES to graph: 151/500
1r3kC_antigen.pdb 1r3kBA_antibody.pdb
Converting SMILES to graph: 152/500
1r3lC_antigen.pdb 1r3lBA_antibody.pdb
Converting SMILES to graph: 153/500
1ri8B_antigen.pdb 1ri8A_antibody.pdb
Converting SMILES to graph: 154/500
1rjcB_antigen.pdb 1rjcA_antibody.pdb
Converting SMILES to graph: 155/500
1rjlC_antigen.pdb 1rjlBA_antibody.pdb
Converting SMILES to graph: 156/500
1rvf13_antigen.pdb 1rvfHL_antibody.pdb
Converting SMILES to graph: 157/500
1rzjG_antigen.pdb 1rzjHL_antibody.pdb
Converting SMILES to graph: 158/500
1rzkG_antigen.pdb 1rzkHL_antibody.pdb
Converting SMILES to graph: 159/500
1s5hC_antigen.pdb 1s5hBA_antibody.pdb
Converting SMILES to graph: 160/500
1s78B_antigen.pdb 1s78FE_antibody.pdb
Converting SMILES to graph: 161/500
1sm3P_antigen.pdb 1sm3HL_antibody.pdb
Converting SMILES to graph: 162/500
1svzD_antigen.pdb 1svzbB_antibody.pdb
Converting SMILES to graph: 163/500
1sy6A_antigen.pdb 1sy6HL_antibody.pdb
Converting SMILES to graph: 164/500
1t03B_antigen.pdb 1t03HL_antibody.pdb
Converting SMILES to graph: 165/500
1tetP_antigen.pdb 1tetHL_antibody.pdb
Converting SMILES to graph: 166/500
1tjgP_antigen.pdb 1tjgHL_antibody.pdb
Converting SMILES to graph: 167/500
1tjhP_antigen.pdb 1tjhHL_antibody.pdb
Converting SMILES to graph: 168/500
1tjiP_antigen.pdb 1tjiHL_antibody.pdb
Converting SMILES to graph: 169/500
1tpxA_antigen.pdb 1tpxBC_antibody.pdb
Converting SMILES to graph: 170/500
1tqbA_antigen.pdb 1tqbBC_antibody.pdb
Converting SMILES to graph: 171/500
1tqcA_antigen.pdb 1tqcBC_antibody.pdb
Converting SMILES to graph: 172/500
1tzgQ_antigen.pdb 1tzgIM_antibody.pdb
Converting SMILES to graph: 173/500
1tzhW_antigen.pdb 1tzhBA_antibody.pdb
Converting SMILES to graph: 174/500
1tziV_antigen.pdb 1tziBA_antibody.pdb
Converting SMILES to graph: 175/500
1u8hC_antigen.pdb 1u8hBA_antibody.pdb
Converting SMILES to graph: 176/500
1u8iC_antigen.pdb 1u8iBA_antibody.pdb
Converting SMILES to graph: 177/500
1u8jC_antigen.pdb 1u8jBA_antibody.pdb
Converting SMILES to graph: 178/500
1u8kC_antigen.pdb 1u8kBA_antibody.pdb
Converting SMILES to graph: 179/500
1u8lC_antigen.pdb 1u8lBA_antibody.pdb
Converting SMILES to graph: 180/500
1u8mC_antigen.pdb 1u8mBA_antibody.pdb
Converting SMILES to graph: 181/500
1u8nC_antigen.pdb 1u8nBA_antibody.pdb
Converting SMILES to graph: 182/500
1u8oC_antigen.pdb 1u8oBA_antibody.pdb
Converting SMILES to graph: 183/500
1u8pC_antigen.pdb 1u8pBA_antibody.pdb
Converting SMILES to graph: 184/500
1u8qC_antigen.pdb 1u8qBA_antibody.pdb
Converting SMILES to graph: 185/500
1u91C_antigen.pdb 1u91BA_antibody.pdb
Converting SMILES to graph: 186/500
1u92C_antigen.pdb 1u92BA_antibody.pdb
Converting SMILES to graph: 187/500
1u93C_antigen.pdb 1u93BA_antibody.pdb
Converting SMILES to graph: 188/500
1u95C_antigen.pdb 1u95BA_antibody.pdb
Converting SMILES to graph: 189/500
1ua6Y_antigen.pdb 1ua6HL_antibody.pdb
Converting SMILES to graph: 190/500
1uacY_antigen.pdb 1uacHL_antibody.pdb
Converting SMILES to graph: 191/500
1uj3C_antigen.pdb 1uj3BA_antibody.pdb
Converting SMILES to graph: 192/500
1uwxP_antigen.pdb 1uwxHL_antibody.pdb
Converting SMILES to graph: 193/500
1uz8H_antigen.pdb 1uz8BA_antibody.pdb
Converting SMILES to graph: 194/500
1v7mX_antigen.pdb 1v7mIM_antibody.pdb
Converting SMILES to graph: 195/500
1v7nZ_antigen.pdb 1v7nKO_antibody.pdb
Converting SMILES to graph: 196/500
1vfbC_antigen.pdb 1vfbBA_antibody.pdb
Converting SMILES to graph: 197/500
1w72DF_antigen.pdb 1w72IM_antibody.pdb
Converting SMILES to graph: 198/500
1wejF_antigen.pdb 1wejHL_antibody.pdb
Converting SMILES to graph: 199/500
1xcqQM_antigen.pdb 1xcqDC_antibody.pdb
Converting SMILES to graph: 200/500
1xctQM_antigen.pdb 1xctDC_antibody.pdb
Converting SMILES to graph: 201/500
1xf5Q_antigen.pdb 1xf5DC_antibody.pdb
Converting SMILES to graph: 202/500
1xfpL_antigen.pdb 1xfpA_antibody.pdb
Converting SMILES to graph: 203/500
1xgpC_antigen.pdb 1xgpBA_antibody.pdb
Converting SMILES to graph: 204/500
1xgqC_antigen.pdb 1xgqBA_antibody.pdb
Converting SMILES to graph: 205/500
1xgrC_antigen.pdb 1xgrBA_antibody.pdb
Converting SMILES to graph: 206/500
1xgtC_antigen.pdb 1xgtBA_antibody.pdb
Converting SMILES to graph: 207/500
1xguC_antigen.pdb 1xguBA_antibody.pdb
Converting SMILES to graph: 208/500
1xgyP_antigen.pdb 1xgyHL_antibody.pdb
Converting SMILES to graph: 209/500
1xiwEB_antigen.pdb 1xiwHG_antibody.pdb
Converting SMILES to graph: 210/500
1yjdC_antigen.pdb 1yjdHL_antibody.pdb
Converting SMILES to graph: 211/500
1ymhF_antigen.pdb 1ymhDC_antibody.pdb
Converting SMILES to graph: 212/500
1yntG_antigen.pdb 1yntDC_antibody.pdb
Converting SMILES to graph: 213/500
1yqvY_antigen.pdb 1yqvHL_antibody.pdb
Converting SMILES to graph: 214/500
1yy9A_antigen.pdb 1yy9DC_antibody.pdb
Converting SMILES to graph: 215/500
1yylG_antigen.pdb 1yylHL_antibody.pdb
Converting SMILES to graph: 216/500
1yymG_antigen.pdb 1yymHL_antibody.pdb
Converting SMILES to graph: 217/500
1z3gB_antigen.pdb 1z3gIM_antibody.pdb
Converting SMILES to graph: 218/500
1za3R_antigen.pdb 1za3HL_antibody.pdb
Converting SMILES to graph: 219/500
1zmyL_antigen.pdb 1zmyA_antibody.pdb
Converting SMILES to graph: 220/500
1ztxE_antigen.pdb 1ztxHL_antibody.pdb
Converting SMILES to graph: 221/500
1zv5L_antigen.pdb 1zv5A_antibody.pdb
Converting SMILES to graph: 222/500
1zvhL_antigen.pdb 1zvhA_antibody.pdb
Converting SMILES to graph: 223/500
1zvyB_antigen.pdb 1zvyA_antibody.pdb
Converting SMILES to graph: 224/500
1zwiC_antigen.pdb 1zwiAB_antibody.pdb
Converting SMILES to graph: 225/500
2a0lB_antigen.pdb 2a0lFE_antibody.pdb
Converting SMILES to graph: 226/500
2a6dP_antigen.pdb 2a6dBA_antibody.pdb
Converting SMILES to graph: 227/500
2a6iP_antigen.pdb 2a6iBA_antibody.pdb
Converting SMILES to graph: 228/500
2a6kP_antigen.pdb 2a6kHL_antibody.pdb
Converting SMILES to graph: 229/500
2adfA_antigen.pdb 2adfHL_antibody.pdb
Converting SMILES to graph: 230/500
2aepA_antigen.pdb 2aepHL_antibody.pdb
Converting SMILES to graph: 231/500
2aeqA_antigen.pdb 2aeqHL_antibody.pdb
Converting SMILES to graph: 232/500
2ap2Q_antigen.pdb 2ap2DC_antibody.pdb
Converting SMILES to graph: 233/500
2arjQ_antigen.pdb 2arjHL_antibody.pdb
Converting SMILES to graph: 234/500
2atkC_antigen.pdb 2atkAB_antibody.pdb
Converting SMILES to graph: 235/500
2b0sP_antigen.pdb 2b0sHL_antibody.pdb
Converting SMILES to graph: 236/500
2b1aP_antigen.pdb 2b1aHL_antibody.pdb
Converting SMILES to graph: 237/500
2b1hP_antigen.pdb 2b1hHL_antibody.pdb
Converting SMILES to graph: 238/500
2b2xA_antigen.pdb 2b2xHL_antibody.pdb
Converting SMILES to graph: 239/500
2b4cGC_antigen.pdb 2b4cHL_antibody.pdb
Converting SMILES to graph: 240/500
2bdnA_antigen.pdb 2bdnHL_antibody.pdb
Converting SMILES to graph: 241/500
2bobC_antigen.pdb 2bobAB_antibody.pdb
Converting SMILES to graph: 242/500
2bocC_antigen.pdb 2bocAB_antibody.pdb
Converting SMILES to graph: 243/500
2brrP_antigen.pdb 2brrHL_antibody.pdb
Converting SMILES to graph: 244/500
2bseC_antigen.pdb 2bseF_antibody.pdb
Converting SMILES to graph: 245/500
2ck0P_antigen.pdb 2ck0HL_antibody.pdb
Converting SMILES to graph: 246/500
2cmrA_antigen.pdb 2cmrHL_antibody.pdb
Converting SMILES to graph: 247/500
2dd8S_antigen.pdb 2dd8HL_antibody.pdb
Converting SMILES to graph: 248/500
2dqcY_antigen.pdb 2dqcHL_antibody.pdb
Converting SMILES to graph: 249/500
2dqdY_antigen.pdb 2dqdHL_antibody.pdb
Converting SMILES to graph: 250/500
2dqeY_antigen.pdb 2dqeHL_antibody.pdb
Converting SMILES to graph: 251/500
2dqfC_antigen.pdb 2dqfBA_antibody.pdb
Converting SMILES to graph: 252/500
2dqgY_antigen.pdb 2dqgHL_antibody.pdb
Converting SMILES to graph: 253/500
2dqhY_antigen.pdb 2dqhHL_antibody.pdb
Converting SMILES to graph: 254/500
2dqiY_antigen.pdb 2dqiHL_antibody.pdb
Converting SMILES to graph: 255/500
2dqjY_antigen.pdb 2dqjHL_antibody.pdb
Converting SMILES to graph: 256/500
2dtgE_antigen.pdb 2dtgAB_antibody.pdb
Converting SMILES to graph: 257/500
2dwdC_antigen.pdb 2dwdAB_antibody.pdb
Converting SMILES to graph: 258/500
2dweC_antigen.pdb 2dweAB_antibody.pdb
Converting SMILES to graph: 259/500
2eh8P_antigen.pdb 2eh8HL_antibody.pdb
Converting SMILES to graph: 260/500
2eizC_antigen.pdb 2eizBA_antibody.pdb
Converting SMILES to graph: 261/500
2eksC_antigen.pdb 2eksBA_antibody.pdb
Converting SMILES to graph: 262/500
2exwA_antigen.pdb 2exwCD_antibody.pdb
Converting SMILES to graph: 263/500
2exyB_antigen.pdb 2exyEF_antibody.pdb
Converting SMILES to graph: 264/500
2ez0B_antigen.pdb 2ez0EF_antibody.pdb
Converting SMILES to graph: 265/500
2f58P_antigen.pdb 2f58HL_antibody.pdb
Converting SMILES to graph: 266/500
2f5bP_antigen.pdb 2f5bHL_antibody.pdb
Converting SMILES to graph: 267/500
2fd6U_antigen.pdb 2fd6HL_antibody.pdb
Converting SMILES to graph: 268/500
2fecB_antigen.pdb 2fecIL_antibody.pdb
Converting SMILES to graph: 269/500
2fedA_antigen.pdb 2fedCD_antibody.pdb
Converting SMILES to graph: 270/500
2feeA_antigen.pdb 2feeJO_antibody.pdb
Converting SMILES to graph: 271/500
2fjgW_antigen.pdb 2fjgHL_antibody.pdb
Converting SMILES to graph: 272/500
2fjhW_antigen.pdb 2fjhBA_antibody.pdb
Converting SMILES to graph: 273/500
2fx7P_antigen.pdb 2fx7HL_antibody.pdb
Converting SMILES to graph: 274/500
2fx8R_antigen.pdb 2fx8JN_antibody.pdb
Converting SMILES to graph: 275/500
2fx9P_antigen.pdb 2fx9HL_antibody.pdb
Converting SMILES to graph: 276/500
2g5bJ_antigen.pdb 2g5bDC_antibody.pdb
Converting SMILES to graph: 277/500
2ghwA_antigen.pdb 2ghwBb_antibody.pdb
Converting SMILES to graph: 278/500
2gsiW_antigen.pdb 2gsiBA_antibody.pdb
Converting SMILES to graph: 279/500
2h1pP_antigen.pdb 2h1pHL_antibody.pdb
Converting SMILES to graph: 280/500
2h2pB_antigen.pdb 2h2pEF_antibody.pdb
Converting SMILES to graph: 281/500
2h2sB_antigen.pdb 2h2sEF_antibody.pdb
Converting SMILES to graph: 282/500
2h32B_antigen.pdb 2h32HA_antibody.pdb
Converting SMILES to graph: 283/500
2h8pC_antigen.pdb 2h8pAB_antibody.pdb
Converting SMILES to graph: 284/500
2h9gS_antigen.pdb 2h9gHL_antibody.pdb
Converting SMILES to graph: 285/500
2hfeC_antigen.pdb 2hfeAB_antibody.pdb
Converting SMILES to graph: 286/500
2hfgR_antigen.pdb 2hfgHL_antibody.pdb
Converting SMILES to graph: 287/500
2hg5C_antigen.pdb 2hg5AB_antibody.pdb
Converting SMILES to graph: 288/500
2hh0P_antigen.pdb 2hh0HL_antibody.pdb
Converting SMILES to graph: 289/500
2hjfC_antigen.pdb 2hjfAB_antibody.pdb
Converting SMILES to graph: 290/500
2hkfP_antigen.pdb 2hkfHL_antibody.pdb
Converting SMILES to graph: 291/500
2hlfB_antigen.pdb 2hlfEF_antibody.pdb
Converting SMILES to graph: 292/500
2hmiB_antigen.pdb 2hmiDC_antibody.pdb
Converting SMILES to graph: 293/500
2hrpP_antigen.pdb 2hrpHL_antibody.pdb
Converting SMILES to graph: 294/500
2ht2A_antigen.pdb 2ht2CD_antibody.pdb
Converting SMILES to graph: 295/500
2ht3A_antigen.pdb 2ht3CD_antibody.pdb
Converting SMILES to graph: 296/500
2ht4B_antigen.pdb 2ht4EF_antibody.pdb
Converting SMILES to graph: 297/500
2htkA_antigen.pdb 2htkCD_antibody.pdb
Converting SMILES to graph: 298/500
2htlA_antigen.pdb 2htlCD_antibody.pdb
Converting SMILES to graph: 299/500
2hvjC_antigen.pdb 2hvjAB_antibody.pdb
Converting SMILES to graph: 300/500
2hvkC_antigen.pdb 2hvkAB_antibody.pdb
Converting SMILES to graph: 301/500
2i5yP_antigen.pdb 2i5yRQ_antibody.pdb
Converting SMILES to graph: 302/500
2i60G_antigen.pdb 2i60HL_antibody.pdb
Converting SMILES to graph: 303/500
2i9lK_antigen.pdb 2i9lFE_antibody.pdb
Converting SMILES to graph: 304/500
2ibzE_antigen.pdb 2ibzXY_antibody.pdb
Converting SMILES to graph: 305/500
2iffY_antigen.pdb 2iffHL_antibody.pdb
Converting SMILES to graph: 306/500
2igfP_antigen.pdb 2igfHL_antibody.pdb
Converting SMILES to graph: 307/500
2ih1C_antigen.pdb 2ih1AB_antibody.pdb
Converting SMILES to graph: 308/500
2ih3C_antigen.pdb 2ih3AB_antibody.pdb
Converting SMILES to graph: 309/500
2ipuP_antigen.pdb 2ipuGK_antibody.pdb
Converting SMILES to graph: 310/500
2itcC_antigen.pdb 2itcAB_antibody.pdb
Converting SMILES to graph: 311/500
2itdC_antigen.pdb 2itdAB_antibody.pdb
Converting SMILES to graph: 312/500
2j4wD_antigen.pdb 2j4wHL_antibody.pdb
Converting SMILES to graph: 313/500
2j5lA_antigen.pdb 2j5lCB_antibody.pdb
Converting SMILES to graph: 314/500
2j6eB_antigen.pdb 2j6eIM_antibody.pdb
Converting SMILES to graph: 315/500
2j88A_antigen.pdb 2j88HL_antibody.pdb
Converting SMILES to graph: 316/500
2jelP_antigen.pdb 2jelHL_antibody.pdb
Converting SMILES to graph: 317/500
2jixE_antigen.pdb 2jixHL_antibody.pdb
Converting SMILES to graph: 318/500
2jk5C_antigen.pdb 2jk5AB_antibody.pdb
Converting SMILES to graph: 319/500
2kh2A_antigen.pdb 2kh2Bb_antibody.pdb
Converting SMILES to graph: 320/500
2ltqD_antigen.pdb 2ltqFE_antibody.pdb
Converting SMILES to graph: 321/500
2mpaP_antigen.pdb 2mpaHL_antibody.pdb
Converting SMILES to graph: 322/500
2nljC_antigen.pdb 2nljBA_antibody.pdb
Converting SMILES to graph: 323/500
2nr6B_antigen.pdb 2nr6FE_antibody.pdb
Converting SMILES to graph: 324/500
2nxyA_antigen.pdb 2nxyDC_antibody.pdb
Converting SMILES to graph: 325/500
2nxzA_antigen.pdb 2nxzDC_antibody.pdb
Converting SMILES to graph: 326/500
2ny0A_antigen.pdb 2ny0DC_antibody.pdb
Converting SMILES to graph: 327/500
2ny1A_antigen.pdb 2ny1DC_antibody.pdb
Converting SMILES to graph: 328/500
2ny2A_antigen.pdb 2ny2DC_antibody.pdb
Converting SMILES to graph: 329/500
2ny3A_antigen.pdb 2ny3DC_antibody.pdb
Converting SMILES to graph: 330/500
2ny4A_antigen.pdb 2ny4DC_antibody.pdb
Converting SMILES to graph: 331/500
2ny5G_antigen.pdb 2ny5HL_antibody.pdb
Converting SMILES to graph: 332/500
2ny6A_antigen.pdb 2ny6DC_antibody.pdb
Converting SMILES to graph: 333/500
2ny7G_antigen.pdb 2ny7HL_antibody.pdb
Converting SMILES to graph: 334/500
2nyyA_antigen.pdb 2nyyDC_antibody.pdb
Converting SMILES to graph: 335/500
2nz9B_antigen.pdb 2nz9FE_antibody.pdb
Converting SMILES to graph: 336/500
2oqjF_antigen.pdb 2oqjED_antibody.pdb
Converting SMILES to graph: 337/500
2or9P_antigen.pdb 2or9IM_antibody.pdb
Converting SMILES to graph: 338/500
2oslP_antigen.pdb 2oslHL_antibody.pdb
Converting SMILES to graph: 339/500
2otuQ_antigen.pdb 2otuDC_antibody.pdb
Converting SMILES to graph: 340/500
2otwE_antigen.pdb 2otwBA_antibody.pdb
Converting SMILES to graph: 341/500
2oz4A_antigen.pdb 2oz4HL_antibody.pdb
Converting SMILES to graph: 342/500
2p42C_antigen.pdb 2p42D_antibody.pdb
Converting SMILES to graph: 343/500
2p43A_antigen.pdb 2p43B_antibody.pdb
Converting SMILES to graph: 344/500
2p44A_antigen.pdb 2p44B_antibody.pdb
Converting SMILES to graph: 345/500
2p45A_antigen.pdb 2p45B_antibody.pdb
Converting SMILES to graph: 346/500
2p46A_antigen.pdb 2p46B_antibody.pdb
Converting SMILES to graph: 347/500
2p47A_antigen.pdb 2p47B_antibody.pdb
Converting SMILES to graph: 348/500
2p48A_antigen.pdb 2p48B_antibody.pdb
Converting SMILES to graph: 349/500
2p49A_antigen.pdb 2p49B_antibody.pdb
Converting SMILES to graph: 350/500
2p4aA_antigen.pdb 2p4aB_antibody.pdb
Converting SMILES to graph: 351/500
2p7tC_antigen.pdb 2p7tAB_antibody.pdb
Converting SMILES to graph: 352/500
2p8lC_antigen.pdb 2p8lBA_antibody.pdb
Converting SMILES to graph: 353/500
2p8mC_antigen.pdb 2p8mBA_antibody.pdb
Converting SMILES to graph: 354/500
2p8pC_antigen.pdb 2p8pBA_antibody.pdb
Converting SMILES to graph: 355/500
2pw1C_antigen.pdb 2pw1BA_antibody.pdb
Converting SMILES to graph: 356/500
2pw2C_antigen.pdb 2pw2BA_antibody.pdb
Converting SMILES to graph: 357/500
2q8aA_antigen.pdb 2q8aHL_antibody.pdb
Converting SMILES to graph: 358/500
2q8bA_antigen.pdb 2q8bHL_antibody.pdb
Converting SMILES to graph: 359/500
2qadA_antigen.pdb 2qadDC_antibody.pdb
Converting SMILES to graph: 360/500
2qhrP_antigen.pdb 2qhrHL_antibody.pdb
Converting SMILES to graph: 361/500
2qqkA_antigen.pdb 2qqkHL_antibody.pdb
Converting SMILES to graph: 362/500
2qqlA_antigen.pdb 2qqlHL_antibody.pdb
Converting SMILES to graph: 363/500
2qqnA_antigen.pdb 2qqnHL_antibody.pdb
Converting SMILES to graph: 364/500
2qr0P_antigen.pdb 2qr0RQ_antibody.pdb
Converting SMILES to graph: 365/500
2qscP_antigen.pdb 2qscHL_antibody.pdb
Converting SMILES to graph: 366/500
2r0kA_antigen.pdb 2r0kHL_antibody.pdb
Converting SMILES to graph: 367/500
2r0lA_antigen.pdb 2r0lHL_antibody.pdb
Converting SMILES to graph: 368/500
2r0wQ_antigen.pdb 2r0wHL_antibody.pdb
Converting SMILES to graph: 369/500
2r0zQ_antigen.pdb 2r0zHL_antibody.pdb
Converting SMILES to graph: 370/500
2r29A_antigen.pdb 2r29HL_antibody.pdb
Converting SMILES to graph: 371/500
2r4rA_antigen.pdb 2r4rHL_antibody.pdb
Converting SMILES to graph: 372/500
2r4sA_antigen.pdb 2r4sHL_antibody.pdb
Converting SMILES to graph: 373/500
2r56B_antigen.pdb 2r56IM_antibody.pdb
Converting SMILES to graph: 374/500
2r69A_antigen.pdb 2r69HL_antibody.pdb
Converting SMILES to graph: 375/500
2r6pA_antigen.pdb 2r6pDE_antibody.pdb
Converting SMILES to graph: 376/500
2r9hB_antigen.pdb 2r9hEF_antibody.pdb
Converting SMILES to graph: 377/500
2uudT_antigen.pdb 2uudJK_antibody.pdb
Converting SMILES to graph: 378/500
2uziR_antigen.pdb 2uziHL_antibody.pdb
Converting SMILES to graph: 379/500
2v17A_antigen.pdb 2v17HL_antibody.pdb
Converting SMILES to graph: 380/500
2vc2A_antigen.pdb 2vc2HL_antibody.pdb
Converting SMILES to graph: 381/500
2vdkA_antigen.pdb 2vdkHL_antibody.pdb
Converting SMILES to graph: 382/500
2vdlA_antigen.pdb 2vdlHL_antibody.pdb
Converting SMILES to graph: 383/500
2vdmA_antigen.pdb 2vdmHL_antibody.pdb
Converting SMILES to graph: 384/500
2vdnA_antigen.pdb 2vdnHL_antibody.pdb
Converting SMILES to graph: 385/500
2vdoA_antigen.pdb 2vdoHL_antibody.pdb
Converting SMILES to graph: 386/500
2vdpA_antigen.pdb 2vdpHL_antibody.pdb
Converting SMILES to graph: 387/500
2vdqA_antigen.pdb 2vdqHL_antibody.pdb
Converting SMILES to graph: 388/500
2vdrA_antigen.pdb 2vdrHL_antibody.pdb
Converting SMILES to graph: 389/500
2vh5R_antigen.pdb 2vh5HL_antibody.pdb
Converting SMILES to graph: 390/500
2virC_antigen.pdb 2virBA_antibody.pdb
Converting SMILES to graph: 391/500
2visC_antigen.pdb 2visBA_antibody.pdb
Converting SMILES to graph: 392/500
2vitC_antigen.pdb 2vitBA_antibody.pdb
Converting SMILES to graph: 393/500
2vweA_antigen.pdb 2vweEC_antibody.pdb
Converting SMILES to graph: 394/500
2vxqA_antigen.pdb 2vxqHL_antibody.pdb
Converting SMILES to graph: 395/500
2vxsD_antigen.pdb 2vxsJN_antibody.pdb
Converting SMILES to graph: 396/500
2vxtI_antigen.pdb 2vxtHL_antibody.pdb
Converting SMILES to graph: 397/500
2vyrA_antigen.pdb 2vyrE_antibody.pdb
Converting SMILES to graph: 398/500
2w0fC_antigen.pdb 2w0fAB_antibody.pdb
Converting SMILES to graph: 399/500
2w65F_antigen.pdb 2w65CD_antibody.pdb
Converting SMILES to graph: 400/500
2w9eA_antigen.pdb 2w9eHL_antibody.pdb
Converting SMILES to graph: 401/500
2wubC_antigen.pdb 2wubRQ_antibody.pdb
Converting SMILES to graph: 402/500
2wucA_antigen.pdb 2wucHL_antibody.pdb
Converting SMILES to graph: 403/500
2wzpH_antigen.pdb 2wzpJ_antibody.pdb
Converting SMILES to graph: 404/500
2x6mB_antigen.pdb 2x6mA_antibody.pdb
Converting SMILES to graph: 405/500
2x7lM_antigen.pdb 2x7lGI_antibody.pdb
Converting SMILES to graph: 406/500
2x89D_antigen.pdb 2x89A_antibody.pdb
Converting SMILES to graph: 407/500
2xqbA_antigen.pdb 2xqbHL_antibody.pdb
Converting SMILES to graph: 408/500
2xqyA_antigen.pdb 2xqyGL_antibody.pdb
Converting SMILES to graph: 409/500
2xraA_antigen.pdb 2xraHL_antibody.pdb
Converting SMILES to graph: 410/500
2xt1A_antigen.pdb 2xt1B_antibody.pdb
Converting SMILES to graph: 411/500
2xtjA_antigen.pdb 2xtjDB_antibody.pdb
Converting SMILES to graph: 412/500
2xv6C_antigen.pdb 2xv6D_antibody.pdb
Converting SMILES to graph: 413/500
2xwtC_antigen.pdb 2xwtAB_antibody.pdb
Converting SMILES to graph: 414/500
2xxmA_antigen.pdb 2xxmB_antibody.pdb
Converting SMILES to graph: 415/500
2xzqP_antigen.pdb 2xzqHL_antibody.pdb
Converting SMILES to graph: 416/500
2y06P_antigen.pdb 2y06HL_antibody.pdb
Converting SMILES to graph: 417/500
2y07P_antigen.pdb 2y07HL_antibody.pdb
Converting SMILES to graph: 418/500
2y36P_antigen.pdb 2y36HL_antibody.pdb
Converting SMILES to graph: 419/500
2y5tEGF_antigen.pdb 2y5tAB_antibody.pdb
Converting SMILES to graph: 420/500
2y6sQ_antigen.pdb 2y6sHL_antibody.pdb
Converting SMILES to graph: 421/500
2ybrC_antigen.pdb 2ybrAB_antibody.pdb
Converting SMILES to graph: 422/500
2yc1C_antigen.pdb 2yc1AB_antibody.pdb
Converting SMILES to graph: 423/500
2ypvA_antigen.pdb 2ypvHL_antibody.pdb
Converting SMILES to graph: 424/500
2yssC_antigen.pdb 2yssBA_antibody.pdb
Converting SMILES to graph: 425/500
2zchP_antigen.pdb 2zchHL_antibody.pdb
Converting SMILES to graph: 426/500
2zckP_antigen.pdb 2zckHL_antibody.pdb
Converting SMILES to graph: 427/500
2zclP_antigen.pdb 2zclHL_antibody.pdb
Converting SMILES to graph: 428/500
2zjsY_antigen.pdb 2zjsHL_antibody.pdb
Converting SMILES to graph: 429/500
2znwZ_antigen.pdb 2znwBb_antibody.pdb
Converting SMILES to graph: 430/500
2znxY_antigen.pdb 2znxAa_antibody.pdb
Converting SMILES to graph: 431/500
2zpkQ_antigen.pdb 2zpkIM_antibody.pdb
Converting SMILES to graph: 432/500
2zuqD_antigen.pdb 2zuqFE_antibody.pdb
Converting SMILES to graph: 433/500
3a67Y_antigen.pdb 3a67HL_antibody.pdb
Converting SMILES to graph: 434/500
3a6bY_antigen.pdb 3a6bHL_antibody.pdb
Converting SMILES to graph: 435/500
3a6cY_antigen.pdb 3a6cHL_antibody.pdb
Converting SMILES to graph: 436/500
3ab0A_antigen.pdb 3ab0BC_antibody.pdb
Converting SMILES to graph: 437/500
3b2uE_antigen.pdb 3b2uFG_antibody.pdb
Converting SMILES to graph: 438/500
3b2vA_antigen.pdb 3b2vHL_antibody.pdb
Converting SMILES to graph: 439/500
3b9kB_antigen.pdb 3b9kHL_antibody.pdb
Converting SMILES to graph: 440/500
3baeA_antigen.pdb 3baeHL_antibody.pdb
Converting SMILES to graph: 441/500
3bdyV_antigen.pdb 3bdyHL_antibody.pdb
Converting SMILES to graph: 442/500
3be1A_antigen.pdb 3be1HL_antibody.pdb
Converting SMILES to graph: 443/500
3bgfS_antigen.pdb 3bgfHL_antibody.pdb
Converting SMILES to graph: 444/500
3bkjA_antigen.pdb 3bkjHL_antibody.pdb
Converting SMILES to graph: 445/500
3bkyP_antigen.pdb 3bkyHL_antibody.pdb
Converting SMILES to graph: 446/500
3bn9B_antigen.pdb 3bn9DC_antibody.pdb
Converting SMILES to graph: 447/500
3bszE_antigen.pdb 3bszNM_antibody.pdb
Converting SMILES to graph: 448/500
3bt2U_antigen.pdb 3bt2HL_antibody.pdb
Converting SMILES to graph: 449/500
3c09D_antigen.pdb 3c09HL_antibody.pdb
Converting SMILES to graph: 450/500
3c2aP_antigen.pdb 3c2aHL_antibody.pdb
Converting SMILES to graph: 451/500
3cfiK_antigen.pdb 3cfiL_antibody.pdb
Converting SMILES to graph: 452/500
3ck0P_antigen.pdb 3ck0HL_antibody.pdb
Converting SMILES to graph: 453/500
3csyLK_antigen.pdb 3csyEF_antibody.pdb
Converting SMILES to graph: 454/500
3cvhAC_antigen.pdb 3cvhHL_antibody.pdb
Converting SMILES to graph: 455/500
3cx5P_antigen.pdb 3cx5UV_antibody.pdb
Converting SMILES to graph: 456/500
3cxdP_antigen.pdb 3cxdHL_antibody.pdb
Converting SMILES to graph: 457/500
3cxhP_antigen.pdb 3cxhUV_antibody.pdb
Converting SMILES to graph: 458/500
3d0lC_antigen.pdb 3d0lBA_antibody.pdb
Converting SMILES to graph: 459/500
3d0vC_antigen.pdb 3d0vBA_antibody.pdb
Converting SMILES to graph: 460/500
3d85C_antigen.pdb 3d85BA_antibody.pdb
Converting SMILES to graph: 461/500
3d9aC_antigen.pdb 3d9aHL_antibody.pdb
Converting SMILES to graph: 462/500
3detA_antigen.pdb 3detCD_antibody.pdb
Converting SMILES to graph: 463/500
3droP_antigen.pdb 3droBA_antibody.pdb
Converting SMILES to graph: 464/500
3drqC_antigen.pdb 3drqBA_antibody.pdb
Converting SMILES to graph: 465/500
3drtC_antigen.pdb 3drtBA_antibody.pdb
Converting SMILES to graph: 466/500
3dsfP_antigen.pdb 3dsfHL_antibody.pdb
Converting SMILES to graph: 467/500
3dvgYX_antigen.pdb 3dvgBA_antibody.pdb
Converting SMILES to graph: 468/500
3dvnYX_antigen.pdb 3dvnBA_antibody.pdb
Converting SMILES to graph: 469/500
3e8uP_antigen.pdb 3e8uHL_antibody.pdb
Converting SMILES to graph: 470/500
3ebaB_antigen.pdb 3ebaA_antibody.pdb
Converting SMILES to graph: 471/500
3efdK_antigen.pdb 3efdHL_antibody.pdb
Converting SMILES to graph: 472/500
3effMN_antigen.pdb 3effBA_antibody.pdb
Converting SMILES to graph: 473/500
3egsC_antigen.pdb 3egsBA_antibody.pdb
Converting SMILES to graph: 474/500
3ehbB_antigen.pdb 3ehbCD_antibody.pdb
Converting SMILES to graph: 475/500
3ejyA_antigen.pdb 3ejyCD_antibody.pdb
Converting SMILES to graph: 476/500
3ejzA_antigen.pdb 3ejzCD_antibody.pdb
Converting SMILES to graph: 477/500
3eo1I_antigen.pdb 3eo1HG_antibody.pdb
Converting SMILES to graph: 478/500
3eoaI_antigen.pdb 3eoaHL_antibody.pdb
Converting SMILES to graph: 479/500
3eobI_antigen.pdb 3eobHL_antibody.pdb
Converting SMILES to graph: 480/500
3etbM_antigen.pdb 3etbIi_antibody.pdb
Converting SMILES to graph: 481/500
3eyfE_antigen.pdb 3eyfBA_antibody.pdb
Converting SMILES to graph: 482/500
3eysQ_antigen.pdb 3eysHL_antibody.pdb
Converting SMILES to graph: 483/500
3eyuQ_antigen.pdb 3eyuHL_antibody.pdb
Converting SMILES to graph: 484/500
3ezjA_antigen.pdb 3ezjB_antibody.pdb
Converting SMILES to graph: 485/500
3f58P_antigen.pdb 3f58HL_antibody.pdb
Converting SMILES to graph: 486/500
3f5wC_antigen.pdb 3f5wAB_antibody.pdb
Converting SMILES to graph: 487/500
3f7vC_antigen.pdb 3f7vAB_antibody.pdb
Converting SMILES to graph: 488/500
3f7yC_antigen.pdb 3f7yAB_antibody.pdb
Converting SMILES to graph: 489/500
3fb5C_antigen.pdb 3fb5AB_antibody.pdb
Converting SMILES to graph: 490/500
3fb6C_antigen.pdb 3fb6AB_antibody.pdb
Converting SMILES to graph: 491/500
3fb7C_antigen.pdb 3fb7AB_antibody.pdb
Converting SMILES to graph: 492/500
3fb8C_antigen.pdb 3fb8AB_antibody.pdb
Converting SMILES to graph: 493/500
3ffdP_antigen.pdb 3ffdAB_antibody.pdb
Converting SMILES to graph: 494/500
3fkuHG_antigen.pdb 3fkuUu_antibody.pdb
Converting SMILES to graph: 495/500
3fmgA_antigen.pdb 3fmgHL_antibody.pdb
Converting SMILES to graph: 496/500
3fn0P_antigen.pdb 3fn0HL_antibody.pdb
Converting SMILES to graph: 497/500
3g04C_antigen.pdb 3g04BA_antibody.pdb
Converting SMILES to graph: 498/500
3g5vC_antigen.pdb 3g5vBA_antibody.pdb
Converting SMILES to graph: 499/500
3g5yE_antigen.pdb 3g5yBA_antibody.pdb
Converting SMILES to graph: 500/500
3g6dA_antigen.pdb 3g6dHL_antibody.pdb
Graph construction done. Saving to file.
