Converting SMILES to graph: 1/500
5kwl3_antigen.pdb 5kwl7_antibody.pdb
Converting SMILES to graph: 2/500
5kzcC_antigen.pdb 5kzcBD_antibody.pdb
Converting SMILES to graph: 3/500
5kzpC_antigen.pdb 5kzpFJ_antibody.pdb
Converting SMILES to graph: 4/500
5l0qA_antigen.pdb 5l0qCB_antibody.pdb
Converting SMILES to graph: 5/500
5l21A_antigen.pdb 5l21B_antibody.pdb
Converting SMILES to graph: 6/500
5l6yC_antigen.pdb 5l6yHL_antibody.pdb
Converting SMILES to graph: 7/500
5lbsA_antigen.pdb 5lbsHL_antibody.pdb
Converting SMILES to graph: 8/500
5lcvAB_antigen.pdb 5lcvHL_antibody.pdb
Converting SMILES to graph: 9/500
5ldnA_antigen.pdb 5ldnHL_antibody.pdb
Converting SMILES to graph: 10/500
5lhnA_antigen.pdb 5lhnB_antibody.pdb
Converting SMILES to graph: 11/500
5lhpA_antigen.pdb 5lhpB_antibody.pdb
Converting SMILES to graph: 12/500
5lhqA_antigen.pdb 5lhqB_antibody.pdb
Converting SMILES to graph: 13/500
5lhrA_antigen.pdb 5lhrB_antibody.pdb
Converting SMILES to graph: 14/500
5lqbA_antigen.pdb 5lqbHL_antibody.pdb
Converting SMILES to graph: 15/500
5lspA_antigen.pdb 5lspHL_antibody.pdb
Converting SMILES to graph: 16/500
5lwfB_antigen.pdb 5lwfD_antibody.pdb
Converting SMILES to graph: 17/500
5lwyA_antigen.pdb 5lwyHL_antibody.pdb
Converting SMILES to graph: 18/500
5lx9A_antigen.pdb 5lx9Hh_antibody.pdb
Converting SMILES to graph: 19/500
5lxaA_antigen.pdb 5lxaHh_antibody.pdb
Converting SMILES to graph: 20/500
5lxgA_antigen.pdb 5lxgHL_antibody.pdb
Converting SMILES to graph: 21/500
5m14A_antigen.pdb 5m14C_antibody.pdb
Converting SMILES to graph: 22/500
5m15A_antigen.pdb 5m15C_antibody.pdb
Converting SMILES to graph: 23/500
5m2iE_antigen.pdb 5m2iJ_antibody.pdb
Converting SMILES to graph: 24/500
5m2jA_antigen.pdb 5m2jD_antibody.pdb
Converting SMILES to graph: 25/500
5m2mI_antigen.pdb 5m2mJ_antibody.pdb
Converting SMILES to graph: 26/500
5m30B_antigen.pdb 5m30D_antibody.pdb
Converting SMILES to graph: 27/500
5m94A_antigen.pdb 5m94B_antibody.pdb
Converting SMILES to graph: 28/500
5m95A_antigen.pdb 5m95B_antibody.pdb
Converting SMILES to graph: 29/500
5mesA_antigen.pdb 5mesHL_antibody.pdb
Converting SMILES to graph: 30/500
5mevA_antigen.pdb 5mevHL_antibody.pdb
Converting SMILES to graph: 31/500
5mhrE_antigen.pdb 5mhrPO_antibody.pdb
Converting SMILES to graph: 32/500
5mhsBA_antigen.pdb 5mhsED_antibody.pdb
Converting SMILES to graph: 33/500
5mi0A_antigen.pdb 5mi0BC_antibody.pdb
Converting SMILES to graph: 34/500
5mjeA_antigen.pdb 5mjeB_antibody.pdb
Converting SMILES to graph: 35/500
5mo3A_antigen.pdb 5mo3HL_antibody.pdb
Converting SMILES to graph: 36/500
5mo9X_antigen.pdb 5mo9HL_antibody.pdb
Converting SMILES to graph: 37/500
5mp1E_antigen.pdb 5mp1FG_antibody.pdb
Converting SMILES to graph: 38/500
5mp2B_antigen.pdb 5mp2D_antibody.pdb
Converting SMILES to graph: 39/500
5mp3C_antigen.pdb 5mp3AB_antibody.pdb
Converting SMILES to graph: 40/500
5mp5K_antigen.pdb 5mp5AB_antibody.pdb
Converting SMILES to graph: 41/500
5mu0Q_antigen.pdb 5mu0AB_antibody.pdb
Converting SMILES to graph: 42/500
5mu2U_antigen.pdb 5mu2KL_antibody.pdb
Converting SMILES to graph: 43/500
5mubK_antigen.pdb 5mubIJ_antibody.pdb
Converting SMILES to graph: 44/500
5mv3E_antigen.pdb 5mv3CD_antibody.pdb
Converting SMILES to graph: 45/500
5mv4K_antigen.pdb 5mv4IJ_antibody.pdb
Converting SMILES to graph: 46/500
5mvzU_antigen.pdb 5mvzHL_antibody.pdb
Converting SMILES to graph: 47/500
5mwnA_antigen.pdb 5mwnN_antibody.pdb
Converting SMILES to graph: 48/500
5my4C_antigen.pdb 5my4BA_antibody.pdb
Converting SMILES to graph: 49/500
5my6A_antigen.pdb 5my6B_antibody.pdb
Converting SMILES to graph: 50/500
5mykC_antigen.pdb 5mykBA_antibody.pdb
Converting SMILES to graph: 51/500
5myoE_antigen.pdb 5myoBA_antibody.pdb
Converting SMILES to graph: 52/500
5myxE_antigen.pdb 5myxBA_antibody.pdb
Converting SMILES to graph: 53/500
5mzvA_antigen.pdb 5mzvD_antibody.pdb
Converting SMILES to graph: 54/500
5n09B_antigen.pdb 5n09IM_antibody.pdb
Converting SMILES to graph: 55/500
5n0aA_antigen.pdb 5n0aHL_antibody.pdb
Converting SMILES to graph: 56/500
5n7bI_antigen.pdb 5n7bHh_antibody.pdb
Converting SMILES to graph: 57/500
5n7wX_antigen.pdb 5n7wHL_antibody.pdb
Converting SMILES to graph: 58/500
5n88D_antigen.pdb 5n88A_antibody.pdb
Converting SMILES to graph: 59/500
5nbdBA_antigen.pdb 5nbdC_antibody.pdb
Converting SMILES to graph: 60/500
5nblCB_antigen.pdb 5nblE_antibody.pdb
Converting SMILES to graph: 61/500
5nbmCB_antigen.pdb 5nbmE_antibody.pdb
Converting SMILES to graph: 62/500
5ngvA_antigen.pdb 5ngvHL_antibody.pdb
Converting SMILES to graph: 63/500
5nh3B_antigen.pdb 5nh3IM_antibody.pdb
Converting SMILES to graph: 64/500
5nhrD_antigen.pdb 5nhrAB_antibody.pdb
Converting SMILES to graph: 65/500
5nj3B_antigen.pdb 5nj3CD_antibody.pdb
Converting SMILES to graph: 66/500
5nj6A_antigen.pdb 5nj6HL_antibody.pdb
Converting SMILES to graph: 67/500
5njdGF_antigen.pdb 5njdTS_antibody.pdb
Converting SMILES to graph: 68/500
5njgA_antigen.pdb 5njgEF_antibody.pdb
Converting SMILES to graph: 69/500
5nmvK_antigen.pdb 5nmvHL_antibody.pdb
Converting SMILES to graph: 70/500
5nphA_antigen.pdb 5nphHL_antibody.pdb
Converting SMILES to graph: 71/500
5npiD_antigen.pdb 5npiAa_antibody.pdb
Converting SMILES to graph: 72/500
5npjD_antigen.pdb 5npjAa_antibody.pdb
Converting SMILES to graph: 73/500
5nqwB_antigen.pdb 5nqwC_antibody.pdb
Converting SMILES to graph: 74/500
5nuzD_antigen.pdb 5nuzHL_antibody.pdb
Converting SMILES to graph: 75/500
5o02A_antigen.pdb 5o02C_antibody.pdb
Converting SMILES to graph: 76/500
5o03A_antigen.pdb 5o03C_antibody.pdb
Converting SMILES to graph: 77/500
5o04A_antigen.pdb 5o04C_antibody.pdb
Converting SMILES to graph: 78/500
5o05B_antigen.pdb 5o05C_antibody.pdb
Converting SMILES to graph: 79/500
5o0wD_antigen.pdb 5o0wH_antibody.pdb
Converting SMILES to graph: 80/500
5o14B_antigen.pdb 5o14CD_antibody.pdb
Converting SMILES to graph: 81/500
5o1rA_antigen.pdb 5o1rHL_antibody.pdb
Converting SMILES to graph: 82/500
5o2uC_antigen.pdb 5o2uD_antibody.pdb
Converting SMILES to graph: 83/500
5o4gC_antigen.pdb 5o4gBA_antibody.pdb
Converting SMILES to graph: 84/500
5o4oC_antigen.pdb 5o4oBA_antibody.pdb
Converting SMILES to graph: 85/500
5o6vB_antigen.pdb 5o6vHL_antibody.pdb
Converting SMILES to graph: 86/500
5o7pC_antigen.pdb 5o7pBA_antibody.pdb
Converting SMILES to graph: 87/500
5o8fAE_antigen.pdb 5o8fO_antibody.pdb
Converting SMILES to graph: 88/500
5ob5A_antigen.pdb 5ob5HL_antibody.pdb
Converting SMILES to graph: 89/500
5ocaBA_antigen.pdb 5ocaHL_antibody.pdb
Converting SMILES to graph: 90/500
5occA_antigen.pdb 5occHL_antibody.pdb
Converting SMILES to graph: 91/500
5ockA_antigen.pdb 5ockHL_antibody.pdb
Converting SMILES to graph: 92/500
5ocxA_antigen.pdb 5ocxHL_antibody.pdb
Converting SMILES to graph: 93/500
5ocyC_antigen.pdb 5ocyHL_antibody.pdb
Converting SMILES to graph: 94/500
5ogiA_antigen.pdb 5ogiBb_antibody.pdb
Converting SMILES to graph: 95/500
5ojmC_antigen.pdb 5ojmM_antibody.pdb
Converting SMILES to graph: 96/500
5ommAB_antigen.pdb 5ommC_antibody.pdb
Converting SMILES to graph: 97/500
5omnB_antigen.pdb 5omnC_antibody.pdb
Converting SMILES to graph: 98/500
5otjC_antigen.pdb 5otjHL_antibody.pdb
Converting SMILES to graph: 99/500
5ovwB_antigen.pdb 5ovwI_antibody.pdb
Converting SMILES to graph: 100/500
5owpD_antigen.pdb 5owpHh_antibody.pdb
Converting SMILES to graph: 101/500
5sv3D_antigen.pdb 5sv3C_antibody.pdb
Converting SMILES to graph: 102/500
5sx4N_antigen.pdb 5sx4HL_antibody.pdb
Converting SMILES to graph: 103/500
5sx5M_antigen.pdb 5sx5JK_antibody.pdb
Converting SMILES to graph: 104/500
5sy8O_antigen.pdb 5sy8HL_antibody.pdb
Converting SMILES to graph: 105/500
5t1dB_antigen.pdb 5t1dHL_antibody.pdb
Converting SMILES to graph: 106/500
5t29O_antigen.pdb 5t29HL_antibody.pdb
Converting SMILES to graph: 107/500
5t33G_antigen.pdb 5t33HL_antibody.pdb
Converting SMILES to graph: 108/500
5t3sB_antigen.pdb 5t3sDE_antibody.pdb
Converting SMILES to graph: 109/500
5t3xG_antigen.pdb 5t3xHL_antibody.pdb
Converting SMILES to graph: 110/500
5t3zG_antigen.pdb 5t3zHL_antibody.pdb
Converting SMILES to graph: 111/500
5t5bO_antigen.pdb 5t5bAB_antibody.pdb
Converting SMILES to graph: 112/500
5t5fA_antigen.pdb 5t5fHL_antibody.pdb
Converting SMILES to graph: 113/500
5t5nC_antigen.pdb 5t5nML_antibody.pdb
Converting SMILES to graph: 114/500
5t6lG_antigen.pdb 5t6lAB_antibody.pdb
Converting SMILES to graph: 115/500
5t6pE_antigen.pdb 5t6pDC_antibody.pdb
Converting SMILES to graph: 116/500
5t78E_antigen.pdb 5t78DC_antibody.pdb
Converting SMILES to graph: 117/500
5t80G_antigen.pdb 5t80HL_antibody.pdb
Converting SMILES to graph: 118/500
5t85G_antigen.pdb 5t85HL_antibody.pdb
Converting SMILES to graph: 119/500
5tbdI_antigen.pdb 5tbdEF_antibody.pdb
Converting SMILES to graph: 120/500
5td8CA_antigen.pdb 5td8E_antibody.pdb
Converting SMILES to graph: 121/500
5te4G_antigen.pdb 5te4HL_antibody.pdb
Converting SMILES to graph: 122/500
5te6G_antigen.pdb 5te6HL_antibody.pdb
Converting SMILES to graph: 123/500
5te7G_antigen.pdb 5te7HL_antibody.pdb
Converting SMILES to graph: 124/500
5tfwO_antigen.pdb 5tfwHL_antibody.pdb
Converting SMILES to graph: 125/500
5th9C_antigen.pdb 5th9JN_antibody.pdb
Converting SMILES to graph: 126/500
5thrB_antigen.pdb 5thrTU_antibody.pdb
Converting SMILES to graph: 127/500
5tihA_antigen.pdb 5tihHL_antibody.pdb
Converting SMILES to graph: 128/500
5tjwA_antigen.pdb 5tjwK_antibody.pdb
Converting SMILES to graph: 129/500
5tkjL_antigen.pdb 5tkjJK_antibody.pdb
Converting SMILES to graph: 130/500
5tkkA_antigen.pdb 5tkkHL_antibody.pdb
Converting SMILES to graph: 131/500
5tl5A_antigen.pdb 5tl5HL_antibody.pdb
Converting SMILES to graph: 132/500
5tljX_antigen.pdb 5tljDC_antibody.pdb
Converting SMILES to graph: 133/500
5tlkY_antigen.pdb 5tlkFE_antibody.pdb
Converting SMILES to graph: 134/500
5tojB_antigen.pdb 5tojE_antibody.pdb
Converting SMILES to graph: 135/500
5tokC_antigen.pdb 5tokF_antibody.pdb
Converting SMILES to graph: 136/500
5tpnA_antigen.pdb 5tpnHL_antibody.pdb
Converting SMILES to graph: 137/500
5tpwAB_antigen.pdb 5tpwHL_antibody.pdb
Converting SMILES to graph: 138/500
5tq0AB_antigen.pdb 5tq0HL_antibody.pdb
Converting SMILES to graph: 139/500
5tq2AB_antigen.pdb 5tq2HL_antibody.pdb
Converting SMILES to graph: 140/500
5tqqA_antigen.pdb 5tqqHL_antibody.pdb
Converting SMILES to graph: 141/500
5tr1B_antigen.pdb 5tr1IM_antibody.pdb
Converting SMILES to graph: 142/500
5truC_antigen.pdb 5truHL_antibody.pdb
Converting SMILES to graph: 143/500
5tsjJH_antigen.pdb 5tsj1_antibody.pdb
Converting SMILES to graph: 144/500
5tudD_antigen.pdb 5tudFE_antibody.pdb
Converting SMILES to graph: 145/500
5tz2C_antigen.pdb 5tz2HL_antibody.pdb
Converting SMILES to graph: 146/500
5tztC_antigen.pdb 5tztHL_antibody.pdb
Converting SMILES to graph: 147/500
5tzuC_antigen.pdb 5tzuHL_antibody.pdb
Converting SMILES to graph: 148/500
5u1fDAC_antigen.pdb 5u1fHL_antibody.pdb
Converting SMILES to graph: 149/500
5u3dE_antigen.pdb 5u3dBA_antibody.pdb
Converting SMILES to graph: 150/500
5u3jA_antigen.pdb 5u3jHL_antibody.pdb
Converting SMILES to graph: 151/500
5u3kC_antigen.pdb 5u3kAB_antibody.pdb
Converting SMILES to graph: 152/500
5u3lP_antigen.pdb 5u3lHL_antibody.pdb
Converting SMILES to graph: 153/500
5u3mA_antigen.pdb 5u3mHL_antibody.pdb
Converting SMILES to graph: 154/500
5u3nA_antigen.pdb 5u3nHL_antibody.pdb
Converting SMILES to graph: 155/500
5u3oA_antigen.pdb 5u3oHL_antibody.pdb
Converting SMILES to graph: 156/500
5u4lA_antigen.pdb 5u4lB_antibody.pdb
Converting SMILES to graph: 157/500
5u4mA_antigen.pdb 5u4mB_antibody.pdb
Converting SMILES to graph: 158/500
5u5fCE_antigen.pdb 5u5fBA_antibody.pdb
Converting SMILES to graph: 159/500
5u5mCE_antigen.pdb 5u5mBA_antibody.pdb
Converting SMILES to graph: 160/500
5u68B_antigen.pdb 5u68Ff_antibody.pdb
Converting SMILES to graph: 161/500
5u6aCE_antigen.pdb 5u6aBA_antibody.pdb
Converting SMILES to graph: 162/500
5u7mG_antigen.pdb 5u7mHL_antibody.pdb
Converting SMILES to graph: 163/500
5u7oG_antigen.pdb 5u7oHL_antibody.pdb
Converting SMILES to graph: 164/500
5u8qA_antigen.pdb 5u8qHL_antibody.pdb
Converting SMILES to graph: 165/500
5u8rA_antigen.pdb 5u8rHL_antibody.pdb
Converting SMILES to graph: 166/500
5ucbB_antigen.pdb 5ucbHL_antibody.pdb
Converting SMILES to graph: 167/500
5udcA_antigen.pdb 5udcBC_antibody.pdb
Converting SMILES to graph: 168/500
5uddFE_antigen.pdb 5uddMS_antibody.pdb
Converting SMILES to graph: 169/500
5ueaD_antigen.pdb 5ueaHL_antibody.pdb
Converting SMILES to graph: 170/500
5uekA_antigen.pdb 5uekHL_antibody.pdb
Converting SMILES to graph: 171/500
5uemG_antigen.pdb 5uemHL_antibody.pdb
Converting SMILES to graph: 172/500
5ug0A_antigen.pdb 5ug0DC_antibody.pdb
Converting SMILES to graph: 173/500
5ugyC_antigen.pdb 5ugyIM_antibody.pdb
Converting SMILES to graph: 174/500
5uhyA_antigen.pdb 5uhyHG_antibody.pdb
Converting SMILES to graph: 175/500
5ujzE_antigen.pdb 5ujzIi_antibody.pdb
Converting SMILES to graph: 176/500
5uk0E_antigen.pdb 5uk0Ii_antibody.pdb
Converting SMILES to graph: 177/500
5uk1E_antigen.pdb 5uk1Ii_antibody.pdb
Converting SMILES to graph: 178/500
5uk2C_antigen.pdb 5uk2Hh_antibody.pdb
Converting SMILES to graph: 179/500
5uk4R_antigen.pdb 5uk4r_antibody.pdb
Converting SMILES to graph: 180/500
5ukbE_antigen.pdb 5ukbe_antibody.pdb
Converting SMILES to graph: 181/500
5ukrG_antigen.pdb 5ukrHL_antibody.pdb
Converting SMILES to graph: 182/500
5um8B_antigen.pdb 5um8DE_antibody.pdb
Converting SMILES to graph: 183/500
5umiC_antigen.pdb 5umiAB_antibody.pdb
Converting SMILES to graph: 184/500
5umnA_antigen.pdb 5umnEF_antibody.pdb
Converting SMILES to graph: 185/500
5uoeB_antigen.pdb 5uoeMN_antibody.pdb
Converting SMILES to graph: 186/500
5uqyA_antigen.pdb 5uqyDC_antibody.pdb
Converting SMILES to graph: 187/500
5usfA_antigen.pdb 5usfD_antibody.pdb
Converting SMILES to graph: 188/500
5ushA_antigen.pdb 5ushDE_antibody.pdb
Converting SMILES to graph: 189/500
5usiX_antigen.pdb 5usiHL_antibody.pdb
Converting SMILES to graph: 190/500
5uslX_antigen.pdb 5uslHL_antibody.pdb
Converting SMILES to graph: 191/500
5utfB_antigen.pdb 5utfDE_antibody.pdb
Converting SMILES to graph: 192/500
5utyB_antigen.pdb 5utyDE_antibody.pdb
Converting SMILES to graph: 193/500
5utzE_antigen.pdb 5utzFG_antibody.pdb
Converting SMILES to graph: 194/500
5uweGN_antigen.pdb 5uweHL_antibody.pdb
Converting SMILES to graph: 195/500
5uz7AB_antigen.pdb 5uz7N_antibody.pdb
Converting SMILES to graph: 196/500
5v2aA_antigen.pdb 5v2aHL_antibody.pdb
Converting SMILES to graph: 197/500
5v6lQ_antigen.pdb 5v6lIM_antibody.pdb
Converting SMILES to graph: 198/500
5v6mP_antigen.pdb 5v6mHL_antibody.pdb
Converting SMILES to graph: 199/500
5v7jB_antigen.pdb 5v7jDE_antibody.pdb
Converting SMILES to graph: 200/500
5v8lA_antigen.pdb 5v8lJN_antibody.pdb
Converting SMILES to graph: 201/500
5v8mG_antigen.pdb 5v8mSU_antibody.pdb
Converting SMILES to graph: 202/500
5vagA_antigen.pdb 5vagCB_antibody.pdb
Converting SMILES to graph: 203/500
5vaiAB_antigen.pdb 5vaiN_antibody.pdb
Converting SMILES to graph: 204/500
5vakA_antigen.pdb 5vakB_antibody.pdb
Converting SMILES to graph: 205/500
5vanA_antigen.pdb 5vanB_antibody.pdb
Converting SMILES to graph: 206/500
5vaqA_antigen.pdb 5vaqB_antibody.pdb
Converting SMILES to graph: 207/500
5vcnA_antigen.pdb 5vcnFE_antibody.pdb
Converting SMILES to graph: 208/500
5vcoE_antigen.pdb 5vcoDC_antibody.pdb
Converting SMILES to graph: 209/500
5vebY_antigen.pdb 5vebHL_antibody.pdb
Converting SMILES to graph: 210/500
5vgjG_antigen.pdb 5vgjHL_antibody.pdb
Converting SMILES to graph: 211/500
5vicE_antigen.pdb 5vicHL_antibody.pdb
Converting SMILES to graph: 212/500
5vigZ_antigen.pdb 5vigHL_antibody.pdb
Converting SMILES to graph: 213/500
5viyF_antigen.pdb 5viyHG_antibody.pdb
Converting SMILES to graph: 214/500
5vj6CF_antigen.pdb 5vj6QR_antibody.pdb
Converting SMILES to graph: 215/500
5vjoF_antigen.pdb 5vjoCD_antibody.pdb
Converting SMILES to graph: 216/500
5vjqJ_antigen.pdb 5vjqCD_antibody.pdb
Converting SMILES to graph: 217/500
5vk2cC_antigen.pdb 5vk2DE_antibody.pdb
Converting SMILES to graph: 218/500
5vk6C_antigen.pdb 5vk6AB_antibody.pdb
Converting SMILES to graph: 219/500
5vkdA_antigen.pdb 5vkdHL_antibody.pdb
Converting SMILES to graph: 220/500
5vkeC_antigen.pdb 5vkeAB_antibody.pdb
Converting SMILES to graph: 221/500
5vkhC_antigen.pdb 5vkhAB_antibody.pdb
Converting SMILES to graph: 222/500
5vl3Q_antigen.pdb 5vl3HL_antibody.pdb
Converting SMILES to graph: 223/500
5vl7B_antigen.pdb 5vl7HL_antibody.pdb
Converting SMILES to graph: 224/500
5vlpA_antigen.pdb 5vlpHL_antibody.pdb
Converting SMILES to graph: 225/500
5vn3J_antigen.pdb 5vn3MO_antibody.pdb
Converting SMILES to graph: 226/500
5vn8D_antigen.pdb 5vn8FJ_antibody.pdb
Converting SMILES to graph: 227/500
5vnwB_antigen.pdb 5vnwC_antibody.pdb
Converting SMILES to graph: 228/500
5vobDB_antigen.pdb 5vobHL_antibody.pdb
Converting SMILES to graph: 229/500
5vocDB_antigen.pdb 5vocHL_antibody.pdb
Converting SMILES to graph: 230/500
5vodCE_antigen.pdb 5vodHL_antibody.pdb
Converting SMILES to graph: 231/500
5vpgA_antigen.pdb 5vpgDC_antibody.pdb
Converting SMILES to graph: 232/500
5vphA_antigen.pdb 5vphDC_antibody.pdb
Converting SMILES to graph: 233/500
5vplA_antigen.pdb 5vplDC_antibody.pdb
Converting SMILES to graph: 234/500
5vqmB_antigen.pdb 5vqmDC_antibody.pdb
Converting SMILES to graph: 235/500
5vtaB_antigen.pdb 5vtaIG_antibody.pdb
Converting SMILES to graph: 236/500
5vxjC_antigen.pdb 5vxjD_antibody.pdb
Converting SMILES to graph: 237/500
5vxkA_antigen.pdb 5vxkB_antibody.pdb
Converting SMILES to graph: 238/500
5vxlA_antigen.pdb 5vxlB_antibody.pdb
Converting SMILES to graph: 239/500
5vxmA_antigen.pdb 5vxmB_antibody.pdb
Converting SMILES to graph: 240/500
5vxrP_antigen.pdb 5vxrHL_antibody.pdb
Converting SMILES to graph: 241/500
5vyfC_antigen.pdb 5vyfBA_antibody.pdb
Converting SMILES to graph: 242/500
5vzyA_antigen.pdb 5vzyHL_antibody.pdb
Converting SMILES to graph: 243/500
5w06T_antigen.pdb 5w06HL_antibody.pdb
Converting SMILES to graph: 244/500
5w08C_antigen.pdb 5w08KL_antibody.pdb
Converting SMILES to graph: 245/500
5w0dA_antigen.pdb 5w0dBC_antibody.pdb
Converting SMILES to graph: 246/500
5w0kA_antigen.pdb 5w0kHL_antibody.pdb
Converting SMILES to graph: 247/500
5w1kJ_antigen.pdb 5w1kLK_antibody.pdb
Converting SMILES to graph: 248/500
5w1mT_antigen.pdb 5w1mDC_antibody.pdb
Converting SMILES to graph: 249/500
5w23C_antigen.pdb 5w23HL_antibody.pdb
Converting SMILES to graph: 250/500
5w2bA_antigen.pdb 5w2bHL_antibody.pdb
Converting SMILES to graph: 251/500
5w3eBAC_antigen.pdb 5w3eEG_antibody.pdb
Converting SMILES to graph: 252/500
5w3lBAC_antigen.pdb 5w3lEG_antibody.pdb
Converting SMILES to graph: 253/500
5w3mBAC_antigen.pdb 5w3mEG_antibody.pdb
Converting SMILES to graph: 254/500
5w3oBAC_antigen.pdb 5w3oDE_antibody.pdb
Converting SMILES to graph: 255/500
5w3pP_antigen.pdb 5w3pHL_antibody.pdb
Converting SMILES to graph: 256/500
5w42A_antigen.pdb 5w42HL_antibody.pdb
Converting SMILES to graph: 257/500
5w4lG_antigen.pdb 5w4lDE_antibody.pdb
Converting SMILES to graph: 258/500
5w5xA_antigen.pdb 5w5xHL_antibody.pdb
Converting SMILES to graph: 259/500
5w5zA_antigen.pdb 5w5zHL_antibody.pdb
Converting SMILES to graph: 260/500
5w6dG_antigen.pdb 5w6dHL_antibody.pdb
Converting SMILES to graph: 261/500
5w6gA_antigen.pdb 5w6gHL_antibody.pdb
Converting SMILES to graph: 262/500
5w9hG_antigen.pdb 5w9hHI_antibody.pdb
Converting SMILES to graph: 263/500
5w9iA_antigen.pdb 5w9iCD_antibody.pdb
Converting SMILES to graph: 264/500
5w9jA_antigen.pdb 5w9jBC_antibody.pdb
Converting SMILES to graph: 265/500
5w9kG_antigen.pdb 5w9kHI_antibody.pdb
Converting SMILES to graph: 266/500
5w9lD_antigen.pdb 5w9lEF_antibody.pdb
Converting SMILES to graph: 267/500
5w9mA_antigen.pdb 5w9mBC_antibody.pdb
Converting SMILES to graph: 268/500
5w9nD_antigen.pdb 5w9nEF_antibody.pdb
Converting SMILES to graph: 269/500
5w9oG_antigen.pdb 5w9oHI_antibody.pdb
Converting SMILES to graph: 270/500
5w9pB_antigen.pdb 5w9pDE_antibody.pdb
Converting SMILES to graph: 271/500
5wb9G_antigen.pdb 5wb9HL_antibody.pdb
Converting SMILES to graph: 272/500
5wdfQ_antigen.pdb 5wdfAB_antibody.pdb
Converting SMILES to graph: 273/500
5wduG_antigen.pdb 5wduDE_antibody.pdb
Converting SMILES to graph: 274/500
5whkAB_antigen.pdb 5whkHL_antibody.pdb
Converting SMILES to graph: 275/500
5wi9A_antigen.pdb 5wi9HL_antibody.pdb
Converting SMILES to graph: 276/500
5wk3D_antigen.pdb 5wk3WV_antibody.pdb
Converting SMILES to graph: 277/500
5wkoWT_antigen.pdb 5wkoKL_antibody.pdb
Converting SMILES to graph: 278/500
5wn9A_antigen.pdb 5wn9Hh_antibody.pdb
Converting SMILES to graph: 279/500
5wnaB_antigen.pdb 5wnaHL_antibody.pdb
Converting SMILES to graph: 280/500
5wnbB_antigen.pdb 5wnbHL_antibody.pdb
Converting SMILES to graph: 281/500
5wobG_antigen.pdb 5wobUV_antibody.pdb
Converting SMILES to graph: 282/500
5wt9G_antigen.pdb 5wt9HL_antibody.pdb
Converting SMILES to graph: 283/500
5wthB_antigen.pdb 5wthED_antibody.pdb
Converting SMILES to graph: 284/500
5wttC_antigen.pdb 5wttAB_antibody.pdb
Converting SMILES to graph: 285/500
5wuxG_antigen.pdb 5wuxCD_antibody.pdb
Converting SMILES to graph: 286/500
5x08P_antigen.pdb 5x08HL_antibody.pdb
Converting SMILES to graph: 287/500
5x0tE_antigen.pdb 5x0tAB_antibody.pdb
Converting SMILES to graph: 288/500
5x2mCD_antigen.pdb 5x2mJK_antibody.pdb
Converting SMILES to graph: 289/500
5x2nCD_antigen.pdb 5x2nJK_antibody.pdb
Converting SMILES to graph: 290/500
5x2oCD_antigen.pdb 5x2oJK_antibody.pdb
Converting SMILES to graph: 291/500
5x2pC_antigen.pdb 5x2pJK_antibody.pdb
Converting SMILES to graph: 292/500
5x2qAB_antigen.pdb 5x2qHL_antibody.pdb
Converting SMILES to graph: 293/500
5x8lB_antigen.pdb 5x8lGL_antibody.pdb
Converting SMILES to graph: 294/500
5x8mA_antigen.pdb 5x8mBC_antibody.pdb
Converting SMILES to graph: 295/500
5xbmF_antigen.pdb 5xbmED_antibody.pdb
Converting SMILES to graph: 296/500
5xcqC_antigen.pdb 5xcqAB_antibody.pdb
Converting SMILES to graph: 297/500
5xcrC_antigen.pdb 5xcrAB_antibody.pdb
Converting SMILES to graph: 298/500
5xcsC_antigen.pdb 5xcsAB_antibody.pdb
Converting SMILES to graph: 299/500
5xctC_antigen.pdb 5xctAB_antibody.pdb
Converting SMILES to graph: 300/500
5xcuF_antigen.pdb 5xcuDE_antibody.pdb
Converting SMILES to graph: 301/500
5xcvC_antigen.pdb 5xcvAB_antibody.pdb
Converting SMILES to graph: 302/500
5xezB_antigen.pdb 5xezHL_antibody.pdb
Converting SMILES to graph: 303/500
5xf1B_antigen.pdb 5xf1HL_antibody.pdb
Converting SMILES to graph: 304/500
5xhvE_antigen.pdb 5xhvHL_antibody.pdb
Converting SMILES to graph: 305/500
5xj3C_antigen.pdb 5xj3AB_antibody.pdb
Converting SMILES to graph: 306/500
5xj4A_antigen.pdb 5xj4HL_antibody.pdb
Converting SMILES to graph: 307/500
5xjmA_antigen.pdb 5xjmHL_antibody.pdb
Converting SMILES to graph: 308/500
5xkuA_antigen.pdb 5xkuCB_antibody.pdb
Converting SMILES to graph: 309/500
5xmhA_antigen.pdb 5xmhHL_antibody.pdb
Converting SMILES to graph: 310/500
5xs7A_antigen.pdb 5xs7HL_antibody.pdb
Converting SMILES to graph: 311/500
5xwdA_antigen.pdb 5xwdHD_antibody.pdb
Converting SMILES to graph: 312/500
5xxyA_antigen.pdb 5xxyHL_antibody.pdb
Converting SMILES to graph: 313/500
5y0aA_antigen.pdb 5y0aDE_antibody.pdb
Converting SMILES to graph: 314/500
5y11C_antigen.pdb 5y11AB_antibody.pdb
Converting SMILES to graph: 315/500
5y2lBA_antigen.pdb 5y2lIJ_antibody.pdb
Converting SMILES to graph: 316/500
5y2mDAC_antigen.pdb 5y2mIJ_antibody.pdb
Converting SMILES to graph: 317/500
5y7zB_antigen.pdb 5y7zD_antibody.pdb
Converting SMILES to graph: 318/500
5y80A_antigen.pdb 5y80B_antibody.pdb
Converting SMILES to graph: 319/500
5y9cDACE_antigen.pdb 5y9cHL_antibody.pdb
Converting SMILES to graph: 320/500
5y9fC_antigen.pdb 5y9fPO_antibody.pdb
Converting SMILES to graph: 321/500
5y9jA_antigen.pdb 5y9jHL_antibody.pdb
Converting SMILES to graph: 322/500
5yaxC_antigen.pdb 5yaxBb_antibody.pdb
Converting SMILES to graph: 323/500
5yd3H_antigen.pdb 5yd3Gg_antibody.pdb
Converting SMILES to graph: 324/500
5yd4B_antigen.pdb 5yd4Aa_antibody.pdb
Converting SMILES to graph: 325/500
5yd5D_antigen.pdb 5yd5Cc_antibody.pdb
Converting SMILES to graph: 326/500
5ye4E_antigen.pdb 5ye4AB_antibody.pdb
Converting SMILES to graph: 327/500
5yhlA_antigen.pdb 5yhlHL_antibody.pdb
Converting SMILES to graph: 328/500
5yoyK_antigen.pdb 5yoyPM_antibody.pdb
Converting SMILES to graph: 329/500
5ywoC_antigen.pdb 5ywoNM_antibody.pdb
Converting SMILES to graph: 330/500
5ywpA_antigen.pdb 5ywpRQ_antibody.pdb
Converting SMILES to graph: 331/500
5ywyA_antigen.pdb 5ywyHL_antibody.pdb
Converting SMILES to graph: 332/500
5yy4B_antigen.pdb 5yy4Aa_antibody.pdb
Converting SMILES to graph: 333/500
5yy5A_antigen.pdb 5yy5HL_antibody.pdb
Converting SMILES to graph: 334/500
5ziaR_antigen.pdb 5ziaGL_antibody.pdb
Converting SMILES to graph: 335/500
5zs0C_antigen.pdb 5zs0BA_antibody.pdb
Converting SMILES to graph: 336/500
5zudCAB_antigen.pdb 5zudED_antibody.pdb
Converting SMILES to graph: 337/500
5zufCA_antigen.pdb 5zufED_antibody.pdb
Converting SMILES to graph: 338/500
5zv3A_antigen.pdb 5zv3HL_antibody.pdb
Converting SMILES to graph: 339/500
5zxvB_antigen.pdb 5zxvCD_antibody.pdb
Converting SMILES to graph: 340/500
6a0zA_antigen.pdb 6a0zHL_antibody.pdb
Converting SMILES to graph: 341/500
6a3wC_antigen.pdb 6a3wAB_antibody.pdb
Converting SMILES to graph: 342/500
6a4kB_antigen.pdb 6a4kIM_antibody.pdb
Converting SMILES to graph: 343/500
6a67B_antigen.pdb 6a67CD_antibody.pdb
Converting SMILES to graph: 344/500
6a77A_antigen.pdb 6a77HL_antibody.pdb
Converting SMILES to graph: 345/500
6a78B_antigen.pdb 6a78IM_antibody.pdb
Converting SMILES to graph: 346/500
6a79A_antigen.pdb 6a79HL_antibody.pdb
Converting SMILES to graph: 347/500
6a96CB_antigen.pdb 6a96L_antibody.pdb
Converting SMILES to graph: 348/500
6ad0ACB_antigen.pdb 6ad0HL_antibody.pdb
Converting SMILES to graph: 349/500
6ad7A_antigen.pdb 6ad7CD_antibody.pdb
Converting SMILES to graph: 350/500
6ad8A_antigen.pdb 6ad8CD_antibody.pdb
Converting SMILES to graph: 351/500
6adaA_antigen.pdb 6adaCD_antibody.pdb
Converting SMILES to graph: 352/500
6adbA_antigen.pdb 6adbCD_antibody.pdb
Converting SMILES to graph: 353/500
6adcB_antigen.pdb 6adcEF_antibody.pdb
Converting SMILES to graph: 354/500
6aj7CB_antigen.pdb 6aj7HL_antibody.pdb
Converting SMILES to graph: 355/500
6aj9A_antigen.pdb 6aj9DE_antibody.pdb
Converting SMILES to graph: 356/500
6al0A_antigen.pdb 6al0HL_antibody.pdb
Converting SMILES to graph: 357/500
6al1A_antigen.pdb 6al1HL_antibody.pdb
Converting SMILES to graph: 358/500
6al5A_antigen.pdb 6al5HL_antibody.pdb
Converting SMILES to graph: 359/500
6aodC_antigen.pdb 6aodBA_antibody.pdb
Converting SMILES to graph: 360/500
6apbCA_antigen.pdb 6apbHL_antibody.pdb
Converting SMILES to graph: 361/500
6apdC_antigen.pdb 6apdJL_antibody.pdb
Converting SMILES to graph: 362/500
6appB_antigen.pdb 6appA_antibody.pdb
Converting SMILES to graph: 363/500
6aq7A_antigen.pdb 6aq7HL_antibody.pdb
Converting SMILES to graph: 364/500
6aruA_antigen.pdb 6aruCB_antibody.pdb
Converting SMILES to graph: 365/500
6attA_antigen.pdb 6attHL_antibody.pdb
Converting SMILES to graph: 366/500
6avqBA_antigen.pdb 6avqHL_antibody.pdb
Converting SMILES to graph: 367/500
6avrBA_antigen.pdb 6avrHL_antibody.pdb
Converting SMILES to graph: 368/500
6avuBA_antigen.pdb 6avuHL_antibody.pdb
Converting SMILES to graph: 369/500
6awnA_antigen.pdb 6awnBC_antibody.pdb
Converting SMILES to graph: 370/500
6awoA_antigen.pdb 6awoBC_antibody.pdb
Converting SMILES to graph: 371/500
6awpA_antigen.pdb 6awpBC_antibody.pdb
Converting SMILES to graph: 372/500
6awqA_antigen.pdb 6awqBC_antibody.pdb
Converting SMILES to graph: 373/500
6axkE_antigen.pdb 6axkAB_antibody.pdb
Converting SMILES to graph: 374/500
6axlG_antigen.pdb 6axlDC_antibody.pdb
Converting SMILES to graph: 375/500
6ayzA_antigen.pdb 6ayzBD_antibody.pdb
Converting SMILES to graph: 376/500
6az2D_antigen.pdb 6az2CE_antibody.pdb
Converting SMILES to graph: 377/500
6azmE_antigen.pdb 6azmBA_antibody.pdb
Converting SMILES to graph: 378/500
6azzD_antigen.pdb 6azzFE_antibody.pdb
Converting SMILES to graph: 379/500
6b08A_antigen.pdb 6b08CB_antibody.pdb
Converting SMILES to graph: 380/500
6b0aA_antigen.pdb 6b0aHL_antibody.pdb
Converting SMILES to graph: 381/500
6b0eE_antigen.pdb 6b0eBA_antibody.pdb
Converting SMILES to graph: 382/500
6b0gE_antigen.pdb 6b0gDC_antibody.pdb
Converting SMILES to graph: 383/500
6b0hI_antigen.pdb 6b0hDC_antibody.pdb
Converting SMILES to graph: 384/500
6b0nG_antigen.pdb 6b0nDE_antibody.pdb
Converting SMILES to graph: 385/500
6b0sC_antigen.pdb 6b0sHL_antibody.pdb
Converting SMILES to graph: 386/500
6b20A_antigen.pdb 6b20F_antibody.pdb
Converting SMILES to graph: 387/500
6b3jAB_antigen.pdb 6b3jN_antibody.pdb
Converting SMILES to graph: 388/500
6b3mBA_antigen.pdb 6b3mCD_antibody.pdb
Converting SMILES to graph: 389/500
6b3sB_antigen.pdb 6b3sCD_antibody.pdb
Converting SMILES to graph: 390/500
6b5lA_antigen.pdb 6b5lHL_antibody.pdb
Converting SMILES to graph: 391/500
6b5mA_antigen.pdb 6b5mHL_antibody.pdb
Converting SMILES to graph: 392/500
6b5nA_antigen.pdb 6b5nHL_antibody.pdb
Converting SMILES to graph: 393/500
6b5oA_antigen.pdb 6b5oHL_antibody.pdb
Converting SMILES to graph: 394/500
6b5pA_antigen.pdb 6b5pHL_antibody.pdb
Converting SMILES to graph: 395/500
6b5rA_antigen.pdb 6b5rHL_antibody.pdb
Converting SMILES to graph: 396/500
6b5sA_antigen.pdb 6b5sHL_antibody.pdb
Converting SMILES to graph: 397/500
6b5tA_antigen.pdb 6b5tHL_antibody.pdb
Converting SMILES to graph: 398/500
6b70B_antigen.pdb 6b70EF_antibody.pdb
Converting SMILES to graph: 399/500
6b73A_antigen.pdb 6b73D_antibody.pdb
Converting SMILES to graph: 400/500
6b7zB_antigen.pdb 6b7zEF_antibody.pdb
Converting SMILES to graph: 401/500
6b9jY_antigen.pdb 6b9jAB_antibody.pdb
Converting SMILES to graph: 402/500
6b9yCE_antigen.pdb 6b9yBA_antibody.pdb
Converting SMILES to graph: 403/500
6b9zCE_antigen.pdb 6b9zBA_antibody.pdb
Converting SMILES to graph: 404/500
6ba5O_antigen.pdb 6ba5FE_antibody.pdb
Converting SMILES to graph: 405/500
6baeCE_antigen.pdb 6baeBA_antibody.pdb
Converting SMILES to graph: 406/500
6bahCE_antigen.pdb 6bahBA_antibody.pdb
Converting SMILES to graph: 407/500
6banM_antigen.pdb 6banBA_antibody.pdb
Converting SMILES to graph: 408/500
6bb4Q_antigen.pdb 6bb4IM_antibody.pdb
Converting SMILES to graph: 409/500
6bckG_antigen.pdb 6bckHL_antibody.pdb
Converting SMILES to graph: 410/500
6bdzA_antigen.pdb 6bdzHL_antibody.pdb
Converting SMILES to graph: 411/500
6bf4A_antigen.pdb 6bf4BC_antibody.pdb
Converting SMILES to graph: 412/500
6bf7B_antigen.pdb 6bf7EF_antibody.pdb
Converting SMILES to graph: 413/500
6bf9A_antigen.pdb 6bf9CD_antibody.pdb
Converting SMILES to graph: 414/500
6bfqK_antigen.pdb 6bfqHL_antibody.pdb
Converting SMILES to graph: 415/500
6bfsC_antigen.pdb 6bfsHL_antibody.pdb
Converting SMILES to graph: 416/500
6bftG_antigen.pdb 6bftAB_antibody.pdb
Converting SMILES to graph: 417/500
6bgtC_antigen.pdb 6bgtBA_antibody.pdb
Converting SMILES to graph: 418/500
6bitG_antigen.pdb 6bitJL_antibody.pdb
Converting SMILES to graph: 419/500
6bkbE_antigen.pdb 6bkbHL_antibody.pdb
Converting SMILES to graph: 420/500
6bkcE_antigen.pdb 6bkcHL_antibody.pdb
Converting SMILES to graph: 421/500
6bkdE_antigen.pdb 6bkdHL_antibody.pdb
Converting SMILES to graph: 422/500
6blhG_antigen.pdb 6blhHL_antibody.pdb
Converting SMILES to graph: 423/500
6bliF_antigen.pdb 6bliDE_antibody.pdb
Converting SMILES to graph: 424/500
6bp2A_antigen.pdb 6bp2HL_antibody.pdb
Converting SMILES to graph: 425/500
6bpaD_antigen.pdb 6bpaEF_antibody.pdb
Converting SMILES to graph: 426/500
6bpcA_antigen.pdb 6bpcBC_antibody.pdb
Converting SMILES to graph: 427/500
6bpeD_antigen.pdb 6bpeEF_antibody.pdb
Converting SMILES to graph: 428/500
6bqbP_antigen.pdb 6bqbHL_antibody.pdb
Converting SMILES to graph: 429/500
6bspD_antigen.pdb 6bspAB_antibody.pdb
Converting SMILES to graph: 430/500
6bt3N_antigen.pdb 6bt3BA_antibody.pdb
Converting SMILES to graph: 431/500
6by2C_antigen.pdb 6by2AB_antibody.pdb
Converting SMILES to graph: 432/500
6by3C_antigen.pdb 6by3AB_antibody.pdb
Converting SMILES to graph: 433/500
6bzuL_antigen.pdb 6bzuGH_antibody.pdb
Converting SMILES to graph: 434/500
6bzvJ_antigen.pdb 6bzvCD_antibody.pdb
Converting SMILES to graph: 435/500
6bzwI_antigen.pdb 6bzwCD_antibody.pdb
Converting SMILES to graph: 436/500
6bzyB_antigen.pdb 6bzyHL_antibody.pdb
Converting SMILES to graph: 437/500
6c08F_antigen.pdb 6c08DE_antibody.pdb
Converting SMILES to graph: 438/500
6c5vACB_antigen.pdb 6c5vHL_antibody.pdb
Converting SMILES to graph: 439/500
6c5wA_antigen.pdb 6c5wE_antibody.pdb
Converting SMILES to graph: 440/500
6c6yS_antigen.pdb 6c6yAB_antibody.pdb
Converting SMILES to graph: 441/500
6c6zB_antigen.pdb 6c6zHL_antibody.pdb
Converting SMILES to graph: 442/500
6c9uA_antigen.pdb 6c9uHL_antibody.pdb
Converting SMILES to graph: 443/500
6c9wA_antigen.pdb 6c9wB_antibody.pdb
Converting SMILES to graph: 444/500
6cbpP_antigen.pdb 6cbpAa_antibody.pdb
Converting SMILES to graph: 445/500
6cbvB_antigen.pdb 6cbvHL_antibody.pdb
Converting SMILES to graph: 446/500
6ccbC_antigen.pdb 6ccbDE_antibody.pdb
Converting SMILES to graph: 447/500
6cdeD_antigen.pdb 6cdeHL_antibody.pdb
Converting SMILES to graph: 448/500
6cdid_antigen.pdb 6cdimn_antibody.pdb
Converting SMILES to graph: 449/500
6cdmC_antigen.pdb 6cdmAB_antibody.pdb
Converting SMILES to graph: 450/500
6cdoC_antigen.pdb 6cdoAB_antibody.pdb
Converting SMILES to graph: 451/500
6cdpC_antigen.pdb 6cdpAB_antibody.pdb
Converting SMILES to graph: 452/500
6ce0B_antigen.pdb 6ce0DE_antibody.pdb
Converting SMILES to graph: 453/500
6cezP_antigen.pdb 6cezHL_antibody.pdb
Converting SMILES to graph: 454/500
6cf2FG_antigen.pdb 6cf2AB_antibody.pdb
Converting SMILES to graph: 455/500
6ch7B_antigen.pdb 6ch7DE_antibody.pdb
Converting SMILES to graph: 456/500
6ch8B_antigen.pdb 6ch8DE_antibody.pdb
Converting SMILES to graph: 457/500
6ch9G_antigen.pdb 6ch9QR_antibody.pdb
Converting SMILES to graph: 458/500
6chbG_antigen.pdb 6chbJK_antibody.pdb
Converting SMILES to graph: 459/500
6ck9G_antigen.pdb 6ck9HL_antibody.pdb
Converting SMILES to graph: 460/500
6cm3E_antigen.pdb 6cm3ON_antibody.pdb
Converting SMILES to graph: 461/500
6cmgA_antigen.pdb 6cmgCB_antibody.pdb
Converting SMILES to graph: 462/500
6cmiB_antigen.pdb 6cmiDC_antibody.pdb
Converting SMILES to graph: 463/500
6cmoAB_antigen.pdb 6cmoHL_antibody.pdb
Converting SMILES to graph: 464/500
6cnjC_antigen.pdb 6cnjGF_antibody.pdb
Converting SMILES to graph: 465/500
6cnkED_antigen.pdb 6cnkKJ_antibody.pdb
Converting SMILES to graph: 466/500
6cnvB_antigen.pdb 6cnvHL_antibody.pdb
Converting SMILES to graph: 467/500
6co3Q_antigen.pdb 6co3HL_antibody.pdb
Converting SMILES to graph: 468/500
6crkABG_antigen.pdb 6crkHh_antibody.pdb
Converting SMILES to graph: 469/500
6crqF_antigen.pdb 6crqJL_antibody.pdb
Converting SMILES to graph: 470/500
6cseM_antigen.pdb 6cseHL_antibody.pdb
Converting SMILES to graph: 471/500
6csfM_antigen.pdb 6csfHL_antibody.pdb
Converting SMILES to graph: 472/500
6csyA_antigen.pdb 6csyN_antibody.pdb
Converting SMILES to graph: 473/500
6ct7S_antigen.pdb 6ct7HL_antibody.pdb
Converting SMILES to graph: 474/500
6cueD_antigen.pdb 6cueHL_antibody.pdb
Converting SMILES to graph: 475/500
6cufc_antigen.pdb 6cufhl_antibody.pdb
Converting SMILES to graph: 476/500
6cvkC_antigen.pdb 6cvkAa_antibody.pdb
Converting SMILES to graph: 477/500
6cw2DC_antigen.pdb 6cw2AB_antibody.pdb
Converting SMILES to graph: 478/500
6cw3FE_antigen.pdb 6cw3CD_antibody.pdb
Converting SMILES to graph: 479/500
6cwdD_antigen.pdb 6cwdBb_antibody.pdb
Converting SMILES to graph: 480/500
6cwgC_antigen.pdb 6cwgD_antibody.pdb
Converting SMILES to graph: 481/500
6cwtF_antigen.pdb 6cwtCD_antibody.pdb
Converting SMILES to graph: 482/500
6cxcBA_antigen.pdb 6cxcGJ_antibody.pdb
Converting SMILES to graph: 483/500
6cxgA_antigen.pdb 6cxgHL_antibody.pdb
Converting SMILES to graph: 484/500
6cxyC_antigen.pdb 6cxyHL_antibody.pdb
Converting SMILES to graph: 485/500
6cyfB_antigen.pdb 6cyfFE_antibody.pdb
Converting SMILES to graph: 486/500
6d01J_antigen.pdb 6d01GH_antibody.pdb
Converting SMILES to graph: 487/500
6d0uG_antigen.pdb 6d0uHI_antibody.pdb
Converting SMILES to graph: 488/500
6d0xC_antigen.pdb 6d0xAB_antibody.pdb
Converting SMILES to graph: 489/500
6d11E_antigen.pdb 6d11CD_antibody.pdb
Converting SMILES to graph: 490/500
6d2pC_antigen.pdb 6d2pHL_antibody.pdb
Converting SMILES to graph: 491/500
6d6tB_antigen.pdb 6d6tJI_antibody.pdb
Converting SMILES to graph: 492/500
6d6uD_antigen.pdb 6d6uKL_antibody.pdb
Converting SMILES to graph: 493/500
6d9wA_antigen.pdb 6d9wHL_antibody.pdb
Converting SMILES to graph: 494/500
6db5P_antigen.pdb 6db5HL_antibody.pdb
Converting SMILES to graph: 495/500
6db6P_antigen.pdb 6db6HL_antibody.pdb
Converting SMILES to graph: 496/500
6db7Q_antigen.pdb 6db7IM_antibody.pdb
Converting SMILES to graph: 497/500
6dbfA_antigen.pdb 6dbfB_antibody.pdb
Converting SMILES to graph: 498/500
6dbgB_antigen.pdb 6dbgC_antibody.pdb
Converting SMILES to graph: 499/500
6dc3F_antigen.pdb 6dc3HL_antibody.pdb
Converting SMILES to graph: 500/500
6dc5G_antigen.pdb 6dc5HI_antibody.pdb
Graph construction done. Saving to file.
