Converting SMILES to graph: 1/395
8g05AGB_antigen.pdb 8g05Ee_antibody.pdb
Converting SMILES to graph: 2/395
8g0wA_antigen.pdb 8g0wC_antibody.pdb
Converting SMILES to graph: 3/395
8g2yAB_antigen.pdb 8g2yN_antibody.pdb
Converting SMILES to graph: 4/395
8g30M_antigen.pdb 8g30EF_antibody.pdb
Converting SMILES to graph: 5/395
8g3mG_antigen.pdb 8g3mEF_antibody.pdb
Converting SMILES to graph: 6/395
8g3nG_antigen.pdb 8g3nEF_antibody.pdb
Converting SMILES to graph: 7/395
8g3oH_antigen.pdb 8g3oEF_antibody.pdb
Converting SMILES to graph: 8/395
8g3pB_antigen.pdb 8g3pCI_antibody.pdb
Converting SMILES to graph: 9/395
8g3qG_antigen.pdb 8g3qCB_antibody.pdb
Converting SMILES to graph: 10/395
8g3rG_antigen.pdb 8g3rCB_antibody.pdb
Converting SMILES to graph: 11/395
8g3vG_antigen.pdb 8g3vAL_antibody.pdb
Converting SMILES to graph: 12/395
8g3zC_antigen.pdb 8g3zHL_antibody.pdb
Converting SMILES to graph: 13/395
8g40G_antigen.pdb 8g40AL_antibody.pdb
Converting SMILES to graph: 14/395
8g4mAC_antigen.pdb 8g4mDE_antibody.pdb
Converting SMILES to graph: 15/395
8g4nA_antigen.pdb 8g4nHL_antibody.pdb
Converting SMILES to graph: 16/395
8g4oA_antigen.pdb 8g4oHL_antibody.pdb
Converting SMILES to graph: 17/395
8g4tFI_antigen.pdb 8g4tHL_antibody.pdb
Converting SMILES to graph: 18/395
8g4xA_antigen.pdb 8g4xHL_antibody.pdb
Converting SMILES to graph: 19/395
8g59AB_antigen.pdb 8g59Ss_antibody.pdb
Converting SMILES to graph: 20/395
8g5fC_antigen.pdb 8g5fJK_antibody.pdb
Converting SMILES to graph: 21/395
8g5gA_antigen.pdb 8g5gHL_antibody.pdb
Converting SMILES to graph: 22/395
8g5hC_antigen.pdb 8g5hJK_antibody.pdb
Converting SMILES to graph: 23/395
8g6iA_antigen.pdb 8g6iCB_antibody.pdb
Converting SMILES to graph: 24/395
8g6uB_antigen.pdb 8g6uCD_antibody.pdb
Converting SMILES to graph: 25/395
8g85KJ_antigen.pdb 8g85HL_antibody.pdb
Converting SMILES to graph: 26/395
8g8wA_antigen.pdb 8g8wB_antibody.pdb
Converting SMILES to graph: 27/395
8g94BC_antigen.pdb 8g94Ee_antibody.pdb
Converting SMILES to graph: 28/395
8g9wOE_antigen.pdb 8g9wHL_antibody.pdb
Converting SMILES to graph: 29/395
8g9xOB_antigen.pdb 8g9xHL_antibody.pdb
Converting SMILES to graph: 30/395
8g9yDOE_antigen.pdb 8g9yHL_antibody.pdb
Converting SMILES to graph: 31/395
8gasBG_antigen.pdb 8gasHL_antibody.pdb
Converting SMILES to graph: 32/395
8gb5A_antigen.pdb 8gb5BC_antibody.pdb
Converting SMILES to graph: 33/395
8gb6A_antigen.pdb 8gb6HL_antibody.pdb
Converting SMILES to graph: 34/395
8gb7A_antigen.pdb 8gb7HL_antibody.pdb
Converting SMILES to graph: 35/395
8gb8E_antigen.pdb 8gb8HL_antibody.pdb
Converting SMILES to graph: 36/395
8gf2A_antigen.pdb 8gf2CD_antibody.pdb
Converting SMILES to graph: 37/395
8gh4E_antigen.pdb 8gh4HL_antibody.pdb
Converting SMILES to graph: 38/395
8ghoC_antigen.pdb 8ghoAB_antibody.pdb
Converting SMILES to graph: 39/395
8ghpA_antigen.pdb 8ghpHL_antibody.pdb
Converting SMILES to graph: 40/395
8ghrA_antigen.pdb 8ghrC_antibody.pdb
Converting SMILES to graph: 41/395
8ghvAB_antigen.pdb 8ghvSs_antibody.pdb
Converting SMILES to graph: 42/395
8gjeA_antigen.pdb 8gjeHL_antibody.pdb
Converting SMILES to graph: 43/395
8gngA_antigen.pdb 8gngHL_antibody.pdb
Converting SMILES to graph: 44/395
8gnhB_antigen.pdb 8gnhHL_antibody.pdb
Converting SMILES to graph: 45/395
8gniA_antigen.pdb 8gniC_antibody.pdb
Converting SMILES to graph: 46/395
8gnjA_antigen.pdb 8gnjC_antibody.pdb
Converting SMILES to graph: 47/395
8gnkA_antigen.pdb 8gnkHL_antibody.pdb
Converting SMILES to graph: 48/395
8go8AV_antigen.pdb 8go8HL_antibody.pdb
Converting SMILES to graph: 49/395
8gocAG_antigen.pdb 8gocDE_antibody.pdb
Converting SMILES to graph: 50/395
8gooAG_antigen.pdb 8gooDE_antibody.pdb
Converting SMILES to graph: 51/395
8gouA_antigen.pdb 8gouIJ_antibody.pdb
Converting SMILES to graph: 52/395
8gp3AV_antigen.pdb 8gp3HL_antibody.pdb
Converting SMILES to graph: 53/395
8gp5X_antigen.pdb 8gp5EF_antibody.pdb
Converting SMILES to graph: 54/395
8gpgZ_antigen.pdb 8gpgAB_antibody.pdb
Converting SMILES to graph: 55/395
8gpiZT_antigen.pdb 8gpiAC_antibody.pdb
Converting SMILES to graph: 56/395
8gpjZW_antigen.pdb 8gpjAC_antibody.pdb
Converting SMILES to graph: 57/395
8gptA_antigen.pdb 8gptDE_antibody.pdb
Converting SMILES to graph: 58/395
8gpuA_antigen.pdb 8gpuHL_antibody.pdb
Converting SMILES to graph: 59/395
8gpxE_antigen.pdb 8gpxHL_antibody.pdb
Converting SMILES to graph: 60/395
8gpyB_antigen.pdb 8gpyCD_antibody.pdb
Converting SMILES to graph: 61/395
8gq1C_antigen.pdb 8gq1HL_antibody.pdb
Converting SMILES to graph: 62/395
8gq5A_antigen.pdb 8gq5a_antibody.pdb
Converting SMILES to graph: 63/395
8grr2_antigen.pdb 8grrHL_antibody.pdb
Converting SMILES to graph: 64/395
8gs9A_antigen.pdb 8gs9HK_antibody.pdb
Converting SMILES to graph: 65/395
8gsbA_antigen.pdb 8gsbHK_antibody.pdb
Converting SMILES to graph: 66/395
8gsc13_antigen.pdb 8gscHL_antibody.pdb
Converting SMILES to graph: 67/395
8gsd13_antigen.pdb 8gsdHL_antibody.pdb
Converting SMILES to graph: 68/395
8gse13_antigen.pdb 8gseHL_antibody.pdb
Converting SMILES to graph: 69/395
8gsfAC_antigen.pdb 8gsfHL_antibody.pdb
Converting SMILES to graph: 70/395
8gsp32_antigen.pdb 8gspHL_antibody.pdb
Converting SMILES to graph: 71/395
8gtoA_antigen.pdb 8gtoHL_antibody.pdb
Converting SMILES to graph: 72/395
8gtpA_antigen.pdb 8gtpHL_antibody.pdb
Converting SMILES to graph: 73/395
8gtqA_antigen.pdb 8gtqHL_antibody.pdb
Converting SMILES to graph: 74/395
8guqAB_antigen.pdb 8guqSs_antibody.pdb
Converting SMILES to graph: 75/395
8gurACB_antigen.pdb 8gurSs_antibody.pdb
Converting SMILES to graph: 76/395
8gusAB_antigen.pdb 8gusSs_antibody.pdb
Converting SMILES to graph: 77/395
8gutAB_antigen.pdb 8gutSs_antibody.pdb
Converting SMILES to graph: 78/395
8gv5BA_antigen.pdb 8gv5CD_antibody.pdb
Converting SMILES to graph: 79/395
8gv6DC_antigen.pdb 8gv6GH_antibody.pdb
Converting SMILES to graph: 80/395
8gv7BA_antigen.pdb 8gv7CD_antibody.pdb
Converting SMILES to graph: 81/395
8gw8AB_antigen.pdb 8gw8N_antibody.pdb
Converting SMILES to graph: 82/395
8gx9E_antigen.pdb 8gx9HF_antibody.pdb
Converting SMILES to graph: 83/395
8gy5Q_antigen.pdb 8gy5AB_antibody.pdb
Converting SMILES to graph: 84/395
8gyeA_antigen.pdb 8gyeEF_antibody.pdb
Converting SMILES to graph: 85/395
8gz5A_antigen.pdb 8gz5B_antibody.pdb
Converting SMILES to graph: 86/395
8gzzA_antigen.pdb 8gzzED_antibody.pdb
Converting SMILES to graph: 87/395
8h00A_antigen.pdb 8h00ED_antibody.pdb
Converting SMILES to graph: 88/395
8h01A_antigen.pdb 8h01ED_antibody.pdb
Converting SMILES to graph: 89/395
8h07C_antigen.pdb 8h07EJ_antibody.pdb
Converting SMILES to graph: 90/395
8h08C_antigen.pdb 8h08DJ_antibody.pdb
Converting SMILES to graph: 91/395
8h0pAB_antigen.pdb 8h0pEe_antibody.pdb
Converting SMILES to graph: 92/395
8h0qAB_antigen.pdb 8h0qEe_antibody.pdb
Converting SMILES to graph: 93/395
8h2gBC_antigen.pdb 8h2gEe_antibody.pdb
Converting SMILES to graph: 94/395
8h3cFG_antigen.pdb 8h3cBb_antibody.pdb
Converting SMILES to graph: 95/395
8h3xC_antigen.pdb 8h3xA_antibody.pdb
Converting SMILES to graph: 96/395
8h3yB_antigen.pdb 8h3yD_antibody.pdb
Converting SMILES to graph: 97/395
8h4iAB_antigen.pdb 8h4iD_antibody.pdb
Converting SMILES to graph: 98/395
8h4kAB_antigen.pdb 8h4kN_antibody.pdb
Converting SMILES to graph: 99/395
8h4lAB_antigen.pdb 8h4lN_antibody.pdb
Converting SMILES to graph: 100/395
8h5tA_antigen.pdb 8h5tB_antibody.pdb
Converting SMILES to graph: 101/395
8h5uA_antigen.pdb 8h5uB_antibody.pdb
Converting SMILES to graph: 102/395
8h63A_antigen.pdb 8h63B_antibody.pdb
Converting SMILES to graph: 103/395
8h64A_antigen.pdb 8h64B_antibody.pdb
Converting SMILES to graph: 104/395
8h7lB_antigen.pdb 8h7lDG_antibody.pdb
Converting SMILES to graph: 105/395
8h7zA_antigen.pdb 8h7zFI_antibody.pdb
Converting SMILES to graph: 106/395
8h8jABG_antigen.pdb 8h8jHh_antibody.pdb
Converting SMILES to graph: 107/395
8h8qA_antigen.pdb 8h8qHL_antibody.pdb
Converting SMILES to graph: 108/395
8h91A_antigen.pdb 8h91C_antibody.pdb
Converting SMILES to graph: 109/395
8ha0AB_antigen.pdb 8ha0N_antibody.pdb
Converting SMILES to graph: 110/395
8hafAB_antigen.pdb 8hafN_antibody.pdb
Converting SMILES to graph: 111/395
8haoCD_antigen.pdb 8haoF_antibody.pdb
Converting SMILES to graph: 112/395
8hbdAB_antigen.pdb 8hbdHh_antibody.pdb
Converting SMILES to graph: 113/395
8hbgC_antigen.pdb 8hbgE_antibody.pdb
Converting SMILES to graph: 114/395
8hbjC_antigen.pdb 8hbjE_antibody.pdb
Converting SMILES to graph: 115/395
8hbvA_antigen.pdb 8hbvB_antibody.pdb
Converting SMILES to graph: 116/395
8hbwA_antigen.pdb 8hbwB_antibody.pdb
Converting SMILES to graph: 117/395
8hc2B_antigen.pdb 8hc2HL_antibody.pdb
Converting SMILES to graph: 118/395
8hc3B_antigen.pdb 8hc3HL_antibody.pdb
Converting SMILES to graph: 119/395
8hc4A_antigen.pdb 8hc4DE_antibody.pdb
Converting SMILES to graph: 120/395
8hc5C_antigen.pdb 8hc5HL_antibody.pdb
Converting SMILES to graph: 121/395
8hc6C_antigen.pdb 8hc6HL_antibody.pdb
Converting SMILES to graph: 122/395
8hc7C_antigen.pdb 8hc7HL_antibody.pdb
Converting SMILES to graph: 123/395
8hc8C_antigen.pdb 8hc8HL_antibody.pdb
Converting SMILES to graph: 124/395
8hc9B_antigen.pdb 8hc9DE_antibody.pdb
Converting SMILES to graph: 125/395
8hcaB_antigen.pdb 8hcaDE_antibody.pdb
Converting SMILES to graph: 126/395
8hcbB_antigen.pdb 8hcbDE_antibody.pdb
Converting SMILES to graph: 127/395
8hcqAB_antigen.pdb 8hcqEe_antibody.pdb
Converting SMILES to graph: 128/395
8hcxBA_antigen.pdb 8hcxEe_antibody.pdb
Converting SMILES to graph: 129/395
8hdoAB_antigen.pdb 8hdoN_antibody.pdb
Converting SMILES to graph: 130/395
8hdpAB_antigen.pdb 8hdpN_antibody.pdb
Converting SMILES to graph: 131/395
8hebA_antigen.pdb 8hebED_antibody.pdb
Converting SMILES to graph: 132/395
8hecA_antigen.pdb 8hecED_antibody.pdb
Converting SMILES to graph: 133/395
8hedB_antigen.pdb 8hedGF_antibody.pdb
Converting SMILES to graph: 134/395
8hegCB_antigen.pdb 8hegD_antibody.pdb
Converting SMILES to graph: 135/395
8hesC_antigen.pdb 8hesHL_antibody.pdb
Converting SMILES to graph: 136/395
8hglA_antigen.pdb 8hglHL_antibody.pdb
Converting SMILES to graph: 137/395
8hgmB_antigen.pdb 8hgmCD_antibody.pdb
Converting SMILES to graph: 138/395
8hhxB_antigen.pdb 8hhxFG_antibody.pdb
Converting SMILES to graph: 139/395
8hhyA_antigen.pdb 8hhyHL_antibody.pdb
Converting SMILES to graph: 140/395
8hhzB_antigen.pdb 8hhzEF_antibody.pdb
Converting SMILES to graph: 141/395
8hiiA_antigen.pdb 8hiiHL_antibody.pdb
Converting SMILES to graph: 142/395
8hijA_antigen.pdb 8hijHL_antibody.pdb
Converting SMILES to graph: 143/395
8hikA_antigen.pdb 8hikHL_antibody.pdb
Converting SMILES to graph: 144/395
8hitC_antigen.pdb 8hitAB_antibody.pdb
Converting SMILES to graph: 145/395
8hixAB_antigen.pdb 8hixN_antibody.pdb
Converting SMILES to graph: 146/395
8hj0AB_antigen.pdb 8hj0N_antibody.pdb
Converting SMILES to graph: 147/395
8hj2AB_antigen.pdb 8hj2N_antibody.pdb
Converting SMILES to graph: 148/395
8hj5A_antigen.pdb 8hj5Cc_antibody.pdb
Converting SMILES to graph: 149/395
8hk2BC_antigen.pdb 8hk2Hh_antibody.pdb
Converting SMILES to graph: 150/395
8hk3AB_antigen.pdb 8hk3Hh_antibody.pdb
Converting SMILES to graph: 151/395
8hlbA_antigen.pdb 8hlbBC_antibody.pdb
Converting SMILES to graph: 152/395
8hmpAB_antigen.pdb 8hmpN_antibody.pdb
Converting SMILES to graph: 153/395
8hmvCB_antigen.pdb 8hmvN_antibody.pdb
Converting SMILES to graph: 154/395
8hn6E_antigen.pdb 8hn6AB_antibody.pdb
Converting SMILES to graph: 155/395
8hn7E_antigen.pdb 8hn7BA_antibody.pdb
Converting SMILES to graph: 156/395
8hnkAB_antigen.pdb 8hnkSs_antibody.pdb
Converting SMILES to graph: 157/395
8hnlAB_antigen.pdb 8hnlSs_antibody.pdb
Converting SMILES to graph: 158/395
8hnmAB_antigen.pdb 8hnmSs_antibody.pdb
Converting SMILES to graph: 159/395
8hnnR_antigen.pdb 8hnnN_antibody.pdb
Converting SMILES to graph: 160/395
8hpjA_antigen.pdb 8hpjBC_antibody.pdb
Converting SMILES to graph: 161/395
8hpkA_antigen.pdb 8hpkHL_antibody.pdb
Converting SMILES to graph: 162/395
8hptBC_antigen.pdb 8hptHh_antibody.pdb
Converting SMILES to graph: 163/395
8hqcBC_antigen.pdb 8hqcHh_antibody.pdb
Converting SMILES to graph: 164/395
8hqeAB_antigen.pdb 8hqeHh_antibody.pdb
Converting SMILES to graph: 165/395
8hqmAB_antigen.pdb 8hqmHh_antibody.pdb
Converting SMILES to graph: 166/395
8hqnAB_antigen.pdb 8hqnHh_antibody.pdb
Converting SMILES to graph: 167/395
8hr2A_antigen.pdb 8hr2B_antibody.pdb
Converting SMILES to graph: 168/395
8hs2R_antigen.pdb 8hs2BC_antibody.pdb
Converting SMILES to graph: 169/395
8hs3ABC_antigen.pdb 8hs3Ss_antibody.pdb
Converting SMILES to graph: 170/395
8hscAB_antigen.pdb 8hscSs_antibody.pdb
Converting SMILES to graph: 171/395
8hviBC_antigen.pdb 8hviHh_antibody.pdb
Converting SMILES to graph: 172/395
8hwsA_antigen.pdb 8hwsHL_antibody.pdb
Converting SMILES to graph: 173/395
8hwtA_antigen.pdb 8hwtHL_antibody.pdb
Converting SMILES to graph: 174/395
8i0nAV_antigen.pdb 8i0nHL_antibody.pdb
Converting SMILES to graph: 175/395
8i0qAV_antigen.pdb 8i0qHL_antibody.pdb
Converting SMILES to graph: 176/395
8i0zAG_antigen.pdb 8i0zDE_antibody.pdb
Converting SMILES to graph: 177/395
8i10AG_antigen.pdb 8i10DE_antibody.pdb
Converting SMILES to graph: 178/395
8i2gAGB_antigen.pdb 8i2gN_antibody.pdb
Converting SMILES to graph: 179/395
8i3sA_antigen.pdb 8i3sHL_antibody.pdb
Converting SMILES to graph: 180/395
8i3uA_antigen.pdb 8i3uHL_antibody.pdb
Converting SMILES to graph: 181/395
8i5hR_antigen.pdb 8i5hHL_antibody.pdb
Converting SMILES to graph: 182/395
8i5iR_antigen.pdb 8i5iHL_antibody.pdb
Converting SMILES to graph: 183/395
8i95AB_antigen.pdb 8i95Hh_antibody.pdb
Converting SMILES to graph: 184/395
8i97AB_antigen.pdb 8i97Hh_antibody.pdb
Converting SMILES to graph: 185/395
8i9aAB_antigen.pdb 8i9aHh_antibody.pdb
Converting SMILES to graph: 186/395
8i9lAB_antigen.pdb 8i9lHh_antibody.pdb
Converting SMILES to graph: 187/395
8i9sAB_antigen.pdb 8i9sHh_antibody.pdb
Converting SMILES to graph: 188/395
8ia2BC_antigen.pdb 8ia2Hh_antibody.pdb
Converting SMILES to graph: 189/395
8ia7AB_antigen.pdb 8ia7Ee_antibody.pdb
Converting SMILES to graph: 190/395
8ia8CB_antigen.pdb 8ia8Ss_antibody.pdb
Converting SMILES to graph: 191/395
8ib1C_antigen.pdb 8ib1BA_antibody.pdb
Converting SMILES to graph: 192/395
8ibuAB_antigen.pdb 8ibuEe_antibody.pdb
Converting SMILES to graph: 193/395
8ibvAB_antigen.pdb 8ibvEe_antibody.pdb
Converting SMILES to graph: 194/395
8ic0BC_antigen.pdb 8ic0Ee_antibody.pdb
Converting SMILES to graph: 195/395
8id3AB_antigen.pdb 8id3Ss_antibody.pdb
Converting SMILES to graph: 196/395
8id4AB_antigen.pdb 8id4Ss_antibody.pdb
Converting SMILES to graph: 197/395
8id6AB_antigen.pdb 8id6Ss_antibody.pdb
Converting SMILES to graph: 198/395
8id8AB_antigen.pdb 8id8Ss_antibody.pdb
Converting SMILES to graph: 199/395
8id9AB_antigen.pdb 8id9Ss_antibody.pdb
Converting SMILES to graph: 200/395
8idnA_antigen.pdb 8idnHL_antibody.pdb
Converting SMILES to graph: 201/395
8ihbAB_antigen.pdb 8ihbSs_antibody.pdb
Converting SMILES to graph: 202/395
8ihfAB_antigen.pdb 8ihfSs_antibody.pdb
Converting SMILES to graph: 203/395
8ihhAB_antigen.pdb 8ihhSs_antibody.pdb
Converting SMILES to graph: 204/395
8ihiAB_antigen.pdb 8ihiSs_antibody.pdb
Converting SMILES to graph: 205/395
8ihjAB_antigen.pdb 8ihjSs_antibody.pdb
Converting SMILES to graph: 206/395
8il3C_antigen.pdb 8il3BA_antibody.pdb
Converting SMILES to graph: 207/395
8ilxA_antigen.pdb 8ilxC_antibody.pdb
Converting SMILES to graph: 208/395
8im0A_antigen.pdb 8im0B_antibody.pdb
Converting SMILES to graph: 209/395
8im1A_antigen.pdb 8im1B_antibody.pdb
Converting SMILES to graph: 210/395
8iocAB_antigen.pdb 8iocN_antibody.pdb
Converting SMILES to graph: 211/395
8iodAB_antigen.pdb 8iodN_antibody.pdb
Converting SMILES to graph: 212/395
8irrAB_antigen.pdb 8irrN_antibody.pdb
Converting SMILES to graph: 213/395
8irsABG_antigen.pdb 8irsEe_antibody.pdb
Converting SMILES to graph: 214/395
8irtABG_antigen.pdb 8irtEe_antibody.pdb
Converting SMILES to graph: 215/395
8iruAGB_antigen.pdb 8iruEe_antibody.pdb
Converting SMILES to graph: 216/395
8itfA_antigen.pdb 8itfSs_antibody.pdb
Converting SMILES to graph: 217/395
8itlAB_antigen.pdb 8itlN_antibody.pdb
Converting SMILES to graph: 218/395
8itmAB_antigen.pdb 8itmN_antibody.pdb
Converting SMILES to graph: 219/395
8ituA_antigen.pdb 8ituED_antibody.pdb
Converting SMILES to graph: 220/395
8iukA_antigen.pdb 8iukEe_antibody.pdb
Converting SMILES to graph: 221/395
8iulAB_antigen.pdb 8iulEe_antibody.pdb
Converting SMILES to graph: 222/395
8iumA_antigen.pdb 8iumEe_antibody.pdb
Converting SMILES to graph: 223/395
8iv4G_antigen.pdb 8iv4HL_antibody.pdb
Converting SMILES to graph: 224/395
8iv5G_antigen.pdb 8iv5HL_antibody.pdb
Converting SMILES to graph: 225/395
8iv8G_antigen.pdb 8iv8HL_antibody.pdb
Converting SMILES to graph: 226/395
8ivaG_antigen.pdb 8ivaCE_antibody.pdb
Converting SMILES to graph: 227/395
8ivwA_antigen.pdb 8ivwBC_antibody.pdb
Converting SMILES to graph: 228/395
8ivxA_antigen.pdb 8ivxHL_antibody.pdb
Converting SMILES to graph: 229/395
8iw1AB_antigen.pdb 8iw1Ss_antibody.pdb
Converting SMILES to graph: 230/395
8iw4AB_antigen.pdb 8iw4Ss_antibody.pdb
Converting SMILES to graph: 231/395
8iw7AB_antigen.pdb 8iw7Ss_antibody.pdb
Converting SMILES to graph: 232/395
8iw9A_antigen.pdb 8iw9Ss_antibody.pdb
Converting SMILES to graph: 233/395
8ix3G_antigen.pdb 8ix3HL_antibody.pdb
Converting SMILES to graph: 234/395
8iy5AB_antigen.pdb 8iy5Ee_antibody.pdb
Converting SMILES to graph: 235/395
8iysAB_antigen.pdb 8iysEe_antibody.pdb
Converting SMILES to graph: 236/395
8izbACB_antigen.pdb 8izbN_antibody.pdb
Converting SMILES to graph: 237/395
8j18AB_antigen.pdb 8j18Ss_antibody.pdb
Converting SMILES to graph: 238/395
8j19AGB_antigen.pdb 8j19Ss_antibody.pdb
Converting SMILES to graph: 239/395
8j1aAB_antigen.pdb 8j1aSs_antibody.pdb
Converting SMILES to graph: 240/395
8j1nA_antigen.pdb 8j1nB_antibody.pdb
Converting SMILES to graph: 241/395
8j1qC_antigen.pdb 8j1qBA_antibody.pdb
Converting SMILES to graph: 242/395
8j1tF_antigen.pdb 8j1tHK_antibody.pdb
Converting SMILES to graph: 243/395
8j1vA_antigen.pdb 8j1vHK_antibody.pdb
Converting SMILES to graph: 244/395
8j26C_antigen.pdb 8j26BA_antibody.pdb
Converting SMILES to graph: 245/395
8j5jA_antigen.pdb 8j5jE_antibody.pdb
Converting SMILES to graph: 246/395
8j6dAB_antigen.pdb 8j6dHh_antibody.pdb
Converting SMILES to graph: 247/395
8j6pAB_antigen.pdb 8j6pSs_antibody.pdb
Converting SMILES to graph: 248/395
8j6qAB_antigen.pdb 8j6qSs_antibody.pdb
Converting SMILES to graph: 249/395
8j6rAB_antigen.pdb 8j6rSs_antibody.pdb
Converting SMILES to graph: 250/395
8j7eF_antigen.pdb 8j7eAB_antibody.pdb
Converting SMILES to graph: 251/395
8j7tA_antigen.pdb 8j7tEC_antibody.pdb
Converting SMILES to graph: 252/395
8j7uA_antigen.pdb 8j7uEC_antibody.pdb
Converting SMILES to graph: 253/395
8j7vA_antigen.pdb 8j7vEC_antibody.pdb
Converting SMILES to graph: 254/395
8j7wA_antigen.pdb 8j7wEC_antibody.pdb
Converting SMILES to graph: 255/395
8j7xA_antigen.pdb 8j7xEC_antibody.pdb
Converting SMILES to graph: 256/395
8j7yA_antigen.pdb 8j7yEC_antibody.pdb
Converting SMILES to graph: 257/395
8j80A_antigen.pdb 8j80EC_antibody.pdb
Converting SMILES to graph: 258/395
8jd5AB_antigen.pdb 8jd5Hh_antibody.pdb
Converting SMILES to graph: 259/395
8jd6AB_antigen.pdb 8jd6Dd_antibody.pdb
Converting SMILES to graph: 260/395
8jhyDB_antigen.pdb 8jhySs_antibody.pdb
Converting SMILES to graph: 261/395
8jiiDB_antigen.pdb 8jiiSs_antibody.pdb
Converting SMILES to graph: 262/395
8jilDB_antigen.pdb 8jilSs_antibody.pdb
Converting SMILES to graph: 263/395
8jimDB_antigen.pdb 8jimSs_antibody.pdb
Converting SMILES to graph: 264/395
8jipAB_antigen.pdb 8jipN_antibody.pdb
Converting SMILES to graph: 265/395
8jiqAB_antigen.pdb 8jiqN_antibody.pdb
Converting SMILES to graph: 266/395
8jirAB_antigen.pdb 8jirN_antibody.pdb
Converting SMILES to graph: 267/395
8jisAB_antigen.pdb 8jisN_antibody.pdb
Converting SMILES to graph: 268/395
8jitAB_antigen.pdb 8jitN_antibody.pdb
Converting SMILES to graph: 269/395
8jiuAB_antigen.pdb 8jiuN_antibody.pdb
Converting SMILES to graph: 270/395
8jljAB_antigen.pdb 8jljSs_antibody.pdb
Converting SMILES to graph: 271/395
8jlkAB_antigen.pdb 8jlkSs_antibody.pdb
Converting SMILES to graph: 272/395
8jlnABY_antigen.pdb 8jlnSs_antibody.pdb
Converting SMILES to graph: 273/395
8jlqABY_antigen.pdb 8jlqSs_antibody.pdb
Converting SMILES to graph: 274/395
8jlrAB_antigen.pdb 8jlrSs_antibody.pdb
Converting SMILES to graph: 275/395
8jlzAB_antigen.pdb 8jlzN_antibody.pdb
Converting SMILES to graph: 276/395
8jr9AB_antigen.pdb 8jr9N_antibody.pdb
Converting SMILES to graph: 277/395
8jsoAB_antigen.pdb 8jsoSs_antibody.pdb
Converting SMILES to graph: 278/395
8jspABG_antigen.pdb 8jspEe_antibody.pdb
Converting SMILES to graph: 279/395
8jtdADC_antigen.pdb 8jtdJN_antibody.pdb
Converting SMILES to graph: 280/395
8jtmADC_antigen.pdb 8jtmJN_antibody.pdb
Converting SMILES to graph: 281/395
8jz7DB_antigen.pdb 8jz7Ss_antibody.pdb
Converting SMILES to graph: 282/395
8jzzCB_antigen.pdb 8jzzHh_antibody.pdb
Converting SMILES to graph: 283/395
8k2wR_antigen.pdb 8k2wN_antibody.pdb
Converting SMILES to graph: 284/395
8k2xAB_antigen.pdb 8k2xSs_antibody.pdb
Converting SMILES to graph: 285/395
8k4nAB_antigen.pdb 8k4nEe_antibody.pdb
Converting SMILES to graph: 286/395
8kgkBC_antigen.pdb 8kgkE_antibody.pdb
Converting SMILES to graph: 287/395
8kh4BC_antigen.pdb 8kh4E_antibody.pdb
Converting SMILES to graph: 288/395
8kh5BC_antigen.pdb 8kh5E_antibody.pdb
Converting SMILES to graph: 289/395
8ol9H_antigen.pdb 8ol9BA_antibody.pdb
Converting SMILES to graph: 290/395
8omuA_antigen.pdb 8omuB_antibody.pdb
Converting SMILES to graph: 291/395
8ontA_antigen.pdb 8ontB_antibody.pdb
Converting SMILES to graph: 292/395
8op0B_antigen.pdb 8op0A_antibody.pdb
Converting SMILES to graph: 293/395
8opiB_antigen.pdb 8opiA_antibody.pdb
Converting SMILES to graph: 294/395
8oprA_antigen.pdb 8oprB_antibody.pdb
Converting SMILES to graph: 295/395
8oxvA_antigen.pdb 8oxvBC_antibody.pdb
Converting SMILES to graph: 296/395
8oxwA_antigen.pdb 8oxwBC_antibody.pdb
Converting SMILES to graph: 297/395
8oxxA_antigen.pdb 8oxxBC_antibody.pdb
Converting SMILES to graph: 298/395
8oxyA_antigen.pdb 8oxyBC_antibody.pdb
Converting SMILES to graph: 299/395
8p7wB_antigen.pdb 8p7wDG_antibody.pdb
Converting SMILES to graph: 300/395
8p8aB_antigen.pdb 8p8aDC_antibody.pdb
Converting SMILES to graph: 301/395
8p8jA_antigen.pdb 8p8jFE_antibody.pdb
Converting SMILES to graph: 302/395
8pe9A_antigen.pdb 8pe9HL_antibody.pdb
Converting SMILES to graph: 303/395
8pg0A_antigen.pdb 8pg0HL_antibody.pdb
Converting SMILES to graph: 304/395
8phwA_antigen.pdb 8phwHL_antibody.pdb
Converting SMILES to graph: 305/395
8piiB_antigen.pdb 8piiA_antibody.pdb
Converting SMILES to graph: 306/395
8pm2AB_antigen.pdb 8pm2N_antibody.pdb
Converting SMILES to graph: 307/395
8pnlA_antigen.pdb 8pnlB_antibody.pdb
Converting SMILES to graph: 308/395
8pq2C_antigen.pdb 8pq2HL_antibody.pdb
Converting SMILES to graph: 309/395
8pvbA_antigen.pdb 8pvbO_antibody.pdb
Converting SMILES to graph: 310/395
8q6jE_antigen.pdb 8q6jBA_antibody.pdb
Converting SMILES to graph: 311/395
8s9gE_antigen.pdb 8s9gHL_antibody.pdb
Converting SMILES to graph: 312/395
8saiDE_antigen.pdb 8saiSs_antibody.pdb
Converting SMILES to graph: 313/395
8sakBC_antigen.pdb 8sakHL_antibody.pdb
Converting SMILES to graph: 314/395
8sanA_antigen.pdb 8sanCD_antibody.pdb
Converting SMILES to graph: 315/395
8saqA_antigen.pdb 8saqCD_antibody.pdb
Converting SMILES to graph: 316/395
8sarA_antigen.pdb 8sarCD_antibody.pdb
Converting SMILES to graph: 317/395
8sasA_antigen.pdb 8sasCD_antibody.pdb
Converting SMILES to graph: 318/395
8sauA_antigen.pdb 8sauCD_antibody.pdb
Converting SMILES to graph: 319/395
8savA_antigen.pdb 8savCD_antibody.pdb
Converting SMILES to graph: 320/395
8sawA_antigen.pdb 8sawCD_antibody.pdb
Converting SMILES to graph: 321/395
8saxA_antigen.pdb 8saxCD_antibody.pdb
Converting SMILES to graph: 322/395
8sayA_antigen.pdb 8sayCD_antibody.pdb
Converting SMILES to graph: 323/395
8sazA_antigen.pdb 8sazCD_antibody.pdb
Converting SMILES to graph: 324/395
8sb0A_antigen.pdb 8sb0CD_antibody.pdb
Converting SMILES to graph: 325/395
8sb1A_antigen.pdb 8sb1CD_antibody.pdb
Converting SMILES to graph: 326/395
8sb2A_antigen.pdb 8sb2CD_antibody.pdb
Converting SMILES to graph: 327/395
8sb3A_antigen.pdb 8sb3CD_antibody.pdb
Converting SMILES to graph: 328/395
8sb4A_antigen.pdb 8sb4CD_antibody.pdb
Converting SMILES to graph: 329/395
8sb5A_antigen.pdb 8sb5CD_antibody.pdb
Converting SMILES to graph: 330/395
8sbbA_antigen.pdb 8sbbB_antibody.pdb
Converting SMILES to graph: 331/395
8scxC_antigen.pdb 8scxHL_antibody.pdb
Converting SMILES to graph: 332/395
8sg1AB_antigen.pdb 8sg1Ee_antibody.pdb
Converting SMILES to graph: 333/395
8sgjA_antigen.pdb 8sgjHL_antibody.pdb
Converting SMILES to graph: 334/395
8sgoB_antigen.pdb 8sgoJI_antibody.pdb
Converting SMILES to graph: 335/395
8sgtA_antigen.pdb 8sgtHL_antibody.pdb
Converting SMILES to graph: 336/395
8si9B_antigen.pdb 8si9JI_antibody.pdb
Converting SMILES to graph: 337/395
8sidB_antigen.pdb 8sidJI_antibody.pdb
Converting SMILES to graph: 338/395
8sk5A_antigen.pdb 8sk5B_antibody.pdb
Converting SMILES to graph: 339/395
8skjE_antigen.pdb 8skjA_antibody.pdb
Converting SMILES to graph: 340/395
8slbA_antigen.pdb 8slbHL_antibody.pdb
Converting SMILES to graph: 341/395
8smtC_antigen.pdb 8smtAB_antibody.pdb
Converting SMILES to graph: 342/395
8so3D_antigen.pdb 8so3HL_antibody.pdb
Converting SMILES to graph: 343/395
8spsGELHF_antigen.pdb 8spsKk_antibody.pdb
Converting SMILES to graph: 344/395
8spuCBDA_antigen.pdb 8spuNn_antibody.pdb
Converting SMILES to graph: 345/395
8sr0X_antigen.pdb 8sr0YZ_antibody.pdb
Converting SMILES to graph: 346/395
8sypGH_antigen.pdb 8sypMm_antibody.pdb
Converting SMILES to graph: 347/395
8szyT_antigen.pdb 8szyAB_antibody.pdb
Converting SMILES to graph: 348/395
8t03A_antigen.pdb 8t03CD_antibody.pdb
Converting SMILES to graph: 349/395
8t04A_antigen.pdb 8t04CD_antibody.pdb
Converting SMILES to graph: 350/395
8t05AB_antigen.pdb 8t05CD_antibody.pdb
Converting SMILES to graph: 351/395
8t06A_antigen.pdb 8t06CD_antibody.pdb
Converting SMILES to graph: 352/395
8t07A_antigen.pdb 8t07CD_antibody.pdb
Converting SMILES to graph: 353/395
8t7aa_antigen.pdb 8t7aDE_antibody.pdb
Converting SMILES to graph: 354/395
8t7hA_antigen.pdb 8t7hC_antibody.pdb
Converting SMILES to graph: 355/395
8t8mB_antigen.pdb 8t8mC_antibody.pdb
Converting SMILES to graph: 356/395
8t9zA_antigen.pdb 8t9zHL_antibody.pdb
Converting SMILES to graph: 357/395
8taoB_antigen.pdb 8taoC_antibody.pdb
Converting SMILES to graph: 358/395
8tb0RB_antigen.pdb 8tb0Ff_antibody.pdb
Converting SMILES to graph: 359/395
8tcoBA_antigen.pdb 8tcoED_antibody.pdb
Converting SMILES to graph: 360/395
8teaC_antigen.pdb 8teaHG_antibody.pdb
Converting SMILES to graph: 361/395
8tfnB_antigen.pdb 8tfnHL_antibody.pdb
Converting SMILES to graph: 362/395
8thkAB_antigen.pdb 8thkFf_antibody.pdb
Converting SMILES to graph: 363/395
8thlAB_antigen.pdb 8thlFf_antibody.pdb
Converting SMILES to graph: 364/395
8tp2C_antigen.pdb 8tp2HL_antibody.pdb
Converting SMILES to graph: 365/395
8tp3C_antigen.pdb 8tp3HL_antibody.pdb
Converting SMILES to graph: 366/395
8tp4C_antigen.pdb 8tp4HL_antibody.pdb
Converting SMILES to graph: 367/395
8tp5C_antigen.pdb 8tp5EF_antibody.pdb
Converting SMILES to graph: 368/395
8tp6A_antigen.pdb 8tp6HL_antibody.pdb
Converting SMILES to graph: 369/395
8tp7A_antigen.pdb 8tp7DF_antibody.pdb
Converting SMILES to graph: 370/395
8tp9B_antigen.pdb 8tp9DF_antibody.pdb
Converting SMILES to graph: 371/395
8tpaAB_antigen.pdb 8tpaHL_antibody.pdb
Converting SMILES to graph: 372/395
8trsD_antigen.pdb 8trsAG_antibody.pdb
Converting SMILES to graph: 373/395
8trtE_antigen.pdb 8trtAG_antibody.pdb
Converting SMILES to graph: 374/395
8ttwB_antigen.pdb 8ttwCD_antibody.pdb
Converting SMILES to graph: 375/395
8tuiA_antigen.pdb 8tuiHL_antibody.pdb
Converting SMILES to graph: 376/395
8ty1A_antigen.pdb 8ty1CB_antibody.pdb
Converting SMILES to graph: 377/395
8u26AB_antigen.pdb 8u26N_antibody.pdb
Converting SMILES to graph: 378/395
8u2cB_antigen.pdb 8u2cDC_antibody.pdb
Converting SMILES to graph: 379/395
8u4vAB_antigen.pdb 8u4vHL_antibody.pdb
Converting SMILES to graph: 380/395
8u5bAB_antigen.pdb 8u5bHL_antibody.pdb
Converting SMILES to graph: 381/395
8ucdCAB_antigen.pdb 8ucdHL_antibody.pdb
Converting SMILES to graph: 382/395
8udgA_antigen.pdb 8udgHL_antibody.pdb
Converting SMILES to graph: 383/395
8w83DC_antigen.pdb 8w83AB_antibody.pdb
Converting SMILES to graph: 384/395
8w84DC_antigen.pdb 8w84AB_antibody.pdb
Converting SMILES to graph: 385/395
8w85CD_antigen.pdb 8w85AB_antibody.pdb
Converting SMILES to graph: 386/395
8w86CD_antigen.pdb 8w86AB_antibody.pdb
Converting SMILES to graph: 387/395
8w87AB_antigen.pdb 8w87N_antibody.pdb
Converting SMILES to graph: 388/395
8w88AB_antigen.pdb 8w88N_antibody.pdb
Converting SMILES to graph: 389/395
8w89AB_antigen.pdb 8w89N_antibody.pdb
Converting SMILES to graph: 390/395
8w8aAB_antigen.pdb 8w8aN_antibody.pdb
Converting SMILES to graph: 391/395
8w8bAB_antigen.pdb 8w8bEe_antibody.pdb
Converting SMILES to graph: 392/395
8wpuGC_antigen.pdb 8wpuEe_antibody.pdb
Converting SMILES to graph: 393/395
8wrbAB_antigen.pdb 8wrbEe_antibody.pdb
Converting SMILES to graph: 394/395
8wsqF_antigen.pdb 8wsqAB_antibody.pdb
Converting SMILES to graph: 395/395
8x0tA_antigen.pdb 8x0tHL_antibody.pdb
Graph construction done. Saving to file.
