Converting SMILES to graph: 1/500
3g6jDC_antigen.pdb 3g6jHG_antibody.pdb
Converting SMILES to graph: 2/500
3g9aA_antigen.pdb 3g9aB_antibody.pdb
Converting SMILES to graph: 3/500
3gb7C_antigen.pdb 3gb7AB_antibody.pdb
Converting SMILES to graph: 4/500
3gbmBA_antigen.pdb 3gbmHL_antibody.pdb
Converting SMILES to graph: 5/500
3gbnBA_antigen.pdb 3gbnHL_antibody.pdb
Converting SMILES to graph: 6/500
3ggwE_antigen.pdb 3ggwBA_antibody.pdb
Converting SMILES to graph: 7/500
3ghbP_antigen.pdb 3ghbHL_antibody.pdb
Converting SMILES to graph: 8/500
3gheP_antigen.pdb 3gheHL_antibody.pdb
Converting SMILES to graph: 9/500
3gi8C_antigen.pdb 3gi8HL_antibody.pdb
Converting SMILES to graph: 10/500
3gi9C_antigen.pdb 3gi9HL_antibody.pdb
Converting SMILES to graph: 11/500
3gjfAC_antigen.pdb 3gjfHL_antibody.pdb
Converting SMILES to graph: 12/500
3go1P_antigen.pdb 3go1HL_antibody.pdb
Converting SMILES to graph: 13/500
3grwA_antigen.pdb 3grwHL_antibody.pdb
Converting SMILES to graph: 14/500
3h0tC_antigen.pdb 3h0tBA_antibody.pdb
Converting SMILES to graph: 15/500
3h3bB_antigen.pdb 3h3bdD_antibody.pdb
Converting SMILES to graph: 16/500
3h3pT_antigen.pdb 3h3pIM_antibody.pdb
Converting SMILES to graph: 17/500
3h42BA_antigen.pdb 3h42HL_antibody.pdb
Converting SMILES to graph: 18/500
3haeAC_antigen.pdb 3haeHL_antibody.pdb
Converting SMILES to graph: 19/500
3hb3B_antigen.pdb 3hb3CD_antibody.pdb
Converting SMILES to graph: 20/500
3hfmY_antigen.pdb 3hfmHL_antibody.pdb
Converting SMILES to graph: 21/500
3hi1G_antigen.pdb 3hi1HL_antibody.pdb
Converting SMILES to graph: 22/500
3hi6A_antigen.pdb 3hi6HL_antibody.pdb
Converting SMILES to graph: 23/500
3hmxA_antigen.pdb 3hmxHL_antibody.pdb
Converting SMILES to graph: 24/500
3hplC_antigen.pdb 3hplAB_antibody.pdb
Converting SMILES to graph: 25/500
3hr5S_antigen.pdb 3hr5BA_antibody.pdb
Converting SMILES to graph: 26/500
3i50E_antigen.pdb 3i50HL_antibody.pdb
Converting SMILES to graph: 27/500
3idgC_antigen.pdb 3idgBA_antibody.pdb
Converting SMILES to graph: 28/500
3idiC_antigen.pdb 3idiBA_antibody.pdb
Converting SMILES to graph: 29/500
3idjC_antigen.pdb 3idjBA_antibody.pdb
Converting SMILES to graph: 30/500
3idmC_antigen.pdb 3idmBA_antibody.pdb
Converting SMILES to graph: 31/500
3idnC_antigen.pdb 3idnBA_antibody.pdb
Converting SMILES to graph: 32/500
3idxG_antigen.pdb 3idxHL_antibody.pdb
Converting SMILES to graph: 33/500
3idyA_antigen.pdb 3idyBC_antibody.pdb
Converting SMILES to graph: 34/500
3ietQ_antigen.pdb 3ietDC_antibody.pdb
Converting SMILES to graph: 35/500
3iflP_antigen.pdb 3iflHL_antibody.pdb
Converting SMILES to graph: 36/500
3ifnP_antigen.pdb 3ifnHL_antibody.pdb
Converting SMILES to graph: 37/500
3ifoP_antigen.pdb 3ifoHL_antibody.pdb
Converting SMILES to graph: 38/500
3ifpS_antigen.pdb 3ifpEF_antibody.pdb
Converting SMILES to graph: 39/500
3igaC_antigen.pdb 3igaAB_antibody.pdb
Converting SMILES to graph: 40/500
3iu3K_antigen.pdb 3iu3AB_antibody.pdb
Converting SMILES to graph: 41/500
3ixtP_antigen.pdb 3ixtHL_antibody.pdb
Converting SMILES to graph: 42/500
3ixxA_antigen.pdb 3ixxGH_antibody.pdb
Converting SMILES to graph: 43/500
3ixyB_antigen.pdb 3ixyIJ_antibody.pdb
Converting SMILES to graph: 44/500
3iywA_antigen.pdb 3iywHL_antibody.pdb
Converting SMILES to graph: 45/500
3j1sA_antigen.pdb 3j1sHL_antibody.pdb
Converting SMILES to graph: 46/500
3j3o1_antigen.pdb 3j3oHL_antibody.pdb
Converting SMILES to graph: 47/500
3j3p1_antigen.pdb 3j3pHL_antibody.pdb
Converting SMILES to graph: 48/500
3j42F_antigen.pdb 3j42KL_antibody.pdb
Converting SMILES to graph: 49/500
3j5mE_antigen.pdb 3j5mHG_antibody.pdb
Converting SMILES to graph: 50/500
3j693_antigen.pdb 3j697_antibody.pdb
Converting SMILES to graph: 51/500
3j6a3_antigen.pdb 3j6a7_antibody.pdb
Converting SMILES to graph: 52/500
3j6uCA_antigen.pdb 3j6uHL_antibody.pdb
Converting SMILES to graph: 53/500
3j70P_antigen.pdb 3j70MN_antibody.pdb
Converting SMILES to graph: 54/500
3j8dF_antigen.pdb 3j8ddD_antibody.pdb
Converting SMILES to graph: 55/500
3j8vD_antigen.pdb 3j8vFJ_antibody.pdb
Converting SMILES to graph: 56/500
3j8wD_antigen.pdb 3j8wFJ_antibody.pdb
Converting SMILES to graph: 57/500
3j8zBA_antigen.pdb 3j8zIM_antibody.pdb
Converting SMILES to graph: 58/500
3jabC_antigen.pdb 3jabHL_antibody.pdb
Converting SMILES to graph: 59/500
3jauA_antigen.pdb 3jauHL_antibody.pdb
Converting SMILES to graph: 60/500
3jbaA_antigen.pdb 3jbaHL_antibody.pdb
Converting SMILES to graph: 61/500
3jbc3_antigen.pdb 3jbc7_antibody.pdb
Converting SMILES to graph: 62/500
3jbd3_antigen.pdb 3jbd7_antibody.pdb
Converting SMILES to graph: 63/500
3jbe3_antigen.pdb 3jbe7_antibody.pdb
Converting SMILES to graph: 64/500
3jbf3_antigen.pdb 3jbf7_antibody.pdb
Converting SMILES to graph: 65/500
3jbqF_antigen.pdb 3jbqHL_antibody.pdb
Converting SMILES to graph: 66/500
3jcbA_antigen.pdb 3jcbCB_antibody.pdb
Converting SMILES to graph: 67/500
3jccA_antigen.pdb 3jccCB_antibody.pdb
Converting SMILES to graph: 68/500
3jcxA_antigen.pdb 3jcxHL_antibody.pdb
Converting SMILES to graph: 69/500
3jwdB_antigen.pdb 3jwdPO_antibody.pdb
Converting SMILES to graph: 70/500
3jwoA_antigen.pdb 3jwoHL_antibody.pdb
Converting SMILES to graph: 71/500
3k1kA_antigen.pdb 3k1kC_antibody.pdb
Converting SMILES to graph: 72/500
3k2uA_antigen.pdb 3k2uHL_antibody.pdb
Converting SMILES to graph: 73/500
3k3qCB_antigen.pdb 3k3qA_antibody.pdb
Converting SMILES to graph: 74/500
3k74A_antigen.pdb 3k74B_antibody.pdb
Converting SMILES to graph: 75/500
3k7uC_antigen.pdb 3k7uA_antibody.pdb
Converting SMILES to graph: 76/500
3k80D_antigen.pdb 3k80B_antibody.pdb
Converting SMILES to graph: 77/500
3k81C_antigen.pdb 3k81B_antibody.pdb
Converting SMILES to graph: 78/500
3kj4A_antigen.pdb 3kj4HL_antibody.pdb
Converting SMILES to graph: 79/500
3kj6A_antigen.pdb 3kj6HL_antibody.pdb
Converting SMILES to graph: 80/500
3klhB_antigen.pdb 3klhDC_antibody.pdb
Converting SMILES to graph: 81/500
3kr3D_antigen.pdb 3kr3HL_antibody.pdb
Converting SMILES to graph: 82/500
3ks0A_antigen.pdb 3ks0KJ_antibody.pdb
Converting SMILES to graph: 83/500
3l5wJ_antigen.pdb 3l5wBA_antibody.pdb
Converting SMILES to graph: 84/500
3l5xA_antigen.pdb 3l5xHL_antibody.pdb
Converting SMILES to graph: 85/500
3l5yA_antigen.pdb 3l5yHL_antibody.pdb
Converting SMILES to graph: 86/500
3l95X_antigen.pdb 3l95BA_antibody.pdb
Converting SMILES to graph: 87/500
3ld8A_antigen.pdb 3ld8CB_antibody.pdb
Converting SMILES to graph: 88/500
3ldbA_antigen.pdb 3ldbCB_antibody.pdb
Converting SMILES to graph: 89/500
3levA_antigen.pdb 3levHL_antibody.pdb
Converting SMILES to graph: 90/500
3lexP_antigen.pdb 3lexHL_antibody.pdb
Converting SMILES to graph: 91/500
3leyP_antigen.pdb 3leyHL_antibody.pdb
Converting SMILES to graph: 92/500
3lh2V_antigen.pdb 3lh2KO_antibody.pdb
Converting SMILES to graph: 93/500
3lhpS_antigen.pdb 3lhpHL_antibody.pdb
Converting SMILES to graph: 94/500
3lizA_antigen.pdb 3lizHL_antibody.pdb
Converting SMILES to graph: 95/500
3lohE_antigen.pdb 3lohAB_antibody.pdb
Converting SMILES to graph: 96/500
3lqaGC_antigen.pdb 3lqaHL_antibody.pdb
Converting SMILES to graph: 97/500
3lzfA_antigen.pdb 3lzfHL_antibody.pdb
Converting SMILES to graph: 98/500
3ma9A_antigen.pdb 3ma9HL_antibody.pdb
Converting SMILES to graph: 99/500
3macA_antigen.pdb 3macHL_antibody.pdb
Converting SMILES to graph: 100/500
3mj9A_antigen.pdb 3mj9HL_antibody.pdb
Converting SMILES to graph: 101/500
3mlrP_antigen.pdb 3mlrHL_antibody.pdb
Converting SMILES to graph: 102/500
3mlsR_antigen.pdb 3mlsJN_antibody.pdb
Converting SMILES to graph: 103/500
3mltP_antigen.pdb 3mltHL_antibody.pdb
Converting SMILES to graph: 104/500
3mluP_antigen.pdb 3mluHL_antibody.pdb
Converting SMILES to graph: 105/500
3mlvQ_antigen.pdb 3mlvNM_antibody.pdb
Converting SMILES to graph: 106/500
3mlwP_antigen.pdb 3mlwHL_antibody.pdb
Converting SMILES to graph: 107/500
3mlxQ_antigen.pdb 3mlxIM_antibody.pdb
Converting SMILES to graph: 108/500
3mlyP_antigen.pdb 3mlyHL_antibody.pdb
Converting SMILES to graph: 109/500
3mlzP_antigen.pdb 3mlzHL_antibody.pdb
Converting SMILES to graph: 110/500
3mnwP_antigen.pdb 3mnwBA_antibody.pdb
Converting SMILES to graph: 111/500
3mnzP_antigen.pdb 3mnzBA_antibody.pdb
Converting SMILES to graph: 112/500
3moaP_antigen.pdb 3moaHL_antibody.pdb
Converting SMILES to graph: 113/500
3mobP_antigen.pdb 3mobHL_antibody.pdb
Converting SMILES to graph: 114/500
3modP_antigen.pdb 3modHL_antibody.pdb
Converting SMILES to graph: 115/500
3mugC_antigen.pdb 3mugFE_antibody.pdb
Converting SMILES to graph: 116/500
3mxwA_antigen.pdb 3mxwHL_antibody.pdb
Converting SMILES to graph: 117/500
3n85A_antigen.pdb 3n85HL_antibody.pdb
Converting SMILES to graph: 118/500
3ncyBA_antigen.pdb 3ncyPS_antibody.pdb
Converting SMILES to graph: 119/500
3nfpI_antigen.pdb 3nfpHL_antibody.pdb
Converting SMILES to graph: 120/500
3ngbA_antigen.pdb 3ngbBC_antibody.pdb
Converting SMILES to graph: 121/500
3nh7D_antigen.pdb 3nh7KO_antibody.pdb
Converting SMILES to graph: 122/500
3nidAD_antigen.pdb 3nidHL_antibody.pdb
Converting SMILES to graph: 123/500
3nifC_antigen.pdb 3nifEF_antibody.pdb
Converting SMILES to graph: 124/500
3nigC_antigen.pdb 3nigEF_antibody.pdb
Converting SMILES to graph: 125/500
3npsA_antigen.pdb 3npsBC_antibody.pdb
Converting SMILES to graph: 126/500
3o0rBC_antigen.pdb 3o0rHL_antibody.pdb
Converting SMILES to graph: 127/500
3o2dA_antigen.pdb 3o2dHL_antibody.pdb
Converting SMILES to graph: 128/500
3o41P_antigen.pdb 3o41HL_antibody.pdb
Converting SMILES to graph: 129/500
3o45C_antigen.pdb 3o45AB_antibody.pdb
Converting SMILES to graph: 130/500
3o6lC_antigen.pdb 3o6lHL_antibody.pdb
Converting SMILES to graph: 131/500
3o6mC_antigen.pdb 3o6mHL_antibody.pdb
Converting SMILES to graph: 132/500
3ogcC_antigen.pdb 3ogcAB_antibody.pdb
Converting SMILES to graph: 133/500
3ogoB_antigen.pdb 3ogoG_antibody.pdb
Converting SMILES to graph: 134/500
3opzB_antigen.pdb 3opzIM_antibody.pdb
Converting SMILES to graph: 135/500
3or6C_antigen.pdb 3or6AB_antibody.pdb
Converting SMILES to graph: 136/500
3or7C_antigen.pdb 3or7AB_antibody.pdb
Converting SMILES to graph: 137/500
3p0gA_antigen.pdb 3p0gB_antibody.pdb
Converting SMILES to graph: 138/500
3p0yA_antigen.pdb 3p0yHL_antibody.pdb
Converting SMILES to graph: 139/500
3p11A_antigen.pdb 3p11HL_antibody.pdb
Converting SMILES to graph: 140/500
3p30A_antigen.pdb 3p30HL_antibody.pdb
Converting SMILES to graph: 141/500
3p9wE_antigen.pdb 3p9wF_antibody.pdb
Converting SMILES to graph: 142/500
3pgfA_antigen.pdb 3pgfHL_antibody.pdb
Converting SMILES to graph: 143/500
3pjsKL_antigen.pdb 3pjsDC_antibody.pdb
Converting SMILES to graph: 144/500
3pnwC_antigen.pdb 3pnwBA_antibody.pdb
Converting SMILES to graph: 145/500
3pp4P_antigen.pdb 3pp4HL_antibody.pdb
Converting SMILES to graph: 146/500
3q1sI_antigen.pdb 3q1sHL_antibody.pdb
Converting SMILES to graph: 147/500
3q3gL_antigen.pdb 3q3gKJ_antibody.pdb
Converting SMILES to graph: 148/500
3qa3E_antigen.pdb 3qa3BA_antibody.pdb
Converting SMILES to graph: 149/500
3qg6D_antigen.pdb 3qg6BA_antibody.pdb
Converting SMILES to graph: 150/500
3qskA_antigen.pdb 3qskB_antibody.pdb
Converting SMILES to graph: 151/500
3qumP_antigen.pdb 3qumBA_antibody.pdb
Converting SMILES to graph: 152/500
3qwoP_antigen.pdb 3qwoHL_antibody.pdb
Converting SMILES to graph: 153/500
3r08E_antigen.pdb 3r08HL_antibody.pdb
Converting SMILES to graph: 154/500
3r1gB_antigen.pdb 3r1gHL_antibody.pdb
Converting SMILES to graph: 155/500
3rajA_antigen.pdb 3rajHL_antibody.pdb
Converting SMILES to graph: 156/500
3rhwB_antigen.pdb 3rhwFN_antibody.pdb
Converting SMILES to graph: 157/500
3ri5D_antigen.pdb 3ri5IO_antibody.pdb
Converting SMILES to graph: 158/500
3riaD_antigen.pdb 3riaIO_antibody.pdb
Converting SMILES to graph: 159/500
3rifA_antigen.pdb 3rifHL_antibody.pdb
Converting SMILES to graph: 160/500
3rjqA_antigen.pdb 3rjqB_antibody.pdb
Converting SMILES to graph: 161/500
3rkdB_antigen.pdb 3rkdDC_antibody.pdb
Converting SMILES to graph: 162/500
3ru8X_antigen.pdb 3ru8HL_antibody.pdb
Converting SMILES to graph: 163/500
3rvvA_antigen.pdb 3rvvDC_antibody.pdb
Converting SMILES to graph: 164/500
3rvwA_antigen.pdb 3rvwDC_antibody.pdb
Converting SMILES to graph: 165/500
3rvxA_antigen.pdb 3rvxDC_antibody.pdb
Converting SMILES to graph: 166/500
3s35X_antigen.pdb 3s35HL_antibody.pdb
Converting SMILES to graph: 167/500
3s36X_antigen.pdb 3s36HL_antibody.pdb
Converting SMILES to graph: 168/500
3s37X_antigen.pdb 3s37HL_antibody.pdb
Converting SMILES to graph: 169/500
3s88JJI_antigen.pdb 3s88HL_antibody.pdb
Converting SMILES to graph: 170/500
3sdyBA_antigen.pdb 3sdyHL_antibody.pdb
Converting SMILES to graph: 171/500
3se8G_antigen.pdb 3se8HL_antibody.pdb
Converting SMILES to graph: 172/500
3se9G_antigen.pdb 3se9HL_antibody.pdb
Converting SMILES to graph: 173/500
3sgeM_antigen.pdb 3sgeJI_antibody.pdb
Converting SMILES to graph: 174/500
3skjE_antigen.pdb 3skjHL_antibody.pdb
Converting SMILES to graph: 175/500
3sm5C_antigen.pdb 3sm5IM_antibody.pdb
Converting SMILES to graph: 176/500
3sn6AB_antigen.pdb 3sn6N_antibody.pdb
Converting SMILES to graph: 177/500
3so3A_antigen.pdb 3so3CB_antibody.pdb
Converting SMILES to graph: 178/500
3sobB_antigen.pdb 3sobHL_antibody.pdb
Converting SMILES to graph: 179/500
3sqoA_antigen.pdb 3sqoHL_antibody.pdb
Converting SMILES to graph: 180/500
3stbC_antigen.pdb 3stbB_antibody.pdb
Converting SMILES to graph: 181/500
3stlC_antigen.pdb 3stlAB_antibody.pdb
Converting SMILES to graph: 182/500
3stzC_antigen.pdb 3stzAB_antibody.pdb
Converting SMILES to graph: 183/500
3t2nA_antigen.pdb 3t2nHL_antibody.pdb
Converting SMILES to graph: 184/500
3t3mC_antigen.pdb 3t3mEF_antibody.pdb
Converting SMILES to graph: 185/500
3t3pC_antigen.pdb 3t3pEF_antibody.pdb
Converting SMILES to graph: 186/500
3thmF_antigen.pdb 3thmHL_antibody.pdb
Converting SMILES to graph: 187/500
3tjeF_antigen.pdb 3tjeHL_antibody.pdb
Converting SMILES to graph: 188/500
3tt1A_antigen.pdb 3tt1IM_antibody.pdb
Converting SMILES to graph: 189/500
3tt3A_antigen.pdb 3tt3HL_antibody.pdb
Converting SMILES to graph: 190/500
3tygA_antigen.pdb 3tygHL_antibody.pdb
Converting SMILES to graph: 191/500
3u0tE_antigen.pdb 3u0tDC_antibody.pdb
Converting SMILES to graph: 192/500
3u2sG_antigen.pdb 3u2sHL_antibody.pdb
Converting SMILES to graph: 193/500
3u30D_antigen.pdb 3u30FE_antibody.pdb
Converting SMILES to graph: 194/500
3u4eG_antigen.pdb 3u4eHL_antibody.pdb
Converting SMILES to graph: 195/500
3u7yG_antigen.pdb 3u7yHL_antibody.pdb
Converting SMILES to graph: 196/500
3u9pD_antigen.pdb 3u9pHL_antibody.pdb
Converting SMILES to graph: 197/500
3u9uF_antigen.pdb 3u9uAB_antibody.pdb
Converting SMILES to graph: 198/500
3uajB_antigen.pdb 3uajCD_antibody.pdb
Converting SMILES to graph: 199/500
3ubxA_antigen.pdb 3ubxHL_antibody.pdb
Converting SMILES to graph: 200/500
3uc0B_antigen.pdb 3uc0IM_antibody.pdb
Converting SMILES to graph: 201/500
3ujiP_antigen.pdb 3ujiHL_antibody.pdb
Converting SMILES to graph: 202/500
3ujjP_antigen.pdb 3ujjHL_antibody.pdb
Converting SMILES to graph: 203/500
3uluA_antigen.pdb 3uluDC_antibody.pdb
Converting SMILES to graph: 204/500
3ulvA_antigen.pdb 3ulvHL_antibody.pdb
Converting SMILES to graph: 205/500
3uo1P_antigen.pdb 3uo1HL_antibody.pdb
Converting SMILES to graph: 206/500
3ux9A_antigen.pdb 3ux9Bb_antibody.pdb
Converting SMILES to graph: 207/500
3uypB_antigen.pdb 3uypAa_antibody.pdb
Converting SMILES to graph: 208/500
3uyrP_antigen.pdb 3uyrHL_antibody.pdb
Converting SMILES to graph: 209/500
3uzeC_antigen.pdb 3uzeAa_antibody.pdb
Converting SMILES to graph: 210/500
3uzqB_antigen.pdb 3uzqAa_antibody.pdb
Converting SMILES to graph: 211/500
3uzvA_antigen.pdb 3uzvBb_antibody.pdb
Converting SMILES to graph: 212/500
3v0aA_antigen.pdb 3v0aC_antibody.pdb
Converting SMILES to graph: 213/500
3v4pBA_antigen.pdb 3v4pHL_antibody.pdb
Converting SMILES to graph: 214/500
3v4uP_antigen.pdb 3v4uHL_antibody.pdb
Converting SMILES to graph: 215/500
3v4vBA_antigen.pdb 3v4vHL_antibody.pdb
Converting SMILES to graph: 216/500
3v52P_antigen.pdb 3v52HL_antibody.pdb
Converting SMILES to graph: 217/500
3v6oA_antigen.pdb 3v6oCE_antibody.pdb
Converting SMILES to graph: 218/500
3v6zE_antigen.pdb 3v6zCD_antibody.pdb
Converting SMILES to graph: 219/500
3v7aA_antigen.pdb 3v7aEH_antibody.pdb
Converting SMILES to graph: 220/500
3ve0JJI_antigen.pdb 3ve0AB_antibody.pdb
Converting SMILES to graph: 221/500
3vg9A_antigen.pdb 3vg9CB_antibody.pdb
Converting SMILES to graph: 222/500
3vgaA_antigen.pdb 3vgaCB_antibody.pdb
Converting SMILES to graph: 223/500
3vi3B_antigen.pdb 3vi3FE_antibody.pdb
Converting SMILES to graph: 224/500
3vi4D_antigen.pdb 3vi4HL_antibody.pdb
Converting SMILES to graph: 225/500
3vrlC_antigen.pdb 3vrlHL_antibody.pdb
Converting SMILES to graph: 226/500
3w11E_antigen.pdb 3w11CD_antibody.pdb
Converting SMILES to graph: 227/500
3w12E_antigen.pdb 3w12CD_antibody.pdb
Converting SMILES to graph: 228/500
3w13E_antigen.pdb 3w13CD_antibody.pdb
Converting SMILES to graph: 229/500
3w14E_antigen.pdb 3w14CD_antibody.pdb
Converting SMILES to graph: 230/500
3w2dA_antigen.pdb 3w2dHL_antibody.pdb
Converting SMILES to graph: 231/500
3w9eC_antigen.pdb 3w9eAB_antibody.pdb
Converting SMILES to graph: 232/500
3wd5A_antigen.pdb 3wd5HL_antibody.pdb
Converting SMILES to graph: 233/500
3wfbBC_antigen.pdb 3wfbHL_antibody.pdb
Converting SMILES to graph: 234/500
3wfcBC_antigen.pdb 3wfcHL_antibody.pdb
Converting SMILES to graph: 235/500
3wfdBC_antigen.pdb 3wfdHL_antibody.pdb
Converting SMILES to graph: 236/500
3wfeBC_antigen.pdb 3wfeHL_antibody.pdb
Converting SMILES to graph: 237/500
3wheB_antigen.pdb 3wheOP_antibody.pdb
Converting SMILES to graph: 238/500
3wihA_antigen.pdb 3wihHL_antibody.pdb
Converting SMILES to graph: 239/500
3wkmA_antigen.pdb 3wkmHL_antibody.pdb
Converting SMILES to graph: 240/500
3wlwA_antigen.pdb 3wlwCD_antibody.pdb
Converting SMILES to graph: 241/500
3wsqA_antigen.pdb 3wsqHL_antibody.pdb
Converting SMILES to graph: 242/500
3wxvA_antigen.pdb 3wxvHL_antibody.pdb
Converting SMILES to graph: 243/500
3wxwA_antigen.pdb 3wxwHL_antibody.pdb
Converting SMILES to graph: 244/500
3x3fA_antigen.pdb 3x3fHL_antibody.pdb
Converting SMILES to graph: 245/500
3zdxAD_antigen.pdb 3zdxHL_antibody.pdb
Converting SMILES to graph: 246/500
3zdyAD_antigen.pdb 3zdyHL_antibody.pdb
Converting SMILES to graph: 247/500
3zdzC_antigen.pdb 3zdzEF_antibody.pdb
Converting SMILES to graph: 248/500
3ze0AD_antigen.pdb 3ze0HL_antibody.pdb
Converting SMILES to graph: 249/500
3ze1C_antigen.pdb 3ze1EF_antibody.pdb
Converting SMILES to graph: 250/500
3ze2A_antigen.pdb 3ze2EF_antibody.pdb
Converting SMILES to graph: 251/500
3zkmA_antigen.pdb 3zkmHL_antibody.pdb
Converting SMILES to graph: 252/500
3zknA_antigen.pdb 3zknHL_antibody.pdb
Converting SMILES to graph: 253/500
3zkqA_antigen.pdb 3zkqD_antibody.pdb
Converting SMILES to graph: 254/500
3zksA_antigen.pdb 3zksD_antibody.pdb
Converting SMILES to graph: 255/500
3zkxA_antigen.pdb 3zkxB_antibody.pdb
Converting SMILES to graph: 256/500
3zlqA_antigen.pdb 3zlqC_antibody.pdb
Converting SMILES to graph: 257/500
3ztjBA_antigen.pdb 3ztjGH_antibody.pdb
Converting SMILES to graph: 258/500
3ztnABA_antigen.pdb 3ztnHL_antibody.pdb
Converting SMILES to graph: 259/500
4aeiA_antigen.pdb 4aeiHL_antibody.pdb
Converting SMILES to graph: 260/500
4ag4A_antigen.pdb 4ag4HL_antibody.pdb
Converting SMILES to graph: 261/500
4al8C_antigen.pdb 4al8HL_antibody.pdb
Converting SMILES to graph: 262/500
4alaC_antigen.pdb 4alaHL_antibody.pdb
Converting SMILES to graph: 263/500
4am0T_antigen.pdb 4am0CD_antibody.pdb
Converting SMILES to graph: 264/500
4belA_antigen.pdb 4belD_antibody.pdb
Converting SMILES to graph: 265/500
4bfbB_antigen.pdb 4bfbE_antibody.pdb
Converting SMILES to graph: 266/500
4bh7P_antigen.pdb 4bh7BA_antibody.pdb
Converting SMILES to graph: 267/500
4bh8P_antigen.pdb 4bh8BA_antibody.pdb
Converting SMILES to graph: 268/500
4bklEGF_antigen.pdb 4bklAB_antibody.pdb
Converting SMILES to graph: 269/500
4bz1A_antigen.pdb 4bz1HL_antibody.pdb
Converting SMILES to graph: 270/500
4bz2A_antigen.pdb 4bz2HL_antibody.pdb
Converting SMILES to graph: 271/500
4c2iC_antigen.pdb 4c2iHL_antibody.pdb
Converting SMILES to graph: 272/500
4c57A_antigen.pdb 4c57C_antibody.pdb
Converting SMILES to graph: 273/500
4c58A_antigen.pdb 4c58B_antibody.pdb
Converting SMILES to graph: 274/500
4c59A_antigen.pdb 4c59B_antibody.pdb
Converting SMILES to graph: 275/500
4cadF_antigen.pdb 4cadED_antibody.pdb
Converting SMILES to graph: 276/500
4cauA_antigen.pdb 4cauEe_antibody.pdb
Converting SMILES to graph: 277/500
4cdgB_antigen.pdb 4cdgD_antibody.pdb
Converting SMILES to graph: 278/500
4ckdC_antigen.pdb 4ckdHL_antibody.pdb
Converting SMILES to graph: 279/500
4cmhA_antigen.pdb 4cmhBC_antibody.pdb
Converting SMILES to graph: 280/500
4cniC_antigen.pdb 4cniHL_antibody.pdb
Converting SMILES to graph: 281/500
4d3cA_antigen.pdb 4d3cHL_antibody.pdb
Converting SMILES to graph: 282/500
4d9qB_antigen.pdb 4d9qED_antibody.pdb
Converting SMILES to graph: 283/500
4d9rA_antigen.pdb 4d9rHL_antibody.pdb
Converting SMILES to graph: 284/500
4dagA_antigen.pdb 4dagHL_antibody.pdb
Converting SMILES to graph: 285/500
4dgiA_antigen.pdb 4dgiHL_antibody.pdb
Converting SMILES to graph: 286/500
4dgvA_antigen.pdb 4dgvHL_antibody.pdb
Converting SMILES to graph: 287/500
4dgyA_antigen.pdb 4dgyHL_antibody.pdb
Converting SMILES to graph: 288/500
4dk3C_antigen.pdb 4dk3A_antibody.pdb
Converting SMILES to graph: 289/500
4dk6C_antigen.pdb 4dk6B_antibody.pdb
Converting SMILES to graph: 290/500
4dkaDC_antigen.pdb 4dkaA_antibody.pdb
Converting SMILES to graph: 291/500
4dkeB_antigen.pdb 4dkeIM_antibody.pdb
Converting SMILES to graph: 292/500
4dkfA_antigen.pdb 4dkfHL_antibody.pdb
Converting SMILES to graph: 293/500
4dn4M_antigen.pdb 4dn4HL_antibody.pdb
Converting SMILES to graph: 294/500
4dqoC_antigen.pdb 4dqoHL_antibody.pdb
Converting SMILES to graph: 295/500
4dtgK_antigen.pdb 4dtgHL_antibody.pdb
Converting SMILES to graph: 296/500
4dvrG_antigen.pdb 4dvrHL_antibody.pdb
Converting SMILES to graph: 297/500
4dw2U_antigen.pdb 4dw2HL_antibody.pdb
Converting SMILES to graph: 298/500
4edwV_antigen.pdb 4edwHL_antibody.pdb
Converting SMILES to graph: 299/500
4edxV_antigen.pdb 4edxHL_antibody.pdb
Converting SMILES to graph: 300/500
4eigA_antigen.pdb 4eigB_antibody.pdb
Converting SMILES to graph: 301/500
4eizB_antigen.pdb 4eizC_antibody.pdb
Converting SMILES to graph: 302/500
4ej1B_antigen.pdb 4ej1C_antibody.pdb
Converting SMILES to graph: 303/500
4eneA_antigen.pdb 4eneCD_antibody.pdb
Converting SMILES to graph: 304/500
4ersA_antigen.pdb 4ersHL_antibody.pdb
Converting SMILES to graph: 305/500
4etqC_antigen.pdb 4etqHL_antibody.pdb
Converting SMILES to graph: 306/500
4f15J_antigen.pdb 4f15KL_antibody.pdb
Converting SMILES to graph: 307/500
4f2mF_antigen.pdb 4f2mCD_antibody.pdb
Converting SMILES to graph: 308/500
4f37A_antigen.pdb 4f37HL_antibody.pdb
Converting SMILES to graph: 309/500
4f3fC_antigen.pdb 4f3fBA_antibody.pdb
Converting SMILES to graph: 310/500
4f9lA_antigen.pdb 4f9ldD_antibody.pdb
Converting SMILES to graph: 311/500
4f9pB_antigen.pdb 4f9pDd_antibody.pdb
Converting SMILES to graph: 312/500
4ffvA_antigen.pdb 4ffvHL_antibody.pdb
Converting SMILES to graph: 313/500
4ffwB_antigen.pdb 4ffwDC_antibody.pdb
Converting SMILES to graph: 314/500
4ffyA_antigen.pdb 4ffyHL_antibody.pdb
Converting SMILES to graph: 315/500
4ffzX_antigen.pdb 4ffzZY_antibody.pdb
Converting SMILES to graph: 316/500
4fg6B_antigen.pdb 4fg6EF_antibody.pdb
Converting SMILES to graph: 317/500
4fhbA_antigen.pdb 4fhbD_antibody.pdb
Converting SMILES to graph: 318/500
4fp8B_antigen.pdb 4fp8IM_antibody.pdb
Converting SMILES to graph: 319/500
4fqiBA_antigen.pdb 4fqiHL_antibody.pdb
Converting SMILES to graph: 320/500
4fqjA_antigen.pdb 4fqjHL_antibody.pdb
Converting SMILES to graph: 321/500
4fqkC_antigen.pdb 4fqkEF_antibody.pdb
Converting SMILES to graph: 322/500
4fqrA_antigen.pdb 4fqrab_antibody.pdb
Converting SMILES to graph: 323/500
4fqvDC_antigen.pdb 4fqvJN_antibody.pdb
Converting SMILES to graph: 324/500
4fqyBA_antigen.pdb 4fqyHL_antibody.pdb
Converting SMILES to graph: 325/500
4g3yC_antigen.pdb 4g3yHL_antibody.pdb
Converting SMILES to graph: 326/500
4g6aB_antigen.pdb 4g6aCD_antibody.pdb
Converting SMILES to graph: 327/500
4g6fP_antigen.pdb 4g6fHL_antibody.pdb
Converting SMILES to graph: 328/500
4g6jA_antigen.pdb 4g6jHL_antibody.pdb
Converting SMILES to graph: 329/500
4g6mA_antigen.pdb 4g6mHL_antibody.pdb
Converting SMILES to graph: 330/500
4g7vS_antigen.pdb 4g7vHL_antibody.pdb
Converting SMILES to graph: 331/500
4g7yS_antigen.pdb 4g7yHL_antibody.pdb
Converting SMILES to graph: 332/500
4g80I_antigen.pdb 4g80GH_antibody.pdb
Converting SMILES to graph: 333/500
4gagP_antigen.pdb 4gagHL_antibody.pdb
Converting SMILES to graph: 334/500
4gajP_antigen.pdb 4gajHL_antibody.pdb
Converting SMILES to graph: 335/500
4gftA_antigen.pdb 4gftB_antibody.pdb
Converting SMILES to graph: 336/500
4glrB_antigen.pdb 4glrJK_antibody.pdb
Converting SMILES to graph: 337/500
4gmsE_antigen.pdb 4gmsJN_antibody.pdb
Converting SMILES to graph: 338/500
4grwC_antigen.pdb 4grwF_antibody.pdb
Converting SMILES to graph: 339/500
4gxuA_antigen.pdb 4gxuMN_antibody.pdb
Converting SMILES to graph: 340/500
4h0hD_antigen.pdb 4h0hBb_antibody.pdb
Converting SMILES to graph: 341/500
4h88A_antigen.pdb 4h88HL_antibody.pdb
Converting SMILES to graph: 342/500
4h8wG_antigen.pdb 4h8wHL_antibody.pdb
Converting SMILES to graph: 343/500
4hc1B_antigen.pdb 4hc1MN_antibody.pdb
Converting SMILES to graph: 344/500
4hcrB_antigen.pdb 4hcrMN_antibody.pdb
Converting SMILES to graph: 345/500
4hemC_antigen.pdb 4hemF_antibody.pdb
Converting SMILES to graph: 346/500
4hepA_antigen.pdb 4hepG_antibody.pdb
Converting SMILES to graph: 347/500
4hf5A_antigen.pdb 4hf5HL_antibody.pdb
Converting SMILES to graph: 348/500
4hfuA_antigen.pdb 4hfuHL_antibody.pdb
Converting SMILES to graph: 349/500
4hg4Da_antigen.pdb 4hg4PQ_antibody.pdb
Converting SMILES to graph: 350/500
4hhaP_antigen.pdb 4hhaBA_antibody.pdb
Converting SMILES to graph: 351/500
4hixA_antigen.pdb 4hixHL_antibody.pdb
Converting SMILES to graph: 352/500
4hj0B_antigen.pdb 4hj0CD_antibody.pdb
Converting SMILES to graph: 353/500
4hjgHE_antigen.pdb 4hjgBA_antibody.pdb
Converting SMILES to graph: 354/500
4hjjA_antigen.pdb 4hjjH_antibody.pdb
Converting SMILES to graph: 355/500
4hkxE_antigen.pdb 4hkxAB_antibody.pdb
Converting SMILES to graph: 356/500
4hkzHE_antigen.pdb 4hkzBA_antibody.pdb
Converting SMILES to graph: 357/500
4hlzDC_antigen.pdb 4hlzIJ_antibody.pdb
Converting SMILES to graph: 358/500
4hpoP_antigen.pdb 4hpoHL_antibody.pdb
Converting SMILES to graph: 359/500
4hpyP_antigen.pdb 4hpyHL_antibody.pdb
Converting SMILES to graph: 360/500
4hs6Z_antigen.pdb 4hs6BA_antibody.pdb
Converting SMILES to graph: 361/500
4hs8A_antigen.pdb 4hs8HL_antibody.pdb
Converting SMILES to graph: 362/500
4ht1T_antigen.pdb 4ht1HL_antibody.pdb
Converting SMILES to graph: 363/500
4hwbA_antigen.pdb 4hwbHL_antibody.pdb
Converting SMILES to graph: 364/500
4hzlE_antigen.pdb 4hzlHL_antibody.pdb
Converting SMILES to graph: 365/500
4i0cA_antigen.pdb 4i0cD_antibody.pdb
Converting SMILES to graph: 366/500
4i13A_antigen.pdb 4i13B_antibody.pdb
Converting SMILES to graph: 367/500
4i18C_antigen.pdb 4i18HL_antibody.pdb
Converting SMILES to graph: 368/500
4i1nA_antigen.pdb 4i1nB_antibody.pdb
Converting SMILES to graph: 369/500
4i2xF_antigen.pdb 4i2xDC_antibody.pdb
Converting SMILES to graph: 370/500
4i3rG_antigen.pdb 4i3rHL_antibody.pdb
Converting SMILES to graph: 371/500
4i3sG_antigen.pdb 4i3sHL_antibody.pdb
Converting SMILES to graph: 372/500
4i77Z_antigen.pdb 4i77HL_antibody.pdb
Converting SMILES to graph: 373/500
4i9wA_antigen.pdb 4i9wED_antibody.pdb
Converting SMILES to graph: 374/500
4idjA_antigen.pdb 4idjHL_antibody.pdb
Converting SMILES to graph: 375/500
4ij3A_antigen.pdb 4ij3CB_antibody.pdb
Converting SMILES to graph: 376/500
4iofB_antigen.pdb 4iofEF_antibody.pdb
Converting SMILES to graph: 377/500
4ioiHE_antigen.pdb 4ioiBA_antibody.pdb
Converting SMILES to graph: 378/500
4iosA_antigen.pdb 4iosE_antibody.pdb
Converting SMILES to graph: 379/500
4irzA_antigen.pdb 4irzHL_antibody.pdb
Converting SMILES to graph: 380/500
4j4pA_antigen.pdb 4j4pHL_antibody.pdb
Converting SMILES to graph: 381/500
4j6rG_antigen.pdb 4j6rHL_antibody.pdb
Converting SMILES to graph: 382/500
4j8rI_antigen.pdb 4j8rBA_antibody.pdb
Converting SMILES to graph: 383/500
4janI_antigen.pdb 4janAB_antibody.pdb
Converting SMILES to graph: 384/500
4jb9G_antigen.pdb 4jb9HL_antibody.pdb
Converting SMILES to graph: 385/500
4jdtG_antigen.pdb 4jdtHL_antibody.pdb
Converting SMILES to graph: 386/500
4jfxP_antigen.pdb 4jfxHL_antibody.pdb
Converting SMILES to graph: 387/500
4jfzP_antigen.pdb 4jfzHL_antibody.pdb
Converting SMILES to graph: 388/500
4jg0P_antigen.pdb 4jg0HL_antibody.pdb
Converting SMILES to graph: 389/500
4jg1P_antigen.pdb 4jg1HL_antibody.pdb
Converting SMILES to graph: 390/500
4jhwF_antigen.pdb 4jhwHL_antibody.pdb
Converting SMILES to graph: 391/500
4jkpG_antigen.pdb 4jkpHL_antibody.pdb
Converting SMILES to graph: 392/500
4jlrS_antigen.pdb 4jlrHL_antibody.pdb
Converting SMILES to graph: 393/500
4jm2E_antigen.pdb 4jm2DC_antibody.pdb
Converting SMILES to graph: 394/500
4jo1P_antigen.pdb 4jo1HL_antibody.pdb
Converting SMILES to graph: 395/500
4jo2P_antigen.pdb 4jo2HL_antibody.pdb
Converting SMILES to graph: 396/500
4jo3Q_antigen.pdb 4jo3IM_antibody.pdb
Converting SMILES to graph: 397/500
4jpkA_antigen.pdb 4jpkHL_antibody.pdb
Converting SMILES to graph: 398/500
4jpvG_antigen.pdb 4jpvHL_antibody.pdb
Converting SMILES to graph: 399/500
4jpwG_antigen.pdb 4jpwHL_antibody.pdb
Converting SMILES to graph: 400/500
4jqiAV_antigen.pdb 4jqiHL_antibody.pdb
Converting SMILES to graph: 401/500
4jr9A_antigen.pdb 4jr9HL_antibody.pdb
Converting SMILES to graph: 402/500
4jreD_antigen.pdb 4jreHL_antibody.pdb
Converting SMILES to graph: 403/500
4jzjC_antigen.pdb 4jzjHL_antibody.pdb
Converting SMILES to graph: 404/500
4jznK_antigen.pdb 4jznIP_antibody.pdb
Converting SMILES to graph: 405/500
4jzoL_antigen.pdb 4jzoGH_antibody.pdb
Converting SMILES to graph: 406/500
4k24U_antigen.pdb 4k24HL_antibody.pdb
Converting SMILES to graph: 407/500
4k2uB_antigen.pdb 4k2uIM_antibody.pdb
Converting SMILES to graph: 408/500
4k3jB_antigen.pdb 4k3jHL_antibody.pdb
Converting SMILES to graph: 409/500
4k4mB_antigen.pdb 4k4mIM_antibody.pdb
Converting SMILES to graph: 410/500
4k8rB_antigen.pdb 4k8rDC_antibody.pdb
Converting SMILES to graph: 411/500
4k94CC_antigen.pdb 4k94HL_antibody.pdb
Converting SMILES to graph: 412/500
4k9eC_antigen.pdb 4k9eHL_antibody.pdb
Converting SMILES to graph: 413/500
4kdtD_antigen.pdb 4kdtA_antibody.pdb
Converting SMILES to graph: 414/500
4kfzB_antigen.pdb 4kfzD_antibody.pdb
Converting SMILES to graph: 415/500
4khtA_antigen.pdb 4khtHL_antibody.pdb
Converting SMILES to graph: 416/500
4khxA_antigen.pdb 4khxHL_antibody.pdb
Converting SMILES to graph: 417/500
4ki5M_antigen.pdb 4ki5EF_antibody.pdb
Converting SMILES to graph: 418/500
4kjpA_antigen.pdb 4kjpCD_antibody.pdb
Converting SMILES to graph: 419/500
4kjqB_antigen.pdb 4kjqEF_antibody.pdb
Converting SMILES to graph: 420/500
4kjwA_antigen.pdb 4kjwCD_antibody.pdb
Converting SMILES to graph: 421/500
4kk5B_antigen.pdb 4kk5EF_antibody.pdb
Converting SMILES to graph: 422/500
4kk6B_antigen.pdb 4kk6EF_antibody.pdb
Converting SMILES to graph: 423/500
4kk8B_antigen.pdb 4kk8EF_antibody.pdb
Converting SMILES to graph: 424/500
4kk9B_antigen.pdb 4kk9EF_antibody.pdb
Converting SMILES to graph: 425/500
4kkaA_antigen.pdb 4kkaCD_antibody.pdb
Converting SMILES to graph: 426/500
4kkbB_antigen.pdb 4kkbEF_antibody.pdb
Converting SMILES to graph: 427/500
4kkcA_antigen.pdb 4kkcCD_antibody.pdb
Converting SMILES to graph: 428/500
4kklA_antigen.pdb 4kklCD_antibody.pdb
Converting SMILES to graph: 429/500
4kmlA_antigen.pdb 4kmlB_antibody.pdb
Converting SMILES to graph: 430/500
4krlA_antigen.pdb 4krlB_antibody.pdb
Converting SMILES to graph: 431/500
4krmE_antigen.pdb 4krmF_antibody.pdb
Converting SMILES to graph: 432/500
4kroA_antigen.pdb 4kroB_antibody.pdb
Converting SMILES to graph: 433/500
4krpA_antigen.pdb 4krpB_antibody.pdb
Converting SMILES to graph: 434/500
4ksdA_antigen.pdb 4ksdB_antibody.pdb
Converting SMILES to graph: 435/500
4kucA_antigen.pdb 4kucHD_antibody.pdb
Converting SMILES to graph: 436/500
4kv5B_antigen.pdb 4kv5Jj_antibody.pdb
Converting SMILES to graph: 437/500
4kvnA_antigen.pdb 4kvnHL_antibody.pdb
Converting SMILES to graph: 438/500
4kxzD_antigen.pdb 4kxzQP_antibody.pdb
Converting SMILES to graph: 439/500
4l5fE_antigen.pdb 4l5fHL_antibody.pdb
Converting SMILES to graph: 440/500
4lajFG_antigen.pdb 4lajM_antibody.pdb
Converting SMILES to graph: 441/500
4lbeC_antigen.pdb 4lbeAB_antibody.pdb
Converting SMILES to graph: 442/500
4lcuC_antigen.pdb 4lcuAB_antibody.pdb
Converting SMILES to graph: 443/500
4ldeA_antigen.pdb 4ldeB_antibody.pdb
Converting SMILES to graph: 444/500
4ldlA_antigen.pdb 4ldlB_antibody.pdb
Converting SMILES to graph: 445/500
4ldoA_antigen.pdb 4ldoB_antibody.pdb
Converting SMILES to graph: 446/500
4leoC_antigen.pdb 4leoAB_antibody.pdb
Converting SMILES to graph: 447/500
4lf3C_antigen.pdb 4lf3BA_antibody.pdb
Converting SMILES to graph: 448/500
4lgpC_antigen.pdb 4lgpD_antibody.pdb
Converting SMILES to graph: 449/500
4lgrA_antigen.pdb 4lgrB_antibody.pdb
Converting SMILES to graph: 450/500
4lgsA_antigen.pdb 4lgsB_antibody.pdb
Converting SMILES to graph: 451/500
4lhjA_antigen.pdb 4lhjB_antibody.pdb
Converting SMILES to graph: 452/500
4lhqC_antigen.pdb 4lhqD_antibody.pdb
Converting SMILES to graph: 453/500
4liqE_antigen.pdb 4liqHL_antibody.pdb
Converting SMILES to graph: 454/500
4lkxR_antigen.pdb 4lkxAB_antibody.pdb
Converting SMILES to graph: 455/500
4lmqF_antigen.pdb 4lmqEI_antibody.pdb
Converting SMILES to graph: 456/500
4louA_antigen.pdb 4louCD_antibody.pdb
Converting SMILES to graph: 457/500
4lqfA_antigen.pdb 4lqfHL_antibody.pdb
Converting SMILES to graph: 458/500
4lspG_antigen.pdb 4lspHL_antibody.pdb
Converting SMILES to graph: 459/500
4lsqG_antigen.pdb 4lsqHL_antibody.pdb
Converting SMILES to graph: 460/500
4lsrG_antigen.pdb 4lsrHL_antibody.pdb
Converting SMILES to graph: 461/500
4lssG_antigen.pdb 4lssHL_antibody.pdb
Converting SMILES to graph: 462/500
4lstG_antigen.pdb 4lstHL_antibody.pdb
Converting SMILES to graph: 463/500
4lsuG_antigen.pdb 4lsuHL_antibody.pdb
Converting SMILES to graph: 464/500
4lsvG_antigen.pdb 4lsvHL_antibody.pdb
Converting SMILES to graph: 465/500
4lu5A_antigen.pdb 4lu5IM_antibody.pdb
Converting SMILES to graph: 466/500
4lvhJ_antigen.pdb 4lvhKL_antibody.pdb
Converting SMILES to graph: 467/500
4lvnA_antigen.pdb 4lvnCB_antibody.pdb
Converting SMILES to graph: 468/500
4lvoA_antigen.pdb 4lvoCB_antibody.pdb
Converting SMILES to graph: 469/500
4m1cB_antigen.pdb 4m1cEF_antibody.pdb
Converting SMILES to graph: 470/500
4m1dQ_antigen.pdb 4m1dIM_antibody.pdb
Converting SMILES to graph: 471/500
4m1gBA_antigen.pdb 4m1gHL_antibody.pdb
Converting SMILES to graph: 472/500
4m3kA_antigen.pdb 4m3kB_antibody.pdb
Converting SMILES to graph: 473/500
4m48A_antigen.pdb 4m48HL_antibody.pdb
Converting SMILES to graph: 474/500
4m5zA_antigen.pdb 4m5zHL_antibody.pdb
Converting SMILES to graph: 475/500
4m62T_antigen.pdb 4m62IM_antibody.pdb
Converting SMILES to graph: 476/500
4m7lT_antigen.pdb 4m7lHL_antibody.pdb
Converting SMILES to graph: 477/500
4m8qS_antigen.pdb 4m8qAB_antibody.pdb
Converting SMILES to graph: 478/500
4ma7A_antigen.pdb 4ma7HL_antibody.pdb
Converting SMILES to graph: 479/500
4ma8C_antigen.pdb 4ma8HL_antibody.pdb
Converting SMILES to graph: 480/500
4mhhE_antigen.pdb 4mhhHL_antibody.pdb
Converting SMILES to graph: 481/500
4mhjG_antigen.pdb 4mhjKJ_antibody.pdb
Converting SMILES to graph: 482/500
4mqsA_antigen.pdb 4mqsB_antibody.pdb
Converting SMILES to graph: 483/500
4mqtA_antigen.pdb 4mqtB_antibody.pdb
Converting SMILES to graph: 484/500
4mqxB_antigen.pdb 4mqxEF_antibody.pdb
Converting SMILES to graph: 485/500
4mswC_antigen.pdb 4mswAB_antibody.pdb
Converting SMILES to graph: 486/500
4mwfD_antigen.pdb 4mwfAB_antibody.pdb
Converting SMILES to graph: 487/500
4mxvA_antigen.pdb 4mxvHL_antibody.pdb
Converting SMILES to graph: 488/500
4mxwA_antigen.pdb 4mxwHL_antibody.pdb
Converting SMILES to graph: 489/500
4n0yA_antigen.pdb 4n0yHL_antibody.pdb
Converting SMILES to graph: 490/500
4n1hC_antigen.pdb 4n1hD_antibody.pdb
Converting SMILES to graph: 491/500
4n8cX_antigen.pdb 4n8cHL_antibody.pdb
Converting SMILES to graph: 492/500
4n90TC_antigen.pdb 4n90HI_antibody.pdb
Converting SMILES to graph: 493/500
4n9gZ_antigen.pdb 4n9gMN_antibody.pdb
Converting SMILES to graph: 494/500
4n9oA_antigen.pdb 4n9oB_antibody.pdb
Converting SMILES to graph: 495/500
4nbxA_antigen.pdb 4nbxB_antibody.pdb
Converting SMILES to graph: 496/500
4nbyA_antigen.pdb 4nbyB_antibody.pdb
Converting SMILES to graph: 497/500
4nbzC_antigen.pdb 4nbzD_antibody.pdb
Converting SMILES to graph: 498/500
4nc0A_antigen.pdb 4nc0B_antibody.pdb
Converting SMILES to graph: 499/500
4nc1B_antigen.pdb 4nc1D_antibody.pdb
Converting SMILES to graph: 500/500
4nc2A_antigen.pdb 4nc2B_antibody.pdb
Graph construction done. Saving to file.
