Converting SMILES to graph: 1/500
7aueAB_antigen.pdb 7aueSs_antibody.pdb
Converting SMILES to graph: 2/500
7azbA_antigen.pdb 7azbB_antibody.pdb
Converting SMILES to graph: 3/500
7b09A_antigen.pdb 7b09HL_antibody.pdb
Converting SMILES to graph: 4/500
7b0bF_antigen.pdb 7b0bHL_antibody.pdb
Converting SMILES to graph: 5/500
7b14A_antigen.pdb 7b14D_antibody.pdb
Converting SMILES to graph: 6/500
7b17A_antigen.pdb 7b17B_antibody.pdb
Converting SMILES to graph: 7/500
7b18C_antigen.pdb 7b18H_antibody.pdb
Converting SMILES to graph: 8/500
7b27A_antigen.pdb 7b27C_antibody.pdb
Converting SMILES to graph: 9/500
7b2mBA_antigen.pdb 7b2mD_antibody.pdb
Converting SMILES to graph: 10/500
7b2pBA_antigen.pdb 7b2pD_antibody.pdb
Converting SMILES to graph: 11/500
7b2qCB_antigen.pdb 7b2qD_antibody.pdb
Converting SMILES to graph: 12/500
7b3oE_antigen.pdb 7b3oHL_antibody.pdb
Converting SMILES to graph: 13/500
7b5gA_antigen.pdb 7b5gB_antibody.pdb
Converting SMILES to graph: 14/500
7bb6CE_antigen.pdb 7bb6B_antibody.pdb
Converting SMILES to graph: 15/500
7bb7ECF_antigen.pdb 7bb7G_antibody.pdb
Converting SMILES to graph: 16/500
7bbgAC_antigen.pdb 7bbgHL_antibody.pdb
Converting SMILES to graph: 17/500
7bbjB_antigen.pdb 7bbjMN_antibody.pdb
Converting SMILES to graph: 18/500
7bc6A_antigen.pdb 7bc6B_antibody.pdb
Converting SMILES to graph: 19/500
7bc7A_antigen.pdb 7bc7B_antibody.pdb
Converting SMILES to graph: 20/500
7behE_antigen.pdb 7behHL_antibody.pdb
Converting SMILES to graph: 21/500
7beiE_antigen.pdb 7beiHL_antibody.pdb
Converting SMILES to graph: 22/500
7bejE_antigen.pdb 7bejHL_antibody.pdb
Converting SMILES to graph: 23/500
7bekE_antigen.pdb 7bekHL_antibody.pdb
Converting SMILES to graph: 24/500
7belX_antigen.pdb 7belCD_antibody.pdb
Converting SMILES to graph: 25/500
7bemE_antigen.pdb 7bemHL_antibody.pdb
Converting SMILES to graph: 26/500
7benC_antigen.pdb 7benGI_antibody.pdb
Converting SMILES to graph: 27/500
7beoR_antigen.pdb 7beoHL_antibody.pdb
Converting SMILES to graph: 28/500
7bepC_antigen.pdb 7bepDF_antibody.pdb
Converting SMILES to graph: 29/500
7bh8AP_antigen.pdb 7bh8GH_antibody.pdb
Converting SMILES to graph: 30/500
7bnvA_antigen.pdb 7bnvHL_antibody.pdb
Converting SMILES to graph: 31/500
7bpkB_antigen.pdb 7bpkHL_antibody.pdb
Converting SMILES to graph: 32/500
7bq5A_antigen.pdb 7bq5HL_antibody.pdb
Converting SMILES to graph: 33/500
7bscA_antigen.pdb 7bscHL_antibody.pdb
Converting SMILES to graph: 34/500
7bsdI_antigen.pdb 7bsdHL_antibody.pdb
Converting SMILES to graph: 35/500
7btsA_antigen.pdb 7btsB_antibody.pdb
Converting SMILES to graph: 36/500
7bu6A_antigen.pdb 7bu6B_antibody.pdb
Converting SMILES to graph: 37/500
7bu7A_antigen.pdb 7bu7B_antibody.pdb
Converting SMILES to graph: 38/500
7bu8C_antigen.pdb 7bu8JK_antibody.pdb
Converting SMILES to graph: 39/500
7buaA_antigen.pdb 7buaHL_antibody.pdb
Converting SMILES to graph: 40/500
7bubB_antigen.pdb 7bubGI_antibody.pdb
Converting SMILES to graph: 41/500
7budB_antigen.pdb 7budGI_antibody.pdb
Converting SMILES to graph: 42/500
7bueC_antigen.pdb 7bueJK_antibody.pdb
Converting SMILES to graph: 43/500
7bufB_antigen.pdb 7bufGI_antibody.pdb
Converting SMILES to graph: 44/500
7bw0ABG_antigen.pdb 7bw0N_antibody.pdb
Converting SMILES to graph: 45/500
7bwjE_antigen.pdb 7bwjHL_antibody.pdb
Converting SMILES to graph: 46/500
7bxaP_antigen.pdb 7bxaHL_antibody.pdb
Converting SMILES to graph: 47/500
7bxvA_antigen.pdb 7bxvHL_antibody.pdb
Converting SMILES to graph: 48/500
7byrB_antigen.pdb 7byrHL_antibody.pdb
Converting SMILES to graph: 49/500
7bz2BA_antigen.pdb 7bz2N_antibody.pdb
Converting SMILES to graph: 50/500
7bz5A_antigen.pdb 7bz5HL_antibody.pdb
Converting SMILES to graph: 51/500
7c01A_antigen.pdb 7c01HL_antibody.pdb
Converting SMILES to graph: 52/500
7c2eAB_antigen.pdb 7c2eN_antibody.pdb
Converting SMILES to graph: 53/500
7c2lC_antigen.pdb 7c2lJN_antibody.pdb
Converting SMILES to graph: 54/500
7c2sBA_antigen.pdb 7c2sIM_antibody.pdb
Converting SMILES to graph: 55/500
7c2tB_antigen.pdb 7c2tKL_antibody.pdb
Converting SMILES to graph: 56/500
7c4sB_antigen.pdb 7c4sJK_antibody.pdb
Converting SMILES to graph: 57/500
7c61A_antigen.pdb 7c61HL_antibody.pdb
Converting SMILES to graph: 58/500
7c6aA_antigen.pdb 7c6aHL_antibody.pdb
Converting SMILES to graph: 59/500
7c80ACB_antigen.pdb 7c80HL_antibody.pdb
Converting SMILES to graph: 60/500
7c81AC_antigen.pdb 7c81HL_antibody.pdb
Converting SMILES to graph: 61/500
7c88C_antigen.pdb 7c88AB_antibody.pdb
Converting SMILES to graph: 62/500
7c8vB_antigen.pdb 7c8vA_antibody.pdb
Converting SMILES to graph: 63/500
7c8wB_antigen.pdb 7c8wA_antibody.pdb
Converting SMILES to graph: 64/500
7c94C_antigen.pdb 7c94BA_antibody.pdb
Converting SMILES to graph: 65/500
7cacBA_antigen.pdb 7cacED_antibody.pdb
Converting SMILES to graph: 66/500
7cahA_antigen.pdb 7cahED_antibody.pdb
Converting SMILES to graph: 67/500
7caiA_antigen.pdb 7caiED_antibody.pdb
Converting SMILES to graph: 68/500
7cakC_antigen.pdb 7cakIH_antibody.pdb
Converting SMILES to graph: 69/500
7canB_antigen.pdb 7canA_antibody.pdb
Converting SMILES to graph: 70/500
7cbpKQ_antigen.pdb 7cbpDE_antibody.pdb
Converting SMILES to graph: 71/500
7cdiE_antigen.pdb 7cdiHL_antibody.pdb
Converting SMILES to graph: 72/500
7cdjE_antigen.pdb 7cdjHL_antibody.pdb
Converting SMILES to graph: 73/500
7ce2A_antigen.pdb 7ce2ZB_antibody.pdb
Converting SMILES to graph: 74/500
7cebB_antigen.pdb 7cebCD_antibody.pdb
Converting SMILES to graph: 75/500
7cecB_antigen.pdb 7cecHI_antibody.pdb
Converting SMILES to graph: 76/500
7cfmABG_antigen.pdb 7cfmN_antibody.pdb
Converting SMILES to graph: 77/500
7cfnAB_antigen.pdb 7cfnN_antibody.pdb
Converting SMILES to graph: 78/500
7cgwC_antigen.pdb 7cgwAB_antibody.pdb
Converting SMILES to graph: 79/500
7ch4R_antigen.pdb 7ch4HL_antibody.pdb
Converting SMILES to graph: 80/500
7ch5R_antigen.pdb 7ch5HL_antibody.pdb
Converting SMILES to graph: 81/500
7chbR_antigen.pdb 7chbHL_antibody.pdb
Converting SMILES to graph: 82/500
7chcR_antigen.pdb 7chcHL_antibody.pdb
Converting SMILES to graph: 83/500
7cheR_antigen.pdb 7cheHL_antibody.pdb
Converting SMILES to graph: 84/500
7chfR_antigen.pdb 7chfAB_antibody.pdb
Converting SMILES to graph: 85/500
7chhC_antigen.pdb 7chhJK_antibody.pdb
Converting SMILES to graph: 86/500
7choE_antigen.pdb 7choHL_antibody.pdb
Converting SMILES to graph: 87/500
7chpE_antigen.pdb 7chpHL_antibody.pdb
Converting SMILES to graph: 88/500
7chsE_antigen.pdb 7chsHL_antibody.pdb
Converting SMILES to graph: 89/500
7chyI_antigen.pdb 7chyHL_antibody.pdb
Converting SMILES to graph: 90/500
7chzI_antigen.pdb 7chzHL_antibody.pdb
Converting SMILES to graph: 91/500
7cj2A_antigen.pdb 7cj2CD_antibody.pdb
Converting SMILES to graph: 92/500
7cjfC_antigen.pdb 7cjfAB_antibody.pdb
Converting SMILES to graph: 93/500
7ckwABG_antigen.pdb 7ckwN_antibody.pdb
Converting SMILES to graph: 94/500
7ckxABG_antigen.pdb 7ckxN_antibody.pdb
Converting SMILES to graph: 95/500
7ckyABG_antigen.pdb 7ckyN_antibody.pdb
Converting SMILES to graph: 96/500
7ckzABG_antigen.pdb 7ckzN_antibody.pdb
Converting SMILES to graph: 97/500
7cm4A_antigen.pdb 7cm4HL_antibody.pdb
Converting SMILES to graph: 98/500
7cmkAC_antigen.pdb 7cmkHL_antibody.pdb
Converting SMILES to graph: 99/500
7cmuAB_antigen.pdb 7cmuEe_antibody.pdb
Converting SMILES to graph: 100/500
7cmvAB_antigen.pdb 7cmvEe_antibody.pdb
Converting SMILES to graph: 101/500
7cn2E_antigen.pdb 7cn2Gg_antibody.pdb
Converting SMILES to graph: 102/500
7coeA_antigen.pdb 7coeHL_antibody.pdb
Converting SMILES to graph: 103/500
7cqcA_antigen.pdb 7cqcHL_antibody.pdb
Converting SMILES to graph: 104/500
7cqdB_antigen.pdb 7cqdIM_antibody.pdb
Converting SMILES to graph: 105/500
7cr5A_antigen.pdb 7cr5HL_antibody.pdb
Converting SMILES to graph: 106/500
7crhAB_antigen.pdb 7crhN_antibody.pdb
Converting SMILES to graph: 107/500
7cthCA_antigen.pdb 7cthHL_antibody.pdb
Converting SMILES to graph: 108/500
7ctuF_antigen.pdb 7ctuDE_antibody.pdb
Converting SMILES to graph: 109/500
7cu4F_antigen.pdb 7cu4DE_antibody.pdb
Converting SMILES to graph: 110/500
7cu5Q_antigen.pdb 7cu5Aa_antibody.pdb
Converting SMILES to graph: 111/500
7cvsA_antigen.pdb 7cvsCD_antibody.pdb
Converting SMILES to graph: 112/500
7cvtB_antigen.pdb 7cvtEF_antibody.pdb
Converting SMILES to graph: 113/500
7cvyL_antigen.pdb 7cvyNO_antibody.pdb
Converting SMILES to graph: 114/500
7cvzHG_antigen.pdb 7cvzQR_antibody.pdb
Converting SMILES to graph: 115/500
7cw0ED_antigen.pdb 7cw0OP_antibody.pdb
Converting SMILES to graph: 116/500
7cw2ED_antigen.pdb 7cw2UT_antibody.pdb
Converting SMILES to graph: 117/500
7cw3FE_antigen.pdb 7cw3qr_antibody.pdb
Converting SMILES to graph: 118/500
7cwlC_antigen.pdb 7cwlIK_antibody.pdb
Converting SMILES to graph: 119/500
7cwmA_antigen.pdb 7cwmHL_antibody.pdb
Converting SMILES to graph: 120/500
7cwnB_antigen.pdb 7cwnKI_antibody.pdb
Converting SMILES to graph: 121/500
7cwoA_antigen.pdb 7cwoHL_antibody.pdb
Converting SMILES to graph: 122/500
7cwsR_antigen.pdb 7cwsPM_antibody.pdb
Converting SMILES to graph: 123/500
7cwtC_antigen.pdb 7cwtIJ_antibody.pdb
Converting SMILES to graph: 124/500
7cwuB_antigen.pdb 7cwuNG_antibody.pdb
Converting SMILES to graph: 125/500
7cx2AB_antigen.pdb 7cx2N_antibody.pdb
Converting SMILES to graph: 126/500
7cx3AB_antigen.pdb 7cx3N_antibody.pdb
Converting SMILES to graph: 127/500
7cx4AB_antigen.pdb 7cx4N_antibody.pdb
Converting SMILES to graph: 128/500
7cyhA_antigen.pdb 7cyhED_antibody.pdb
Converting SMILES to graph: 129/500
7cypA_antigen.pdb 7cypED_antibody.pdb
Converting SMILES to graph: 130/500
7cyvB_antigen.pdb 7cyvHh_antibody.pdb
Converting SMILES to graph: 131/500
7cz0C_antigen.pdb 7cz0G_antibody.pdb
Converting SMILES to graph: 132/500
7cz5AB_antigen.pdb 7cz5N_antibody.pdb
Converting SMILES to graph: 133/500
7czdB_antigen.pdb 7czdA_antibody.pdb
Converting SMILES to graph: 134/500
7czpC_antigen.pdb 7czpJN_antibody.pdb
Converting SMILES to graph: 135/500
7czqC_antigen.pdb 7czqJN_antibody.pdb
Converting SMILES to graph: 136/500
7czrA_antigen.pdb 7czrHK_antibody.pdb
Converting SMILES to graph: 137/500
7czsB_antigen.pdb 7czsIM_antibody.pdb
Converting SMILES to graph: 138/500
7cztC_antigen.pdb 7cztIM_antibody.pdb
Converting SMILES to graph: 139/500
7czuA_antigen.pdb 7czuHK_antibody.pdb
Converting SMILES to graph: 140/500
7czvA_antigen.pdb 7czvHK_antibody.pdb
Converting SMILES to graph: 141/500
7czwA_antigen.pdb 7czwHL_antibody.pdb
Converting SMILES to graph: 142/500
7czxB_antigen.pdb 7czxIM_antibody.pdb
Converting SMILES to graph: 143/500
7czyA_antigen.pdb 7czyHK_antibody.pdb
Converting SMILES to graph: 144/500
7czzB_antigen.pdb 7czzIM_antibody.pdb
Converting SMILES to graph: 145/500
7d00C_antigen.pdb 7d00JN_antibody.pdb
Converting SMILES to graph: 146/500
7d03A_antigen.pdb 7d03HL_antibody.pdb
Converting SMILES to graph: 147/500
7d0bA_antigen.pdb 7d0bHL_antibody.pdb
Converting SMILES to graph: 148/500
7d0cC_antigen.pdb 7d0cGF_antibody.pdb
Converting SMILES to graph: 149/500
7d0dA_antigen.pdb 7d0dHL_antibody.pdb
Converting SMILES to graph: 150/500
7d2zB_antigen.pdb 7d2zA_antibody.pdb
Converting SMILES to graph: 151/500
7d30B_antigen.pdb 7d30A_antibody.pdb
Converting SMILES to graph: 152/500
7d3k2_antigen.pdb 7d3kHL_antibody.pdb
Converting SMILES to graph: 153/500
7d3l2_antigen.pdb 7d3lHL_antibody.pdb
Converting SMILES to graph: 154/500
7d3m13_antigen.pdb 7d3mHL_antibody.pdb
Converting SMILES to graph: 155/500
7d3r13_antigen.pdb 7d3rHL_antibody.pdb
Converting SMILES to graph: 156/500
7d3sABG_antigen.pdb 7d3sN_antibody.pdb
Converting SMILES to graph: 157/500
7d4bA_antigen.pdb 7d4bB_antibody.pdb
Converting SMILES to graph: 158/500
7d4gB_antigen.pdb 7d4gNG_antibody.pdb
Converting SMILES to graph: 159/500
7d5bA_antigen.pdb 7d5bD_antibody.pdb
Converting SMILES to graph: 160/500
7d5pA_antigen.pdb 7d5pC_antibody.pdb
Converting SMILES to graph: 161/500
7d5qB_antigen.pdb 7d5qD_antibody.pdb
Converting SMILES to graph: 162/500
7d5uA_antigen.pdb 7d5uD_antibody.pdb
Converting SMILES to graph: 163/500
7d5zM_antigen.pdb 7d5zPO_antibody.pdb
Converting SMILES to graph: 164/500
7d68AB_antigen.pdb 7d68N_antibody.pdb
Converting SMILES to graph: 165/500
7d6iA_antigen.pdb 7d6iBC_antibody.pdb
Converting SMILES to graph: 166/500
7d6yA_antigen.pdb 7d6yB_antibody.pdb
Converting SMILES to graph: 167/500
7d77AB_antigen.pdb 7d77Ss_antibody.pdb
Converting SMILES to graph: 168/500
7d7mDB_antigen.pdb 7d7mE_antibody.pdb
Converting SMILES to graph: 169/500
7d85A_antigen.pdb 7d85BC_antibody.pdb
Converting SMILES to graph: 170/500
7d8bA_antigen.pdb 7d8bB_antibody.pdb
Converting SMILES to graph: 171/500
7daaA_antigen.pdb 7daaHL_antibody.pdb
Converting SMILES to graph: 172/500
7db6AB_antigen.pdb 7db6Ee_antibody.pdb
Converting SMILES to graph: 173/500
7dc8C_antigen.pdb 7dc8BA_antibody.pdb
Converting SMILES to graph: 174/500
7dccE_antigen.pdb 7dccDH_antibody.pdb
Converting SMILES to graph: 175/500
7dceBX_antigen.pdb 7dceHL_antibody.pdb
Converting SMILES to graph: 176/500
7dcxD_antigen.pdb 7dcxBG_antibody.pdb
Converting SMILES to graph: 177/500
7dd2KD_antigen.pdb 7dd2EH_antibody.pdb
Converting SMILES to graph: 178/500
7dd8CD_antigen.pdb 7dd8AB_antibody.pdb
Converting SMILES to graph: 179/500
7deoB_antigen.pdb 7deoAa_antibody.pdb
Converting SMILES to graph: 180/500
7detC_antigen.pdb 7detDd_antibody.pdb
Converting SMILES to graph: 181/500
7deuA_antigen.pdb 7deuBb_antibody.pdb
Converting SMILES to graph: 182/500
7df1D_antigen.pdb 7df1HL_antibody.pdb
Converting SMILES to graph: 183/500
7df9AV_antigen.pdb 7df9HL_antibody.pdb
Converting SMILES to graph: 184/500
7dfaAV_antigen.pdb 7dfaHL_antibody.pdb
Converting SMILES to graph: 185/500
7dfbAV_antigen.pdb 7dfbHL_antibody.pdb
Converting SMILES to graph: 186/500
7dfcAV_antigen.pdb 7dfcHL_antibody.pdb
Converting SMILES to graph: 187/500
7dflAB_antigen.pdb 7dflCc_antibody.pdb
Converting SMILES to graph: 188/500
7dfpA_antigen.pdb 7dfpCB_antibody.pdb
Converting SMILES to graph: 189/500
7dgeA_antigen.pdb 7dgeC_antibody.pdb
Converting SMILES to graph: 190/500
7dh5AB_antigen.pdb 7dh5N_antibody.pdb
Converting SMILES to graph: 191/500
7dhaA_antigen.pdb 7dhaCB_antibody.pdb
Converting SMILES to graph: 192/500
7dhiAB_antigen.pdb 7dhiN_antibody.pdb
Converting SMILES to graph: 193/500
7dhrABG_antigen.pdb 7dhrN_antibody.pdb
Converting SMILES to graph: 194/500
7djzC_antigen.pdb 7djzAB_antibody.pdb
Converting SMILES to graph: 195/500
7dk0C_antigen.pdb 7dk0AB_antibody.pdb
Converting SMILES to graph: 196/500
7dk2F_antigen.pdb 7dk2DE_antibody.pdb
Converting SMILES to graph: 197/500
7dk4A_antigen.pdb 7dk4ab_antibody.pdb
Converting SMILES to graph: 198/500
7dk5A_antigen.pdb 7dk5ab_antibody.pdb
Converting SMILES to graph: 199/500
7dk6A_antigen.pdb 7dk6ab_antibody.pdb
Converting SMILES to graph: 200/500
7dk7A_antigen.pdb 7dk7ab_antibody.pdb
Converting SMILES to graph: 201/500
7dkjA_antigen.pdb 7dkjCD_antibody.pdb
Converting SMILES to graph: 202/500
7dm1A_antigen.pdb 7dm1DC_antibody.pdb
Converting SMILES to graph: 203/500
7dm2A_antigen.pdb 7dm2HL_antibody.pdb
Converting SMILES to graph: 204/500
7dnhEA_antigen.pdb 7dnhHL_antibody.pdb
Converting SMILES to graph: 205/500
7dnkDACE_antigen.pdb 7dnkHL_antibody.pdb
Converting SMILES to graph: 206/500
7dnlBA_antigen.pdb 7dnlHL_antibody.pdb
Converting SMILES to graph: 207/500
7dohI_antigen.pdb 7dohHL_antibody.pdb
Converting SMILES to graph: 208/500
7dpmC_antigen.pdb 7dpmAB_antibody.pdb
Converting SMILES to graph: 209/500
7dq7B_antigen.pdb 7dq7HL_antibody.pdb
Converting SMILES to graph: 210/500
7dr4K_antigen.pdb 7dr4HL_antibody.pdb
Converting SMILES to graph: 211/500
7dss13_antigen.pdb 7dssA_antibody.pdb
Converting SMILES to graph: 212/500
7dstC_antigen.pdb 7dstE_antibody.pdb
Converting SMILES to graph: 213/500
7dtyABG_antigen.pdb 7dtyN_antibody.pdb
Converting SMILES to graph: 214/500
7duoB_antigen.pdb 7duoHL_antibody.pdb
Converting SMILES to graph: 215/500
7duqAB_antigen.pdb 7duqN_antibody.pdb
Converting SMILES to graph: 216/500
7durAB_antigen.pdb 7durN_antibody.pdb
Converting SMILES to graph: 217/500
7dv4G_antigen.pdb 7dv4H_antibody.pdb
Converting SMILES to graph: 218/500
7dw9A_antigen.pdb 7dw9Ss_antibody.pdb
Converting SMILES to graph: 219/500
7dwtA_antigen.pdb 7dwtHL_antibody.pdb
Converting SMILES to graph: 220/500
7dwuA_antigen.pdb 7dwuHL_antibody.pdb
Converting SMILES to graph: 221/500
7dx4E_antigen.pdb 7dx4HL_antibody.pdb
Converting SMILES to graph: 222/500
7dzxC_antigen.pdb 7dzxHL_antibody.pdb
Converting SMILES to graph: 223/500
7dzyA_antigen.pdb 7dzyOP_antibody.pdb
Converting SMILES to graph: 224/500
7e14AB_antigen.pdb 7e14N_antibody.pdb
Converting SMILES to graph: 225/500
7e23A_antigen.pdb 7e23BC_antibody.pdb
Converting SMILES to graph: 226/500
7e32AB_antigen.pdb 7e32Ee_antibody.pdb
Converting SMILES to graph: 227/500
7e33AB_antigen.pdb 7e33Ee_antibody.pdb
Converting SMILES to graph: 228/500
7e39A_antigen.pdb 7e39CB_antibody.pdb
Converting SMILES to graph: 229/500
7e3bA_antigen.pdb 7e3bBC_antibody.pdb
Converting SMILES to graph: 230/500
7e3cA_antigen.pdb 7e3cBC_antibody.pdb
Converting SMILES to graph: 231/500
7e3kB_antigen.pdb 7e3kFG_antibody.pdb
Converting SMILES to graph: 232/500
7e3lC_antigen.pdb 7e3lHL_antibody.pdb
Converting SMILES to graph: 233/500
7e3oR_antigen.pdb 7e3oHL_antibody.pdb
Converting SMILES to graph: 234/500
7e53A_antigen.pdb 7e53B_antibody.pdb
Converting SMILES to graph: 235/500
7e5oA_antigen.pdb 7e5oHL_antibody.pdb
Converting SMILES to graph: 236/500
7e5rA_antigen.pdb 7e5rLH_antibody.pdb
Converting SMILES to graph: 237/500
7e5sB_antigen.pdb 7e5sUQ_antibody.pdb
Converting SMILES to graph: 238/500
7e5yA_antigen.pdb 7e5yCB_antibody.pdb
Converting SMILES to graph: 239/500
7e6pA_antigen.pdb 7e6pHL_antibody.pdb
Converting SMILES to graph: 240/500
7e6uA_antigen.pdb 7e6uB_antibody.pdb
Converting SMILES to graph: 241/500
7e72E_antigen.pdb 7e72AB_antibody.pdb
Converting SMILES to graph: 242/500
7e7eB_antigen.pdb 7e7eCD_antibody.pdb
Converting SMILES to graph: 243/500
7e7xA_antigen.pdb 7e7xHL_antibody.pdb
Converting SMILES to graph: 244/500
7e7yE_antigen.pdb 7e7yCD_antibody.pdb
Converting SMILES to graph: 245/500
7e86C_antigen.pdb 7e86AB_antibody.pdb
Converting SMILES to graph: 246/500
7e88F_antigen.pdb 7e88DE_antibody.pdb
Converting SMILES to graph: 247/500
7e8cA_antigen.pdb 7e8cMJ_antibody.pdb
Converting SMILES to graph: 248/500
7e8fR_antigen.pdb 7e8fCB_antibody.pdb
Converting SMILES to graph: 249/500
7e8mE_antigen.pdb 7e8mHL_antibody.pdb
Converting SMILES to graph: 250/500
7e9bC_antigen.pdb 7e9bHL_antibody.pdb
Converting SMILES to graph: 251/500
7e9gAB_antigen.pdb 7e9gDd_antibody.pdb
Converting SMILES to graph: 252/500
7e9hAB_antigen.pdb 7e9hDd_antibody.pdb
Converting SMILES to graph: 253/500
7e9nA_antigen.pdb 7e9nHL_antibody.pdb
Converting SMILES to graph: 254/500
7e9oA_antigen.pdb 7e9oHL_antibody.pdb
Converting SMILES to graph: 255/500
7e9pB_antigen.pdb 7e9pHL_antibody.pdb
Converting SMILES to graph: 256/500
7e9qA_antigen.pdb 7e9qHL_antibody.pdb
Converting SMILES to graph: 257/500
7eaj13_antigen.pdb 7eajFL_antibody.pdb
Converting SMILES to graph: 258/500
7eakAC_antigen.pdb 7eakFL_antibody.pdb
Converting SMILES to graph: 259/500
7eamA_antigen.pdb 7eamHL_antibody.pdb
Converting SMILES to graph: 260/500
7eanA_antigen.pdb 7eanHL_antibody.pdb
Converting SMILES to graph: 261/500
7eb2AB_antigen.pdb 7eb2Nn_antibody.pdb
Converting SMILES to graph: 262/500
7ebrCA_antigen.pdb 7ebrEF_antibody.pdb
Converting SMILES to graph: 263/500
7ebzBAC_antigen.pdb 7ebzEF_antibody.pdb
Converting SMILES to graph: 264/500
7ec5BAC_antigen.pdb 7ec5EF_antibody.pdb
Converting SMILES to graph: 265/500
7ecyCA_antigen.pdb 7ecyEF_antibody.pdb
Converting SMILES to graph: 266/500
7eh5A_antigen.pdb 7eh5HL_antibody.pdb
Converting SMILES to graph: 267/500
7ej0AB_antigen.pdb 7ej0Hh_antibody.pdb
Converting SMILES to graph: 268/500
7ej4C_antigen.pdb 7ej4JN_antibody.pdb
Converting SMILES to graph: 269/500
7ej5C_antigen.pdb 7ej5JN_antibody.pdb
Converting SMILES to graph: 270/500
7ej8AB_antigen.pdb 7ej8Hh_antibody.pdb
Converting SMILES to graph: 271/500
7ejaAB_antigen.pdb 7ejaHh_antibody.pdb
Converting SMILES to graph: 272/500
7ejkAB_antigen.pdb 7ejkHh_antibody.pdb
Converting SMILES to graph: 273/500
7ejxAB_antigen.pdb 7ejxSs_antibody.pdb
Converting SMILES to graph: 274/500
7ejyR_antigen.pdb 7ejyHL_antibody.pdb
Converting SMILES to graph: 275/500
7ejzR_antigen.pdb 7ejzHL_antibody.pdb
Converting SMILES to graph: 276/500
7ek0R_antigen.pdb 7ek0HL_antibody.pdb
Converting SMILES to graph: 277/500
7ekbP_antigen.pdb 7ekbHL_antibody.pdb
Converting SMILES to graph: 278/500
7ekkP_antigen.pdb 7ekkHL_antibody.pdb
Converting SMILES to graph: 279/500
7elxC_antigen.pdb 7elxHL_antibody.pdb
Converting SMILES to graph: 280/500
7enfB_antigen.pdb 7enfPO_antibody.pdb
Converting SMILES to graph: 281/500
7engB_antigen.pdb 7engHL_antibody.pdb
Converting SMILES to graph: 282/500
7eo03_antigen.pdb 7eo0HL_antibody.pdb
Converting SMILES to graph: 283/500
7eo2BC_antigen.pdb 7eo2Ee_antibody.pdb
Converting SMILES to graph: 284/500
7eo4BC_antigen.pdb 7eo4Ee_antibody.pdb
Converting SMILES to graph: 285/500
7eowA_antigen.pdb 7eowB_antibody.pdb
Converting SMILES to graph: 286/500
7epbA_antigen.pdb 7epbC_antibody.pdb
Converting SMILES to graph: 287/500
7eptAB_antigen.pdb 7eptN_antibody.pdb
Converting SMILES to graph: 288/500
7epuB_antigen.pdb 7epuAa_antibody.pdb
Converting SMILES to graph: 289/500
7epxA_antigen.pdb 7epxHL_antibody.pdb
Converting SMILES to graph: 290/500
7eq1AYB_antigen.pdb 7eq1Ss_antibody.pdb
Converting SMILES to graph: 291/500
7euoAB_antigen.pdb 7euoSs_antibody.pdb
Converting SMILES to graph: 292/500
7evmAB_antigen.pdb 7evmN_antibody.pdb
Converting SMILES to graph: 293/500
7evwACB_antigen.pdb 7evwN_antibody.pdb
Converting SMILES to graph: 294/500
7evyAB_antigen.pdb 7evyEe_antibody.pdb
Converting SMILES to graph: 295/500
7evzAB_antigen.pdb 7evzEe_antibody.pdb
Converting SMILES to graph: 296/500
7ew0AB_antigen.pdb 7ew0Ee_antibody.pdb
Converting SMILES to graph: 297/500
7ew1DB_antigen.pdb 7ew1Ee_antibody.pdb
Converting SMILES to graph: 298/500
7ew2ACB_antigen.pdb 7ew2Ss_antibody.pdb
Converting SMILES to graph: 299/500
7ew3ACB_antigen.pdb 7ew3Ss_antibody.pdb
Converting SMILES to graph: 300/500
7ew4AB_antigen.pdb 7ew4Ss_antibody.pdb
Converting SMILES to graph: 301/500
7ew5b_antigen.pdb 7ew5QR_antibody.pdb
Converting SMILES to graph: 302/500
7ew7AB_antigen.pdb 7ew7Ee_antibody.pdb
Converting SMILES to graph: 303/500
7exdABG_antigen.pdb 7exdEe_antibody.pdb
Converting SMILES to graph: 304/500
7ey0R_antigen.pdb 7ey0AB_antibody.pdb
Converting SMILES to graph: 305/500
7ey4RN_antigen.pdb 7ey4HL_antibody.pdb
Converting SMILES to graph: 306/500
7ey5A_antigen.pdb 7ey5BC_antibody.pdb
Converting SMILES to graph: 307/500
7eyaR_antigen.pdb 7eyaHL_antibody.pdb
Converting SMILES to graph: 308/500
7eycQ_antigen.pdb 7eycAB_antibody.pdb
Converting SMILES to graph: 309/500
7ezhAB_antigen.pdb 7ezhHh_antibody.pdb
Converting SMILES to graph: 310/500
7ezmAB_antigen.pdb 7ezmHh_antibody.pdb
Converting SMILES to graph: 311/500
7ezvA_antigen.pdb 7ezvMN_antibody.pdb
Converting SMILES to graph: 312/500
7f0tABD_antigen.pdb 7f0tE_antibody.pdb
Converting SMILES to graph: 313/500
7f0xA_antigen.pdb 7f0xBb_antibody.pdb
Converting SMILES to graph: 314/500
7f12A_antigen.pdb 7f12Bb_antibody.pdb
Converting SMILES to graph: 315/500
7f15A_antigen.pdb 7f15Bb_antibody.pdb
Converting SMILES to graph: 316/500
7f16AB_antigen.pdb 7f16N_antibody.pdb
Converting SMILES to graph: 317/500
7f1gA_antigen.pdb 7f1gD_antibody.pdb
Converting SMILES to graph: 318/500
7f1oAB_antigen.pdb 7f1oE_antibody.pdb
Converting SMILES to graph: 319/500
7f23AB_antigen.pdb 7f23E_antibody.pdb
Converting SMILES to graph: 320/500
7f2oAB_antigen.pdb 7f2oSs_antibody.pdb
Converting SMILES to graph: 321/500
7f3qA_antigen.pdb 7f3qHL_antibody.pdb
Converting SMILES to graph: 322/500
7f46BC_antigen.pdb 7f46HL_antibody.pdb
Converting SMILES to graph: 323/500
7f4dAB_antigen.pdb 7f4dN_antibody.pdb
Converting SMILES to graph: 324/500
7f4fAB_antigen.pdb 7f4fSs_antibody.pdb
Converting SMILES to graph: 325/500
7f4hAB_antigen.pdb 7f4hN_antibody.pdb
Converting SMILES to graph: 326/500
7f4iAB_antigen.pdb 7f4iN_antibody.pdb
Converting SMILES to graph: 327/500
7f53AB_antigen.pdb 7f53N_antibody.pdb
Converting SMILES to graph: 328/500
7f54AB_antigen.pdb 7f54N_antibody.pdb
Converting SMILES to graph: 329/500
7f55AB_antigen.pdb 7f55N_antibody.pdb
Converting SMILES to graph: 330/500
7f58AB_antigen.pdb 7f58N_antibody.pdb
Converting SMILES to graph: 331/500
7f5gA_antigen.pdb 7f5gB_antibody.pdb
Converting SMILES to graph: 332/500
7f5hB_antigen.pdb 7f5hD_antibody.pdb
Converting SMILES to graph: 333/500
7f62A_antigen.pdb 7f62HL_antibody.pdb
Converting SMILES to graph: 334/500
7f63A_antigen.pdb 7f63HL_antibody.pdb
Converting SMILES to graph: 335/500
7f6yR_antigen.pdb 7f6yHL_antibody.pdb
Converting SMILES to graph: 336/500
7f6zR_antigen.pdb 7f6zHL_antibody.pdb
Converting SMILES to graph: 337/500
7f7eE_antigen.pdb 7f7eCL_antibody.pdb
Converting SMILES to graph: 338/500
7f7hF_antigen.pdb 7f7hCD_antibody.pdb
Converting SMILES to graph: 339/500
7f8wBAC_antigen.pdb 7f8wDd_antibody.pdb
Converting SMILES to graph: 340/500
7f9wA_antigen.pdb 7f9wBC_antibody.pdb
Converting SMILES to graph: 341/500
7f9yABG_antigen.pdb 7f9yN_antibody.pdb
Converting SMILES to graph: 342/500
7f9zA_antigen.pdb 7f9zEe_antibody.pdb
Converting SMILES to graph: 343/500
7faeA_antigen.pdb 7faeHL_antibody.pdb
Converting SMILES to graph: 344/500
7fafB_antigen.pdb 7fafgf_antibody.pdb
Converting SMILES to graph: 345/500
7fahA_antigen.pdb 7fahHL_antibody.pdb
Converting SMILES to graph: 346/500
7fatA_antigen.pdb 7fatB_antibody.pdb
Converting SMILES to graph: 347/500
7fauA_antigen.pdb 7fauB_antibody.pdb
Converting SMILES to graph: 348/500
7fbiA_antigen.pdb 7fbiHL_antibody.pdb
Converting SMILES to graph: 349/500
7fciA_antigen.pdb 7fciHL_antibody.pdb
Converting SMILES to graph: 350/500
7fcpA_antigen.pdb 7fcpHL_antibody.pdb
Converting SMILES to graph: 351/500
7fcqA_antigen.pdb 7fcqHL_antibody.pdb
Converting SMILES to graph: 352/500
7fei21_antigen.pdb 7feiHL_antibody.pdb
Converting SMILES to graph: 353/500
7fej21_antigen.pdb 7fejHL_antibody.pdb
Converting SMILES to graph: 354/500
7fg2A_antigen.pdb 7fg2D_antibody.pdb
Converting SMILES to graph: 355/500
7fg3A_antigen.pdb 7fg3D_antibody.pdb
Converting SMILES to graph: 356/500
7fgjC_antigen.pdb 7fgjHL_antibody.pdb
Converting SMILES to graph: 357/500
7fglC_antigen.pdb 7fglHL_antibody.pdb
Converting SMILES to graph: 358/500
7fgrC_antigen.pdb 7fgrHL_antibody.pdb
Converting SMILES to graph: 359/500
7fh0A_antigen.pdb 7fh0B_antibody.pdb
Converting SMILES to graph: 360/500
7figABG_antigen.pdb 7figN_antibody.pdb
Converting SMILES to graph: 361/500
7fimAB_antigen.pdb 7fimN_antibody.pdb
Converting SMILES to graph: 362/500
7finABG_antigen.pdb 7finN_antibody.pdb
Converting SMILES to graph: 363/500
7fiyAB_antigen.pdb 7fiyN_antibody.pdb
Converting SMILES to graph: 364/500
7fjcE_antigen.pdb 7fjcHL_antibody.pdb
Converting SMILES to graph: 365/500
7fjnA_antigen.pdb 7fjnIJ_antibody.pdb
Converting SMILES to graph: 366/500
7fjoA_antigen.pdb 7fjoHL_antibody.pdb
Converting SMILES to graph: 367/500
7fjsB_antigen.pdb 7fjsCA_antibody.pdb
Converting SMILES to graph: 368/500
7jgjA_antigen.pdb 7jgjHL_antibody.pdb
Converting SMILES to graph: 369/500
7jhgA_antigen.pdb 7jhgHL_antibody.pdb
Converting SMILES to graph: 370/500
7jhhA_antigen.pdb 7jhhHL_antibody.pdb
Converting SMILES to graph: 371/500
7jhjAB_antigen.pdb 7jhjDd_antibody.pdb
Converting SMILES to graph: 372/500
7jieB_antigen.pdb 7jieCD_antibody.pdb
Converting SMILES to graph: 373/500
7jixA_antigen.pdb 7jixHL_antibody.pdb
Converting SMILES to graph: 374/500
7jjoAB_antigen.pdb 7jjoN_antibody.pdb
Converting SMILES to graph: 375/500
7jksG_antigen.pdb 7jksHL_antibody.pdb
Converting SMILES to graph: 376/500
7jktG_antigen.pdb 7jktHL_antibody.pdb
Converting SMILES to graph: 377/500
7jmoA_antigen.pdb 7jmoHL_antibody.pdb
Converting SMILES to graph: 378/500
7jmpA_antigen.pdb 7jmpHL_antibody.pdb
Converting SMILES to graph: 379/500
7jmwA_antigen.pdb 7jmwHL_antibody.pdb
Converting SMILES to graph: 380/500
7jn5F_antigen.pdb 7jn5HL_antibody.pdb
Converting SMILES to graph: 381/500
7jooC_antigen.pdb 7jooHL_antibody.pdb
Converting SMILES to graph: 382/500
7jozAB_antigen.pdb 7jozN_antibody.pdb
Converting SMILES to graph: 383/500
7jr7BA_antigen.pdb 7jr7CD_antibody.pdb
Converting SMILES to graph: 384/500
7jtfE_antigen.pdb 7jtfAB_antibody.pdb
Converting SMILES to graph: 385/500
7jtgE_antigen.pdb 7jtgAB_antibody.pdb
Converting SMILES to graph: 386/500
7jtiA_antigen.pdb 7jtiHL_antibody.pdb
Converting SMILES to graph: 387/500
7jtrG_antigen.pdb 7jtrHh_antibody.pdb
Converting SMILES to graph: 388/500
7jumB_antigen.pdb 7jumIi_antibody.pdb
Converting SMILES to graph: 389/500
7jv2A_antigen.pdb 7jv2HL_antibody.pdb
Converting SMILES to graph: 390/500
7jv4C_antigen.pdb 7jv4FG_antibody.pdb
Converting SMILES to graph: 391/500
7jv5ABG_antigen.pdb 7jv5N_antibody.pdb
Converting SMILES to graph: 392/500
7jv6E_antigen.pdb 7jv6FG_antibody.pdb
Converting SMILES to graph: 393/500
7jvaA_antigen.pdb 7jvaHL_antibody.pdb
Converting SMILES to graph: 394/500
7jvbA_antigen.pdb 7jvbC_antibody.pdb
Converting SMILES to graph: 395/500
7jvcA_antigen.pdb 7jvcHL_antibody.pdb
Converting SMILES to graph: 396/500
7jvpABG_antigen.pdb 7jvpN_antibody.pdb
Converting SMILES to graph: 397/500
7jvqABG_antigen.pdb 7jvqN_antibody.pdb
Converting SMILES to graph: 398/500
7jvrACB_antigen.pdb 7jvrEe_antibody.pdb
Converting SMILES to graph: 399/500
7jw0B_antigen.pdb 7jw0DC_antibody.pdb
Converting SMILES to graph: 400/500
7jwbAB_antigen.pdb 7jwbD_antibody.pdb
Converting SMILES to graph: 401/500
7jwgE_antigen.pdb 7jwgAB_antibody.pdb
Converting SMILES to graph: 402/500
7jwpV_antigen.pdb 7jwpKL_antibody.pdb
Converting SMILES to graph: 403/500
7jwqV_antigen.pdb 7jwqAB_antibody.pdb
Converting SMILES to graph: 404/500
7jx3R_antigen.pdb 7jx3HL_antibody.pdb
Converting SMILES to graph: 405/500
7k37CD_antigen.pdb 7k37JI_antibody.pdb
Converting SMILES to graph: 406/500
7k39CD_antigen.pdb 7k39JI_antibody.pdb
Converting SMILES to graph: 407/500
7k3aEF_antigen.pdb 7k3aLK_antibody.pdb
Converting SMILES to graph: 408/500
7k3bEF_antigen.pdb 7k3bLK_antibody.pdb
Converting SMILES to graph: 409/500
7k43B_antigen.pdb 7k43CD_antibody.pdb
Converting SMILES to graph: 410/500
7k45B_antigen.pdb 7k45HL_antibody.pdb
Converting SMILES to graph: 411/500
7k4nB_antigen.pdb 7k4nCD_antibody.pdb
Converting SMILES to graph: 412/500
7k5xGFH_antigen.pdb 7k5xNn_antibody.pdb
Converting SMILES to graph: 413/500
7k5yCBD_antigen.pdb 7k5yMm_antibody.pdb
Converting SMILES to graph: 414/500
7k60CBD_antigen.pdb 7k60Mm_antibody.pdb
Converting SMILES to graph: 415/500
7k61CBD_antigen.pdb 7k61Mm_antibody.pdb
Converting SMILES to graph: 416/500
7k63GFH_antigen.pdb 7k63Nn_antibody.pdb
Converting SMILES to graph: 417/500
7k65A_antigen.pdb 7k65B_antibody.pdb
Converting SMILES to graph: 418/500
7k66A_antigen.pdb 7k66BC_antibody.pdb
Converting SMILES to graph: 419/500
7k75E_antigen.pdb 7k75AB_antibody.pdb
Converting SMILES to graph: 420/500
7k76P_antigen.pdb 7k76HL_antibody.pdb
Converting SMILES to graph: 421/500
7k78CDB_antigen.pdb 7k78Kk_antibody.pdb
Converting SMILES to graph: 422/500
7k7hACG_antigen.pdb 7k7hHL_antibody.pdb
Converting SMILES to graph: 423/500
7k7iE_antigen.pdb 7k7iXY_antibody.pdb
Converting SMILES to graph: 424/500
7k7rF_antigen.pdb 7k7rED_antibody.pdb
Converting SMILES to graph: 425/500
7k7yB_antigen.pdb 7k7yC_antibody.pdb
Converting SMILES to graph: 426/500
7k84A_antigen.pdb 7k84B_antibody.pdb
Converting SMILES to graph: 427/500
7k8mE_antigen.pdb 7k8mAB_antibody.pdb
Converting SMILES to graph: 428/500
7k8sA_antigen.pdb 7k8sHL_antibody.pdb
Converting SMILES to graph: 429/500
7k8tA_antigen.pdb 7k8tOP_antibody.pdb
Converting SMILES to graph: 430/500
7k8uAB_antigen.pdb 7k8uHL_antibody.pdb
Converting SMILES to graph: 431/500
7k8vC_antigen.pdb 7k8vMN_antibody.pdb
Converting SMILES to graph: 432/500
7k8wG_antigen.pdb 7k8wNS_antibody.pdb
Converting SMILES to graph: 433/500
7k8xBC_antigen.pdb 7k8xDF_antibody.pdb
Converting SMILES to graph: 434/500
7k8yBD_antigen.pdb 7k8yGI_antibody.pdb
Converting SMILES to graph: 435/500
7k8zC_antigen.pdb 7k8zMN_antibody.pdb
Converting SMILES to graph: 436/500
7k90A_antigen.pdb 7k90MN_antibody.pdb
Converting SMILES to graph: 437/500
7k93D_antigen.pdb 7k93Kk_antibody.pdb
Converting SMILES to graph: 438/500
7k9hBA_antigen.pdb 7k9hHL_antibody.pdb
Converting SMILES to graph: 439/500
7k9iA_antigen.pdb 7k9iHL_antibody.pdb
Converting SMILES to graph: 440/500
7k9jA_antigen.pdb 7k9jHL_antibody.pdb
Converting SMILES to graph: 441/500
7k9kA_antigen.pdb 7k9kHL_antibody.pdb
Converting SMILES to graph: 442/500
7k9zE_antigen.pdb 7k9zHL_antibody.pdb
Converting SMILES to graph: 443/500
7kbbEC_antigen.pdb 7kbbAB_antibody.pdb
Converting SMILES to graph: 444/500
7kbiAB_antigen.pdb 7kbiC_antibody.pdb
Converting SMILES to graph: 445/500
7kbkAB_antigen.pdb 7kbkC_antibody.pdb
Converting SMILES to graph: 446/500
7kbtA_antigen.pdb 7kbtEF_antibody.pdb
Converting SMILES to graph: 447/500
7kc1BA_antigen.pdb 7kc1HL_antibody.pdb
Converting SMILES to graph: 448/500
7kc9ED_antigen.pdb 7kc9F_antibody.pdb
Converting SMILES to graph: 449/500
7kcrCAE_antigen.pdb 7kcrHL_antibody.pdb
Converting SMILES to graph: 450/500
7kd0BA_antigen.pdb 7kd0C_antibody.pdb
Converting SMILES to graph: 451/500
7kd2BA_antigen.pdb 7kd2C_antibody.pdb
Converting SMILES to graph: 452/500
7kd6Q_antigen.pdb 7kd6OP_antibody.pdb
Converting SMILES to graph: 453/500
7kddA_antigen.pdb 7kddDE_antibody.pdb
Converting SMILES to graph: 454/500
7kdeG_antigen.pdb 7kdeHL_antibody.pdb
Converting SMILES to graph: 455/500
7kdmBA_antigen.pdb 7kdmC_antibody.pdb
Converting SMILES to graph: 456/500
7kduBA_antigen.pdb 7kduC_antibody.pdb
Converting SMILES to graph: 457/500
7kejB_antigen.pdb 7kejHK_antibody.pdb
Converting SMILES to graph: 458/500
7keoHG_antigen.pdb 7keoEF_antibody.pdb
Converting SMILES to graph: 459/500
7ketC_antigen.pdb 7ketAB_antibody.pdb
Converting SMILES to graph: 460/500
7kewA_antigen.pdb 7kewGJ_antibody.pdb
Converting SMILES to graph: 461/500
7kexA_antigen.pdb 7kexGJ_antibody.pdb
Converting SMILES to graph: 462/500
7kezV_antigen.pdb 7kezHL_antibody.pdb
Converting SMILES to graph: 463/500
7kf0C_antigen.pdb 7kf0AB_antibody.pdb
Converting SMILES to graph: 464/500
7kf1F_antigen.pdb 7kf1DE_antibody.pdb
Converting SMILES to graph: 465/500
7kf9A_antigen.pdb 7kf9GJ_antibody.pdb
Converting SMILES to graph: 466/500
7kfbC_antigen.pdb 7kfbIL_antibody.pdb
Converting SMILES to graph: 467/500
7kfeB_antigen.pdb 7kfeGI_antibody.pdb
Converting SMILES to graph: 468/500
7kfhA_antigen.pdb 7kfhGJ_antibody.pdb
Converting SMILES to graph: 469/500
7kfvE_antigen.pdb 7kfvFG_antibody.pdb
Converting SMILES to graph: 470/500
7kfwB_antigen.pdb 7kfwCD_antibody.pdb
Converting SMILES to graph: 471/500
7kfxA_antigen.pdb 7kfxHL_antibody.pdb
Converting SMILES to graph: 472/500
7kfyA_antigen.pdb 7kfyHL_antibody.pdb
Converting SMILES to graph: 473/500
7kgjA_antigen.pdb 7kgjB_antibody.pdb
Converting SMILES to graph: 474/500
7kgkA_antigen.pdb 7kgkB_antibody.pdb
Converting SMILES to graph: 475/500
7kgvB_antigen.pdb 7kgvCE_antibody.pdb
Converting SMILES to graph: 476/500
7kh0AB_antigen.pdb 7kh0N_antibody.pdb
Converting SMILES to graph: 477/500
7ki0ABG_antigen.pdb 7ki0N_antibody.pdb
Converting SMILES to graph: 478/500
7ki1ABG_antigen.pdb 7ki1N_antibody.pdb
Converting SMILES to graph: 479/500
7ki4A_antigen.pdb 7ki4HL_antibody.pdb
Converting SMILES to graph: 480/500
7ki6A_antigen.pdb 7ki6HL_antibody.pdb
Converting SMILES to graph: 481/500
7kjhD_antigen.pdb 7kjhB_antibody.pdb
Converting SMILES to graph: 482/500
7kjiB_antigen.pdb 7kjiA_antibody.pdb
Converting SMILES to graph: 483/500
7kkkA_antigen.pdb 7kkkB_antibody.pdb
Converting SMILES to graph: 484/500
7kklC_antigen.pdb 7kklE_antibody.pdb
Converting SMILES to graph: 485/500
7klcA_antigen.pdb 7klcHL_antibody.pdb
Converting SMILES to graph: 486/500
7klgB_antigen.pdb 7klgIM_antibody.pdb
Converting SMILES to graph: 487/500
7klhA_antigen.pdb 7klhHL_antibody.pdb
Converting SMILES to graph: 488/500
7klwA_antigen.pdb 7klwB_antibody.pdb
Converting SMILES to graph: 489/500
7km5A_antigen.pdb 7km5D_antibody.pdb
Converting SMILES to graph: 490/500
7kmdT_antigen.pdb 7kmdAE_antibody.pdb
Converting SMILES to graph: 491/500
7kmgC_antigen.pdb 7kmgAB_antibody.pdb
Converting SMILES to graph: 492/500
7kmhC_antigen.pdb 7kmhAB_antibody.pdb
Converting SMILES to graph: 493/500
7kmiC_antigen.pdb 7kmiAB_antibody.pdb
Converting SMILES to graph: 494/500
7kmkA_antigen.pdb 7kmkHL_antibody.pdb
Converting SMILES to graph: 495/500
7kmlC_antigen.pdb 7kmlJN_antibody.pdb
Converting SMILES to graph: 496/500
7kn3B_antigen.pdb 7kn3MN_antibody.pdb
Converting SMILES to graph: 497/500
7kn4B_antigen.pdb 7kn4MN_antibody.pdb
Converting SMILES to graph: 498/500
7kn5A_antigen.pdb 7kn5C_antibody.pdb
Converting SMILES to graph: 499/500
7kn6A_antigen.pdb 7kn6C_antibody.pdb
Converting SMILES to graph: 500/500
7kn7A_antigen.pdb 7kn7HL_antibody.pdb
Graph construction done. Saving to file.
