Converting SMILES to graph: 1/500
6pzeA_antigen.pdb 6pzeHL_antibody.pdb
Converting SMILES to graph: 2/500
6pzfA_antigen.pdb 6pzfHL_antibody.pdb
Converting SMILES to graph: 3/500
6pzwC_antigen.pdb 6pzwFE_antibody.pdb
Converting SMILES to graph: 4/500
6pzyF_antigen.pdb 6pzyIL_antibody.pdb
Converting SMILES to graph: 5/500
6pzzD_antigen.pdb 6pzzKJ_antibody.pdb
Converting SMILES to graph: 6/500
6q0eA_antigen.pdb 6q0eHL_antibody.pdb
Converting SMILES to graph: 7/500
6q0hA_antigen.pdb 6q0hHL_antibody.pdb
Converting SMILES to graph: 8/500
6q0iA_antigen.pdb 6q0iHL_antibody.pdb
Converting SMILES to graph: 9/500
6q0lA_antigen.pdb 6q0lHL_antibody.pdb
Converting SMILES to graph: 10/500
6q0oA_antigen.pdb 6q0oZB_antibody.pdb
Converting SMILES to graph: 11/500
6q18A_antigen.pdb 6q18HL_antibody.pdb
Converting SMILES to graph: 12/500
6q1zA_antigen.pdb 6q1zHL_antibody.pdb
Converting SMILES to graph: 13/500
6q20A_antigen.pdb 6q20HL_antibody.pdb
Converting SMILES to graph: 14/500
6q23A_antigen.pdb 6q23HL_antibody.pdb
Converting SMILES to graph: 15/500
6q6zA_antigen.pdb 6q6zB_antibody.pdb
Converting SMILES to graph: 16/500
6qb3A_antigen.pdb 6qb3Xx_antibody.pdb
Converting SMILES to graph: 17/500
6qb4A_antigen.pdb 6qb4Xx_antibody.pdb
Converting SMILES to graph: 18/500
6qb6A_antigen.pdb 6qb6HL_antibody.pdb
Converting SMILES to graph: 19/500
6qd7FE_antigen.pdb 6qd7XZ_antibody.pdb
Converting SMILES to graph: 20/500
6qd8FE_antigen.pdb 6qd8HL_antibody.pdb
Converting SMILES to graph: 21/500
6qeeA_antigen.pdb 6qeeCB_antibody.pdb
Converting SMILES to graph: 22/500
6qexA_antigen.pdb 6qexCB_antibody.pdb
Converting SMILES to graph: 23/500
6qfaB_antigen.pdb 6qfaK_antibody.pdb
Converting SMILES to graph: 24/500
6qfcA_antigen.pdb 6qfcBb_antibody.pdb
Converting SMILES to graph: 25/500
6qgwA_antigen.pdb 6qgwB_antibody.pdb
Converting SMILES to graph: 26/500
6qgxA_antigen.pdb 6qgxB_antibody.pdb
Converting SMILES to graph: 27/500
6qgyA_antigen.pdb 6qgyB_antibody.pdb
Converting SMILES to graph: 28/500
6qigA_antigen.pdb 6qigHL_antibody.pdb
Converting SMILES to graph: 29/500
6qnoABG_antigen.pdb 6qnoHL_antibody.pdb
Converting SMILES to graph: 30/500
6qpgAB_antigen.pdb 6qpgM_antibody.pdb
Converting SMILES to graph: 31/500
6qtlH_antigen.pdb 6qtlB_antibody.pdb
Converting SMILES to graph: 32/500
6qupA_antigen.pdb 6qupB_antibody.pdb
Converting SMILES to graph: 33/500
6quzBA_antigen.pdb 6quzE_antibody.pdb
Converting SMILES to graph: 34/500
6qv0DC_antigen.pdb 6qv0F_antibody.pdb
Converting SMILES to graph: 35/500
6qv1BA_antigen.pdb 6qv1E_antibody.pdb
Converting SMILES to graph: 36/500
6qv2D_antigen.pdb 6qv2F_antibody.pdb
Converting SMILES to graph: 37/500
6qx3AB_antigen.pdb 6qx3O_antibody.pdb
Converting SMILES to graph: 38/500
6qx4A_antigen.pdb 6qx4D_antibody.pdb
Converting SMILES to graph: 39/500
6qxeEF_antigen.pdb 6qxeM_antibody.pdb
Converting SMILES to graph: 40/500
6r0xF_antigen.pdb 6r0xCD_antibody.pdb
Converting SMILES to graph: 41/500
6r2sC_antigen.pdb 6r2sBA_antibody.pdb
Converting SMILES to graph: 42/500
6r7tB_antigen.pdb 6r7tA_antibody.pdb
Converting SMILES to graph: 43/500
6r8xA_antigen.pdb 6r8xCB_antibody.pdb
Converting SMILES to graph: 44/500
6rafB_antigen.pdb 6rafC_antibody.pdb
Converting SMILES to graph: 45/500
6ragB_antigen.pdb 6ragC_antibody.pdb
Converting SMILES to graph: 46/500
6rahB_antigen.pdb 6rahC_antibody.pdb
Converting SMILES to graph: 47/500
6raiB_antigen.pdb 6raiC_antibody.pdb
Converting SMILES to graph: 48/500
6rajB_antigen.pdb 6rajC_antibody.pdb
Converting SMILES to graph: 49/500
6rakB_antigen.pdb 6rakC_antibody.pdb
Converting SMILES to graph: 50/500
6ralB_antigen.pdb 6ralC_antibody.pdb
Converting SMILES to graph: 51/500
6ramB_antigen.pdb 6ramC_antibody.pdb
Converting SMILES to graph: 52/500
6ranB_antigen.pdb 6ranC_antibody.pdb
Converting SMILES to graph: 53/500
6rcuA_antigen.pdb 6rcuED_antibody.pdb
Converting SMILES to graph: 54/500
6rcvF_antigen.pdb 6rcvJI_antibody.pdb
Converting SMILES to graph: 55/500
6rloJ_antigen.pdb 6rloCD_antibody.pdb
Converting SMILES to graph: 56/500
6rnkA_antigen.pdb 6rnkB_antibody.pdb
Converting SMILES to graph: 57/500
6rp8c_antigen.pdb 6rp8hl_antibody.pdb
Converting SMILES to graph: 58/500
6rpjA_antigen.pdb 6rpjB_antibody.pdb
Converting SMILES to graph: 59/500
6rpsB_antigen.pdb 6rpsNM_antibody.pdb
Converting SMILES to graph: 60/500
6rqmA_antigen.pdb 6rqmB_antibody.pdb
Converting SMILES to graph: 61/500
6rtwA_antigen.pdb 6rtwB_antibody.pdb
Converting SMILES to graph: 62/500
6rtyA_antigen.pdb 6rtyB_antibody.pdb
Converting SMILES to graph: 63/500
6ru5BA_antigen.pdb 6ru5C_antibody.pdb
Converting SMILES to graph: 64/500
6ruvYX_antigen.pdb 6ruvR_antibody.pdb
Converting SMILES to graph: 65/500
6rvcC_antigen.pdb 6rvcF_antibody.pdb
Converting SMILES to graph: 66/500
6s0yC_antigen.pdb 6s0yA_antibody.pdb
Converting SMILES to graph: 67/500
6s3dM_antigen.pdb 6s3dCD_antibody.pdb
Converting SMILES to graph: 68/500
6s3tA_antigen.pdb 6s3tNM_antibody.pdb
Converting SMILES to graph: 69/500
6s5aDA_antigen.pdb 6s5aHL_antibody.pdb
Converting SMILES to graph: 70/500
6s8dE_antigen.pdb 6s8dYU_antibody.pdb
Converting SMILES to graph: 71/500
6s8iC_antigen.pdb 6s8iPO_antibody.pdb
Converting SMILES to graph: 72/500
6s8jE_antigen.pdb 6s8jYU_antibody.pdb
Converting SMILES to graph: 73/500
6sc5A_antigen.pdb 6sc5C_antibody.pdb
Converting SMILES to graph: 74/500
6sc6A_antigen.pdb 6sc6B_antibody.pdb
Converting SMILES to graph: 75/500
6sc7A_antigen.pdb 6sc7C_antibody.pdb
Converting SMILES to graph: 76/500
6sc8A_antigen.pdb 6sc8B_antibody.pdb
Converting SMILES to graph: 77/500
6sc9A_antigen.pdb 6sc9B_antibody.pdb
Converting SMILES to graph: 78/500
6sf6D_antigen.pdb 6sf6AB_antibody.pdb
Converting SMILES to graph: 79/500
6sgeA_antigen.pdb 6sgeD_antibody.pdb
Converting SMILES to graph: 80/500
6shgB_antigen.pdb 6shgHL_antibody.pdb
Converting SMILES to graph: 81/500
6sncC_antigen.pdb 6sncBA_antibody.pdb
Converting SMILES to graph: 82/500
6sndP_antigen.pdb 6sndHL_antibody.pdb
Converting SMILES to graph: 83/500
6sneP_antigen.pdb 6sneHL_antibody.pdb
Converting SMILES to graph: 84/500
6snhX_antigen.pdb 6snhHL_antibody.pdb
Converting SMILES to graph: 85/500
6sniX_antigen.pdb 6sniHL_antibody.pdb
Converting SMILES to graph: 86/500
6ss2A_antigen.pdb 6ss2HL_antibody.pdb
Converting SMILES to graph: 87/500
6ss4A_antigen.pdb 6ss4HL_antibody.pdb
Converting SMILES to graph: 88/500
6ss6B_antigen.pdb 6ss6IM_antibody.pdb
Converting SMILES to graph: 89/500
6ssiC_antigen.pdb 6ssiH_antibody.pdb
Converting SMILES to graph: 90/500
6sspHGFIJ_antigen.pdb 6sspL_antibody.pdb
Converting SMILES to graph: 91/500
6suzA_antigen.pdb 6suzHL_antibody.pdb
Converting SMILES to graph: 92/500
6sv2A_antigen.pdb 6sv2HL_antibody.pdb
Converting SMILES to graph: 93/500
6svlR_antigen.pdb 6svlOP_antibody.pdb
Converting SMILES to graph: 94/500
6t3fF_antigen.pdb 6t3fHL_antibody.pdb
Converting SMILES to graph: 95/500
6t3jE_antigen.pdb 6t3jCD_antibody.pdb
Converting SMILES to graph: 96/500
6t9dD_antigen.pdb 6t9dAB_antibody.pdb
Converting SMILES to graph: 97/500
6t9eC_antigen.pdb 6t9eAB_antibody.pdb
Converting SMILES to graph: 98/500
6tejB_antigen.pdb 6tejC_antibody.pdb
Converting SMILES to graph: 99/500
6tggP_antigen.pdb 6tggHh_antibody.pdb
Converting SMILES to graph: 100/500
6tkoBA_antigen.pdb 6tkoHL_antibody.pdb
Converting SMILES to graph: 101/500
6tnpH_antigen.pdb 6tnpBA_antibody.pdb
Converting SMILES to graph: 102/500
6touG_antigen.pdb 6touAa_antibody.pdb
Converting SMILES to graph: 103/500
6txzC_antigen.pdb 6txzJN_antibody.pdb
Converting SMILES to graph: 104/500
6tybG_antigen.pdb 6tybHL_antibody.pdb
Converting SMILES to graph: 105/500
6tylF_antigen.pdb 6tylH_antibody.pdb
Converting SMILES to graph: 106/500
6tysB_antigen.pdb 6tysCD_antibody.pdb
Converting SMILES to graph: 107/500
6u02A_antigen.pdb 6u02HL_antibody.pdb
Converting SMILES to graph: 108/500
6u0lB_antigen.pdb 6u0lIJ_antibody.pdb
Converting SMILES to graph: 109/500
6u0nA_antigen.pdb 6u0nHL_antibody.pdb
Converting SMILES to graph: 110/500
6u12A_antigen.pdb 6u12B_antibody.pdb
Converting SMILES to graph: 111/500
6u1nCR_antigen.pdb 6u1nHL_antibody.pdb
Converting SMILES to graph: 112/500
6u2fA_antigen.pdb 6u2fHL_antibody.pdb
Converting SMILES to graph: 113/500
6u36B_antigen.pdb 6u36HL_antibody.pdb
Converting SMILES to graph: 114/500
6u38B_antigen.pdb 6u38HL_antibody.pdb
Converting SMILES to graph: 115/500
6u3iA_antigen.pdb 6u3iHL_antibody.pdb
Converting SMILES to graph: 116/500
6u51D_antigen.pdb 6u51A_antibody.pdb
Converting SMILES to graph: 117/500
6u52D_antigen.pdb 6u52C_antibody.pdb
Converting SMILES to graph: 118/500
6u54B_antigen.pdb 6u54A_antibody.pdb
Converting SMILES to graph: 119/500
6u55B_antigen.pdb 6u55A_antibody.pdb
Converting SMILES to graph: 120/500
6u59A_antigen.pdb 6u59HL_antibody.pdb
Converting SMILES to graph: 121/500
6u6uR_antigen.pdb 6u6uHL_antibody.pdb
Converting SMILES to graph: 122/500
6u9sC_antigen.pdb 6u9sAB_antibody.pdb
Converting SMILES to graph: 123/500
6ubiF_antigen.pdb 6ubiDE_antibody.pdb
Converting SMILES to graph: 124/500
6uc6A_antigen.pdb 6uc6C_antibody.pdb
Converting SMILES to graph: 125/500
6uceC_antigen.pdb 6uceHL_antibody.pdb
Converting SMILES to graph: 126/500
6ucfA_antigen.pdb 6ucfHL_antibody.pdb
Converting SMILES to graph: 127/500
6udaI_antigen.pdb 6udaKL_antibody.pdb
Converting SMILES to graph: 128/500
6udjJ_antigen.pdb 6udjHI_antibody.pdb
Converting SMILES to graph: 129/500
6udkR_antigen.pdb 6udkMN_antibody.pdb
Converting SMILES to graph: 130/500
6uftA_antigen.pdb 6uftB_antibody.pdb
Converting SMILES to graph: 131/500
6uhtB_antigen.pdb 6uhtD_antibody.pdb
Converting SMILES to graph: 132/500
6ui1A_antigen.pdb 6ui1C_antibody.pdb
Converting SMILES to graph: 133/500
6uigA_antigen.pdb 6uigBC_antibody.pdb
Converting SMILES to graph: 134/500
6uj9AC_antigen.pdb 6uj9HL_antibody.pdb
Converting SMILES to graph: 135/500
6ujbBA_antigen.pdb 6ujbEF_antibody.pdb
Converting SMILES to graph: 136/500
6ujcBA_antigen.pdb 6ujcEF_antibody.pdb
Converting SMILES to graph: 137/500
6ukjA_antigen.pdb 6ukjHL_antibody.pdb
Converting SMILES to graph: 138/500
6uktB_antigen.pdb 6uktF_antibody.pdb
Converting SMILES to graph: 139/500
6ul4A_antigen.pdb 6ul4B_antibody.pdb
Converting SMILES to graph: 140/500
6ul6A_antigen.pdb 6ul6C_antibody.pdb
Converting SMILES to graph: 141/500
6ulcAE_antigen.pdb 6ulcHL_antibody.pdb
Converting SMILES to graph: 142/500
6uleI_antigen.pdb 6uleAB_antibody.pdb
Converting SMILES to graph: 143/500
6ulfPK_antigen.pdb 6ulfAB_antibody.pdb
Converting SMILES to graph: 144/500
6um5A_antigen.pdb 6um5CD_antibody.pdb
Converting SMILES to graph: 145/500
6um6I_antigen.pdb 6um6KL_antibody.pdb
Converting SMILES to graph: 146/500
6um7A_antigen.pdb 6um7JK_antibody.pdb
Converting SMILES to graph: 147/500
6umgCR_antigen.pdb 6umgHL_antibody.pdb
Converting SMILES to graph: 148/500
6umxA_antigen.pdb 6umxHL_antibody.pdb
Converting SMILES to graph: 149/500
6uoeP_antigen.pdb 6uoeHL_antibody.pdb
Converting SMILES to graph: 150/500
6uqrD_antigen.pdb 6uqrCc_antibody.pdb
Converting SMILES to graph: 151/500
6ur5C_antigen.pdb 6ur5AB_antibody.pdb
Converting SMILES to graph: 152/500
6urhC_antigen.pdb 6urhHL_antibody.pdb
Converting SMILES to graph: 153/500
6urmF_antigen.pdb 6urmHL_antibody.pdb
Converting SMILES to graph: 154/500
6usfD_antigen.pdb 6usfHL_antibody.pdb
Converting SMILES to graph: 155/500
6utaC_antigen.pdb 6utaAB_antibody.pdb
Converting SMILES to graph: 156/500
6uteS_antigen.pdb 6uteCD_antibody.pdb
Converting SMILES to graph: 157/500
6utkT_antigen.pdb 6utkDE_antibody.pdb
Converting SMILES to graph: 158/500
6uudA_antigen.pdb 6uudHL_antibody.pdb
Converting SMILES to graph: 159/500
6uunAB_antigen.pdb 6uunN_antibody.pdb
Converting SMILES to graph: 160/500
6uusAB_antigen.pdb 6uusN_antibody.pdb
Converting SMILES to graph: 161/500
6uvaAB_antigen.pdb 6uvaN_antibody.pdb
Converting SMILES to graph: 162/500
6uvoD_antigen.pdb 6uvoHL_antibody.pdb
Converting SMILES to graph: 163/500
6uydE_antigen.pdb 6uydHL_antibody.pdb
Converting SMILES to graph: 164/500
6uyeA_antigen.pdb 6uyeGJ_antibody.pdb
Converting SMILES to graph: 165/500
6uyfE_antigen.pdb 6uyfHL_antibody.pdb
Converting SMILES to graph: 166/500
6uygE_antigen.pdb 6uygHL_antibody.pdb
Converting SMILES to graph: 167/500
6uymE_antigen.pdb 6uymHL_antibody.pdb
Converting SMILES to graph: 168/500
6uynBA_antigen.pdb 6uynHL_antibody.pdb
Converting SMILES to graph: 169/500
6v4nM_antigen.pdb 6v4nCG_antibody.pdb
Converting SMILES to graph: 170/500
6v4oI_antigen.pdb 6v4oAB_antibody.pdb
Converting SMILES to graph: 171/500
6v4pBA_antigen.pdb 6v4pCD_antibody.pdb
Converting SMILES to graph: 172/500
6v6wT_antigen.pdb 6v6wDE_antibody.pdb
Converting SMILES to graph: 173/500
6v7yA_antigen.pdb 6v7yF_antibody.pdb
Converting SMILES to graph: 174/500
6v7zCD_antigen.pdb 6v7zE_antibody.pdb
Converting SMILES to graph: 175/500
6v80AC_antigen.pdb 6v80E_antibody.pdb
Converting SMILES to graph: 176/500
6v8xE_antigen.pdb 6v8xGH_antibody.pdb
Converting SMILES to graph: 177/500
6v8zA_antigen.pdb 6v8zCF_antibody.pdb
Converting SMILES to graph: 178/500
6vbgA_antigen.pdb 6vbgC_antibody.pdb
Converting SMILES to graph: 179/500
6vboC_antigen.pdb 6vboHL_antibody.pdb
Converting SMILES to graph: 180/500
6vbpK_antigen.pdb 6vbpJI_antibody.pdb
Converting SMILES to graph: 181/500
6vbqJ_antigen.pdb 6vbqEF_antibody.pdb
Converting SMILES to graph: 182/500
6vc9A_antigen.pdb 6vc9HL_antibody.pdb
Converting SMILES to graph: 183/500
6vcaA_antigen.pdb 6vcaEF_antibody.pdb
Converting SMILES to graph: 184/500
6vcbAB_antigen.pdb 6vcbN_antibody.pdb
Converting SMILES to graph: 185/500
6velC_antigen.pdb 6velHL_antibody.pdb
Converting SMILES to graph: 186/500
6vepQ_antigen.pdb 6vepOP_antibody.pdb
Converting SMILES to graph: 187/500
6veqK_antigen.pdb 6veqIJ_antibody.pdb
Converting SMILES to graph: 188/500
6vgrA_antigen.pdb 6vgrCD_antibody.pdb
Converting SMILES to graph: 189/500
6vi0G_antigen.pdb 6vi0HL_antibody.pdb
Converting SMILES to graph: 190/500
6vi1N_antigen.pdb 6vi1BA_antibody.pdb
Converting SMILES to graph: 191/500
6vi4B_antigen.pdb 6vi4C_antibody.pdb
Converting SMILES to graph: 192/500
6vjaC_antigen.pdb 6vjaHL_antibody.pdb
Converting SMILES to graph: 193/500
6vjnGF_antigen.pdb 6vjnHL_antibody.pdb
Converting SMILES to graph: 194/500
6vjtP_antigen.pdb 6vjtHL_antibody.pdb
Converting SMILES to graph: 195/500
6vknDB_antigen.pdb 6vknIK_antibody.pdb
Converting SMILES to graph: 196/500
6vl8C_antigen.pdb 6vl8HL_antibody.pdb
Converting SMILES to graph: 197/500
6vlnPK_antigen.pdb 6vlnHL_antibody.pdb
Converting SMILES to graph: 198/500
6vlrH_antigen.pdb 6vlrDK_antibody.pdb
Converting SMILES to graph: 199/500
6vlwG_antigen.pdb 6vlwHL_antibody.pdb
Converting SMILES to graph: 200/500
6vmjY_antigen.pdb 6vmjFE_antibody.pdb
Converting SMILES to graph: 201/500
6vmkm_antigen.pdb 6vmklk_antibody.pdb
Converting SMILES to graph: 202/500
6vmsAB_antigen.pdb 6vmsEe_antibody.pdb
Converting SMILES to graph: 203/500
6vn0FD_antigen.pdb 6vn0IK_antibody.pdb
Converting SMILES to graph: 204/500
6vn1C_antigen.pdb 6vn1JN_antibody.pdb
Converting SMILES to graph: 205/500
6vn7AB_antigen.pdb 6vn7N_antibody.pdb
Converting SMILES to graph: 206/500
6vo0A_antigen.pdb 6vo0HL_antibody.pdb
Converting SMILES to graph: 207/500
6vo1C_antigen.pdb 6vo1GJ_antibody.pdb
Converting SMILES to graph: 208/500
6vo3D_antigen.pdb 6vo3IK_antibody.pdb
Converting SMILES to graph: 209/500
6vpxDCB_antigen.pdb 6vpxPQ_antibody.pdb
Converting SMILES to graph: 210/500
6vrhA_antigen.pdb 6vrhBC_antibody.pdb
Converting SMILES to graph: 211/500
6vrkA_antigen.pdb 6vrkBC_antibody.pdb
Converting SMILES to graph: 212/500
6vrlA_antigen.pdb 6vrlBC_antibody.pdb
Converting SMILES to graph: 213/500
6vryG_antigen.pdb 6vryHL_antibody.pdb
Converting SMILES to graph: 214/500
6vttGFE_antigen.pdb 6vttHL_antibody.pdb
Converting SMILES to graph: 215/500
6vtwA_antigen.pdb 6vtwHL_antibody.pdb
Converting SMILES to graph: 216/500
6vugB_antigen.pdb 6vugDC_antibody.pdb
Converting SMILES to graph: 217/500
6vvuB_antigen.pdb 6vvuJK_antibody.pdb
Converting SMILES to graph: 218/500
6vx4FG_antigen.pdb 6vx4HK_antibody.pdb
Converting SMILES to graph: 219/500
6vy2A_antigen.pdb 6vy2HL_antibody.pdb
Converting SMILES to graph: 220/500
6vy4B_antigen.pdb 6vy4CD_antibody.pdb
Converting SMILES to graph: 221/500
6vy5A_antigen.pdb 6vy5HL_antibody.pdb
Converting SMILES to graph: 222/500
6vy6A_antigen.pdb 6vy6HL_antibody.pdb
Converting SMILES to graph: 223/500
6vyhA_antigen.pdb 6vyhDC_antibody.pdb
Converting SMILES to graph: 224/500
6vyvE_antigen.pdb 6vyvKO_antibody.pdb
Converting SMILES to graph: 225/500
6vziB_antigen.pdb 6vziDE_antibody.pdb
Converting SMILES to graph: 226/500
6w00P_antigen.pdb 6w00HL_antibody.pdb
Converting SMILES to graph: 227/500
6w03G_antigen.pdb 6w03HL_antibody.pdb
Converting SMILES to graph: 228/500
6w05P_antigen.pdb 6w05HL_antibody.pdb
Converting SMILES to graph: 229/500
6w09G_antigen.pdb 6w09KO_antibody.pdb
Converting SMILES to graph: 230/500
6w0aC_antigen.pdb 6w0aAB_antibody.pdb
Converting SMILES to graph: 231/500
6w0bC_antigen.pdb 6w0bAB_antibody.pdb
Converting SMILES to graph: 232/500
6w0cC_antigen.pdb 6w0cAB_antibody.pdb
Converting SMILES to graph: 233/500
6w0dC_antigen.pdb 6w0dAB_antibody.pdb
Converting SMILES to graph: 234/500
6w0eC_antigen.pdb 6w0eAB_antibody.pdb
Converting SMILES to graph: 235/500
6w0fC_antigen.pdb 6w0fAB_antibody.pdb
Converting SMILES to graph: 236/500
6w0gC_antigen.pdb 6w0gAB_antibody.pdb
Converting SMILES to graph: 237/500
6w0hC_antigen.pdb 6w0hAB_antibody.pdb
Converting SMILES to graph: 238/500
6w0iC_antigen.pdb 6w0iAB_antibody.pdb
Converting SMILES to graph: 239/500
6w0jC_antigen.pdb 6w0jAB_antibody.pdb
Converting SMILES to graph: 240/500
6w16F_antigen.pdb 6w16HL_antibody.pdb
Converting SMILES to graph: 241/500
6w1cG_antigen.pdb 6w1cJN_antibody.pdb
Converting SMILES to graph: 242/500
6w2bA_antigen.pdb 6w2bBC_antibody.pdb
Converting SMILES to graph: 243/500
6w2cA_antigen.pdb 6w2cBC_antibody.pdb
Converting SMILES to graph: 244/500
6w41C_antigen.pdb 6w41HL_antibody.pdb
Converting SMILES to graph: 245/500
6w4mGN_antigen.pdb 6w4mHL_antibody.pdb
Converting SMILES to graph: 246/500
6w4sF_antigen.pdb 6w4sHL_antibody.pdb
Converting SMILES to graph: 247/500
6w51DF_antigen.pdb 6w51OP_antibody.pdb
Converting SMILES to graph: 248/500
6w52BA_antigen.pdb 6w52HL_antibody.pdb
Converting SMILES to graph: 249/500
6w7sA_antigen.pdb 6w7sHL_antibody.pdb
Converting SMILES to graph: 250/500
6waqD_antigen.pdb 6waqC_antibody.pdb
Converting SMILES to graph: 251/500
6warC_antigen.pdb 6warD_antibody.pdb
Converting SMILES to graph: 252/500
6wasJ_antigen.pdb 6wasHL_antibody.pdb
Converting SMILES to graph: 253/500
6wbvA_antigen.pdb 6wbvHL_antibody.pdb
Converting SMILES to graph: 254/500
6wdsCAB_antigen.pdb 6wdsHL_antibody.pdb
Converting SMILES to graph: 255/500
6wdtACB_antigen.pdb 6wdtHL_antibody.pdb
Converting SMILES to graph: 256/500
6weqB_antigen.pdb 6weqGH_antibody.pdb
Converting SMILES to graph: 257/500
6werB_antigen.pdb 6werEF_antibody.pdb
Converting SMILES to graph: 258/500
6wexFE_antigen.pdb 6wexHL_antibody.pdb
Converting SMILES to graph: 259/500
6wezBA_antigen.pdb 6wezHL_antibody.pdb
Converting SMILES to graph: 260/500
6wf0BA_antigen.pdb 6wf0HL_antibody.pdb
Converting SMILES to graph: 261/500
6wf1BA_antigen.pdb 6wf1HL_antibody.pdb
Converting SMILES to graph: 262/500
6wfxP_antigen.pdb 6wfxHL_antibody.pdb
Converting SMILES to graph: 263/500
6wfyP_antigen.pdb 6wfyHL_antibody.pdb
Converting SMILES to graph: 264/500
6wfzP_antigen.pdb 6wfzHL_antibody.pdb
Converting SMILES to graph: 265/500
6wg0P_antigen.pdb 6wg0HL_antibody.pdb
Converting SMILES to graph: 266/500
6wg1C_antigen.pdb 6wg1HL_antibody.pdb
Converting SMILES to graph: 267/500
6wg2P_antigen.pdb 6wg2HL_antibody.pdb
Converting SMILES to graph: 268/500
6wglC_antigen.pdb 6wglAB_antibody.pdb
Converting SMILES to graph: 269/500
6wh9D_antigen.pdb 6wh9EF_antibody.pdb
Converting SMILES to graph: 270/500
6whaBC_antigen.pdb 6whaEe_antibody.pdb
Converting SMILES to graph: 271/500
6whcAB_antigen.pdb 6whcN_antibody.pdb
Converting SMILES to graph: 272/500
6whkA_antigen.pdb 6whkCB_antibody.pdb
Converting SMILES to graph: 273/500
6wi9AB_antigen.pdb 6wi9N_antibody.pdb
Converting SMILES to graph: 274/500
6wikA_antigen.pdb 6wikDC_antibody.pdb
Converting SMILES to graph: 275/500
6wioC_antigen.pdb 6wioAB_antibody.pdb
Converting SMILES to graph: 276/500
6wirC_antigen.pdb 6wirAB_antibody.pdb
Converting SMILES to graph: 277/500
6witI_antigen.pdb 6witHL_antibody.pdb
Converting SMILES to graph: 278/500
6wixB_antigen.pdb 6wixDE_antibody.pdb
Converting SMILES to graph: 279/500
6wizBA_antigen.pdb 6wizHL_antibody.pdb
Converting SMILES to graph: 280/500
6wj1DC_antigen.pdb 6wj1JK_antibody.pdb
Converting SMILES to graph: 281/500
6wjlG_antigen.pdb 6wjlHL_antibody.pdb
Converting SMILES to graph: 282/500
6wm9A_antigen.pdb 6wm9BC_antibody.pdb
Converting SMILES to graph: 283/500
6wmwB_antigen.pdb 6wmwHL_antibody.pdb
Converting SMILES to graph: 284/500
6wn1D_antigen.pdb 6wn1EF_antibody.pdb
Converting SMILES to graph: 285/500
6wn4C_antigen.pdb 6wn4AB_antibody.pdb
Converting SMILES to graph: 286/500
6wnoD_antigen.pdb 6wnoEF_antibody.pdb
Converting SMILES to graph: 287/500
6wo3E_antigen.pdb 6wo3HL_antibody.pdb
Converting SMILES to graph: 288/500
6wo4E_antigen.pdb 6wo4HL_antibody.pdb
Converting SMILES to graph: 289/500
6wo5F_antigen.pdb 6wo5CD_antibody.pdb
Converting SMILES to graph: 290/500
6woqF_antigen.pdb 6woqCD_antibody.pdb
Converting SMILES to graph: 291/500
6wozD_antigen.pdb 6wozEF_antibody.pdb
Converting SMILES to graph: 292/500
6wpsE_antigen.pdb 6wpsFG_antibody.pdb
Converting SMILES to graph: 293/500
6wptC_antigen.pdb 6wptHL_antibody.pdb
Converting SMILES to graph: 294/500
6wpwCDG_antigen.pdb 6wpwN_antibody.pdb
Converting SMILES to graph: 295/500
6wqoA_antigen.pdb 6wqoBC_antibody.pdb
Converting SMILES to graph: 296/500
6ws6A_antigen.pdb 6ws6CD_antibody.pdb
Converting SMILES to graph: 297/500
6wtuG_antigen.pdb 6wtuHI_antibody.pdb
Converting SMILES to graph: 298/500
6wtvG_antigen.pdb 6wtvHI_antibody.pdb
Converting SMILES to graph: 299/500
6wtyG_antigen.pdb 6wtyHI_antibody.pdb
Converting SMILES to graph: 300/500
6wvzM_antigen.pdb 6wvzHL_antibody.pdb
Converting SMILES to graph: 301/500
6ww2R_antigen.pdb 6ww2HL_antibody.pdb
Converting SMILES to graph: 302/500
6ww5A_antigen.pdb 6ww5EF_antibody.pdb
Converting SMILES to graph: 303/500
6wwcF_antigen.pdb 6wwcDH_antibody.pdb
Converting SMILES to graph: 304/500
6wwzAB_antigen.pdb 6wwzSs_antibody.pdb
Converting SMILES to graph: 305/500
6wx2C_antigen.pdb 6wx2AB_antibody.pdb
Converting SMILES to graph: 306/500
6wxlIG_antigen.pdb 6wxlKJ_antibody.pdb
Converting SMILES to graph: 307/500
6wzgABG_antigen.pdb 6wzgN_antibody.pdb
Converting SMILES to graph: 308/500
6wzjF_antigen.pdb 6wzjCD_antibody.pdb
Converting SMILES to graph: 309/500
6wzkE_antigen.pdb 6wzkAB_antibody.pdb
Converting SMILES to graph: 310/500
6wzlF_antigen.pdb 6wzlCD_antibody.pdb
Converting SMILES to graph: 311/500
6wzmF_antigen.pdb 6wzmCD_antibody.pdb
Converting SMILES to graph: 312/500
6wztA_antigen.pdb 6wztHL_antibody.pdb
Converting SMILES to graph: 313/500
6x04I_antigen.pdb 6x04J_antibody.pdb
Converting SMILES to graph: 314/500
6x05A_antigen.pdb 6x05K_antibody.pdb
Converting SMILES to graph: 315/500
6x06A_antigen.pdb 6x06K_antibody.pdb
Converting SMILES to graph: 316/500
6x07A_antigen.pdb 6x07B_antibody.pdb
Converting SMILES to graph: 317/500
6x08B_antigen.pdb 6x08K_antibody.pdb
Converting SMILES to graph: 318/500
6x18ABG_antigen.pdb 6x18N_antibody.pdb
Converting SMILES to graph: 319/500
6x19AB_antigen.pdb 6x19N_antibody.pdb
Converting SMILES to graph: 320/500
6x1aAB_antigen.pdb 6x1aN_antibody.pdb
Converting SMILES to graph: 321/500
6x1tM_antigen.pdb 6x1tHL_antibody.pdb
Converting SMILES to graph: 322/500
6x1vD_antigen.pdb 6x1vHL_antibody.pdb
Converting SMILES to graph: 323/500
6x1wA_antigen.pdb 6x1wHL_antibody.pdb
Converting SMILES to graph: 324/500
6x3sD_antigen.pdb 6x3sKL_antibody.pdb
Converting SMILES to graph: 325/500
6x3tB_antigen.pdb 6x3tJI_antibody.pdb
Converting SMILES to graph: 326/500
6x3uB_antigen.pdb 6x3uJI_antibody.pdb
Converting SMILES to graph: 327/500
6x3vB_antigen.pdb 6x3vJI_antibody.pdb
Converting SMILES to graph: 328/500
6x3wB_antigen.pdb 6x3wJI_antibody.pdb
Converting SMILES to graph: 329/500
6x3xB_antigen.pdb 6x3xJI_antibody.pdb
Converting SMILES to graph: 330/500
6x3zB_antigen.pdb 6x3zJI_antibody.pdb
Converting SMILES to graph: 331/500
6x40B_antigen.pdb 6x40JI_antibody.pdb
Converting SMILES to graph: 332/500
6x4tA_antigen.pdb 6x4tDF_antibody.pdb
Converting SMILES to graph: 333/500
6x58F_antigen.pdb 6x58CD_antibody.pdb
Converting SMILES to graph: 334/500
6x5bD_antigen.pdb 6x5bIF_antibody.pdb
Converting SMILES to graph: 335/500
6x78G_antigen.pdb 6x78HL_antibody.pdb
Converting SMILES to graph: 336/500
6x7wD_antigen.pdb 6x7wAC_antibody.pdb
Converting SMILES to graph: 337/500
6x87X_antigen.pdb 6x87EF_antibody.pdb
Converting SMILES to graph: 338/500
6x8pP_antigen.pdb 6x8pHL_antibody.pdb
Converting SMILES to graph: 339/500
6x8qP_antigen.pdb 6x8qHL_antibody.pdb
Converting SMILES to graph: 340/500
6x8sP_antigen.pdb 6x8sHL_antibody.pdb
Converting SMILES to graph: 341/500
6x8uP_antigen.pdb 6x8uHL_antibody.pdb
Converting SMILES to graph: 342/500
6x96G_antigen.pdb 6x96JK_antibody.pdb
Converting SMILES to graph: 343/500
6x97G_antigen.pdb 6x97JK_antibody.pdb
Converting SMILES to graph: 344/500
6x98C_antigen.pdb 6x98FE_antibody.pdb
Converting SMILES to graph: 345/500
6x9rAB_antigen.pdb 6x9rHL_antibody.pdb
Converting SMILES to graph: 346/500
6x9sAB_antigen.pdb 6x9sHL_antibody.pdb
Converting SMILES to graph: 347/500
6x9tAB_antigen.pdb 6x9tHL_antibody.pdb
Converting SMILES to graph: 348/500
6x9uAB_antigen.pdb 6x9uHL_antibody.pdb
Converting SMILES to graph: 349/500
6x9vBA_antigen.pdb 6x9vHL_antibody.pdb
Converting SMILES to graph: 350/500
6xbjAB_antigen.pdb 6xbjSs_antibody.pdb
Converting SMILES to graph: 351/500
6xbkAB_antigen.pdb 6xbkSs_antibody.pdb
Converting SMILES to graph: 352/500
6xblAB_antigen.pdb 6xblSs_antibody.pdb
Converting SMILES to graph: 353/500
6xbmAB_antigen.pdb 6xbmSs_antibody.pdb
Converting SMILES to graph: 354/500
6xc2Z_antigen.pdb 6xc2XY_antibody.pdb
Converting SMILES to graph: 355/500
6xc3C_antigen.pdb 6xc3HL_antibody.pdb
Converting SMILES to graph: 356/500
6xc4A_antigen.pdb 6xc4HL_antibody.pdb
Converting SMILES to graph: 357/500
6xc7A_antigen.pdb 6xc7CD_antibody.pdb
Converting SMILES to graph: 358/500
6xcjG_antigen.pdb 6xcjHL_antibody.pdb
Converting SMILES to graph: 359/500
6xcmC_antigen.pdb 6xcmHL_antibody.pdb
Converting SMILES to graph: 360/500
6xcnC_antigen.pdb 6xcnHL_antibody.pdb
Converting SMILES to graph: 361/500
6xdgE_antigen.pdb 6xdgBD_antibody.pdb
Converting SMILES to graph: 362/500
6xe1E_antigen.pdb 6xe1HL_antibody.pdb
Converting SMILES to graph: 363/500
6xeyC_antigen.pdb 6xeyJK_antibody.pdb
Converting SMILES to graph: 364/500
6xgcFE_antigen.pdb 6xgcIJ_antibody.pdb
Converting SMILES to graph: 365/500
6xkpB_antigen.pdb 6xkpMN_antibody.pdb
Converting SMILES to graph: 366/500
6xkqA_antigen.pdb 6xkqHL_antibody.pdb
Converting SMILES to graph: 367/500
6xkrP_antigen.pdb 6xkrHL_antibody.pdb
Converting SMILES to graph: 368/500
6xliE_antigen.pdb 6xliAB_antibody.pdb
Converting SMILES to graph: 369/500
6xlqD_antigen.pdb 6xlqEF_antibody.pdb
Converting SMILES to graph: 370/500
6xlzPA_antigen.pdb 6xlzHL_antibody.pdb
Converting SMILES to graph: 371/500
6xm2I_antigen.pdb 6xm2FE_antibody.pdb
Converting SMILES to graph: 372/500
6xmiF_antigen.pdb 6xmiED_antibody.pdb
Converting SMILES to graph: 373/500
6xobK_antigen.pdb 6xobST_antibody.pdb
Converting SMILES to graph: 374/500
6xoxA_antigen.pdb 6xoxEe_antibody.pdb
Converting SMILES to graph: 375/500
6xp6ACB_antigen.pdb 6xp6HG_antibody.pdb
Converting SMILES to graph: 376/500
6xpqA_antigen.pdb 6xpqBC_antibody.pdb
Converting SMILES to graph: 377/500
6xprA_antigen.pdb 6xprBC_antibody.pdb
Converting SMILES to graph: 378/500
6xpxA_antigen.pdb 6xpxBC_antibody.pdb
Converting SMILES to graph: 379/500
6xpyA_antigen.pdb 6xpyBC_antibody.pdb
Converting SMILES to graph: 380/500
6xpzA_antigen.pdb 6xpzBC_antibody.pdb
Converting SMILES to graph: 381/500
6xq0A_antigen.pdb 6xq0BC_antibody.pdb
Converting SMILES to graph: 382/500
6xq2D_antigen.pdb 6xq2FE_antibody.pdb
Converting SMILES to graph: 383/500
6xq4D_antigen.pdb 6xq4EF_antibody.pdb
Converting SMILES to graph: 384/500
6xqwE_antigen.pdb 6xqwHL_antibody.pdb
Converting SMILES to graph: 385/500
6xr0M_antigen.pdb 6xr0HL_antibody.pdb
Converting SMILES to graph: 386/500
6xrtGEF_antigen.pdb 6xrtHL_antibody.pdb
Converting SMILES to graph: 387/500
6xskBA_antigen.pdb 6xskIK_antibody.pdb
Converting SMILES to graph: 388/500
6xsnC_antigen.pdb 6xsnHL_antibody.pdb
Converting SMILES to graph: 389/500
6xswC_antigen.pdb 6xswAB_antibody.pdb
Converting SMILES to graph: 390/500
6xw4B_antigen.pdb 6xw4D_antibody.pdb
Converting SMILES to graph: 391/500
6xw5B_antigen.pdb 6xw5D_antibody.pdb
Converting SMILES to graph: 392/500
6xw6B_antigen.pdb 6xw6D_antibody.pdb
Converting SMILES to graph: 393/500
6xw7A_antigen.pdb 6xw7C_antibody.pdb
Converting SMILES to graph: 394/500
6xxvC_antigen.pdb 6xxvAB_antibody.pdb
Converting SMILES to graph: 395/500
6xy2A_antigen.pdb 6xy2HL_antibody.pdb
Converting SMILES to graph: 396/500
6xzfA_antigen.pdb 6xzfB_antibody.pdb
Converting SMILES to graph: 397/500
6xzuB_antigen.pdb 6xzuA_antibody.pdb
Converting SMILES to graph: 398/500
6xzwD_antigen.pdb 6xzwHL_antibody.pdb
Converting SMILES to graph: 399/500
6y6cB_antigen.pdb 6y6cCc_antibody.pdb
Converting SMILES to graph: 400/500
6y90B_antigen.pdb 6y90CD_antibody.pdb
Converting SMILES to graph: 401/500
6y92B_antigen.pdb 6y92CD_antibody.pdb
Converting SMILES to graph: 402/500
6y97AB_antigen.pdb 6y97HL_antibody.pdb
Converting SMILES to graph: 403/500
6y9aAB_antigen.pdb 6y9aHL_antibody.pdb
Converting SMILES to graph: 404/500
6y9bB_antigen.pdb 6y9bJN_antibody.pdb
Converting SMILES to graph: 405/500
6yaxB_antigen.pdb 6yaxIM_antibody.pdb
Converting SMILES to graph: 406/500
6ye3F_antigen.pdb 6ye3DE_antibody.pdb
Converting SMILES to graph: 407/500
6yioB_antigen.pdb 6yioHL_antibody.pdb
Converting SMILES to graph: 408/500
6ylaE_antigen.pdb 6ylaHL_antibody.pdb
Converting SMILES to graph: 409/500
6ym0E_antigen.pdb 6ym0HL_antibody.pdb
Converting SMILES to graph: 410/500
6ymqG_antigen.pdb 6ymqAa_antibody.pdb
Converting SMILES to graph: 411/500
6yo6BA_antigen.pdb 6yo6C_antibody.pdb
Converting SMILES to graph: 412/500
6yorA_antigen.pdb 6yorBC_antibody.pdb
Converting SMILES to graph: 413/500
6ysqB_antigen.pdb 6ysqD_antibody.pdb
Converting SMILES to graph: 414/500
6yu8A_antigen.pdb 6yu8B_antibody.pdb
Converting SMILES to graph: 415/500
6ywcC_antigen.pdb 6ywcAB_antibody.pdb
Converting SMILES to graph: 416/500
6ywdC_antigen.pdb 6ywdAB_antibody.pdb
Converting SMILES to graph: 417/500
6yx9A_antigen.pdb 6yx9HL_antibody.pdb
Converting SMILES to graph: 418/500
6yxdA_antigen.pdb 6yxdHL_antibody.pdb
Converting SMILES to graph: 419/500
6yxfA_antigen.pdb 6yxfHh_antibody.pdb
Converting SMILES to graph: 420/500
6yxgA_antigen.pdb 6yxgHh_antibody.pdb
Converting SMILES to graph: 421/500
6yxkC_antigen.pdb 6yxkAB_antibody.pdb
Converting SMILES to graph: 422/500
6yxmB_antigen.pdb 6yxmHL_antibody.pdb
Converting SMILES to graph: 423/500
6yyeA_antigen.pdb 6yyeCc_antibody.pdb
Converting SMILES to graph: 424/500
6yz5E_antigen.pdb 6yz5F_antibody.pdb
Converting SMILES to graph: 425/500
6yz7A_antigen.pdb 6yz7D_antibody.pdb
Converting SMILES to graph: 426/500
6z06A_antigen.pdb 6z06HL_antibody.pdb
Converting SMILES to graph: 427/500
6z10A_antigen.pdb 6z10B_antibody.pdb
Converting SMILES to graph: 428/500
6z1vA_antigen.pdb 6z1vB_antibody.pdb
Converting SMILES to graph: 429/500
6z20C_antigen.pdb 6z20D_antibody.pdb
Converting SMILES to graph: 430/500
6z2lA_antigen.pdb 6z2lCB_antibody.pdb
Converting SMILES to graph: 431/500
6z2mA_antigen.pdb 6z2mBC_antibody.pdb
Converting SMILES to graph: 432/500
6z3pCAB_antigen.pdb 6z3pHL_antibody.pdb
Converting SMILES to graph: 433/500
6z3qCAB_antigen.pdb 6z3qHL_antibody.pdb
Converting SMILES to graph: 434/500
6z43B_antigen.pdb 6z43Y_antibody.pdb
Converting SMILES to graph: 435/500
6z6vEF_antigen.pdb 6z6vH_antibody.pdb
Converting SMILES to graph: 436/500
6z7wKL_antigen.pdb 6z7wDC_antibody.pdb
Converting SMILES to graph: 437/500
6z7yHG_antigen.pdb 6z7yBA_antibody.pdb
Converting SMILES to graph: 438/500
6z7zHG_antigen.pdb 6z7zBA_antibody.pdb
Converting SMILES to graph: 439/500
6zbpE_antigen.pdb 6zbpF_antibody.pdb
Converting SMILES to graph: 440/500
6zbvA_antigen.pdb 6zbvB_antibody.pdb
Converting SMILES to graph: 441/500
6zczE_antigen.pdb 6zczF_antibody.pdb
Converting SMILES to graph: 442/500
6zdgA_antigen.pdb 6zdgBC_antibody.pdb
Converting SMILES to graph: 443/500
6zdhA_antigen.pdb 6zdhHL_antibody.pdb
Converting SMILES to graph: 444/500
6ze1A_antigen.pdb 6ze1B_antibody.pdb
Converting SMILES to graph: 445/500
6zerE_antigen.pdb 6zerHL_antibody.pdb
Converting SMILES to graph: 446/500
6zfoA_antigen.pdb 6zfoBC_antibody.pdb
Converting SMILES to graph: 447/500
6zg3FD_antigen.pdb 6zg3J_antibody.pdb
Converting SMILES to graph: 448/500
6zh9E_antigen.pdb 6zh9HL_antibody.pdb
Converting SMILES to graph: 449/500
6zhdA_antigen.pdb 6zhdD_antibody.pdb
Converting SMILES to graph: 450/500
6zjgC_antigen.pdb 6zjgHL_antibody.pdb
Converting SMILES to graph: 451/500
6zlrE_antigen.pdb 6zlrHL_antibody.pdb
Converting SMILES to graph: 452/500
6zplA_antigen.pdb 6zplF_antibody.pdb
Converting SMILES to graph: 453/500
6zrvA_antigen.pdb 6zrvB_antibody.pdb
Converting SMILES to graph: 454/500
6ztrI_antigen.pdb 6ztrHL_antibody.pdb
Converting SMILES to graph: 455/500
6zvfP_antigen.pdb 6zvfHL_antibody.pdb
Converting SMILES to graph: 456/500
6zwkL_antigen.pdb 6zwkF_antibody.pdb
Converting SMILES to graph: 457/500
6zxnC_antigen.pdb 6zxnF_antibody.pdb
Converting SMILES to graph: 458/500
7a0vC_antigen.pdb 7a0vD_antibody.pdb
Converting SMILES to graph: 459/500
7a0wA_antigen.pdb 7a0wCD_antibody.pdb
Converting SMILES to graph: 460/500
7a0xB_antigen.pdb 7a0xEF_antibody.pdb
Converting SMILES to graph: 461/500
7a0yB_antigen.pdb 7a0yEF_antibody.pdb
Converting SMILES to graph: 462/500
7a17A_antigen.pdb 7a17B_antibody.pdb
Converting SMILES to graph: 463/500
7a25A_antigen.pdb 7a25D_antibody.pdb
Converting SMILES to graph: 464/500
7a29A_antigen.pdb 7a29D_antibody.pdb
Converting SMILES to graph: 465/500
7a3nA_antigen.pdb 7a3nHL_antibody.pdb
Converting SMILES to graph: 466/500
7a3oA_antigen.pdb 7a3oHL_antibody.pdb
Converting SMILES to graph: 467/500
7a3pA_antigen.pdb 7a3pHL_antibody.pdb
Converting SMILES to graph: 468/500
7a3qA_antigen.pdb 7a3qHL_antibody.pdb
Converting SMILES to graph: 469/500
7a3tA_antigen.pdb 7a3tHL_antibody.pdb
Converting SMILES to graph: 470/500
7a3uA_antigen.pdb 7a3uHL_antibody.pdb
Converting SMILES to graph: 471/500
7a48B_antigen.pdb 7a48A_antibody.pdb
Converting SMILES to graph: 472/500
7a4dE_antigen.pdb 7a4dA_antibody.pdb
Converting SMILES to graph: 473/500
7a4tCB_antigen.pdb 7a4tA_antibody.pdb
Converting SMILES to graph: 474/500
7a4yED_antigen.pdb 7a4yB_antibody.pdb
Converting SMILES to graph: 475/500
7a50D_antigen.pdb 7a50C_antibody.pdb
Converting SMILES to graph: 476/500
7a5rB_antigen.pdb 7a5rIM_antibody.pdb
Converting SMILES to graph: 477/500
7a5sA_antigen.pdb 7a5sHL_antibody.pdb
Converting SMILES to graph: 478/500
7a5vA_antigen.pdb 7a5vO_antibody.pdb
Converting SMILES to graph: 479/500
7a65A_antigen.pdb 7a65CB_antibody.pdb
Converting SMILES to graph: 480/500
7a69A_antigen.pdb 7a69CB_antibody.pdb
Converting SMILES to graph: 481/500
7a6cA_antigen.pdb 7a6cCB_antibody.pdb
Converting SMILES to graph: 482/500
7a6eA_antigen.pdb 7a6eCB_antibody.pdb
Converting SMILES to graph: 483/500
7a6fA_antigen.pdb 7a6fCB_antibody.pdb
Converting SMILES to graph: 484/500
7a6oA_antigen.pdb 7a6oB_antibody.pdb
Converting SMILES to graph: 485/500
7aejA_antigen.pdb 7aejD_antibody.pdb
Converting SMILES to graph: 486/500
7ahuEF_antigen.pdb 7ahuBA_antibody.pdb
Converting SMILES to graph: 487/500
7ahvH_antigen.pdb 7ahvAB_antibody.pdb
Converting SMILES to graph: 488/500
7akdB_antigen.pdb 7akdHL_antibody.pdb
Converting SMILES to graph: 489/500
7akjA_antigen.pdb 7akjHL_antibody.pdb
Converting SMILES to graph: 490/500
7ampB_antigen.pdb 7ampHL_antibody.pdb
Converting SMILES to graph: 491/500
7amqB_antigen.pdb 7amqHL_antibody.pdb
Converting SMILES to graph: 492/500
7amrB_antigen.pdb 7amrHL_antibody.pdb
Converting SMILES to graph: 493/500
7amsB_antigen.pdb 7amsHL_antibody.pdb
Converting SMILES to graph: 494/500
7anqA_antigen.pdb 7anqB_antibody.pdb
Converting SMILES to graph: 495/500
7apjA_antigen.pdb 7apjB_antibody.pdb
Converting SMILES to graph: 496/500
7aqgA_antigen.pdb 7aqgC_antibody.pdb
Converting SMILES to graph: 497/500
7aqxA_antigen.pdb 7aqxC_antibody.pdb
Converting SMILES to graph: 498/500
7aqyA_antigen.pdb 7aqyD_antibody.pdb
Converting SMILES to graph: 499/500
7aqzA_antigen.pdb 7aqzD_antibody.pdb
Converting SMILES to graph: 500/500
7ar0A_antigen.pdb 7ar0B_antibody.pdb
Graph construction done. Saving to file.
