Converting SMILES to graph: 1/500
4ncoI_antigen.pdb 4ncoLK_antibody.pdb
Converting SMILES to graph: 2/500
4nghP_antigen.pdb 4nghHL_antibody.pdb
Converting SMILES to graph: 3/500
4nhcP_antigen.pdb 4nhcHL_antibody.pdb
Converting SMILES to graph: 4/500
4nhhC_antigen.pdb 4nhhOQ_antibody.pdb
Converting SMILES to graph: 5/500
4nikA_antigen.pdb 4nikBb_antibody.pdb
Converting SMILES to graph: 6/500
4nm8BA_antigen.pdb 4nm8HL_antibody.pdb
Converting SMILES to graph: 7/500
4nnpA_antigen.pdb 4nnpHL_antibody.pdb
Converting SMILES to graph: 8/500
4np4A_antigen.pdb 4np4HL_antibody.pdb
Converting SMILES to graph: 9/500
4nrxP_antigen.pdb 4nrxHL_antibody.pdb
Converting SMILES to graph: 10/500
4nx3D_antigen.pdb 4nx3BA_antibody.pdb
Converting SMILES to graph: 11/500
4nzrM_antigen.pdb 4nzrHL_antibody.pdb
Converting SMILES to graph: 12/500
4nztM_antigen.pdb 4nztHL_antibody.pdb
Converting SMILES to graph: 13/500
4o02A_antigen.pdb 4o02HL_antibody.pdb
Converting SMILES to graph: 14/500
4o4yA_antigen.pdb 4o4yHL_antibody.pdb
Converting SMILES to graph: 15/500
4o51N_antigen.pdb 4o51BA_antibody.pdb
Converting SMILES to graph: 16/500
4o58A_antigen.pdb 4o58HL_antibody.pdb
Converting SMILES to graph: 17/500
4o5iK_antigen.pdb 4o5iWX_antibody.pdb
Converting SMILES to graph: 18/500
4o9hA_antigen.pdb 4o9hHL_antibody.pdb
Converting SMILES to graph: 19/500
4oclED_antigen.pdb 4oclF_antibody.pdb
Converting SMILES to graph: 20/500
4ocmED_antigen.pdb 4ocmF_antibody.pdb
Converting SMILES to graph: 21/500
4ocnBA_antigen.pdb 4ocnC_antibody.pdb
Converting SMILES to graph: 22/500
4od2S_antigen.pdb 4od2BA_antibody.pdb
Converting SMILES to graph: 23/500
4odxX_antigen.pdb 4odxHB_antibody.pdb
Converting SMILES to graph: 24/500
4ogaE_antigen.pdb 4ogaCD_antibody.pdb
Converting SMILES to graph: 25/500
4ogxA_antigen.pdb 4ogxHL_antibody.pdb
Converting SMILES to graph: 26/500
4ogyA_antigen.pdb 4ogyHL_antibody.pdb
Converting SMILES to graph: 27/500
4oiiB_antigen.pdb 4oiiIM_antibody.pdb
Converting SMILES to graph: 28/500
4ojfA_antigen.pdb 4ojfHL_antibody.pdb
Converting SMILES to graph: 29/500
4okvF_antigen.pdb 4okvAB_antibody.pdb
Converting SMILES to graph: 30/500
4oluG_antigen.pdb 4oluHL_antibody.pdb
Converting SMILES to graph: 31/500
4olvG_antigen.pdb 4olvHL_antibody.pdb
Converting SMILES to graph: 32/500
4olwG_antigen.pdb 4olwHL_antibody.pdb
Converting SMILES to graph: 33/500
4olxG_antigen.pdb 4olxHL_antibody.pdb
Converting SMILES to graph: 34/500
4olyG_antigen.pdb 4olyHL_antibody.pdb
Converting SMILES to graph: 35/500
4olzG_antigen.pdb 4olzHL_antibody.pdb
Converting SMILES to graph: 36/500
4om0G_antigen.pdb 4om0HL_antibody.pdb
Converting SMILES to graph: 37/500
4om1G_antigen.pdb 4om1HL_antibody.pdb
Converting SMILES to graph: 38/500
4onfP_antigen.pdb 4onfHL_antibody.pdb
Converting SMILES to graph: 39/500
4oqtA_antigen.pdb 4oqtHL_antibody.pdb
Converting SMILES to graph: 40/500
4orzB_antigen.pdb 4orzC_antibody.pdb
Converting SMILES to graph: 41/500
4ot1A_antigen.pdb 4ot1HL_antibody.pdb
Converting SMILES to graph: 42/500
4p2cC_antigen.pdb 4p2cH_antibody.pdb
Converting SMILES to graph: 43/500
4p3cM_antigen.pdb 4p3cHL_antibody.pdb
Converting SMILES to graph: 44/500
4p3dC_antigen.pdb 4p3dAB_antibody.pdb
Converting SMILES to graph: 45/500
4p59A_antigen.pdb 4p59HL_antibody.pdb
Converting SMILES to graph: 46/500
4p9hG_antigen.pdb 4p9hHL_antibody.pdb
Converting SMILES to graph: 47/500
4pd4E_antigen.pdb 4pd4JK_antibody.pdb
Converting SMILES to graph: 48/500
4pgjB_antigen.pdb 4pgjA_antibody.pdb
Converting SMILES to graph: 49/500
4pirB_antigen.pdb 4pirH_antibody.pdb
Converting SMILES to graph: 50/500
4pljA_antigen.pdb 4pljHL_antibody.pdb
Converting SMILES to graph: 51/500
4plkA_antigen.pdb 4plkHL_antibody.pdb
Converting SMILES to graph: 52/500
4pouA_antigen.pdb 4pouB_antibody.pdb
Converting SMILES to graph: 53/500
4pp1B_antigen.pdb 4pp1DC_antibody.pdb
Converting SMILES to graph: 54/500
4pp2F_antigen.pdb 4pp2BA_antibody.pdb
Converting SMILES to graph: 55/500
4ps4A_antigen.pdb 4ps4HL_antibody.pdb
Converting SMILES to graph: 56/500
4py8BA_antigen.pdb 4py8IJ_antibody.pdb
Converting SMILES to graph: 57/500
4q0xE_antigen.pdb 4q0xHL_antibody.pdb
Converting SMILES to graph: 58/500
4q5zD_antigen.pdb 4q5zOP_antibody.pdb
Converting SMILES to graph: 59/500
4q6iC_antigen.pdb 4q6iHL_antibody.pdb
Converting SMILES to graph: 60/500
4qciC_antigen.pdb 4qciHL_antibody.pdb
Converting SMILES to graph: 61/500
4qexB_antigen.pdb 4qexIM_antibody.pdb
Converting SMILES to graph: 62/500
4qhuD_antigen.pdb 4qhuBA_antibody.pdb
Converting SMILES to graph: 63/500
4qkxA_antigen.pdb 4qkxB_antibody.pdb
Converting SMILES to graph: 64/500
4qnpB_antigen.pdb 4qnpHL_antibody.pdb
Converting SMILES to graph: 65/500
4qo1B_antigen.pdb 4qo1A_antibody.pdb
Converting SMILES to graph: 66/500
4qtiU_antigen.pdb 4qtiHL_antibody.pdb
Converting SMILES to graph: 67/500
4qwwB_antigen.pdb 4qwwDC_antibody.pdb
Converting SMILES to graph: 68/500
4qxtQ_antigen.pdb 4qxtAB_antibody.pdb
Converting SMILES to graph: 69/500
4qxuK_antigen.pdb 4qxuHL_antibody.pdb
Converting SMILES to graph: 70/500
4qy8Q_antigen.pdb 4qy8AB_antibody.pdb
Converting SMILES to graph: 71/500
4qyoQ_antigen.pdb 4qyoAB_antibody.pdb
Converting SMILES to graph: 72/500
4r0lD_antigen.pdb 4r0lHL_antibody.pdb
Converting SMILES to graph: 73/500
4r2gA_antigen.pdb 4r2gNM_antibody.pdb
Converting SMILES to graph: 74/500
4r3sQ_antigen.pdb 4r3sAB_antibody.pdb
Converting SMILES to graph: 75/500
4r4fA_antigen.pdb 4r4fHL_antibody.pdb
Converting SMILES to graph: 76/500
4r4hA_antigen.pdb 4r4hHL_antibody.pdb
Converting SMILES to graph: 77/500
4r4nE_antigen.pdb 4r4nFG_antibody.pdb
Converting SMILES to graph: 78/500
4r8wBA_antigen.pdb 4r8wHL_antibody.pdb
Converting SMILES to graph: 79/500
4r9yAC_antigen.pdb 4r9yNM_antibody.pdb
Converting SMILES to graph: 80/500
4rauC_antigen.pdb 4rauBA_antibody.pdb
Converting SMILES to graph: 81/500
4ravE_antigen.pdb 4ravAB_antibody.pdb
Converting SMILES to graph: 82/500
4rdqE_antigen.pdb 4rdqGF_antibody.pdb
Converting SMILES to graph: 83/500
4rfnA_antigen.pdb 4rfnBC_antibody.pdb
Converting SMILES to graph: 84/500
4rfoG_antigen.pdb 4rfoHL_antibody.pdb
Converting SMILES to graph: 85/500
4rgmS_antigen.pdb 4rgmHL_antibody.pdb
Converting SMILES to graph: 86/500
4rgnA_antigen.pdb 4rgnBC_antibody.pdb
Converting SMILES to graph: 87/500
4rgoS_antigen.pdb 4rgoHL_antibody.pdb
Converting SMILES to graph: 88/500
4risP_antigen.pdb 4risHL_antibody.pdb
Converting SMILES to graph: 89/500
4rqsG_antigen.pdb 4rqsDC_antibody.pdb
Converting SMILES to graph: 90/500
4rrpR_antigen.pdb 4rrpLF_antibody.pdb
Converting SMILES to graph: 91/500
4rwyA_antigen.pdb 4rwyHL_antibody.pdb
Converting SMILES to graph: 92/500
4rx4G_antigen.pdb 4rx4HL_antibody.pdb
Converting SMILES to graph: 93/500
4s10D_antigen.pdb 4s10B_antibody.pdb
Converting SMILES to graph: 94/500
4s1qG_antigen.pdb 4s1qHL_antibody.pdb
Converting SMILES to graph: 95/500
4s1rG_antigen.pdb 4s1rHL_antibody.pdb
Converting SMILES to graph: 96/500
4s1sG_antigen.pdb 4s1sHL_antibody.pdb
Converting SMILES to graph: 97/500
4tnvP_antigen.pdb 4tnvWf_antibody.pdb
Converting SMILES to graph: 98/500
4tnwR_antigen.pdb 4tnwVZ_antibody.pdb
Converting SMILES to graph: 99/500
4tqeA_antigen.pdb 4tqeHL_antibody.pdb
Converting SMILES to graph: 100/500
4tsaA_antigen.pdb 4tsaHL_antibody.pdb
Converting SMILES to graph: 101/500
4tsbA_antigen.pdb 4tsbHL_antibody.pdb
Converting SMILES to graph: 102/500
4tscA_antigen.pdb 4tscHL_antibody.pdb
Converting SMILES to graph: 103/500
4ttdB_antigen.pdb 4ttdCD_antibody.pdb
Converting SMILES to graph: 104/500
4tujE_antigen.pdb 4tujAB_antibody.pdb
Converting SMILES to graph: 105/500
4tukI_antigen.pdb 4tukHL_antibody.pdb
Converting SMILES to graph: 106/500
4tulI_antigen.pdb 4tulHL_antibody.pdb
Converting SMILES to graph: 107/500
4tvpG_antigen.pdb 4tvpHL_antibody.pdb
Converting SMILES to graph: 108/500
4tvsB_antigen.pdb 4tvsb_antibody.pdb
Converting SMILES to graph: 109/500
4u0rA_antigen.pdb 4u0rBC_antibody.pdb
Converting SMILES to graph: 110/500
4u1gD_antigen.pdb 4u1gEF_antibody.pdb
Converting SMILES to graph: 111/500
4u3xB_antigen.pdb 4u3xA_antibody.pdb
Converting SMILES to graph: 112/500
4u6gC_antigen.pdb 4u6gAB_antibody.pdb
Converting SMILES to graph: 113/500
4u6hE_antigen.pdb 4u6hAB_antibody.pdb
Converting SMILES to graph: 114/500
4u6vA_antigen.pdb 4u6vHL_antibody.pdb
Converting SMILES to graph: 115/500
4uaoA_antigen.pdb 4uaoCB_antibody.pdb
Converting SMILES to graph: 116/500
4ubdRU_antigen.pdb 4ubdST_antibody.pdb
Converting SMILES to graph: 117/500
4uifC_antigen.pdb 4uifKL_antibody.pdb
Converting SMILES to graph: 118/500
4uihC_antigen.pdb 4uihFG_antibody.pdb
Converting SMILES to graph: 119/500
4ut6B_antigen.pdb 4ut6IM_antibody.pdb
Converting SMILES to graph: 120/500
4ut9D_antigen.pdb 4ut9JN_antibody.pdb
Converting SMILES to graph: 121/500
4utaB_antigen.pdb 4utaHL_antibody.pdb
Converting SMILES to graph: 122/500
4utbB_antigen.pdb 4utbIM_antibody.pdb
Converting SMILES to graph: 123/500
4uu9D_antigen.pdb 4uu9HL_antibody.pdb
Converting SMILES to graph: 124/500
4uujC_antigen.pdb 4uujAB_antibody.pdb
Converting SMILES to graph: 125/500
4uv7A_antigen.pdb 4uv7HL_antibody.pdb
Converting SMILES to graph: 126/500
4v1dC_antigen.pdb 4v1dDE_antibody.pdb
Converting SMILES to graph: 127/500
4w2oB_antigen.pdb 4w2oA_antibody.pdb
Converting SMILES to graph: 128/500
4w2qH_antigen.pdb 4w2qG_antibody.pdb
Converting SMILES to graph: 129/500
4w6wA_antigen.pdb 4w6wB_antibody.pdb
Converting SMILES to graph: 130/500
4w6xA_antigen.pdb 4w6xB_antibody.pdb
Converting SMILES to graph: 131/500
4w6yA_antigen.pdb 4w6yB_antibody.pdb
Converting SMILES to graph: 132/500
4webE_antigen.pdb 4webHL_antibody.pdb
Converting SMILES to graph: 133/500
4wemA_antigen.pdb 4wemB_antibody.pdb
Converting SMILES to graph: 134/500
4wenA_antigen.pdb 4wenB_antibody.pdb
Converting SMILES to graph: 135/500
4weuA_antigen.pdb 4weuE_antibody.pdb
Converting SMILES to graph: 136/500
4wfeB_antigen.pdb 4wfeGF_antibody.pdb
Converting SMILES to graph: 137/500
4wffA_antigen.pdb 4wffED_antibody.pdb
Converting SMILES to graph: 138/500
4wfgB_antigen.pdb 4wfgGF_antibody.pdb
Converting SMILES to graph: 139/500
4wfhB_antigen.pdb 4wfhGF_antibody.pdb
Converting SMILES to graph: 140/500
4wgvA_antigen.pdb 4wgvB_antibody.pdb
Converting SMILES to graph: 141/500
4wgwC_antigen.pdb 4wgwD_antibody.pdb
Converting SMILES to graph: 142/500
4whta_antigen.pdb 4whtAB_antibody.pdb
Converting SMILES to graph: 143/500
4whyB_antigen.pdb 4whyMN_antibody.pdb
Converting SMILES to graph: 144/500
4wuuAC_antigen.pdb 4wuuED_antibody.pdb
Converting SMILES to graph: 145/500
4wv1C_antigen.pdb 4wv1BA_antibody.pdb
Converting SMILES to graph: 146/500
4wy7P_antigen.pdb 4wy7HL_antibody.pdb
Converting SMILES to graph: 147/500
4x7cA_antigen.pdb 4x7cC_antibody.pdb
Converting SMILES to graph: 148/500
4x7dB_antigen.pdb 4x7dC_antibody.pdb
Converting SMILES to graph: 149/500
4x7eA_antigen.pdb 4x7eC_antibody.pdb
Converting SMILES to graph: 150/500
4x7fB_antigen.pdb 4x7fD_antibody.pdb
Converting SMILES to graph: 151/500
4xakB_antigen.pdb 4xakDE_antibody.pdb
Converting SMILES to graph: 152/500
4xawP_antigen.pdb 4xawHL_antibody.pdb
Converting SMILES to graph: 153/500
4xbeP_antigen.pdb 4xbeHL_antibody.pdb
Converting SMILES to graph: 154/500
4xc1P_antigen.pdb 4xc1HL_antibody.pdb
Converting SMILES to graph: 155/500
4xc3P_antigen.pdb 4xc3HL_antibody.pdb
Converting SMILES to graph: 156/500
4xcfP_antigen.pdb 4xcfHL_antibody.pdb
Converting SMILES to graph: 157/500
4xcyA_antigen.pdb 4xcyEF_antibody.pdb
Converting SMILES to graph: 158/500
4xgzc_antigen.pdb 4xgzCD_antibody.pdb
Converting SMILES to graph: 159/500
4xh2a_antigen.pdb 4xh2AB_antibody.pdb
Converting SMILES to graph: 160/500
4xi5BA_antigen.pdb 4xi5DC_antibody.pdb
Converting SMILES to graph: 161/500
4xmkP_antigen.pdb 4xmkHL_antibody.pdb
Converting SMILES to graph: 162/500
4xmmDC_antigen.pdb 4xmmHL_antibody.pdb
Converting SMILES to graph: 163/500
4xmnE_antigen.pdb 4xmnHL_antibody.pdb
Converting SMILES to graph: 164/500
4xmpG_antigen.pdb 4xmpHL_antibody.pdb
Converting SMILES to graph: 165/500
4xnmD_antigen.pdb 4xnmBA_antibody.pdb
Converting SMILES to graph: 166/500
4xnqC_antigen.pdb 4xnqHL_antibody.pdb
Converting SMILES to graph: 167/500
4xnuA_antigen.pdb 4xnuHL_antibody.pdb
Converting SMILES to graph: 168/500
4xnxA_antigen.pdb 4xnxHL_antibody.pdb
Converting SMILES to graph: 169/500
4xnyG_antigen.pdb 4xnyHL_antibody.pdb
Converting SMILES to graph: 170/500
4xnzG_antigen.pdb 4xnzHL_antibody.pdb
Converting SMILES to graph: 171/500
4xp1A_antigen.pdb 4xp1HL_antibody.pdb
Converting SMILES to graph: 172/500
4xp4A_antigen.pdb 4xp4HL_antibody.pdb
Converting SMILES to graph: 173/500
4xp5A_antigen.pdb 4xp5HL_antibody.pdb
Converting SMILES to graph: 174/500
4xp6A_antigen.pdb 4xp6HL_antibody.pdb
Converting SMILES to graph: 175/500
4xp9C_antigen.pdb 4xp9HL_antibody.pdb
Converting SMILES to graph: 176/500
4xpaA_antigen.pdb 4xpaHL_antibody.pdb
Converting SMILES to graph: 177/500
4xpfA_antigen.pdb 4xpfHL_antibody.pdb
Converting SMILES to graph: 178/500
4xphA_antigen.pdb 4xphHL_antibody.pdb
Converting SMILES to graph: 179/500
4xrcD_antigen.pdb 4xrcBA_antibody.pdb
Converting SMILES to graph: 180/500
4xt1A_antigen.pdb 4xt1C_antibody.pdb
Converting SMILES to graph: 181/500
4xtrA_antigen.pdb 4xtrEF_antibody.pdb
Converting SMILES to graph: 182/500
4xvjA_antigen.pdb 4xvjHL_antibody.pdb
Converting SMILES to graph: 183/500
4xvsG_antigen.pdb 4xvsHL_antibody.pdb
Converting SMILES to graph: 184/500
4xvtG_antigen.pdb 4xvtHL_antibody.pdb
Converting SMILES to graph: 185/500
4xvuB_antigen.pdb 4xvuCD_antibody.pdb
Converting SMILES to graph: 186/500
4xwgA_antigen.pdb 4xwgHL_antibody.pdb
Converting SMILES to graph: 187/500
4xwoG_antigen.pdb 4xwoIJ_antibody.pdb
Converting SMILES to graph: 188/500
4xx1A_antigen.pdb 4xx1HL_antibody.pdb
Converting SMILES to graph: 189/500
4xxdC_antigen.pdb 4xxdBA_antibody.pdb
Converting SMILES to graph: 190/500
4xzuG_antigen.pdb 4xzuEF_antibody.pdb
Converting SMILES to graph: 191/500
4y5vF_antigen.pdb 4y5vDE_antibody.pdb
Converting SMILES to graph: 192/500
4y5xI_antigen.pdb 4y5xGH_antibody.pdb
Converting SMILES to graph: 193/500
4y5yF_antigen.pdb 4y5yDE_antibody.pdb
Converting SMILES to graph: 194/500
4y7mD_antigen.pdb 4y7mB_antibody.pdb
Converting SMILES to graph: 195/500
4y8dA_antigen.pdb 4y8dC_antibody.pdb
Converting SMILES to graph: 196/500
4yblA_antigen.pdb 4yblBC_antibody.pdb
Converting SMILES to graph: 197/500
4ybqB_antigen.pdb 4ybqDC_antibody.pdb
Converting SMILES to graph: 198/500
4yc2A_antigen.pdb 4yc2BC_antibody.pdb
Converting SMILES to graph: 199/500
4ydiG_antigen.pdb 4ydiHL_antibody.pdb
Converting SMILES to graph: 200/500
4ydjI_antigen.pdb 4ydjAB_antibody.pdb
Converting SMILES to graph: 201/500
4ydkG_antigen.pdb 4ydkHL_antibody.pdb
Converting SMILES to graph: 202/500
4ydlA_antigen.pdb 4ydlBC_antibody.pdb
Converting SMILES to graph: 203/500
4ydvP_antigen.pdb 4ydvHL_antibody.pdb
Converting SMILES to graph: 204/500
4ye4G_antigen.pdb 4ye4HL_antibody.pdb
Converting SMILES to graph: 205/500
4yflG_antigen.pdb 4yflHL_antibody.pdb
Converting SMILES to graph: 206/500
4ygaA_antigen.pdb 4ygaB_antibody.pdb
Converting SMILES to graph: 207/500
4yhpP_antigen.pdb 4yhpHL_antibody.pdb
Converting SMILES to graph: 208/500
4yhzP_antigen.pdb 4yhzHL_antibody.pdb
Converting SMILES to graph: 209/500
4yjzE_antigen.pdb 4yjzlL_antibody.pdb
Converting SMILES to graph: 210/500
4yk4A_antigen.pdb 4yk4CB_antibody.pdb
Converting SMILES to graph: 211/500
4yo0F_antigen.pdb 4yo0CD_antibody.pdb
Converting SMILES to graph: 212/500
4ypgD_antigen.pdb 4ypgHL_antibody.pdb
Converting SMILES to graph: 213/500
4yqxA_antigen.pdb 4yqxHL_antibody.pdb
Converting SMILES to graph: 214/500
4yr6C_antigen.pdb 4yr6AB_antibody.pdb
Converting SMILES to graph: 215/500
4yueC_antigen.pdb 4yueHL_antibody.pdb
Converting SMILES to graph: 216/500
4ywgQ_antigen.pdb 4ywgIM_antibody.pdb
Converting SMILES to graph: 217/500
4yx2A_antigen.pdb 4yx2HL_antibody.pdb
Converting SMILES to graph: 218/500
4yxhA_antigen.pdb 4yxhHL_antibody.pdb
Converting SMILES to graph: 219/500
4yxkA_antigen.pdb 4yxkHL_antibody.pdb
Converting SMILES to graph: 220/500
4yxlA_antigen.pdb 4yxlHL_antibody.pdb
Converting SMILES to graph: 221/500
4yzfB_antigen.pdb 4yzfGH_antibody.pdb
Converting SMILES to graph: 222/500
4z0xC_antigen.pdb 4z0xBA_antibody.pdb
Converting SMILES to graph: 223/500
4z5rF_antigen.pdb 4z5rWV_antibody.pdb
Converting SMILES to graph: 224/500
4z7nC_antigen.pdb 4z7nEF_antibody.pdb
Converting SMILES to graph: 225/500
4z7oAD_antigen.pdb 4z7oHL_antibody.pdb
Converting SMILES to graph: 226/500
4z7qAD_antigen.pdb 4z7qHL_antibody.pdb
Converting SMILES to graph: 227/500
4z9kA_antigen.pdb 4z9kB_antibody.pdb
Converting SMILES to graph: 228/500
4zffC_antigen.pdb 4zffAB_antibody.pdb
Converting SMILES to graph: 229/500
4zfgA_antigen.pdb 4zfgHL_antibody.pdb
Converting SMILES to graph: 230/500
4zfoK_antigen.pdb 4zfoHL_antibody.pdb
Converting SMILES to graph: 231/500
4zptS_antigen.pdb 4zptHL_antibody.pdb
Converting SMILES to graph: 232/500
4zpvR_antigen.pdb 4zpvHL_antibody.pdb
Converting SMILES to graph: 233/500
4zs6B_antigen.pdb 4zs6CD_antibody.pdb
Converting SMILES to graph: 234/500
4zs7A_antigen.pdb 4zs7HL_antibody.pdb
Converting SMILES to graph: 235/500
4zsoF_antigen.pdb 4zsoDC_antibody.pdb
Converting SMILES to graph: 236/500
4ztoP_antigen.pdb 4ztoHL_antibody.pdb
Converting SMILES to graph: 237/500
4zxbE_antigen.pdb 4zxbCD_antibody.pdb
Converting SMILES to graph: 238/500
4zypB_antigen.pdb 4zypNO_antibody.pdb
Converting SMILES to graph: 239/500
5a1zC_antigen.pdb 5a1zKL_antibody.pdb
Converting SMILES to graph: 240/500
5a2iP_antigen.pdb 5a2iHh_antibody.pdb
Converting SMILES to graph: 241/500
5a2jP_antigen.pdb 5a2jHh_antibody.pdb
Converting SMILES to graph: 242/500
5a2kP_antigen.pdb 5a2kHh_antibody.pdb
Converting SMILES to graph: 243/500
5a2lP_antigen.pdb 5a2lHh_antibody.pdb
Converting SMILES to graph: 244/500
5a3iE_antigen.pdb 5a3iGH_antibody.pdb
Converting SMILES to graph: 245/500
5a7xE_antigen.pdb 5a7xHG_antibody.pdb
Converting SMILES to graph: 246/500
5a8hAB_antigen.pdb 5a8hFE_antibody.pdb
Converting SMILES to graph: 247/500
5aamJ_antigen.pdb 5aamBb_antibody.pdb
Converting SMILES to graph: 248/500
5aawL_antigen.pdb 5aawKk_antibody.pdb
Converting SMILES to graph: 249/500
5acoC_antigen.pdb 5acoGJ_antibody.pdb
Converting SMILES to graph: 250/500
5anmF_antigen.pdb 5anmHL_antibody.pdb
Converting SMILES to graph: 251/500
5anyDC_antigen.pdb 5anyJN_antibody.pdb
Converting SMILES to graph: 252/500
5aumD_antigen.pdb 5aumAB_antibody.pdb
Converting SMILES to graph: 253/500
5b3jD_antigen.pdb 5b3jHL_antibody.pdb
Converting SMILES to graph: 254/500
5b71F_antigen.pdb 5b71DC_antibody.pdb
Converting SMILES to graph: 255/500
5b8cC_antigen.pdb 5b8cBA_antibody.pdb
Converting SMILES to graph: 256/500
5bjzB_antigen.pdb 5bjzDH_antibody.pdb
Converting SMILES to graph: 257/500
5bk0E_antigen.pdb 5bk0BA_antibody.pdb
Converting SMILES to graph: 258/500
5bk1A_antigen.pdb 5bk1HL_antibody.pdb
Converting SMILES to graph: 259/500
5bk2B_antigen.pdb 5bk2CD_antibody.pdb
Converting SMILES to graph: 260/500
5bo1A_antigen.pdb 5bo1IM_antibody.pdb
Converting SMILES to graph: 261/500
5bopB_antigen.pdb 5bopA_antibody.pdb
Converting SMILES to graph: 262/500
5bozC_antigen.pdb 5bozI_antibody.pdb
Converting SMILES to graph: 263/500
5bv7A_antigen.pdb 5bv7CB_antibody.pdb
Converting SMILES to graph: 264/500
5bvpI_antigen.pdb 5bvpHL_antibody.pdb
Converting SMILES to graph: 265/500
5c0nB_antigen.pdb 5c0nCD_antibody.pdb
Converting SMILES to graph: 266/500
5c0rA_antigen.pdb 5c0rHL_antibody.pdb
Converting SMILES to graph: 267/500
5c0sA_antigen.pdb 5c0sHL_antibody.pdb
Converting SMILES to graph: 268/500
5c1mA_antigen.pdb 5c1mB_antibody.pdb
Converting SMILES to graph: 269/500
5c2uA_antigen.pdb 5c2uB_antibody.pdb
Converting SMILES to graph: 270/500
5c3lCAB_antigen.pdb 5c3lD_antibody.pdb
Converting SMILES to graph: 271/500
5c6tA_antigen.pdb 5c6tHL_antibody.pdb
Converting SMILES to graph: 272/500
5c7kC_antigen.pdb 5c7kAB_antibody.pdb
Converting SMILES to graph: 273/500
5c7xB_antigen.pdb 5c7xMN_antibody.pdb
Converting SMILES to graph: 274/500
5c8jI_antigen.pdb 5c8jAB_antibody.pdb
Converting SMILES to graph: 275/500
5cbaE_antigen.pdb 5cbaAB_antibody.pdb
Converting SMILES to graph: 276/500
5cbeF_antigen.pdb 5cbeCD_antibody.pdb
Converting SMILES to graph: 277/500
5cd5A_antigen.pdb 5cd5CD_antibody.pdb
Converting SMILES to graph: 278/500
5cezG_antigen.pdb 5cezHL_antibody.pdb
Converting SMILES to graph: 279/500
5cilP_antigen.pdb 5cilHL_antibody.pdb
Converting SMILES to graph: 280/500
5cinP_antigen.pdb 5cinHL_antibody.pdb
Converting SMILES to graph: 281/500
5cjoA_antigen.pdb 5cjoHL_antibody.pdb
Converting SMILES to graph: 282/500
5cjqBA_antigen.pdb 5cjqHL_antibody.pdb
Converting SMILES to graph: 283/500
5cjsDC_antigen.pdb 5cjsHL_antibody.pdb
Converting SMILES to graph: 284/500
5cjxJK_antigen.pdb 5cjxAC_antibody.pdb
Converting SMILES to graph: 285/500
5cszD_antigen.pdb 5cszHL_antibody.pdb
Converting SMILES to graph: 286/500
5cusC_antigen.pdb 5cusJN_antibody.pdb
Converting SMILES to graph: 287/500
5cwsKIJL_antigen.pdb 5cwsHG_antibody.pdb
Converting SMILES to graph: 288/500
5czvA_antigen.pdb 5czvHL_antibody.pdb
Converting SMILES to graph: 289/500
5czxA_antigen.pdb 5czxHL_antibody.pdb
Converting SMILES to graph: 290/500
5d1qE_antigen.pdb 5d1qBA_antibody.pdb
Converting SMILES to graph: 291/500
5d1xE_antigen.pdb 5d1xBA_antibody.pdb
Converting SMILES to graph: 292/500
5d1zI_antigen.pdb 5d1zDC_antibody.pdb
Converting SMILES to graph: 293/500
5d70A_antigen.pdb 5d70HL_antibody.pdb
Converting SMILES to graph: 294/500
5d71A_antigen.pdb 5d71HL_antibody.pdb
Converting SMILES to graph: 295/500
5d72B_antigen.pdb 5d72MN_antibody.pdb
Converting SMILES to graph: 296/500
5d8jA_antigen.pdb 5d8jHL_antibody.pdb
Converting SMILES to graph: 297/500
5d93A_antigen.pdb 5d93CB_antibody.pdb
Converting SMILES to graph: 298/500
5d96D_antigen.pdb 5d96JI_antibody.pdb
Converting SMILES to graph: 299/500
5d9qG_antigen.pdb 5d9qDd_antibody.pdb
Converting SMILES to graph: 300/500
5da0A_antigen.pdb 5da0B_antibody.pdb
Converting SMILES to graph: 301/500
5dd0P_antigen.pdb 5dd0HL_antibody.pdb
Converting SMILES to graph: 302/500
5dfvA_antigen.pdb 5dfvCD_antibody.pdb
Converting SMILES to graph: 303/500
5dfwA_antigen.pdb 5dfwHh_antibody.pdb
Converting SMILES to graph: 304/500
5dfzC_antigen.pdb 5dfzE_antibody.pdb
Converting SMILES to graph: 305/500
5dhvM_antigen.pdb 5dhvHL_antibody.pdb
Converting SMILES to graph: 306/500
5dhxC_antigen.pdb 5dhxBb_antibody.pdb
Converting SMILES to graph: 307/500
5dhyM_antigen.pdb 5dhyHL_antibody.pdb
Converting SMILES to graph: 308/500
5dhzM_antigen.pdb 5dhzHL_antibody.pdb
Converting SMILES to graph: 309/500
5dlmX_antigen.pdb 5dlmHL_antibody.pdb
Converting SMILES to graph: 310/500
5dmgX_antigen.pdb 5dmgEF_antibody.pdb
Converting SMILES to graph: 311/500
5dmiA_antigen.pdb 5dmiHL_antibody.pdb
Converting SMILES to graph: 312/500
5dmjD_antigen.pdb 5dmjE_antibody.pdb
Converting SMILES to graph: 313/500
5do2A_antigen.pdb 5do2HL_antibody.pdb
Converting SMILES to graph: 314/500
5drzP_antigen.pdb 5drzHL_antibody.pdb
Converting SMILES to graph: 315/500
5dumA_antigen.pdb 5dumHL_antibody.pdb
Converting SMILES to graph: 316/500
5dupA_antigen.pdb 5dupHL_antibody.pdb
Converting SMILES to graph: 317/500
5durC_antigen.pdb 5durHL_antibody.pdb
Converting SMILES to graph: 318/500
5dwuAB_antigen.pdb 5dwuHL_antibody.pdb
Converting SMILES to graph: 319/500
5dyoA_antigen.pdb 5dyoHL_antibody.pdb
Converting SMILES to graph: 320/500
5e0qB_antigen.pdb 5e0qA_antibody.pdb
Converting SMILES to graph: 321/500
5e1aC_antigen.pdb 5e1aAB_antibody.pdb
Converting SMILES to graph: 322/500
5e1hA_antigen.pdb 5e1hB_antibody.pdb
Converting SMILES to graph: 323/500
5e2vP_antigen.pdb 5e2vHL_antibody.pdb
Converting SMILES to graph: 324/500
5e5mC_antigen.pdb 5e5mD_antibody.pdb
Converting SMILES to graph: 325/500
5e7fH_antigen.pdb 5e7fB_antibody.pdb
Converting SMILES to graph: 326/500
5e8dA_antigen.pdb 5e8dHL_antibody.pdb
Converting SMILES to graph: 327/500
5e8eH_antigen.pdb 5e8eBA_antibody.pdb
Converting SMILES to graph: 328/500
5e94G_antigen.pdb 5e94BA_antibody.pdb
Converting SMILES to graph: 329/500
5ea0P_antigen.pdb 5ea0HL_antibody.pdb
Converting SMILES to graph: 330/500
5eblC_antigen.pdb 5eblAB_antibody.pdb
Converting SMILES to graph: 331/500
5ebmC_antigen.pdb 5ebmAB_antibody.pdb
Converting SMILES to graph: 332/500
5ebwC_antigen.pdb 5ebwAB_antibody.pdb
Converting SMILES to graph: 333/500
5ec1C_antigen.pdb 5ec1AB_antibody.pdb
Converting SMILES to graph: 334/500
5ec2C_antigen.pdb 5ec2AB_antibody.pdb
Converting SMILES to graph: 335/500
5eiiG_antigen.pdb 5eiiHL_antibody.pdb
Converting SMILES to graph: 336/500
5en2C_antigen.pdb 5en2AB_antibody.pdb
Converting SMILES to graph: 337/500
5eocQ_antigen.pdb 5eocJM_antibody.pdb
Converting SMILES to graph: 338/500
5eoqA_antigen.pdb 5eoqHL_antibody.pdb
Converting SMILES to graph: 339/500
5eorA_antigen.pdb 5eorHL_antibody.pdb
Converting SMILES to graph: 340/500
5epmC_antigen.pdb 5epmAB_antibody.pdb
Converting SMILES to graph: 341/500
5erwC_antigen.pdb 5erwAB_antibody.pdb
Converting SMILES to graph: 342/500
5esvG_antigen.pdb 5esvHL_antibody.pdb
Converting SMILES to graph: 343/500
5eszC_antigen.pdb 5eszAB_antibody.pdb
Converting SMILES to graph: 344/500
5eu7B_antigen.pdb 5eu7FD_antibody.pdb
Converting SMILES to graph: 345/500
5eulYE_antigen.pdb 5eulV_antibody.pdb
Converting SMILES to graph: 346/500
5ezoA_antigen.pdb 5ezoHL_antibody.pdb
Converting SMILES to graph: 347/500
5f1kB_antigen.pdb 5f1kD_antibody.pdb
Converting SMILES to graph: 348/500
5f1oA_antigen.pdb 5f1oB_antibody.pdb
Converting SMILES to graph: 349/500
5f21A_antigen.pdb 5f21B_antibody.pdb
Converting SMILES to graph: 350/500
5f3bD_antigen.pdb 5f3bEF_antibody.pdb
Converting SMILES to graph: 351/500
5f3hL_antigen.pdb 5f3hEF_antibody.pdb
Converting SMILES to graph: 352/500
5f3jB_antigen.pdb 5f3jDd_antibody.pdb
Converting SMILES to graph: 353/500
5f45A_antigen.pdb 5f45HL_antibody.pdb
Converting SMILES to graph: 354/500
5f6jE_antigen.pdb 5f6jHF_antibody.pdb
Converting SMILES to graph: 355/500
5f72C_antigen.pdb 5f72Tt_antibody.pdb
Converting SMILES to graph: 356/500
5f7kB_antigen.pdb 5f7kD_antibody.pdb
Converting SMILES to graph: 357/500
5f7lA_antigen.pdb 5f7lB_antibody.pdb
Converting SMILES to graph: 358/500
5f7mA_antigen.pdb 5f7mC_antibody.pdb
Converting SMILES to graph: 359/500
5f7nB_antigen.pdb 5f7nD_antibody.pdb
Converting SMILES to graph: 360/500
5f7wB_antigen.pdb 5f7wD_antibody.pdb
Converting SMILES to graph: 361/500
5f7yB_antigen.pdb 5f7yD_antibody.pdb
Converting SMILES to graph: 362/500
5f8qA_antigen.pdb 5f8qC_antibody.pdb
Converting SMILES to graph: 363/500
5f8rA_antigen.pdb 5f8rC_antibody.pdb
Converting SMILES to graph: 364/500
5f93G_antigen.pdb 5f93H_antibody.pdb
Converting SMILES to graph: 365/500
5f96G_antigen.pdb 5f96HL_antibody.pdb
Converting SMILES to graph: 366/500
5f97B_antigen.pdb 5f97F_antibody.pdb
Converting SMILES to graph: 367/500
5f9aA_antigen.pdb 5f9aC_antibody.pdb
Converting SMILES to graph: 368/500
5f9dA_antigen.pdb 5f9dC_antibody.pdb
Converting SMILES to graph: 369/500
5f9oG_antigen.pdb 5f9oHL_antibody.pdb
Converting SMILES to graph: 370/500
5f9wA_antigen.pdb 5f9wBC_antibody.pdb
Converting SMILES to graph: 371/500
5fb8C_antigen.pdb 5fb8BA_antibody.pdb
Converting SMILES to graph: 372/500
5fcuG_antigen.pdb 5fcuHL_antibody.pdb
Converting SMILES to graph: 373/500
5fecI_antigen.pdb 5fecHL_antibody.pdb
Converting SMILES to graph: 374/500
5fgbG_antigen.pdb 5fgbEB_antibody.pdb
Converting SMILES to graph: 375/500
5fgcA_antigen.pdb 5fgcEB_antibody.pdb
Converting SMILES to graph: 376/500
5fhcJ_antigen.pdb 5fhcAB_antibody.pdb
Converting SMILES to graph: 377/500
5fhxA_antigen.pdb 5fhxH_antibody.pdb
Converting SMILES to graph: 378/500
5fojB_antigen.pdb 5fojA_antibody.pdb
Converting SMILES to graph: 379/500
5fucCB_antigen.pdb 5fucE_antibody.pdb
Converting SMILES to graph: 380/500
5fuuDC_antigen.pdb 5fuuHL_antibody.pdb
Converting SMILES to graph: 381/500
5fv2X_antigen.pdb 5fv2A_antibody.pdb
Converting SMILES to graph: 382/500
5fxcP_antigen.pdb 5fxcHh_antibody.pdb
Converting SMILES to graph: 383/500
5fylB_antigen.pdb 5fylDE_antibody.pdb
Converting SMILES to graph: 384/500
5g5rA_antigen.pdb 5g5rB_antibody.pdb
Converting SMILES to graph: 385/500
5g5xA_antigen.pdb 5g5xB_antibody.pdb
Converting SMILES to graph: 386/500
5g64B_antigen.pdb 5g64IM_antibody.pdb
Converting SMILES to graph: 387/500
5ggrZ_antigen.pdb 5ggrHL_antibody.pdb
Converting SMILES to graph: 388/500
5ggsY_antigen.pdb 5ggsCD_antibody.pdb
Converting SMILES to graph: 389/500
5ggtA_antigen.pdb 5ggtHL_antibody.pdb
Converting SMILES to graph: 390/500
5ggvY_antigen.pdb 5ggvHL_antibody.pdb
Converting SMILES to graph: 391/500
5ghwP_antigen.pdb 5ghwHL_antibody.pdb
Converting SMILES to graph: 392/500
5girD_antigen.pdb 5girAB_antibody.pdb
Converting SMILES to graph: 393/500
5gisC_antigen.pdb 5gisHL_antibody.pdb
Converting SMILES to graph: 394/500
5gjsBA_antigen.pdb 5gjsHL_antibody.pdb
Converting SMILES to graph: 395/500
5gjtBA_antigen.pdb 5gjtHL_antibody.pdb
Converting SMILES to graph: 396/500
5gmqA_antigen.pdb 5gmqBC_antibody.pdb
Converting SMILES to graph: 397/500
5grjA_antigen.pdb 5grjHL_antibody.pdb
Converting SMILES to graph: 398/500
5gruA_antigen.pdb 5gruLl_antibody.pdb
Converting SMILES to graph: 399/500
5gs0A_antigen.pdb 5gs0DC_antibody.pdb
Converting SMILES to graph: 400/500
5gs2A_antigen.pdb 5gs2Hh_antibody.pdb
Converting SMILES to graph: 401/500
5guxBC_antigen.pdb 5guxHL_antibody.pdb
Converting SMILES to graph: 402/500
5gxbA_antigen.pdb 5gxbB_antibody.pdb
Converting SMILES to graph: 403/500
5gznBG_antigen.pdb 5gznCD_antibody.pdb
Converting SMILES to graph: 404/500
5gzoB_antigen.pdb 5gzoCD_antibody.pdb
Converting SMILES to graph: 405/500
5h30C_antigen.pdb 5h30IM_antibody.pdb
Converting SMILES to graph: 406/500
5h32C_antigen.pdb 5h32IM_antibody.pdb
Converting SMILES to graph: 407/500
5h35D_antigen.pdb 5h35HI_antibody.pdb
Converting SMILES to graph: 408/500
5h37B_antigen.pdb 5h37KL_antibody.pdb
Converting SMILES to graph: 409/500
5h8oB_antigen.pdb 5h8oA_antibody.pdb
Converting SMILES to graph: 410/500
5hbtB_antigen.pdb 5hbtDC_antibody.pdb
Converting SMILES to graph: 411/500
5hbvB_antigen.pdb 5hbvDC_antibody.pdb
Converting SMILES to graph: 412/500
5hd8A_antigen.pdb 5hd8CD_antibody.pdb
Converting SMILES to graph: 413/500
5hdbC_antigen.pdb 5hdbEF_antibody.pdb
Converting SMILES to graph: 414/500
5hdqA_antigen.pdb 5hdqHL_antibody.pdb
Converting SMILES to graph: 415/500
5hggA_antigen.pdb 5hggT_antibody.pdb
Converting SMILES to graph: 416/500
5hhvA_antigen.pdb 5hhvHL_antibody.pdb
Converting SMILES to graph: 417/500
5hhxA_antigen.pdb 5hhxHL_antibody.pdb
Converting SMILES to graph: 418/500
5hi3A_antigen.pdb 5hi3CD_antibody.pdb
Converting SMILES to graph: 419/500
5hi4B_antigen.pdb 5hi4CD_antibody.pdb
Converting SMILES to graph: 420/500
5hi5A_antigen.pdb 5hi5CD_antibody.pdb
Converting SMILES to graph: 421/500
5hj3LK_antigen.pdb 5hj3MN_antibody.pdb
Converting SMILES to graph: 422/500
5hm1D_antigen.pdb 5hm1A_antibody.pdb
Converting SMILES to graph: 423/500
5hvfA_antigen.pdb 5hvfB_antibody.pdb
Converting SMILES to graph: 424/500
5hvgA_antigen.pdb 5hvgB_antibody.pdb
Converting SMILES to graph: 425/500
5hvhA_antigen.pdb 5hvhB_antibody.pdb
Converting SMILES to graph: 426/500
5hysG_antigen.pdb 5hysAB_antibody.pdb
Converting SMILES to graph: 427/500
5i5kA_antigen.pdb 5i5kXY_antibody.pdb
Converting SMILES to graph: 428/500
5i6xA_antigen.pdb 5i6xBC_antibody.pdb
Converting SMILES to graph: 429/500
5i6zA_antigen.pdb 5i6zBC_antibody.pdb
Converting SMILES to graph: 430/500
5i71A_antigen.pdb 5i71BC_antibody.pdb
Converting SMILES to graph: 431/500
5i73A_antigen.pdb 5i73BC_antibody.pdb
Converting SMILES to graph: 432/500
5i74A_antigen.pdb 5i74BC_antibody.pdb
Converting SMILES to graph: 433/500
5i75A_antigen.pdb 5i75BC_antibody.pdb
Converting SMILES to graph: 434/500
5i8cC_antigen.pdb 5i8cAB_antibody.pdb
Converting SMILES to graph: 435/500
5i8hD_antigen.pdb 5i8hGH_antibody.pdb
Converting SMILES to graph: 436/500
5i9qA_antigen.pdb 5i9qBC_antibody.pdb
Converting SMILES to graph: 437/500
5iblF_antigen.pdb 5iblCD_antibody.pdb
Converting SMILES to graph: 438/500
5iesC_antigen.pdb 5iesHL_antibody.pdb
Converting SMILES to graph: 439/500
5if0I_antigen.pdb 5if0AB_antibody.pdb
Converting SMILES to graph: 440/500
5ifjL_antigen.pdb 5ifjJK_antibody.pdb
Converting SMILES to graph: 441/500
5ig7I_antigen.pdb 5ig7GH_antibody.pdb
Converting SMILES to graph: 442/500
5igxG_antigen.pdb 5igxHL_antibody.pdb
Converting SMILES to graph: 443/500
5ihlD_antigen.pdb 5ihlE_antibody.pdb
Converting SMILES to graph: 444/500
5ijkY_antigen.pdb 5ijkBD_antibody.pdb
Converting SMILES to graph: 445/500
5ikcM_antigen.pdb 5ikcBA_antibody.pdb
Converting SMILES to graph: 446/500
5imkA_antigen.pdb 5imkB_antibody.pdb
Converting SMILES to graph: 447/500
5imlA_antigen.pdb 5imlB_antibody.pdb
Converting SMILES to graph: 448/500
5immA_antigen.pdb 5immB_antibody.pdb
Converting SMILES to graph: 449/500
5imoA_antigen.pdb 5imoB_antibody.pdb
Converting SMILES to graph: 450/500
5ip4E_antigen.pdb 5ip4A_antibody.pdb
Converting SMILES to graph: 451/500
5iq7P_antigen.pdb 5iq7HL_antibody.pdb
Converting SMILES to graph: 452/500
5iq9P_antigen.pdb 5iq9HL_antibody.pdb
Converting SMILES to graph: 453/500
5ivnB_antigen.pdb 5ivnA_antibody.pdb
Converting SMILES to graph: 454/500
5iwlD_antigen.pdb 5iwlAa_antibody.pdb
Converting SMILES to graph: 455/500
5j13A_antigen.pdb 5j13CB_antibody.pdb
Converting SMILES to graph: 456/500
5j1sAB_antigen.pdb 5j1sC_antibody.pdb
Converting SMILES to graph: 457/500
5j1tAB_antigen.pdb 5j1tC_antibody.pdb
Converting SMILES to graph: 458/500
5j3dKJ_antigen.pdb 5j3dHL_antibody.pdb
Converting SMILES to graph: 459/500
5j3hE_antigen.pdb 5j3hCD_antibody.pdb
Converting SMILES to graph: 460/500
5j56A_antigen.pdb 5j56B_antibody.pdb
Converting SMILES to graph: 461/500
5j57A_antigen.pdb 5j57B_antibody.pdb
Converting SMILES to graph: 462/500
5j75b_antigen.pdb 5j75Aa_antibody.pdb
Converting SMILES to graph: 463/500
5j9pC_antigen.pdb 5j9pAB_antibody.pdb
Converting SMILES to graph: 464/500
5ja8C_antigen.pdb 5ja8D_antibody.pdb
Converting SMILES to graph: 465/500
5ja9D_antigen.pdb 5ja9B_antibody.pdb
Converting SMILES to graph: 466/500
5jdsA_antigen.pdb 5jdsB_antibody.pdb
Converting SMILES to graph: 467/500
5jhlA_antigen.pdb 5jhlHL_antibody.pdb
Converting SMILES to graph: 468/500
5jmoA_antigen.pdb 5jmoC_antibody.pdb
Converting SMILES to graph: 469/500
5jq6A_antigen.pdb 5jq6HL_antibody.pdb
Converting SMILES to graph: 470/500
5jqhB_antigen.pdb 5jqhD_antibody.pdb
Converting SMILES to graph: 471/500
5js9C_antigen.pdb 5js9AB_antibody.pdb
Converting SMILES to graph: 472/500
5jsaCD_antigen.pdb 5jsaEF_antibody.pdb
Converting SMILES to graph: 473/500
5jw3BA_antigen.pdb 5jw3HL_antibody.pdb
Converting SMILES to graph: 474/500
5jw4LK_antigen.pdb 5jw4WX_antibody.pdb
Converting SMILES to graph: 475/500
5jxeB_antigen.pdb 5jxeDC_antibody.pdb
Converting SMILES to graph: 476/500
5jylC_antigen.pdb 5jylDd_antibody.pdb
Converting SMILES to graph: 477/500
5jymC_antigen.pdb 5jymDd_antibody.pdb
Converting SMILES to graph: 478/500
5jz7B_antigen.pdb 5jz7HL_antibody.pdb
Converting SMILES to graph: 479/500
5k59B_antigen.pdb 5k59EF_antibody.pdb
Converting SMILES to graph: 480/500
5k9kF_antigen.pdb 5k9kHL_antibody.pdb
Converting SMILES to graph: 481/500
5k9oI_antigen.pdb 5k9oHL_antibody.pdb
Converting SMILES to graph: 482/500
5k9qPQ_antigen.pdb 5k9qUV_antibody.pdb
Converting SMILES to graph: 483/500
5kanBC_antigen.pdb 5kanHL_antibody.pdb
Converting SMILES to graph: 484/500
5kaqC_antigen.pdb 5kaqFG_antibody.pdb
Converting SMILES to graph: 485/500
5kelI_antigen.pdb 5kelQU_antibody.pdb
Converting SMILES to graph: 486/500
5kemF_antigen.pdb 5kemIJ_antibody.pdb
Converting SMILES to graph: 487/500
5kenK_antigen.pdb 5kenQP_antibody.pdb
Converting SMILES to graph: 488/500
5kjrG_antigen.pdb 5kjrHL_antibody.pdb
Converting SMILES to graph: 489/500
5kn5F_antigen.pdb 5kn5DE_antibody.pdb
Converting SMILES to graph: 490/500
5kovA_antigen.pdb 5kovCc_antibody.pdb
Converting SMILES to graph: 491/500
5kqvF_antigen.pdb 5kqvPQ_antibody.pdb
Converting SMILES to graph: 492/500
5kteA_antigen.pdb 5kteHL_antibody.pdb
Converting SMILES to graph: 493/500
5ktz3_antigen.pdb 5ktz7_antibody.pdb
Converting SMILES to graph: 494/500
5ku03_antigen.pdb 5ku07_antibody.pdb
Converting SMILES to graph: 495/500
5ku23_antigen.pdb 5ku27_antibody.pdb
Converting SMILES to graph: 496/500
5kvdE_antigen.pdb 5kvdHL_antibody.pdb
Converting SMILES to graph: 497/500
5kveE_antigen.pdb 5kveHL_antibody.pdb
Converting SMILES to graph: 498/500
5kvfE_antigen.pdb 5kvfHL_antibody.pdb
Converting SMILES to graph: 499/500
5kvgE_antigen.pdb 5kvgHL_antibody.pdb
Converting SMILES to graph: 500/500
5kw9A_antigen.pdb 5kw9HL_antibody.pdb
Graph construction done. Saving to file.
